[2026-03-06T07:55:25.466+0000] {local_task_job_runner.py:120} INFO - ::group::Pre task execution logs
[2026-03-06T07:55:25.566+0000] {taskinstance.py:2076} INFO - Dependencies all met for dep_context=non-requeueable deps ti=<TaskInstance: deployment_workflow.create_airflow_connections manual__2026-03-06T07:32:12.379062 [queued]>
[2026-03-06T07:55:25.605+0000] {taskinstance.py:2076} INFO - Dependencies all met for dep_context=requeueable deps ti=<TaskInstance: deployment_workflow.create_airflow_connections manual__2026-03-06T07:32:12.379062 [queued]>
[2026-03-06T07:55:25.609+0000] {taskinstance.py:2306} INFO - Starting attempt 1 of 2
[2026-03-06T07:55:25.697+0000] {taskinstance.py:2330} INFO - Executing <Task(PythonOperator): create_airflow_connections> on 2026-03-06 07:32:13.460081+00:00
[2026-03-06T07:55:25.730+0000] {warnings.py:110} WARNING - /home/***/.local/lib/python3.12/site-packages/***/task/task_runner/standard_task_runner.py:61: DeprecationWarning: This process (pid=362) is multi-threaded, use of fork() may lead to deadlocks in the child.
  pid = os.fork()

[2026-03-06T07:55:25.734+0000] {standard_task_runner.py:90} INFO - Running: ['***', 'tasks', 'run', 'deployment_workflow', 'create_***_connections', 'manual__2026-03-06T07:32:12.379062', '--job-id', '57', '--raw', '--subdir', 'DAGS_FOLDER/deployment_workflow.py', '--cfg-path', '/tmp/tmpjqc00eow']
[2026-03-06T07:55:25.764+0000] {standard_task_runner.py:63} INFO - Started process 373 to run task
[2026-03-06T07:55:25.779+0000] {standard_task_runner.py:91} INFO - Job 57: Subtask create_***_connections
[2026-03-06T07:55:26.148+0000] {task_command.py:426} INFO - Running <TaskInstance: deployment_workflow.create_airflow_connections manual__2026-03-06T07:32:12.379062 [running]> on host 7ab5aef854fa
[2026-03-06T07:55:26.761+0000] {taskinstance.py:2648} INFO - Exporting env vars: AIRFLOW_CTX_DAG_OWNER='***' AIRFLOW_CTX_DAG_ID='deployment_workflow' AIRFLOW_CTX_TASK_ID='create_***_connections' AIRFLOW_CTX_EXECUTION_DATE='2026-03-06T07:32:13.460081+00:00' AIRFLOW_CTX_TRY_NUMBER='1' AIRFLOW_CTX_DAG_RUN_ID='manual__2026-03-06T07:32:12.379062'
[2026-03-06T07:55:26.771+0000] {taskinstance.py:430} INFO - ::endgroup::
[2026-03-06T07:55:26.777+0000] {python.py:237} INFO - Done. Returned value was: []
[2026-03-06T07:55:26.778+0000] {taskinstance.py:441} INFO - ::group::Post task execution logs
[2026-03-06T07:55:27.197+0000] {taskinstance.py:1206} INFO - Marking task as SUCCESS. dag_id=deployment_workflow, task_id=create_***_connections, run_id=manual__2026-03-06T07:32:12.379062, execution_date=20260306T073213, start_date=20260306T075525, end_date=20260306T075527
[2026-03-06T07:55:27.709+0000] {local_task_job_runner.py:240} INFO - Task exited with return code 0
[2026-03-06T07:55:28.005+0000] {abstractoperator.py:588} INFO - Marking <TaskInstance: deployment_workflow.run_hostname manual__2026-03-06T07:32:12.379062 [None]> as SKIPPED since the map has 0 values to expand
[2026-03-06T07:55:28.068+0000] {taskinstance.py:3498} INFO - 0 downstream tasks scheduled from follow-on schedule check
[2026-03-06T07:55:28.109+0000] {local_task_job_runner.py:222} INFO - ::endgroup::
