[2026-03-23T13:52:43.994+0000] {local_task_job_runner.py:120} INFO - ::group::Pre task execution logs
[2026-03-23T13:52:44.284+0000] {taskinstance.py:2076} INFO - Dependencies all met for dep_context=non-requeueable deps ti=<TaskInstance: deployment_workflow.simulate_postcheck_error manual__2026-03-23T13:51:55.822941 map_index=0 [queued]>
[2026-03-23T13:52:44.550+0000] {taskinstance.py:2076} INFO - Dependencies all met for dep_context=requeueable deps ti=<TaskInstance: deployment_workflow.simulate_postcheck_error manual__2026-03-23T13:51:55.822941 map_index=0 [queued]>
[2026-03-23T13:52:44.558+0000] {taskinstance.py:2306} INFO - Starting attempt 1 of 1
[2026-03-23T13:52:44.721+0000] {taskinstance.py:2330} INFO - Executing <Mapped(SSHOperator): simulate_postcheck_error> on 2026-03-23 13:51:59.793265+00:00
[2026-03-23T13:52:44.780+0000] {warnings.py:110} WARNING - /home/***/.local/lib/python3.12/site-packages/***/task/task_runner/standard_task_runner.py:61: DeprecationWarning: This process (pid=1150) is multi-threaded, use of fork() may lead to deadlocks in the child.
  pid = os.fork()

[2026-03-23T13:52:44.795+0000] {standard_task_runner.py:63} INFO - Started process 1166 to run task
[2026-03-23T13:52:44.824+0000] {standard_task_runner.py:90} INFO - Running: ['***', 'tasks', 'run', 'deployment_workflow', 'simulate_postcheck_error', 'manual__2026-03-23T13:51:55.822941', '--job-id', '322', '--raw', '--subdir', 'DAGS_FOLDER/deployment_workflow.py', '--cfg-path', '/tmp/tmp6a75kxbr', '--map-index', '0']
[2026-03-23T13:52:44.849+0000] {standard_task_runner.py:91} INFO - Job 322: Subtask simulate_postcheck_error
[2026-03-23T13:52:45.320+0000] {task_command.py:426} INFO - Running <TaskInstance: deployment_workflow.simulate_postcheck_error manual__2026-03-23T13:51:55.822941 map_index=0 [running]> on host 7ee527dcce31
[2026-03-23T13:52:45.880+0000] {taskinstance.py:2648} INFO - Exporting env vars: AIRFLOW_CTX_DAG_OWNER='***' AIRFLOW_CTX_DAG_ID='deployment_workflow' AIRFLOW_CTX_TASK_ID='simulate_postcheck_error' AIRFLOW_CTX_EXECUTION_DATE='2026-03-23T13:51:59.793265+00:00' AIRFLOW_CTX_TRY_NUMBER='1' AIRFLOW_CTX_DAG_RUN_ID='manual__2026-03-23T13:51:55.822941'
[2026-03-23T13:52:45.903+0000] {taskinstance.py:430} INFO - ::endgroup::
[2026-03-23T13:52:45.917+0000] {ssh.py:151} INFO - Creating ssh_client
[2026-03-23T13:52:45.933+0000] {ssh.py:124} INFO - ssh_hook is not provided or invalid. Trying ssh_conn_id to create SSHHook.
[2026-03-23T13:52:45.968+0000] {base.py:84} INFO - Using connection ID 'worker_node_192_168_1_2' for task execution.
[2026-03-23T13:52:45.985+0000] {ssh.py:301} WARNING - No Host Key Verification. This won't protect against Man-In-The-Middle attacks
[2026-03-23T13:52:46.242+0000] {transport.py:1909} INFO - Connected (version 2.0, client OpenSSH_8.9p1)
[2026-03-23T13:52:46.671+0000] {transport.py:1909} INFO - Authentication (password) successful!
[2026-03-23T13:52:46.697+0000] {ssh.py:480} INFO - Running command: set -e; echo 'Simulating realistic post-deployment validation failure...'; curl -fsS http://127.0.0.1:9005/minio/health/live
[2026-03-23T13:52:47.498+0000] {ssh.py:526} INFO - Simulating realistic post-deployment validation failure...
[2026-03-23T13:52:47.525+0000] {ssh.py:526} INFO - c
[2026-03-23T13:52:47.532+0000] {ssh.py:526} INFO - url: (7) Fai
[2026-03-23T13:52:47.629+0000] {ssh.py:526} INFO - led to connect to 127.0.0.1 port 9005 after 0 ms: Connect
[2026-03-23T13:52:47.639+0000] {ssh.py:526} INFO - ion refused
[2026-03-23T13:52:47.877+0000] {taskinstance.py:441} INFO - ::group::Post task execution logs
[2026-03-23T13:52:47.919+0000] {taskinstance.py:2905} ERROR - Task failed with exception
Traceback (most recent call last):
  File "/home/airflow/.local/lib/python3.12/site-packages/airflow/models/taskinstance.py", line 465, in _execute_task
    result = _execute_callable(context=context, **execute_callable_kwargs)
             ^^^^^^^^^^^^^^^^^^^^^^^^^^^^^^^^^^^^^^^^^^^^^^^^^^^^^^^^^^^^^
  File "/home/airflow/.local/lib/python3.12/site-packages/airflow/models/taskinstance.py", line 432, in _execute_callable
    return execute_callable(context=context, **execute_callable_kwargs)
           ^^^^^^^^^^^^^^^^^^^^^^^^^^^^^^^^^^^^^^^^^^^^^^^^^^^^^^^^^^^^
  File "/home/airflow/.local/lib/python3.12/site-packages/airflow/models/baseoperator.py", line 400, in wrapper
    return func(self, *args, **kwargs)
           ^^^^^^^^^^^^^^^^^^^^^^^^^^^
  File "/home/airflow/.local/lib/python3.12/site-packages/airflow/providers/ssh/operators/ssh.py", line 191, in execute
    result = self.run_ssh_client_command(ssh_client, self.command, context=context)
             ^^^^^^^^^^^^^^^^^^^^^^^^^^^^^^^^^^^^^^^^^^^^^^^^^^^^^^^^^^^^^^^^^^^^^^
  File "/home/airflow/.local/lib/python3.12/site-packages/airflow/providers/ssh/operators/ssh.py", line 179, in run_ssh_client_command
    self.raise_for_status(exit_status, agg_stderr, context=context)
  File "/home/airflow/.local/lib/python3.12/site-packages/airflow/providers/ssh/operators/ssh.py", line 173, in raise_for_status
    raise AirflowException(f"SSH operator error: exit status = {exit_status}")
airflow.exceptions.AirflowException: SSH operator error: exit status = 7
[2026-03-23T13:52:47.970+0000] {taskinstance.py:1206} INFO - Marking task as FAILED. dag_id=deployment_workflow, task_id=simulate_postcheck_error, run_id=manual__2026-03-23T13:51:55.822941, map_index=0, execution_date=20260323T135159, start_date=20260323T135244, end_date=20260323T135247
[2026-03-23T13:52:48.159+0000] {standard_task_runner.py:110} ERROR - Failed to execute job 322 for task simulate_postcheck_error (SSH operator error: exit status = 7; 1166)
[2026-03-23T13:52:48.234+0000] {local_task_job_runner.py:240} INFO - Task exited with return code 1
[2026-03-23T13:52:48.396+0000] {taskinstance.py:3498} INFO - 0 downstream tasks scheduled from follow-on schedule check
[2026-03-23T13:52:48.402+0000] {local_task_job_runner.py:222} INFO - ::endgroup::
