[2026-03-06T13:09:48.736+0000] {local_task_job_runner.py:120} INFO - ::group::Pre task execution logs
[2026-03-06T13:09:48.816+0000] {taskinstance.py:2076} INFO - Dependencies all met for dep_context=non-requeueable deps ti=<TaskInstance: deployment_workflow.run_hostname manual__2026-03-06T13:08:37.940097 map_index=0 [queued]>
[2026-03-06T13:09:48.848+0000] {taskinstance.py:2076} INFO - Dependencies all met for dep_context=requeueable deps ti=<TaskInstance: deployment_workflow.run_hostname manual__2026-03-06T13:08:37.940097 map_index=0 [queued]>
[2026-03-06T13:09:48.850+0000] {taskinstance.py:2306} INFO - Starting attempt 1 of 1
[2026-03-06T13:09:48.892+0000] {taskinstance.py:2330} INFO - Executing <Mapped(SSHOperator): run_hostname> on 2026-03-06 13:08:43.673118+00:00
[2026-03-06T13:09:48.929+0000] {standard_task_runner.py:90} INFO - Running: ['***', 'tasks', 'run', 'deployment_workflow', 'run_hostname', 'manual__2026-03-06T13:08:37.940097', '--job-id', '115', '--raw', '--subdir', 'DAGS_FOLDER/deployment_workflow.py', '--cfg-path', '/tmp/tmpak5gl2e2', '--map-index', '0']
[2026-03-06T13:09:48.924+0000] {warnings.py:110} WARNING - /home/***/.local/lib/python3.12/site-packages/***/task/task_runner/standard_task_runner.py:61: DeprecationWarning: This process (pid=621) is multi-threaded, use of fork() may lead to deadlocks in the child.
  pid = os.fork()

[2026-03-06T13:09:48.943+0000] {standard_task_runner.py:63} INFO - Started process 623 to run task
[2026-03-06T13:09:48.935+0000] {standard_task_runner.py:91} INFO - Job 115: Subtask run_hostname
[2026-03-06T13:09:49.123+0000] {task_command.py:426} INFO - Running <TaskInstance: deployment_workflow.run_hostname manual__2026-03-06T13:08:37.940097 map_index=0 [running]> on host 7ab5aef854fa
[2026-03-06T13:09:49.422+0000] {taskinstance.py:2648} INFO - Exporting env vars: AIRFLOW_CTX_DAG_OWNER='***' AIRFLOW_CTX_DAG_ID='deployment_workflow' AIRFLOW_CTX_TASK_ID='run_hostname' AIRFLOW_CTX_EXECUTION_DATE='2026-03-06T13:08:43.673118+00:00' AIRFLOW_CTX_TRY_NUMBER='1' AIRFLOW_CTX_DAG_RUN_ID='manual__2026-03-06T13:08:37.940097'
[2026-03-06T13:09:49.426+0000] {taskinstance.py:430} INFO - ::endgroup::
[2026-03-06T13:09:49.427+0000] {ssh.py:151} INFO - Creating ssh_client
[2026-03-06T13:09:49.429+0000] {ssh.py:124} INFO - ssh_hook is not provided or invalid. Trying ssh_conn_id to create SSHHook.
[2026-03-06T13:09:49.454+0000] {base.py:84} INFO - Using connection ID 'worker_node_192_168_1_5' for task execution.
[2026-03-06T13:09:49.458+0000] {ssh.py:301} WARNING - No Host Key Verification. This won't protect against Man-In-The-Middle attacks
[2026-03-06T13:09:50.022+0000] {transport.py:1909} INFO - Connected (version 2.0, client OpenSSH_for_Windows_9.5)
[2026-03-06T13:09:50.877+0000] {transport.py:1909} INFO - Authentication (password) successful!
[2026-03-06T13:09:50.886+0000] {ssh.py:480} INFO - Running command: hostname && whoami && powershell -command Get-Date
[2026-03-06T13:09:51.565+0000] {ssh.py:526} INFO - LAPTOP-9CCR53BI
[2026-03-06T13:09:51.566+0000] {ssh.py:526} INFO - 
[2026-03-06T13:09:51.604+0000] {ssh.py:526} INFO - laptop-9ccr53bi\sshuser
[2026-03-06T13:09:52.482+0000] {ssh.py:526} INFO - 
[2026-03-06T13:09:52.659+0000] {ssh.py:526} INFO - 06 March 2026 18:40:00
[2026-03-06T13:09:52.659+0000] {ssh.py:526} INFO - 
[2026-03-06T13:09:52.660+0000] {ssh.py:526} INFO - 
[2026-03-06T13:09:53.666+0000] {taskinstance.py:441} INFO - ::group::Post task execution logs
[2026-03-06T13:09:55.318+0000] {taskinstance.py:1206} INFO - Marking task as SUCCESS. dag_id=deployment_workflow, task_id=run_hostname, run_id=manual__2026-03-06T13:08:37.940097, map_index=0, execution_date=20260306T130843, start_date=20260306T130948, end_date=20260306T130955
[2026-03-06T13:09:55.459+0000] {local_task_job_runner.py:240} INFO - Task exited with return code 0
[2026-03-06T13:09:55.528+0000] {taskinstance.py:3498} INFO - 0 downstream tasks scheduled from follow-on schedule check
[2026-03-06T13:09:55.607+0000] {local_task_job_runner.py:222} INFO - ::endgroup::
