[2026-03-20T12:20:30.587+0000] {local_task_job_runner.py:120} INFO - ::group::Pre task execution logs
[2026-03-20T12:20:30.610+0000] {taskinstance.py:2076} INFO - Dependencies all met for dep_context=non-requeueable deps ti=<TaskInstance: deployment_workflow.create_airflow_connections manual__2026-03-20T12:20:21.635548 [queued]>
[2026-03-20T12:20:30.622+0000] {taskinstance.py:2076} INFO - Dependencies all met for dep_context=requeueable deps ti=<TaskInstance: deployment_workflow.create_airflow_connections manual__2026-03-20T12:20:21.635548 [queued]>
[2026-03-20T12:20:30.623+0000] {taskinstance.py:2306} INFO - Starting attempt 1 of 1
[2026-03-20T12:20:30.650+0000] {taskinstance.py:2330} INFO - Executing <Task(PythonOperator): create_airflow_connections> on 2026-03-20 12:20:22.541005+00:00
[2026-03-20T12:20:30.661+0000] {warnings.py:110} WARNING - /home/***/.local/lib/python3.12/site-packages/***/task/task_runner/standard_task_runner.py:61: DeprecationWarning: This process (pid=533) is multi-threaded, use of fork() may lead to deadlocks in the child.
  pid = os.fork()

[2026-03-20T12:20:30.664+0000] {standard_task_runner.py:63} INFO - Started process 535 to run task
[2026-03-20T12:20:30.664+0000] {standard_task_runner.py:90} INFO - Running: ['***', 'tasks', 'run', 'deployment_workflow', 'create_***_connections', 'manual__2026-03-20T12:20:21.635548', '--job-id', '253', '--raw', '--subdir', 'DAGS_FOLDER/deployment_workflow.py', '--cfg-path', '/tmp/tmp_8y_bu8r']
[2026-03-20T12:20:30.667+0000] {standard_task_runner.py:91} INFO - Job 253: Subtask create_***_connections
[2026-03-20T12:20:30.739+0000] {task_command.py:426} INFO - Running <TaskInstance: deployment_workflow.create_airflow_connections manual__2026-03-20T12:20:21.635548 [running]> on host 7ee527dcce31
[2026-03-20T12:20:30.868+0000] {taskinstance.py:2648} INFO - Exporting env vars: AIRFLOW_CTX_DAG_OWNER='***' AIRFLOW_CTX_DAG_ID='deployment_workflow' AIRFLOW_CTX_TASK_ID='create_***_connections' AIRFLOW_CTX_EXECUTION_DATE='2026-03-20T12:20:22.541005+00:00' AIRFLOW_CTX_TRY_NUMBER='1' AIRFLOW_CTX_DAG_RUN_ID='manual__2026-03-20T12:20:21.635548'
[2026-03-20T12:20:30.871+0000] {taskinstance.py:430} INFO - ::endgroup::
[2026-03-20T12:20:30.901+0000] {logging_mixin.py:188} INFO - Connection already exists: worker_node_192_168_1_2
[2026-03-20T12:20:30.904+0000] {python.py:237} INFO - Done. Returned value was: ['worker_node_192_168_1_2']
[2026-03-20T12:20:30.904+0000] {taskinstance.py:441} INFO - ::group::Post task execution logs
[2026-03-20T12:20:30.941+0000] {taskinstance.py:1206} INFO - Marking task as SUCCESS. dag_id=deployment_workflow, task_id=create_***_connections, run_id=manual__2026-03-20T12:20:21.635548, execution_date=20260320T122022, start_date=20260320T122030, end_date=20260320T122030
[2026-03-20T12:20:31.001+0000] {local_task_job_runner.py:240} INFO - Task exited with return code 0
[2026-03-20T12:20:31.269+0000] {taskinstance.py:3498} INFO - 4 downstream tasks scheduled from follow-on schedule check
[2026-03-20T12:20:31.274+0000] {local_task_job_runner.py:222} INFO - ::endgroup::
