[2026-03-05T19:31:55.180+0000] {local_task_job_runner.py:120} INFO - ::group::Pre task execution logs
[2026-03-05T19:31:55.245+0000] {taskinstance.py:2076} INFO - Dependencies all met for dep_context=non-requeueable deps ti=<TaskInstance: deployment_workflow.hostname_localhost manual__2026-03-05T19:25:53.692149 [queued]>
[2026-03-05T19:31:55.282+0000] {taskinstance.py:2076} INFO - Dependencies all met for dep_context=requeueable deps ti=<TaskInstance: deployment_workflow.hostname_localhost manual__2026-03-05T19:25:53.692149 [queued]>
[2026-03-05T19:31:55.284+0000] {taskinstance.py:2306} INFO - Starting attempt 2 of 2
[2026-03-05T19:31:55.370+0000] {taskinstance.py:2330} INFO - Executing <Task(SSHOperator): hostname_localhost> on 2026-03-05 19:27:16.740419+00:00
[2026-03-05T19:31:55.424+0000] {warnings.py:110} WARNING - /home/***/.local/lib/python3.12/site-packages/***/task/task_runner/standard_task_runner.py:61: DeprecationWarning: This process (pid=3072) is multi-threaded, use of fork() may lead to deadlocks in the child.
  pid = os.fork()

[2026-03-05T19:31:55.436+0000] {standard_task_runner.py:63} INFO - Started process 3074 to run task
[2026-03-05T19:31:55.425+0000] {standard_task_runner.py:90} INFO - Running: ['***', 'tasks', 'run', 'deployment_workflow', 'hostname_localhost', 'manual__2026-03-05T19:25:53.692149', '--job-id', '38', '--raw', '--subdir', 'DAGS_FOLDER/deployment_workflow.py', '--cfg-path', '/tmp/tmpc74xl74f']
[2026-03-05T19:31:55.470+0000] {standard_task_runner.py:91} INFO - Job 38: Subtask hostname_localhost
[2026-03-05T19:31:56.048+0000] {task_command.py:426} INFO - Running <TaskInstance: deployment_workflow.hostname_localhost manual__2026-03-05T19:25:53.692149 [running]> on host 7ab5aef854fa
[2026-03-05T19:31:56.461+0000] {taskinstance.py:2648} INFO - Exporting env vars: AIRFLOW_CTX_DAG_OWNER='***' AIRFLOW_CTX_DAG_ID='deployment_workflow' AIRFLOW_CTX_TASK_ID='hostname_localhost' AIRFLOW_CTX_EXECUTION_DATE='2026-03-05T19:27:16.740419+00:00' AIRFLOW_CTX_TRY_NUMBER='2' AIRFLOW_CTX_DAG_RUN_ID='manual__2026-03-05T19:25:53.692149'
[2026-03-05T19:31:56.465+0000] {taskinstance.py:430} INFO - ::endgroup::
[2026-03-05T19:31:56.467+0000] {ssh.py:151} INFO - Creating ssh_client
[2026-03-05T19:31:56.468+0000] {ssh.py:124} INFO - ssh_hook is not provided or invalid. Trying ssh_conn_id to create SSHHook.
[2026-03-05T19:31:56.488+0000] {taskinstance.py:441} INFO - ::group::Post task execution logs
[2026-03-05T19:31:56.508+0000] {taskinstance.py:2905} ERROR - Task failed with exception
Traceback (most recent call last):
  File "/home/airflow/.local/lib/python3.12/site-packages/airflow/models/taskinstance.py", line 465, in _execute_task
    result = _execute_callable(context=context, **execute_callable_kwargs)
             ^^^^^^^^^^^^^^^^^^^^^^^^^^^^^^^^^^^^^^^^^^^^^^^^^^^^^^^^^^^^^
  File "/home/airflow/.local/lib/python3.12/site-packages/airflow/models/taskinstance.py", line 432, in _execute_callable
    return execute_callable(context=context, **execute_callable_kwargs)
           ^^^^^^^^^^^^^^^^^^^^^^^^^^^^^^^^^^^^^^^^^^^^^^^^^^^^^^^^^^^^
  File "/home/airflow/.local/lib/python3.12/site-packages/airflow/models/baseoperator.py", line 400, in wrapper
    return func(self, *args, **kwargs)
           ^^^^^^^^^^^^^^^^^^^^^^^^^^^
  File "/home/airflow/.local/lib/python3.12/site-packages/airflow/providers/ssh/operators/ssh.py", line 190, in execute
    with self.get_ssh_client() as ssh_client:
         ^^^^^^^^^^^^^^^^^^^^^
  File "/home/airflow/.local/lib/python3.12/site-packages/airflow/providers/ssh/operators/ssh.py", line 152, in get_ssh_client
    return self.hook.get_conn()
           ^^^^^^^^^
  File "/home/airflow/.local/lib/python3.12/site-packages/airflow/providers/ssh/operators/ssh.py", line 143, in hook
    return self.ssh_hook
           ^^^^^^^^^^^^^
  File "/usr/local/lib/python3.12/functools.py", line 995, in __get__
    val = self.func(instance)
          ^^^^^^^^^^^^^^^^^^^
  File "/home/airflow/.local/lib/python3.12/site-packages/airflow/providers/ssh/operators/ssh.py", line 125, in ssh_hook
    hook = SSHHook(
           ^^^^^^^^
  File "/home/airflow/.local/lib/python3.12/site-packages/airflow/providers/ssh/hooks/ssh.py", line 152, in __init__
    conn = self.get_connection(self.ssh_conn_id)
           ^^^^^^^^^^^^^^^^^^^^^^^^^^^^^^^^^^^^^
  File "/home/airflow/.local/lib/python3.12/site-packages/airflow/hooks/base.py", line 83, in get_connection
    conn = Connection.get_connection_from_secrets(conn_id)
           ^^^^^^^^^^^^^^^^^^^^^^^^^^^^^^^^^^^^^^^^^^^^^^^
  File "/home/airflow/.local/lib/python3.12/site-packages/airflow/models/connection.py", line 519, in get_connection_from_secrets
    raise AirflowNotFoundException(f"The conn_id `{conn_id}` isn't defined")
airflow.exceptions.AirflowNotFoundException: The conn_id `worker_node_127_0_0_1` isn't defined
[2026-03-05T19:31:56.537+0000] {taskinstance.py:1206} INFO - Marking task as FAILED. dag_id=deployment_workflow, task_id=hostname_localhost, run_id=manual__2026-03-05T19:25:53.692149, execution_date=20260305T192716, start_date=20260305T193155, end_date=20260305T193156
[2026-03-05T19:31:56.600+0000] {standard_task_runner.py:110} ERROR - Failed to execute job 38 for task hostname_localhost (The conn_id `worker_node_127_0_0_1` isn't defined; 3074)
[2026-03-05T19:31:56.670+0000] {local_task_job_runner.py:240} INFO - Task exited with return code 1
[2026-03-05T19:31:56.726+0000] {taskinstance.py:3498} INFO - 0 downstream tasks scheduled from follow-on schedule check
[2026-03-05T19:31:56.744+0000] {local_task_job_runner.py:222} INFO - ::endgroup::
