[2026-03-06T12:43:07.170+0000] {local_task_job_runner.py:120} INFO - ::group::Pre task execution logs
[2026-03-06T12:43:07.328+0000] {taskinstance.py:2076} INFO - Dependencies all met for dep_context=non-requeueable deps ti=<TaskInstance: deployment_workflow.run_hostname manual__2026-03-06T12:42:30.209500 map_index=0 [queued]>
[2026-03-06T12:43:07.422+0000] {taskinstance.py:2076} INFO - Dependencies all met for dep_context=requeueable deps ti=<TaskInstance: deployment_workflow.run_hostname manual__2026-03-06T12:42:30.209500 map_index=0 [queued]>
[2026-03-06T12:43:07.437+0000] {taskinstance.py:2306} INFO - Starting attempt 1 of 1
[2026-03-06T12:43:07.538+0000] {taskinstance.py:2330} INFO - Executing <Mapped(SSHOperator): run_hostname> on 2026-03-06 12:42:31.260379+00:00
[2026-03-06T12:43:07.599+0000] {warnings.py:110} WARNING - /home/***/.local/lib/python3.12/site-packages/***/task/task_runner/standard_task_runner.py:61: DeprecationWarning: This process (pid=284) is multi-threaded, use of fork() may lead to deadlocks in the child.
  pid = os.fork()

[2026-03-06T12:43:07.613+0000] {standard_task_runner.py:63} INFO - Started process 286 to run task
[2026-03-06T12:43:07.614+0000] {standard_task_runner.py:90} INFO - Running: ['***', 'tasks', 'run', 'deployment_workflow', 'run_hostname', 'manual__2026-03-06T12:42:30.209500', '--job-id', '104', '--raw', '--subdir', 'DAGS_FOLDER/deployment_workflow.py', '--cfg-path', '/tmp/tmpzucxjxrh', '--map-index', '0']
[2026-03-06T12:43:07.628+0000] {standard_task_runner.py:91} INFO - Job 104: Subtask run_hostname
[2026-03-06T12:43:07.816+0000] {task_command.py:426} INFO - Running <TaskInstance: deployment_workflow.run_hostname manual__2026-03-06T12:42:30.209500 map_index=0 [running]> on host 7ab5aef854fa
[2026-03-06T12:43:08.013+0000] {taskinstance.py:2648} INFO - Exporting env vars: AIRFLOW_CTX_DAG_OWNER='***' AIRFLOW_CTX_DAG_ID='deployment_workflow' AIRFLOW_CTX_TASK_ID='run_hostname' AIRFLOW_CTX_EXECUTION_DATE='2026-03-06T12:42:31.260379+00:00' AIRFLOW_CTX_TRY_NUMBER='1' AIRFLOW_CTX_DAG_RUN_ID='manual__2026-03-06T12:42:30.209500'
[2026-03-06T12:43:08.017+0000] {taskinstance.py:430} INFO - ::endgroup::
[2026-03-06T12:43:08.020+0000] {ssh.py:151} INFO - Creating ssh_client
[2026-03-06T12:43:08.020+0000] {ssh.py:124} INFO - ssh_hook is not provided or invalid. Trying ssh_conn_id to create SSHHook.
[2026-03-06T12:43:08.038+0000] {base.py:84} INFO - Using connection ID 'worker_node_192_168_1_5' for task execution.
[2026-03-06T12:43:08.039+0000] {ssh.py:301} WARNING - No Host Key Verification. This won't protect against Man-In-The-Middle attacks
[2026-03-06T12:43:08.201+0000] {transport.py:1909} INFO - Connected (version 2.0, client OpenSSH_for_Windows_9.5)
[2026-03-06T12:43:08.428+0000] {transport.py:1909} INFO - Authentication (password) successful!
[2026-03-06T12:43:08.429+0000] {ssh.py:480} INFO - Running command: hostname && echo 'User:' $(whoami) && date
[2026-03-06T12:43:08.962+0000] {ssh.py:526} INFO - LAPTOP-9CCR53BI
[2026-03-06T12:43:08.964+0000] {ssh.py:526} INFO - 
[2026-03-06T12:43:08.966+0000] {ssh.py:526} INFO - 'User:' $(whoami) 
[2026-03-06T12:43:08.967+0000] {ssh.py:526} INFO - The current date is: 06-03-2026 
[2026-03-06T12:43:08.981+0000] {ssh.py:526} INFO - Enter the new date: (dd-mm-yy) 
[2026-03-06T12:43:09.025+0000] {taskinstance.py:441} INFO - ::group::Post task execution logs
[2026-03-06T12:43:09.037+0000] {taskinstance.py:2905} ERROR - Task failed with exception
Traceback (most recent call last):
  File "/home/airflow/.local/lib/python3.12/site-packages/airflow/models/taskinstance.py", line 465, in _execute_task
    result = _execute_callable(context=context, **execute_callable_kwargs)
             ^^^^^^^^^^^^^^^^^^^^^^^^^^^^^^^^^^^^^^^^^^^^^^^^^^^^^^^^^^^^^
  File "/home/airflow/.local/lib/python3.12/site-packages/airflow/models/taskinstance.py", line 432, in _execute_callable
    return execute_callable(context=context, **execute_callable_kwargs)
           ^^^^^^^^^^^^^^^^^^^^^^^^^^^^^^^^^^^^^^^^^^^^^^^^^^^^^^^^^^^^
  File "/home/airflow/.local/lib/python3.12/site-packages/airflow/models/baseoperator.py", line 400, in wrapper
    return func(self, *args, **kwargs)
           ^^^^^^^^^^^^^^^^^^^^^^^^^^^
  File "/home/airflow/.local/lib/python3.12/site-packages/airflow/providers/ssh/operators/ssh.py", line 191, in execute
    result = self.run_ssh_client_command(ssh_client, self.command, context=context)
             ^^^^^^^^^^^^^^^^^^^^^^^^^^^^^^^^^^^^^^^^^^^^^^^^^^^^^^^^^^^^^^^^^^^^^^
  File "/home/airflow/.local/lib/python3.12/site-packages/airflow/providers/ssh/operators/ssh.py", line 179, in run_ssh_client_command
    self.raise_for_status(exit_status, agg_stderr, context=context)
  File "/home/airflow/.local/lib/python3.12/site-packages/airflow/providers/ssh/operators/ssh.py", line 173, in raise_for_status
    raise AirflowException(f"SSH operator error: exit status = {exit_status}")
airflow.exceptions.AirflowException: SSH operator error: exit status = 1
[2026-03-06T12:43:09.044+0000] {taskinstance.py:1206} INFO - Marking task as FAILED. dag_id=deployment_workflow, task_id=run_hostname, run_id=manual__2026-03-06T12:42:30.209500, map_index=0, execution_date=20260306T124231, start_date=20260306T124307, end_date=20260306T124309
[2026-03-06T12:43:09.067+0000] {standard_task_runner.py:110} ERROR - Failed to execute job 104 for task run_hostname (SSH operator error: exit status = 1; 286)
[2026-03-06T12:43:09.090+0000] {local_task_job_runner.py:240} INFO - Task exited with return code 1
[2026-03-06T12:43:09.110+0000] {taskinstance.py:3498} INFO - 0 downstream tasks scheduled from follow-on schedule check
[2026-03-06T12:43:09.115+0000] {local_task_job_runner.py:222} INFO - ::endgroup::
