[2026-03-20T13:31:49.647+0000] {local_task_job_runner.py:120} INFO - ::group::Pre task execution logs
[2026-03-20T13:31:49.664+0000] {taskinstance.py:2076} INFO - Dependencies all met for dep_context=non-requeueable deps ti=<TaskInstance: deployment_workflow.get_worker_nodes manual__2026-03-20T13:31:45.561415 [queued]>
[2026-03-20T13:31:49.673+0000] {taskinstance.py:2076} INFO - Dependencies all met for dep_context=requeueable deps ti=<TaskInstance: deployment_workflow.get_worker_nodes manual__2026-03-20T13:31:45.561415 [queued]>
[2026-03-20T13:31:49.675+0000] {taskinstance.py:2306} INFO - Starting attempt 1 of 1
[2026-03-20T13:31:49.693+0000] {taskinstance.py:2330} INFO - Executing <Task(PythonOperator): get_worker_nodes> on 2026-03-20 13:31:47.073716+00:00
[2026-03-20T13:31:49.701+0000] {warnings.py:110} WARNING - /home/***/.local/lib/python3.12/site-packages/***/task/task_runner/standard_task_runner.py:61: DeprecationWarning: This process (pid=868) is multi-threaded, use of fork() may lead to deadlocks in the child.
  pid = os.fork()

[2026-03-20T13:31:49.703+0000] {standard_task_runner.py:63} INFO - Started process 870 to run task
[2026-03-20T13:31:49.703+0000] {standard_task_runner.py:90} INFO - Running: ['***', 'tasks', 'run', 'deployment_workflow', 'get_worker_nodes', 'manual__2026-03-20T13:31:45.561415', '--job-id', '304', '--raw', '--subdir', 'DAGS_FOLDER/deployment_workflow.py', '--cfg-path', '/tmp/tmps26wcu4l']
[2026-03-20T13:31:49.706+0000] {standard_task_runner.py:91} INFO - Job 304: Subtask get_worker_nodes
[2026-03-20T13:31:49.794+0000] {task_command.py:426} INFO - Running <TaskInstance: deployment_workflow.get_worker_nodes manual__2026-03-20T13:31:45.561415 [running]> on host 7ee527dcce31
[2026-03-20T13:31:49.932+0000] {taskinstance.py:2648} INFO - Exporting env vars: AIRFLOW_CTX_DAG_OWNER='***' AIRFLOW_CTX_DAG_ID='deployment_workflow' AIRFLOW_CTX_TASK_ID='get_worker_nodes' AIRFLOW_CTX_EXECUTION_DATE='2026-03-20T13:31:47.073716+00:00' AIRFLOW_CTX_TRY_NUMBER='1' AIRFLOW_CTX_DAG_RUN_ID='manual__2026-03-20T13:31:45.561415'
[2026-03-20T13:31:49.935+0000] {taskinstance.py:430} INFO - ::endgroup::
[2026-03-20T13:31:49.949+0000] {logging_mixin.py:188} INFO - Found 1 reachable nodes
[2026-03-20T13:31:49.950+0000] {logging_mixin.py:188} INFO -  - 192.168.1.2 (ubuntuworkervm)
[2026-03-20T13:31:49.950+0000] {python.py:237} INFO - Done. Returned value was: [{'ip': '192.168.1.2', 'username': 'ubuntuworkervm', 'password': '***', 'status': 'reachable', 'last_checked': '2026-03-20T13:31:42.470543'}]
[2026-03-20T13:31:49.951+0000] {taskinstance.py:441} INFO - ::group::Post task execution logs
[2026-03-20T13:31:49.979+0000] {taskinstance.py:1206} INFO - Marking task as SUCCESS. dag_id=deployment_workflow, task_id=get_worker_nodes, run_id=manual__2026-03-20T13:31:45.561415, execution_date=20260320T133147, start_date=20260320T133149, end_date=20260320T133149
[2026-03-20T13:31:50.040+0000] {local_task_job_runner.py:240} INFO - Task exited with return code 0
[2026-03-20T13:31:50.105+0000] {taskinstance.py:3498} INFO - 1 downstream tasks scheduled from follow-on schedule check
[2026-03-20T13:31:50.112+0000] {local_task_job_runner.py:222} INFO - ::endgroup::
