[2026-03-06T12:54:15.053+0000] {local_task_job_runner.py:120} INFO - ::group::Pre task execution logs
[2026-03-06T12:54:15.099+0000] {taskinstance.py:2076} INFO - Dependencies all met for dep_context=non-requeueable deps ti=<TaskInstance: deployment_workflow.run_hostname manual__2026-03-06T12:53:45.223480+00:00 map_index=0 [queued]>
[2026-03-06T12:54:15.122+0000] {taskinstance.py:2076} INFO - Dependencies all met for dep_context=requeueable deps ti=<TaskInstance: deployment_workflow.run_hostname manual__2026-03-06T12:53:45.223480+00:00 map_index=0 [queued]>
[2026-03-06T12:54:15.123+0000] {taskinstance.py:2306} INFO - Starting attempt 1 of 1
[2026-03-06T12:54:15.157+0000] {taskinstance.py:2330} INFO - Executing <Mapped(SSHOperator): run_hostname> on 2026-03-06 12:53:45.223480+00:00
[2026-03-06T12:54:15.172+0000] {warnings.py:110} WARNING - /home/***/.local/lib/python3.12/site-packages/***/task/task_runner/standard_task_runner.py:61: DeprecationWarning: This process (pid=437) is multi-threaded, use of fork() may lead to deadlocks in the child.
  pid = os.fork()

[2026-03-06T12:54:15.177+0000] {standard_task_runner.py:90} INFO - Running: ['***', 'tasks', 'run', 'deployment_workflow', 'run_hostname', 'manual__2026-03-06T12:53:45.223480+00:00', '--job-id', '112', '--raw', '--subdir', 'DAGS_FOLDER/deployment_workflow.py', '--cfg-path', '/tmp/tmpiuf_0vvq', '--map-index', '0']
[2026-03-06T12:54:15.185+0000] {standard_task_runner.py:91} INFO - Job 112: Subtask run_hostname
[2026-03-06T12:54:15.184+0000] {standard_task_runner.py:63} INFO - Started process 439 to run task
[2026-03-06T12:54:15.386+0000] {task_command.py:426} INFO - Running <TaskInstance: deployment_workflow.run_hostname manual__2026-03-06T12:53:45.223480+00:00 map_index=0 [running]> on host 7ab5aef854fa
[2026-03-06T12:54:15.776+0000] {taskinstance.py:2648} INFO - Exporting env vars: AIRFLOW_CTX_DAG_OWNER='***' AIRFLOW_CTX_DAG_ID='deployment_workflow' AIRFLOW_CTX_TASK_ID='run_hostname' AIRFLOW_CTX_EXECUTION_DATE='2026-03-06T12:53:45.223480+00:00' AIRFLOW_CTX_TRY_NUMBER='1' AIRFLOW_CTX_DAG_RUN_ID='manual__2026-03-06T12:53:45.223480+00:00'
[2026-03-06T12:54:15.788+0000] {taskinstance.py:430} INFO - ::endgroup::
[2026-03-06T12:54:15.790+0000] {ssh.py:151} INFO - Creating ssh_client
[2026-03-06T12:54:15.798+0000] {ssh.py:124} INFO - ssh_hook is not provided or invalid. Trying ssh_conn_id to create SSHHook.
[2026-03-06T12:54:15.837+0000] {base.py:84} INFO - Using connection ID 'worker_node_192_168_1_5' for task execution.
[2026-03-06T12:54:15.843+0000] {ssh.py:301} WARNING - No Host Key Verification. This won't protect against Man-In-The-Middle attacks
[2026-03-06T12:54:16.655+0000] {transport.py:1909} INFO - Connected (version 2.0, client OpenSSH_for_Windows_9.5)
[2026-03-06T12:54:17.095+0000] {transport.py:1909} INFO - Authentication (password) successful!
[2026-03-06T12:54:17.097+0000] {ssh.py:480} INFO - Running command: hostname && echo 'User:' $(whoami) && date
[2026-03-06T12:54:17.654+0000] {ssh.py:526} INFO - LAPTOP-9CCR53BI
[2026-03-06T12:54:17.655+0000] {ssh.py:526} INFO - 
[2026-03-06T12:54:17.657+0000] {ssh.py:526} INFO - 'User:' $(whoami) 
[2026-03-06T12:54:17.658+0000] {ssh.py:526} INFO - The current date is: 
[2026-03-06T12:54:17.659+0000] {ssh.py:526} INFO - 06-03-2026 
[2026-03-06T12:54:17.661+0000] {ssh.py:526} INFO - Enter the new date: (dd-mm-yy) 
[2026-03-06T12:54:17.686+0000] {taskinstance.py:441} INFO - ::group::Post task execution logs
[2026-03-06T12:54:17.702+0000] {taskinstance.py:2905} ERROR - Task failed with exception
Traceback (most recent call last):
  File "/home/airflow/.local/lib/python3.12/site-packages/airflow/models/taskinstance.py", line 465, in _execute_task
    result = _execute_callable(context=context, **execute_callable_kwargs)
             ^^^^^^^^^^^^^^^^^^^^^^^^^^^^^^^^^^^^^^^^^^^^^^^^^^^^^^^^^^^^^
  File "/home/airflow/.local/lib/python3.12/site-packages/airflow/models/taskinstance.py", line 432, in _execute_callable
    return execute_callable(context=context, **execute_callable_kwargs)
           ^^^^^^^^^^^^^^^^^^^^^^^^^^^^^^^^^^^^^^^^^^^^^^^^^^^^^^^^^^^^
  File "/home/airflow/.local/lib/python3.12/site-packages/airflow/models/baseoperator.py", line 400, in wrapper
    return func(self, *args, **kwargs)
           ^^^^^^^^^^^^^^^^^^^^^^^^^^^
  File "/home/airflow/.local/lib/python3.12/site-packages/airflow/providers/ssh/operators/ssh.py", line 191, in execute
    result = self.run_ssh_client_command(ssh_client, self.command, context=context)
             ^^^^^^^^^^^^^^^^^^^^^^^^^^^^^^^^^^^^^^^^^^^^^^^^^^^^^^^^^^^^^^^^^^^^^^
  File "/home/airflow/.local/lib/python3.12/site-packages/airflow/providers/ssh/operators/ssh.py", line 179, in run_ssh_client_command
    self.raise_for_status(exit_status, agg_stderr, context=context)
  File "/home/airflow/.local/lib/python3.12/site-packages/airflow/providers/ssh/operators/ssh.py", line 173, in raise_for_status
    raise AirflowException(f"SSH operator error: exit status = {exit_status}")
airflow.exceptions.AirflowException: SSH operator error: exit status = 1
[2026-03-06T12:54:17.708+0000] {taskinstance.py:1206} INFO - Marking task as FAILED. dag_id=deployment_workflow, task_id=run_hostname, run_id=manual__2026-03-06T12:53:45.223480+00:00, map_index=0, execution_date=20260306T125345, start_date=20260306T125415, end_date=20260306T125417
[2026-03-06T12:54:17.731+0000] {standard_task_runner.py:110} ERROR - Failed to execute job 112 for task run_hostname (SSH operator error: exit status = 1; 439)
[2026-03-06T12:54:17.764+0000] {local_task_job_runner.py:240} INFO - Task exited with return code 1
[2026-03-06T12:54:17.787+0000] {taskinstance.py:3498} INFO - 0 downstream tasks scheduled from follow-on schedule check
[2026-03-06T12:54:17.793+0000] {local_task_job_runner.py:222} INFO - ::endgroup::
