[2026-03-18T12:31:05.241+0000] {local_task_job_runner.py:120} INFO - ::group::Pre task execution logs
[2026-03-18T12:31:05.341+0000] {taskinstance.py:2076} INFO - Dependencies all met for dep_context=non-requeueable deps ti=<TaskInstance: deployment_workflow.install_nfs_packages manual__2026-03-18T12:30:42.617782 map_index=0 [queued]>
[2026-03-18T12:31:05.417+0000] {taskinstance.py:2076} INFO - Dependencies all met for dep_context=requeueable deps ti=<TaskInstance: deployment_workflow.install_nfs_packages manual__2026-03-18T12:30:42.617782 map_index=0 [queued]>
[2026-03-18T12:31:05.424+0000] {taskinstance.py:2306} INFO - Starting attempt 1 of 1
[2026-03-18T12:31:05.493+0000] {taskinstance.py:2330} INFO - Executing <Mapped(SSHOperator): install_nfs_packages> on 2026-03-18 12:30:43.765785+00:00
[2026-03-18T12:31:05.525+0000] {warnings.py:110} WARNING - /home/***/.local/lib/python3.12/site-packages/***/task/task_runner/standard_task_runner.py:61: DeprecationWarning: This process (pid=92) is multi-threaded, use of fork() may lead to deadlocks in the child.
  pid = os.fork()

[2026-03-18T12:31:05.532+0000] {standard_task_runner.py:63} INFO - Started process 94 to run task
[2026-03-18T12:31:05.532+0000] {standard_task_runner.py:90} INFO - Running: ['***', 'tasks', 'run', 'deployment_workflow', 'install_nfs_packages', 'manual__2026-03-18T12:30:42.617782', '--job-id', '225', '--raw', '--subdir', 'DAGS_FOLDER/deployment_workflow.py', '--cfg-path', '/tmp/tmpln2m4hnr', '--map-index', '0']
[2026-03-18T12:31:05.553+0000] {standard_task_runner.py:91} INFO - Job 225: Subtask install_nfs_packages
[2026-03-18T12:31:05.800+0000] {task_command.py:426} INFO - Running <TaskInstance: deployment_workflow.install_nfs_packages manual__2026-03-18T12:30:42.617782 map_index=0 [running]> on host 7ee527dcce31
[2026-03-18T12:31:06.338+0000] {taskinstance.py:2648} INFO - Exporting env vars: AIRFLOW_CTX_DAG_OWNER='***' AIRFLOW_CTX_DAG_ID='deployment_workflow' AIRFLOW_CTX_TASK_ID='install_nfs_packages' AIRFLOW_CTX_EXECUTION_DATE='2026-03-18T12:30:43.765785+00:00' AIRFLOW_CTX_TRY_NUMBER='1' AIRFLOW_CTX_DAG_RUN_ID='manual__2026-03-18T12:30:42.617782'
[2026-03-18T12:31:06.356+0000] {taskinstance.py:430} INFO - ::endgroup::
[2026-03-18T12:31:06.373+0000] {ssh.py:151} INFO - Creating ssh_client
[2026-03-18T12:31:06.385+0000] {ssh.py:124} INFO - ssh_hook is not provided or invalid. Trying ssh_conn_id to create SSHHook.
[2026-03-18T12:31:06.445+0000] {base.py:84} INFO - Using connection ID 'worker_node_192_168_1_2' for task execution.
[2026-03-18T12:31:06.459+0000] {ssh.py:301} WARNING - No Host Key Verification. This won't protect against Man-In-The-Middle attacks
[2026-03-18T12:31:06.750+0000] {transport.py:1909} INFO - Connected (version 2.0, client OpenSSH_8.9p1)
[2026-03-18T12:31:07.260+0000] {transport.py:1909} INFO - Authentication (password) successful!
[2026-03-18T12:31:07.262+0000] {ssh.py:480} INFO - Running command: set -e; export DEBIAN_FRONTEND=noninteractive; sudo apt-get update; sudo apt-get install -y nfs-kernel-server nfs-common
[2026-03-18T12:31:08.095+0000] {ssh.py:526} INFO - 
[2026-03-18T12:31:08.103+0000] {ssh.py:526} INFO - 0% [Working]
[2026-03-18T12:31:08.587+0000] {ssh.py:526} INFO - 
[2026-03-18T12:31:08.587+0000] {ssh.py:526} INFO - 0% [Connecting to in.archive.ubuntu.com]
[2026-03-18T12:31:09.088+0000] {ssh.py:526} INFO - 
[2026-03-18T12:31:09.095+0000] {ssh.py:526} INFO - 0% [Connecting to in.archive.ubuntu.com (91.189.92.23)] [Waiting for headers]
[2026-03-18T12:31:09.407+0000] {ssh.py:526} INFO - 
[2026-03-18T12:31:09.410+0000] {ssh.py:526} INFO -                                                                              
[2026-03-18T12:31:09.413+0000] {ssh.py:526} INFO - Hit:1 http://security.ubuntu.com/ubuntu jammy-security InRelease
[2026-03-18T12:31:09.414+0000] {ssh.py:526} INFO - 
[2026-03-18T12:31:09.415+0000] {ssh.py:526} INFO - 
[2026-03-18T12:31:09.415+0000] {ssh.py:526} INFO -                                                                              
[2026-03-18T12:31:09.417+0000] {ssh.py:526} INFO - 0% [Waiting for headers]
[2026-03-18T12:31:09.422+0000] {ssh.py:526} INFO -                         
[2026-03-18T12:31:09.423+0000] {ssh.py:526} INFO - Hit:2 http://in.archive.ubuntu.com/ubuntu jammy InRelease
[2026-03-18T12:31:09.425+0000] {ssh.py:526} INFO - 
[2026-03-18T12:31:09.426+0000] {ssh.py:526} INFO - 0% [Waiting for headers]
[2026-03-18T12:31:09.607+0000] {ssh.py:526} INFO - 
[2026-03-18T12:31:09.609+0000] {ssh.py:526} INFO - 0% [Waiting for headers]
[2026-03-18T12:31:09.612+0000] {ssh.py:526} INFO - 
[2026-03-18T12:31:09.613+0000] {ssh.py:526} INFO -                         
[2026-03-18T12:31:09.613+0000] {ssh.py:526} INFO - Hit:3 http://in.archive.ubuntu.com/ubuntu jammy-updates InRelease
[2026-03-18T12:31:09.614+0000] {ssh.py:526} INFO - 
[2026-03-18T12:31:09.615+0000] {ssh.py:526} INFO - 0% [Waiting for headers]
[2026-03-18T12:31:09.827+0000] {ssh.py:526} INFO - 
[2026-03-18T12:31:09.829+0000] {ssh.py:526} INFO - 0% [Waiting for headers]
[2026-03-18T12:31:09.831+0000] {ssh.py:526} INFO - 
[2026-03-18T12:31:09.832+0000] {ssh.py:526} INFO -                         
[2026-03-18T12:31:09.833+0000] {ssh.py:526} INFO - Hit:4 http://in.archive.ubuntu.com/ubuntu jammy-backports InRelease
[2026-03-18T12:31:09.834+0000] {ssh.py:526} INFO - 
[2026-03-18T12:31:09.835+0000] {ssh.py:526} INFO -                         
[2026-03-18T12:31:09.835+0000] {ssh.py:526} INFO - 0% [Working]
[2026-03-18T12:31:10.010+0000] {ssh.py:526} INFO - 
[2026-03-18T12:31:10.011+0000] {ssh.py:526} INFO - 0% [Working]
[2026-03-18T12:31:10.195+0000] {ssh.py:526} INFO - 
[2026-03-18T12:31:10.197+0000] {ssh.py:526} INFO - 20% [Working]
[2026-03-18T12:31:10.198+0000] {ssh.py:526} INFO - 
[2026-03-18T12:31:10.199+0000] {ssh.py:526} INFO -              
[2026-03-18T12:31:19.010+0000] {ssh.py:526} INFO - 
[2026-03-18T12:31:19.013+0000] {ssh.py:526} INFO - Reading package lists... 0%
[2026-03-18T12:31:19.025+0000] {ssh.py:526} INFO - 
[2026-03-18T12:31:19.027+0000] {ssh.py:526} INFO - Reading package lists... 0%
[2026-03-18T12:31:19.052+0000] {ssh.py:526} INFO - 
[2026-03-18T12:31:19.084+0000] {ssh.py:526} INFO - Reading package lists... 0%
[2026-03-18T12:31:19.132+0000] {ssh.py:526} INFO - 
[2026-03-18T12:31:19.147+0000] {ssh.py:526} INFO - Reading package lists... 2%
[2026-03-18T12:31:19.156+0000] {ssh.py:526} INFO - 
[2026-03-18T12:31:19.162+0000] {ssh.py:526} INFO - Reading package lists... 2%
[2026-03-18T12:31:19.163+0000] {ssh.py:526} INFO - 
[2026-03-18T12:31:19.164+0000] {ssh.py:526} INFO - Reading package lists... 3%
[2026-03-18T12:31:19.165+0000] {ssh.py:526} INFO - 
[2026-03-18T12:31:19.165+0000] {ssh.py:526} INFO - Reading package lists... 3%
[2026-03-18T12:31:19.166+0000] {ssh.py:526} INFO - 
[2026-03-18T12:31:19.167+0000] {ssh.py:526} INFO - Reading package lists... 3%
[2026-03-18T12:31:19.168+0000] {ssh.py:526} INFO - 
[2026-03-18T12:31:19.174+0000] {ssh.py:526} INFO - Reading package lists... 3%
[2026-03-18T12:31:19.175+0000] {ssh.py:526} INFO - 
[2026-03-18T12:31:19.176+0000] {ssh.py:526} INFO - Reading package lists... 3%
[2026-03-18T12:31:19.176+0000] {ssh.py:526} INFO - 
[2026-03-18T12:31:19.177+0000] {ssh.py:526} INFO - Reading package lists... 3%
[2026-03-18T12:31:19.793+0000] {ssh.py:526} INFO - 
[2026-03-18T12:31:19.810+0000] {ssh.py:526} INFO - Reading package lists... 18%
[2026-03-18T12:31:20.110+0000] {ssh.py:526} INFO - 
[2026-03-18T12:31:20.111+0000] {ssh.py:526} INFO - Reading package lists... 25%
[2026-03-18T12:31:20.112+0000] {ssh.py:526} INFO - 
[2026-03-18T12:31:20.112+0000] {ssh.py:526} INFO - Reading package lists... 25%
[2026-03-18T12:31:20.247+0000] {ssh.py:526} INFO - 
[2026-03-18T12:31:20.250+0000] {ssh.py:526} INFO - Reading package lists... 35%
[2026-03-18T12:31:20.255+0000] {ssh.py:526} INFO - 
[2026-03-18T12:31:20.256+0000] {ssh.py:526} INFO - Reading package lists... 35%
[2026-03-18T12:31:20.263+0000] {ssh.py:526} INFO - 
[2026-03-18T12:31:20.265+0000] {ssh.py:526} INFO - Reading package lists... 35%
[2026-03-18T12:31:20.266+0000] {ssh.py:526} INFO - 
[2026-03-18T12:31:20.268+0000] {ssh.py:526} INFO - Reading package lists... 35%
[2026-03-18T12:31:20.281+0000] {ssh.py:526} INFO - 
[2026-03-18T12:31:20.284+0000] {ssh.py:526} INFO - Reading package lists... 35%
[2026-03-18T12:31:20.288+0000] {ssh.py:526} INFO - 
[2026-03-18T12:31:20.290+0000] {ssh.py:526} INFO - Reading package lists... 35%
[2026-03-18T12:31:21.460+0000] {ssh.py:526} INFO - 
[2026-03-18T12:31:21.478+0000] {ssh.py:526} INFO - Reading package lists... 42%
[2026-03-18T12:31:21.483+0000] {ssh.py:526} INFO - 
[2026-03-18T12:31:21.502+0000] {ssh.py:526} INFO - Reading package lists... 42%
[2026-03-18T12:31:21.518+0000] {ssh.py:526} INFO - 
[2026-03-18T12:31:21.540+0000] {ssh.py:526} INFO - Reading package lists... 42%
[2026-03-18T12:31:21.547+0000] {ssh.py:526} INFO - 
[2026-03-18T12:31:21.568+0000] {ssh.py:526} INFO - Reading package lists... 46%
[2026-03-18T12:31:21.582+0000] {ssh.py:526} INFO - 
[2026-03-18T12:31:21.583+0000] {ssh.py:526} INFO - Reading package lists... 46%
[2026-03-18T12:31:21.585+0000] {ssh.py:526} INFO - 
[2026-03-18T12:31:21.607+0000] {ssh.py:526} INFO - Reading package lists... 58%
[2026-03-18T12:31:21.614+0000] {ssh.py:526} INFO - 
[2026-03-18T12:31:21.615+0000] {ssh.py:526} INFO - Reading package lists... 58%
[2026-03-18T12:31:21.634+0000] {ssh.py:526} INFO - 
[2026-03-18T12:31:21.652+0000] {ssh.py:526} INFO - Reading package lists... 65%
[2026-03-18T12:31:21.690+0000] {ssh.py:526} INFO - 
[2026-03-18T12:31:21.731+0000] {ssh.py:526} INFO - Reading package lists... 65%
[2026-03-18T12:31:21.752+0000] {ssh.py:526} INFO - 
[2026-03-18T12:31:21.778+0000] {ssh.py:526} INFO - Reading package lists... 67%
[2026-03-18T12:31:21.842+0000] {ssh.py:526} INFO - 
[2026-03-18T12:31:21.857+0000] {ssh.py:526} INFO - Reading package lists... 67%
[2026-03-18T12:31:21.872+0000] {ssh.py:526} INFO - 
[2026-03-18T12:31:21.888+0000] {ssh.py:526} INFO - Reading package lists... 68%
[2026-03-18T12:31:21.898+0000] {ssh.py:526} INFO - 
[2026-03-18T12:31:21.900+0000] {ssh.py:526} INFO - Reading package lists... 68%
[2026-03-18T12:31:21.908+0000] {ssh.py:526} INFO - 
[2026-03-18T12:31:21.910+0000] {ssh.py:526} INFO - Reading package lists... 68%
[2026-03-18T12:31:21.914+0000] {ssh.py:526} INFO - 
[2026-03-18T12:31:21.929+0000] {ssh.py:526} INFO - Reading package lists... 68%
[2026-03-18T12:31:21.961+0000] {ssh.py:526} INFO - 
[2026-03-18T12:31:21.994+0000] {ssh.py:526} INFO - Reading package lists... 68%
[2026-03-18T12:31:22.035+0000] {ssh.py:526} INFO - 
[2026-03-18T12:31:22.068+0000] {ssh.py:526} INFO - Reading package lists... 68%
[2026-03-18T12:31:22.113+0000] {ssh.py:526} INFO - 
[2026-03-18T12:31:22.144+0000] {ssh.py:526} INFO - Reading package lists... 68%
[2026-03-18T12:31:22.190+0000] {ssh.py:526} INFO - 
[2026-03-18T12:31:22.201+0000] {ssh.py:526} INFO - Reading package lists... 68%
[2026-03-18T12:31:22.216+0000] {ssh.py:526} INFO - 
[2026-03-18T12:31:22.248+0000] {ssh.py:526} INFO - Reading package lists... 68%
[2026-03-18T12:31:22.280+0000] {ssh.py:526} INFO - 
[2026-03-18T12:31:22.326+0000] {ssh.py:526} INFO - Reading package lists... 68%
[2026-03-18T12:31:22.390+0000] {ssh.py:526} INFO - 
[2026-03-18T12:31:22.426+0000] {ssh.py:526} INFO - Reading package lists... 68%
[2026-03-18T12:31:22.453+0000] {ssh.py:526} INFO - 
[2026-03-18T12:31:22.501+0000] {ssh.py:526} INFO - Reading package lists... 68%
[2026-03-18T12:31:22.534+0000] {ssh.py:526} INFO - 
[2026-03-18T12:31:22.558+0000] {ssh.py:526} INFO - Reading package lists... 68%
[2026-03-18T12:31:22.566+0000] {ssh.py:526} INFO - 
[2026-03-18T12:31:22.584+0000] {ssh.py:526} INFO - Reading package lists... 68%
[2026-03-18T12:31:22.607+0000] {ssh.py:526} INFO - 
[2026-03-18T12:31:22.640+0000] {ssh.py:526} INFO - Reading package lists... 71%
[2026-03-18T12:31:22.667+0000] {ssh.py:526} INFO - 
[2026-03-18T12:31:22.706+0000] {ssh.py:526} INFO - Reading package lists... 74%
[2026-03-18T12:31:22.723+0000] {ssh.py:526} INFO - 
[2026-03-18T12:31:22.735+0000] {ssh.py:526} INFO - Reading package lists... 74%
[2026-03-18T12:31:22.752+0000] {ssh.py:526} INFO - 
[2026-03-18T12:31:22.783+0000] {ssh.py:526} INFO - Reading package lists... 79%
[2026-03-18T12:31:22.801+0000] {ssh.py:526} INFO - 
[2026-03-18T12:31:22.827+0000] {ssh.py:526} INFO - Reading package lists... 79%
[2026-03-18T12:31:22.846+0000] {ssh.py:526} INFO - 
[2026-03-18T12:31:22.867+0000] {ssh.py:526} INFO - Reading package lists... 89%
[2026-03-18T12:31:22.910+0000] {ssh.py:526} INFO - 
[2026-03-18T12:31:22.926+0000] {ssh.py:526} INFO - Reading package lists... 89%
[2026-03-18T12:31:22.942+0000] {ssh.py:526} INFO - 
[2026-03-18T12:31:22.961+0000] {ssh.py:526} INFO - Reading package lists... 96%
[2026-03-18T12:31:22.983+0000] {ssh.py:526} INFO - 
[2026-03-18T12:31:22.990+0000] {ssh.py:526} INFO - Reading package lists... 96%
[2026-03-18T12:31:23.002+0000] {ssh.py:526} INFO - 
[2026-03-18T12:31:23.008+0000] {ssh.py:526} INFO - Reading package lists... 98%
[2026-03-18T12:31:23.020+0000] {ssh.py:526} INFO - 
[2026-03-18T12:31:23.024+0000] {ssh.py:526} INFO - Reading package lists... 98%
[2026-03-18T12:31:23.045+0000] {ssh.py:526} INFO - 
[2026-03-18T12:31:23.056+0000] {ssh.py:526} INFO - Reading package lists... 99%
[2026-03-18T12:31:23.066+0000] {ssh.py:526} INFO - 
[2026-03-18T12:31:23.069+0000] {ssh.py:526} INFO - Reading package lists... 99%
[2026-03-18T12:31:23.076+0000] {ssh.py:526} INFO - 
[2026-03-18T12:31:23.080+0000] {ssh.py:526} INFO - Reading package lists... 99%
[2026-03-18T12:31:23.085+0000] {ssh.py:526} INFO - 
[2026-03-18T12:31:23.109+0000] {ssh.py:526} INFO - Reading package lists... 99%
[2026-03-18T12:31:23.118+0000] {ssh.py:526} INFO - 
[2026-03-18T12:31:23.139+0000] {ssh.py:526} INFO - Reading package lists... 99%
[2026-03-18T12:31:23.172+0000] {ssh.py:526} INFO - 
[2026-03-18T12:31:23.181+0000] {ssh.py:526} INFO - Reading package lists... 99%
[2026-03-18T12:31:23.204+0000] {ssh.py:526} INFO - 
[2026-03-18T12:31:23.217+0000] {ssh.py:526} INFO - Reading package lists... Done
[2026-03-18T12:31:23.240+0000] {ssh.py:526} INFO - 
[2026-03-18T12:31:23.250+0000] {ssh.py:526} INFO - 
[2026-03-18T12:31:23.259+0000] {ssh.py:526} INFO - Reading package lists... 0%
[2026-03-18T12:31:23.324+0000] {ssh.py:526} INFO - 
[2026-03-18T12:31:23.352+0000] {ssh.py:526} INFO - Reading package lists... 100%
[2026-03-18T12:31:23.359+0000] {ssh.py:526} INFO - 
[2026-03-18T12:31:23.374+0000] {ssh.py:526} INFO - Reading package lists... Done
[2026-03-18T12:31:23.389+0000] {ssh.py:526} INFO - 
[2026-03-18T12:31:23.402+0000] {ssh.py:526} INFO - 
[2026-03-18T12:31:23.507+0000] {ssh.py:526} INFO - Building dependency tree... 0%
[2026-03-18T12:31:23.515+0000] {ssh.py:526} INFO - 
[2026-03-18T12:31:23.544+0000] {ssh.py:526} INFO - Building dependency tree... 0%
[2026-03-18T12:31:23.575+0000] {ssh.py:526} INFO - 
[2026-03-18T12:31:23.580+0000] {ssh.py:526} INFO - Building dependency tree... 50%
[2026-03-18T12:31:23.582+0000] {ssh.py:526} INFO - 
[2026-03-18T12:31:23.587+0000] {ssh.py:526} INFO - Building dependency tree... 50%
[2026-03-18T12:31:23.594+0000] {ssh.py:526} INFO - 
[2026-03-18T12:31:23.610+0000] {ssh.py:526} INFO - Building dependency tree... 89%
[2026-03-18T12:31:23.615+0000] {ssh.py:526} INFO - 
[2026-03-18T12:31:23.621+0000] {ssh.py:526} INFO - Building dependency tree... Done
[2026-03-18T12:31:23.622+0000] {ssh.py:526} INFO - 
[2026-03-18T12:31:23.625+0000] {ssh.py:526} INFO - 
[2026-03-18T12:31:23.627+0000] {ssh.py:526} INFO - Reading state information... 0% 
[2026-03-18T12:31:23.631+0000] {ssh.py:526} INFO - 
[2026-03-18T12:31:23.634+0000] {ssh.py:526} INFO - Reading state information... 0%
[2026-03-18T12:31:23.639+0000] {ssh.py:526} INFO - 
[2026-03-18T12:31:23.641+0000] {ssh.py:526} INFO - Reading state information... Done
[2026-03-18T12:31:23.644+0000] {ssh.py:526} INFO - 
[2026-03-18T12:31:23.645+0000] {ssh.py:526} INFO - nfs-common is already the newest version (1:2.6.1-1ubuntu1.2).
[2026-03-18T12:31:23.653+0000] {ssh.py:526} INFO - nfs-kernel-server is already the newest version (1:2.6.1-1ubuntu1.2).
[2026-03-18T12:31:24.244+0000] {ssh.py:526} INFO - 0 upgraded, 0 newly installed, 0 to remove and 74 not upgraded.
[2026-03-18T12:31:24.247+0000] {ssh.py:526} INFO - 
[2026-03-18T12:31:24.358+0000] {taskinstance.py:441} INFO - ::group::Post task execution logs
[2026-03-18T12:31:24.420+0000] {taskinstance.py:1206} INFO - Marking task as SUCCESS. dag_id=deployment_workflow, task_id=install_nfs_packages, run_id=manual__2026-03-18T12:30:42.617782, map_index=0, execution_date=20260318T123043, start_date=20260318T123105, end_date=20260318T123124
[2026-03-18T12:31:24.512+0000] {local_task_job_runner.py:240} INFO - Task exited with return code 0
[2026-03-18T12:31:24.832+0000] {taskinstance.py:3498} INFO - 1 downstream tasks scheduled from follow-on schedule check
[2026-03-18T12:31:24.864+0000] {local_task_job_runner.py:222} INFO - ::endgroup::
