[2026-03-08T02:24:04.374+0000] {local_task_job_runner.py:120} INFO - ::group::Pre task execution logs
[2026-03-08T02:24:04.408+0000] {taskinstance.py:2076} INFO - Dependencies all met for dep_context=non-requeueable deps ti=<TaskInstance: deployment_workflow.create_airflow_connections manual__2026-03-08T02:23:53.788949 [queued]>
[2026-03-08T02:24:04.428+0000] {taskinstance.py:2076} INFO - Dependencies all met for dep_context=requeueable deps ti=<TaskInstance: deployment_workflow.create_airflow_connections manual__2026-03-08T02:23:53.788949 [queued]>
[2026-03-08T02:24:04.430+0000] {taskinstance.py:2306} INFO - Starting attempt 1 of 1
[2026-03-08T02:24:04.482+0000] {taskinstance.py:2330} INFO - Executing <Task(PythonOperator): create_airflow_connections> on 2026-03-08 02:23:56.055501+00:00
[2026-03-08T02:24:04.514+0000] {warnings.py:110} WARNING - /home/***/.local/lib/python3.12/site-packages/***/task/task_runner/standard_task_runner.py:61: DeprecationWarning: This process (pid=341) is multi-threaded, use of fork() may lead to deadlocks in the child.
  pid = os.fork()

[2026-03-08T02:24:04.528+0000] {standard_task_runner.py:63} INFO - Started process 343 to run task
[2026-03-08T02:24:04.533+0000] {standard_task_runner.py:90} INFO - Running: ['***', 'tasks', 'run', 'deployment_workflow', 'create_***_connections', 'manual__2026-03-08T02:23:53.788949', '--job-id', '150', '--raw', '--subdir', 'DAGS_FOLDER/deployment_workflow.py', '--cfg-path', '/tmp/tmp0_86vda_']
[2026-03-08T02:24:04.558+0000] {standard_task_runner.py:91} INFO - Job 150: Subtask create_***_connections
[2026-03-08T02:24:04.725+0000] {task_command.py:426} INFO - Running <TaskInstance: deployment_workflow.create_airflow_connections manual__2026-03-08T02:23:53.788949 [running]> on host 0ad8c9765a82
[2026-03-08T02:24:05.161+0000] {taskinstance.py:2648} INFO - Exporting env vars: AIRFLOW_CTX_DAG_OWNER='***' AIRFLOW_CTX_DAG_ID='deployment_workflow' AIRFLOW_CTX_TASK_ID='create_***_connections' AIRFLOW_CTX_EXECUTION_DATE='2026-03-08T02:23:56.055501+00:00' AIRFLOW_CTX_TRY_NUMBER='1' AIRFLOW_CTX_DAG_RUN_ID='manual__2026-03-08T02:23:53.788949'
[2026-03-08T02:24:05.200+0000] {taskinstance.py:430} INFO - ::endgroup::
[2026-03-08T02:24:05.295+0000] {logging_mixin.py:188} INFO - Connection already exists: worker_node_192_168_1_5
[2026-03-08T02:24:05.312+0000] {python.py:237} INFO - Done. Returned value was: ['worker_node_192_168_1_5']
[2026-03-08T02:24:05.328+0000] {taskinstance.py:441} INFO - ::group::Post task execution logs
[2026-03-08T02:24:05.469+0000] {taskinstance.py:1206} INFO - Marking task as SUCCESS. dag_id=deployment_workflow, task_id=create_***_connections, run_id=manual__2026-03-08T02:23:53.788949, execution_date=20260308T022356, start_date=20260308T022404, end_date=20260308T022405
[2026-03-08T02:24:05.627+0000] {local_task_job_runner.py:240} INFO - Task exited with return code 0
[2026-03-08T02:24:06.073+0000] {taskinstance.py:3498} INFO - 1 downstream tasks scheduled from follow-on schedule check
[2026-03-08T02:24:06.097+0000] {local_task_job_runner.py:222} INFO - ::endgroup::
