[2026-03-05T17:13:49.399+0000] {local_task_job_runner.py:120} INFO - ::group::Pre task execution logs
[2026-03-05T17:13:49.420+0000] {taskinstance.py:2076} INFO - Dependencies all met for dep_context=non-requeueable deps ti=<TaskInstance: deployment_workflow.check_node manual__2026-03-05T17:13:45.346526 [queued]>
[2026-03-05T17:13:49.430+0000] {taskinstance.py:2076} INFO - Dependencies all met for dep_context=requeueable deps ti=<TaskInstance: deployment_workflow.check_node manual__2026-03-05T17:13:45.346526 [queued]>
[2026-03-05T17:13:49.431+0000] {taskinstance.py:2306} INFO - Starting attempt 1 of 1
[2026-03-05T17:13:49.456+0000] {taskinstance.py:2330} INFO - Executing <Task(SSHOperator): check_node> on 2026-03-05 17:13:46.051125+00:00
[2026-03-05T17:13:49.466+0000] {warnings.py:110} WARNING - /home/***/.local/lib/python3.12/site-packages/***/task/task_runner/standard_task_runner.py:61: DeprecationWarning: This process (pid=1513) is multi-threaded, use of fork() may lead to deadlocks in the child.
  pid = os.fork()

[2026-03-05T17:13:49.468+0000] {standard_task_runner.py:63} INFO - Started process 1515 to run task
[2026-03-05T17:13:49.468+0000] {standard_task_runner.py:90} INFO - Running: ['***', 'tasks', 'run', 'deployment_workflow', 'check_node', 'manual__2026-03-05T17:13:45.346526', '--job-id', '14', '--raw', '--subdir', 'DAGS_FOLDER/deployment_workflow.py', '--cfg-path', '/tmp/tmp595nmjwg']
[2026-03-05T17:13:49.472+0000] {standard_task_runner.py:91} INFO - Job 14: Subtask check_node
[2026-03-05T17:13:49.552+0000] {task_command.py:426} INFO - Running <TaskInstance: deployment_workflow.check_node manual__2026-03-05T17:13:45.346526 [running]> on host 7ab5aef854fa
[2026-03-05T17:13:49.712+0000] {taskinstance.py:2648} INFO - Exporting env vars: AIRFLOW_CTX_DAG_OWNER='***' AIRFLOW_CTX_DAG_ID='deployment_workflow' AIRFLOW_CTX_TASK_ID='check_node' AIRFLOW_CTX_EXECUTION_DATE='2026-03-05T17:13:46.051125+00:00' AIRFLOW_CTX_TRY_NUMBER='1' AIRFLOW_CTX_DAG_RUN_ID='manual__2026-03-05T17:13:45.346526'
[2026-03-05T17:13:49.715+0000] {taskinstance.py:430} INFO - ::endgroup::
[2026-03-05T17:13:49.722+0000] {ssh.py:151} INFO - Creating ssh_client
[2026-03-05T17:13:49.723+0000] {ssh.py:124} INFO - ssh_hook is not provided or invalid. Trying ssh_conn_id to create SSHHook.
[2026-03-05T17:13:49.734+0000] {base.py:84} INFO - Using connection ID 'worker_node' for task execution.
[2026-03-05T17:13:49.735+0000] {ssh.py:301} WARNING - No Host Key Verification. This won't protect against Man-In-The-Middle attacks
[2026-03-05T17:13:50.033+0000] {transport.py:1909} INFO - Connected (version 2.0, client OpenSSH_for_Windows_9.5)
[2026-03-05T17:13:50.499+0000] {transport.py:1909} INFO - Authentication (password) successful!
[2026-03-05T17:13:50.500+0000] {ssh.py:480} INFO - Running command: hostname
[2026-03-05T17:13:51.383+0000] {ssh.py:526} INFO - LAPTOP-9CCR53BI
[2026-03-05T17:13:51.392+0000] {ssh.py:526} INFO - 
[2026-03-05T17:13:51.469+0000] {taskinstance.py:441} INFO - ::group::Post task execution logs
[2026-03-05T17:13:51.523+0000] {taskinstance.py:1206} INFO - Marking task as SUCCESS. dag_id=deployment_workflow, task_id=check_node, run_id=manual__2026-03-05T17:13:45.346526, execution_date=20260305T171346, start_date=20260305T171349, end_date=20260305T171351
[2026-03-05T17:13:51.651+0000] {local_task_job_runner.py:240} INFO - Task exited with return code 0
[2026-03-05T17:13:51.721+0000] {taskinstance.py:3498} INFO - 0 downstream tasks scheduled from follow-on schedule check
[2026-03-05T17:13:51.731+0000] {local_task_job_runner.py:222} INFO - ::endgroup::
