[2026-03-06T07:59:31.107+0000] {local_task_job_runner.py:120} INFO - ::group::Pre task execution logs
[2026-03-06T07:59:31.160+0000] {taskinstance.py:2076} INFO - Dependencies all met for dep_context=non-requeueable deps ti=<TaskInstance: deployment_workflow.get_worker_nodes manual__2026-03-06T07:59:21.254429 [queued]>
[2026-03-06T07:59:31.175+0000] {taskinstance.py:2076} INFO - Dependencies all met for dep_context=requeueable deps ti=<TaskInstance: deployment_workflow.get_worker_nodes manual__2026-03-06T07:59:21.254429 [queued]>
[2026-03-06T07:59:31.233+0000] {taskinstance.py:2306} INFO - Starting attempt 1 of 2
[2026-03-06T07:59:31.336+0000] {taskinstance.py:2330} INFO - Executing <Task(PythonOperator): get_worker_nodes> on 2026-03-06 07:59:22.902152+00:00
[2026-03-06T07:59:31.437+0000] {warnings.py:110} WARNING - /home/***/.local/lib/python3.12/site-packages/***/task/task_runner/standard_task_runner.py:61: DeprecationWarning: This process (pid=415) is multi-threaded, use of fork() may lead to deadlocks in the child.
  pid = os.fork()

[2026-03-06T07:59:31.451+0000] {standard_task_runner.py:63} INFO - Started process 417 to run task
[2026-03-06T07:59:31.439+0000] {standard_task_runner.py:90} INFO - Running: ['***', 'tasks', 'run', 'deployment_workflow', 'get_worker_nodes', 'manual__2026-03-06T07:59:21.254429', '--job-id', '58', '--raw', '--subdir', 'DAGS_FOLDER/deployment_workflow.py', '--cfg-path', '/tmp/tmp99vxbejy']
[2026-03-06T07:59:31.481+0000] {standard_task_runner.py:91} INFO - Job 58: Subtask get_worker_nodes
[2026-03-06T07:59:31.788+0000] {task_command.py:426} INFO - Running <TaskInstance: deployment_workflow.get_worker_nodes manual__2026-03-06T07:59:21.254429 [running]> on host 7ab5aef854fa
[2026-03-06T07:59:32.303+0000] {taskinstance.py:2648} INFO - Exporting env vars: AIRFLOW_CTX_DAG_OWNER='***' AIRFLOW_CTX_DAG_ID='deployment_workflow' AIRFLOW_CTX_TASK_ID='get_worker_nodes' AIRFLOW_CTX_EXECUTION_DATE='2026-03-06T07:59:22.902152+00:00' AIRFLOW_CTX_TRY_NUMBER='1' AIRFLOW_CTX_DAG_RUN_ID='manual__2026-03-06T07:59:21.254429'
[2026-03-06T07:59:32.325+0000] {taskinstance.py:430} INFO - ::endgroup::
[2026-03-06T07:59:32.354+0000] {logging_mixin.py:188} INFO - Error fetching nodes: HTTPConnectionPool(host='localhost', port=8000): Max retries exceeded with url: /nodes (Caused by NewConnectionError('<urllib3.connection.HTTPConnection object at 0x78b3d1215640>: Failed to establish a new connection: [Errno 111] Connection refused'))
[2026-03-06T07:59:32.362+0000] {python.py:237} INFO - Done. Returned value was: []
[2026-03-06T07:59:32.368+0000] {taskinstance.py:441} INFO - ::group::Post task execution logs
[2026-03-06T07:59:32.477+0000] {taskinstance.py:1206} INFO - Marking task as SUCCESS. dag_id=deployment_workflow, task_id=get_worker_nodes, run_id=manual__2026-03-06T07:59:21.254429, execution_date=20260306T075922, start_date=20260306T075931, end_date=20260306T075932
[2026-03-06T07:59:32.550+0000] {local_task_job_runner.py:240} INFO - Task exited with return code 0
[2026-03-06T07:59:32.682+0000] {taskinstance.py:3498} INFO - 1 downstream tasks scheduled from follow-on schedule check
[2026-03-06T07:59:32.719+0000] {local_task_job_runner.py:222} INFO - ::endgroup::
