[2026-03-16T16:23:41.087+0000] {local_task_job_runner.py:120} INFO - ::group::Pre task execution logs
[2026-03-16T16:23:41.161+0000] {taskinstance.py:2076} INFO - Dependencies all met for dep_context=non-requeueable deps ti=<TaskInstance: deployment_workflow.install_nfs_packages manual__2026-03-16T16:23:27.276460 map_index=0 [queued]>
[2026-03-16T16:23:41.197+0000] {taskinstance.py:2076} INFO - Dependencies all met for dep_context=requeueable deps ti=<TaskInstance: deployment_workflow.install_nfs_packages manual__2026-03-16T16:23:27.276460 map_index=0 [queued]>
[2026-03-16T16:23:41.207+0000] {taskinstance.py:2306} INFO - Starting attempt 1 of 1
[2026-03-16T16:23:41.276+0000] {taskinstance.py:2330} INFO - Executing <Mapped(SSHOperator): install_nfs_packages> on 2026-03-16 16:23:28.229211+00:00
[2026-03-16T16:23:41.357+0000] {warnings.py:110} WARNING - /home/***/.local/lib/python3.12/site-packages/***/task/task_runner/standard_task_runner.py:61: DeprecationWarning: This process (pid=424) is multi-threaded, use of fork() may lead to deadlocks in the child.
  pid = os.fork()

[2026-03-16T16:23:41.373+0000] {standard_task_runner.py:63} INFO - Started process 426 to run task
[2026-03-16T16:23:41.372+0000] {standard_task_runner.py:90} INFO - Running: ['***', 'tasks', 'run', 'deployment_workflow', 'install_nfs_packages', 'manual__2026-03-16T16:23:27.276460', '--job-id', '207', '--raw', '--subdir', 'DAGS_FOLDER/deployment_workflow.py', '--cfg-path', '/tmp/tmpbv02ctxb', '--map-index', '0']
[2026-03-16T16:23:41.392+0000] {standard_task_runner.py:91} INFO - Job 207: Subtask install_nfs_packages
[2026-03-16T16:23:41.665+0000] {task_command.py:426} INFO - Running <TaskInstance: deployment_workflow.install_nfs_packages manual__2026-03-16T16:23:27.276460 map_index=0 [running]> on host 7ee527dcce31
[2026-03-16T16:23:41.937+0000] {taskinstance.py:2648} INFO - Exporting env vars: AIRFLOW_CTX_DAG_OWNER='***' AIRFLOW_CTX_DAG_ID='deployment_workflow' AIRFLOW_CTX_TASK_ID='install_nfs_packages' AIRFLOW_CTX_EXECUTION_DATE='2026-03-16T16:23:28.229211+00:00' AIRFLOW_CTX_TRY_NUMBER='1' AIRFLOW_CTX_DAG_RUN_ID='manual__2026-03-16T16:23:27.276460'
[2026-03-16T16:23:41.940+0000] {taskinstance.py:430} INFO - ::endgroup::
[2026-03-16T16:23:41.941+0000] {ssh.py:151} INFO - Creating ssh_client
[2026-03-16T16:23:41.946+0000] {ssh.py:124} INFO - ssh_hook is not provided or invalid. Trying ssh_conn_id to create SSHHook.
[2026-03-16T16:23:41.968+0000] {base.py:84} INFO - Using connection ID 'worker_node_192_168_1_2' for task execution.
[2026-03-16T16:23:41.971+0000] {ssh.py:301} WARNING - No Host Key Verification. This won't protect against Man-In-The-Middle attacks
[2026-03-16T16:23:42.015+0000] {transport.py:1909} INFO - Connected (version 2.0, client OpenSSH_8.9p1)
[2026-03-16T16:23:42.078+0000] {transport.py:1909} INFO - Authentication (password) successful!
[2026-03-16T16:23:42.082+0000] {ssh.py:480} INFO - Running command: set -e; export DEBIAN_FRONTEND=noninteractive; sudo apt-get update; sudo apt-get install -y nfs-kernel-server nfs-common
[2026-03-16T16:23:42.348+0000] {ssh.py:526} INFO - 
[2026-03-16T16:23:42.349+0000] {ssh.py:526} INFO - 0% [Working]
[2026-03-16T16:23:42.850+0000] {ssh.py:526} INFO - 
[2026-03-16T16:23:42.851+0000] {ssh.py:526} INFO - 0% [Working]
[2026-03-16T16:23:43.349+0000] {ssh.py:526} INFO - 
[2026-03-16T16:23:43.349+0000] {ssh.py:526} INFO - 0% [Working]
[2026-03-16T16:23:43.849+0000] {ssh.py:526} INFO - 
[2026-03-16T16:23:43.850+0000] {ssh.py:526} INFO - 0% [Working]
[2026-03-16T16:23:44.349+0000] {ssh.py:526} INFO - 
[2026-03-16T16:23:44.350+0000] {ssh.py:526} INFO - 0% [Working]
[2026-03-16T16:23:44.854+0000] {ssh.py:526} INFO - 
[2026-03-16T16:23:44.855+0000] {ssh.py:526} INFO - 0% [Working]
[2026-03-16T16:23:45.352+0000] {ssh.py:526} INFO - 
[2026-03-16T16:23:45.353+0000] {ssh.py:526} INFO - 0% [Working]
[2026-03-16T16:23:45.851+0000] {ssh.py:526} INFO - 
[2026-03-16T16:23:45.852+0000] {ssh.py:526} INFO - 0% [Working]
[2026-03-16T16:23:46.353+0000] {ssh.py:526} INFO - 
[2026-03-16T16:23:46.366+0000] {ssh.py:526} INFO - 0% [Working]
[2026-03-16T16:23:46.855+0000] {ssh.py:526} INFO - 
[2026-03-16T16:23:46.856+0000] {ssh.py:526} INFO - 0% [Working]
[2026-03-16T16:23:47.353+0000] {ssh.py:526} INFO - 
[2026-03-16T16:23:47.354+0000] {ssh.py:526} INFO - 0% [Working]
[2026-03-16T16:23:47.699+0000] {ssh.py:526} INFO - 
[2026-03-16T16:23:47.700+0000] {ssh.py:526} INFO -             
[2026-03-16T16:23:47.701+0000] {ssh.py:526} INFO - Hit:1 http://in.archive.ubuntu.com/ubuntu jammy InRelease
[2026-03-16T16:23:47.702+0000] {ssh.py:526} INFO - 
[2026-03-16T16:23:47.703+0000] {ssh.py:526} INFO - 0% [Working]
[2026-03-16T16:23:47.808+0000] {ssh.py:526} INFO - 
[2026-03-16T16:23:47.809+0000] {ssh.py:526} INFO - 0% [Waiting for headers]
[2026-03-16T16:23:47.843+0000] {ssh.py:526} INFO - 
[2026-03-16T16:23:47.844+0000] {ssh.py:526} INFO -                         
[2026-03-16T16:23:47.845+0000] {ssh.py:526} INFO - Hit:2 http://in.archive.ubuntu.com/ubuntu jammy-updates InRelease
[2026-03-16T16:23:47.846+0000] {ssh.py:526} INFO - 
[2026-03-16T16:23:47.850+0000] {ssh.py:526} INFO - 0% [Waiting for headers]
[2026-03-16T16:23:47.937+0000] {ssh.py:526} INFO - 
[2026-03-16T16:23:47.939+0000] {ssh.py:526} INFO - 0% [Waiting for headers]
[2026-03-16T16:23:47.992+0000] {ssh.py:526} INFO - 
[2026-03-16T16:23:47.993+0000] {ssh.py:526} INFO -                         
[2026-03-16T16:23:47.995+0000] {ssh.py:526} INFO - Hit:3 http://in.archive.ubuntu.com/ubuntu jammy-backports InRelease
[2026-03-16T16:23:48.001+0000] {ssh.py:526} INFO - 
[2026-03-16T16:23:48.003+0000] {ssh.py:526} INFO - 
[2026-03-16T16:23:48.004+0000] {ssh.py:526} INFO -                         
[2026-03-16T16:23:48.005+0000] {ssh.py:526} INFO - 0% [Working]
[2026-03-16T16:23:48.089+0000] {ssh.py:526} INFO - 
[2026-03-16T16:23:48.090+0000] {ssh.py:526} INFO - 0% [Working]
[2026-03-16T16:23:48.591+0000] {ssh.py:526} INFO - 
[2026-03-16T16:23:48.591+0000] {ssh.py:526} INFO - 0% [Working]
[2026-03-16T16:23:49.092+0000] {ssh.py:526} INFO - 
[2026-03-16T16:23:49.093+0000] {ssh.py:526} INFO - 0% [Working]
[2026-03-16T16:23:49.593+0000] {ssh.py:526} INFO - 
[2026-03-16T16:23:49.593+0000] {ssh.py:526} INFO - 0% [Working]
[2026-03-16T16:23:50.102+0000] {ssh.py:526} INFO - 
[2026-03-16T16:23:50.117+0000] {ssh.py:526} INFO - 0% [Working]
[2026-03-16T16:23:50.597+0000] {ssh.py:526} INFO - 
[2026-03-16T16:23:50.599+0000] {ssh.py:526} INFO - 0% [Working]
[2026-03-16T16:23:51.097+0000] {ssh.py:526} INFO - 
[2026-03-16T16:23:51.100+0000] {ssh.py:526} INFO - 0% [Working]
[2026-03-16T16:23:51.598+0000] {ssh.py:526} INFO - 
[2026-03-16T16:23:51.600+0000] {ssh.py:526} INFO - 0% [Working]
[2026-03-16T16:23:52.099+0000] {ssh.py:526} INFO - 
[2026-03-16T16:23:52.100+0000] {ssh.py:526} INFO - 0% [Working]
[2026-03-16T16:23:52.600+0000] {ssh.py:526} INFO - 
[2026-03-16T16:23:52.600+0000] {ssh.py:526} INFO - 0% [Connecting to security.ubuntu.com]
[2026-03-16T16:23:53.098+0000] {ssh.py:526} INFO - 
[2026-03-16T16:23:53.099+0000] {ssh.py:526} INFO - 0% [Connecting to security.ubuntu.com]
[2026-03-16T16:23:53.599+0000] {ssh.py:526} INFO - 
[2026-03-16T16:23:53.602+0000] {ssh.py:526} INFO - 0% [Connecting to security.ubuntu.com]
[2026-03-16T16:23:54.101+0000] {ssh.py:526} INFO - 
[2026-03-16T16:23:54.103+0000] {ssh.py:526} INFO - 0% [Connecting to security.ubuntu.com]
[2026-03-16T16:23:54.601+0000] {ssh.py:526} INFO - 
[2026-03-16T16:23:54.602+0000] {ssh.py:526} INFO - 0% [Connecting to security.ubuntu.com]
[2026-03-16T16:23:55.102+0000] {ssh.py:526} INFO - 
[2026-03-16T16:23:55.102+0000] {ssh.py:526} INFO - 0% [Connecting to security.ubuntu.com]
[2026-03-16T16:23:55.605+0000] {ssh.py:526} INFO - 
[2026-03-16T16:23:55.606+0000] {ssh.py:526} INFO - 0% [Connecting to security.ubuntu.com]
[2026-03-16T16:23:56.100+0000] {ssh.py:526} INFO - 
[2026-03-16T16:23:56.100+0000] {ssh.py:526} INFO - 0% [Connecting to security.ubuntu.com]
[2026-03-16T16:23:56.601+0000] {ssh.py:526} INFO - 
[2026-03-16T16:23:56.602+0000] {ssh.py:526} INFO - 0% [Connecting to security.ubuntu.com]
[2026-03-16T16:23:57.102+0000] {ssh.py:526} INFO - 
[2026-03-16T16:23:57.102+0000] {ssh.py:526} INFO - 0% [Connecting to security.ubuntu.com]
[2026-03-16T16:23:57.604+0000] {ssh.py:526} INFO - 
[2026-03-16T16:23:57.606+0000] {ssh.py:526} INFO - 0% [Connecting to security.ubuntu.com]
[2026-03-16T16:23:58.106+0000] {ssh.py:526} INFO - 
[2026-03-16T16:23:58.109+0000] {ssh.py:526} INFO - 0% [Connecting to security.ubuntu.com]
[2026-03-16T16:23:58.603+0000] {ssh.py:526} INFO - 
[2026-03-16T16:23:58.604+0000] {ssh.py:526} INFO - 0% [Connecting to security.ubuntu.com]
[2026-03-16T16:23:59.105+0000] {ssh.py:526} INFO - 
[2026-03-16T16:23:59.106+0000] {ssh.py:526} INFO - 0% [Connecting to security.ubuntu.com]
[2026-03-16T16:23:59.607+0000] {ssh.py:526} INFO - 
[2026-03-16T16:23:59.609+0000] {ssh.py:526} INFO - 0% [Connecting to security.ubuntu.com]
[2026-03-16T16:24:00.106+0000] {ssh.py:526} INFO - 
[2026-03-16T16:24:00.106+0000] {ssh.py:526} INFO - 0% [Connecting to security.ubuntu.com]
[2026-03-16T16:24:00.608+0000] {ssh.py:526} INFO - 
[2026-03-16T16:24:00.610+0000] {ssh.py:526} INFO - 0% [Connecting to security.ubuntu.com]
[2026-03-16T16:24:01.110+0000] {ssh.py:526} INFO - 
[2026-03-16T16:24:01.112+0000] {ssh.py:526} INFO - 0% [Connecting to security.ubuntu.com]
[2026-03-16T16:24:01.609+0000] {ssh.py:526} INFO - 
[2026-03-16T16:24:01.609+0000] {ssh.py:526} INFO - 0% [Connecting to security.ubuntu.com]
[2026-03-16T16:24:02.110+0000] {ssh.py:526} INFO - 
[2026-03-16T16:24:02.112+0000] {ssh.py:526} INFO - 0% [Connecting to security.ubuntu.com]
[2026-03-16T16:24:02.612+0000] {ssh.py:526} INFO - 
[2026-03-16T16:24:02.616+0000] {ssh.py:526} INFO - 0% [Connecting to security.ubuntu.com]
[2026-03-16T16:24:03.111+0000] {ssh.py:526} INFO - 
[2026-03-16T16:24:03.111+0000] {ssh.py:526} INFO - 0% [Connecting to security.ubuntu.com]
[2026-03-16T16:24:03.614+0000] {ssh.py:526} INFO - 
[2026-03-16T16:24:03.616+0000] {ssh.py:526} INFO - 0% [Connecting to security.ubuntu.com]
[2026-03-16T16:24:04.116+0000] {ssh.py:526} INFO - 
[2026-03-16T16:24:04.117+0000] {ssh.py:526} INFO - 0% [Connecting to security.ubuntu.com]
[2026-03-16T16:24:04.614+0000] {ssh.py:526} INFO - 
[2026-03-16T16:24:04.616+0000] {ssh.py:526} INFO - 0% [Connecting to security.ubuntu.com]
[2026-03-16T16:24:05.115+0000] {ssh.py:526} INFO - 
[2026-03-16T16:24:05.117+0000] {ssh.py:526} INFO - 0% [Connecting to security.ubuntu.com]
[2026-03-16T16:24:05.615+0000] {ssh.py:526} INFO - 
[2026-03-16T16:24:05.616+0000] {ssh.py:526} INFO - 0% [Connecting to security.ubuntu.com]
[2026-03-16T16:24:06.118+0000] {ssh.py:526} INFO - 
[2026-03-16T16:24:06.119+0000] {ssh.py:526} INFO - 0% [Connecting to security.ubuntu.com]
[2026-03-16T16:24:06.618+0000] {ssh.py:526} INFO - 
[2026-03-16T16:24:06.619+0000] {ssh.py:526} INFO - 0% [Connecting to security.ubuntu.com]
[2026-03-16T16:24:07.117+0000] {ssh.py:526} INFO - 
[2026-03-16T16:24:07.118+0000] {ssh.py:526} INFO - 0% [Connecting to security.ubuntu.com]
[2026-03-16T16:24:07.617+0000] {ssh.py:526} INFO - 
[2026-03-16T16:24:07.618+0000] {ssh.py:526} INFO - 0% [Connecting to security.ubuntu.com]
[2026-03-16T16:24:08.121+0000] {ssh.py:526} INFO - 
[2026-03-16T16:24:08.123+0000] {ssh.py:526} INFO - 0% [Connecting to security.ubuntu.com]
[2026-03-16T16:24:08.621+0000] {ssh.py:526} INFO - 
[2026-03-16T16:24:08.622+0000] {ssh.py:526} INFO - 0% [Connecting to security.ubuntu.com]
[2026-03-16T16:24:09.122+0000] {ssh.py:526} INFO - 
[2026-03-16T16:24:09.124+0000] {ssh.py:526} INFO - 0% [Connecting to security.ubuntu.com]
[2026-03-16T16:24:09.622+0000] {ssh.py:526} INFO - 
[2026-03-16T16:24:09.622+0000] {ssh.py:526} INFO - 0% [Connecting to security.ubuntu.com]
[2026-03-16T16:24:10.123+0000] {ssh.py:526} INFO - 
[2026-03-16T16:24:10.129+0000] {ssh.py:526} INFO - 0% [Connecting to security.ubuntu.com]
[2026-03-16T16:24:10.622+0000] {ssh.py:526} INFO - 
[2026-03-16T16:24:10.623+0000] {ssh.py:526} INFO - 0% [Connecting to security.ubuntu.com]
[2026-03-16T16:24:11.124+0000] {ssh.py:526} INFO - 
[2026-03-16T16:24:11.124+0000] {ssh.py:526} INFO - 0% [Connecting to security.ubuntu.com]
[2026-03-16T16:24:11.625+0000] {ssh.py:526} INFO - 
[2026-03-16T16:24:11.625+0000] {ssh.py:526} INFO - 0% [Connecting to security.ubuntu.com]
[2026-03-16T16:24:12.125+0000] {ssh.py:526} INFO - 
[2026-03-16T16:24:12.126+0000] {ssh.py:526} INFO - 0% [Connecting to security.ubuntu.com]
[2026-03-16T16:24:12.625+0000] {ssh.py:526} INFO - 
[2026-03-16T16:24:12.626+0000] {ssh.py:526} INFO - 0% [Connecting to security.ubuntu.com]
[2026-03-16T16:24:13.126+0000] {ssh.py:526} INFO - 
[2026-03-16T16:24:13.127+0000] {ssh.py:526} INFO - 0% [Connecting to security.ubuntu.com]
[2026-03-16T16:24:13.628+0000] {ssh.py:526} INFO - 
[2026-03-16T16:24:13.628+0000] {ssh.py:526} INFO - 0% [Connecting to security.ubuntu.com]
[2026-03-16T16:24:14.130+0000] {ssh.py:526} INFO - 
[2026-03-16T16:24:14.132+0000] {ssh.py:526} INFO - 0% [Connecting to security.ubuntu.com]
[2026-03-16T16:24:14.630+0000] {ssh.py:526} INFO - 
[2026-03-16T16:24:14.632+0000] {ssh.py:526} INFO - 0% [Connecting to security.ubuntu.com]
[2026-03-16T16:24:15.131+0000] {ssh.py:526} INFO - 
[2026-03-16T16:24:15.132+0000] {ssh.py:526} INFO - 0% [Connecting to security.ubuntu.com]
[2026-03-16T16:24:15.633+0000] {ssh.py:526} INFO - 
[2026-03-16T16:24:15.634+0000] {ssh.py:526} INFO - 0% [Connecting to security.ubuntu.com]
[2026-03-16T16:24:16.133+0000] {ssh.py:526} INFO - 
[2026-03-16T16:24:16.133+0000] {ssh.py:526} INFO - 0% [Connecting to security.ubuntu.com]
[2026-03-16T16:24:16.633+0000] {ssh.py:526} INFO - 
[2026-03-16T16:24:16.633+0000] {ssh.py:526} INFO - 0% [Connecting to security.ubuntu.com]
[2026-03-16T16:24:17.135+0000] {ssh.py:526} INFO - 
[2026-03-16T16:24:17.136+0000] {ssh.py:526} INFO - 0% [Connecting to security.ubuntu.com]
[2026-03-16T16:24:17.371+0000] {ssh.py:526} INFO - 
[2026-03-16T16:24:17.374+0000] {ssh.py:526} INFO -                                       
[2026-03-16T16:24:17.374+0000] {ssh.py:526} INFO - Ign:4 http://security.ubuntu.com/ubuntu jammy-security InRelease
[2026-03-16T16:24:17.375+0000] {ssh.py:526} INFO - 
[2026-03-16T16:24:17.375+0000] {ssh.py:526} INFO -                                       
[2026-03-16T16:24:17.375+0000] {ssh.py:526} INFO - 0% [Working]
[2026-03-16T16:24:17.871+0000] {ssh.py:526} INFO - 
[2026-03-16T16:24:17.872+0000] {ssh.py:526} INFO - 0% [Working]
[2026-03-16T16:24:18.372+0000] {ssh.py:526} INFO - 
[2026-03-16T16:24:18.375+0000] {ssh.py:526} INFO - 0% [Working]
[2026-03-16T16:24:18.376+0000] {ssh.py:526} INFO - 0% [Working]
[2026-03-16T16:24:18.876+0000] {ssh.py:526} INFO - 
[2026-03-16T16:24:18.877+0000] {ssh.py:526} INFO - 0% [Working]
[2026-03-16T16:24:19.379+0000] {ssh.py:526} INFO - 
[2026-03-16T16:24:19.380+0000] {ssh.py:526} INFO - 0% [Working]
[2026-03-16T16:24:19.874+0000] {ssh.py:526} INFO - 
[2026-03-16T16:24:19.883+0000] {ssh.py:526} INFO - 0% [Working]
[2026-03-16T16:24:20.376+0000] {ssh.py:526} INFO - 
[2026-03-16T16:24:20.378+0000] {ssh.py:526} INFO - 0% [Working]
[2026-03-16T16:24:20.875+0000] {ssh.py:526} INFO - 
[2026-03-16T16:24:20.876+0000] {ssh.py:526} INFO - 0% [Working]
[2026-03-16T16:24:21.376+0000] {ssh.py:526} INFO - 
[2026-03-16T16:24:21.377+0000] {ssh.py:526} INFO - 0% [Working]
[2026-03-16T16:24:21.880+0000] {ssh.py:526} INFO - 
[2026-03-16T16:24:21.881+0000] {ssh.py:526} INFO - 0% [Working]
[2026-03-16T16:24:22.379+0000] {ssh.py:526} INFO - 
[2026-03-16T16:24:22.379+0000] {ssh.py:526} INFO - 0% [Working]
[2026-03-16T16:24:22.880+0000] {ssh.py:526} INFO - 
[2026-03-16T16:24:22.890+0000] {ssh.py:526} INFO - 0% [Working]
[2026-03-16T16:24:23.380+0000] {ssh.py:526} INFO - 
[2026-03-16T16:24:23.380+0000] {ssh.py:526} INFO - 0% [Working]
[2026-03-16T16:24:23.881+0000] {ssh.py:526} INFO - 
[2026-03-16T16:24:23.882+0000] {ssh.py:526} INFO - 0% [Working]
[2026-03-16T16:24:24.382+0000] {ssh.py:526} INFO - 
[2026-03-16T16:24:24.382+0000] {ssh.py:526} INFO - 0% [Working]
[2026-03-16T16:24:24.882+0000] {ssh.py:526} INFO - 
[2026-03-16T16:24:24.883+0000] {ssh.py:526} INFO - 0% [Working]
[2026-03-16T16:24:25.383+0000] {ssh.py:526} INFO - 
[2026-03-16T16:24:25.384+0000] {ssh.py:526} INFO - 0% [Working]
[2026-03-16T16:24:25.881+0000] {ssh.py:526} INFO - 
[2026-03-16T16:24:25.882+0000] {ssh.py:526} INFO - 0% [Working]
[2026-03-16T16:24:26.385+0000] {ssh.py:526} INFO - 
[2026-03-16T16:24:26.386+0000] {ssh.py:526} INFO - 0% [Working]
[2026-03-16T16:24:26.885+0000] {ssh.py:526} INFO - 
[2026-03-16T16:24:26.886+0000] {ssh.py:526} INFO - 0% [Working]
[2026-03-16T16:24:27.385+0000] {ssh.py:526} INFO - 
[2026-03-16T16:24:27.387+0000] {ssh.py:526} INFO - 0% [Working]
[2026-03-16T16:24:27.885+0000] {ssh.py:526} INFO - 
[2026-03-16T16:24:27.886+0000] {ssh.py:526} INFO - 0% [Working]
[2026-03-16T16:24:28.385+0000] {ssh.py:526} INFO - 
[2026-03-16T16:24:28.386+0000] {ssh.py:526} INFO - 0% [Connecting to security.ubuntu.com]
[2026-03-16T16:24:28.891+0000] {ssh.py:526} INFO - 
[2026-03-16T16:24:28.893+0000] {ssh.py:526} INFO - 0% [Connecting to security.ubuntu.com]
[2026-03-16T16:24:29.387+0000] {ssh.py:526} INFO - 
[2026-03-16T16:24:29.388+0000] {ssh.py:526} INFO - 0% [Connecting to security.ubuntu.com]
[2026-03-16T16:24:29.889+0000] {ssh.py:526} INFO - 
[2026-03-16T16:24:29.891+0000] {ssh.py:526} INFO - 0% [Connecting to security.ubuntu.com]
[2026-03-16T16:24:30.388+0000] {ssh.py:526} INFO - 
[2026-03-16T16:24:30.389+0000] {ssh.py:526} INFO - 0% [Connecting to security.ubuntu.com]
[2026-03-16T16:24:30.891+0000] {ssh.py:526} INFO - 
[2026-03-16T16:24:30.892+0000] {ssh.py:526} INFO - 0% [Connecting to security.ubuntu.com]
[2026-03-16T16:24:31.390+0000] {ssh.py:526} INFO - 
[2026-03-16T16:24:31.391+0000] {ssh.py:526} INFO - 0% [Connecting to security.ubuntu.com]
[2026-03-16T16:24:31.891+0000] {ssh.py:526} INFO - 
[2026-03-16T16:24:31.908+0000] {ssh.py:526} INFO - 0% [Connecting to security.ubuntu.com]
[2026-03-16T16:24:32.393+0000] {ssh.py:526} INFO - 
[2026-03-16T16:24:32.395+0000] {ssh.py:526} INFO - 0% [Connecting to security.ubuntu.com]
[2026-03-16T16:24:32.893+0000] {ssh.py:526} INFO - 
[2026-03-16T16:24:32.895+0000] {ssh.py:526} INFO - 0% [Connecting to security.ubuntu.com]
[2026-03-16T16:24:33.393+0000] {ssh.py:526} INFO - 
[2026-03-16T16:24:33.397+0000] {ssh.py:526} INFO - 0% [Connecting to security.ubuntu.com]
[2026-03-16T16:24:33.896+0000] {ssh.py:526} INFO - 
[2026-03-16T16:24:33.898+0000] {ssh.py:526} INFO - 0% [Connecting to security.ubuntu.com]
[2026-03-16T16:24:34.394+0000] {ssh.py:526} INFO - 
[2026-03-16T16:24:34.395+0000] {ssh.py:526} INFO - 0% [Connecting to security.ubuntu.com]
[2026-03-16T16:24:34.896+0000] {ssh.py:526} INFO - 
[2026-03-16T16:24:34.897+0000] {ssh.py:526} INFO - 0% [Connecting to security.ubuntu.com]
[2026-03-16T16:24:35.396+0000] {ssh.py:526} INFO - 
[2026-03-16T16:24:35.397+0000] {ssh.py:526} INFO - 0% [Connecting to security.ubuntu.com]
[2026-03-16T16:24:35.897+0000] {ssh.py:526} INFO - 
[2026-03-16T16:24:35.898+0000] {ssh.py:526} INFO - 0% [Connecting to security.ubuntu.com]
[2026-03-16T16:24:36.398+0000] {ssh.py:526} INFO - 
[2026-03-16T16:24:36.398+0000] {ssh.py:526} INFO - 0% [Connecting to security.ubuntu.com]
[2026-03-16T16:24:36.898+0000] {ssh.py:526} INFO - 
[2026-03-16T16:24:36.899+0000] {ssh.py:526} INFO - 0% [Connecting to security.ubuntu.com]
[2026-03-16T16:24:37.399+0000] {ssh.py:526} INFO - 
[2026-03-16T16:24:37.400+0000] {ssh.py:526} INFO - 0% [Connecting to security.ubuntu.com]
[2026-03-16T16:24:37.901+0000] {ssh.py:526} INFO - 
[2026-03-16T16:24:37.903+0000] {ssh.py:526} INFO - 0% [Connecting to security.ubuntu.com]
[2026-03-16T16:24:38.401+0000] {ssh.py:526} INFO - 
[2026-03-16T16:24:38.402+0000] {ssh.py:526} INFO - 0% [Connecting to security.ubuntu.com]
[2026-03-16T16:24:38.903+0000] {ssh.py:526} INFO - 
[2026-03-16T16:24:38.905+0000] {ssh.py:526} INFO - 0% [Connecting to security.ubuntu.com]
[2026-03-16T16:24:39.402+0000] {ssh.py:526} INFO - 
[2026-03-16T16:24:39.403+0000] {ssh.py:526} INFO - 0% [Connecting to security.ubuntu.com]
[2026-03-16T16:24:39.907+0000] {ssh.py:526} INFO - 
[2026-03-16T16:24:39.909+0000] {ssh.py:526} INFO - 0% [Connecting to security.ubuntu.com]
[2026-03-16T16:24:40.404+0000] {ssh.py:526} INFO - 
[2026-03-16T16:24:40.405+0000] {ssh.py:526} INFO - 0% [Connecting to security.ubuntu.com]
[2026-03-16T16:24:40.905+0000] {ssh.py:526} INFO - 
[2026-03-16T16:24:40.905+0000] {ssh.py:526} INFO - 0% [Connecting to security.ubuntu.com]
[2026-03-16T16:24:41.406+0000] {ssh.py:526} INFO - 
[2026-03-16T16:24:41.407+0000] {ssh.py:526} INFO - 0% [Connecting to security.ubuntu.com]
[2026-03-16T16:24:41.906+0000] {ssh.py:526} INFO - 
[2026-03-16T16:24:41.907+0000] {ssh.py:526} INFO - 0% [Connecting to security.ubuntu.com]
[2026-03-16T16:24:42.407+0000] {ssh.py:526} INFO - 
[2026-03-16T16:24:42.409+0000] {ssh.py:526} INFO - 0% [Connecting to security.ubuntu.com]
[2026-03-16T16:24:42.907+0000] {ssh.py:526} INFO - 
[2026-03-16T16:24:42.908+0000] {ssh.py:526} INFO - 0% [Connecting to security.ubuntu.com]
[2026-03-16T16:24:43.409+0000] {ssh.py:526} INFO - 
[2026-03-16T16:24:43.420+0000] {ssh.py:526} INFO - 0% [Connecting to security.ubuntu.com]
[2026-03-16T16:24:43.909+0000] {ssh.py:526} INFO - 
[2026-03-16T16:24:43.910+0000] {ssh.py:526} INFO - 0% [Connecting to security.ubuntu.com]
[2026-03-16T16:24:44.409+0000] {ssh.py:526} INFO - 
[2026-03-16T16:24:44.410+0000] {ssh.py:526} INFO - 0% [Connecting to security.ubuntu.com]
[2026-03-16T16:24:44.910+0000] {ssh.py:526} INFO - 
[2026-03-16T16:24:44.911+0000] {ssh.py:526} INFO - 0% [Connecting to security.ubuntu.com]
[2026-03-16T16:24:45.411+0000] {ssh.py:526} INFO - 
[2026-03-16T16:24:45.413+0000] {ssh.py:526} INFO - 0% [Connecting to security.ubuntu.com]
[2026-03-16T16:24:45.912+0000] {ssh.py:526} INFO - 
[2026-03-16T16:24:45.913+0000] {ssh.py:526} INFO - 0% [Connecting to security.ubuntu.com]
[2026-03-16T16:24:46.412+0000] {ssh.py:526} INFO - 
[2026-03-16T16:24:46.413+0000] {ssh.py:526} INFO - 0% [Connecting to security.ubuntu.com]
[2026-03-16T16:24:46.921+0000] {ssh.py:526} INFO - 
[2026-03-16T16:24:46.936+0000] {ssh.py:526} INFO - 0% [Connecting to security.ubuntu.com]
[2026-03-16T16:24:47.415+0000] {ssh.py:526} INFO - 
[2026-03-16T16:24:47.417+0000] {ssh.py:526} INFO - 0% [Connecting to security.ubuntu.com]
[2026-03-16T16:24:47.915+0000] {ssh.py:526} INFO - 
[2026-03-16T16:24:47.917+0000] {ssh.py:526} INFO - 0% [Connecting to security.ubuntu.com]
[2026-03-16T16:24:48.397+0000] {ssh.py:526} INFO - 
[2026-03-16T16:24:48.399+0000] {ssh.py:526} INFO -                                       
[2026-03-16T16:24:48.400+0000] {ssh.py:526} INFO - Ign:4 http://security.ubuntu.com/ubuntu jammy-security InRelease
[2026-03-16T16:24:48.404+0000] {ssh.py:526} INFO - 
[2026-03-16T16:24:48.406+0000] {ssh.py:526} INFO -                                       
[2026-03-16T16:24:48.408+0000] {ssh.py:526} INFO - 0% [Working]
[2026-03-16T16:24:48.895+0000] {ssh.py:526} INFO - 
[2026-03-16T16:24:48.896+0000] {ssh.py:526} INFO - 0% [Working]
[2026-03-16T16:24:49.396+0000] {ssh.py:526} INFO - 
[2026-03-16T16:24:49.398+0000] {ssh.py:526} INFO - 0% [Working]
[2026-03-16T16:24:49.896+0000] {ssh.py:526} INFO - 
[2026-03-16T16:24:49.899+0000] {ssh.py:526} INFO - 0% [Working]
[2026-03-16T16:24:50.396+0000] {ssh.py:526} INFO - 
[2026-03-16T16:24:50.400+0000] {ssh.py:526} INFO - 0% [Working]
[2026-03-16T16:24:50.403+0000] {ssh.py:526} INFO - 0% [Working]
[2026-03-16T16:24:50.887+0000] {ssh.py:526} INFO - 
[2026-03-16T16:24:50.889+0000] {ssh.py:526} INFO -             
[2026-03-16T16:24:50.891+0000] {ssh.py:526} INFO - Hit:4 http://security.ubuntu.com/ubuntu jammy-security InRelease
[2026-03-16T16:24:50.892+0000] {ssh.py:526} INFO - 
[2026-03-16T16:24:50.893+0000] {ssh.py:526} INFO - 0% [Working]
[2026-03-16T16:24:50.993+0000] {ssh.py:526} INFO - 
[2026-03-16T16:24:50.995+0000] {ssh.py:526} INFO - 20% [Working]
[2026-03-16T16:24:50.997+0000] {ssh.py:526} INFO - 
[2026-03-16T16:24:50.998+0000] {ssh.py:526} INFO -              
[2026-03-16T16:24:51.137+0000] {ssh.py:526} INFO - 
[2026-03-16T16:24:51.137+0000] {ssh.py:526} INFO - Reading package lists... 0%
[2026-03-16T16:24:51.147+0000] {ssh.py:526} INFO - 
[2026-03-16T16:24:51.148+0000] {ssh.py:526} INFO - Reading package lists... 0%
[2026-03-16T16:24:51.161+0000] {ssh.py:526} INFO - 
[2026-03-16T16:24:51.161+0000] {ssh.py:526} INFO - Reading package lists... 0%
[2026-03-16T16:24:51.198+0000] {ssh.py:526} INFO - 
[2026-03-16T16:24:51.200+0000] {ssh.py:526} INFO - Reading package lists... 2%
[2026-03-16T16:24:51.201+0000] {ssh.py:526} INFO - 
[2026-03-16T16:24:51.202+0000] {ssh.py:526} INFO - Reading package lists... 2%
[2026-03-16T16:24:51.206+0000] {ssh.py:526} INFO - 
[2026-03-16T16:24:51.207+0000] {ssh.py:526} INFO - Reading package lists... 3%
[2026-03-16T16:24:51.207+0000] {ssh.py:526} INFO - 
[2026-03-16T16:24:51.209+0000] {ssh.py:526} INFO - Reading package lists... 3%
[2026-03-16T16:24:51.211+0000] {ssh.py:526} INFO - 
[2026-03-16T16:24:51.212+0000] {ssh.py:526} INFO - Reading package lists... 3%
[2026-03-16T16:24:51.213+0000] {ssh.py:526} INFO - 
[2026-03-16T16:24:51.214+0000] {ssh.py:526} INFO - Reading package lists... 3%
[2026-03-16T16:24:51.215+0000] {ssh.py:526} INFO - 
[2026-03-16T16:24:51.216+0000] {ssh.py:526} INFO - Reading package lists... 3%
[2026-03-16T16:24:51.217+0000] {ssh.py:526} INFO - 
[2026-03-16T16:24:51.217+0000] {ssh.py:526} INFO - Reading package lists... 3%
[2026-03-16T16:24:51.745+0000] {ssh.py:526} INFO - 
[2026-03-16T16:24:51.747+0000] {ssh.py:526} INFO - Reading package lists... 25%
[2026-03-16T16:24:51.748+0000] {ssh.py:526} INFO - 
[2026-03-16T16:24:51.749+0000] {ssh.py:526} INFO - Reading package lists... 25%
[2026-03-16T16:24:51.819+0000] {ssh.py:526} INFO - 
[2026-03-16T16:24:51.820+0000] {ssh.py:526} INFO - Reading package lists... 35%
[2026-03-16T16:24:51.821+0000] {ssh.py:526} INFO - 
[2026-03-16T16:24:51.823+0000] {ssh.py:526} INFO - Reading package lists... 35%
[2026-03-16T16:24:51.828+0000] {ssh.py:526} INFO - 
[2026-03-16T16:24:51.829+0000] {ssh.py:526} INFO - Reading package lists... 35%
[2026-03-16T16:24:51.830+0000] {ssh.py:526} INFO - 
[2026-03-16T16:24:51.831+0000] {ssh.py:526} INFO - Reading package lists... 35%
[2026-03-16T16:24:51.832+0000] {ssh.py:526} INFO - 
[2026-03-16T16:24:51.833+0000] {ssh.py:526} INFO - Reading package lists... 35%
[2026-03-16T16:24:51.834+0000] {ssh.py:526} INFO - 
[2026-03-16T16:24:51.835+0000] {ssh.py:526} INFO - Reading package lists... 35%
[2026-03-16T16:24:51.863+0000] {ssh.py:526} INFO - 
[2026-03-16T16:24:51.868+0000] {ssh.py:526} INFO - Reading package lists... 37%
[2026-03-16T16:24:51.978+0000] {ssh.py:526} INFO - 
[2026-03-16T16:24:51.978+0000] {ssh.py:526} INFO - Reading package lists... 42%
[2026-03-16T16:24:51.979+0000] {ssh.py:526} INFO - 
[2026-03-16T16:24:51.979+0000] {ssh.py:526} INFO - Reading package lists... 42%
[2026-03-16T16:24:52.012+0000] {ssh.py:526} INFO - 
[2026-03-16T16:24:52.012+0000] {ssh.py:526} INFO - Reading package lists... 46%
[2026-03-16T16:24:52.013+0000] {ssh.py:526} INFO - 
[2026-03-16T16:24:52.014+0000] {ssh.py:526} INFO - Reading package lists... 46%
[2026-03-16T16:24:52.211+0000] {ssh.py:526} INFO - 
[2026-03-16T16:24:52.212+0000] {ssh.py:526} INFO - Reading package lists... 58%
[2026-03-16T16:24:52.215+0000] {ssh.py:526} INFO - 
[2026-03-16T16:24:52.216+0000] {ssh.py:526} INFO - Reading package lists... 58%
[2026-03-16T16:24:52.256+0000] {ssh.py:526} INFO - 
[2026-03-16T16:24:52.257+0000] {ssh.py:526} INFO - Reading package lists... 65%
[2026-03-16T16:24:52.258+0000] {ssh.py:526} INFO - 
[2026-03-16T16:24:52.259+0000] {ssh.py:526} INFO - Reading package lists... 65%
[2026-03-16T16:24:52.312+0000] {ssh.py:526} INFO - 
[2026-03-16T16:24:52.314+0000] {ssh.py:526} INFO - Reading package lists... 67%
[2026-03-16T16:24:52.315+0000] {ssh.py:526} INFO - 
[2026-03-16T16:24:52.316+0000] {ssh.py:526} INFO - Reading package lists... 67%
[2026-03-16T16:24:52.319+0000] {ssh.py:526} INFO - 
[2026-03-16T16:24:52.320+0000] {ssh.py:526} INFO - Reading package lists... 68%
[2026-03-16T16:24:52.321+0000] {ssh.py:526} INFO - 
[2026-03-16T16:24:52.322+0000] {ssh.py:526} INFO - Reading package lists... 68%
[2026-03-16T16:24:52.325+0000] {ssh.py:526} INFO - 
[2026-03-16T16:24:52.327+0000] {ssh.py:526} INFO - Reading package lists... 68%
[2026-03-16T16:24:52.328+0000] {ssh.py:526} INFO - 
[2026-03-16T16:24:52.329+0000] {ssh.py:526} INFO - Reading package lists... 68%
[2026-03-16T16:24:52.330+0000] {ssh.py:526} INFO - 
[2026-03-16T16:24:52.331+0000] {ssh.py:526} INFO - Reading package lists... 68%
[2026-03-16T16:24:52.332+0000] {ssh.py:526} INFO - 
[2026-03-16T16:24:52.332+0000] {ssh.py:526} INFO - Reading package lists... 68%
[2026-03-16T16:24:52.333+0000] {ssh.py:526} INFO - 
[2026-03-16T16:24:52.334+0000] {ssh.py:526} INFO - Reading package lists... 68%
[2026-03-16T16:24:52.335+0000] {ssh.py:526} INFO - 
[2026-03-16T16:24:52.336+0000] {ssh.py:526} INFO - Reading package lists... 68%
[2026-03-16T16:24:52.336+0000] {ssh.py:526} INFO - 
[2026-03-16T16:24:52.337+0000] {ssh.py:526} INFO - Reading package lists... 68%
[2026-03-16T16:24:52.338+0000] {ssh.py:526} INFO - 
[2026-03-16T16:24:52.339+0000] {ssh.py:526} INFO - Reading package lists... 68%
[2026-03-16T16:24:52.340+0000] {ssh.py:526} INFO - 
[2026-03-16T16:24:52.340+0000] {ssh.py:526} INFO - Reading package lists... 68%
[2026-03-16T16:24:52.341+0000] {ssh.py:526} INFO - 
[2026-03-16T16:24:52.342+0000] {ssh.py:526} INFO - Reading package lists... 68%
[2026-03-16T16:24:52.342+0000] {ssh.py:526} INFO - 
[2026-03-16T16:24:52.343+0000] {ssh.py:526} INFO - Reading package lists... 68%
[2026-03-16T16:24:52.343+0000] {ssh.py:526} INFO - 
[2026-03-16T16:24:52.344+0000] {ssh.py:526} INFO - Reading package lists... 68%
[2026-03-16T16:24:52.389+0000] {ssh.py:526} INFO - 
[2026-03-16T16:24:52.390+0000] {ssh.py:526} INFO - Reading package lists... 74%
[2026-03-16T16:24:52.390+0000] {ssh.py:526} INFO - 
[2026-03-16T16:24:52.391+0000] {ssh.py:526} INFO - Reading package lists... 74%
[2026-03-16T16:24:52.427+0000] {ssh.py:526} INFO - 
[2026-03-16T16:24:52.428+0000] {ssh.py:526} INFO - Reading package lists... 79%
[2026-03-16T16:24:52.429+0000] {ssh.py:526} INFO - 
[2026-03-16T16:24:52.429+0000] {ssh.py:526} INFO - Reading package lists... 79%
[2026-03-16T16:24:52.510+0000] {ssh.py:526} INFO - 
[2026-03-16T16:24:52.511+0000] {ssh.py:526} INFO - Reading package lists... 89%
[2026-03-16T16:24:52.512+0000] {ssh.py:526} INFO - 
[2026-03-16T16:24:52.512+0000] {ssh.py:526} INFO - Reading package lists... 89%
[2026-03-16T16:24:52.553+0000] {ssh.py:526} INFO - 
[2026-03-16T16:24:52.554+0000] {ssh.py:526} INFO - Reading package lists... 96%
[2026-03-16T16:24:52.555+0000] {ssh.py:526} INFO - 
[2026-03-16T16:24:52.555+0000] {ssh.py:526} INFO - Reading package lists... 96%
[2026-03-16T16:24:52.561+0000] {ssh.py:526} INFO - 
[2026-03-16T16:24:52.561+0000] {ssh.py:526} INFO - Reading package lists... 97%
[2026-03-16T16:24:52.572+0000] {ssh.py:526} INFO - 
[2026-03-16T16:24:52.573+0000] {ssh.py:526} INFO - Reading package lists... 98%
[2026-03-16T16:24:52.573+0000] {ssh.py:526} INFO - 
[2026-03-16T16:24:52.574+0000] {ssh.py:526} INFO - Reading package lists... 98%
[2026-03-16T16:24:52.580+0000] {ssh.py:526} INFO - 
[2026-03-16T16:24:52.581+0000] {ssh.py:526} INFO - Reading package lists... 99%
[2026-03-16T16:24:52.582+0000] {ssh.py:526} INFO - 
[2026-03-16T16:24:52.583+0000] {ssh.py:526} INFO - Reading package lists... 99%
[2026-03-16T16:24:52.583+0000] {ssh.py:526} INFO - 
[2026-03-16T16:24:52.584+0000] {ssh.py:526} INFO - Reading package lists... 99%
[2026-03-16T16:24:52.584+0000] {ssh.py:526} INFO - 
[2026-03-16T16:24:52.585+0000] {ssh.py:526} INFO - Reading package lists... 99%
[2026-03-16T16:24:52.671+0000] {ssh.py:526} INFO - 
[2026-03-16T16:24:52.672+0000] {ssh.py:526} INFO - Reading package lists... 99%
[2026-03-16T16:24:52.673+0000] {ssh.py:526} INFO - 
[2026-03-16T16:24:52.673+0000] {ssh.py:526} INFO - Reading package lists... 99%
[2026-03-16T16:24:52.770+0000] {ssh.py:526} INFO - 
[2026-03-16T16:24:52.771+0000] {ssh.py:526} INFO - Reading package lists... Done
[2026-03-16T16:24:52.772+0000] {ssh.py:526} INFO - 
[2026-03-16T16:24:52.855+0000] {ssh.py:526} INFO - 
[2026-03-16T16:24:52.855+0000] {ssh.py:526} INFO - Reading package lists... 0%
[2026-03-16T16:24:52.872+0000] {ssh.py:526} INFO - 
[2026-03-16T16:24:52.872+0000] {ssh.py:526} INFO - Reading package lists... 100%
[2026-03-16T16:24:52.873+0000] {ssh.py:526} INFO - 
[2026-03-16T16:24:52.874+0000] {ssh.py:526} INFO - Reading package lists... Done
[2026-03-16T16:24:52.874+0000] {ssh.py:526} INFO - 
[2026-03-16T16:24:52.882+0000] {ssh.py:526} INFO - 
[2026-03-16T16:24:52.883+0000] {ssh.py:526} INFO - Building dependency tree... 0%
[2026-03-16T16:24:52.884+0000] {ssh.py:526} INFO - 
[2026-03-16T16:24:52.884+0000] {ssh.py:526} INFO - Building dependency tree... 0%
[2026-03-16T16:24:52.958+0000] {ssh.py:526} INFO - 
[2026-03-16T16:24:52.959+0000] {ssh.py:526} INFO - Building dependency tree... 50%
[2026-03-16T16:24:52.960+0000] {ssh.py:526} INFO - 
[2026-03-16T16:24:52.961+0000] {ssh.py:526} INFO - Building dependency tree... 50%
[2026-03-16T16:24:53.228+0000] {ssh.py:526} INFO - 
[2026-03-16T16:24:53.230+0000] {ssh.py:526} INFO - Building dependency tree... Done
[2026-03-16T16:24:53.230+0000] {ssh.py:526} INFO - 
[2026-03-16T16:24:53.231+0000] {ssh.py:526} INFO - 
[2026-03-16T16:24:53.231+0000] {ssh.py:526} INFO - Reading state information... 0% 
[2026-03-16T16:24:53.232+0000] {ssh.py:526} INFO - 
[2026-03-16T16:24:53.232+0000] {ssh.py:526} INFO - Reading state information... 0%
[2026-03-16T16:24:53.233+0000] {ssh.py:526} INFO - 
[2026-03-16T16:24:53.233+0000] {ssh.py:526} INFO - Reading state information... Done
[2026-03-16T16:24:53.234+0000] {ssh.py:526} INFO - 
[2026-03-16T16:24:53.263+0000] {ssh.py:526} INFO - nfs-common is already the newest version (1:2.6.1-1ubuntu1.2).
[2026-03-16T16:24:53.263+0000] {ssh.py:526} INFO - nfs-kernel-server is already the newest version (1:2.6.1-1ubuntu1.2).
[2026-03-16T16:24:53.710+0000] {ssh.py:526} INFO - 0 upgraded, 0 newly installed, 0 to remove and 68 not upgraded.
[2026-03-16T16:24:53.742+0000] {taskinstance.py:441} INFO - ::group::Post task execution logs
[2026-03-16T16:24:53.770+0000] {taskinstance.py:1206} INFO - Marking task as SUCCESS. dag_id=deployment_workflow, task_id=install_nfs_packages, run_id=manual__2026-03-16T16:23:27.276460, map_index=0, execution_date=20260316T162328, start_date=20260316T162341, end_date=20260316T162453
[2026-03-16T16:24:53.814+0000] {local_task_job_runner.py:240} INFO - Task exited with return code 0
[2026-03-16T16:24:53.894+0000] {taskinstance.py:3498} INFO - 1 downstream tasks scheduled from follow-on schedule check
[2026-03-16T16:24:53.899+0000] {local_task_job_runner.py:222} INFO - ::endgroup::
