[2026-03-11T09:26:12.393+0000] {local_task_job_runner.py:120} INFO - ::group::Pre task execution logs
[2026-03-11T09:26:12.422+0000] {taskinstance.py:2076} INFO - Dependencies all met for dep_context=non-requeueable deps ti=<TaskInstance: deployment_workflow.get_worker_nodes manual__2026-03-11T09:26:04.940184 [queued]>
[2026-03-11T09:26:12.434+0000] {taskinstance.py:2076} INFO - Dependencies all met for dep_context=requeueable deps ti=<TaskInstance: deployment_workflow.get_worker_nodes manual__2026-03-11T09:26:04.940184 [queued]>
[2026-03-11T09:26:12.436+0000] {taskinstance.py:2306} INFO - Starting attempt 1 of 1
[2026-03-11T09:26:12.466+0000] {taskinstance.py:2330} INFO - Executing <Task(PythonOperator): get_worker_nodes> on 2026-03-11 09:26:06.366019+00:00
[2026-03-11T09:26:12.489+0000] {warnings.py:110} WARNING - /home/***/.local/lib/python3.12/site-packages/***/task/task_runner/standard_task_runner.py:61: DeprecationWarning: This process (pid=210) is multi-threaded, use of fork() may lead to deadlocks in the child.
  pid = os.fork()

[2026-03-11T09:26:12.492+0000] {standard_task_runner.py:63} INFO - Started process 218 to run task
[2026-03-11T09:26:12.498+0000] {standard_task_runner.py:90} INFO - Running: ['***', 'tasks', 'run', 'deployment_workflow', 'get_worker_nodes', 'manual__2026-03-11T09:26:04.940184', '--job-id', '184', '--raw', '--subdir', 'DAGS_FOLDER/deployment_workflow.py', '--cfg-path', '/tmp/tmp_xzg5p0h']
[2026-03-11T09:26:12.501+0000] {standard_task_runner.py:91} INFO - Job 184: Subtask get_worker_nodes
[2026-03-11T09:26:12.687+0000] {task_command.py:426} INFO - Running <TaskInstance: deployment_workflow.get_worker_nodes manual__2026-03-11T09:26:04.940184 [running]> on host 7ee527dcce31
[2026-03-11T09:26:13.103+0000] {taskinstance.py:2648} INFO - Exporting env vars: AIRFLOW_CTX_DAG_OWNER='***' AIRFLOW_CTX_DAG_ID='deployment_workflow' AIRFLOW_CTX_TASK_ID='get_worker_nodes' AIRFLOW_CTX_EXECUTION_DATE='2026-03-11T09:26:06.366019+00:00' AIRFLOW_CTX_TRY_NUMBER='1' AIRFLOW_CTX_DAG_RUN_ID='manual__2026-03-11T09:26:04.940184'
[2026-03-11T09:26:13.108+0000] {taskinstance.py:430} INFO - ::endgroup::
[2026-03-11T09:26:13.198+0000] {logging_mixin.py:188} INFO - Found 1 reachable nodes
[2026-03-11T09:26:13.199+0000] {logging_mixin.py:188} INFO -  - 192.168.1.5 (sshuser)
[2026-03-11T09:26:13.200+0000] {python.py:237} INFO - Done. Returned value was: [{'ip': '192.168.1.5', 'username': 'sshuser', 'password': '***', 'status': 'reachable', 'last_checked': '2026-03-11T09:25:06.003389'}]
[2026-03-11T09:26:13.201+0000] {taskinstance.py:441} INFO - ::group::Post task execution logs
[2026-03-11T09:26:13.369+0000] {taskinstance.py:1206} INFO - Marking task as SUCCESS. dag_id=deployment_workflow, task_id=get_worker_nodes, run_id=manual__2026-03-11T09:26:04.940184, execution_date=20260311T092606, start_date=20260311T092612, end_date=20260311T092613
[2026-03-11T09:26:13.443+0000] {local_task_job_runner.py:240} INFO - Task exited with return code 0
[2026-03-11T09:26:13.536+0000] {taskinstance.py:3498} INFO - 1 downstream tasks scheduled from follow-on schedule check
[2026-03-11T09:26:13.556+0000] {local_task_job_runner.py:222} INFO - ::endgroup::
