[2026-03-20T00:18:58.244+0530] {taskinstance.py:1979} INFO - Dependencies all met for dep_context=non-requeueable deps ti=<TaskInstance: nfs_dynamic_roles_deployment.create_client_volume manual__2026-03-19T18:48:21.834751+00:00 [queued]>
[2026-03-20T00:18:58.250+0530] {taskinstance.py:1979} INFO - Dependencies all met for dep_context=requeueable deps ti=<TaskInstance: nfs_dynamic_roles_deployment.create_client_volume manual__2026-03-19T18:48:21.834751+00:00 [queued]>
[2026-03-20T00:18:58.251+0530] {taskinstance.py:2193} INFO - Starting attempt 1 of 2
[2026-03-20T00:18:58.296+0530] {taskinstance.py:2214} INFO - Executing <Task(DynamicSSHOperator): create_client_volume> on 2026-03-19 18:48:21.834751+00:00
[2026-03-20T00:18:58.302+0530] {standard_task_runner.py:60} INFO - Started process 18723 to run task
[2026-03-20T00:18:58.311+0530] {standard_task_runner.py:87} INFO - Running: ['airflow', 'tasks', 'run', 'nfs_dynamic_roles_deployment', 'create_client_volume', 'manual__2026-03-19T18:48:21.834751+00:00', '--job-id', '70', '--raw', '--subdir', 'DAGS_FOLDER/NFS.py', '--cfg-path', '/tmp/tmpdowx7g46']
[2026-03-20T00:18:58.312+0530] {standard_task_runner.py:88} INFO - Job 70: Subtask create_client_volume
[2026-03-20T00:18:58.386+0530] {task_command.py:423} INFO - Running <TaskInstance: nfs_dynamic_roles_deployment.create_client_volume manual__2026-03-19T18:48:21.834751+00:00 [running]> on host tejasvi-Vostro-15-3515
[2026-03-20T00:18:58.593+0530] {taskinstance.py:2510} INFO - Exporting env vars: AIRFLOW_CTX_DAG_OWNER='airflow' AIRFLOW_CTX_DAG_ID='nfs_dynamic_roles_deployment' AIRFLOW_CTX_TASK_ID='create_client_volume' AIRFLOW_CTX_EXECUTION_DATE='2026-03-19T18:48:21.834751+00:00' AIRFLOW_CTX_TRY_NUMBER='1' AIRFLOW_CTX_DAG_RUN_ID='manual__2026-03-19T18:48:21.834751+00:00'
[2026-03-20T00:18:58.595+0530] {ssh.py:151} INFO - Creating ssh_client
[2026-03-20T00:18:58.595+0530] {ssh.py:124} INFO - ssh_hook is not provided or invalid. Trying ssh_conn_id to create SSHHook.
[2026-03-20T00:18:58.601+0530] {base.py:83} INFO - Using connection ID 'worker2' for task execution.
[2026-03-20T00:18:58.604+0530] {ssh.py:301} WARNING - No Host Key Verification. This won't protect against Man-In-The-Middle attacks
[2026-03-20T00:18:58.622+0530] {transport.py:1909} INFO - Connected (version 2.0, client OpenSSH_8.9p1)
[2026-03-20T00:18:58.835+0530] {transport.py:1909} INFO - Authentication (publickey) successful!
[2026-03-20T00:18:58.836+0530] {ssh.py:480} INFO - Running command: 
# Crucial: Destroy the old client container first so the volume is unlocked and can be deleted!
docker rm -f nfs_client_test || true
docker volume rm nfs_client_vol || true

docker volume create --driver local \
  --opt type=nfs \
  --opt o=addr=10.74.172.172,rw,nolock \
  --opt device=:/data \
  nfs_client_vol
        
[2026-03-20T00:18:59.145+0530] {ssh.py:526} INFO - nfs_client_test
[2026-03-20T00:18:59.194+0530] {ssh.py:526} INFO - nfs_client_vol
[2026-03-20T00:18:59.339+0530] {ssh.py:526} INFO - nfs_client_vol
[2026-03-20T00:18:59.537+0530] {taskinstance.py:1149} INFO - Marking task as SUCCESS. dag_id=nfs_dynamic_roles_deployment, task_id=create_client_volume, execution_date=20260319T184821, start_date=20260319T184858, end_date=20260319T184859
[2026-03-20T00:18:59.603+0530] {local_task_job_runner.py:234} INFO - Task exited with return code 0
[2026-03-20T00:18:59.641+0530] {taskinstance.py:3309} INFO - 1 downstream tasks scheduled from follow-on schedule check
