[2026-03-20T18:06:25.080+0530] {taskinstance.py:1979} INFO - Dependencies all met for dep_context=non-requeueable deps ti=<TaskInstance: nfs_dynamic_roles_deployment_error_injected.deploy_server manual__2026-03-20T12:36:07.276741+00:00 [queued]>
[2026-03-20T18:06:25.087+0530] {taskinstance.py:1979} INFO - Dependencies all met for dep_context=requeueable deps ti=<TaskInstance: nfs_dynamic_roles_deployment_error_injected.deploy_server manual__2026-03-20T12:36:07.276741+00:00 [queued]>
[2026-03-20T18:06:25.087+0530] {taskinstance.py:2193} INFO - Starting attempt 1 of 2
[2026-03-20T18:06:25.144+0530] {taskinstance.py:2214} INFO - Executing <Task(DynamicSSHOperator): deploy_server> on 2026-03-20 12:36:07.276741+00:00
[2026-03-20T18:06:25.154+0530] {standard_task_runner.py:60} INFO - Started process 42049 to run task
[2026-03-20T18:06:25.161+0530] {standard_task_runner.py:87} INFO - Running: ['airflow', 'tasks', 'run', 'nfs_dynamic_roles_deployment_error_injected', 'deploy_server', 'manual__2026-03-20T12:36:07.276741+00:00', '--job-id', '134', '--raw', '--subdir', 'DAGS_FOLDER/nfs_dynamic_roles_deployment_error_injected.py', '--cfg-path', '/tmp/tmprr0sarb8']
[2026-03-20T18:06:25.163+0530] {standard_task_runner.py:88} INFO - Job 134: Subtask deploy_server
[2026-03-20T18:06:25.250+0530] {task_command.py:423} INFO - Running <TaskInstance: nfs_dynamic_roles_deployment_error_injected.deploy_server manual__2026-03-20T12:36:07.276741+00:00 [running]> on host tejasvi-Vostro-15-3515
[2026-03-20T18:06:25.776+0530] {taskinstance.py:2510} INFO - Exporting env vars: AIRFLOW_CTX_DAG_OWNER='airflow' AIRFLOW_CTX_DAG_ID='nfs_dynamic_roles_deployment_error_injected' AIRFLOW_CTX_TASK_ID='deploy_server' AIRFLOW_CTX_EXECUTION_DATE='2026-03-20T12:36:07.276741+00:00' AIRFLOW_CTX_TRY_NUMBER='1' AIRFLOW_CTX_DAG_RUN_ID='manual__2026-03-20T12:36:07.276741+00:00'
[2026-03-20T18:06:25.778+0530] {ssh.py:151} INFO - Creating ssh_client
[2026-03-20T18:06:25.779+0530] {ssh.py:124} INFO - ssh_hook is not provided or invalid. Trying ssh_conn_id to create SSHHook.
[2026-03-20T18:06:25.794+0530] {base.py:83} INFO - Using connection ID 'worker2' for task execution.
[2026-03-20T18:06:25.800+0530] {ssh.py:301} WARNING - No Host Key Verification. This won't protect against Man-In-The-Middle attacks
[2026-03-20T18:06:25.818+0530] {transport.py:1909} INFO - Connected (version 2.0, client OpenSSH_8.9p1)
[2026-03-20T18:06:26.035+0530] {transport.py:1909} INFO - Authentication (publickey) successful!
[2026-03-20T18:06:26.036+0530] {ssh.py:480} INFO - Running command: 
docker rm -f nfs_server || true
docker run -d \
--name nfs_server \
--privileged \
--network host \
-v /tmp/nfs-server-data:/data \
-e NFS_EXPORT_0='/data *(rw,sync,no_subtree_check,no_root_squash)' \
erichough/nfs-server
        
[2026-03-20T18:06:26.311+0530] {ssh.py:526} INFO - nfs_server
[2026-03-20T18:06:26.648+0530] {ssh.py:526} INFO - 7b64766753e2d8f553eb9c4acc59b93dff976efefd32c0e5a179e9cff2de9d20
[2026-03-20T18:06:27.388+0530] {taskinstance.py:1149} INFO - Marking task as SUCCESS. dag_id=nfs_dynamic_roles_deployment_error_injected, task_id=deploy_server, execution_date=20260320T123607, start_date=20260320T123625, end_date=20260320T123627
[2026-03-20T18:06:27.500+0530] {local_task_job_runner.py:234} INFO - Task exited with return code 0
[2026-03-20T18:06:27.525+0530] {taskinstance.py:3309} INFO - 1 downstream tasks scheduled from follow-on schedule check
