[2026-03-20T18:05:03.667+0530] {taskinstance.py:1979} INFO - Dependencies all met for dep_context=non-requeueable deps ti=<TaskInstance: distributed_minio_deployment_error_injected.health_check_worker2 manual__2026-03-20T12:33:48.627221+00:00 [queued]>
[2026-03-20T18:05:03.673+0530] {taskinstance.py:1979} INFO - Dependencies all met for dep_context=requeueable deps ti=<TaskInstance: distributed_minio_deployment_error_injected.health_check_worker2 manual__2026-03-20T12:33:48.627221+00:00 [queued]>
[2026-03-20T18:05:03.674+0530] {taskinstance.py:2193} INFO - Starting attempt 2 of 2
[2026-03-20T18:05:03.776+0530] {taskinstance.py:2214} INFO - Executing <Task(SSHOperator): health_check_worker2> on 2026-03-20 12:33:48.627221+00:00
[2026-03-20T18:05:03.788+0530] {standard_task_runner.py:60} INFO - Started process 41115 to run task
[2026-03-20T18:05:03.793+0530] {standard_task_runner.py:87} INFO - Running: ['airflow', 'tasks', 'run', 'distributed_minio_deployment_error_injected', 'health_check_worker2', 'manual__2026-03-20T12:33:48.627221+00:00', '--job-id', '131', '--raw', '--subdir', 'DAGS_FOLDER/distributed_minio_deployment_error_injected.py', '--cfg-path', '/tmp/tmppuvktxx1']
[2026-03-20T18:05:03.794+0530] {standard_task_runner.py:88} INFO - Job 131: Subtask health_check_worker2
[2026-03-20T18:05:03.882+0530] {task_command.py:423} INFO - Running <TaskInstance: distributed_minio_deployment_error_injected.health_check_worker2 manual__2026-03-20T12:33:48.627221+00:00 [running]> on host tejasvi-Vostro-15-3515
[2026-03-20T18:05:04.094+0530] {taskinstance.py:2510} INFO - Exporting env vars: AIRFLOW_CTX_DAG_OWNER='airflow' AIRFLOW_CTX_DAG_ID='distributed_minio_deployment_error_injected' AIRFLOW_CTX_TASK_ID='health_check_worker2' AIRFLOW_CTX_EXECUTION_DATE='2026-03-20T12:33:48.627221+00:00' AIRFLOW_CTX_TRY_NUMBER='2' AIRFLOW_CTX_DAG_RUN_ID='manual__2026-03-20T12:33:48.627221+00:00'
[2026-03-20T18:05:04.095+0530] {ssh.py:151} INFO - Creating ssh_client
[2026-03-20T18:05:04.095+0530] {ssh.py:124} INFO - ssh_hook is not provided or invalid. Trying ssh_conn_id to create SSHHook.
[2026-03-20T18:05:04.104+0530] {base.py:83} INFO - Using connection ID 'worker2' for task execution.
[2026-03-20T18:05:04.106+0530] {ssh.py:301} WARNING - No Host Key Verification. This won't protect against Man-In-The-Middle attacks
[2026-03-20T18:05:04.126+0530] {transport.py:1909} INFO - Connected (version 2.0, client OpenSSH_8.9p1)
[2026-03-20T18:05:04.343+0530] {transport.py:1909} INFO - Authentication (publickey) successful!
[2026-03-20T18:05:04.345+0530] {ssh.py:480} INFO - Running command: 
sleep 5
curl -f http://localhost:9200/minio/health/live
echo "INJECTED_ERROR: forcing failure after successful health check on worker2" >&2
exit 42
        
[2026-03-20T18:05:09.789+0530] {ssh.py:531} WARNING -   % Total    % Received % Xferd  Average Speed   Time    Time     Time  Current
[2026-03-20T18:05:09.790+0530] {ssh.py:531} WARNING -                                  Dload  Upload   Total   Spent    Left  Speed
[2026-03-20T18:05:09.791+0530] {ssh.py:531} WARNING - 
[2026-03-20T18:05:09.792+0530] {ssh.py:531} WARNING -   0     0    0     0    0     0      0      0 --:--:-- --:--:-- --:--:--     0
[2026-03-20T18:05:09.792+0530] {ssh.py:531} WARNING -   0     0    0     0    0     0      0      0 --:--:-- --:--:-- --:--:--     
[2026-03-20T18:05:09.793+0530] {ssh.py:531} WARNING - 0
[2026-03-20T18:05:09.793+0530] {ssh.py:531} WARNING - INJECTED_ERROR: forcing failure after successful health check on worker2
[2026-03-20T18:05:09.838+0530] {taskinstance.py:2728} ERROR - Task failed with exception
Traceback (most recent call last):
  File "/home/tejasvi/Desktop/airflow_ssh_simulation/venv/lib/python3.10/site-packages/airflow/models/taskinstance.py", line 444, in _execute_task
    result = _execute_callable(context=context, **execute_callable_kwargs)
  File "/home/tejasvi/Desktop/airflow_ssh_simulation/venv/lib/python3.10/site-packages/airflow/models/taskinstance.py", line 414, in _execute_callable
    return execute_callable(context=context, **execute_callable_kwargs)
  File "/home/tejasvi/Desktop/airflow_ssh_simulation/venv/lib/python3.10/site-packages/airflow/providers/ssh/operators/ssh.py", line 191, in execute
    result = self.run_ssh_client_command(ssh_client, self.command, context=context)
  File "/home/tejasvi/Desktop/airflow_ssh_simulation/venv/lib/python3.10/site-packages/airflow/providers/ssh/operators/ssh.py", line 179, in run_ssh_client_command
    self.raise_for_status(exit_status, agg_stderr, context=context)
  File "/home/tejasvi/Desktop/airflow_ssh_simulation/venv/lib/python3.10/site-packages/airflow/providers/ssh/operators/ssh.py", line 173, in raise_for_status
    raise AirflowException(f"SSH operator error: exit status = {exit_status}")
airflow.exceptions.AirflowException: SSH operator error: exit status = 42
[2026-03-20T18:05:09.844+0530] {taskinstance.py:1149} INFO - Marking task as FAILED. dag_id=distributed_minio_deployment_error_injected, task_id=health_check_worker2, execution_date=20260320T123348, start_date=20260320T123503, end_date=20260320T123509
[2026-03-20T18:05:09.889+0530] {standard_task_runner.py:107} ERROR - Failed to execute job 131 for task health_check_worker2 (SSH operator error: exit status = 42; 41115)
[2026-03-20T18:05:09.918+0530] {local_task_job_runner.py:234} INFO - Task exited with return code 1
[2026-03-20T18:05:10.017+0530] {taskinstance.py:3309} INFO - 0 downstream tasks scheduled from follow-on schedule check
