[2026-03-16T16:01:47.955+0000] {local_task_job_runner.py:120} INFO - ::group::Pre task execution logs
[2026-03-16T16:01:47.998+0000] {taskinstance.py:2076} INFO - Dependencies all met for dep_context=non-requeueable deps ti=<TaskInstance: deployment_workflow.get_worker_nodes manual__2026-03-16T16:01:42.766671 [queued]>
[2026-03-16T16:01:48.011+0000] {taskinstance.py:2076} INFO - Dependencies all met for dep_context=requeueable deps ti=<TaskInstance: deployment_workflow.get_worker_nodes manual__2026-03-16T16:01:42.766671 [queued]>
[2026-03-16T16:01:48.013+0000] {taskinstance.py:2306} INFO - Starting attempt 1 of 1
[2026-03-16T16:01:48.033+0000] {taskinstance.py:2330} INFO - Executing <Task(PythonOperator): get_worker_nodes> on 2026-03-16 16:01:43.986823+00:00
[2026-03-16T16:01:48.043+0000] {warnings.py:110} WARNING - /home/***/.local/lib/python3.12/site-packages/***/task/task_runner/standard_task_runner.py:61: DeprecationWarning: This process (pid=94) is multi-threaded, use of fork() may lead to deadlocks in the child.
  pid = os.fork()

[2026-03-16T16:01:48.044+0000] {standard_task_runner.py:63} INFO - Started process 96 to run task
[2026-03-16T16:01:48.044+0000] {standard_task_runner.py:90} INFO - Running: ['***', 'tasks', 'run', 'deployment_workflow', 'get_worker_nodes', 'manual__2026-03-16T16:01:42.766671', '--job-id', '193', '--raw', '--subdir', 'DAGS_FOLDER/deployment_workflow.py', '--cfg-path', '/tmp/tmpwu4us_z8']
[2026-03-16T16:01:48.047+0000] {standard_task_runner.py:91} INFO - Job 193: Subtask get_worker_nodes
[2026-03-16T16:01:48.139+0000] {task_command.py:426} INFO - Running <TaskInstance: deployment_workflow.get_worker_nodes manual__2026-03-16T16:01:42.766671 [running]> on host 7ee527dcce31
[2026-03-16T16:01:48.271+0000] {taskinstance.py:2648} INFO - Exporting env vars: AIRFLOW_CTX_DAG_OWNER='***' AIRFLOW_CTX_DAG_ID='deployment_workflow' AIRFLOW_CTX_TASK_ID='get_worker_nodes' AIRFLOW_CTX_EXECUTION_DATE='2026-03-16T16:01:43.986823+00:00' AIRFLOW_CTX_TRY_NUMBER='1' AIRFLOW_CTX_DAG_RUN_ID='manual__2026-03-16T16:01:42.766671'
[2026-03-16T16:01:48.275+0000] {taskinstance.py:430} INFO - ::endgroup::
[2026-03-16T16:01:48.315+0000] {logging_mixin.py:188} INFO - Found 1 reachable nodes
[2026-03-16T16:01:48.316+0000] {logging_mixin.py:188} INFO -  - 192.168.1.2 (ubuntuworkervm)
[2026-03-16T16:01:48.317+0000] {python.py:237} INFO - Done. Returned value was: [{'ip': '192.168.1.2', 'username': 'ubuntuworkervm', 'password': '***', 'status': 'reachable', 'last_checked': '2026-03-16T16:01:11.712717'}]
[2026-03-16T16:01:48.317+0000] {taskinstance.py:441} INFO - ::group::Post task execution logs
[2026-03-16T16:01:48.346+0000] {taskinstance.py:1206} INFO - Marking task as SUCCESS. dag_id=deployment_workflow, task_id=get_worker_nodes, run_id=manual__2026-03-16T16:01:42.766671, execution_date=20260316T160143, start_date=20260316T160147, end_date=20260316T160148
[2026-03-16T16:01:48.379+0000] {local_task_job_runner.py:240} INFO - Task exited with return code 0
[2026-03-16T16:01:48.433+0000] {taskinstance.py:3498} INFO - 1 downstream tasks scheduled from follow-on schedule check
[2026-03-16T16:01:48.439+0000] {local_task_job_runner.py:222} INFO - ::endgroup::
