[2026-03-20T18:09:46.875+0530] {taskinstance.py:1979} INFO - Dependencies all met for dep_context=non-requeueable deps ti=<TaskInstance: distributed_minio_cleanup_error_injected.remove_storage_worker2 manual__2026-03-20T12:38:40.300729+00:00 [queued]>
[2026-03-20T18:09:46.882+0530] {taskinstance.py:1979} INFO - Dependencies all met for dep_context=requeueable deps ti=<TaskInstance: distributed_minio_cleanup_error_injected.remove_storage_worker2 manual__2026-03-20T12:38:40.300729+00:00 [queued]>
[2026-03-20T18:09:46.882+0530] {taskinstance.py:2193} INFO - Starting attempt 2 of 2
[2026-03-20T18:09:46.931+0530] {taskinstance.py:2214} INFO - Executing <Task(SSHOperator): remove_storage_worker2> on 2026-03-20 12:38:40.300729+00:00
[2026-03-20T18:09:46.939+0530] {standard_task_runner.py:60} INFO - Started process 44493 to run task
[2026-03-20T18:09:46.947+0530] {standard_task_runner.py:87} INFO - Running: ['airflow', 'tasks', 'run', 'distributed_minio_cleanup_error_injected', 'remove_storage_worker2', 'manual__2026-03-20T12:38:40.300729+00:00', '--job-id', '144', '--raw', '--subdir', 'DAGS_FOLDER/distributed_minio_cleanup_error_injected.py', '--cfg-path', '/tmp/tmponk8e1nd']
[2026-03-20T18:09:46.948+0530] {standard_task_runner.py:88} INFO - Job 144: Subtask remove_storage_worker2
[2026-03-20T18:09:47.015+0530] {task_command.py:423} INFO - Running <TaskInstance: distributed_minio_cleanup_error_injected.remove_storage_worker2 manual__2026-03-20T12:38:40.300729+00:00 [running]> on host tejasvi-Vostro-15-3515
[2026-03-20T18:09:47.139+0530] {taskinstance.py:2510} INFO - Exporting env vars: AIRFLOW_CTX_DAG_OWNER='airflow' AIRFLOW_CTX_DAG_ID='distributed_minio_cleanup_error_injected' AIRFLOW_CTX_TASK_ID='remove_storage_worker2' AIRFLOW_CTX_EXECUTION_DATE='2026-03-20T12:38:40.300729+00:00' AIRFLOW_CTX_TRY_NUMBER='2' AIRFLOW_CTX_DAG_RUN_ID='manual__2026-03-20T12:38:40.300729+00:00'
[2026-03-20T18:09:47.140+0530] {ssh.py:151} INFO - Creating ssh_client
[2026-03-20T18:09:47.141+0530] {ssh.py:124} INFO - ssh_hook is not provided or invalid. Trying ssh_conn_id to create SSHHook.
[2026-03-20T18:09:47.148+0530] {base.py:83} INFO - Using connection ID 'worker2' for task execution.
[2026-03-20T18:09:47.150+0530] {ssh.py:301} WARNING - No Host Key Verification. This won't protect against Man-In-The-Middle attacks
[2026-03-20T18:09:47.168+0530] {transport.py:1909} INFO - Connected (version 2.0, client OpenSSH_8.9p1)
[2026-03-20T18:09:47.435+0530] {transport.py:1909} INFO - Authentication (publickey) successful!
[2026-03-20T18:09:47.436+0530] {ssh.py:480} INFO - Running command: 
rm -rf /tmp/minio-data-worker2 || true
echo "INJECTED_ERROR: simulated cleanup failure on worker2" >&2
exit 43
        
[2026-03-20T18:09:47.582+0530] {ssh.py:531} WARNING - rm: cannot remove '/tmp/minio-data-worker2/.minio.sys/pool.bin/xl.meta': Permission denied
[2026-03-20T18:09:47.582+0530] {ssh.py:531} WARNING - rm: cannot remove '/tmp/minio-data-worker2/.minio.sys/config/config.json/xl.meta': Permission denied
[2026-03-20T18:09:47.583+0530] {ssh.py:531} WARNING - rm: cannot remove '/tmp/minio-data-worker2/.minio.sys/config/iam/format.json/xl.meta': Permission denied
[2026-03-20T18:09:47.583+0530] {ssh.py:531} WARNING - rm: cannot remove '/tmp/minio-data-worker2/.minio.sys/buckets/.heal/mrf/list.bin': Permission denied
[2026-03-20T18:09:47.584+0530] {ssh.py:531} WARNING - rm: cannot remove '/tmp/minio-data-worker2/.minio.sys/buckets/.usage.json/xl.meta': Permission denied
[2026-03-20T18:09:47.584+0530] {ssh.py:531} WARNING - rm: cannot remove '/tmp/minio-data-worker2/.minio.sys/buckets/.bloomcycle.bin/xl.meta': Permission denied
[2026-03-20T18:09:47.585+0530] {ssh.py:531} WARNING - rm: cannot remove '/tmp/minio-data-worker2/.minio.sys/tmp/.trash/74e4aea7-344b-4132-ba89-bfc65478e142/xl.meta.bkp': Permission denied
[2026-03-20T18:09:47.585+0530] {ssh.py:531} WARNING - rm: cannot remove '/tmp/minio-data-worker2/.minio.sys/tmp/.trash/f266a17f-651d-4506-89bc-9a8399a44460/xl.meta.bkp': Permission denied
[2026-03-20T18:09:47.585+0530] {ssh.py:531} WARNING - rm: cannot remove '/tmp/minio-data-worker2/.minio.sys/tmp/.trash/f29f5bf7-c069-4328-afb1-62d5708bca19/xl.meta.bkp': Permission denied
[2026-03-20T18:09:47.585+0530] {ssh.py:531} WARNING - rm: cannot remove '/tmp/minio-data-worker2/.minio.sys/tmp/.trash/68e79d4d-50fd-4f5c-b3be-36342bf144bf/xl.meta.bkp': Permission denied
[2026-03-20T18:09:47.585+0530] {ssh.py:531} WARNING - rm: cannot remove '/tmp/minio-data-worker2/.minio.sys/tmp/.trash/2245b7c9-2e5a-4ee3-9256-a2e33a7f973a/xl.meta.bkp': Permission denied
[2026-03-20T18:09:47.585+0530] {ssh.py:531} WARNING - rm: cannot remove '/tmp/minio-data-worker2/.minio.sys/tmp/.trash/91452124-238d-48f3-97d7-1bd5a6b8f019/xl.meta.bkp': Permission denied
[2026-03-20T18:09:47.585+0530] {ssh.py:531} WARNING - rm: cannot remove '/tmp/minio-data-worker2/.minio.sys/tmp/6cf1de2a-cbe0-4b90-8f1f-6b5b470f204b': Permission denied
[2026-03-20T18:09:47.586+0530] {ssh.py:531} WARNING - rm: cannot remove '/tmp/minio-data-worker2/.minio.sys/format.json': Permission denied
[2026-03-20T18:09:47.586+0530] {ssh.py:531} WARNING - rm: cannot remove '/tmp/minio-data-worker2/.minio.sys/multipart': Permission denied
[2026-03-20T18:09:47.586+0530] {ssh.py:531} WARNING - INJECTED_ERROR: simulated cleanup failure on worker2
[2026-03-20T18:09:47.668+0530] {taskinstance.py:2728} ERROR - Task failed with exception
Traceback (most recent call last):
  File "/home/tejasvi/Desktop/airflow_ssh_simulation/venv/lib/python3.10/site-packages/airflow/models/taskinstance.py", line 444, in _execute_task
    result = _execute_callable(context=context, **execute_callable_kwargs)
  File "/home/tejasvi/Desktop/airflow_ssh_simulation/venv/lib/python3.10/site-packages/airflow/models/taskinstance.py", line 414, in _execute_callable
    return execute_callable(context=context, **execute_callable_kwargs)
  File "/home/tejasvi/Desktop/airflow_ssh_simulation/venv/lib/python3.10/site-packages/airflow/providers/ssh/operators/ssh.py", line 191, in execute
    result = self.run_ssh_client_command(ssh_client, self.command, context=context)
  File "/home/tejasvi/Desktop/airflow_ssh_simulation/venv/lib/python3.10/site-packages/airflow/providers/ssh/operators/ssh.py", line 179, in run_ssh_client_command
    self.raise_for_status(exit_status, agg_stderr, context=context)
  File "/home/tejasvi/Desktop/airflow_ssh_simulation/venv/lib/python3.10/site-packages/airflow/providers/ssh/operators/ssh.py", line 173, in raise_for_status
    raise AirflowException(f"SSH operator error: exit status = {exit_status}")
airflow.exceptions.AirflowException: SSH operator error: exit status = 43
[2026-03-20T18:09:47.672+0530] {taskinstance.py:1149} INFO - Marking task as FAILED. dag_id=distributed_minio_cleanup_error_injected, task_id=remove_storage_worker2, execution_date=20260320T123840, start_date=20260320T123946, end_date=20260320T123947
[2026-03-20T18:09:47.731+0530] {standard_task_runner.py:107} ERROR - Failed to execute job 144 for task remove_storage_worker2 (SSH operator error: exit status = 43; 44493)
[2026-03-20T18:09:47.758+0530] {local_task_job_runner.py:234} INFO - Task exited with return code 1
[2026-03-20T18:09:47.847+0530] {taskinstance.py:3309} INFO - 0 downstream tasks scheduled from follow-on schedule check
