[2026-03-06T12:27:59.928+0000] {local_task_job_runner.py:120} INFO - ::group::Pre task execution logs
[2026-03-06T12:27:59.995+0000] {taskinstance.py:2076} INFO - Dependencies all met for dep_context=non-requeueable deps ti=<TaskInstance: deployment_workflow.create_airflow_connections manual__2026-03-06T12:27:33.950523 [queued]>
[2026-03-06T12:28:00.053+0000] {taskinstance.py:2076} INFO - Dependencies all met for dep_context=requeueable deps ti=<TaskInstance: deployment_workflow.create_airflow_connections manual__2026-03-06T12:27:33.950523 [queued]>
[2026-03-06T12:28:00.059+0000] {taskinstance.py:2306} INFO - Starting attempt 1 of 1
[2026-03-06T12:28:00.116+0000] {taskinstance.py:2330} INFO - Executing <Task(PythonOperator): create_airflow_connections> on 2026-03-06 12:27:36.765070+00:00
[2026-03-06T12:28:00.126+0000] {warnings.py:110} WARNING - /home/***/.local/lib/python3.12/site-packages/***/task/task_runner/standard_task_runner.py:61: DeprecationWarning: This process (pid=100) is multi-threaded, use of fork() may lead to deadlocks in the child.
  pid = os.fork()

[2026-03-06T12:28:00.129+0000] {standard_task_runner.py:63} INFO - Started process 102 to run task
[2026-03-06T12:28:00.128+0000] {standard_task_runner.py:90} INFO - Running: ['***', 'tasks', 'run', 'deployment_workflow', 'create_***_connections', 'manual__2026-03-06T12:27:33.950523', '--job-id', '99', '--raw', '--subdir', 'DAGS_FOLDER/deployment_workflow.py', '--cfg-path', '/tmp/tmp7e4io3m2']
[2026-03-06T12:28:00.136+0000] {standard_task_runner.py:91} INFO - Job 99: Subtask create_***_connections
[2026-03-06T12:28:00.260+0000] {task_command.py:426} INFO - Running <TaskInstance: deployment_workflow.create_airflow_connections manual__2026-03-06T12:27:33.950523 [running]> on host 7ab5aef854fa
[2026-03-06T12:28:00.547+0000] {taskinstance.py:2648} INFO - Exporting env vars: AIRFLOW_CTX_DAG_OWNER='***' AIRFLOW_CTX_DAG_ID='deployment_workflow' AIRFLOW_CTX_TASK_ID='create_***_connections' AIRFLOW_CTX_EXECUTION_DATE='2026-03-06T12:27:36.765070+00:00' AIRFLOW_CTX_TRY_NUMBER='1' AIRFLOW_CTX_DAG_RUN_ID='manual__2026-03-06T12:27:33.950523'
[2026-03-06T12:28:00.552+0000] {taskinstance.py:430} INFO - ::endgroup::
[2026-03-06T12:28:00.568+0000] {crypto.py:82} WARNING - empty cryptography key - values will not be stored encrypted.
[2026-03-06T12:28:00.581+0000] {logging_mixin.py:188} INFO - Created connection for 192.168.1.5
[2026-03-06T12:28:00.583+0000] {python.py:237} INFO - Done. Returned value was: ['worker_node_192_168_1_5']
[2026-03-06T12:28:00.585+0000] {taskinstance.py:441} INFO - ::group::Post task execution logs
[2026-03-06T12:28:00.640+0000] {taskinstance.py:1206} INFO - Marking task as SUCCESS. dag_id=deployment_workflow, task_id=create_***_connections, run_id=manual__2026-03-06T12:27:33.950523, execution_date=20260306T122736, start_date=20260306T122800, end_date=20260306T122800
[2026-03-06T12:28:00.722+0000] {local_task_job_runner.py:240} INFO - Task exited with return code 0
[2026-03-06T12:28:00.884+0000] {taskinstance.py:3498} INFO - 1 downstream tasks scheduled from follow-on schedule check
[2026-03-06T12:28:00.890+0000] {local_task_job_runner.py:222} INFO - ::endgroup::
