[2026-03-06T14:57:45.867+0000] {local_task_job_runner.py:120} INFO - ::group::Pre task execution logs
[2026-03-06T14:57:46.027+0000] {taskinstance.py:2076} INFO - Dependencies all met for dep_context=non-requeueable deps ti=<TaskInstance: deployment_workflow.get_worker_nodes manual__2026-03-06T14:57:02.108483 [queued]>
[2026-03-06T14:57:46.111+0000] {taskinstance.py:2076} INFO - Dependencies all met for dep_context=requeueable deps ti=<TaskInstance: deployment_workflow.get_worker_nodes manual__2026-03-06T14:57:02.108483 [queued]>
[2026-03-06T14:57:46.116+0000] {taskinstance.py:2306} INFO - Starting attempt 1 of 1
[2026-03-06T14:57:46.257+0000] {taskinstance.py:2330} INFO - Executing <Task(PythonOperator): get_worker_nodes> on 2026-03-06 14:57:06.109329+00:00
[2026-03-06T14:57:46.321+0000] {warnings.py:110} WARNING - /home/***/.local/lib/python3.12/site-packages/***/task/task_runner/standard_task_runner.py:61: DeprecationWarning: This process (pid=318) is multi-threaded, use of fork() may lead to deadlocks in the child.
  pid = os.fork()

[2026-03-06T14:57:46.351+0000] {standard_task_runner.py:63} INFO - Started process 320 to run task
[2026-03-06T14:57:46.338+0000] {standard_task_runner.py:90} INFO - Running: ['***', 'tasks', 'run', 'deployment_workflow', 'get_worker_nodes', 'manual__2026-03-06T14:57:02.108483', '--job-id', '138', '--raw', '--subdir', 'DAGS_FOLDER/deployment_workflow.py', '--cfg-path', '/tmp/tmpr345qefa']
[2026-03-06T14:57:46.379+0000] {standard_task_runner.py:91} INFO - Job 138: Subtask get_worker_nodes
[2026-03-06T14:57:46.855+0000] {task_command.py:426} INFO - Running <TaskInstance: deployment_workflow.get_worker_nodes manual__2026-03-06T14:57:02.108483 [running]> on host 0ad8c9765a82
[2026-03-06T14:57:47.351+0000] {taskinstance.py:2648} INFO - Exporting env vars: AIRFLOW_CTX_DAG_OWNER='***' AIRFLOW_CTX_DAG_ID='deployment_workflow' AIRFLOW_CTX_TASK_ID='get_worker_nodes' AIRFLOW_CTX_EXECUTION_DATE='2026-03-06T14:57:06.109329+00:00' AIRFLOW_CTX_TRY_NUMBER='1' AIRFLOW_CTX_DAG_RUN_ID='manual__2026-03-06T14:57:02.108483'
[2026-03-06T14:57:47.380+0000] {taskinstance.py:430} INFO - ::endgroup::
[2026-03-06T14:57:47.671+0000] {logging_mixin.py:188} INFO - Found 1 reachable nodes
[2026-03-06T14:57:47.681+0000] {logging_mixin.py:188} INFO -  - 192.168.1.5 (sshuser)
[2026-03-06T14:57:47.689+0000] {python.py:237} INFO - Done. Returned value was: [{'ip': '192.168.1.5', 'username': 'sshuser', 'password': '***', 'status': 'reachable', 'last_checked': '2026-03-06T14:56:58.932888'}]
[2026-03-06T14:57:47.697+0000] {taskinstance.py:441} INFO - ::group::Post task execution logs
[2026-03-06T14:57:47.880+0000] {taskinstance.py:1206} INFO - Marking task as SUCCESS. dag_id=deployment_workflow, task_id=get_worker_nodes, run_id=manual__2026-03-06T14:57:02.108483, execution_date=20260306T145706, start_date=20260306T145746, end_date=20260306T145747
[2026-03-06T14:57:48.046+0000] {local_task_job_runner.py:240} INFO - Task exited with return code 0
[2026-03-06T14:57:48.223+0000] {taskinstance.py:3498} INFO - 1 downstream tasks scheduled from follow-on schedule check
[2026-03-06T14:57:48.235+0000] {local_task_job_runner.py:222} INFO - ::endgroup::
