[2026-03-20T13:47:42.424+0530] {taskinstance.py:1979} INFO - Dependencies all met for dep_context=non-requeueable deps ti=<TaskInstance: nfs_dynamic_roles_deployment.deploy_server manual__2026-03-20T08:17:31.757401+00:00 [queued]>
[2026-03-20T13:47:42.431+0530] {taskinstance.py:1979} INFO - Dependencies all met for dep_context=requeueable deps ti=<TaskInstance: nfs_dynamic_roles_deployment.deploy_server manual__2026-03-20T08:17:31.757401+00:00 [queued]>
[2026-03-20T13:47:42.431+0530] {taskinstance.py:2193} INFO - Starting attempt 1 of 2
[2026-03-20T13:47:42.471+0530] {taskinstance.py:2214} INFO - Executing <Task(DynamicSSHOperator): deploy_server> on 2026-03-20 08:17:31.757401+00:00
[2026-03-20T13:47:42.477+0530] {standard_task_runner.py:60} INFO - Started process 32792 to run task
[2026-03-20T13:47:42.484+0530] {standard_task_runner.py:87} INFO - Running: ['airflow', 'tasks', 'run', 'nfs_dynamic_roles_deployment', 'deploy_server', 'manual__2026-03-20T08:17:31.757401+00:00', '--job-id', '119', '--raw', '--subdir', 'DAGS_FOLDER/NFS.py', '--cfg-path', '/tmp/tmpyjmrk9nz']
[2026-03-20T13:47:42.485+0530] {standard_task_runner.py:88} INFO - Job 119: Subtask deploy_server
[2026-03-20T13:47:42.563+0530] {task_command.py:423} INFO - Running <TaskInstance: nfs_dynamic_roles_deployment.deploy_server manual__2026-03-20T08:17:31.757401+00:00 [running]> on host tejasvi-Vostro-15-3515
[2026-03-20T13:47:42.699+0530] {taskinstance.py:2510} INFO - Exporting env vars: AIRFLOW_CTX_DAG_OWNER='airflow' AIRFLOW_CTX_DAG_ID='nfs_dynamic_roles_deployment' AIRFLOW_CTX_TASK_ID='deploy_server' AIRFLOW_CTX_EXECUTION_DATE='2026-03-20T08:17:31.757401+00:00' AIRFLOW_CTX_TRY_NUMBER='1' AIRFLOW_CTX_DAG_RUN_ID='manual__2026-03-20T08:17:31.757401+00:00'
[2026-03-20T13:47:42.701+0530] {ssh.py:151} INFO - Creating ssh_client
[2026-03-20T13:47:42.701+0530] {ssh.py:124} INFO - ssh_hook is not provided or invalid. Trying ssh_conn_id to create SSHHook.
[2026-03-20T13:47:42.710+0530] {base.py:83} INFO - Using connection ID 'worker2' for task execution.
[2026-03-20T13:47:42.713+0530] {ssh.py:301} WARNING - No Host Key Verification. This won't protect against Man-In-The-Middle attacks
[2026-03-20T13:47:42.729+0530] {transport.py:1909} INFO - Connected (version 2.0, client OpenSSH_8.9p1)
[2026-03-20T13:47:42.944+0530] {transport.py:1909} INFO - Authentication (publickey) successful!
[2026-03-20T13:47:42.944+0530] {ssh.py:480} INFO - Running command: 
docker rm -f nfs_server || true
docker run -d \
--name nfs_server \
--privileged \
--network host \
-v /tmp/nfs-server-data:/data \
-e NFS_EXPORT_0='/data *(rw,sync,no_subtree_check,no_root_squash)' \
erichough/nfs-server
        
[2026-03-20T13:47:43.402+0530] {ssh.py:526} INFO - nfs_server
[2026-03-20T13:47:43.563+0530] {ssh.py:526} INFO - 589eb6c0ddc1f4e35138744e4450e6024c4d762a6832a8359776973d534421e6
[2026-03-20T13:47:43.939+0530] {taskinstance.py:1149} INFO - Marking task as SUCCESS. dag_id=nfs_dynamic_roles_deployment, task_id=deploy_server, execution_date=20260320T081731, start_date=20260320T081742, end_date=20260320T081743
[2026-03-20T13:47:44.017+0530] {local_task_job_runner.py:234} INFO - Task exited with return code 0
[2026-03-20T13:47:44.049+0530] {taskinstance.py:3309} INFO - 1 downstream tasks scheduled from follow-on schedule check
