[2026-03-16T16:08:28.598+0000] {local_task_job_runner.py:120} INFO - ::group::Pre task execution logs
[2026-03-16T16:08:28.623+0000] {taskinstance.py:2076} INFO - Dependencies all met for dep_context=non-requeueable deps ti=<TaskInstance: deployment_workflow.prepare_nfs_share manual__2026-03-16T16:07:22.866897 map_index=0 [queued]>
[2026-03-16T16:08:28.633+0000] {taskinstance.py:2076} INFO - Dependencies all met for dep_context=requeueable deps ti=<TaskInstance: deployment_workflow.prepare_nfs_share manual__2026-03-16T16:07:22.866897 map_index=0 [queued]>
[2026-03-16T16:08:28.634+0000] {taskinstance.py:2306} INFO - Starting attempt 1 of 1
[2026-03-16T16:08:28.650+0000] {taskinstance.py:2330} INFO - Executing <Mapped(SSHOperator): prepare_nfs_share> on 2026-03-16 16:07:23.546954+00:00
[2026-03-16T16:08:28.658+0000] {warnings.py:110} WARNING - /home/***/.local/lib/python3.12/site-packages/***/task/task_runner/standard_task_runner.py:61: DeprecationWarning: This process (pid=204) is multi-threaded, use of fork() may lead to deadlocks in the child.
  pid = os.fork()

[2026-03-16T16:08:28.660+0000] {standard_task_runner.py:63} INFO - Started process 206 to run task
[2026-03-16T16:08:28.660+0000] {standard_task_runner.py:90} INFO - Running: ['***', 'tasks', 'run', 'deployment_workflow', 'prepare_nfs_share', 'manual__2026-03-16T16:07:22.866897', '--job-id', '200', '--raw', '--subdir', 'DAGS_FOLDER/deployment_workflow.py', '--cfg-path', '/tmp/tmpurhumuo6', '--map-index', '0']
[2026-03-16T16:08:28.664+0000] {standard_task_runner.py:91} INFO - Job 200: Subtask prepare_nfs_share
[2026-03-16T16:08:28.737+0000] {task_command.py:426} INFO - Running <TaskInstance: deployment_workflow.prepare_nfs_share manual__2026-03-16T16:07:22.866897 map_index=0 [running]> on host 7ee527dcce31
[2026-03-16T16:08:28.886+0000] {taskinstance.py:2648} INFO - Exporting env vars: AIRFLOW_CTX_DAG_OWNER='***' AIRFLOW_CTX_DAG_ID='deployment_workflow' AIRFLOW_CTX_TASK_ID='prepare_nfs_share' AIRFLOW_CTX_EXECUTION_DATE='2026-03-16T16:07:23.546954+00:00' AIRFLOW_CTX_TRY_NUMBER='1' AIRFLOW_CTX_DAG_RUN_ID='manual__2026-03-16T16:07:22.866897'
[2026-03-16T16:08:28.899+0000] {taskinstance.py:430} INFO - ::endgroup::
[2026-03-16T16:08:28.900+0000] {ssh.py:151} INFO - Creating ssh_client
[2026-03-16T16:08:28.901+0000] {ssh.py:124} INFO - ssh_hook is not provided or invalid. Trying ssh_conn_id to create SSHHook.
[2026-03-16T16:08:28.916+0000] {base.py:84} INFO - Using connection ID 'worker_node_192_168_1_2' for task execution.
[2026-03-16T16:08:28.917+0000] {ssh.py:301} WARNING - No Host Key Verification. This won't protect against Man-In-The-Middle attacks
[2026-03-16T16:08:28.940+0000] {transport.py:1909} INFO - Connected (version 2.0, client OpenSSH_8.9p1)
[2026-03-16T16:08:28.998+0000] {transport.py:1909} INFO - Authentication (password) successful!
[2026-03-16T16:08:29.001+0000] {ssh.py:480} INFO - Running command: set -e; sudo mkdir -p /srv/nfs/share; sudo chown nobody:nogroup /srv/nfs/share; sudo chmod 0777 /srv/nfs/share; ls -ld /srv/nfs/share
[2026-03-16T16:08:29.205+0000] {ssh.py:526} INFO - drwxrwxrwx 2 nobody nogroup 4096 Mar 16 16:08 /srv/nfs/share
[2026-03-16T16:08:29.239+0000] {taskinstance.py:441} INFO - ::group::Post task execution logs
[2026-03-16T16:08:29.291+0000] {taskinstance.py:1206} INFO - Marking task as SUCCESS. dag_id=deployment_workflow, task_id=prepare_nfs_share, run_id=manual__2026-03-16T16:07:22.866897, map_index=0, execution_date=20260316T160723, start_date=20260316T160828, end_date=20260316T160829
[2026-03-16T16:08:29.358+0000] {local_task_job_runner.py:240} INFO - Task exited with return code 0
[2026-03-16T16:08:29.491+0000] {taskinstance.py:3498} INFO - 1 downstream tasks scheduled from follow-on schedule check
[2026-03-16T16:08:29.500+0000] {local_task_job_runner.py:222} INFO - ::endgroup::
