[2026-03-16T15:58:56.443+0000] {processor.py:161} INFO - Started process (PID=60) to work on /opt/airflow/dags/deployment_workflow.py
[2026-03-16T15:58:56.445+0000] {processor.py:830} INFO - Processing file /opt/airflow/dags/deployment_workflow.py for tasks to queue
[2026-03-16T15:58:56.452+0000] {logging_mixin.py:188} INFO - [2026-03-16T15:58:56.451+0000] {dagbag.py:545} INFO - Filling up the DagBag from /opt/airflow/dags/deployment_workflow.py
[2026-03-16T15:58:56.878+0000] {processor.py:840} INFO - DAG(s) 'deployment_workflow' retrieved from /opt/airflow/dags/deployment_workflow.py
[2026-03-16T15:58:57.796+0000] {logging_mixin.py:188} INFO - [2026-03-16T15:58:57.795+0000] {dag.py:3096} INFO - Sync 1 DAGs
[2026-03-16T15:58:57.883+0000] {logging_mixin.py:188} INFO - [2026-03-16T15:58:57.883+0000] {dag.py:3954} INFO - Setting next_dagrun for deployment_workflow to None, run_after=None
[2026-03-16T15:58:58.273+0000] {processor.py:183} INFO - Processing /opt/airflow/dags/deployment_workflow.py took 1.843 seconds
[2026-03-16T15:59:33.647+0000] {processor.py:161} INFO - Started process (PID=42) to work on /opt/airflow/dags/deployment_workflow.py
[2026-03-16T15:59:33.650+0000] {processor.py:830} INFO - Processing file /opt/airflow/dags/deployment_workflow.py for tasks to queue
[2026-03-16T15:59:33.655+0000] {logging_mixin.py:188} INFO - [2026-03-16T15:59:33.654+0000] {dagbag.py:545} INFO - Filling up the DagBag from /opt/airflow/dags/deployment_workflow.py
[2026-03-16T15:59:33.696+0000] {processor.py:840} INFO - DAG(s) 'deployment_workflow' retrieved from /opt/airflow/dags/deployment_workflow.py
[2026-03-16T15:59:33.744+0000] {logging_mixin.py:188} INFO - [2026-03-16T15:59:33.744+0000] {dag.py:3096} INFO - Sync 1 DAGs
[2026-03-16T15:59:33.764+0000] {logging_mixin.py:188} INFO - [2026-03-16T15:59:33.764+0000] {dag.py:3954} INFO - Setting next_dagrun for deployment_workflow to None, run_after=None
[2026-03-16T15:59:33.796+0000] {processor.py:183} INFO - Processing /opt/airflow/dags/deployment_workflow.py took 0.160 seconds
[2026-03-16T16:00:03.907+0000] {processor.py:161} INFO - Started process (PID=102) to work on /opt/airflow/dags/deployment_workflow.py
[2026-03-16T16:00:03.908+0000] {processor.py:830} INFO - Processing file /opt/airflow/dags/deployment_workflow.py for tasks to queue
[2026-03-16T16:00:03.911+0000] {logging_mixin.py:188} INFO - [2026-03-16T16:00:03.911+0000] {dagbag.py:545} INFO - Filling up the DagBag from /opt/airflow/dags/deployment_workflow.py
[2026-03-16T16:00:03.951+0000] {processor.py:840} INFO - DAG(s) 'deployment_workflow' retrieved from /opt/airflow/dags/deployment_workflow.py
[2026-03-16T16:00:03.992+0000] {logging_mixin.py:188} INFO - [2026-03-16T16:00:03.992+0000] {dag.py:3096} INFO - Sync 1 DAGs
[2026-03-16T16:00:04.016+0000] {logging_mixin.py:188} INFO - [2026-03-16T16:00:04.016+0000] {dag.py:3954} INFO - Setting next_dagrun for deployment_workflow to None, run_after=None
[2026-03-16T16:00:04.046+0000] {processor.py:183} INFO - Processing /opt/airflow/dags/deployment_workflow.py took 0.150 seconds
[2026-03-16T16:00:34.386+0000] {processor.py:161} INFO - Started process (PID=161) to work on /opt/airflow/dags/deployment_workflow.py
[2026-03-16T16:00:34.392+0000] {processor.py:830} INFO - Processing file /opt/airflow/dags/deployment_workflow.py for tasks to queue
[2026-03-16T16:00:34.406+0000] {logging_mixin.py:188} INFO - [2026-03-16T16:00:34.405+0000] {dagbag.py:545} INFO - Filling up the DagBag from /opt/airflow/dags/deployment_workflow.py
[2026-03-16T16:00:34.466+0000] {processor.py:840} INFO - DAG(s) 'deployment_workflow' retrieved from /opt/airflow/dags/deployment_workflow.py
[2026-03-16T16:00:34.523+0000] {logging_mixin.py:188} INFO - [2026-03-16T16:00:34.523+0000] {dag.py:3096} INFO - Sync 1 DAGs
[2026-03-16T16:00:34.596+0000] {logging_mixin.py:188} INFO - [2026-03-16T16:00:34.596+0000] {dag.py:3954} INFO - Setting next_dagrun for deployment_workflow to None, run_after=None
[2026-03-16T16:00:34.693+0000] {processor.py:183} INFO - Processing /opt/airflow/dags/deployment_workflow.py took 0.369 seconds
[2026-03-16T16:01:05.016+0000] {processor.py:161} INFO - Started process (PID=220) to work on /opt/airflow/dags/deployment_workflow.py
[2026-03-16T16:01:05.018+0000] {processor.py:830} INFO - Processing file /opt/airflow/dags/deployment_workflow.py for tasks to queue
[2026-03-16T16:01:05.020+0000] {logging_mixin.py:188} INFO - [2026-03-16T16:01:05.020+0000] {dagbag.py:545} INFO - Filling up the DagBag from /opt/airflow/dags/deployment_workflow.py
[2026-03-16T16:01:05.045+0000] {processor.py:840} INFO - DAG(s) 'deployment_workflow' retrieved from /opt/airflow/dags/deployment_workflow.py
[2026-03-16T16:01:05.078+0000] {logging_mixin.py:188} INFO - [2026-03-16T16:01:05.077+0000] {dag.py:3096} INFO - Sync 1 DAGs
[2026-03-16T16:01:05.093+0000] {logging_mixin.py:188} INFO - [2026-03-16T16:01:05.092+0000] {dag.py:3954} INFO - Setting next_dagrun for deployment_workflow to None, run_after=None
[2026-03-16T16:01:05.122+0000] {processor.py:183} INFO - Processing /opt/airflow/dags/deployment_workflow.py took 0.115 seconds
[2026-03-16T16:01:35.957+0000] {processor.py:161} INFO - Started process (PID=279) to work on /opt/airflow/dags/deployment_workflow.py
[2026-03-16T16:01:35.958+0000] {processor.py:830} INFO - Processing file /opt/airflow/dags/deployment_workflow.py for tasks to queue
[2026-03-16T16:01:35.961+0000] {logging_mixin.py:188} INFO - [2026-03-16T16:01:35.961+0000] {dagbag.py:545} INFO - Filling up the DagBag from /opt/airflow/dags/deployment_workflow.py
[2026-03-16T16:01:35.987+0000] {processor.py:840} INFO - DAG(s) 'deployment_workflow' retrieved from /opt/airflow/dags/deployment_workflow.py
[2026-03-16T16:01:36.017+0000] {logging_mixin.py:188} INFO - [2026-03-16T16:01:36.016+0000] {dag.py:3096} INFO - Sync 1 DAGs
[2026-03-16T16:01:36.034+0000] {logging_mixin.py:188} INFO - [2026-03-16T16:01:36.034+0000] {dag.py:3954} INFO - Setting next_dagrun for deployment_workflow to None, run_after=None
[2026-03-16T16:01:36.062+0000] {processor.py:183} INFO - Processing /opt/airflow/dags/deployment_workflow.py took 0.117 seconds
[2026-03-16T16:02:06.705+0000] {processor.py:161} INFO - Started process (PID=338) to work on /opt/airflow/dags/deployment_workflow.py
[2026-03-16T16:02:06.707+0000] {processor.py:830} INFO - Processing file /opt/airflow/dags/deployment_workflow.py for tasks to queue
[2026-03-16T16:02:06.710+0000] {logging_mixin.py:188} INFO - [2026-03-16T16:02:06.709+0000] {dagbag.py:545} INFO - Filling up the DagBag from /opt/airflow/dags/deployment_workflow.py
[2026-03-16T16:02:06.733+0000] {processor.py:840} INFO - DAG(s) 'deployment_workflow' retrieved from /opt/airflow/dags/deployment_workflow.py
[2026-03-16T16:02:06.763+0000] {logging_mixin.py:188} INFO - [2026-03-16T16:02:06.763+0000] {dag.py:3096} INFO - Sync 1 DAGs
[2026-03-16T16:02:06.778+0000] {logging_mixin.py:188} INFO - [2026-03-16T16:02:06.778+0000] {dag.py:3954} INFO - Setting next_dagrun for deployment_workflow to None, run_after=None
[2026-03-16T16:02:06.837+0000] {processor.py:183} INFO - Processing /opt/airflow/dags/deployment_workflow.py took 0.141 seconds
[2026-03-16T16:02:37.740+0000] {processor.py:161} INFO - Started process (PID=403) to work on /opt/airflow/dags/deployment_workflow.py
[2026-03-16T16:02:37.742+0000] {processor.py:830} INFO - Processing file /opt/airflow/dags/deployment_workflow.py for tasks to queue
[2026-03-16T16:02:37.754+0000] {logging_mixin.py:188} INFO - [2026-03-16T16:02:37.753+0000] {dagbag.py:545} INFO - Filling up the DagBag from /opt/airflow/dags/deployment_workflow.py
[2026-03-16T16:02:37.794+0000] {processor.py:840} INFO - DAG(s) 'deployment_workflow' retrieved from /opt/airflow/dags/deployment_workflow.py
[2026-03-16T16:02:37.841+0000] {logging_mixin.py:188} INFO - [2026-03-16T16:02:37.841+0000] {dag.py:3096} INFO - Sync 1 DAGs
[2026-03-16T16:02:37.863+0000] {logging_mixin.py:188} INFO - [2026-03-16T16:02:37.863+0000] {dag.py:3954} INFO - Setting next_dagrun for deployment_workflow to None, run_after=None
[2026-03-16T16:02:37.944+0000] {processor.py:183} INFO - Processing /opt/airflow/dags/deployment_workflow.py took 0.213 seconds
[2026-03-16T16:03:08.353+0000] {processor.py:161} INFO - Started process (PID=462) to work on /opt/airflow/dags/deployment_workflow.py
[2026-03-16T16:03:08.355+0000] {processor.py:830} INFO - Processing file /opt/airflow/dags/deployment_workflow.py for tasks to queue
[2026-03-16T16:03:08.358+0000] {logging_mixin.py:188} INFO - [2026-03-16T16:03:08.358+0000] {dagbag.py:545} INFO - Filling up the DagBag from /opt/airflow/dags/deployment_workflow.py
[2026-03-16T16:03:08.383+0000] {processor.py:840} INFO - DAG(s) 'deployment_workflow' retrieved from /opt/airflow/dags/deployment_workflow.py
[2026-03-16T16:03:08.425+0000] {logging_mixin.py:188} INFO - [2026-03-16T16:03:08.424+0000] {dag.py:3096} INFO - Sync 1 DAGs
[2026-03-16T16:03:08.449+0000] {logging_mixin.py:188} INFO - [2026-03-16T16:03:08.449+0000] {dag.py:3954} INFO - Setting next_dagrun for deployment_workflow to None, run_after=None
[2026-03-16T16:03:08.509+0000] {processor.py:183} INFO - Processing /opt/airflow/dags/deployment_workflow.py took 0.168 seconds
[2026-03-16T16:03:39.054+0000] {processor.py:161} INFO - Started process (PID=521) to work on /opt/airflow/dags/deployment_workflow.py
[2026-03-16T16:03:39.055+0000] {processor.py:830} INFO - Processing file /opt/airflow/dags/deployment_workflow.py for tasks to queue
[2026-03-16T16:03:39.059+0000] {logging_mixin.py:188} INFO - [2026-03-16T16:03:39.058+0000] {dagbag.py:545} INFO - Filling up the DagBag from /opt/airflow/dags/deployment_workflow.py
[2026-03-16T16:03:39.082+0000] {processor.py:840} INFO - DAG(s) 'deployment_workflow' retrieved from /opt/airflow/dags/deployment_workflow.py
[2026-03-16T16:03:39.108+0000] {logging_mixin.py:188} INFO - [2026-03-16T16:03:39.108+0000] {dag.py:3096} INFO - Sync 1 DAGs
[2026-03-16T16:03:39.125+0000] {logging_mixin.py:188} INFO - [2026-03-16T16:03:39.124+0000] {dag.py:3954} INFO - Setting next_dagrun for deployment_workflow to None, run_after=None
[2026-03-16T16:03:39.153+0000] {processor.py:183} INFO - Processing /opt/airflow/dags/deployment_workflow.py took 0.107 seconds
[2026-03-16T16:04:09.746+0000] {processor.py:161} INFO - Started process (PID=580) to work on /opt/airflow/dags/deployment_workflow.py
[2026-03-16T16:04:09.751+0000] {processor.py:830} INFO - Processing file /opt/airflow/dags/deployment_workflow.py for tasks to queue
[2026-03-16T16:04:09.755+0000] {logging_mixin.py:188} INFO - [2026-03-16T16:04:09.754+0000] {dagbag.py:545} INFO - Filling up the DagBag from /opt/airflow/dags/deployment_workflow.py
[2026-03-16T16:04:09.789+0000] {processor.py:840} INFO - DAG(s) 'deployment_workflow' retrieved from /opt/airflow/dags/deployment_workflow.py
[2026-03-16T16:04:09.843+0000] {logging_mixin.py:188} INFO - [2026-03-16T16:04:09.842+0000] {dag.py:3096} INFO - Sync 1 DAGs
[2026-03-16T16:04:09.866+0000] {logging_mixin.py:188} INFO - [2026-03-16T16:04:09.866+0000] {dag.py:3954} INFO - Setting next_dagrun for deployment_workflow to None, run_after=None
[2026-03-16T16:04:09.902+0000] {processor.py:183} INFO - Processing /opt/airflow/dags/deployment_workflow.py took 0.176 seconds
[2026-03-16T16:04:40.258+0000] {processor.py:161} INFO - Started process (PID=639) to work on /opt/airflow/dags/deployment_workflow.py
[2026-03-16T16:04:40.260+0000] {processor.py:830} INFO - Processing file /opt/airflow/dags/deployment_workflow.py for tasks to queue
[2026-03-16T16:04:40.263+0000] {logging_mixin.py:188} INFO - [2026-03-16T16:04:40.262+0000] {dagbag.py:545} INFO - Filling up the DagBag from /opt/airflow/dags/deployment_workflow.py
[2026-03-16T16:04:40.287+0000] {processor.py:840} INFO - DAG(s) 'deployment_workflow' retrieved from /opt/airflow/dags/deployment_workflow.py
[2026-03-16T16:04:40.324+0000] {logging_mixin.py:188} INFO - [2026-03-16T16:04:40.323+0000] {dag.py:3096} INFO - Sync 1 DAGs
[2026-03-16T16:04:40.340+0000] {logging_mixin.py:188} INFO - [2026-03-16T16:04:40.340+0000] {dag.py:3954} INFO - Setting next_dagrun for deployment_workflow to None, run_after=None
[2026-03-16T16:04:40.372+0000] {processor.py:183} INFO - Processing /opt/airflow/dags/deployment_workflow.py took 0.124 seconds
[2026-03-16T16:05:10.568+0000] {processor.py:161} INFO - Started process (PID=698) to work on /opt/airflow/dags/deployment_workflow.py
[2026-03-16T16:05:10.573+0000] {processor.py:830} INFO - Processing file /opt/airflow/dags/deployment_workflow.py for tasks to queue
[2026-03-16T16:05:10.576+0000] {logging_mixin.py:188} INFO - [2026-03-16T16:05:10.575+0000] {dagbag.py:545} INFO - Filling up the DagBag from /opt/airflow/dags/deployment_workflow.py
[2026-03-16T16:05:10.600+0000] {processor.py:840} INFO - DAG(s) 'deployment_workflow' retrieved from /opt/airflow/dags/deployment_workflow.py
[2026-03-16T16:05:10.632+0000] {logging_mixin.py:188} INFO - [2026-03-16T16:05:10.631+0000] {dag.py:3096} INFO - Sync 1 DAGs
[2026-03-16T16:05:10.650+0000] {logging_mixin.py:188} INFO - [2026-03-16T16:05:10.650+0000] {dag.py:3954} INFO - Setting next_dagrun for deployment_workflow to None, run_after=None
[2026-03-16T16:05:10.696+0000] {processor.py:183} INFO - Processing /opt/airflow/dags/deployment_workflow.py took 0.136 seconds
[2026-03-16T16:05:41.170+0000] {processor.py:161} INFO - Started process (PID=757) to work on /opt/airflow/dags/deployment_workflow.py
[2026-03-16T16:05:41.171+0000] {processor.py:830} INFO - Processing file /opt/airflow/dags/deployment_workflow.py for tasks to queue
[2026-03-16T16:05:41.174+0000] {logging_mixin.py:188} INFO - [2026-03-16T16:05:41.174+0000] {dagbag.py:545} INFO - Filling up the DagBag from /opt/airflow/dags/deployment_workflow.py
[2026-03-16T16:05:41.203+0000] {processor.py:840} INFO - DAG(s) 'deployment_workflow' retrieved from /opt/airflow/dags/deployment_workflow.py
[2026-03-16T16:05:41.235+0000] {logging_mixin.py:188} INFO - [2026-03-16T16:05:41.234+0000] {dag.py:3096} INFO - Sync 1 DAGs
[2026-03-16T16:05:41.256+0000] {logging_mixin.py:188} INFO - [2026-03-16T16:05:41.256+0000] {dag.py:3954} INFO - Setting next_dagrun for deployment_workflow to None, run_after=None
[2026-03-16T16:05:41.296+0000] {processor.py:183} INFO - Processing /opt/airflow/dags/deployment_workflow.py took 0.136 seconds
[2026-03-16T16:06:11.441+0000] {processor.py:161} INFO - Started process (PID=816) to work on /opt/airflow/dags/deployment_workflow.py
[2026-03-16T16:06:11.442+0000] {processor.py:830} INFO - Processing file /opt/airflow/dags/deployment_workflow.py for tasks to queue
[2026-03-16T16:06:11.445+0000] {logging_mixin.py:188} INFO - [2026-03-16T16:06:11.445+0000] {dagbag.py:545} INFO - Filling up the DagBag from /opt/airflow/dags/deployment_workflow.py
[2026-03-16T16:06:11.468+0000] {processor.py:840} INFO - DAG(s) 'deployment_workflow' retrieved from /opt/airflow/dags/deployment_workflow.py
[2026-03-16T16:06:11.501+0000] {logging_mixin.py:188} INFO - [2026-03-16T16:06:11.501+0000] {dag.py:3096} INFO - Sync 1 DAGs
[2026-03-16T16:06:11.539+0000] {logging_mixin.py:188} INFO - [2026-03-16T16:06:11.539+0000] {dag.py:3954} INFO - Setting next_dagrun for deployment_workflow to None, run_after=None
[2026-03-16T16:06:11.569+0000] {processor.py:183} INFO - Processing /opt/airflow/dags/deployment_workflow.py took 0.137 seconds
[2026-03-16T16:06:42.268+0000] {processor.py:161} INFO - Started process (PID=876) to work on /opt/airflow/dags/deployment_workflow.py
[2026-03-16T16:06:42.269+0000] {processor.py:830} INFO - Processing file /opt/airflow/dags/deployment_workflow.py for tasks to queue
[2026-03-16T16:06:42.273+0000] {logging_mixin.py:188} INFO - [2026-03-16T16:06:42.273+0000] {dagbag.py:545} INFO - Filling up the DagBag from /opt/airflow/dags/deployment_workflow.py
[2026-03-16T16:06:42.297+0000] {processor.py:840} INFO - DAG(s) 'deployment_workflow' retrieved from /opt/airflow/dags/deployment_workflow.py
[2026-03-16T16:06:42.326+0000] {logging_mixin.py:188} INFO - [2026-03-16T16:06:42.326+0000] {dag.py:3096} INFO - Sync 1 DAGs
[2026-03-16T16:06:42.343+0000] {logging_mixin.py:188} INFO - [2026-03-16T16:06:42.343+0000] {dag.py:3954} INFO - Setting next_dagrun for deployment_workflow to None, run_after=None
[2026-03-16T16:06:42.401+0000] {processor.py:183} INFO - Processing /opt/airflow/dags/deployment_workflow.py took 0.141 seconds
[2026-03-16T16:07:13.316+0000] {processor.py:161} INFO - Started process (PID=935) to work on /opt/airflow/dags/deployment_workflow.py
[2026-03-16T16:07:13.318+0000] {processor.py:830} INFO - Processing file /opt/airflow/dags/deployment_workflow.py for tasks to queue
[2026-03-16T16:07:13.321+0000] {logging_mixin.py:188} INFO - [2026-03-16T16:07:13.321+0000] {dagbag.py:545} INFO - Filling up the DagBag from /opt/airflow/dags/deployment_workflow.py
[2026-03-16T16:07:13.345+0000] {processor.py:840} INFO - DAG(s) 'deployment_workflow' retrieved from /opt/airflow/dags/deployment_workflow.py
[2026-03-16T16:07:13.375+0000] {logging_mixin.py:188} INFO - [2026-03-16T16:07:13.375+0000] {dag.py:3096} INFO - Sync 1 DAGs
[2026-03-16T16:07:13.390+0000] {logging_mixin.py:188} INFO - [2026-03-16T16:07:13.390+0000] {dag.py:3954} INFO - Setting next_dagrun for deployment_workflow to None, run_after=None
[2026-03-16T16:07:13.446+0000] {processor.py:183} INFO - Processing /opt/airflow/dags/deployment_workflow.py took 0.137 seconds
[2026-03-16T16:07:43.696+0000] {processor.py:161} INFO - Started process (PID=995) to work on /opt/airflow/dags/deployment_workflow.py
[2026-03-16T16:07:43.698+0000] {processor.py:830} INFO - Processing file /opt/airflow/dags/deployment_workflow.py for tasks to queue
[2026-03-16T16:07:43.702+0000] {logging_mixin.py:188} INFO - [2026-03-16T16:07:43.701+0000] {dagbag.py:545} INFO - Filling up the DagBag from /opt/airflow/dags/deployment_workflow.py
[2026-03-16T16:07:43.730+0000] {processor.py:840} INFO - DAG(s) 'deployment_workflow' retrieved from /opt/airflow/dags/deployment_workflow.py
[2026-03-16T16:07:43.765+0000] {logging_mixin.py:188} INFO - [2026-03-16T16:07:43.764+0000] {dag.py:3096} INFO - Sync 1 DAGs
[2026-03-16T16:07:43.783+0000] {logging_mixin.py:188} INFO - [2026-03-16T16:07:43.783+0000] {dag.py:3954} INFO - Setting next_dagrun for deployment_workflow to None, run_after=None
[2026-03-16T16:07:43.841+0000] {processor.py:183} INFO - Processing /opt/airflow/dags/deployment_workflow.py took 0.152 seconds
[2026-03-16T16:08:13.934+0000] {processor.py:161} INFO - Started process (PID=1055) to work on /opt/airflow/dags/deployment_workflow.py
[2026-03-16T16:08:13.936+0000] {processor.py:830} INFO - Processing file /opt/airflow/dags/deployment_workflow.py for tasks to queue
[2026-03-16T16:08:13.938+0000] {logging_mixin.py:188} INFO - [2026-03-16T16:08:13.938+0000] {dagbag.py:545} INFO - Filling up the DagBag from /opt/airflow/dags/deployment_workflow.py
[2026-03-16T16:08:13.961+0000] {processor.py:840} INFO - DAG(s) 'deployment_workflow' retrieved from /opt/airflow/dags/deployment_workflow.py
[2026-03-16T16:08:13.988+0000] {logging_mixin.py:188} INFO - [2026-03-16T16:08:13.988+0000] {dag.py:3096} INFO - Sync 1 DAGs
[2026-03-16T16:08:14.008+0000] {logging_mixin.py:188} INFO - [2026-03-16T16:08:14.007+0000] {dag.py:3954} INFO - Setting next_dagrun for deployment_workflow to None, run_after=None
[2026-03-16T16:08:14.041+0000] {processor.py:183} INFO - Processing /opt/airflow/dags/deployment_workflow.py took 0.116 seconds
[2026-03-16T16:08:44.214+0000] {processor.py:161} INFO - Started process (PID=1114) to work on /opt/airflow/dags/deployment_workflow.py
[2026-03-16T16:08:44.217+0000] {processor.py:830} INFO - Processing file /opt/airflow/dags/deployment_workflow.py for tasks to queue
[2026-03-16T16:08:44.220+0000] {logging_mixin.py:188} INFO - [2026-03-16T16:08:44.220+0000] {dagbag.py:545} INFO - Filling up the DagBag from /opt/airflow/dags/deployment_workflow.py
[2026-03-16T16:08:44.254+0000] {processor.py:840} INFO - DAG(s) 'deployment_workflow' retrieved from /opt/airflow/dags/deployment_workflow.py
[2026-03-16T16:08:44.290+0000] {logging_mixin.py:188} INFO - [2026-03-16T16:08:44.289+0000] {dag.py:3096} INFO - Sync 1 DAGs
[2026-03-16T16:08:44.320+0000] {logging_mixin.py:188} INFO - [2026-03-16T16:08:44.319+0000] {dag.py:3954} INFO - Setting next_dagrun for deployment_workflow to None, run_after=None
[2026-03-16T16:08:44.356+0000] {processor.py:183} INFO - Processing /opt/airflow/dags/deployment_workflow.py took 0.156 seconds
[2026-03-16T16:09:14.747+0000] {processor.py:161} INFO - Started process (PID=1173) to work on /opt/airflow/dags/deployment_workflow.py
[2026-03-16T16:09:14.749+0000] {processor.py:830} INFO - Processing file /opt/airflow/dags/deployment_workflow.py for tasks to queue
[2026-03-16T16:09:14.752+0000] {logging_mixin.py:188} INFO - [2026-03-16T16:09:14.751+0000] {dagbag.py:545} INFO - Filling up the DagBag from /opt/airflow/dags/deployment_workflow.py
[2026-03-16T16:09:14.774+0000] {processor.py:840} INFO - DAG(s) 'deployment_workflow' retrieved from /opt/airflow/dags/deployment_workflow.py
[2026-03-16T16:09:14.800+0000] {logging_mixin.py:188} INFO - [2026-03-16T16:09:14.800+0000] {dag.py:3096} INFO - Sync 1 DAGs
[2026-03-16T16:09:14.825+0000] {logging_mixin.py:188} INFO - [2026-03-16T16:09:14.825+0000] {dag.py:3954} INFO - Setting next_dagrun for deployment_workflow to None, run_after=None
[2026-03-16T16:09:14.894+0000] {processor.py:183} INFO - Processing /opt/airflow/dags/deployment_workflow.py took 0.159 seconds
[2026-03-16T16:09:45.374+0000] {processor.py:161} INFO - Started process (PID=1232) to work on /opt/airflow/dags/deployment_workflow.py
[2026-03-16T16:09:45.375+0000] {processor.py:830} INFO - Processing file /opt/airflow/dags/deployment_workflow.py for tasks to queue
[2026-03-16T16:09:45.379+0000] {logging_mixin.py:188} INFO - [2026-03-16T16:09:45.378+0000] {dagbag.py:545} INFO - Filling up the DagBag from /opt/airflow/dags/deployment_workflow.py
[2026-03-16T16:09:45.401+0000] {processor.py:840} INFO - DAG(s) 'deployment_workflow' retrieved from /opt/airflow/dags/deployment_workflow.py
[2026-03-16T16:09:45.430+0000] {logging_mixin.py:188} INFO - [2026-03-16T16:09:45.430+0000] {dag.py:3096} INFO - Sync 1 DAGs
[2026-03-16T16:09:45.447+0000] {logging_mixin.py:188} INFO - [2026-03-16T16:09:45.447+0000] {dag.py:3954} INFO - Setting next_dagrun for deployment_workflow to None, run_after=None
[2026-03-16T16:09:45.529+0000] {processor.py:183} INFO - Processing /opt/airflow/dags/deployment_workflow.py took 0.165 seconds
[2026-03-16T16:10:16.493+0000] {processor.py:161} INFO - Started process (PID=1291) to work on /opt/airflow/dags/deployment_workflow.py
[2026-03-16T16:10:16.494+0000] {processor.py:830} INFO - Processing file /opt/airflow/dags/deployment_workflow.py for tasks to queue
[2026-03-16T16:10:16.499+0000] {logging_mixin.py:188} INFO - [2026-03-16T16:10:16.498+0000] {dagbag.py:545} INFO - Filling up the DagBag from /opt/airflow/dags/deployment_workflow.py
[2026-03-16T16:10:16.523+0000] {processor.py:840} INFO - DAG(s) 'deployment_workflow' retrieved from /opt/airflow/dags/deployment_workflow.py
[2026-03-16T16:10:16.715+0000] {logging_mixin.py:188} INFO - [2026-03-16T16:10:16.715+0000] {dag.py:3096} INFO - Sync 1 DAGs
[2026-03-16T16:10:16.734+0000] {logging_mixin.py:188} INFO - [2026-03-16T16:10:16.734+0000] {dag.py:3954} INFO - Setting next_dagrun for deployment_workflow to None, run_after=None
[2026-03-16T16:10:16.790+0000] {processor.py:183} INFO - Processing /opt/airflow/dags/deployment_workflow.py took 0.306 seconds
[2026-03-16T16:10:47.124+0000] {processor.py:161} INFO - Started process (PID=1350) to work on /opt/airflow/dags/deployment_workflow.py
[2026-03-16T16:10:47.128+0000] {processor.py:830} INFO - Processing file /opt/airflow/dags/deployment_workflow.py for tasks to queue
[2026-03-16T16:10:47.136+0000] {logging_mixin.py:188} INFO - [2026-03-16T16:10:47.135+0000] {dagbag.py:545} INFO - Filling up the DagBag from /opt/airflow/dags/deployment_workflow.py
[2026-03-16T16:10:47.179+0000] {processor.py:840} INFO - DAG(s) 'deployment_workflow' retrieved from /opt/airflow/dags/deployment_workflow.py
[2026-03-16T16:10:47.252+0000] {logging_mixin.py:188} INFO - [2026-03-16T16:10:47.251+0000] {dag.py:3096} INFO - Sync 1 DAGs
[2026-03-16T16:10:47.297+0000] {logging_mixin.py:188} INFO - [2026-03-16T16:10:47.296+0000] {dag.py:3954} INFO - Setting next_dagrun for deployment_workflow to None, run_after=None
[2026-03-16T16:10:47.371+0000] {processor.py:183} INFO - Processing /opt/airflow/dags/deployment_workflow.py took 0.258 seconds
[2026-03-16T16:11:17.646+0000] {processor.py:161} INFO - Started process (PID=1409) to work on /opt/airflow/dags/deployment_workflow.py
[2026-03-16T16:11:17.648+0000] {processor.py:830} INFO - Processing file /opt/airflow/dags/deployment_workflow.py for tasks to queue
[2026-03-16T16:11:17.650+0000] {logging_mixin.py:188} INFO - [2026-03-16T16:11:17.650+0000] {dagbag.py:545} INFO - Filling up the DagBag from /opt/airflow/dags/deployment_workflow.py
[2026-03-16T16:11:17.676+0000] {processor.py:840} INFO - DAG(s) 'deployment_workflow' retrieved from /opt/airflow/dags/deployment_workflow.py
[2026-03-16T16:11:17.703+0000] {logging_mixin.py:188} INFO - [2026-03-16T16:11:17.703+0000] {dag.py:3096} INFO - Sync 1 DAGs
[2026-03-16T16:11:17.733+0000] {logging_mixin.py:188} INFO - [2026-03-16T16:11:17.733+0000] {dag.py:3954} INFO - Setting next_dagrun for deployment_workflow to None, run_after=None
[2026-03-16T16:11:17.775+0000] {processor.py:183} INFO - Processing /opt/airflow/dags/deployment_workflow.py took 0.139 seconds
[2026-03-16T16:11:48.384+0000] {processor.py:161} INFO - Started process (PID=1468) to work on /opt/airflow/dags/deployment_workflow.py
[2026-03-16T16:11:48.386+0000] {processor.py:830} INFO - Processing file /opt/airflow/dags/deployment_workflow.py for tasks to queue
[2026-03-16T16:11:48.389+0000] {logging_mixin.py:188} INFO - [2026-03-16T16:11:48.388+0000] {dagbag.py:545} INFO - Filling up the DagBag from /opt/airflow/dags/deployment_workflow.py
[2026-03-16T16:11:48.417+0000] {processor.py:840} INFO - DAG(s) 'deployment_workflow' retrieved from /opt/airflow/dags/deployment_workflow.py
[2026-03-16T16:11:48.446+0000] {logging_mixin.py:188} INFO - [2026-03-16T16:11:48.446+0000] {dag.py:3096} INFO - Sync 1 DAGs
[2026-03-16T16:11:48.462+0000] {logging_mixin.py:188} INFO - [2026-03-16T16:11:48.462+0000] {dag.py:3954} INFO - Setting next_dagrun for deployment_workflow to None, run_after=None
[2026-03-16T16:11:48.492+0000] {processor.py:183} INFO - Processing /opt/airflow/dags/deployment_workflow.py took 0.116 seconds
[2026-03-16T16:12:19.299+0000] {processor.py:161} INFO - Started process (PID=1527) to work on /opt/airflow/dags/deployment_workflow.py
[2026-03-16T16:12:19.300+0000] {processor.py:830} INFO - Processing file /opt/airflow/dags/deployment_workflow.py for tasks to queue
[2026-03-16T16:12:19.303+0000] {logging_mixin.py:188} INFO - [2026-03-16T16:12:19.302+0000] {dagbag.py:545} INFO - Filling up the DagBag from /opt/airflow/dags/deployment_workflow.py
[2026-03-16T16:12:19.327+0000] {processor.py:840} INFO - DAG(s) 'deployment_workflow' retrieved from /opt/airflow/dags/deployment_workflow.py
[2026-03-16T16:12:19.359+0000] {logging_mixin.py:188} INFO - [2026-03-16T16:12:19.358+0000] {dag.py:3096} INFO - Sync 1 DAGs
[2026-03-16T16:12:19.373+0000] {logging_mixin.py:188} INFO - [2026-03-16T16:12:19.373+0000] {dag.py:3954} INFO - Setting next_dagrun for deployment_workflow to None, run_after=None
[2026-03-16T16:12:19.430+0000] {processor.py:183} INFO - Processing /opt/airflow/dags/deployment_workflow.py took 0.140 seconds
[2026-03-16T16:12:49.929+0000] {processor.py:161} INFO - Started process (PID=1586) to work on /opt/airflow/dags/deployment_workflow.py
[2026-03-16T16:12:49.931+0000] {processor.py:830} INFO - Processing file /opt/airflow/dags/deployment_workflow.py for tasks to queue
[2026-03-16T16:12:49.934+0000] {logging_mixin.py:188} INFO - [2026-03-16T16:12:49.933+0000] {dagbag.py:545} INFO - Filling up the DagBag from /opt/airflow/dags/deployment_workflow.py
[2026-03-16T16:12:49.976+0000] {processor.py:840} INFO - DAG(s) 'deployment_workflow' retrieved from /opt/airflow/dags/deployment_workflow.py
[2026-03-16T16:12:50.018+0000] {logging_mixin.py:188} INFO - [2026-03-16T16:12:50.018+0000] {dag.py:3096} INFO - Sync 1 DAGs
[2026-03-16T16:12:50.036+0000] {logging_mixin.py:188} INFO - [2026-03-16T16:12:50.036+0000] {dag.py:3954} INFO - Setting next_dagrun for deployment_workflow to None, run_after=None
[2026-03-16T16:12:50.066+0000] {processor.py:183} INFO - Processing /opt/airflow/dags/deployment_workflow.py took 0.147 seconds
[2026-03-16T16:13:20.419+0000] {processor.py:161} INFO - Started process (PID=1646) to work on /opt/airflow/dags/deployment_workflow.py
[2026-03-16T16:13:20.421+0000] {processor.py:830} INFO - Processing file /opt/airflow/dags/deployment_workflow.py for tasks to queue
[2026-03-16T16:13:20.424+0000] {logging_mixin.py:188} INFO - [2026-03-16T16:13:20.423+0000] {dagbag.py:545} INFO - Filling up the DagBag from /opt/airflow/dags/deployment_workflow.py
[2026-03-16T16:13:20.444+0000] {processor.py:840} INFO - DAG(s) 'deployment_workflow' retrieved from /opt/airflow/dags/deployment_workflow.py
[2026-03-16T16:13:20.472+0000] {logging_mixin.py:188} INFO - [2026-03-16T16:13:20.471+0000] {dag.py:3096} INFO - Sync 1 DAGs
[2026-03-16T16:13:20.491+0000] {logging_mixin.py:188} INFO - [2026-03-16T16:13:20.491+0000] {dag.py:3954} INFO - Setting next_dagrun for deployment_workflow to None, run_after=None
[2026-03-16T16:13:20.548+0000] {processor.py:183} INFO - Processing /opt/airflow/dags/deployment_workflow.py took 0.140 seconds
[2026-03-16T16:13:51.207+0000] {processor.py:161} INFO - Started process (PID=1705) to work on /opt/airflow/dags/deployment_workflow.py
[2026-03-16T16:13:51.210+0000] {processor.py:830} INFO - Processing file /opt/airflow/dags/deployment_workflow.py for tasks to queue
[2026-03-16T16:13:51.214+0000] {logging_mixin.py:188} INFO - [2026-03-16T16:13:51.213+0000] {dagbag.py:545} INFO - Filling up the DagBag from /opt/airflow/dags/deployment_workflow.py
[2026-03-16T16:13:51.242+0000] {processor.py:840} INFO - DAG(s) 'deployment_workflow' retrieved from /opt/airflow/dags/deployment_workflow.py
[2026-03-16T16:13:51.274+0000] {logging_mixin.py:188} INFO - [2026-03-16T16:13:51.274+0000] {dag.py:3096} INFO - Sync 1 DAGs
[2026-03-16T16:13:51.302+0000] {logging_mixin.py:188} INFO - [2026-03-16T16:13:51.301+0000] {dag.py:3954} INFO - Setting next_dagrun for deployment_workflow to None, run_after=None
[2026-03-16T16:13:51.385+0000] {processor.py:183} INFO - Processing /opt/airflow/dags/deployment_workflow.py took 0.189 seconds
[2026-03-16T16:14:21.998+0000] {processor.py:161} INFO - Started process (PID=1764) to work on /opt/airflow/dags/deployment_workflow.py
[2026-03-16T16:14:22.000+0000] {processor.py:830} INFO - Processing file /opt/airflow/dags/deployment_workflow.py for tasks to queue
[2026-03-16T16:14:22.004+0000] {logging_mixin.py:188} INFO - [2026-03-16T16:14:22.003+0000] {dagbag.py:545} INFO - Filling up the DagBag from /opt/airflow/dags/deployment_workflow.py
[2026-03-16T16:14:22.035+0000] {processor.py:840} INFO - DAG(s) 'deployment_workflow' retrieved from /opt/airflow/dags/deployment_workflow.py
[2026-03-16T16:14:22.067+0000] {logging_mixin.py:188} INFO - [2026-03-16T16:14:22.067+0000] {dag.py:3096} INFO - Sync 1 DAGs
[2026-03-16T16:14:22.091+0000] {logging_mixin.py:188} INFO - [2026-03-16T16:14:22.090+0000] {dag.py:3954} INFO - Setting next_dagrun for deployment_workflow to None, run_after=None
[2026-03-16T16:14:22.164+0000] {processor.py:183} INFO - Processing /opt/airflow/dags/deployment_workflow.py took 0.177 seconds
[2026-03-16T16:14:52.403+0000] {processor.py:161} INFO - Started process (PID=1823) to work on /opt/airflow/dags/deployment_workflow.py
[2026-03-16T16:14:52.408+0000] {processor.py:830} INFO - Processing file /opt/airflow/dags/deployment_workflow.py for tasks to queue
[2026-03-16T16:14:52.411+0000] {logging_mixin.py:188} INFO - [2026-03-16T16:14:52.410+0000] {dagbag.py:545} INFO - Filling up the DagBag from /opt/airflow/dags/deployment_workflow.py
[2026-03-16T16:14:52.437+0000] {processor.py:840} INFO - DAG(s) 'deployment_workflow' retrieved from /opt/airflow/dags/deployment_workflow.py
[2026-03-16T16:14:52.470+0000] {logging_mixin.py:188} INFO - [2026-03-16T16:14:52.470+0000] {dag.py:3096} INFO - Sync 1 DAGs
[2026-03-16T16:14:52.491+0000] {logging_mixin.py:188} INFO - [2026-03-16T16:14:52.491+0000] {dag.py:3954} INFO - Setting next_dagrun for deployment_workflow to None, run_after=None
[2026-03-16T16:14:52.525+0000] {processor.py:183} INFO - Processing /opt/airflow/dags/deployment_workflow.py took 0.133 seconds
[2026-03-16T16:15:22.869+0000] {processor.py:161} INFO - Started process (PID=1882) to work on /opt/airflow/dags/deployment_workflow.py
[2026-03-16T16:15:22.870+0000] {processor.py:830} INFO - Processing file /opt/airflow/dags/deployment_workflow.py for tasks to queue
[2026-03-16T16:15:22.873+0000] {logging_mixin.py:188} INFO - [2026-03-16T16:15:22.873+0000] {dagbag.py:545} INFO - Filling up the DagBag from /opt/airflow/dags/deployment_workflow.py
[2026-03-16T16:15:22.904+0000] {processor.py:840} INFO - DAG(s) 'deployment_workflow' retrieved from /opt/airflow/dags/deployment_workflow.py
[2026-03-16T16:15:22.947+0000] {logging_mixin.py:188} INFO - [2026-03-16T16:15:22.946+0000] {dag.py:3096} INFO - Sync 1 DAGs
[2026-03-16T16:15:22.968+0000] {logging_mixin.py:188} INFO - [2026-03-16T16:15:22.968+0000] {dag.py:3954} INFO - Setting next_dagrun for deployment_workflow to None, run_after=None
[2026-03-16T16:15:23.006+0000] {processor.py:183} INFO - Processing /opt/airflow/dags/deployment_workflow.py took 0.149 seconds
[2026-03-16T16:15:53.102+0000] {processor.py:161} INFO - Started process (PID=1941) to work on /opt/airflow/dags/deployment_workflow.py
[2026-03-16T16:15:53.103+0000] {processor.py:830} INFO - Processing file /opt/airflow/dags/deployment_workflow.py for tasks to queue
[2026-03-16T16:15:53.106+0000] {logging_mixin.py:188} INFO - [2026-03-16T16:15:53.105+0000] {dagbag.py:545} INFO - Filling up the DagBag from /opt/airflow/dags/deployment_workflow.py
[2026-03-16T16:15:53.131+0000] {processor.py:840} INFO - DAG(s) 'deployment_workflow' retrieved from /opt/airflow/dags/deployment_workflow.py
[2026-03-16T16:15:53.160+0000] {logging_mixin.py:188} INFO - [2026-03-16T16:15:53.160+0000] {dag.py:3096} INFO - Sync 1 DAGs
[2026-03-16T16:15:53.177+0000] {logging_mixin.py:188} INFO - [2026-03-16T16:15:53.176+0000] {dag.py:3954} INFO - Setting next_dagrun for deployment_workflow to None, run_after=None
[2026-03-16T16:15:53.205+0000] {processor.py:183} INFO - Processing /opt/airflow/dags/deployment_workflow.py took 0.111 seconds
[2026-03-16T16:16:23.459+0000] {processor.py:161} INFO - Started process (PID=2000) to work on /opt/airflow/dags/deployment_workflow.py
[2026-03-16T16:16:23.462+0000] {processor.py:830} INFO - Processing file /opt/airflow/dags/deployment_workflow.py for tasks to queue
[2026-03-16T16:16:23.466+0000] {logging_mixin.py:188} INFO - [2026-03-16T16:16:23.465+0000] {dagbag.py:545} INFO - Filling up the DagBag from /opt/airflow/dags/deployment_workflow.py
[2026-03-16T16:16:23.502+0000] {processor.py:840} INFO - DAG(s) 'deployment_workflow' retrieved from /opt/airflow/dags/deployment_workflow.py
[2026-03-16T16:16:23.540+0000] {logging_mixin.py:188} INFO - [2026-03-16T16:16:23.540+0000] {dag.py:3096} INFO - Sync 1 DAGs
[2026-03-16T16:16:23.565+0000] {logging_mixin.py:188} INFO - [2026-03-16T16:16:23.565+0000] {dag.py:3954} INFO - Setting next_dagrun for deployment_workflow to None, run_after=None
[2026-03-16T16:16:23.596+0000] {processor.py:183} INFO - Processing /opt/airflow/dags/deployment_workflow.py took 0.147 seconds
[2026-03-16T16:16:53.667+0000] {processor.py:161} INFO - Started process (PID=2059) to work on /opt/airflow/dags/deployment_workflow.py
[2026-03-16T16:16:53.668+0000] {processor.py:830} INFO - Processing file /opt/airflow/dags/deployment_workflow.py for tasks to queue
[2026-03-16T16:16:53.671+0000] {logging_mixin.py:188} INFO - [2026-03-16T16:16:53.671+0000] {dagbag.py:545} INFO - Filling up the DagBag from /opt/airflow/dags/deployment_workflow.py
[2026-03-16T16:16:53.693+0000] {processor.py:840} INFO - DAG(s) 'deployment_workflow' retrieved from /opt/airflow/dags/deployment_workflow.py
[2026-03-16T16:16:53.718+0000] {logging_mixin.py:188} INFO - [2026-03-16T16:16:53.717+0000] {dag.py:3096} INFO - Sync 1 DAGs
[2026-03-16T16:16:53.732+0000] {logging_mixin.py:188} INFO - [2026-03-16T16:16:53.731+0000] {dag.py:3954} INFO - Setting next_dagrun for deployment_workflow to None, run_after=None
[2026-03-16T16:16:53.761+0000] {processor.py:183} INFO - Processing /opt/airflow/dags/deployment_workflow.py took 0.101 seconds
[2026-03-16T16:17:24.493+0000] {processor.py:161} INFO - Started process (PID=2118) to work on /opt/airflow/dags/deployment_workflow.py
[2026-03-16T16:17:24.494+0000] {processor.py:830} INFO - Processing file /opt/airflow/dags/deployment_workflow.py for tasks to queue
[2026-03-16T16:17:24.496+0000] {logging_mixin.py:188} INFO - [2026-03-16T16:17:24.496+0000] {dagbag.py:545} INFO - Filling up the DagBag from /opt/airflow/dags/deployment_workflow.py
[2026-03-16T16:17:24.516+0000] {processor.py:840} INFO - DAG(s) 'deployment_workflow' retrieved from /opt/airflow/dags/deployment_workflow.py
[2026-03-16T16:17:24.543+0000] {logging_mixin.py:188} INFO - [2026-03-16T16:17:24.543+0000] {dag.py:3096} INFO - Sync 1 DAGs
[2026-03-16T16:17:24.558+0000] {logging_mixin.py:188} INFO - [2026-03-16T16:17:24.558+0000] {dag.py:3954} INFO - Setting next_dagrun for deployment_workflow to None, run_after=None
[2026-03-16T16:17:24.587+0000] {processor.py:183} INFO - Processing /opt/airflow/dags/deployment_workflow.py took 0.101 seconds
[2026-03-16T16:17:55.114+0000] {processor.py:161} INFO - Started process (PID=2177) to work on /opt/airflow/dags/deployment_workflow.py
[2026-03-16T16:17:55.115+0000] {processor.py:830} INFO - Processing file /opt/airflow/dags/deployment_workflow.py for tasks to queue
[2026-03-16T16:17:55.117+0000] {logging_mixin.py:188} INFO - [2026-03-16T16:17:55.117+0000] {dagbag.py:545} INFO - Filling up the DagBag from /opt/airflow/dags/deployment_workflow.py
[2026-03-16T16:17:55.139+0000] {processor.py:840} INFO - DAG(s) 'deployment_workflow' retrieved from /opt/airflow/dags/deployment_workflow.py
[2026-03-16T16:17:55.164+0000] {logging_mixin.py:188} INFO - [2026-03-16T16:17:55.164+0000] {dag.py:3096} INFO - Sync 1 DAGs
[2026-03-16T16:17:55.178+0000] {logging_mixin.py:188} INFO - [2026-03-16T16:17:55.178+0000] {dag.py:3954} INFO - Setting next_dagrun for deployment_workflow to None, run_after=None
[2026-03-16T16:17:55.238+0000] {processor.py:183} INFO - Processing /opt/airflow/dags/deployment_workflow.py took 0.131 seconds
[2026-03-16T16:18:26.155+0000] {processor.py:161} INFO - Started process (PID=2236) to work on /opt/airflow/dags/deployment_workflow.py
[2026-03-16T16:18:26.157+0000] {processor.py:830} INFO - Processing file /opt/airflow/dags/deployment_workflow.py for tasks to queue
[2026-03-16T16:18:26.159+0000] {logging_mixin.py:188} INFO - [2026-03-16T16:18:26.159+0000] {dagbag.py:545} INFO - Filling up the DagBag from /opt/airflow/dags/deployment_workflow.py
[2026-03-16T16:18:26.180+0000] {processor.py:840} INFO - DAG(s) 'deployment_workflow' retrieved from /opt/airflow/dags/deployment_workflow.py
[2026-03-16T16:18:26.205+0000] {logging_mixin.py:188} INFO - [2026-03-16T16:18:26.205+0000] {dag.py:3096} INFO - Sync 1 DAGs
[2026-03-16T16:18:26.220+0000] {logging_mixin.py:188} INFO - [2026-03-16T16:18:26.220+0000] {dag.py:3954} INFO - Setting next_dagrun for deployment_workflow to None, run_after=None
[2026-03-16T16:18:26.249+0000] {processor.py:183} INFO - Processing /opt/airflow/dags/deployment_workflow.py took 0.104 seconds
[2026-03-16T16:18:56.642+0000] {processor.py:161} INFO - Started process (PID=2294) to work on /opt/airflow/dags/deployment_workflow.py
[2026-03-16T16:18:56.644+0000] {processor.py:830} INFO - Processing file /opt/airflow/dags/deployment_workflow.py for tasks to queue
[2026-03-16T16:18:56.646+0000] {logging_mixin.py:188} INFO - [2026-03-16T16:18:56.646+0000] {dagbag.py:545} INFO - Filling up the DagBag from /opt/airflow/dags/deployment_workflow.py
[2026-03-16T16:18:56.668+0000] {processor.py:840} INFO - DAG(s) 'deployment_workflow' retrieved from /opt/airflow/dags/deployment_workflow.py
[2026-03-16T16:18:56.692+0000] {logging_mixin.py:188} INFO - [2026-03-16T16:18:56.691+0000] {dag.py:3096} INFO - Sync 1 DAGs
[2026-03-16T16:18:56.706+0000] {logging_mixin.py:188} INFO - [2026-03-16T16:18:56.705+0000] {dag.py:3954} INFO - Setting next_dagrun for deployment_workflow to None, run_after=None
[2026-03-16T16:18:56.735+0000] {processor.py:183} INFO - Processing /opt/airflow/dags/deployment_workflow.py took 0.100 seconds
[2026-03-16T16:19:27.006+0000] {processor.py:161} INFO - Started process (PID=2352) to work on /opt/airflow/dags/deployment_workflow.py
[2026-03-16T16:19:27.007+0000] {processor.py:830} INFO - Processing file /opt/airflow/dags/deployment_workflow.py for tasks to queue
[2026-03-16T16:19:27.011+0000] {logging_mixin.py:188} INFO - [2026-03-16T16:19:27.010+0000] {dagbag.py:545} INFO - Filling up the DagBag from /opt/airflow/dags/deployment_workflow.py
[2026-03-16T16:19:27.034+0000] {processor.py:840} INFO - DAG(s) 'deployment_workflow' retrieved from /opt/airflow/dags/deployment_workflow.py
[2026-03-16T16:19:27.066+0000] {logging_mixin.py:188} INFO - [2026-03-16T16:19:27.066+0000] {dag.py:3096} INFO - Sync 1 DAGs
[2026-03-16T16:19:27.084+0000] {logging_mixin.py:188} INFO - [2026-03-16T16:19:27.083+0000] {dag.py:3954} INFO - Setting next_dagrun for deployment_workflow to None, run_after=None
[2026-03-16T16:19:27.114+0000] {processor.py:183} INFO - Processing /opt/airflow/dags/deployment_workflow.py took 0.117 seconds
[2026-03-16T16:19:57.335+0000] {processor.py:161} INFO - Started process (PID=2411) to work on /opt/airflow/dags/deployment_workflow.py
[2026-03-16T16:19:57.338+0000] {processor.py:830} INFO - Processing file /opt/airflow/dags/deployment_workflow.py for tasks to queue
[2026-03-16T16:19:57.344+0000] {logging_mixin.py:188} INFO - [2026-03-16T16:19:57.343+0000] {dagbag.py:545} INFO - Filling up the DagBag from /opt/airflow/dags/deployment_workflow.py
[2026-03-16T16:19:57.378+0000] {processor.py:840} INFO - DAG(s) 'deployment_workflow' retrieved from /opt/airflow/dags/deployment_workflow.py
[2026-03-16T16:19:57.413+0000] {logging_mixin.py:188} INFO - [2026-03-16T16:19:57.412+0000] {dag.py:3096} INFO - Sync 1 DAGs
[2026-03-16T16:19:57.439+0000] {logging_mixin.py:188} INFO - [2026-03-16T16:19:57.438+0000] {dag.py:3954} INFO - Setting next_dagrun for deployment_workflow to None, run_after=None
[2026-03-16T16:19:57.473+0000] {processor.py:183} INFO - Processing /opt/airflow/dags/deployment_workflow.py took 0.148 seconds
[2026-03-16T16:20:27.694+0000] {processor.py:161} INFO - Started process (PID=2470) to work on /opt/airflow/dags/deployment_workflow.py
[2026-03-16T16:20:27.696+0000] {processor.py:830} INFO - Processing file /opt/airflow/dags/deployment_workflow.py for tasks to queue
[2026-03-16T16:20:27.698+0000] {logging_mixin.py:188} INFO - [2026-03-16T16:20:27.698+0000] {dagbag.py:545} INFO - Filling up the DagBag from /opt/airflow/dags/deployment_workflow.py
[2026-03-16T16:20:27.719+0000] {processor.py:840} INFO - DAG(s) 'deployment_workflow' retrieved from /opt/airflow/dags/deployment_workflow.py
[2026-03-16T16:20:27.744+0000] {logging_mixin.py:188} INFO - [2026-03-16T16:20:27.743+0000] {dag.py:3096} INFO - Sync 1 DAGs
[2026-03-16T16:20:27.761+0000] {logging_mixin.py:188} INFO - [2026-03-16T16:20:27.760+0000] {dag.py:3954} INFO - Setting next_dagrun for deployment_workflow to None, run_after=None
[2026-03-16T16:20:27.789+0000] {processor.py:183} INFO - Processing /opt/airflow/dags/deployment_workflow.py took 0.101 seconds
[2026-03-16T16:20:58.705+0000] {processor.py:161} INFO - Started process (PID=2530) to work on /opt/airflow/dags/deployment_workflow.py
[2026-03-16T16:20:58.707+0000] {processor.py:830} INFO - Processing file /opt/airflow/dags/deployment_workflow.py for tasks to queue
[2026-03-16T16:20:58.712+0000] {logging_mixin.py:188} INFO - [2026-03-16T16:20:58.711+0000] {dagbag.py:545} INFO - Filling up the DagBag from /opt/airflow/dags/deployment_workflow.py
[2026-03-16T16:20:58.747+0000] {processor.py:840} INFO - DAG(s) 'deployment_workflow' retrieved from /opt/airflow/dags/deployment_workflow.py
[2026-03-16T16:20:58.798+0000] {logging_mixin.py:188} INFO - [2026-03-16T16:20:58.797+0000] {dag.py:3096} INFO - Sync 1 DAGs
[2026-03-16T16:20:58.827+0000] {logging_mixin.py:188} INFO - [2026-03-16T16:20:58.826+0000] {dag.py:3954} INFO - Setting next_dagrun for deployment_workflow to None, run_after=None
[2026-03-16T16:20:58.883+0000] {processor.py:183} INFO - Processing /opt/airflow/dags/deployment_workflow.py took 0.190 seconds
[2026-03-16T16:21:29.749+0000] {processor.py:161} INFO - Started process (PID=2589) to work on /opt/airflow/dags/deployment_workflow.py
[2026-03-16T16:21:29.751+0000] {processor.py:830} INFO - Processing file /opt/airflow/dags/deployment_workflow.py for tasks to queue
[2026-03-16T16:21:29.753+0000] {logging_mixin.py:188} INFO - [2026-03-16T16:21:29.753+0000] {dagbag.py:545} INFO - Filling up the DagBag from /opt/airflow/dags/deployment_workflow.py
[2026-03-16T16:21:29.777+0000] {processor.py:840} INFO - DAG(s) 'deployment_workflow' retrieved from /opt/airflow/dags/deployment_workflow.py
[2026-03-16T16:21:29.806+0000] {logging_mixin.py:188} INFO - [2026-03-16T16:21:29.805+0000] {dag.py:3096} INFO - Sync 1 DAGs
[2026-03-16T16:21:29.822+0000] {logging_mixin.py:188} INFO - [2026-03-16T16:21:29.822+0000] {dag.py:3954} INFO - Setting next_dagrun for deployment_workflow to None, run_after=None
[2026-03-16T16:21:29.879+0000] {processor.py:183} INFO - Processing /opt/airflow/dags/deployment_workflow.py took 0.137 seconds
[2026-03-16T16:22:00.056+0000] {processor.py:161} INFO - Started process (PID=2648) to work on /opt/airflow/dags/deployment_workflow.py
[2026-03-16T16:22:00.063+0000] {processor.py:830} INFO - Processing file /opt/airflow/dags/deployment_workflow.py for tasks to queue
[2026-03-16T16:22:00.068+0000] {logging_mixin.py:188} INFO - [2026-03-16T16:22:00.068+0000] {dagbag.py:545} INFO - Filling up the DagBag from /opt/airflow/dags/deployment_workflow.py
[2026-03-16T16:22:00.110+0000] {processor.py:840} INFO - DAG(s) 'deployment_workflow' retrieved from /opt/airflow/dags/deployment_workflow.py
[2026-03-16T16:22:00.148+0000] {logging_mixin.py:188} INFO - [2026-03-16T16:22:00.147+0000] {dag.py:3096} INFO - Sync 1 DAGs
[2026-03-16T16:22:00.171+0000] {logging_mixin.py:188} INFO - [2026-03-16T16:22:00.170+0000] {dag.py:3954} INFO - Setting next_dagrun for deployment_workflow to None, run_after=None
[2026-03-16T16:22:00.252+0000] {processor.py:183} INFO - Processing /opt/airflow/dags/deployment_workflow.py took 0.207 seconds
[2026-03-16T16:22:31.253+0000] {processor.py:161} INFO - Started process (PID=2706) to work on /opt/airflow/dags/deployment_workflow.py
[2026-03-16T16:22:31.258+0000] {processor.py:830} INFO - Processing file /opt/airflow/dags/deployment_workflow.py for tasks to queue
[2026-03-16T16:22:31.266+0000] {logging_mixin.py:188} INFO - [2026-03-16T16:22:31.264+0000] {dagbag.py:545} INFO - Filling up the DagBag from /opt/airflow/dags/deployment_workflow.py
[2026-03-16T16:22:31.399+0000] {processor.py:840} INFO - DAG(s) 'deployment_workflow' retrieved from /opt/airflow/dags/deployment_workflow.py
[2026-03-16T16:22:31.521+0000] {logging_mixin.py:188} INFO - [2026-03-16T16:22:31.520+0000] {dag.py:3096} INFO - Sync 1 DAGs
[2026-03-16T16:22:31.582+0000] {logging_mixin.py:188} INFO - [2026-03-16T16:22:31.581+0000] {dag.py:3954} INFO - Setting next_dagrun for deployment_workflow to None, run_after=None
[2026-03-16T16:22:31.647+0000] {processor.py:183} INFO - Processing /opt/airflow/dags/deployment_workflow.py took 0.417 seconds
[2026-03-16T16:23:01.876+0000] {processor.py:161} INFO - Started process (PID=2765) to work on /opt/airflow/dags/deployment_workflow.py
[2026-03-16T16:23:01.878+0000] {processor.py:830} INFO - Processing file /opt/airflow/dags/deployment_workflow.py for tasks to queue
[2026-03-16T16:23:01.881+0000] {logging_mixin.py:188} INFO - [2026-03-16T16:23:01.880+0000] {dagbag.py:545} INFO - Filling up the DagBag from /opt/airflow/dags/deployment_workflow.py
[2026-03-16T16:23:01.915+0000] {processor.py:840} INFO - DAG(s) 'deployment_workflow' retrieved from /opt/airflow/dags/deployment_workflow.py
[2026-03-16T16:23:01.979+0000] {logging_mixin.py:188} INFO - [2026-03-16T16:23:01.978+0000] {dag.py:3096} INFO - Sync 1 DAGs
[2026-03-16T16:23:02.000+0000] {logging_mixin.py:188} INFO - [2026-03-16T16:23:02.000+0000] {dag.py:3954} INFO - Setting next_dagrun for deployment_workflow to None, run_after=None
[2026-03-16T16:23:02.034+0000] {processor.py:183} INFO - Processing /opt/airflow/dags/deployment_workflow.py took 0.168 seconds
[2026-03-16T16:23:32.364+0000] {processor.py:161} INFO - Started process (PID=2824) to work on /opt/airflow/dags/deployment_workflow.py
[2026-03-16T16:23:32.366+0000] {processor.py:830} INFO - Processing file /opt/airflow/dags/deployment_workflow.py for tasks to queue
[2026-03-16T16:23:32.372+0000] {logging_mixin.py:188} INFO - [2026-03-16T16:23:32.371+0000] {dagbag.py:545} INFO - Filling up the DagBag from /opt/airflow/dags/deployment_workflow.py
[2026-03-16T16:23:32.471+0000] {processor.py:840} INFO - DAG(s) 'deployment_workflow' retrieved from /opt/airflow/dags/deployment_workflow.py
[2026-03-16T16:23:32.578+0000] {logging_mixin.py:188} INFO - [2026-03-16T16:23:32.578+0000] {dag.py:3096} INFO - Sync 1 DAGs
[2026-03-16T16:23:32.623+0000] {logging_mixin.py:188} INFO - [2026-03-16T16:23:32.623+0000] {dag.py:3954} INFO - Setting next_dagrun for deployment_workflow to None, run_after=None
[2026-03-16T16:23:32.693+0000] {processor.py:183} INFO - Processing /opt/airflow/dags/deployment_workflow.py took 0.342 seconds
[2026-03-16T16:24:02.877+0000] {processor.py:161} INFO - Started process (PID=2883) to work on /opt/airflow/dags/deployment_workflow.py
[2026-03-16T16:24:02.879+0000] {processor.py:830} INFO - Processing file /opt/airflow/dags/deployment_workflow.py for tasks to queue
[2026-03-16T16:24:02.883+0000] {logging_mixin.py:188} INFO - [2026-03-16T16:24:02.882+0000] {dagbag.py:545} INFO - Filling up the DagBag from /opt/airflow/dags/deployment_workflow.py
[2026-03-16T16:24:02.914+0000] {processor.py:840} INFO - DAG(s) 'deployment_workflow' retrieved from /opt/airflow/dags/deployment_workflow.py
[2026-03-16T16:24:02.958+0000] {logging_mixin.py:188} INFO - [2026-03-16T16:24:02.958+0000] {dag.py:3096} INFO - Sync 1 DAGs
[2026-03-16T16:24:02.989+0000] {logging_mixin.py:188} INFO - [2026-03-16T16:24:02.989+0000] {dag.py:3954} INFO - Setting next_dagrun for deployment_workflow to None, run_after=None
[2026-03-16T16:24:03.053+0000] {processor.py:183} INFO - Processing /opt/airflow/dags/deployment_workflow.py took 0.186 seconds
[2026-03-16T16:24:33.196+0000] {processor.py:161} INFO - Started process (PID=2942) to work on /opt/airflow/dags/deployment_workflow.py
[2026-03-16T16:24:33.197+0000] {processor.py:830} INFO - Processing file /opt/airflow/dags/deployment_workflow.py for tasks to queue
[2026-03-16T16:24:33.201+0000] {logging_mixin.py:188} INFO - [2026-03-16T16:24:33.201+0000] {dagbag.py:545} INFO - Filling up the DagBag from /opt/airflow/dags/deployment_workflow.py
[2026-03-16T16:24:33.227+0000] {processor.py:840} INFO - DAG(s) 'deployment_workflow' retrieved from /opt/airflow/dags/deployment_workflow.py
[2026-03-16T16:24:33.256+0000] {logging_mixin.py:188} INFO - [2026-03-16T16:24:33.256+0000] {dag.py:3096} INFO - Sync 1 DAGs
[2026-03-16T16:24:33.272+0000] {logging_mixin.py:188} INFO - [2026-03-16T16:24:33.272+0000] {dag.py:3954} INFO - Setting next_dagrun for deployment_workflow to None, run_after=None
[2026-03-16T16:24:33.299+0000] {processor.py:183} INFO - Processing /opt/airflow/dags/deployment_workflow.py took 0.113 seconds
[2026-03-16T16:25:03.493+0000] {processor.py:161} INFO - Started process (PID=3001) to work on /opt/airflow/dags/deployment_workflow.py
[2026-03-16T16:25:03.496+0000] {processor.py:830} INFO - Processing file /opt/airflow/dags/deployment_workflow.py for tasks to queue
[2026-03-16T16:25:03.501+0000] {logging_mixin.py:188} INFO - [2026-03-16T16:25:03.500+0000] {dagbag.py:545} INFO - Filling up the DagBag from /opt/airflow/dags/deployment_workflow.py
[2026-03-16T16:25:03.531+0000] {processor.py:840} INFO - DAG(s) 'deployment_workflow' retrieved from /opt/airflow/dags/deployment_workflow.py
[2026-03-16T16:25:03.571+0000] {logging_mixin.py:188} INFO - [2026-03-16T16:25:03.571+0000] {dag.py:3096} INFO - Sync 1 DAGs
[2026-03-16T16:25:03.596+0000] {logging_mixin.py:188} INFO - [2026-03-16T16:25:03.596+0000] {dag.py:3954} INFO - Setting next_dagrun for deployment_workflow to None, run_after=None
[2026-03-16T16:25:03.666+0000] {processor.py:183} INFO - Processing /opt/airflow/dags/deployment_workflow.py took 0.189 seconds
[2026-03-16T16:25:34.121+0000] {processor.py:161} INFO - Started process (PID=3060) to work on /opt/airflow/dags/deployment_workflow.py
[2026-03-16T16:25:34.122+0000] {processor.py:830} INFO - Processing file /opt/airflow/dags/deployment_workflow.py for tasks to queue
[2026-03-16T16:25:34.125+0000] {logging_mixin.py:188} INFO - [2026-03-16T16:25:34.125+0000] {dagbag.py:545} INFO - Filling up the DagBag from /opt/airflow/dags/deployment_workflow.py
[2026-03-16T16:25:34.148+0000] {processor.py:840} INFO - DAG(s) 'deployment_workflow' retrieved from /opt/airflow/dags/deployment_workflow.py
[2026-03-16T16:25:34.176+0000] {logging_mixin.py:188} INFO - [2026-03-16T16:25:34.175+0000] {dag.py:3096} INFO - Sync 1 DAGs
[2026-03-16T16:25:34.191+0000] {logging_mixin.py:188} INFO - [2026-03-16T16:25:34.191+0000] {dag.py:3954} INFO - Setting next_dagrun for deployment_workflow to None, run_after=None
[2026-03-16T16:25:34.219+0000] {processor.py:183} INFO - Processing /opt/airflow/dags/deployment_workflow.py took 0.106 seconds
[2026-03-16T16:26:04.531+0000] {processor.py:161} INFO - Started process (PID=3119) to work on /opt/airflow/dags/deployment_workflow.py
[2026-03-16T16:26:04.532+0000] {processor.py:830} INFO - Processing file /opt/airflow/dags/deployment_workflow.py for tasks to queue
[2026-03-16T16:26:04.535+0000] {logging_mixin.py:188} INFO - [2026-03-16T16:26:04.535+0000] {dagbag.py:545} INFO - Filling up the DagBag from /opt/airflow/dags/deployment_workflow.py
[2026-03-16T16:26:04.561+0000] {processor.py:840} INFO - DAG(s) 'deployment_workflow' retrieved from /opt/airflow/dags/deployment_workflow.py
[2026-03-16T16:26:04.592+0000] {logging_mixin.py:188} INFO - [2026-03-16T16:26:04.592+0000] {dag.py:3096} INFO - Sync 1 DAGs
[2026-03-16T16:26:04.611+0000] {logging_mixin.py:188} INFO - [2026-03-16T16:26:04.610+0000] {dag.py:3954} INFO - Setting next_dagrun for deployment_workflow to None, run_after=None
[2026-03-16T16:26:04.656+0000] {processor.py:183} INFO - Processing /opt/airflow/dags/deployment_workflow.py took 0.136 seconds
[2026-03-16T16:26:34.773+0000] {processor.py:161} INFO - Started process (PID=3178) to work on /opt/airflow/dags/deployment_workflow.py
[2026-03-16T16:26:34.775+0000] {processor.py:830} INFO - Processing file /opt/airflow/dags/deployment_workflow.py for tasks to queue
[2026-03-16T16:26:34.777+0000] {logging_mixin.py:188} INFO - [2026-03-16T16:26:34.777+0000] {dagbag.py:545} INFO - Filling up the DagBag from /opt/airflow/dags/deployment_workflow.py
[2026-03-16T16:26:34.802+0000] {processor.py:840} INFO - DAG(s) 'deployment_workflow' retrieved from /opt/airflow/dags/deployment_workflow.py
[2026-03-16T16:26:34.838+0000] {logging_mixin.py:188} INFO - [2026-03-16T16:26:34.837+0000] {dag.py:3096} INFO - Sync 1 DAGs
[2026-03-16T16:26:34.861+0000] {logging_mixin.py:188} INFO - [2026-03-16T16:26:34.861+0000] {dag.py:3954} INFO - Setting next_dagrun for deployment_workflow to None, run_after=None
[2026-03-16T16:26:34.895+0000] {processor.py:183} INFO - Processing /opt/airflow/dags/deployment_workflow.py took 0.134 seconds
[2026-03-16T16:27:05.181+0000] {processor.py:161} INFO - Started process (PID=3237) to work on /opt/airflow/dags/deployment_workflow.py
[2026-03-16T16:27:05.183+0000] {processor.py:830} INFO - Processing file /opt/airflow/dags/deployment_workflow.py for tasks to queue
[2026-03-16T16:27:05.188+0000] {logging_mixin.py:188} INFO - [2026-03-16T16:27:05.188+0000] {dagbag.py:545} INFO - Filling up the DagBag from /opt/airflow/dags/deployment_workflow.py
[2026-03-16T16:27:05.216+0000] {processor.py:840} INFO - DAG(s) 'deployment_workflow' retrieved from /opt/airflow/dags/deployment_workflow.py
[2026-03-16T16:27:05.255+0000] {logging_mixin.py:188} INFO - [2026-03-16T16:27:05.254+0000] {dag.py:3096} INFO - Sync 1 DAGs
[2026-03-16T16:27:05.276+0000] {logging_mixin.py:188} INFO - [2026-03-16T16:27:05.276+0000] {dag.py:3954} INFO - Setting next_dagrun for deployment_workflow to None, run_after=None
[2026-03-16T16:27:05.317+0000] {processor.py:183} INFO - Processing /opt/airflow/dags/deployment_workflow.py took 0.147 seconds
[2026-03-16T16:27:35.410+0000] {processor.py:161} INFO - Started process (PID=3296) to work on /opt/airflow/dags/deployment_workflow.py
[2026-03-16T16:27:35.411+0000] {processor.py:830} INFO - Processing file /opt/airflow/dags/deployment_workflow.py for tasks to queue
[2026-03-16T16:27:35.414+0000] {logging_mixin.py:188} INFO - [2026-03-16T16:27:35.414+0000] {dagbag.py:545} INFO - Filling up the DagBag from /opt/airflow/dags/deployment_workflow.py
[2026-03-16T16:27:35.436+0000] {processor.py:840} INFO - DAG(s) 'deployment_workflow' retrieved from /opt/airflow/dags/deployment_workflow.py
[2026-03-16T16:27:35.475+0000] {logging_mixin.py:188} INFO - [2026-03-16T16:27:35.474+0000] {dag.py:3096} INFO - Sync 1 DAGs
[2026-03-16T16:27:35.503+0000] {logging_mixin.py:188} INFO - [2026-03-16T16:27:35.502+0000] {dag.py:3954} INFO - Setting next_dagrun for deployment_workflow to None, run_after=None
[2026-03-16T16:27:35.533+0000] {processor.py:183} INFO - Processing /opt/airflow/dags/deployment_workflow.py took 0.131 seconds
[2026-03-16T16:28:05.785+0000] {processor.py:161} INFO - Started process (PID=3356) to work on /opt/airflow/dags/deployment_workflow.py
[2026-03-16T16:28:05.786+0000] {processor.py:830} INFO - Processing file /opt/airflow/dags/deployment_workflow.py for tasks to queue
[2026-03-16T16:28:05.789+0000] {logging_mixin.py:188} INFO - [2026-03-16T16:28:05.788+0000] {dagbag.py:545} INFO - Filling up the DagBag from /opt/airflow/dags/deployment_workflow.py
[2026-03-16T16:28:05.808+0000] {processor.py:840} INFO - DAG(s) 'deployment_workflow' retrieved from /opt/airflow/dags/deployment_workflow.py
[2026-03-16T16:28:05.832+0000] {logging_mixin.py:188} INFO - [2026-03-16T16:28:05.832+0000] {dag.py:3096} INFO - Sync 1 DAGs
[2026-03-16T16:28:05.846+0000] {logging_mixin.py:188} INFO - [2026-03-16T16:28:05.846+0000] {dag.py:3954} INFO - Setting next_dagrun for deployment_workflow to None, run_after=None
[2026-03-16T16:28:05.874+0000] {processor.py:183} INFO - Processing /opt/airflow/dags/deployment_workflow.py took 0.096 seconds
[2026-03-16T16:28:36.470+0000] {processor.py:161} INFO - Started process (PID=3415) to work on /opt/airflow/dags/deployment_workflow.py
[2026-03-16T16:28:36.476+0000] {processor.py:830} INFO - Processing file /opt/airflow/dags/deployment_workflow.py for tasks to queue
[2026-03-16T16:28:36.480+0000] {logging_mixin.py:188} INFO - [2026-03-16T16:28:36.480+0000] {dagbag.py:545} INFO - Filling up the DagBag from /opt/airflow/dags/deployment_workflow.py
[2026-03-16T16:28:36.519+0000] {processor.py:840} INFO - DAG(s) 'deployment_workflow' retrieved from /opt/airflow/dags/deployment_workflow.py
[2026-03-16T16:28:36.580+0000] {logging_mixin.py:188} INFO - [2026-03-16T16:28:36.579+0000] {dag.py:3096} INFO - Sync 1 DAGs
[2026-03-16T16:28:36.607+0000] {logging_mixin.py:188} INFO - [2026-03-16T16:28:36.607+0000] {dag.py:3954} INFO - Setting next_dagrun for deployment_workflow to None, run_after=None
[2026-03-16T16:28:36.676+0000] {processor.py:183} INFO - Processing /opt/airflow/dags/deployment_workflow.py took 0.218 seconds
[2026-03-16T16:29:06.859+0000] {processor.py:161} INFO - Started process (PID=3474) to work on /opt/airflow/dags/deployment_workflow.py
[2026-03-16T16:29:06.860+0000] {processor.py:830} INFO - Processing file /opt/airflow/dags/deployment_workflow.py for tasks to queue
[2026-03-16T16:29:06.864+0000] {logging_mixin.py:188} INFO - [2026-03-16T16:29:06.864+0000] {dagbag.py:545} INFO - Filling up the DagBag from /opt/airflow/dags/deployment_workflow.py
[2026-03-16T16:29:06.894+0000] {processor.py:840} INFO - DAG(s) 'deployment_workflow' retrieved from /opt/airflow/dags/deployment_workflow.py
[2026-03-16T16:29:06.945+0000] {logging_mixin.py:188} INFO - [2026-03-16T16:29:06.944+0000] {dag.py:3096} INFO - Sync 1 DAGs
[2026-03-16T16:29:06.973+0000] {logging_mixin.py:188} INFO - [2026-03-16T16:29:06.973+0000] {dag.py:3954} INFO - Setting next_dagrun for deployment_workflow to None, run_after=None
[2026-03-16T16:29:07.041+0000] {processor.py:183} INFO - Processing /opt/airflow/dags/deployment_workflow.py took 0.193 seconds
[2026-03-16T16:29:37.551+0000] {processor.py:161} INFO - Started process (PID=3531) to work on /opt/airflow/dags/deployment_workflow.py
[2026-03-16T16:29:37.553+0000] {processor.py:830} INFO - Processing file /opt/airflow/dags/deployment_workflow.py for tasks to queue
[2026-03-16T16:29:37.557+0000] {logging_mixin.py:188} INFO - [2026-03-16T16:29:37.556+0000] {dagbag.py:545} INFO - Filling up the DagBag from /opt/airflow/dags/deployment_workflow.py
[2026-03-16T16:29:37.579+0000] {processor.py:840} INFO - DAG(s) 'deployment_workflow' retrieved from /opt/airflow/dags/deployment_workflow.py
[2026-03-16T16:29:37.610+0000] {logging_mixin.py:188} INFO - [2026-03-16T16:29:37.609+0000] {dag.py:3096} INFO - Sync 1 DAGs
[2026-03-16T16:29:37.628+0000] {logging_mixin.py:188} INFO - [2026-03-16T16:29:37.628+0000] {dag.py:3954} INFO - Setting next_dagrun for deployment_workflow to None, run_after=None
[2026-03-16T16:29:37.659+0000] {processor.py:183} INFO - Processing /opt/airflow/dags/deployment_workflow.py took 0.119 seconds
[2026-03-16T16:30:07.886+0000] {processor.py:161} INFO - Started process (PID=3590) to work on /opt/airflow/dags/deployment_workflow.py
[2026-03-16T16:30:07.887+0000] {processor.py:830} INFO - Processing file /opt/airflow/dags/deployment_workflow.py for tasks to queue
[2026-03-16T16:30:07.891+0000] {logging_mixin.py:188} INFO - [2026-03-16T16:30:07.890+0000] {dagbag.py:545} INFO - Filling up the DagBag from /opt/airflow/dags/deployment_workflow.py
[2026-03-16T16:30:07.914+0000] {processor.py:840} INFO - DAG(s) 'deployment_workflow' retrieved from /opt/airflow/dags/deployment_workflow.py
[2026-03-16T16:30:07.946+0000] {logging_mixin.py:188} INFO - [2026-03-16T16:30:07.945+0000] {dag.py:3096} INFO - Sync 1 DAGs
[2026-03-16T16:30:07.969+0000] {logging_mixin.py:188} INFO - [2026-03-16T16:30:07.968+0000] {dag.py:3954} INFO - Setting next_dagrun for deployment_workflow to None, run_after=None
[2026-03-16T16:30:08.039+0000] {processor.py:183} INFO - Processing /opt/airflow/dags/deployment_workflow.py took 0.163 seconds
[2026-03-16T16:30:38.221+0000] {processor.py:161} INFO - Started process (PID=3650) to work on /opt/airflow/dags/deployment_workflow.py
[2026-03-16T16:30:38.222+0000] {processor.py:830} INFO - Processing file /opt/airflow/dags/deployment_workflow.py for tasks to queue
[2026-03-16T16:30:38.226+0000] {logging_mixin.py:188} INFO - [2026-03-16T16:30:38.225+0000] {dagbag.py:545} INFO - Filling up the DagBag from /opt/airflow/dags/deployment_workflow.py
[2026-03-16T16:30:38.250+0000] {processor.py:840} INFO - DAG(s) 'deployment_workflow' retrieved from /opt/airflow/dags/deployment_workflow.py
[2026-03-16T16:30:38.286+0000] {logging_mixin.py:188} INFO - [2026-03-16T16:30:38.285+0000] {dag.py:3096} INFO - Sync 1 DAGs
[2026-03-16T16:30:38.309+0000] {logging_mixin.py:188} INFO - [2026-03-16T16:30:38.308+0000] {dag.py:3954} INFO - Setting next_dagrun for deployment_workflow to None, run_after=None
[2026-03-16T16:30:38.375+0000] {processor.py:183} INFO - Processing /opt/airflow/dags/deployment_workflow.py took 0.165 seconds
[2026-03-16T16:31:08.893+0000] {processor.py:161} INFO - Started process (PID=3709) to work on /opt/airflow/dags/deployment_workflow.py
[2026-03-16T16:31:08.894+0000] {processor.py:830} INFO - Processing file /opt/airflow/dags/deployment_workflow.py for tasks to queue
[2026-03-16T16:31:08.897+0000] {logging_mixin.py:188} INFO - [2026-03-16T16:31:08.897+0000] {dagbag.py:545} INFO - Filling up the DagBag from /opt/airflow/dags/deployment_workflow.py
[2026-03-16T16:31:08.919+0000] {processor.py:840} INFO - DAG(s) 'deployment_workflow' retrieved from /opt/airflow/dags/deployment_workflow.py
[2026-03-16T16:31:08.951+0000] {logging_mixin.py:188} INFO - [2026-03-16T16:31:08.951+0000] {dag.py:3096} INFO - Sync 1 DAGs
[2026-03-16T16:31:08.978+0000] {logging_mixin.py:188} INFO - [2026-03-16T16:31:08.977+0000] {dag.py:3954} INFO - Setting next_dagrun for deployment_workflow to None, run_after=None
[2026-03-16T16:31:09.021+0000] {processor.py:183} INFO - Processing /opt/airflow/dags/deployment_workflow.py took 0.138 seconds
[2026-03-16T16:31:39.250+0000] {processor.py:161} INFO - Started process (PID=3767) to work on /opt/airflow/dags/deployment_workflow.py
[2026-03-16T16:31:39.251+0000] {processor.py:830} INFO - Processing file /opt/airflow/dags/deployment_workflow.py for tasks to queue
[2026-03-16T16:31:39.258+0000] {logging_mixin.py:188} INFO - [2026-03-16T16:31:39.258+0000] {dagbag.py:545} INFO - Filling up the DagBag from /opt/airflow/dags/deployment_workflow.py
[2026-03-16T16:31:39.281+0000] {processor.py:840} INFO - DAG(s) 'deployment_workflow' retrieved from /opt/airflow/dags/deployment_workflow.py
[2026-03-16T16:31:39.312+0000] {logging_mixin.py:188} INFO - [2026-03-16T16:31:39.311+0000] {dag.py:3096} INFO - Sync 1 DAGs
[2026-03-16T16:31:39.327+0000] {logging_mixin.py:188} INFO - [2026-03-16T16:31:39.327+0000] {dag.py:3954} INFO - Setting next_dagrun for deployment_workflow to None, run_after=None
[2026-03-16T16:31:39.354+0000] {processor.py:183} INFO - Processing /opt/airflow/dags/deployment_workflow.py took 0.113 seconds
[2026-03-16T16:32:09.962+0000] {processor.py:161} INFO - Started process (PID=3826) to work on /opt/airflow/dags/deployment_workflow.py
[2026-03-16T16:32:09.963+0000] {processor.py:830} INFO - Processing file /opt/airflow/dags/deployment_workflow.py for tasks to queue
[2026-03-16T16:32:09.966+0000] {logging_mixin.py:188} INFO - [2026-03-16T16:32:09.966+0000] {dagbag.py:545} INFO - Filling up the DagBag from /opt/airflow/dags/deployment_workflow.py
[2026-03-16T16:32:09.988+0000] {processor.py:840} INFO - DAG(s) 'deployment_workflow' retrieved from /opt/airflow/dags/deployment_workflow.py
[2026-03-16T16:32:10.017+0000] {logging_mixin.py:188} INFO - [2026-03-16T16:32:10.017+0000] {dag.py:3096} INFO - Sync 1 DAGs
[2026-03-16T16:32:10.034+0000] {logging_mixin.py:188} INFO - [2026-03-16T16:32:10.034+0000] {dag.py:3954} INFO - Setting next_dagrun for deployment_workflow to None, run_after=None
[2026-03-16T16:32:10.063+0000] {processor.py:183} INFO - Processing /opt/airflow/dags/deployment_workflow.py took 0.110 seconds
[2026-03-16T16:32:40.121+0000] {processor.py:161} INFO - Started process (PID=3885) to work on /opt/airflow/dags/deployment_workflow.py
[2026-03-16T16:32:40.122+0000] {processor.py:830} INFO - Processing file /opt/airflow/dags/deployment_workflow.py for tasks to queue
[2026-03-16T16:32:40.125+0000] {logging_mixin.py:188} INFO - [2026-03-16T16:32:40.125+0000] {dagbag.py:545} INFO - Filling up the DagBag from /opt/airflow/dags/deployment_workflow.py
[2026-03-16T16:32:40.149+0000] {processor.py:840} INFO - DAG(s) 'deployment_workflow' retrieved from /opt/airflow/dags/deployment_workflow.py
[2026-03-16T16:32:40.184+0000] {logging_mixin.py:188} INFO - [2026-03-16T16:32:40.184+0000] {dag.py:3096} INFO - Sync 1 DAGs
[2026-03-16T16:32:40.205+0000] {logging_mixin.py:188} INFO - [2026-03-16T16:32:40.205+0000] {dag.py:3954} INFO - Setting next_dagrun for deployment_workflow to None, run_after=None
[2026-03-16T16:32:40.240+0000] {processor.py:183} INFO - Processing /opt/airflow/dags/deployment_workflow.py took 0.126 seconds
[2026-03-16T16:33:10.836+0000] {processor.py:161} INFO - Started process (PID=3943) to work on /opt/airflow/dags/deployment_workflow.py
[2026-03-16T16:33:10.837+0000] {processor.py:830} INFO - Processing file /opt/airflow/dags/deployment_workflow.py for tasks to queue
[2026-03-16T16:33:10.841+0000] {logging_mixin.py:188} INFO - [2026-03-16T16:33:10.841+0000] {dagbag.py:545} INFO - Filling up the DagBag from /opt/airflow/dags/deployment_workflow.py
[2026-03-16T16:33:10.882+0000] {processor.py:840} INFO - DAG(s) 'deployment_workflow' retrieved from /opt/airflow/dags/deployment_workflow.py
[2026-03-16T16:33:10.920+0000] {logging_mixin.py:188} INFO - [2026-03-16T16:33:10.919+0000] {dag.py:3096} INFO - Sync 1 DAGs
[2026-03-16T16:33:10.936+0000] {logging_mixin.py:188} INFO - [2026-03-16T16:33:10.936+0000] {dag.py:3954} INFO - Setting next_dagrun for deployment_workflow to None, run_after=None
[2026-03-16T16:33:10.964+0000] {processor.py:183} INFO - Processing /opt/airflow/dags/deployment_workflow.py took 0.140 seconds
[2026-03-16T16:33:41.125+0000] {processor.py:161} INFO - Started process (PID=4002) to work on /opt/airflow/dags/deployment_workflow.py
[2026-03-16T16:33:41.127+0000] {processor.py:830} INFO - Processing file /opt/airflow/dags/deployment_workflow.py for tasks to queue
[2026-03-16T16:33:41.130+0000] {logging_mixin.py:188} INFO - [2026-03-16T16:33:41.129+0000] {dagbag.py:545} INFO - Filling up the DagBag from /opt/airflow/dags/deployment_workflow.py
[2026-03-16T16:33:41.161+0000] {processor.py:840} INFO - DAG(s) 'deployment_workflow' retrieved from /opt/airflow/dags/deployment_workflow.py
[2026-03-16T16:33:41.203+0000] {logging_mixin.py:188} INFO - [2026-03-16T16:33:41.203+0000] {dag.py:3096} INFO - Sync 1 DAGs
[2026-03-16T16:33:41.229+0000] {logging_mixin.py:188} INFO - [2026-03-16T16:33:41.229+0000] {dag.py:3954} INFO - Setting next_dagrun for deployment_workflow to None, run_after=None
[2026-03-16T16:33:41.320+0000] {processor.py:183} INFO - Processing /opt/airflow/dags/deployment_workflow.py took 0.211 seconds
[2026-03-16T16:34:11.771+0000] {processor.py:161} INFO - Started process (PID=4061) to work on /opt/airflow/dags/deployment_workflow.py
[2026-03-16T16:34:11.773+0000] {processor.py:830} INFO - Processing file /opt/airflow/dags/deployment_workflow.py for tasks to queue
[2026-03-16T16:34:11.775+0000] {logging_mixin.py:188} INFO - [2026-03-16T16:34:11.775+0000] {dagbag.py:545} INFO - Filling up the DagBag from /opt/airflow/dags/deployment_workflow.py
[2026-03-16T16:34:11.799+0000] {processor.py:840} INFO - DAG(s) 'deployment_workflow' retrieved from /opt/airflow/dags/deployment_workflow.py
[2026-03-16T16:34:11.829+0000] {logging_mixin.py:188} INFO - [2026-03-16T16:34:11.828+0000] {dag.py:3096} INFO - Sync 1 DAGs
[2026-03-16T16:34:11.845+0000] {logging_mixin.py:188} INFO - [2026-03-16T16:34:11.845+0000] {dag.py:3954} INFO - Setting next_dagrun for deployment_workflow to None, run_after=None
[2026-03-16T16:34:11.902+0000] {processor.py:183} INFO - Processing /opt/airflow/dags/deployment_workflow.py took 0.139 seconds
[2026-03-16T16:34:42.368+0000] {processor.py:161} INFO - Started process (PID=4119) to work on /opt/airflow/dags/deployment_workflow.py
[2026-03-16T16:34:42.370+0000] {processor.py:830} INFO - Processing file /opt/airflow/dags/deployment_workflow.py for tasks to queue
[2026-03-16T16:34:42.375+0000] {logging_mixin.py:188} INFO - [2026-03-16T16:34:42.374+0000] {dagbag.py:545} INFO - Filling up the DagBag from /opt/airflow/dags/deployment_workflow.py
[2026-03-16T16:34:42.404+0000] {processor.py:840} INFO - DAG(s) 'deployment_workflow' retrieved from /opt/airflow/dags/deployment_workflow.py
[2026-03-16T16:34:42.441+0000] {logging_mixin.py:188} INFO - [2026-03-16T16:34:42.441+0000] {dag.py:3096} INFO - Sync 1 DAGs
[2026-03-16T16:34:42.464+0000] {logging_mixin.py:188} INFO - [2026-03-16T16:34:42.464+0000] {dag.py:3954} INFO - Setting next_dagrun for deployment_workflow to None, run_after=None
[2026-03-16T16:34:42.501+0000] {processor.py:183} INFO - Processing /opt/airflow/dags/deployment_workflow.py took 0.146 seconds
[2026-03-16T16:35:12.948+0000] {processor.py:161} INFO - Started process (PID=4178) to work on /opt/airflow/dags/deployment_workflow.py
[2026-03-16T16:35:12.950+0000] {processor.py:830} INFO - Processing file /opt/airflow/dags/deployment_workflow.py for tasks to queue
[2026-03-16T16:35:12.952+0000] {logging_mixin.py:188} INFO - [2026-03-16T16:35:12.952+0000] {dagbag.py:545} INFO - Filling up the DagBag from /opt/airflow/dags/deployment_workflow.py
[2026-03-16T16:35:12.975+0000] {processor.py:840} INFO - DAG(s) 'deployment_workflow' retrieved from /opt/airflow/dags/deployment_workflow.py
[2026-03-16T16:35:13.003+0000] {logging_mixin.py:188} INFO - [2026-03-16T16:35:13.003+0000] {dag.py:3096} INFO - Sync 1 DAGs
[2026-03-16T16:35:13.019+0000] {logging_mixin.py:188} INFO - [2026-03-16T16:35:13.019+0000] {dag.py:3954} INFO - Setting next_dagrun for deployment_workflow to None, run_after=None
[2026-03-16T16:35:13.049+0000] {processor.py:183} INFO - Processing /opt/airflow/dags/deployment_workflow.py took 0.109 seconds
[2026-03-16T16:35:43.528+0000] {processor.py:161} INFO - Started process (PID=4237) to work on /opt/airflow/dags/deployment_workflow.py
[2026-03-16T16:35:43.530+0000] {processor.py:830} INFO - Processing file /opt/airflow/dags/deployment_workflow.py for tasks to queue
[2026-03-16T16:35:43.533+0000] {logging_mixin.py:188} INFO - [2026-03-16T16:35:43.532+0000] {dagbag.py:545} INFO - Filling up the DagBag from /opt/airflow/dags/deployment_workflow.py
[2026-03-16T16:35:43.555+0000] {processor.py:840} INFO - DAG(s) 'deployment_workflow' retrieved from /opt/airflow/dags/deployment_workflow.py
[2026-03-16T16:35:43.582+0000] {logging_mixin.py:188} INFO - [2026-03-16T16:35:43.582+0000] {dag.py:3096} INFO - Sync 1 DAGs
[2026-03-16T16:35:43.597+0000] {logging_mixin.py:188} INFO - [2026-03-16T16:35:43.597+0000] {dag.py:3954} INFO - Setting next_dagrun for deployment_workflow to None, run_after=None
[2026-03-16T16:35:43.653+0000] {processor.py:183} INFO - Processing /opt/airflow/dags/deployment_workflow.py took 0.134 seconds
[2026-03-16T16:36:14.492+0000] {processor.py:161} INFO - Started process (PID=4296) to work on /opt/airflow/dags/deployment_workflow.py
[2026-03-16T16:36:14.494+0000] {processor.py:830} INFO - Processing file /opt/airflow/dags/deployment_workflow.py for tasks to queue
[2026-03-16T16:36:14.496+0000] {logging_mixin.py:188} INFO - [2026-03-16T16:36:14.496+0000] {dagbag.py:545} INFO - Filling up the DagBag from /opt/airflow/dags/deployment_workflow.py
[2026-03-16T16:36:14.520+0000] {processor.py:840} INFO - DAG(s) 'deployment_workflow' retrieved from /opt/airflow/dags/deployment_workflow.py
[2026-03-16T16:36:14.552+0000] {logging_mixin.py:188} INFO - [2026-03-16T16:36:14.551+0000] {dag.py:3096} INFO - Sync 1 DAGs
[2026-03-16T16:36:14.574+0000] {logging_mixin.py:188} INFO - [2026-03-16T16:36:14.574+0000] {dag.py:3954} INFO - Setting next_dagrun for deployment_workflow to None, run_after=None
[2026-03-16T16:36:14.637+0000] {processor.py:183} INFO - Processing /opt/airflow/dags/deployment_workflow.py took 0.153 seconds
