[2026-03-20T18:07:36.094+0530] {taskinstance.py:1979} INFO - Dependencies all met for dep_context=non-requeueable deps ti=<TaskInstance: nfs_dynamic_roles_deployment_error_injected.wait_for_server_boot manual__2026-03-20T12:36:07.276741+00:00 [queued]>
[2026-03-20T18:07:36.102+0530] {taskinstance.py:1979} INFO - Dependencies all met for dep_context=requeueable deps ti=<TaskInstance: nfs_dynamic_roles_deployment_error_injected.wait_for_server_boot manual__2026-03-20T12:36:07.276741+00:00 [queued]>
[2026-03-20T18:07:36.102+0530] {taskinstance.py:2193} INFO - Starting attempt 2 of 2
[2026-03-20T18:07:36.147+0530] {taskinstance.py:2214} INFO - Executing <Task(DynamicSSHOperator): wait_for_server_boot> on 2026-03-20 12:36:07.276741+00:00
[2026-03-20T18:07:36.153+0530] {standard_task_runner.py:60} INFO - Started process 42913 to run task
[2026-03-20T18:07:36.159+0530] {standard_task_runner.py:87} INFO - Running: ['airflow', 'tasks', 'run', 'nfs_dynamic_roles_deployment_error_injected', 'wait_for_server_boot', 'manual__2026-03-20T12:36:07.276741+00:00', '--job-id', '136', '--raw', '--subdir', 'DAGS_FOLDER/nfs_dynamic_roles_deployment_error_injected.py', '--cfg-path', '/tmp/tmpy5xgeqpn']
[2026-03-20T18:07:36.160+0530] {standard_task_runner.py:88} INFO - Job 136: Subtask wait_for_server_boot
[2026-03-20T18:07:36.245+0530] {task_command.py:423} INFO - Running <TaskInstance: nfs_dynamic_roles_deployment_error_injected.wait_for_server_boot manual__2026-03-20T12:36:07.276741+00:00 [running]> on host tejasvi-Vostro-15-3515
[2026-03-20T18:07:36.358+0530] {taskinstance.py:2510} INFO - Exporting env vars: AIRFLOW_CTX_DAG_OWNER='airflow' AIRFLOW_CTX_DAG_ID='nfs_dynamic_roles_deployment_error_injected' AIRFLOW_CTX_TASK_ID='wait_for_server_boot' AIRFLOW_CTX_EXECUTION_DATE='2026-03-20T12:36:07.276741+00:00' AIRFLOW_CTX_TRY_NUMBER='2' AIRFLOW_CTX_DAG_RUN_ID='manual__2026-03-20T12:36:07.276741+00:00'
[2026-03-20T18:07:36.359+0530] {ssh.py:151} INFO - Creating ssh_client
[2026-03-20T18:07:36.359+0530] {ssh.py:124} INFO - ssh_hook is not provided or invalid. Trying ssh_conn_id to create SSHHook.
[2026-03-20T18:07:36.366+0530] {base.py:83} INFO - Using connection ID 'worker2' for task execution.
[2026-03-20T18:07:36.369+0530] {ssh.py:301} WARNING - No Host Key Verification. This won't protect against Man-In-The-Middle attacks
[2026-03-20T18:07:36.388+0530] {transport.py:1909} INFO - Connected (version 2.0, client OpenSSH_8.9p1)
[2026-03-20T18:07:36.591+0530] {transport.py:1909} INFO - Authentication (publickey) successful!
[2026-03-20T18:07:36.592+0530] {ssh.py:480} INFO - Running command: 
for i in $(seq 1 15); do
  if docker ps -q -f name=nfs_server -f status=running | grep -q .; then
    echo "NFS server container is running (attempt $i)"
    if ss -tln | grep -q ':2049'; then
      echo "NFS port 2049 is listening - server is ready!"
      exit 0
    fi
  fi
  echo "Waiting for NFS server... (attempt $i/15)"
  sleep 2
done
echo "ERROR: NFS server failed to start. Logs:"
docker logs nfs_server 2>&1
exit 1
        
[2026-03-20T18:07:36.741+0530] {ssh.py:526} INFO - Waiting for NFS server... (attempt 1/15)
[2026-03-20T18:07:38.771+0530] {ssh.py:526} INFO - Waiting for NFS server... (attempt 2/15)
[2026-03-20T18:07:40.858+0530] {ssh.py:526} INFO - Waiting for NFS server... (attempt 3/15)
[2026-03-20T18:07:42.973+0530] {ssh.py:526} INFO - Waiting for NFS server... (attempt 4/15)
[2026-03-20T18:07:45.005+0530] {ssh.py:526} INFO - Waiting for NFS server... (attempt 5/15)
[2026-03-20T18:07:47.045+0530] {ssh.py:526} INFO - Waiting for NFS server... (attempt 6/15)
[2026-03-20T18:07:49.168+0530] {ssh.py:526} INFO - Waiting for NFS server... (attempt 7/15)
[2026-03-20T18:07:51.198+0530] {ssh.py:526} INFO - Waiting for NFS server... (attempt 8/15)
[2026-03-20T18:07:53.361+0530] {ssh.py:526} INFO - Waiting for NFS server... (attempt 9/15)
[2026-03-20T18:07:55.466+0530] {ssh.py:526} INFO - Waiting for NFS server... (attempt 10/15)
[2026-03-20T18:07:57.500+0530] {ssh.py:526} INFO - Waiting for NFS server... (attempt 11/15)
[2026-03-20T18:07:59.531+0530] {ssh.py:526} INFO - Waiting for NFS server... (attempt 12/15)
[2026-03-20T18:08:01.567+0530] {ssh.py:526} INFO - Waiting for NFS server... (attempt 13/15)
[2026-03-20T18:08:03.612+0530] {ssh.py:526} INFO - Waiting for NFS server... (attempt 14/15)
[2026-03-20T18:08:05.681+0530] {ssh.py:526} INFO - Waiting for NFS server... (attempt 15/15)
[2026-03-20T18:08:07.684+0530] {ssh.py:526} INFO - ERROR: NFS server failed to start. Logs:
[2026-03-20T18:08:07.767+0530] {ssh.py:526} INFO - ==================================================================
[2026-03-20T18:08:07.768+0530] {ssh.py:526} INFO -       SETTING UP ...
[2026-03-20T18:08:07.768+0530] {ssh.py:526} INFO - ==================================================================
[2026-03-20T18:08:07.769+0530] {ssh.py:526} INFO - ----> building /etc/exports from environment variables
[2026-03-20T18:08:07.769+0530] {ssh.py:526} INFO - ----> collected 1 valid export(s) from NFS_EXPORT_* environment variables
[2026-03-20T18:08:07.770+0530] {ssh.py:526} INFO - ----> kernel module nfs is missing
[2026-03-20T18:08:07.770+0530] {ssh.py:526} INFO - ----> 
[2026-03-20T18:08:07.771+0530] {ssh.py:526} INFO - ----> ERROR: nfs module is not loaded in the Docker host's kernel (try: modprobe nfs)
[2026-03-20T18:08:07.771+0530] {ssh.py:526} INFO - ----> 
[2026-03-20T18:08:07.919+0530] {taskinstance.py:2728} ERROR - Task failed with exception
Traceback (most recent call last):
  File "/home/tejasvi/Desktop/airflow_ssh_simulation/venv/lib/python3.10/site-packages/airflow/models/taskinstance.py", line 444, in _execute_task
    result = _execute_callable(context=context, **execute_callable_kwargs)
  File "/home/tejasvi/Desktop/airflow_ssh_simulation/venv/lib/python3.10/site-packages/airflow/models/taskinstance.py", line 414, in _execute_callable
    return execute_callable(context=context, **execute_callable_kwargs)
  File "/home/tejasvi/Desktop/airflow_ssh_simulation/venv/lib/python3.10/site-packages/airflow/providers/ssh/operators/ssh.py", line 191, in execute
    result = self.run_ssh_client_command(ssh_client, self.command, context=context)
  File "/home/tejasvi/Desktop/airflow_ssh_simulation/venv/lib/python3.10/site-packages/airflow/providers/ssh/operators/ssh.py", line 179, in run_ssh_client_command
    self.raise_for_status(exit_status, agg_stderr, context=context)
  File "/home/tejasvi/Desktop/airflow_ssh_simulation/venv/lib/python3.10/site-packages/airflow/providers/ssh/operators/ssh.py", line 173, in raise_for_status
    raise AirflowException(f"SSH operator error: exit status = {exit_status}")
airflow.exceptions.AirflowException: SSH operator error: exit status = 1
[2026-03-20T18:08:07.926+0530] {taskinstance.py:1149} INFO - Marking task as FAILED. dag_id=nfs_dynamic_roles_deployment_error_injected, task_id=wait_for_server_boot, execution_date=20260320T123607, start_date=20260320T123736, end_date=20260320T123807
[2026-03-20T18:08:07.975+0530] {standard_task_runner.py:107} ERROR - Failed to execute job 136 for task wait_for_server_boot (SSH operator error: exit status = 1; 42913)
[2026-03-20T18:08:08.006+0530] {local_task_job_runner.py:234} INFO - Task exited with return code 1
[2026-03-20T18:08:08.031+0530] {taskinstance.py:3309} INFO - 0 downstream tasks scheduled from follow-on schedule check
