[2026-03-06T13:56:09.086+0000] {local_task_job_runner.py:120} INFO - ::group::Pre task execution logs
[2026-03-06T13:56:09.118+0000] {taskinstance.py:2076} INFO - Dependencies all met for dep_context=non-requeueable deps ti=<TaskInstance: deployment_workflow.get_worker_nodes manual__2026-03-06T13:55:41.691302 [queued]>
[2026-03-06T13:56:09.135+0000] {taskinstance.py:2076} INFO - Dependencies all met for dep_context=requeueable deps ti=<TaskInstance: deployment_workflow.get_worker_nodes manual__2026-03-06T13:55:41.691302 [queued]>
[2026-03-06T13:56:09.137+0000] {taskinstance.py:2306} INFO - Starting attempt 1 of 1
[2026-03-06T13:56:09.162+0000] {taskinstance.py:2330} INFO - Executing <Task(PythonOperator): get_worker_nodes> on 2026-03-06 13:55:44.505461+00:00
[2026-03-06T13:56:09.177+0000] {warnings.py:110} WARNING - /home/***/.local/lib/python3.12/site-packages/***/task/task_runner/standard_task_runner.py:61: DeprecationWarning: This process (pid=302) is multi-threaded, use of fork() may lead to deadlocks in the child.
  pid = os.fork()

[2026-03-06T13:56:09.180+0000] {standard_task_runner.py:63} INFO - Started process 304 to run task
[2026-03-06T13:56:09.179+0000] {standard_task_runner.py:90} INFO - Running: ['***', 'tasks', 'run', 'deployment_workflow', 'get_worker_nodes', 'manual__2026-03-06T13:55:41.691302', '--job-id', '124', '--raw', '--subdir', 'DAGS_FOLDER/deployment_workflow.py', '--cfg-path', '/tmp/tmpi1n9co1p']
[2026-03-06T13:56:09.185+0000] {standard_task_runner.py:91} INFO - Job 124: Subtask get_worker_nodes
[2026-03-06T13:56:09.318+0000] {task_command.py:426} INFO - Running <TaskInstance: deployment_workflow.get_worker_nodes manual__2026-03-06T13:55:41.691302 [running]> on host 0ad8c9765a82
[2026-03-06T13:56:09.570+0000] {taskinstance.py:2648} INFO - Exporting env vars: AIRFLOW_CTX_DAG_OWNER='***' AIRFLOW_CTX_DAG_ID='deployment_workflow' AIRFLOW_CTX_TASK_ID='get_worker_nodes' AIRFLOW_CTX_EXECUTION_DATE='2026-03-06T13:55:44.505461+00:00' AIRFLOW_CTX_TRY_NUMBER='1' AIRFLOW_CTX_DAG_RUN_ID='manual__2026-03-06T13:55:41.691302'
[2026-03-06T13:56:09.579+0000] {taskinstance.py:430} INFO - ::endgroup::
[2026-03-06T13:56:09.697+0000] {logging_mixin.py:188} INFO - Found 1 reachable nodes
[2026-03-06T13:56:09.711+0000] {logging_mixin.py:188} INFO -  - 192.168.1.5 (sshuser)
[2026-03-06T13:56:09.712+0000] {python.py:237} INFO - Done. Returned value was: [{'ip': '192.168.1.5', 'username': 'sshuser', 'password': '***', 'status': 'reachable', 'last_checked': '2026-03-06T13:55:36.892523'}]
[2026-03-06T13:56:09.726+0000] {taskinstance.py:441} INFO - ::group::Post task execution logs
[2026-03-06T13:56:09.843+0000] {taskinstance.py:1206} INFO - Marking task as SUCCESS. dag_id=deployment_workflow, task_id=get_worker_nodes, run_id=manual__2026-03-06T13:55:41.691302, execution_date=20260306T135544, start_date=20260306T135609, end_date=20260306T135609
[2026-03-06T13:56:09.928+0000] {local_task_job_runner.py:240} INFO - Task exited with return code 0
[2026-03-06T13:56:09.970+0000] {local_task_job_runner.py:222} INFO - ::endgroup::
