[2026-03-05T18:57:16.148+0000] {local_task_job_runner.py:120} INFO - ::group::Pre task execution logs
[2026-03-05T18:57:16.498+0000] {taskinstance.py:2076} INFO - Dependencies all met for dep_context=non-requeueable deps ti=<TaskInstance: deployment_workflow.check_node_connectivity manual__2026-03-05T18:56:39.798607 [queued]>
[2026-03-05T18:57:16.786+0000] {taskinstance.py:2076} INFO - Dependencies all met for dep_context=requeueable deps ti=<TaskInstance: deployment_workflow.check_node_connectivity manual__2026-03-05T18:56:39.798607 [queued]>
[2026-03-05T18:57:16.794+0000] {taskinstance.py:2306} INFO - Starting attempt 1 of 2
[2026-03-05T18:57:16.920+0000] {taskinstance.py:2330} INFO - Executing <Task(SSHOperator): check_node_connectivity> on 2026-03-05 18:56:42.943180+00:00
[2026-03-05T18:57:16.994+0000] {warnings.py:110} WARNING - /home/***/.local/lib/python3.12/site-packages/***/task/task_runner/standard_task_runner.py:61: DeprecationWarning: This process (pid=2646) is multi-threaded, use of fork() may lead to deadlocks in the child.
  pid = os.fork()

[2026-03-05T18:57:17.013+0000] {standard_task_runner.py:63} INFO - Started process 2655 to run task
[2026-03-05T18:57:17.010+0000] {standard_task_runner.py:90} INFO - Running: ['***', 'tasks', 'run', 'deployment_workflow', 'check_node_connectivity', 'manual__2026-03-05T18:56:39.798607', '--job-id', '18', '--raw', '--subdir', 'DAGS_FOLDER/deployment_workflow.py', '--cfg-path', '/tmp/tmpp3gk6x0y']
[2026-03-05T18:57:17.031+0000] {standard_task_runner.py:91} INFO - Job 18: Subtask check_node_connectivity
[2026-03-05T18:57:17.461+0000] {task_command.py:426} INFO - Running <TaskInstance: deployment_workflow.check_node_connectivity manual__2026-03-05T18:56:39.798607 [running]> on host 7ab5aef854fa
[2026-03-05T18:57:18.148+0000] {taskinstance.py:2648} INFO - Exporting env vars: AIRFLOW_CTX_DAG_OWNER='***' AIRFLOW_CTX_DAG_ID='deployment_workflow' AIRFLOW_CTX_TASK_ID='check_node_connectivity' AIRFLOW_CTX_EXECUTION_DATE='2026-03-05T18:56:42.943180+00:00' AIRFLOW_CTX_TRY_NUMBER='1' AIRFLOW_CTX_DAG_RUN_ID='manual__2026-03-05T18:56:39.798607'
[2026-03-05T18:57:18.163+0000] {taskinstance.py:430} INFO - ::endgroup::
[2026-03-05T18:57:18.166+0000] {ssh.py:151} INFO - Creating ssh_client
[2026-03-05T18:57:18.182+0000] {ssh.py:124} INFO - ssh_hook is not provided or invalid. Trying ssh_conn_id to create SSHHook.
[2026-03-05T18:57:18.279+0000] {taskinstance.py:441} INFO - ::group::Post task execution logs
[2026-03-05T18:57:18.334+0000] {taskinstance.py:2905} ERROR - Task failed with exception
Traceback (most recent call last):
  File "/home/airflow/.local/lib/python3.12/site-packages/airflow/models/taskinstance.py", line 465, in _execute_task
    result = _execute_callable(context=context, **execute_callable_kwargs)
             ^^^^^^^^^^^^^^^^^^^^^^^^^^^^^^^^^^^^^^^^^^^^^^^^^^^^^^^^^^^^^
  File "/home/airflow/.local/lib/python3.12/site-packages/airflow/models/taskinstance.py", line 432, in _execute_callable
    return execute_callable(context=context, **execute_callable_kwargs)
           ^^^^^^^^^^^^^^^^^^^^^^^^^^^^^^^^^^^^^^^^^^^^^^^^^^^^^^^^^^^^
  File "/home/airflow/.local/lib/python3.12/site-packages/airflow/models/baseoperator.py", line 400, in wrapper
    return func(self, *args, **kwargs)
           ^^^^^^^^^^^^^^^^^^^^^^^^^^^
  File "/home/airflow/.local/lib/python3.12/site-packages/airflow/providers/ssh/operators/ssh.py", line 190, in execute
    with self.get_ssh_client() as ssh_client:
         ^^^^^^^^^^^^^^^^^^^^^
  File "/home/airflow/.local/lib/python3.12/site-packages/airflow/providers/ssh/operators/ssh.py", line 152, in get_ssh_client
    return self.hook.get_conn()
           ^^^^^^^^^
  File "/home/airflow/.local/lib/python3.12/site-packages/airflow/providers/ssh/operators/ssh.py", line 143, in hook
    return self.ssh_hook
           ^^^^^^^^^^^^^
  File "/usr/local/lib/python3.12/functools.py", line 995, in __get__
    val = self.func(instance)
          ^^^^^^^^^^^^^^^^^^^
  File "/home/airflow/.local/lib/python3.12/site-packages/airflow/providers/ssh/operators/ssh.py", line 125, in ssh_hook
    hook = SSHHook(
           ^^^^^^^^
  File "/home/airflow/.local/lib/python3.12/site-packages/airflow/providers/ssh/hooks/ssh.py", line 152, in __init__
    conn = self.get_connection(self.ssh_conn_id)
           ^^^^^^^^^^^^^^^^^^^^^^^^^^^^^^^^^^^^^
  File "/home/airflow/.local/lib/python3.12/site-packages/airflow/hooks/base.py", line 83, in get_connection
    conn = Connection.get_connection_from_secrets(conn_id)
           ^^^^^^^^^^^^^^^^^^^^^^^^^^^^^^^^^^^^^^^^^^^^^^^
  File "/home/airflow/.local/lib/python3.12/site-packages/airflow/models/connection.py", line 519, in get_connection_from_secrets
    raise AirflowNotFoundException(f"The conn_id `{conn_id}` isn't defined")
airflow.exceptions.AirflowNotFoundException: The conn_id `worker_node_default` isn't defined
[2026-03-05T18:57:18.400+0000] {taskinstance.py:1206} INFO - Marking task as UP_FOR_RETRY. dag_id=deployment_workflow, task_id=check_node_connectivity, run_id=manual__2026-03-05T18:56:39.798607, execution_date=20260305T185642, start_date=20260305T185716, end_date=20260305T185718
[2026-03-05T18:57:18.486+0000] {standard_task_runner.py:110} ERROR - Failed to execute job 18 for task check_node_connectivity (The conn_id `worker_node_default` isn't defined; 2655)
[2026-03-05T18:57:18.548+0000] {local_task_job_runner.py:240} INFO - Task exited with return code 1
[2026-03-05T18:57:18.732+0000] {taskinstance.py:3498} INFO - 0 downstream tasks scheduled from follow-on schedule check
[2026-03-05T18:57:18.747+0000] {local_task_job_runner.py:222} INFO - ::endgroup::
