[2026-03-20T11:55:29.922+0000] {local_task_job_runner.py:120} INFO - ::group::Pre task execution logs
[2026-03-20T11:55:29.978+0000] {taskinstance.py:2076} INFO - Dependencies all met for dep_context=non-requeueable deps ti=<TaskInstance: deployment_workflow.get_worker_nodes manual__2026-03-20T11:55:22.162610 [queued]>
[2026-03-20T11:55:29.996+0000] {taskinstance.py:2076} INFO - Dependencies all met for dep_context=requeueable deps ti=<TaskInstance: deployment_workflow.get_worker_nodes manual__2026-03-20T11:55:22.162610 [queued]>
[2026-03-20T11:55:29.998+0000] {taskinstance.py:2306} INFO - Starting attempt 1 of 1
[2026-03-20T11:55:30.017+0000] {taskinstance.py:2330} INFO - Executing <Task(PythonOperator): get_worker_nodes> on 2026-03-20 11:55:23.941254+00:00
[2026-03-20T11:55:30.035+0000] {warnings.py:110} WARNING - /home/***/.local/lib/python3.12/site-packages/***/task/task_runner/standard_task_runner.py:61: DeprecationWarning: This process (pid=176) is multi-threaded, use of fork() may lead to deadlocks in the child.
  pid = os.fork()

[2026-03-20T11:55:30.036+0000] {standard_task_runner.py:90} INFO - Running: ['***', 'tasks', 'run', 'deployment_workflow', 'get_worker_nodes', 'manual__2026-03-20T11:55:22.162610', '--job-id', '240', '--raw', '--subdir', 'DAGS_FOLDER/deployment_workflow.py', '--cfg-path', '/tmp/tmppzy3ksda']
[2026-03-20T11:55:30.040+0000] {standard_task_runner.py:91} INFO - Job 240: Subtask get_worker_nodes
[2026-03-20T11:55:30.038+0000] {standard_task_runner.py:63} INFO - Started process 178 to run task
[2026-03-20T11:55:30.108+0000] {task_command.py:426} INFO - Running <TaskInstance: deployment_workflow.get_worker_nodes manual__2026-03-20T11:55:22.162610 [running]> on host 7ee527dcce31
[2026-03-20T11:55:30.244+0000] {taskinstance.py:2648} INFO - Exporting env vars: AIRFLOW_CTX_DAG_OWNER='***' AIRFLOW_CTX_DAG_ID='deployment_workflow' AIRFLOW_CTX_TASK_ID='get_worker_nodes' AIRFLOW_CTX_EXECUTION_DATE='2026-03-20T11:55:23.941254+00:00' AIRFLOW_CTX_TRY_NUMBER='1' AIRFLOW_CTX_DAG_RUN_ID='manual__2026-03-20T11:55:22.162610'
[2026-03-20T11:55:30.247+0000] {taskinstance.py:430} INFO - ::endgroup::
[2026-03-20T11:55:30.324+0000] {logging_mixin.py:188} INFO - Found 1 reachable nodes
[2026-03-20T11:55:30.325+0000] {logging_mixin.py:188} INFO -  - 192.168.1.2 (ubuntuworkervm)
[2026-03-20T11:55:30.326+0000] {python.py:237} INFO - Done. Returned value was: [{'ip': '192.168.1.2', 'username': 'ubuntuworkervm', 'password': '***', 'status': 'reachable', 'last_checked': '2026-03-20T11:54:36.601102'}]
[2026-03-20T11:55:30.328+0000] {taskinstance.py:441} INFO - ::group::Post task execution logs
[2026-03-20T11:55:30.373+0000] {taskinstance.py:1206} INFO - Marking task as SUCCESS. dag_id=deployment_workflow, task_id=get_worker_nodes, run_id=manual__2026-03-20T11:55:22.162610, execution_date=20260320T115523, start_date=20260320T115529, end_date=20260320T115530
[2026-03-20T11:55:30.422+0000] {local_task_job_runner.py:240} INFO - Task exited with return code 0
[2026-03-20T11:55:30.489+0000] {taskinstance.py:3498} INFO - 1 downstream tasks scheduled from follow-on schedule check
[2026-03-20T11:55:30.494+0000] {local_task_job_runner.py:222} INFO - ::endgroup::
