[2026-03-06T14:48:47.500+0000] {local_task_job_runner.py:120} INFO - ::group::Pre task execution logs
[2026-03-06T14:48:47.671+0000] {taskinstance.py:2076} INFO - Dependencies all met for dep_context=non-requeueable deps ti=<TaskInstance: deployment_workflow.get_worker_nodes manual__2026-03-06T14:48:00.193219 [queued]>
[2026-03-06T14:48:47.721+0000] {taskinstance.py:2076} INFO - Dependencies all met for dep_context=requeueable deps ti=<TaskInstance: deployment_workflow.get_worker_nodes manual__2026-03-06T14:48:00.193219 [queued]>
[2026-03-06T14:48:47.734+0000] {taskinstance.py:2306} INFO - Starting attempt 1 of 1
[2026-03-06T14:48:48.037+0000] {taskinstance.py:2330} INFO - Executing <Task(PythonOperator): get_worker_nodes> on 2026-03-06 14:48:02.379250+00:00
[2026-03-06T14:48:48.201+0000] {warnings.py:110} WARNING - /home/***/.local/lib/python3.12/site-packages/***/task/task_runner/standard_task_runner.py:61: DeprecationWarning: This process (pid=212) is multi-threaded, use of fork() may lead to deadlocks in the child.
  pid = os.fork()

[2026-03-06T14:48:48.223+0000] {standard_task_runner.py:90} INFO - Running: ['***', 'tasks', 'run', 'deployment_workflow', 'get_worker_nodes', 'manual__2026-03-06T14:48:00.193219', '--job-id', '135', '--raw', '--subdir', 'DAGS_FOLDER/deployment_workflow.py', '--cfg-path', '/tmp/tmp6ihlfqjd']
[2026-03-06T14:48:48.261+0000] {standard_task_runner.py:63} INFO - Started process 221 to run task
[2026-03-06T14:48:48.299+0000] {standard_task_runner.py:91} INFO - Job 135: Subtask get_worker_nodes
[2026-03-06T14:48:49.267+0000] {task_command.py:426} INFO - Running <TaskInstance: deployment_workflow.get_worker_nodes manual__2026-03-06T14:48:00.193219 [running]> on host 0ad8c9765a82
[2026-03-06T14:48:51.250+0000] {taskinstance.py:2648} INFO - Exporting env vars: AIRFLOW_CTX_DAG_OWNER='***' AIRFLOW_CTX_DAG_ID='deployment_workflow' AIRFLOW_CTX_TASK_ID='get_worker_nodes' AIRFLOW_CTX_EXECUTION_DATE='2026-03-06T14:48:02.379250+00:00' AIRFLOW_CTX_TRY_NUMBER='1' AIRFLOW_CTX_DAG_RUN_ID='manual__2026-03-06T14:48:00.193219'
[2026-03-06T14:48:51.271+0000] {taskinstance.py:430} INFO - ::endgroup::
[2026-03-06T14:48:51.901+0000] {logging_mixin.py:188} INFO - Found 1 reachable nodes
[2026-03-06T14:48:51.908+0000] {logging_mixin.py:188} INFO -  - 192.168.1.5 (sshuser)
[2026-03-06T14:48:51.933+0000] {python.py:237} INFO - Done. Returned value was: [{'ip': '192.168.1.5', 'username': 'sshuser', 'password': '***', 'status': 'reachable', 'last_checked': '2026-03-06T14:47:55.009711'}]
[2026-03-06T14:48:51.978+0000] {taskinstance.py:441} INFO - ::group::Post task execution logs
[2026-03-06T14:48:52.968+0000] {taskinstance.py:1206} INFO - Marking task as SUCCESS. dag_id=deployment_workflow, task_id=get_worker_nodes, run_id=manual__2026-03-06T14:48:00.193219, execution_date=20260306T144802, start_date=20260306T144847, end_date=20260306T144852
[2026-03-06T14:48:53.309+0000] {local_task_job_runner.py:240} INFO - Task exited with return code 0
[2026-03-06T14:48:53.492+0000] {taskinstance.py:3498} INFO - 1 downstream tasks scheduled from follow-on schedule check
[2026-03-06T14:48:53.534+0000] {local_task_job_runner.py:222} INFO - ::endgroup::
