[2026-03-05T19:28:48.245+0000] {local_task_job_runner.py:120} INFO - ::group::Pre task execution logs
[2026-03-05T19:28:48.339+0000] {taskinstance.py:2076} INFO - Dependencies all met for dep_context=non-requeueable deps ti=<TaskInstance: deployment_workflow.get_worker_nodes manual__2026-03-05T19:26:13.733357 [queued]>
[2026-03-05T19:28:48.402+0000] {taskinstance.py:2076} INFO - Dependencies all met for dep_context=requeueable deps ti=<TaskInstance: deployment_workflow.get_worker_nodes manual__2026-03-05T19:26:13.733357 [queued]>
[2026-03-05T19:28:48.408+0000] {taskinstance.py:2306} INFO - Starting attempt 1 of 2
[2026-03-05T19:28:48.510+0000] {taskinstance.py:2330} INFO - Executing <Task(PythonOperator): get_worker_nodes> on 2026-03-05 19:26:27.485862+00:00
[2026-03-05T19:28:48.561+0000] {warnings.py:110} WARNING - /home/***/.local/lib/python3.12/site-packages/***/task/task_runner/standard_task_runner.py:61: DeprecationWarning: This process (pid=3010) is multi-threaded, use of fork() may lead to deadlocks in the child.
  pid = os.fork()

[2026-03-05T19:28:48.594+0000] {standard_task_runner.py:63} INFO - Started process 3029 to run task
[2026-03-05T19:28:48.564+0000] {standard_task_runner.py:90} INFO - Running: ['***', 'tasks', 'run', 'deployment_workflow', 'get_worker_nodes', 'manual__2026-03-05T19:26:13.733357', '--job-id', '35', '--raw', '--subdir', 'DAGS_FOLDER/deployment_workflow.py', '--cfg-path', '/tmp/tmpjahz3dj3']
[2026-03-05T19:28:48.631+0000] {standard_task_runner.py:91} INFO - Job 35: Subtask get_worker_nodes
[2026-03-05T19:28:49.422+0000] {task_command.py:426} INFO - Running <TaskInstance: deployment_workflow.get_worker_nodes manual__2026-03-05T19:26:13.733357 [running]> on host 7ab5aef854fa
[2026-03-05T19:28:51.073+0000] {taskinstance.py:2648} INFO - Exporting env vars: AIRFLOW_CTX_DAG_OWNER='***' AIRFLOW_CTX_DAG_ID='deployment_workflow' AIRFLOW_CTX_TASK_ID='get_worker_nodes' AIRFLOW_CTX_EXECUTION_DATE='2026-03-05T19:26:27.485862+00:00' AIRFLOW_CTX_TRY_NUMBER='1' AIRFLOW_CTX_DAG_RUN_ID='manual__2026-03-05T19:26:13.733357'
[2026-03-05T19:28:51.130+0000] {taskinstance.py:430} INFO - ::endgroup::
[2026-03-05T19:28:51.222+0000] {logging_mixin.py:188} INFO - Error fetching worker nodes: HTTPConnectionPool(host='localhost', port=8000): Max retries exceeded with url: /nodes (Caused by NewConnectionError('<urllib3.connection.HTTPConnection object at 0x746cfaac6480>: Failed to establish a new connection: [Errno 111] Connection refused'))
[2026-03-05T19:28:51.251+0000] {taskinstance.py:441} INFO - ::group::Post task execution logs
[2026-03-05T19:28:51.285+0000] {taskinstance.py:2905} ERROR - Task failed with exception
Traceback (most recent call last):
  File "/home/airflow/.local/lib/python3.12/site-packages/urllib3/connection.py", line 198, in _new_conn
    sock = connection.create_connection(
           ^^^^^^^^^^^^^^^^^^^^^^^^^^^^^
  File "/home/airflow/.local/lib/python3.12/site-packages/urllib3/util/connection.py", line 85, in create_connection
    raise err
  File "/home/airflow/.local/lib/python3.12/site-packages/urllib3/util/connection.py", line 73, in create_connection
    sock.connect(sa)
ConnectionRefusedError: [Errno 111] Connection refused

The above exception was the direct cause of the following exception:

Traceback (most recent call last):
  File "/home/airflow/.local/lib/python3.12/site-packages/urllib3/connectionpool.py", line 793, in urlopen
    response = self._make_request(
               ^^^^^^^^^^^^^^^^^^^
  File "/home/airflow/.local/lib/python3.12/site-packages/urllib3/connectionpool.py", line 496, in _make_request
    conn.request(
  File "/home/airflow/.local/lib/python3.12/site-packages/urllib3/connection.py", line 400, in request
    self.endheaders()
  File "/usr/local/lib/python3.12/http/client.py", line 1331, in endheaders
    self._send_output(message_body, encode_chunked=encode_chunked)
  File "/usr/local/lib/python3.12/http/client.py", line 1091, in _send_output
    self.send(msg)
  File "/usr/local/lib/python3.12/http/client.py", line 1035, in send
    self.connect()
  File "/home/airflow/.local/lib/python3.12/site-packages/urllib3/connection.py", line 238, in connect
    self.sock = self._new_conn()
                ^^^^^^^^^^^^^^^^
  File "/home/airflow/.local/lib/python3.12/site-packages/urllib3/connection.py", line 213, in _new_conn
    raise NewConnectionError(
urllib3.exceptions.NewConnectionError: <urllib3.connection.HTTPConnection object at 0x746cfaac6480>: Failed to establish a new connection: [Errno 111] Connection refused

The above exception was the direct cause of the following exception:

Traceback (most recent call last):
  File "/home/airflow/.local/lib/python3.12/site-packages/requests/adapters.py", line 486, in send
    resp = conn.urlopen(
           ^^^^^^^^^^^^^
  File "/home/airflow/.local/lib/python3.12/site-packages/urllib3/connectionpool.py", line 847, in urlopen
    retries = retries.increment(
              ^^^^^^^^^^^^^^^^^^
  File "/home/airflow/.local/lib/python3.12/site-packages/urllib3/util/retry.py", line 515, in increment
    raise MaxRetryError(_pool, url, reason) from reason  # type: ignore[arg-type]
    ^^^^^^^^^^^^^^^^^^^^^^^^^^^^^^^^^^^^^^^^^^^^^^^^^^^
urllib3.exceptions.MaxRetryError: HTTPConnectionPool(host='localhost', port=8000): Max retries exceeded with url: /nodes (Caused by NewConnectionError('<urllib3.connection.HTTPConnection object at 0x746cfaac6480>: Failed to establish a new connection: [Errno 111] Connection refused'))

During handling of the above exception, another exception occurred:

Traceback (most recent call last):
  File "/home/airflow/.local/lib/python3.12/site-packages/airflow/models/taskinstance.py", line 465, in _execute_task
    result = _execute_callable(context=context, **execute_callable_kwargs)
             ^^^^^^^^^^^^^^^^^^^^^^^^^^^^^^^^^^^^^^^^^^^^^^^^^^^^^^^^^^^^^
  File "/home/airflow/.local/lib/python3.12/site-packages/airflow/models/taskinstance.py", line 432, in _execute_callable
    return execute_callable(context=context, **execute_callable_kwargs)
           ^^^^^^^^^^^^^^^^^^^^^^^^^^^^^^^^^^^^^^^^^^^^^^^^^^^^^^^^^^^^
  File "/home/airflow/.local/lib/python3.12/site-packages/airflow/models/baseoperator.py", line 400, in wrapper
    return func(self, *args, **kwargs)
           ^^^^^^^^^^^^^^^^^^^^^^^^^^^
  File "/home/airflow/.local/lib/python3.12/site-packages/airflow/operators/python.py", line 235, in execute
    return_value = self.execute_callable()
                   ^^^^^^^^^^^^^^^^^^^^^^^
  File "/home/airflow/.local/lib/python3.12/site-packages/airflow/operators/python.py", line 252, in execute_callable
    return self.python_callable(*self.op_args, **self.op_kwargs)
           ^^^^^^^^^^^^^^^^^^^^^^^^^^^^^^^^^^^^^^^^^^^^^^^^^^^^^
  File "/opt/airflow/dags/deployment_workflow.py", line 17, in get_worker_nodes
  File "/home/airflow/.local/lib/python3.12/site-packages/requests/api.py", line 73, in get
    return request("get", url, params=params, **kwargs)
           ^^^^^^^^^^^^^^^^^^^^^^^^^^^^^^^^^^^^^^^^^^^^
  File "/home/airflow/.local/lib/python3.12/site-packages/requests/api.py", line 59, in request
    return session.request(method=method, url=url, **kwargs)
           ^^^^^^^^^^^^^^^^^^^^^^^^^^^^^^^^^^^^^^^^^^^^^^^^^
  File "/home/airflow/.local/lib/python3.12/site-packages/requests/sessions.py", line 589, in request
    resp = self.send(prep, **send_kwargs)
           ^^^^^^^^^^^^^^^^^^^^^^^^^^^^^^
  File "/home/airflow/.local/lib/python3.12/site-packages/requests/sessions.py", line 703, in send
    r = adapter.send(request, **kwargs)
        ^^^^^^^^^^^^^^^^^^^^^^^^^^^^^^^
  File "/home/airflow/.local/lib/python3.12/site-packages/requests/adapters.py", line 519, in send
    raise ConnectionError(e, request=request)
requests.exceptions.ConnectionError: HTTPConnectionPool(host='localhost', port=8000): Max retries exceeded with url: /nodes (Caused by NewConnectionError('<urllib3.connection.HTTPConnection object at 0x746cfaac6480>: Failed to establish a new connection: [Errno 111] Connection refused'))
[2026-03-05T19:28:51.890+0000] {taskinstance.py:1206} INFO - Marking task as UP_FOR_RETRY. dag_id=deployment_workflow, task_id=get_worker_nodes, run_id=manual__2026-03-05T19:26:13.733357, execution_date=20260305T192627, start_date=20260305T192848, end_date=20260305T192851
[2026-03-05T19:28:52.011+0000] {standard_task_runner.py:110} ERROR - Failed to execute job 35 for task get_worker_nodes (HTTPConnectionPool(host='localhost', port=8000): Max retries exceeded with url: /nodes (Caused by NewConnectionError('<urllib3.connection.HTTPConnection object at 0x746cfaac6480>: Failed to establish a new connection: [Errno 111] Connection refused')); 3029)
[2026-03-05T19:28:52.160+0000] {local_task_job_runner.py:240} INFO - Task exited with return code 1
[2026-03-05T19:28:52.886+0000] {dagrun.py:941} ERROR - Failed to get task for ti <TaskInstance: deployment_workflow.prepare_hostname_tasks manual__2026-03-05T19:26:13.733357 [None]>. Marking it as removed.
[2026-03-05T19:28:53.244+0000] {dagrun.py:941} ERROR - Failed to get task for ti <TaskInstance: deployment_workflow.hostname_localhost manual__2026-03-05T19:26:13.733357 [None]>. Marking it as removed.
[2026-03-05T19:28:53.470+0000] {taskinstance.py:3498} INFO - 0 downstream tasks scheduled from follow-on schedule check
[2026-03-05T19:28:53.623+0000] {local_task_job_runner.py:222} INFO - ::endgroup::
