[2026-03-19T23:35:12.472+0530] {taskinstance.py:1979} INFO - Dependencies all met for dep_context=non-requeueable deps ti=<TaskInstance: nfs_dynamic_roles_deployment.deploy_server manual__2026-03-19T18:05:00.597831+00:00 [queued]>
[2026-03-19T23:35:12.479+0530] {taskinstance.py:1979} INFO - Dependencies all met for dep_context=requeueable deps ti=<TaskInstance: nfs_dynamic_roles_deployment.deploy_server manual__2026-03-19T18:05:00.597831+00:00 [queued]>
[2026-03-19T23:35:12.480+0530] {taskinstance.py:2193} INFO - Starting attempt 1 of 2
[2026-03-19T23:35:12.520+0530] {taskinstance.py:2214} INFO - Executing <Task(DynamicSSHOperator): deploy_server> on 2026-03-19 18:05:00.597831+00:00
[2026-03-19T23:35:12.526+0530] {standard_task_runner.py:60} INFO - Started process 6876 to run task
[2026-03-19T23:35:12.533+0530] {standard_task_runner.py:87} INFO - Running: ['airflow', 'tasks', 'run', 'nfs_dynamic_roles_deployment', 'deploy_server', 'manual__2026-03-19T18:05:00.597831+00:00', '--job-id', '28', '--raw', '--subdir', 'DAGS_FOLDER/NFS.py', '--cfg-path', '/tmp/tmpd_6ngjpk']
[2026-03-19T23:35:12.539+0530] {standard_task_runner.py:88} INFO - Job 28: Subtask deploy_server
[2026-03-19T23:35:12.611+0530] {task_command.py:423} INFO - Running <TaskInstance: nfs_dynamic_roles_deployment.deploy_server manual__2026-03-19T18:05:00.597831+00:00 [running]> on host tejasvi-Vostro-15-3515
[2026-03-19T23:35:12.745+0530] {taskinstance.py:2510} INFO - Exporting env vars: AIRFLOW_CTX_DAG_OWNER='airflow' AIRFLOW_CTX_DAG_ID='nfs_dynamic_roles_deployment' AIRFLOW_CTX_TASK_ID='deploy_server' AIRFLOW_CTX_EXECUTION_DATE='2026-03-19T18:05:00.597831+00:00' AIRFLOW_CTX_TRY_NUMBER='1' AIRFLOW_CTX_DAG_RUN_ID='manual__2026-03-19T18:05:00.597831+00:00'
[2026-03-19T23:35:12.746+0530] {ssh.py:151} INFO - Creating ssh_client
[2026-03-19T23:35:12.747+0530] {ssh.py:124} INFO - ssh_hook is not provided or invalid. Trying ssh_conn_id to create SSHHook.
[2026-03-19T23:35:12.755+0530] {base.py:83} INFO - Using connection ID 'worker1' for task execution.
[2026-03-19T23:35:12.758+0530] {ssh.py:301} WARNING - No Host Key Verification. This won't protect against Man-In-The-Middle attacks
[2026-03-19T23:35:12.864+0530] {transport.py:1909} INFO - Connected (version 2.0, client OpenSSH_8.9p1)
[2026-03-19T23:35:13.120+0530] {transport.py:1909} INFO - Authentication (publickey) successful!
[2026-03-19T23:35:13.123+0530] {ssh.py:480} INFO - Running command: 
docker rm -f nfs_server || true
docker run -d \
--name nfs_server \
--privileged \
-p 2049:2049 \
-v /tmp/nfs-server-data:/data \
-e NFS_EXPORT_0='/data *(rw,sync,no_subtree_check,no_root_squash)' \
erichough/nfs-server
        
[2026-03-19T23:35:14.196+0530] {ssh.py:531} WARNING - Error response from daemon: No such container: nfs_server
[2026-03-19T23:35:14.838+0530] {ssh.py:526} INFO - 24360bc605ffc420bbd893abfa3ba89ea2eee04fb641afd5af44ce30b5f71bd2
[2026-03-19T23:35:16.351+0530] {taskinstance.py:1149} INFO - Marking task as SUCCESS. dag_id=nfs_dynamic_roles_deployment, task_id=deploy_server, execution_date=20260319T180500, start_date=20260319T180512, end_date=20260319T180516
[2026-03-19T23:35:16.434+0530] {local_task_job_runner.py:234} INFO - Task exited with return code 0
[2026-03-19T23:35:16.466+0530] {taskinstance.py:3309} INFO - 1 downstream tasks scheduled from follow-on schedule check
