[2026-03-18T17:40:04.117+0530] {processor.py:161} INFO - Started process (PID=5431) to work on /home/tejasvi/Desktop/airflow_ssh_simulation/dags/distributed_minio_cleanup.py
[2026-03-18T17:40:04.120+0530] {processor.py:830} INFO - Processing file /home/tejasvi/Desktop/airflow_ssh_simulation/dags/distributed_minio_cleanup.py for tasks to queue
[2026-03-18T17:40:04.125+0530] {logging_mixin.py:188} INFO - [2026-03-18T17:40:04.124+0530] {dagbag.py:540} INFO - Filling up the DagBag from /home/tejasvi/Desktop/airflow_ssh_simulation/dags/distributed_minio_cleanup.py
[2026-03-18T17:40:04.206+0530] {processor.py:840} INFO - DAG(s) 'distributed_minio_cleanup' retrieved from /home/tejasvi/Desktop/airflow_ssh_simulation/dags/distributed_minio_cleanup.py
[2026-03-18T17:40:04.242+0530] {logging_mixin.py:188} INFO - [2026-03-18T17:40:04.241+0530] {dag.py:3047} INFO - Sync 1 DAGs
[2026-03-18T17:40:04.260+0530] {logging_mixin.py:188} INFO - [2026-03-18T17:40:04.259+0530] {dag.py:3834} INFO - Setting next_dagrun for distributed_minio_cleanup to None, run_after=None
[2026-03-18T17:40:04.323+0530] {processor.py:183} INFO - Processing /home/tejasvi/Desktop/airflow_ssh_simulation/dags/distributed_minio_cleanup.py took 0.215 seconds
[2026-03-18T17:41:22.406+0530] {processor.py:161} INFO - Started process (PID=5544) to work on /home/tejasvi/Desktop/airflow_ssh_simulation/dags/distributed_minio_cleanup.py
[2026-03-18T17:41:22.408+0530] {processor.py:830} INFO - Processing file /home/tejasvi/Desktop/airflow_ssh_simulation/dags/distributed_minio_cleanup.py for tasks to queue
[2026-03-18T17:41:22.411+0530] {logging_mixin.py:188} INFO - [2026-03-18T17:41:22.410+0530] {dagbag.py:540} INFO - Filling up the DagBag from /home/tejasvi/Desktop/airflow_ssh_simulation/dags/distributed_minio_cleanup.py
[2026-03-18T17:41:22.422+0530] {processor.py:840} INFO - DAG(s) 'distributed_minio_cleanup' retrieved from /home/tejasvi/Desktop/airflow_ssh_simulation/dags/distributed_minio_cleanup.py
[2026-03-18T17:41:22.452+0530] {logging_mixin.py:188} INFO - [2026-03-18T17:41:22.451+0530] {dag.py:3047} INFO - Sync 1 DAGs
[2026-03-18T17:41:22.470+0530] {logging_mixin.py:188} INFO - [2026-03-18T17:41:22.469+0530] {dag.py:3834} INFO - Setting next_dagrun for distributed_minio_cleanup to None, run_after=None
[2026-03-18T17:41:22.562+0530] {processor.py:183} INFO - Processing /home/tejasvi/Desktop/airflow_ssh_simulation/dags/distributed_minio_cleanup.py took 0.162 seconds
[2026-03-18T17:42:30.468+0530] {processor.py:161} INFO - Started process (PID=5674) to work on /home/tejasvi/Desktop/airflow_ssh_simulation/dags/distributed_minio_cleanup.py
[2026-03-18T17:42:30.520+0530] {processor.py:830} INFO - Processing file /home/tejasvi/Desktop/airflow_ssh_simulation/dags/distributed_minio_cleanup.py for tasks to queue
[2026-03-18T17:42:30.524+0530] {logging_mixin.py:188} INFO - [2026-03-18T17:42:30.523+0530] {dagbag.py:540} INFO - Filling up the DagBag from /home/tejasvi/Desktop/airflow_ssh_simulation/dags/distributed_minio_cleanup.py
[2026-03-18T17:42:30.534+0530] {processor.py:840} INFO - DAG(s) 'distributed_minio_cleanup' retrieved from /home/tejasvi/Desktop/airflow_ssh_simulation/dags/distributed_minio_cleanup.py
[2026-03-18T17:42:30.558+0530] {logging_mixin.py:188} INFO - [2026-03-18T17:42:30.557+0530] {dag.py:3047} INFO - Sync 1 DAGs
[2026-03-18T17:42:30.577+0530] {logging_mixin.py:188} INFO - [2026-03-18T17:42:30.577+0530] {dag.py:3834} INFO - Setting next_dagrun for distributed_minio_cleanup to None, run_after=None
[2026-03-18T17:42:30.652+0530] {processor.py:183} INFO - Processing /home/tejasvi/Desktop/airflow_ssh_simulation/dags/distributed_minio_cleanup.py took 0.191 seconds
[2026-03-18T17:43:37.364+0530] {processor.py:161} INFO - Started process (PID=6486) to work on /home/tejasvi/Desktop/airflow_ssh_simulation/dags/distributed_minio_cleanup.py
[2026-03-18T17:43:37.374+0530] {processor.py:830} INFO - Processing file /home/tejasvi/Desktop/airflow_ssh_simulation/dags/distributed_minio_cleanup.py for tasks to queue
[2026-03-18T17:43:37.379+0530] {logging_mixin.py:188} INFO - [2026-03-18T17:43:37.377+0530] {dagbag.py:540} INFO - Filling up the DagBag from /home/tejasvi/Desktop/airflow_ssh_simulation/dags/distributed_minio_cleanup.py
[2026-03-18T17:43:37.398+0530] {processor.py:840} INFO - DAG(s) 'distributed_minio_cleanup' retrieved from /home/tejasvi/Desktop/airflow_ssh_simulation/dags/distributed_minio_cleanup.py
[2026-03-18T17:43:37.459+0530] {logging_mixin.py:188} INFO - [2026-03-18T17:43:37.458+0530] {dag.py:3047} INFO - Sync 1 DAGs
[2026-03-18T17:43:37.492+0530] {logging_mixin.py:188} INFO - [2026-03-18T17:43:37.491+0530] {dag.py:3834} INFO - Setting next_dagrun for distributed_minio_cleanup to None, run_after=None
[2026-03-18T17:43:37.990+0530] {processor.py:183} INFO - Processing /home/tejasvi/Desktop/airflow_ssh_simulation/dags/distributed_minio_cleanup.py took 0.637 seconds
[2026-03-18T17:44:51.441+0530] {processor.py:161} INFO - Started process (PID=7735) to work on /home/tejasvi/Desktop/airflow_ssh_simulation/dags/distributed_minio_cleanup.py
[2026-03-18T17:44:51.448+0530] {processor.py:830} INFO - Processing file /home/tejasvi/Desktop/airflow_ssh_simulation/dags/distributed_minio_cleanup.py for tasks to queue
[2026-03-18T17:44:51.452+0530] {logging_mixin.py:188} INFO - [2026-03-18T17:44:51.451+0530] {dagbag.py:540} INFO - Filling up the DagBag from /home/tejasvi/Desktop/airflow_ssh_simulation/dags/distributed_minio_cleanup.py
[2026-03-18T17:44:51.463+0530] {processor.py:840} INFO - DAG(s) 'distributed_minio_cleanup' retrieved from /home/tejasvi/Desktop/airflow_ssh_simulation/dags/distributed_minio_cleanup.py
[2026-03-18T17:44:51.487+0530] {logging_mixin.py:188} INFO - [2026-03-18T17:44:51.487+0530] {dag.py:3047} INFO - Sync 1 DAGs
[2026-03-18T17:44:51.506+0530] {logging_mixin.py:188} INFO - [2026-03-18T17:44:51.506+0530] {dag.py:3834} INFO - Setting next_dagrun for distributed_minio_cleanup to None, run_after=None
[2026-03-18T17:44:51.569+0530] {processor.py:183} INFO - Processing /home/tejasvi/Desktop/airflow_ssh_simulation/dags/distributed_minio_cleanup.py took 0.135 seconds
[2026-03-18T17:45:58.960+0530] {processor.py:161} INFO - Started process (PID=8682) to work on /home/tejasvi/Desktop/airflow_ssh_simulation/dags/distributed_minio_cleanup.py
[2026-03-18T17:45:59.050+0530] {processor.py:830} INFO - Processing file /home/tejasvi/Desktop/airflow_ssh_simulation/dags/distributed_minio_cleanup.py for tasks to queue
[2026-03-18T17:45:59.055+0530] {logging_mixin.py:188} INFO - [2026-03-18T17:45:59.053+0530] {dagbag.py:540} INFO - Filling up the DagBag from /home/tejasvi/Desktop/airflow_ssh_simulation/dags/distributed_minio_cleanup.py
[2026-03-18T17:45:59.070+0530] {processor.py:840} INFO - DAG(s) 'distributed_minio_cleanup' retrieved from /home/tejasvi/Desktop/airflow_ssh_simulation/dags/distributed_minio_cleanup.py
[2026-03-18T17:45:59.104+0530] {logging_mixin.py:188} INFO - [2026-03-18T17:45:59.104+0530] {dag.py:3047} INFO - Sync 1 DAGs
[2026-03-18T17:45:59.123+0530] {logging_mixin.py:188} INFO - [2026-03-18T17:45:59.122+0530] {dag.py:3834} INFO - Setting next_dagrun for distributed_minio_cleanup to None, run_after=None
[2026-03-18T17:45:59.169+0530] {processor.py:183} INFO - Processing /home/tejasvi/Desktop/airflow_ssh_simulation/dags/distributed_minio_cleanup.py took 0.216 seconds
[2026-03-18T17:47:16.421+0530] {processor.py:161} INFO - Started process (PID=9399) to work on /home/tejasvi/Desktop/airflow_ssh_simulation/dags/distributed_minio_cleanup.py
[2026-03-18T17:47:16.423+0530] {processor.py:830} INFO - Processing file /home/tejasvi/Desktop/airflow_ssh_simulation/dags/distributed_minio_cleanup.py for tasks to queue
[2026-03-18T17:47:16.426+0530] {logging_mixin.py:188} INFO - [2026-03-18T17:47:16.425+0530] {dagbag.py:540} INFO - Filling up the DagBag from /home/tejasvi/Desktop/airflow_ssh_simulation/dags/distributed_minio_cleanup.py
[2026-03-18T17:47:16.442+0530] {processor.py:840} INFO - DAG(s) 'distributed_minio_cleanup' retrieved from /home/tejasvi/Desktop/airflow_ssh_simulation/dags/distributed_minio_cleanup.py
[2026-03-18T17:47:16.459+0530] {logging_mixin.py:188} INFO - [2026-03-18T17:47:16.458+0530] {dag.py:3047} INFO - Sync 1 DAGs
[2026-03-18T17:47:16.471+0530] {logging_mixin.py:188} INFO - [2026-03-18T17:47:16.471+0530] {dag.py:3834} INFO - Setting next_dagrun for distributed_minio_cleanup to None, run_after=None
[2026-03-18T17:47:16.592+0530] {processor.py:183} INFO - Processing /home/tejasvi/Desktop/airflow_ssh_simulation/dags/distributed_minio_cleanup.py took 0.179 seconds
[2026-03-18T17:48:24.957+0530] {processor.py:161} INFO - Started process (PID=9957) to work on /home/tejasvi/Desktop/airflow_ssh_simulation/dags/distributed_minio_cleanup.py
[2026-03-18T17:48:25.046+0530] {processor.py:830} INFO - Processing file /home/tejasvi/Desktop/airflow_ssh_simulation/dags/distributed_minio_cleanup.py for tasks to queue
[2026-03-18T17:48:25.050+0530] {logging_mixin.py:188} INFO - [2026-03-18T17:48:25.049+0530] {dagbag.py:540} INFO - Filling up the DagBag from /home/tejasvi/Desktop/airflow_ssh_simulation/dags/distributed_minio_cleanup.py
[2026-03-18T17:48:25.058+0530] {processor.py:840} INFO - DAG(s) 'distributed_minio_cleanup' retrieved from /home/tejasvi/Desktop/airflow_ssh_simulation/dags/distributed_minio_cleanup.py
[2026-03-18T17:48:25.075+0530] {logging_mixin.py:188} INFO - [2026-03-18T17:48:25.075+0530] {dag.py:3047} INFO - Sync 1 DAGs
[2026-03-18T17:48:25.087+0530] {logging_mixin.py:188} INFO - [2026-03-18T17:48:25.087+0530] {dag.py:3834} INFO - Setting next_dagrun for distributed_minio_cleanup to None, run_after=None
[2026-03-18T17:48:25.200+0530] {processor.py:183} INFO - Processing /home/tejasvi/Desktop/airflow_ssh_simulation/dags/distributed_minio_cleanup.py took 0.251 seconds
[2026-03-18T17:49:26.891+0530] {processor.py:161} INFO - Started process (PID=10438) to work on /home/tejasvi/Desktop/airflow_ssh_simulation/dags/distributed_minio_cleanup.py
[2026-03-18T17:49:26.934+0530] {processor.py:830} INFO - Processing file /home/tejasvi/Desktop/airflow_ssh_simulation/dags/distributed_minio_cleanup.py for tasks to queue
[2026-03-18T17:49:26.937+0530] {logging_mixin.py:188} INFO - [2026-03-18T17:49:26.936+0530] {dagbag.py:540} INFO - Filling up the DagBag from /home/tejasvi/Desktop/airflow_ssh_simulation/dags/distributed_minio_cleanup.py
[2026-03-18T17:49:26.945+0530] {processor.py:840} INFO - DAG(s) 'distributed_minio_cleanup' retrieved from /home/tejasvi/Desktop/airflow_ssh_simulation/dags/distributed_minio_cleanup.py
[2026-03-18T17:49:26.961+0530] {logging_mixin.py:188} INFO - [2026-03-18T17:49:26.961+0530] {dag.py:3047} INFO - Sync 1 DAGs
[2026-03-18T17:49:26.973+0530] {logging_mixin.py:188} INFO - [2026-03-18T17:49:26.973+0530] {dag.py:3834} INFO - Setting next_dagrun for distributed_minio_cleanup to None, run_after=None
[2026-03-18T17:49:27.092+0530] {processor.py:183} INFO - Processing /home/tejasvi/Desktop/airflow_ssh_simulation/dags/distributed_minio_cleanup.py took 0.208 seconds
[2026-03-18T17:50:31.226+0530] {processor.py:161} INFO - Started process (PID=10946) to work on /home/tejasvi/Desktop/airflow_ssh_simulation/dags/distributed_minio_cleanup.py
[2026-03-18T17:50:31.272+0530] {processor.py:830} INFO - Processing file /home/tejasvi/Desktop/airflow_ssh_simulation/dags/distributed_minio_cleanup.py for tasks to queue
[2026-03-18T17:50:31.275+0530] {logging_mixin.py:188} INFO - [2026-03-18T17:50:31.274+0530] {dagbag.py:540} INFO - Filling up the DagBag from /home/tejasvi/Desktop/airflow_ssh_simulation/dags/distributed_minio_cleanup.py
[2026-03-18T17:50:31.284+0530] {processor.py:840} INFO - DAG(s) 'distributed_minio_cleanup' retrieved from /home/tejasvi/Desktop/airflow_ssh_simulation/dags/distributed_minio_cleanup.py
[2026-03-18T17:50:31.300+0530] {logging_mixin.py:188} INFO - [2026-03-18T17:50:31.299+0530] {dag.py:3047} INFO - Sync 1 DAGs
[2026-03-18T17:50:31.311+0530] {logging_mixin.py:188} INFO - [2026-03-18T17:50:31.311+0530] {dag.py:3834} INFO - Setting next_dagrun for distributed_minio_cleanup to None, run_after=None
[2026-03-18T17:50:31.428+0530] {processor.py:183} INFO - Processing /home/tejasvi/Desktop/airflow_ssh_simulation/dags/distributed_minio_cleanup.py took 0.208 seconds
[2026-03-18T17:51:40.342+0530] {processor.py:161} INFO - Started process (PID=11546) to work on /home/tejasvi/Desktop/airflow_ssh_simulation/dags/distributed_minio_cleanup.py
[2026-03-18T17:51:40.391+0530] {processor.py:830} INFO - Processing file /home/tejasvi/Desktop/airflow_ssh_simulation/dags/distributed_minio_cleanup.py for tasks to queue
[2026-03-18T17:51:40.394+0530] {logging_mixin.py:188} INFO - [2026-03-18T17:51:40.394+0530] {dagbag.py:540} INFO - Filling up the DagBag from /home/tejasvi/Desktop/airflow_ssh_simulation/dags/distributed_minio_cleanup.py
[2026-03-18T17:51:40.403+0530] {processor.py:840} INFO - DAG(s) 'distributed_minio_cleanup' retrieved from /home/tejasvi/Desktop/airflow_ssh_simulation/dags/distributed_minio_cleanup.py
[2026-03-18T17:51:40.421+0530] {logging_mixin.py:188} INFO - [2026-03-18T17:51:40.420+0530] {dag.py:3047} INFO - Sync 1 DAGs
[2026-03-18T17:51:40.435+0530] {logging_mixin.py:188} INFO - [2026-03-18T17:51:40.435+0530] {dag.py:3834} INFO - Setting next_dagrun for distributed_minio_cleanup to None, run_after=None
[2026-03-18T17:51:40.526+0530] {processor.py:183} INFO - Processing /home/tejasvi/Desktop/airflow_ssh_simulation/dags/distributed_minio_cleanup.py took 0.191 seconds
[2026-03-18T17:52:50.310+0530] {processor.py:161} INFO - Started process (PID=12327) to work on /home/tejasvi/Desktop/airflow_ssh_simulation/dags/distributed_minio_cleanup.py
[2026-03-18T17:52:50.312+0530] {processor.py:830} INFO - Processing file /home/tejasvi/Desktop/airflow_ssh_simulation/dags/distributed_minio_cleanup.py for tasks to queue
[2026-03-18T17:52:50.314+0530] {logging_mixin.py:188} INFO - [2026-03-18T17:52:50.314+0530] {dagbag.py:540} INFO - Filling up the DagBag from /home/tejasvi/Desktop/airflow_ssh_simulation/dags/distributed_minio_cleanup.py
[2026-03-18T17:52:50.325+0530] {processor.py:840} INFO - DAG(s) 'distributed_minio_cleanup' retrieved from /home/tejasvi/Desktop/airflow_ssh_simulation/dags/distributed_minio_cleanup.py
[2026-03-18T17:52:50.345+0530] {logging_mixin.py:188} INFO - [2026-03-18T17:52:50.345+0530] {dag.py:3047} INFO - Sync 1 DAGs
[2026-03-18T17:52:50.358+0530] {logging_mixin.py:188} INFO - [2026-03-18T17:52:50.358+0530] {dag.py:3834} INFO - Setting next_dagrun for distributed_minio_cleanup to None, run_after=None
[2026-03-18T17:52:50.412+0530] {processor.py:183} INFO - Processing /home/tejasvi/Desktop/airflow_ssh_simulation/dags/distributed_minio_cleanup.py took 0.106 seconds
[2026-03-18T17:54:02.507+0530] {processor.py:161} INFO - Started process (PID=13008) to work on /home/tejasvi/Desktop/airflow_ssh_simulation/dags/distributed_minio_cleanup.py
[2026-03-18T17:54:02.557+0530] {processor.py:830} INFO - Processing file /home/tejasvi/Desktop/airflow_ssh_simulation/dags/distributed_minio_cleanup.py for tasks to queue
[2026-03-18T17:54:02.562+0530] {logging_mixin.py:188} INFO - [2026-03-18T17:54:02.561+0530] {dagbag.py:540} INFO - Filling up the DagBag from /home/tejasvi/Desktop/airflow_ssh_simulation/dags/distributed_minio_cleanup.py
[2026-03-18T17:54:02.578+0530] {processor.py:840} INFO - DAG(s) 'distributed_minio_cleanup' retrieved from /home/tejasvi/Desktop/airflow_ssh_simulation/dags/distributed_minio_cleanup.py
[2026-03-18T17:54:02.605+0530] {logging_mixin.py:188} INFO - [2026-03-18T17:54:02.605+0530] {dag.py:3047} INFO - Sync 1 DAGs
[2026-03-18T17:54:02.618+0530] {logging_mixin.py:188} INFO - [2026-03-18T17:54:02.618+0530] {dag.py:3834} INFO - Setting next_dagrun for distributed_minio_cleanup to None, run_after=None
[2026-03-18T17:54:02.723+0530] {processor.py:183} INFO - Processing /home/tejasvi/Desktop/airflow_ssh_simulation/dags/distributed_minio_cleanup.py took 0.222 seconds
[2026-03-18T17:55:05.793+0530] {processor.py:161} INFO - Started process (PID=13492) to work on /home/tejasvi/Desktop/airflow_ssh_simulation/dags/distributed_minio_cleanup.py
[2026-03-18T17:55:05.872+0530] {processor.py:830} INFO - Processing file /home/tejasvi/Desktop/airflow_ssh_simulation/dags/distributed_minio_cleanup.py for tasks to queue
[2026-03-18T17:55:05.875+0530] {logging_mixin.py:188} INFO - [2026-03-18T17:55:05.875+0530] {dagbag.py:540} INFO - Filling up the DagBag from /home/tejasvi/Desktop/airflow_ssh_simulation/dags/distributed_minio_cleanup.py
[2026-03-18T17:55:05.884+0530] {processor.py:840} INFO - DAG(s) 'distributed_minio_cleanup' retrieved from /home/tejasvi/Desktop/airflow_ssh_simulation/dags/distributed_minio_cleanup.py
[2026-03-18T17:55:05.901+0530] {logging_mixin.py:188} INFO - [2026-03-18T17:55:05.900+0530] {dag.py:3047} INFO - Sync 1 DAGs
[2026-03-18T17:55:05.913+0530] {logging_mixin.py:188} INFO - [2026-03-18T17:55:05.912+0530] {dag.py:3834} INFO - Setting next_dagrun for distributed_minio_cleanup to None, run_after=None
[2026-03-18T17:55:06.022+0530] {processor.py:183} INFO - Processing /home/tejasvi/Desktop/airflow_ssh_simulation/dags/distributed_minio_cleanup.py took 0.238 seconds
[2026-03-18T17:56:11.508+0530] {processor.py:161} INFO - Started process (PID=14036) to work on /home/tejasvi/Desktop/airflow_ssh_simulation/dags/distributed_minio_cleanup.py
[2026-03-18T17:56:11.562+0530] {processor.py:830} INFO - Processing file /home/tejasvi/Desktop/airflow_ssh_simulation/dags/distributed_minio_cleanup.py for tasks to queue
[2026-03-18T17:56:11.566+0530] {logging_mixin.py:188} INFO - [2026-03-18T17:56:11.565+0530] {dagbag.py:540} INFO - Filling up the DagBag from /home/tejasvi/Desktop/airflow_ssh_simulation/dags/distributed_minio_cleanup.py
[2026-03-18T17:56:11.583+0530] {processor.py:840} INFO - DAG(s) 'distributed_minio_cleanup' retrieved from /home/tejasvi/Desktop/airflow_ssh_simulation/dags/distributed_minio_cleanup.py
[2026-03-18T17:56:11.612+0530] {logging_mixin.py:188} INFO - [2026-03-18T17:56:11.612+0530] {dag.py:3047} INFO - Sync 1 DAGs
[2026-03-18T17:56:11.626+0530] {logging_mixin.py:188} INFO - [2026-03-18T17:56:11.626+0530] {dag.py:3834} INFO - Setting next_dagrun for distributed_minio_cleanup to None, run_after=None
[2026-03-18T17:56:11.696+0530] {processor.py:183} INFO - Processing /home/tejasvi/Desktop/airflow_ssh_simulation/dags/distributed_minio_cleanup.py took 0.192 seconds
[2026-03-18T17:57:22.768+0530] {processor.py:161} INFO - Started process (PID=14582) to work on /home/tejasvi/Desktop/airflow_ssh_simulation/dags/distributed_minio_cleanup.py
[2026-03-18T17:57:22.808+0530] {processor.py:830} INFO - Processing file /home/tejasvi/Desktop/airflow_ssh_simulation/dags/distributed_minio_cleanup.py for tasks to queue
[2026-03-18T17:57:22.812+0530] {logging_mixin.py:188} INFO - [2026-03-18T17:57:22.811+0530] {dagbag.py:540} INFO - Filling up the DagBag from /home/tejasvi/Desktop/airflow_ssh_simulation/dags/distributed_minio_cleanup.py
[2026-03-18T17:57:22.821+0530] {processor.py:840} INFO - DAG(s) 'distributed_minio_cleanup' retrieved from /home/tejasvi/Desktop/airflow_ssh_simulation/dags/distributed_minio_cleanup.py
[2026-03-18T17:57:22.840+0530] {logging_mixin.py:188} INFO - [2026-03-18T17:57:22.839+0530] {dag.py:3047} INFO - Sync 1 DAGs
[2026-03-18T17:57:22.852+0530] {logging_mixin.py:188} INFO - [2026-03-18T17:57:22.852+0530] {dag.py:3834} INFO - Setting next_dagrun for distributed_minio_cleanup to None, run_after=None
[2026-03-18T17:57:22.967+0530] {processor.py:183} INFO - Processing /home/tejasvi/Desktop/airflow_ssh_simulation/dags/distributed_minio_cleanup.py took 0.207 seconds
[2026-03-18T17:58:30.944+0530] {processor.py:161} INFO - Started process (PID=15120) to work on /home/tejasvi/Desktop/airflow_ssh_simulation/dags/distributed_minio_cleanup.py
[2026-03-18T17:58:31.024+0530] {processor.py:830} INFO - Processing file /home/tejasvi/Desktop/airflow_ssh_simulation/dags/distributed_minio_cleanup.py for tasks to queue
[2026-03-18T17:58:31.028+0530] {logging_mixin.py:188} INFO - [2026-03-18T17:58:31.027+0530] {dagbag.py:540} INFO - Filling up the DagBag from /home/tejasvi/Desktop/airflow_ssh_simulation/dags/distributed_minio_cleanup.py
[2026-03-18T17:58:31.038+0530] {processor.py:840} INFO - DAG(s) 'distributed_minio_cleanup' retrieved from /home/tejasvi/Desktop/airflow_ssh_simulation/dags/distributed_minio_cleanup.py
[2026-03-18T17:58:31.055+0530] {logging_mixin.py:188} INFO - [2026-03-18T17:58:31.055+0530] {dag.py:3047} INFO - Sync 1 DAGs
[2026-03-18T17:58:31.069+0530] {logging_mixin.py:188} INFO - [2026-03-18T17:58:31.069+0530] {dag.py:3834} INFO - Setting next_dagrun for distributed_minio_cleanup to None, run_after=None
[2026-03-18T17:58:31.217+0530] {processor.py:183} INFO - Processing /home/tejasvi/Desktop/airflow_ssh_simulation/dags/distributed_minio_cleanup.py took 0.281 seconds
[2026-03-18T17:59:30.101+0530] {processor.py:161} INFO - Started process (PID=15347) to work on /home/tejasvi/Desktop/airflow_ssh_simulation/dags/distributed_minio_cleanup.py
[2026-03-18T17:59:30.185+0530] {processor.py:830} INFO - Processing file /home/tejasvi/Desktop/airflow_ssh_simulation/dags/distributed_minio_cleanup.py for tasks to queue
[2026-03-18T17:59:30.189+0530] {logging_mixin.py:188} INFO - [2026-03-18T17:59:30.188+0530] {dagbag.py:540} INFO - Filling up the DagBag from /home/tejasvi/Desktop/airflow_ssh_simulation/dags/distributed_minio_cleanup.py
[2026-03-18T17:59:30.200+0530] {processor.py:840} INFO - DAG(s) 'distributed_minio_cleanup' retrieved from /home/tejasvi/Desktop/airflow_ssh_simulation/dags/distributed_minio_cleanup.py
[2026-03-18T17:59:30.229+0530] {logging_mixin.py:188} INFO - [2026-03-18T17:59:30.229+0530] {dag.py:3047} INFO - Sync 1 DAGs
[2026-03-18T17:59:30.248+0530] {logging_mixin.py:188} INFO - [2026-03-18T17:59:30.247+0530] {dag.py:3834} INFO - Setting next_dagrun for distributed_minio_cleanup to None, run_after=None
[2026-03-18T17:59:30.500+0530] {processor.py:183} INFO - Processing /home/tejasvi/Desktop/airflow_ssh_simulation/dags/distributed_minio_cleanup.py took 0.403 seconds
[2026-03-18T18:00:38.492+0530] {processor.py:161} INFO - Started process (PID=15534) to work on /home/tejasvi/Desktop/airflow_ssh_simulation/dags/distributed_minio_cleanup.py
[2026-03-18T18:00:38.537+0530] {processor.py:830} INFO - Processing file /home/tejasvi/Desktop/airflow_ssh_simulation/dags/distributed_minio_cleanup.py for tasks to queue
[2026-03-18T18:00:38.542+0530] {logging_mixin.py:188} INFO - [2026-03-18T18:00:38.541+0530] {dagbag.py:540} INFO - Filling up the DagBag from /home/tejasvi/Desktop/airflow_ssh_simulation/dags/distributed_minio_cleanup.py
[2026-03-18T18:00:38.562+0530] {processor.py:840} INFO - DAG(s) 'distributed_minio_cleanup' retrieved from /home/tejasvi/Desktop/airflow_ssh_simulation/dags/distributed_minio_cleanup.py
[2026-03-18T18:00:38.587+0530] {logging_mixin.py:188} INFO - [2026-03-18T18:00:38.586+0530] {dag.py:3047} INFO - Sync 1 DAGs
[2026-03-18T18:00:38.601+0530] {logging_mixin.py:188} INFO - [2026-03-18T18:00:38.600+0530] {dag.py:3834} INFO - Setting next_dagrun for distributed_minio_cleanup to None, run_after=None
[2026-03-18T18:00:38.714+0530] {processor.py:183} INFO - Processing /home/tejasvi/Desktop/airflow_ssh_simulation/dags/distributed_minio_cleanup.py took 0.227 seconds
[2026-03-18T18:02:15.742+0530] {processor.py:161} INFO - Started process (PID=17859) to work on /home/tejasvi/Desktop/airflow_ssh_simulation/dags/distributed_minio_cleanup.py
[2026-03-18T18:02:15.745+0530] {processor.py:830} INFO - Processing file /home/tejasvi/Desktop/airflow_ssh_simulation/dags/distributed_minio_cleanup.py for tasks to queue
[2026-03-18T18:02:15.748+0530] {logging_mixin.py:188} INFO - [2026-03-18T18:02:15.747+0530] {dagbag.py:540} INFO - Filling up the DagBag from /home/tejasvi/Desktop/airflow_ssh_simulation/dags/distributed_minio_cleanup.py
[2026-03-18T18:02:15.761+0530] {processor.py:840} INFO - DAG(s) 'distributed_minio_cleanup' retrieved from /home/tejasvi/Desktop/airflow_ssh_simulation/dags/distributed_minio_cleanup.py
[2026-03-18T18:02:15.780+0530] {logging_mixin.py:188} INFO - [2026-03-18T18:02:15.780+0530] {dag.py:3047} INFO - Sync 1 DAGs
[2026-03-18T18:02:15.800+0530] {logging_mixin.py:188} INFO - [2026-03-18T18:02:15.800+0530] {dag.py:3834} INFO - Setting next_dagrun for distributed_minio_cleanup to None, run_after=None
[2026-03-18T18:02:15.857+0530] {processor.py:183} INFO - Processing /home/tejasvi/Desktop/airflow_ssh_simulation/dags/distributed_minio_cleanup.py took 0.124 seconds
[2026-03-18T18:03:29.334+0530] {processor.py:161} INFO - Started process (PID=18117) to work on /home/tejasvi/Desktop/airflow_ssh_simulation/dags/distributed_minio_cleanup.py
[2026-03-18T18:03:29.353+0530] {processor.py:830} INFO - Processing file /home/tejasvi/Desktop/airflow_ssh_simulation/dags/distributed_minio_cleanup.py for tasks to queue
[2026-03-18T18:03:29.358+0530] {logging_mixin.py:188} INFO - [2026-03-18T18:03:29.357+0530] {dagbag.py:540} INFO - Filling up the DagBag from /home/tejasvi/Desktop/airflow_ssh_simulation/dags/distributed_minio_cleanup.py
[2026-03-18T18:03:29.373+0530] {processor.py:840} INFO - DAG(s) 'distributed_minio_cleanup' retrieved from /home/tejasvi/Desktop/airflow_ssh_simulation/dags/distributed_minio_cleanup.py
[2026-03-18T18:03:29.393+0530] {logging_mixin.py:188} INFO - [2026-03-18T18:03:29.392+0530] {dag.py:3047} INFO - Sync 1 DAGs
[2026-03-18T18:03:29.407+0530] {logging_mixin.py:188} INFO - [2026-03-18T18:03:29.407+0530] {dag.py:3834} INFO - Setting next_dagrun for distributed_minio_cleanup to None, run_after=None
[2026-03-18T18:03:29.488+0530] {processor.py:183} INFO - Processing /home/tejasvi/Desktop/airflow_ssh_simulation/dags/distributed_minio_cleanup.py took 0.159 seconds
[2026-03-18T18:04:35.733+0530] {processor.py:161} INFO - Started process (PID=18617) to work on /home/tejasvi/Desktop/airflow_ssh_simulation/dags/distributed_minio_cleanup.py
[2026-03-18T18:04:35.979+0530] {processor.py:830} INFO - Processing file /home/tejasvi/Desktop/airflow_ssh_simulation/dags/distributed_minio_cleanup.py for tasks to queue
[2026-03-18T18:04:35.984+0530] {logging_mixin.py:188} INFO - [2026-03-18T18:04:35.983+0530] {dagbag.py:540} INFO - Filling up the DagBag from /home/tejasvi/Desktop/airflow_ssh_simulation/dags/distributed_minio_cleanup.py
[2026-03-18T18:04:35.997+0530] {processor.py:840} INFO - DAG(s) 'distributed_minio_cleanup' retrieved from /home/tejasvi/Desktop/airflow_ssh_simulation/dags/distributed_minio_cleanup.py
[2026-03-18T18:04:36.018+0530] {logging_mixin.py:188} INFO - [2026-03-18T18:04:36.018+0530] {dag.py:3047} INFO - Sync 1 DAGs
[2026-03-18T18:04:36.031+0530] {logging_mixin.py:188} INFO - [2026-03-18T18:04:36.031+0530] {dag.py:3834} INFO - Setting next_dagrun for distributed_minio_cleanup to None, run_after=None
[2026-03-18T18:04:36.119+0530] {processor.py:183} INFO - Processing /home/tejasvi/Desktop/airflow_ssh_simulation/dags/distributed_minio_cleanup.py took 0.390 seconds
[2026-03-18T18:05:42.989+0530] {processor.py:161} INFO - Started process (PID=18800) to work on /home/tejasvi/Desktop/airflow_ssh_simulation/dags/distributed_minio_cleanup.py
[2026-03-18T18:05:43.043+0530] {processor.py:830} INFO - Processing file /home/tejasvi/Desktop/airflow_ssh_simulation/dags/distributed_minio_cleanup.py for tasks to queue
[2026-03-18T18:05:43.047+0530] {logging_mixin.py:188} INFO - [2026-03-18T18:05:43.046+0530] {dagbag.py:540} INFO - Filling up the DagBag from /home/tejasvi/Desktop/airflow_ssh_simulation/dags/distributed_minio_cleanup.py
[2026-03-18T18:05:43.057+0530] {processor.py:840} INFO - DAG(s) 'distributed_minio_cleanup' retrieved from /home/tejasvi/Desktop/airflow_ssh_simulation/dags/distributed_minio_cleanup.py
[2026-03-18T18:05:43.077+0530] {logging_mixin.py:188} INFO - [2026-03-18T18:05:43.076+0530] {dag.py:3047} INFO - Sync 1 DAGs
[2026-03-18T18:05:43.091+0530] {logging_mixin.py:188} INFO - [2026-03-18T18:05:43.091+0530] {dag.py:3834} INFO - Setting next_dagrun for distributed_minio_cleanup to None, run_after=None
[2026-03-18T18:05:43.161+0530] {processor.py:183} INFO - Processing /home/tejasvi/Desktop/airflow_ssh_simulation/dags/distributed_minio_cleanup.py took 0.176 seconds
[2026-03-18T18:06:42.881+0530] {processor.py:161} INFO - Started process (PID=18985) to work on /home/tejasvi/Desktop/airflow_ssh_simulation/dags/distributed_minio_cleanup.py
[2026-03-18T18:06:42.981+0530] {processor.py:830} INFO - Processing file /home/tejasvi/Desktop/airflow_ssh_simulation/dags/distributed_minio_cleanup.py for tasks to queue
[2026-03-18T18:06:42.988+0530] {logging_mixin.py:188} INFO - [2026-03-18T18:06:42.987+0530] {dagbag.py:540} INFO - Filling up the DagBag from /home/tejasvi/Desktop/airflow_ssh_simulation/dags/distributed_minio_cleanup.py
[2026-03-18T18:06:43.007+0530] {processor.py:840} INFO - DAG(s) 'distributed_minio_cleanup' retrieved from /home/tejasvi/Desktop/airflow_ssh_simulation/dags/distributed_minio_cleanup.py
[2026-03-18T18:06:43.039+0530] {logging_mixin.py:188} INFO - [2026-03-18T18:06:43.039+0530] {dag.py:3047} INFO - Sync 1 DAGs
[2026-03-18T18:06:43.054+0530] {logging_mixin.py:188} INFO - [2026-03-18T18:06:43.054+0530] {dag.py:3834} INFO - Setting next_dagrun for distributed_minio_cleanup to None, run_after=None
[2026-03-18T18:06:43.212+0530] {processor.py:183} INFO - Processing /home/tejasvi/Desktop/airflow_ssh_simulation/dags/distributed_minio_cleanup.py took 0.335 seconds
[2026-03-18T18:08:16.824+0530] {processor.py:161} INFO - Started process (PID=19223) to work on /home/tejasvi/Desktop/airflow_ssh_simulation/dags/distributed_minio_cleanup.py
[2026-03-18T18:08:16.830+0530] {processor.py:830} INFO - Processing file /home/tejasvi/Desktop/airflow_ssh_simulation/dags/distributed_minio_cleanup.py for tasks to queue
[2026-03-18T18:08:16.833+0530] {logging_mixin.py:188} INFO - [2026-03-18T18:08:16.832+0530] {dagbag.py:540} INFO - Filling up the DagBag from /home/tejasvi/Desktop/airflow_ssh_simulation/dags/distributed_minio_cleanup.py
[2026-03-18T18:08:16.842+0530] {processor.py:840} INFO - DAG(s) 'distributed_minio_cleanup' retrieved from /home/tejasvi/Desktop/airflow_ssh_simulation/dags/distributed_minio_cleanup.py
[2026-03-18T18:08:16.860+0530] {logging_mixin.py:188} INFO - [2026-03-18T18:08:16.860+0530] {dag.py:3047} INFO - Sync 1 DAGs
[2026-03-18T18:08:16.875+0530] {logging_mixin.py:188} INFO - [2026-03-18T18:08:16.875+0530] {dag.py:3834} INFO - Setting next_dagrun for distributed_minio_cleanup to None, run_after=None
[2026-03-18T18:08:16.957+0530] {processor.py:183} INFO - Processing /home/tejasvi/Desktop/airflow_ssh_simulation/dags/distributed_minio_cleanup.py took 0.137 seconds
[2026-03-18T18:09:16.226+0530] {processor.py:161} INFO - Started process (PID=19389) to work on /home/tejasvi/Desktop/airflow_ssh_simulation/dags/distributed_minio_cleanup.py
[2026-03-18T18:09:16.248+0530] {processor.py:830} INFO - Processing file /home/tejasvi/Desktop/airflow_ssh_simulation/dags/distributed_minio_cleanup.py for tasks to queue
[2026-03-18T18:09:16.251+0530] {logging_mixin.py:188} INFO - [2026-03-18T18:09:16.250+0530] {dagbag.py:540} INFO - Filling up the DagBag from /home/tejasvi/Desktop/airflow_ssh_simulation/dags/distributed_minio_cleanup.py
[2026-03-18T18:09:16.260+0530] {processor.py:840} INFO - DAG(s) 'distributed_minio_cleanup' retrieved from /home/tejasvi/Desktop/airflow_ssh_simulation/dags/distributed_minio_cleanup.py
[2026-03-18T18:09:16.278+0530] {logging_mixin.py:188} INFO - [2026-03-18T18:09:16.277+0530] {dag.py:3047} INFO - Sync 1 DAGs
[2026-03-18T18:09:16.290+0530] {logging_mixin.py:188} INFO - [2026-03-18T18:09:16.290+0530] {dag.py:3834} INFO - Setting next_dagrun for distributed_minio_cleanup to None, run_after=None
[2026-03-18T18:09:16.380+0530] {processor.py:183} INFO - Processing /home/tejasvi/Desktop/airflow_ssh_simulation/dags/distributed_minio_cleanup.py took 0.159 seconds
[2026-03-18T18:10:15.517+0530] {processor.py:161} INFO - Started process (PID=19554) to work on /home/tejasvi/Desktop/airflow_ssh_simulation/dags/distributed_minio_cleanup.py
[2026-03-18T18:10:15.570+0530] {processor.py:830} INFO - Processing file /home/tejasvi/Desktop/airflow_ssh_simulation/dags/distributed_minio_cleanup.py for tasks to queue
[2026-03-18T18:10:15.576+0530] {logging_mixin.py:188} INFO - [2026-03-18T18:10:15.575+0530] {dagbag.py:540} INFO - Filling up the DagBag from /home/tejasvi/Desktop/airflow_ssh_simulation/dags/distributed_minio_cleanup.py
[2026-03-18T18:10:15.595+0530] {processor.py:840} INFO - DAG(s) 'distributed_minio_cleanup' retrieved from /home/tejasvi/Desktop/airflow_ssh_simulation/dags/distributed_minio_cleanup.py
[2026-03-18T18:10:15.619+0530] {logging_mixin.py:188} INFO - [2026-03-18T18:10:15.619+0530] {dag.py:3047} INFO - Sync 1 DAGs
[2026-03-18T18:10:15.632+0530] {logging_mixin.py:188} INFO - [2026-03-18T18:10:15.632+0530] {dag.py:3834} INFO - Setting next_dagrun for distributed_minio_cleanup to None, run_after=None
[2026-03-18T18:10:15.714+0530] {processor.py:183} INFO - Processing /home/tejasvi/Desktop/airflow_ssh_simulation/dags/distributed_minio_cleanup.py took 0.201 seconds
[2026-03-18T18:11:17.188+0530] {processor.py:161} INFO - Started process (PID=19755) to work on /home/tejasvi/Desktop/airflow_ssh_simulation/dags/distributed_minio_cleanup.py
[2026-03-18T18:11:17.232+0530] {processor.py:830} INFO - Processing file /home/tejasvi/Desktop/airflow_ssh_simulation/dags/distributed_minio_cleanup.py for tasks to queue
[2026-03-18T18:11:17.235+0530] {logging_mixin.py:188} INFO - [2026-03-18T18:11:17.235+0530] {dagbag.py:540} INFO - Filling up the DagBag from /home/tejasvi/Desktop/airflow_ssh_simulation/dags/distributed_minio_cleanup.py
[2026-03-18T18:11:17.246+0530] {processor.py:840} INFO - DAG(s) 'distributed_minio_cleanup' retrieved from /home/tejasvi/Desktop/airflow_ssh_simulation/dags/distributed_minio_cleanup.py
[2026-03-18T18:11:17.266+0530] {logging_mixin.py:188} INFO - [2026-03-18T18:11:17.266+0530] {dag.py:3047} INFO - Sync 1 DAGs
[2026-03-18T18:11:17.280+0530] {logging_mixin.py:188} INFO - [2026-03-18T18:11:17.280+0530] {dag.py:3834} INFO - Setting next_dagrun for distributed_minio_cleanup to None, run_after=None
[2026-03-18T18:11:17.382+0530] {processor.py:183} INFO - Processing /home/tejasvi/Desktop/airflow_ssh_simulation/dags/distributed_minio_cleanup.py took 0.200 seconds
[2026-03-18T18:12:28.581+0530] {processor.py:161} INFO - Started process (PID=19942) to work on /home/tejasvi/Desktop/airflow_ssh_simulation/dags/distributed_minio_cleanup.py
[2026-03-18T18:12:28.664+0530] {processor.py:830} INFO - Processing file /home/tejasvi/Desktop/airflow_ssh_simulation/dags/distributed_minio_cleanup.py for tasks to queue
[2026-03-18T18:12:28.667+0530] {logging_mixin.py:188} INFO - [2026-03-18T18:12:28.666+0530] {dagbag.py:540} INFO - Filling up the DagBag from /home/tejasvi/Desktop/airflow_ssh_simulation/dags/distributed_minio_cleanup.py
[2026-03-18T18:12:28.682+0530] {processor.py:840} INFO - DAG(s) 'distributed_minio_cleanup' retrieved from /home/tejasvi/Desktop/airflow_ssh_simulation/dags/distributed_minio_cleanup.py
[2026-03-18T18:12:28.703+0530] {logging_mixin.py:188} INFO - [2026-03-18T18:12:28.703+0530] {dag.py:3047} INFO - Sync 1 DAGs
[2026-03-18T18:12:28.719+0530] {logging_mixin.py:188} INFO - [2026-03-18T18:12:28.718+0530] {dag.py:3834} INFO - Setting next_dagrun for distributed_minio_cleanup to None, run_after=None
[2026-03-18T18:12:28.839+0530] {processor.py:183} INFO - Processing /home/tejasvi/Desktop/airflow_ssh_simulation/dags/distributed_minio_cleanup.py took 0.263 seconds
[2026-03-18T18:13:36.521+0530] {processor.py:161} INFO - Started process (PID=20100) to work on /home/tejasvi/Desktop/airflow_ssh_simulation/dags/distributed_minio_cleanup.py
[2026-03-18T18:13:36.553+0530] {processor.py:830} INFO - Processing file /home/tejasvi/Desktop/airflow_ssh_simulation/dags/distributed_minio_cleanup.py for tasks to queue
[2026-03-18T18:13:36.558+0530] {logging_mixin.py:188} INFO - [2026-03-18T18:13:36.557+0530] {dagbag.py:540} INFO - Filling up the DagBag from /home/tejasvi/Desktop/airflow_ssh_simulation/dags/distributed_minio_cleanup.py
[2026-03-18T18:13:36.570+0530] {processor.py:840} INFO - DAG(s) 'distributed_minio_cleanup' retrieved from /home/tejasvi/Desktop/airflow_ssh_simulation/dags/distributed_minio_cleanup.py
[2026-03-18T18:13:36.594+0530] {logging_mixin.py:188} INFO - [2026-03-18T18:13:36.594+0530] {dag.py:3047} INFO - Sync 1 DAGs
[2026-03-18T18:13:36.607+0530] {logging_mixin.py:188} INFO - [2026-03-18T18:13:36.606+0530] {dag.py:3834} INFO - Setting next_dagrun for distributed_minio_cleanup to None, run_after=None
[2026-03-18T18:13:36.719+0530] {processor.py:183} INFO - Processing /home/tejasvi/Desktop/airflow_ssh_simulation/dags/distributed_minio_cleanup.py took 0.205 seconds
[2026-03-18T18:14:59.242+0530] {processor.py:161} INFO - Started process (PID=20287) to work on /home/tejasvi/Desktop/airflow_ssh_simulation/dags/distributed_minio_cleanup.py
[2026-03-18T18:14:59.401+0530] {processor.py:830} INFO - Processing file /home/tejasvi/Desktop/airflow_ssh_simulation/dags/distributed_minio_cleanup.py for tasks to queue
[2026-03-18T18:14:59.404+0530] {logging_mixin.py:188} INFO - [2026-03-18T18:14:59.403+0530] {dagbag.py:540} INFO - Filling up the DagBag from /home/tejasvi/Desktop/airflow_ssh_simulation/dags/distributed_minio_cleanup.py
[2026-03-18T18:14:59.414+0530] {processor.py:840} INFO - DAG(s) 'distributed_minio_cleanup' retrieved from /home/tejasvi/Desktop/airflow_ssh_simulation/dags/distributed_minio_cleanup.py
[2026-03-18T18:14:59.434+0530] {logging_mixin.py:188} INFO - [2026-03-18T18:14:59.433+0530] {dag.py:3047} INFO - Sync 1 DAGs
[2026-03-18T18:14:59.447+0530] {logging_mixin.py:188} INFO - [2026-03-18T18:14:59.447+0530] {dag.py:3834} INFO - Setting next_dagrun for distributed_minio_cleanup to None, run_after=None
[2026-03-18T18:14:59.830+0530] {processor.py:183} INFO - Processing /home/tejasvi/Desktop/airflow_ssh_simulation/dags/distributed_minio_cleanup.py took 0.592 seconds
[2026-03-18T18:16:09.188+0530] {processor.py:161} INFO - Started process (PID=20490) to work on /home/tejasvi/Desktop/airflow_ssh_simulation/dags/distributed_minio_cleanup.py
[2026-03-18T18:16:09.224+0530] {processor.py:830} INFO - Processing file /home/tejasvi/Desktop/airflow_ssh_simulation/dags/distributed_minio_cleanup.py for tasks to queue
[2026-03-18T18:16:09.228+0530] {logging_mixin.py:188} INFO - [2026-03-18T18:16:09.227+0530] {dagbag.py:540} INFO - Filling up the DagBag from /home/tejasvi/Desktop/airflow_ssh_simulation/dags/distributed_minio_cleanup.py
[2026-03-18T18:16:09.238+0530] {processor.py:840} INFO - DAG(s) 'distributed_minio_cleanup' retrieved from /home/tejasvi/Desktop/airflow_ssh_simulation/dags/distributed_minio_cleanup.py
[2026-03-18T18:16:09.257+0530] {logging_mixin.py:188} INFO - [2026-03-18T18:16:09.256+0530] {dag.py:3047} INFO - Sync 1 DAGs
[2026-03-18T18:16:09.271+0530] {logging_mixin.py:188} INFO - [2026-03-18T18:16:09.270+0530] {dag.py:3834} INFO - Setting next_dagrun for distributed_minio_cleanup to None, run_after=None
[2026-03-18T18:16:09.393+0530] {processor.py:183} INFO - Processing /home/tejasvi/Desktop/airflow_ssh_simulation/dags/distributed_minio_cleanup.py took 0.210 seconds
[2026-03-18T18:17:16.327+0530] {processor.py:161} INFO - Started process (PID=20652) to work on /home/tejasvi/Desktop/airflow_ssh_simulation/dags/distributed_minio_cleanup.py
[2026-03-18T18:17:16.374+0530] {processor.py:830} INFO - Processing file /home/tejasvi/Desktop/airflow_ssh_simulation/dags/distributed_minio_cleanup.py for tasks to queue
[2026-03-18T18:17:16.379+0530] {logging_mixin.py:188} INFO - [2026-03-18T18:17:16.378+0530] {dagbag.py:540} INFO - Filling up the DagBag from /home/tejasvi/Desktop/airflow_ssh_simulation/dags/distributed_minio_cleanup.py
[2026-03-18T18:17:16.388+0530] {processor.py:840} INFO - DAG(s) 'distributed_minio_cleanup' retrieved from /home/tejasvi/Desktop/airflow_ssh_simulation/dags/distributed_minio_cleanup.py
[2026-03-18T18:17:16.409+0530] {logging_mixin.py:188} INFO - [2026-03-18T18:17:16.409+0530] {dag.py:3047} INFO - Sync 1 DAGs
[2026-03-18T18:17:16.423+0530] {logging_mixin.py:188} INFO - [2026-03-18T18:17:16.423+0530] {dag.py:3834} INFO - Setting next_dagrun for distributed_minio_cleanup to None, run_after=None
[2026-03-18T18:17:16.515+0530] {processor.py:183} INFO - Processing /home/tejasvi/Desktop/airflow_ssh_simulation/dags/distributed_minio_cleanup.py took 0.194 seconds
[2026-03-18T18:18:32.094+0530] {processor.py:161} INFO - Started process (PID=22040) to work on /home/tejasvi/Desktop/airflow_ssh_simulation/dags/distributed_minio_cleanup.py
[2026-03-18T18:18:32.099+0530] {processor.py:830} INFO - Processing file /home/tejasvi/Desktop/airflow_ssh_simulation/dags/distributed_minio_cleanup.py for tasks to queue
[2026-03-18T18:18:32.101+0530] {logging_mixin.py:188} INFO - [2026-03-18T18:18:32.101+0530] {dagbag.py:540} INFO - Filling up the DagBag from /home/tejasvi/Desktop/airflow_ssh_simulation/dags/distributed_minio_cleanup.py
[2026-03-18T18:18:32.149+0530] {processor.py:840} INFO - DAG(s) 'distributed_minio_cleanup' retrieved from /home/tejasvi/Desktop/airflow_ssh_simulation/dags/distributed_minio_cleanup.py
[2026-03-18T18:18:32.172+0530] {logging_mixin.py:188} INFO - [2026-03-18T18:18:32.172+0530] {dag.py:3047} INFO - Sync 1 DAGs
[2026-03-18T18:18:32.187+0530] {logging_mixin.py:188} INFO - [2026-03-18T18:18:32.186+0530] {dag.py:3834} INFO - Setting next_dagrun for distributed_minio_cleanup to None, run_after=None
[2026-03-18T18:18:32.365+0530] {processor.py:183} INFO - Processing /home/tejasvi/Desktop/airflow_ssh_simulation/dags/distributed_minio_cleanup.py took 0.275 seconds
[2026-03-18T18:19:46.518+0530] {processor.py:161} INFO - Started process (PID=22225) to work on /home/tejasvi/Desktop/airflow_ssh_simulation/dags/distributed_minio_cleanup.py
[2026-03-18T18:19:46.592+0530] {processor.py:830} INFO - Processing file /home/tejasvi/Desktop/airflow_ssh_simulation/dags/distributed_minio_cleanup.py for tasks to queue
[2026-03-18T18:19:46.595+0530] {logging_mixin.py:188} INFO - [2026-03-18T18:19:46.594+0530] {dagbag.py:540} INFO - Filling up the DagBag from /home/tejasvi/Desktop/airflow_ssh_simulation/dags/distributed_minio_cleanup.py
[2026-03-18T18:19:46.610+0530] {processor.py:840} INFO - DAG(s) 'distributed_minio_cleanup' retrieved from /home/tejasvi/Desktop/airflow_ssh_simulation/dags/distributed_minio_cleanup.py
[2026-03-18T18:19:46.631+0530] {logging_mixin.py:188} INFO - [2026-03-18T18:19:46.630+0530] {dag.py:3047} INFO - Sync 1 DAGs
[2026-03-18T18:19:46.646+0530] {logging_mixin.py:188} INFO - [2026-03-18T18:19:46.646+0530] {dag.py:3834} INFO - Setting next_dagrun for distributed_minio_cleanup to None, run_after=None
[2026-03-18T18:19:46.742+0530] {processor.py:183} INFO - Processing /home/tejasvi/Desktop/airflow_ssh_simulation/dags/distributed_minio_cleanup.py took 0.232 seconds
[2026-03-18T18:20:55.270+0530] {processor.py:161} INFO - Started process (PID=22421) to work on /home/tejasvi/Desktop/airflow_ssh_simulation/dags/distributed_minio_cleanup.py
[2026-03-18T18:20:55.325+0530] {processor.py:830} INFO - Processing file /home/tejasvi/Desktop/airflow_ssh_simulation/dags/distributed_minio_cleanup.py for tasks to queue
[2026-03-18T18:20:55.329+0530] {logging_mixin.py:188} INFO - [2026-03-18T18:20:55.328+0530] {dagbag.py:540} INFO - Filling up the DagBag from /home/tejasvi/Desktop/airflow_ssh_simulation/dags/distributed_minio_cleanup.py
[2026-03-18T18:20:55.341+0530] {processor.py:840} INFO - DAG(s) 'distributed_minio_cleanup' retrieved from /home/tejasvi/Desktop/airflow_ssh_simulation/dags/distributed_minio_cleanup.py
[2026-03-18T18:20:55.361+0530] {logging_mixin.py:188} INFO - [2026-03-18T18:20:55.361+0530] {dag.py:3047} INFO - Sync 1 DAGs
[2026-03-18T18:20:55.376+0530] {logging_mixin.py:188} INFO - [2026-03-18T18:20:55.376+0530] {dag.py:3834} INFO - Setting next_dagrun for distributed_minio_cleanup to None, run_after=None
[2026-03-18T18:20:55.473+0530] {processor.py:183} INFO - Processing /home/tejasvi/Desktop/airflow_ssh_simulation/dags/distributed_minio_cleanup.py took 0.210 seconds
[2026-03-18T18:21:59.218+0530] {processor.py:161} INFO - Started process (PID=22627) to work on /home/tejasvi/Desktop/airflow_ssh_simulation/dags/distributed_minio_cleanup.py
[2026-03-18T18:21:59.235+0530] {processor.py:830} INFO - Processing file /home/tejasvi/Desktop/airflow_ssh_simulation/dags/distributed_minio_cleanup.py for tasks to queue
[2026-03-18T18:21:59.238+0530] {logging_mixin.py:188} INFO - [2026-03-18T18:21:59.237+0530] {dagbag.py:540} INFO - Filling up the DagBag from /home/tejasvi/Desktop/airflow_ssh_simulation/dags/distributed_minio_cleanup.py
[2026-03-18T18:21:59.247+0530] {processor.py:840} INFO - DAG(s) 'distributed_minio_cleanup' retrieved from /home/tejasvi/Desktop/airflow_ssh_simulation/dags/distributed_minio_cleanup.py
[2026-03-18T18:21:59.266+0530] {logging_mixin.py:188} INFO - [2026-03-18T18:21:59.265+0530] {dag.py:3047} INFO - Sync 1 DAGs
[2026-03-18T18:21:59.279+0530] {logging_mixin.py:188} INFO - [2026-03-18T18:21:59.279+0530] {dag.py:3834} INFO - Setting next_dagrun for distributed_minio_cleanup to None, run_after=None
[2026-03-18T18:21:59.377+0530] {processor.py:183} INFO - Processing /home/tejasvi/Desktop/airflow_ssh_simulation/dags/distributed_minio_cleanup.py took 0.164 seconds
[2026-03-18T18:23:12.719+0530] {processor.py:161} INFO - Started process (PID=22802) to work on /home/tejasvi/Desktop/airflow_ssh_simulation/dags/distributed_minio_cleanup.py
[2026-03-18T18:23:12.806+0530] {processor.py:830} INFO - Processing file /home/tejasvi/Desktop/airflow_ssh_simulation/dags/distributed_minio_cleanup.py for tasks to queue
[2026-03-18T18:23:12.813+0530] {logging_mixin.py:188} INFO - [2026-03-18T18:23:12.812+0530] {dagbag.py:540} INFO - Filling up the DagBag from /home/tejasvi/Desktop/airflow_ssh_simulation/dags/distributed_minio_cleanup.py
[2026-03-18T18:23:12.833+0530] {processor.py:840} INFO - DAG(s) 'distributed_minio_cleanup' retrieved from /home/tejasvi/Desktop/airflow_ssh_simulation/dags/distributed_minio_cleanup.py
[2026-03-18T18:23:12.872+0530] {logging_mixin.py:188} INFO - [2026-03-18T18:23:12.871+0530] {dag.py:3047} INFO - Sync 1 DAGs
[2026-03-18T18:23:12.893+0530] {logging_mixin.py:188} INFO - [2026-03-18T18:23:12.893+0530] {dag.py:3834} INFO - Setting next_dagrun for distributed_minio_cleanup to None, run_after=None
[2026-03-18T18:23:12.962+0530] {processor.py:183} INFO - Processing /home/tejasvi/Desktop/airflow_ssh_simulation/dags/distributed_minio_cleanup.py took 0.253 seconds
[2026-03-18T18:24:15.655+0530] {processor.py:161} INFO - Started process (PID=22956) to work on /home/tejasvi/Desktop/airflow_ssh_simulation/dags/distributed_minio_cleanup.py
[2026-03-18T18:24:15.666+0530] {processor.py:830} INFO - Processing file /home/tejasvi/Desktop/airflow_ssh_simulation/dags/distributed_minio_cleanup.py for tasks to queue
[2026-03-18T18:24:15.670+0530] {logging_mixin.py:188} INFO - [2026-03-18T18:24:15.669+0530] {dagbag.py:540} INFO - Filling up the DagBag from /home/tejasvi/Desktop/airflow_ssh_simulation/dags/distributed_minio_cleanup.py
[2026-03-18T18:24:15.679+0530] {processor.py:840} INFO - DAG(s) 'distributed_minio_cleanup' retrieved from /home/tejasvi/Desktop/airflow_ssh_simulation/dags/distributed_minio_cleanup.py
[2026-03-18T18:24:15.698+0530] {logging_mixin.py:188} INFO - [2026-03-18T18:24:15.697+0530] {dag.py:3047} INFO - Sync 1 DAGs
[2026-03-18T18:24:15.711+0530] {logging_mixin.py:188} INFO - [2026-03-18T18:24:15.710+0530] {dag.py:3834} INFO - Setting next_dagrun for distributed_minio_cleanup to None, run_after=None
[2026-03-18T18:24:15.902+0530] {processor.py:183} INFO - Processing /home/tejasvi/Desktop/airflow_ssh_simulation/dags/distributed_minio_cleanup.py took 0.255 seconds
[2026-03-18T18:25:20.227+0530] {processor.py:161} INFO - Started process (PID=23128) to work on /home/tejasvi/Desktop/airflow_ssh_simulation/dags/distributed_minio_cleanup.py
[2026-03-18T18:25:20.254+0530] {processor.py:830} INFO - Processing file /home/tejasvi/Desktop/airflow_ssh_simulation/dags/distributed_minio_cleanup.py for tasks to queue
[2026-03-18T18:25:20.258+0530] {logging_mixin.py:188} INFO - [2026-03-18T18:25:20.257+0530] {dagbag.py:540} INFO - Filling up the DagBag from /home/tejasvi/Desktop/airflow_ssh_simulation/dags/distributed_minio_cleanup.py
[2026-03-18T18:25:20.268+0530] {processor.py:840} INFO - DAG(s) 'distributed_minio_cleanup' retrieved from /home/tejasvi/Desktop/airflow_ssh_simulation/dags/distributed_minio_cleanup.py
[2026-03-18T18:25:20.289+0530] {logging_mixin.py:188} INFO - [2026-03-18T18:25:20.289+0530] {dag.py:3047} INFO - Sync 1 DAGs
[2026-03-18T18:25:20.305+0530] {logging_mixin.py:188} INFO - [2026-03-18T18:25:20.305+0530] {dag.py:3834} INFO - Setting next_dagrun for distributed_minio_cleanup to None, run_after=None
[2026-03-18T18:25:20.371+0530] {processor.py:183} INFO - Processing /home/tejasvi/Desktop/airflow_ssh_simulation/dags/distributed_minio_cleanup.py took 0.148 seconds
[2026-03-18T18:26:45.974+0530] {processor.py:161} INFO - Started process (PID=23408) to work on /home/tejasvi/Desktop/airflow_ssh_simulation/dags/distributed_minio_cleanup.py
[2026-03-18T18:26:46.224+0530] {processor.py:830} INFO - Processing file /home/tejasvi/Desktop/airflow_ssh_simulation/dags/distributed_minio_cleanup.py for tasks to queue
[2026-03-18T18:26:46.236+0530] {logging_mixin.py:188} INFO - [2026-03-18T18:26:46.235+0530] {dagbag.py:540} INFO - Filling up the DagBag from /home/tejasvi/Desktop/airflow_ssh_simulation/dags/distributed_minio_cleanup.py
[2026-03-18T18:26:46.270+0530] {processor.py:840} INFO - DAG(s) 'distributed_minio_cleanup' retrieved from /home/tejasvi/Desktop/airflow_ssh_simulation/dags/distributed_minio_cleanup.py
[2026-03-18T18:26:46.316+0530] {logging_mixin.py:188} INFO - [2026-03-18T18:26:46.315+0530] {dag.py:3047} INFO - Sync 1 DAGs
[2026-03-18T18:26:46.345+0530] {logging_mixin.py:188} INFO - [2026-03-18T18:26:46.344+0530] {dag.py:3834} INFO - Setting next_dagrun for distributed_minio_cleanup to None, run_after=None
[2026-03-18T18:26:46.657+0530] {processor.py:183} INFO - Processing /home/tejasvi/Desktop/airflow_ssh_simulation/dags/distributed_minio_cleanup.py took 0.688 seconds
[2026-03-18T18:27:44.460+0530] {processor.py:161} INFO - Started process (PID=23568) to work on /home/tejasvi/Desktop/airflow_ssh_simulation/dags/distributed_minio_cleanup.py
[2026-03-18T18:27:44.723+0530] {processor.py:830} INFO - Processing file /home/tejasvi/Desktop/airflow_ssh_simulation/dags/distributed_minio_cleanup.py for tasks to queue
[2026-03-18T18:27:44.727+0530] {logging_mixin.py:188} INFO - [2026-03-18T18:27:44.727+0530] {dagbag.py:540} INFO - Filling up the DagBag from /home/tejasvi/Desktop/airflow_ssh_simulation/dags/distributed_minio_cleanup.py
[2026-03-18T18:27:44.742+0530] {processor.py:840} INFO - DAG(s) 'distributed_minio_cleanup' retrieved from /home/tejasvi/Desktop/airflow_ssh_simulation/dags/distributed_minio_cleanup.py
[2026-03-18T18:27:44.764+0530] {logging_mixin.py:188} INFO - [2026-03-18T18:27:44.764+0530] {dag.py:3047} INFO - Sync 1 DAGs
[2026-03-18T18:27:44.783+0530] {logging_mixin.py:188} INFO - [2026-03-18T18:27:44.782+0530] {dag.py:3834} INFO - Setting next_dagrun for distributed_minio_cleanup to None, run_after=None
[2026-03-18T18:27:44.944+0530] {processor.py:183} INFO - Processing /home/tejasvi/Desktop/airflow_ssh_simulation/dags/distributed_minio_cleanup.py took 0.488 seconds
[2026-03-18T18:29:05.691+0530] {processor.py:161} INFO - Started process (PID=23779) to work on /home/tejasvi/Desktop/airflow_ssh_simulation/dags/distributed_minio_cleanup.py
[2026-03-18T18:29:05.757+0530] {processor.py:830} INFO - Processing file /home/tejasvi/Desktop/airflow_ssh_simulation/dags/distributed_minio_cleanup.py for tasks to queue
[2026-03-18T18:29:05.762+0530] {logging_mixin.py:188} INFO - [2026-03-18T18:29:05.761+0530] {dagbag.py:540} INFO - Filling up the DagBag from /home/tejasvi/Desktop/airflow_ssh_simulation/dags/distributed_minio_cleanup.py
[2026-03-18T18:29:05.784+0530] {processor.py:840} INFO - DAG(s) 'distributed_minio_cleanup' retrieved from /home/tejasvi/Desktop/airflow_ssh_simulation/dags/distributed_minio_cleanup.py
[2026-03-18T18:29:05.811+0530] {logging_mixin.py:188} INFO - [2026-03-18T18:29:05.810+0530] {dag.py:3047} INFO - Sync 1 DAGs
[2026-03-18T18:29:05.826+0530] {logging_mixin.py:188} INFO - [2026-03-18T18:29:05.826+0530] {dag.py:3834} INFO - Setting next_dagrun for distributed_minio_cleanup to None, run_after=None
[2026-03-18T18:29:05.894+0530] {processor.py:183} INFO - Processing /home/tejasvi/Desktop/airflow_ssh_simulation/dags/distributed_minio_cleanup.py took 0.213 seconds
[2026-03-18T18:30:20.038+0530] {processor.py:161} INFO - Started process (PID=23960) to work on /home/tejasvi/Desktop/airflow_ssh_simulation/dags/distributed_minio_cleanup.py
[2026-03-18T18:30:20.248+0530] {processor.py:830} INFO - Processing file /home/tejasvi/Desktop/airflow_ssh_simulation/dags/distributed_minio_cleanup.py for tasks to queue
[2026-03-18T18:30:20.252+0530] {logging_mixin.py:188} INFO - [2026-03-18T18:30:20.251+0530] {dagbag.py:540} INFO - Filling up the DagBag from /home/tejasvi/Desktop/airflow_ssh_simulation/dags/distributed_minio_cleanup.py
[2026-03-18T18:30:20.261+0530] {processor.py:840} INFO - DAG(s) 'distributed_minio_cleanup' retrieved from /home/tejasvi/Desktop/airflow_ssh_simulation/dags/distributed_minio_cleanup.py
[2026-03-18T18:30:20.277+0530] {logging_mixin.py:188} INFO - [2026-03-18T18:30:20.277+0530] {dag.py:3047} INFO - Sync 1 DAGs
[2026-03-18T18:30:20.289+0530] {logging_mixin.py:188} INFO - [2026-03-18T18:30:20.289+0530] {dag.py:3834} INFO - Setting next_dagrun for distributed_minio_cleanup to None, run_after=None
[2026-03-18T18:30:20.502+0530] {processor.py:183} INFO - Processing /home/tejasvi/Desktop/airflow_ssh_simulation/dags/distributed_minio_cleanup.py took 0.472 seconds
[2026-03-18T18:31:38.464+0530] {processor.py:161} INFO - Started process (PID=24236) to work on /home/tejasvi/Desktop/airflow_ssh_simulation/dags/distributed_minio_cleanup.py
[2026-03-18T18:31:38.475+0530] {processor.py:830} INFO - Processing file /home/tejasvi/Desktop/airflow_ssh_simulation/dags/distributed_minio_cleanup.py for tasks to queue
[2026-03-18T18:31:38.478+0530] {logging_mixin.py:188} INFO - [2026-03-18T18:31:38.478+0530] {dagbag.py:540} INFO - Filling up the DagBag from /home/tejasvi/Desktop/airflow_ssh_simulation/dags/distributed_minio_cleanup.py
[2026-03-18T18:31:38.487+0530] {processor.py:840} INFO - DAG(s) 'distributed_minio_cleanup' retrieved from /home/tejasvi/Desktop/airflow_ssh_simulation/dags/distributed_minio_cleanup.py
[2026-03-18T18:31:38.505+0530] {logging_mixin.py:188} INFO - [2026-03-18T18:31:38.505+0530] {dag.py:3047} INFO - Sync 1 DAGs
[2026-03-18T18:31:38.517+0530] {logging_mixin.py:188} INFO - [2026-03-18T18:31:38.517+0530] {dag.py:3834} INFO - Setting next_dagrun for distributed_minio_cleanup to None, run_after=None
[2026-03-18T18:31:38.793+0530] {processor.py:183} INFO - Processing /home/tejasvi/Desktop/airflow_ssh_simulation/dags/distributed_minio_cleanup.py took 0.336 seconds
[2026-03-18T18:32:40.408+0530] {processor.py:161} INFO - Started process (PID=24542) to work on /home/tejasvi/Desktop/airflow_ssh_simulation/dags/distributed_minio_cleanup.py
[2026-03-18T18:32:40.445+0530] {processor.py:830} INFO - Processing file /home/tejasvi/Desktop/airflow_ssh_simulation/dags/distributed_minio_cleanup.py for tasks to queue
[2026-03-18T18:32:40.447+0530] {logging_mixin.py:188} INFO - [2026-03-18T18:32:40.447+0530] {dagbag.py:540} INFO - Filling up the DagBag from /home/tejasvi/Desktop/airflow_ssh_simulation/dags/distributed_minio_cleanup.py
[2026-03-18T18:32:40.456+0530] {processor.py:840} INFO - DAG(s) 'distributed_minio_cleanup' retrieved from /home/tejasvi/Desktop/airflow_ssh_simulation/dags/distributed_minio_cleanup.py
[2026-03-18T18:32:40.473+0530] {logging_mixin.py:188} INFO - [2026-03-18T18:32:40.473+0530] {dag.py:3047} INFO - Sync 1 DAGs
[2026-03-18T18:32:40.485+0530] {logging_mixin.py:188} INFO - [2026-03-18T18:32:40.485+0530] {dag.py:3834} INFO - Setting next_dagrun for distributed_minio_cleanup to None, run_after=None
[2026-03-18T18:32:40.605+0530] {processor.py:183} INFO - Processing /home/tejasvi/Desktop/airflow_ssh_simulation/dags/distributed_minio_cleanup.py took 0.205 seconds
[2026-03-18T18:33:43.137+0530] {processor.py:161} INFO - Started process (PID=24701) to work on /home/tejasvi/Desktop/airflow_ssh_simulation/dags/distributed_minio_cleanup.py
[2026-03-18T18:33:43.189+0530] {processor.py:830} INFO - Processing file /home/tejasvi/Desktop/airflow_ssh_simulation/dags/distributed_minio_cleanup.py for tasks to queue
[2026-03-18T18:33:43.193+0530] {logging_mixin.py:188} INFO - [2026-03-18T18:33:43.192+0530] {dagbag.py:540} INFO - Filling up the DagBag from /home/tejasvi/Desktop/airflow_ssh_simulation/dags/distributed_minio_cleanup.py
[2026-03-18T18:33:43.202+0530] {processor.py:840} INFO - DAG(s) 'distributed_minio_cleanup' retrieved from /home/tejasvi/Desktop/airflow_ssh_simulation/dags/distributed_minio_cleanup.py
[2026-03-18T18:33:43.219+0530] {logging_mixin.py:188} INFO - [2026-03-18T18:33:43.219+0530] {dag.py:3047} INFO - Sync 1 DAGs
[2026-03-18T18:33:43.231+0530] {logging_mixin.py:188} INFO - [2026-03-18T18:33:43.231+0530] {dag.py:3834} INFO - Setting next_dagrun for distributed_minio_cleanup to None, run_after=None
[2026-03-18T18:33:43.351+0530] {processor.py:183} INFO - Processing /home/tejasvi/Desktop/airflow_ssh_simulation/dags/distributed_minio_cleanup.py took 0.221 seconds
[2026-03-18T18:34:46.160+0530] {processor.py:161} INFO - Started process (PID=24874) to work on /home/tejasvi/Desktop/airflow_ssh_simulation/dags/distributed_minio_cleanup.py
[2026-03-18T18:34:46.196+0530] {processor.py:830} INFO - Processing file /home/tejasvi/Desktop/airflow_ssh_simulation/dags/distributed_minio_cleanup.py for tasks to queue
[2026-03-18T18:34:46.199+0530] {logging_mixin.py:188} INFO - [2026-03-18T18:34:46.199+0530] {dagbag.py:540} INFO - Filling up the DagBag from /home/tejasvi/Desktop/airflow_ssh_simulation/dags/distributed_minio_cleanup.py
[2026-03-18T18:34:46.208+0530] {processor.py:840} INFO - DAG(s) 'distributed_minio_cleanup' retrieved from /home/tejasvi/Desktop/airflow_ssh_simulation/dags/distributed_minio_cleanup.py
[2026-03-18T18:34:46.225+0530] {logging_mixin.py:188} INFO - [2026-03-18T18:34:46.225+0530] {dag.py:3047} INFO - Sync 1 DAGs
[2026-03-18T18:34:46.237+0530] {logging_mixin.py:188} INFO - [2026-03-18T18:34:46.237+0530] {dag.py:3834} INFO - Setting next_dagrun for distributed_minio_cleanup to None, run_after=None
[2026-03-18T18:34:46.364+0530] {processor.py:183} INFO - Processing /home/tejasvi/Desktop/airflow_ssh_simulation/dags/distributed_minio_cleanup.py took 0.212 seconds
[2026-03-18T18:35:48.077+0530] {processor.py:161} INFO - Started process (PID=25052) to work on /home/tejasvi/Desktop/airflow_ssh_simulation/dags/distributed_minio_cleanup.py
[2026-03-18T18:35:48.243+0530] {processor.py:830} INFO - Processing file /home/tejasvi/Desktop/airflow_ssh_simulation/dags/distributed_minio_cleanup.py for tasks to queue
[2026-03-18T18:35:48.247+0530] {logging_mixin.py:188} INFO - [2026-03-18T18:35:48.246+0530] {dagbag.py:540} INFO - Filling up the DagBag from /home/tejasvi/Desktop/airflow_ssh_simulation/dags/distributed_minio_cleanup.py
[2026-03-18T18:35:48.256+0530] {processor.py:840} INFO - DAG(s) 'distributed_minio_cleanup' retrieved from /home/tejasvi/Desktop/airflow_ssh_simulation/dags/distributed_minio_cleanup.py
[2026-03-18T18:35:48.273+0530] {logging_mixin.py:188} INFO - [2026-03-18T18:35:48.272+0530] {dag.py:3047} INFO - Sync 1 DAGs
[2026-03-18T18:35:48.285+0530] {logging_mixin.py:188} INFO - [2026-03-18T18:35:48.285+0530] {dag.py:3834} INFO - Setting next_dagrun for distributed_minio_cleanup to None, run_after=None
[2026-03-18T18:35:48.455+0530] {processor.py:183} INFO - Processing /home/tejasvi/Desktop/airflow_ssh_simulation/dags/distributed_minio_cleanup.py took 0.386 seconds
[2026-03-18T18:36:53.626+0530] {processor.py:161} INFO - Started process (PID=25260) to work on /home/tejasvi/Desktop/airflow_ssh_simulation/dags/distributed_minio_cleanup.py
[2026-03-18T18:36:54.191+0530] {processor.py:830} INFO - Processing file /home/tejasvi/Desktop/airflow_ssh_simulation/dags/distributed_minio_cleanup.py for tasks to queue
[2026-03-18T18:36:54.196+0530] {logging_mixin.py:188} INFO - [2026-03-18T18:36:54.195+0530] {dagbag.py:540} INFO - Filling up the DagBag from /home/tejasvi/Desktop/airflow_ssh_simulation/dags/distributed_minio_cleanup.py
[2026-03-18T18:36:54.212+0530] {processor.py:840} INFO - DAG(s) 'distributed_minio_cleanup' retrieved from /home/tejasvi/Desktop/airflow_ssh_simulation/dags/distributed_minio_cleanup.py
[2026-03-18T18:36:54.248+0530] {logging_mixin.py:188} INFO - [2026-03-18T18:36:54.247+0530] {dag.py:3047} INFO - Sync 1 DAGs
[2026-03-18T18:36:54.392+0530] {logging_mixin.py:188} INFO - [2026-03-18T18:36:54.392+0530] {dag.py:3834} INFO - Setting next_dagrun for distributed_minio_cleanup to None, run_after=None
[2026-03-18T18:36:54.558+0530] {processor.py:183} INFO - Processing /home/tejasvi/Desktop/airflow_ssh_simulation/dags/distributed_minio_cleanup.py took 0.938 seconds
[2026-03-18T18:38:09.761+0530] {processor.py:161} INFO - Started process (PID=25445) to work on /home/tejasvi/Desktop/airflow_ssh_simulation/dags/distributed_minio_cleanup.py
[2026-03-18T18:38:09.813+0530] {processor.py:830} INFO - Processing file /home/tejasvi/Desktop/airflow_ssh_simulation/dags/distributed_minio_cleanup.py for tasks to queue
[2026-03-18T18:38:09.817+0530] {logging_mixin.py:188} INFO - [2026-03-18T18:38:09.816+0530] {dagbag.py:540} INFO - Filling up the DagBag from /home/tejasvi/Desktop/airflow_ssh_simulation/dags/distributed_minio_cleanup.py
[2026-03-18T18:38:09.826+0530] {processor.py:840} INFO - DAG(s) 'distributed_minio_cleanup' retrieved from /home/tejasvi/Desktop/airflow_ssh_simulation/dags/distributed_minio_cleanup.py
[2026-03-18T18:38:09.843+0530] {logging_mixin.py:188} INFO - [2026-03-18T18:38:09.842+0530] {dag.py:3047} INFO - Sync 1 DAGs
[2026-03-18T18:38:09.854+0530] {logging_mixin.py:188} INFO - [2026-03-18T18:38:09.854+0530] {dag.py:3834} INFO - Setting next_dagrun for distributed_minio_cleanup to None, run_after=None
[2026-03-18T18:38:09.957+0530] {processor.py:183} INFO - Processing /home/tejasvi/Desktop/airflow_ssh_simulation/dags/distributed_minio_cleanup.py took 0.203 seconds
[2026-03-18T18:39:13.166+0530] {processor.py:161} INFO - Started process (PID=25598) to work on /home/tejasvi/Desktop/airflow_ssh_simulation/dags/distributed_minio_cleanup.py
[2026-03-18T18:39:13.211+0530] {processor.py:830} INFO - Processing file /home/tejasvi/Desktop/airflow_ssh_simulation/dags/distributed_minio_cleanup.py for tasks to queue
[2026-03-18T18:39:13.216+0530] {logging_mixin.py:188} INFO - [2026-03-18T18:39:13.215+0530] {dagbag.py:540} INFO - Filling up the DagBag from /home/tejasvi/Desktop/airflow_ssh_simulation/dags/distributed_minio_cleanup.py
[2026-03-18T18:39:13.232+0530] {processor.py:840} INFO - DAG(s) 'distributed_minio_cleanup' retrieved from /home/tejasvi/Desktop/airflow_ssh_simulation/dags/distributed_minio_cleanup.py
[2026-03-18T18:39:13.257+0530] {logging_mixin.py:188} INFO - [2026-03-18T18:39:13.257+0530] {dag.py:3047} INFO - Sync 1 DAGs
[2026-03-18T18:39:13.269+0530] {logging_mixin.py:188} INFO - [2026-03-18T18:39:13.269+0530] {dag.py:3834} INFO - Setting next_dagrun for distributed_minio_cleanup to None, run_after=None
[2026-03-18T18:39:13.353+0530] {processor.py:183} INFO - Processing /home/tejasvi/Desktop/airflow_ssh_simulation/dags/distributed_minio_cleanup.py took 0.195 seconds
[2026-03-18T18:40:16.295+0530] {processor.py:161} INFO - Started process (PID=25771) to work on /home/tejasvi/Desktop/airflow_ssh_simulation/dags/distributed_minio_cleanup.py
[2026-03-18T18:40:16.337+0530] {processor.py:830} INFO - Processing file /home/tejasvi/Desktop/airflow_ssh_simulation/dags/distributed_minio_cleanup.py for tasks to queue
[2026-03-18T18:40:16.341+0530] {logging_mixin.py:188} INFO - [2026-03-18T18:40:16.340+0530] {dagbag.py:540} INFO - Filling up the DagBag from /home/tejasvi/Desktop/airflow_ssh_simulation/dags/distributed_minio_cleanup.py
[2026-03-18T18:40:16.350+0530] {processor.py:840} INFO - DAG(s) 'distributed_minio_cleanup' retrieved from /home/tejasvi/Desktop/airflow_ssh_simulation/dags/distributed_minio_cleanup.py
[2026-03-18T18:40:16.367+0530] {logging_mixin.py:188} INFO - [2026-03-18T18:40:16.366+0530] {dag.py:3047} INFO - Sync 1 DAGs
[2026-03-18T18:40:16.379+0530] {logging_mixin.py:188} INFO - [2026-03-18T18:40:16.378+0530] {dag.py:3834} INFO - Setting next_dagrun for distributed_minio_cleanup to None, run_after=None
[2026-03-18T18:40:16.497+0530] {processor.py:183} INFO - Processing /home/tejasvi/Desktop/airflow_ssh_simulation/dags/distributed_minio_cleanup.py took 0.209 seconds
[2026-03-18T18:41:20.752+0530] {processor.py:161} INFO - Started process (PID=25953) to work on /home/tejasvi/Desktop/airflow_ssh_simulation/dags/distributed_minio_cleanup.py
[2026-03-18T18:41:20.816+0530] {processor.py:830} INFO - Processing file /home/tejasvi/Desktop/airflow_ssh_simulation/dags/distributed_minio_cleanup.py for tasks to queue
[2026-03-18T18:41:20.820+0530] {logging_mixin.py:188} INFO - [2026-03-18T18:41:20.819+0530] {dagbag.py:540} INFO - Filling up the DagBag from /home/tejasvi/Desktop/airflow_ssh_simulation/dags/distributed_minio_cleanup.py
[2026-03-18T18:41:20.829+0530] {processor.py:840} INFO - DAG(s) 'distributed_minio_cleanup' retrieved from /home/tejasvi/Desktop/airflow_ssh_simulation/dags/distributed_minio_cleanup.py
[2026-03-18T18:41:20.847+0530] {logging_mixin.py:188} INFO - [2026-03-18T18:41:20.846+0530] {dag.py:3047} INFO - Sync 1 DAGs
[2026-03-18T18:41:20.859+0530] {logging_mixin.py:188} INFO - [2026-03-18T18:41:20.858+0530] {dag.py:3834} INFO - Setting next_dagrun for distributed_minio_cleanup to None, run_after=None
[2026-03-18T18:41:20.957+0530] {processor.py:183} INFO - Processing /home/tejasvi/Desktop/airflow_ssh_simulation/dags/distributed_minio_cleanup.py took 0.213 seconds
[2026-03-18T18:42:26.843+0530] {processor.py:161} INFO - Started process (PID=26114) to work on /home/tejasvi/Desktop/airflow_ssh_simulation/dags/distributed_minio_cleanup.py
[2026-03-18T18:42:26.883+0530] {processor.py:830} INFO - Processing file /home/tejasvi/Desktop/airflow_ssh_simulation/dags/distributed_minio_cleanup.py for tasks to queue
[2026-03-18T18:42:26.886+0530] {logging_mixin.py:188} INFO - [2026-03-18T18:42:26.885+0530] {dagbag.py:540} INFO - Filling up the DagBag from /home/tejasvi/Desktop/airflow_ssh_simulation/dags/distributed_minio_cleanup.py
[2026-03-18T18:42:26.895+0530] {processor.py:840} INFO - DAG(s) 'distributed_minio_cleanup' retrieved from /home/tejasvi/Desktop/airflow_ssh_simulation/dags/distributed_minio_cleanup.py
[2026-03-18T18:42:26.912+0530] {logging_mixin.py:188} INFO - [2026-03-18T18:42:26.911+0530] {dag.py:3047} INFO - Sync 1 DAGs
[2026-03-18T18:42:26.923+0530] {logging_mixin.py:188} INFO - [2026-03-18T18:42:26.923+0530] {dag.py:3834} INFO - Setting next_dagrun for distributed_minio_cleanup to None, run_after=None
[2026-03-18T18:42:27.074+0530] {processor.py:183} INFO - Processing /home/tejasvi/Desktop/airflow_ssh_simulation/dags/distributed_minio_cleanup.py took 0.238 seconds
[2026-03-18T18:43:51.218+0530] {processor.py:161} INFO - Started process (PID=26309) to work on /home/tejasvi/Desktop/airflow_ssh_simulation/dags/distributed_minio_cleanup.py
[2026-03-18T18:43:51.251+0530] {processor.py:830} INFO - Processing file /home/tejasvi/Desktop/airflow_ssh_simulation/dags/distributed_minio_cleanup.py for tasks to queue
[2026-03-18T18:43:51.255+0530] {logging_mixin.py:188} INFO - [2026-03-18T18:43:51.254+0530] {dagbag.py:540} INFO - Filling up the DagBag from /home/tejasvi/Desktop/airflow_ssh_simulation/dags/distributed_minio_cleanup.py
[2026-03-18T18:43:51.263+0530] {processor.py:840} INFO - DAG(s) 'distributed_minio_cleanup' retrieved from /home/tejasvi/Desktop/airflow_ssh_simulation/dags/distributed_minio_cleanup.py
[2026-03-18T18:43:51.280+0530] {logging_mixin.py:188} INFO - [2026-03-18T18:43:51.280+0530] {dag.py:3047} INFO - Sync 1 DAGs
[2026-03-18T18:43:51.292+0530] {logging_mixin.py:188} INFO - [2026-03-18T18:43:51.292+0530] {dag.py:3834} INFO - Setting next_dagrun for distributed_minio_cleanup to None, run_after=None
[2026-03-18T18:43:51.386+0530] {processor.py:183} INFO - Processing /home/tejasvi/Desktop/airflow_ssh_simulation/dags/distributed_minio_cleanup.py took 0.175 seconds
[2026-03-18T18:44:55.754+0530] {processor.py:161} INFO - Started process (PID=26466) to work on /home/tejasvi/Desktop/airflow_ssh_simulation/dags/distributed_minio_cleanup.py
[2026-03-18T18:44:55.815+0530] {processor.py:830} INFO - Processing file /home/tejasvi/Desktop/airflow_ssh_simulation/dags/distributed_minio_cleanup.py for tasks to queue
[2026-03-18T18:44:55.821+0530] {logging_mixin.py:188} INFO - [2026-03-18T18:44:55.820+0530] {dagbag.py:540} INFO - Filling up the DagBag from /home/tejasvi/Desktop/airflow_ssh_simulation/dags/distributed_minio_cleanup.py
[2026-03-18T18:44:55.837+0530] {processor.py:840} INFO - DAG(s) 'distributed_minio_cleanup' retrieved from /home/tejasvi/Desktop/airflow_ssh_simulation/dags/distributed_minio_cleanup.py
[2026-03-18T18:44:55.863+0530] {logging_mixin.py:188} INFO - [2026-03-18T18:44:55.862+0530] {dag.py:3047} INFO - Sync 1 DAGs
[2026-03-18T18:44:55.874+0530] {logging_mixin.py:188} INFO - [2026-03-18T18:44:55.874+0530] {dag.py:3834} INFO - Setting next_dagrun for distributed_minio_cleanup to None, run_after=None
[2026-03-18T18:44:55.958+0530] {processor.py:183} INFO - Processing /home/tejasvi/Desktop/airflow_ssh_simulation/dags/distributed_minio_cleanup.py took 0.208 seconds
[2026-03-18T18:46:14.235+0530] {processor.py:161} INFO - Started process (PID=26680) to work on /home/tejasvi/Desktop/airflow_ssh_simulation/dags/distributed_minio_cleanup.py
[2026-03-18T18:46:14.248+0530] {processor.py:830} INFO - Processing file /home/tejasvi/Desktop/airflow_ssh_simulation/dags/distributed_minio_cleanup.py for tasks to queue
[2026-03-18T18:46:14.252+0530] {logging_mixin.py:188} INFO - [2026-03-18T18:46:14.251+0530] {dagbag.py:540} INFO - Filling up the DagBag from /home/tejasvi/Desktop/airflow_ssh_simulation/dags/distributed_minio_cleanup.py
[2026-03-18T18:46:14.261+0530] {processor.py:840} INFO - DAG(s) 'distributed_minio_cleanup' retrieved from /home/tejasvi/Desktop/airflow_ssh_simulation/dags/distributed_minio_cleanup.py
[2026-03-18T18:46:14.278+0530] {logging_mixin.py:188} INFO - [2026-03-18T18:46:14.278+0530] {dag.py:3047} INFO - Sync 1 DAGs
[2026-03-18T18:46:14.291+0530] {logging_mixin.py:188} INFO - [2026-03-18T18:46:14.290+0530] {dag.py:3834} INFO - Setting next_dagrun for distributed_minio_cleanup to None, run_after=None
[2026-03-18T18:46:14.414+0530] {processor.py:183} INFO - Processing /home/tejasvi/Desktop/airflow_ssh_simulation/dags/distributed_minio_cleanup.py took 0.187 seconds
[2026-03-18T18:47:31.423+0530] {processor.py:161} INFO - Started process (PID=26862) to work on /home/tejasvi/Desktop/airflow_ssh_simulation/dags/distributed_minio_cleanup.py
[2026-03-18T18:47:31.455+0530] {processor.py:830} INFO - Processing file /home/tejasvi/Desktop/airflow_ssh_simulation/dags/distributed_minio_cleanup.py for tasks to queue
[2026-03-18T18:47:31.459+0530] {logging_mixin.py:188} INFO - [2026-03-18T18:47:31.458+0530] {dagbag.py:540} INFO - Filling up the DagBag from /home/tejasvi/Desktop/airflow_ssh_simulation/dags/distributed_minio_cleanup.py
[2026-03-18T18:47:31.468+0530] {processor.py:840} INFO - DAG(s) 'distributed_minio_cleanup' retrieved from /home/tejasvi/Desktop/airflow_ssh_simulation/dags/distributed_minio_cleanup.py
[2026-03-18T18:47:31.485+0530] {logging_mixin.py:188} INFO - [2026-03-18T18:47:31.484+0530] {dag.py:3047} INFO - Sync 1 DAGs
[2026-03-18T18:47:31.496+0530] {logging_mixin.py:188} INFO - [2026-03-18T18:47:31.496+0530] {dag.py:3834} INFO - Setting next_dagrun for distributed_minio_cleanup to None, run_after=None
[2026-03-18T18:47:31.682+0530] {processor.py:183} INFO - Processing /home/tejasvi/Desktop/airflow_ssh_simulation/dags/distributed_minio_cleanup.py took 0.267 seconds
[2026-03-18T18:48:54.605+0530] {processor.py:161} INFO - Started process (PID=27068) to work on /home/tejasvi/Desktop/airflow_ssh_simulation/dags/distributed_minio_cleanup.py
[2026-03-18T18:48:54.655+0530] {processor.py:830} INFO - Processing file /home/tejasvi/Desktop/airflow_ssh_simulation/dags/distributed_minio_cleanup.py for tasks to queue
[2026-03-18T18:48:54.659+0530] {logging_mixin.py:188} INFO - [2026-03-18T18:48:54.658+0530] {dagbag.py:540} INFO - Filling up the DagBag from /home/tejasvi/Desktop/airflow_ssh_simulation/dags/distributed_minio_cleanup.py
[2026-03-18T18:48:54.668+0530] {processor.py:840} INFO - DAG(s) 'distributed_minio_cleanup' retrieved from /home/tejasvi/Desktop/airflow_ssh_simulation/dags/distributed_minio_cleanup.py
[2026-03-18T18:48:54.684+0530] {logging_mixin.py:188} INFO - [2026-03-18T18:48:54.684+0530] {dag.py:3047} INFO - Sync 1 DAGs
[2026-03-18T18:48:54.696+0530] {logging_mixin.py:188} INFO - [2026-03-18T18:48:54.696+0530] {dag.py:3834} INFO - Setting next_dagrun for distributed_minio_cleanup to None, run_after=None
[2026-03-18T18:48:54.817+0530] {processor.py:183} INFO - Processing /home/tejasvi/Desktop/airflow_ssh_simulation/dags/distributed_minio_cleanup.py took 0.220 seconds
[2026-03-18T18:49:57.130+0530] {processor.py:161} INFO - Started process (PID=27226) to work on /home/tejasvi/Desktop/airflow_ssh_simulation/dags/distributed_minio_cleanup.py
[2026-03-18T18:49:57.161+0530] {processor.py:830} INFO - Processing file /home/tejasvi/Desktop/airflow_ssh_simulation/dags/distributed_minio_cleanup.py for tasks to queue
[2026-03-18T18:49:57.164+0530] {logging_mixin.py:188} INFO - [2026-03-18T18:49:57.163+0530] {dagbag.py:540} INFO - Filling up the DagBag from /home/tejasvi/Desktop/airflow_ssh_simulation/dags/distributed_minio_cleanup.py
[2026-03-18T18:49:57.173+0530] {processor.py:840} INFO - DAG(s) 'distributed_minio_cleanup' retrieved from /home/tejasvi/Desktop/airflow_ssh_simulation/dags/distributed_minio_cleanup.py
[2026-03-18T18:49:57.189+0530] {logging_mixin.py:188} INFO - [2026-03-18T18:49:57.189+0530] {dag.py:3047} INFO - Sync 1 DAGs
[2026-03-18T18:49:57.201+0530] {logging_mixin.py:188} INFO - [2026-03-18T18:49:57.201+0530] {dag.py:3834} INFO - Setting next_dagrun for distributed_minio_cleanup to None, run_after=None
[2026-03-18T18:49:57.245+0530] {processor.py:183} INFO - Processing /home/tejasvi/Desktop/airflow_ssh_simulation/dags/distributed_minio_cleanup.py took 0.122 seconds
[2026-03-18T18:50:57.635+0530] {processor.py:161} INFO - Started process (PID=27759) to work on /home/tejasvi/Desktop/airflow_ssh_simulation/dags/distributed_minio_cleanup.py
[2026-03-18T18:50:58.177+0530] {processor.py:830} INFO - Processing file /home/tejasvi/Desktop/airflow_ssh_simulation/dags/distributed_minio_cleanup.py for tasks to queue
[2026-03-18T18:50:58.181+0530] {logging_mixin.py:188} INFO - [2026-03-18T18:50:58.181+0530] {dagbag.py:540} INFO - Filling up the DagBag from /home/tejasvi/Desktop/airflow_ssh_simulation/dags/distributed_minio_cleanup.py
[2026-03-18T18:50:58.205+0530] {processor.py:840} INFO - DAG(s) 'distributed_minio_cleanup' retrieved from /home/tejasvi/Desktop/airflow_ssh_simulation/dags/distributed_minio_cleanup.py
[2026-03-18T18:50:58.243+0530] {logging_mixin.py:188} INFO - [2026-03-18T18:50:58.242+0530] {dag.py:3047} INFO - Sync 1 DAGs
[2026-03-18T18:50:58.259+0530] {logging_mixin.py:188} INFO - [2026-03-18T18:50:58.259+0530] {dag.py:3834} INFO - Setting next_dagrun for distributed_minio_cleanup to None, run_after=None
[2026-03-18T18:50:59.001+0530] {processor.py:183} INFO - Processing /home/tejasvi/Desktop/airflow_ssh_simulation/dags/distributed_minio_cleanup.py took 1.373 seconds
