[2026-03-19T22:09:22.520+0530] {taskinstance.py:1979} INFO - Dependencies all met for dep_context=non-requeueable deps ti=<TaskInstance: nfs_docker_deployment.deploy_nfs_worker1 manual__2026-03-19T16:39:11.566110+00:00 [queued]>
[2026-03-19T22:09:22.529+0530] {taskinstance.py:1979} INFO - Dependencies all met for dep_context=requeueable deps ti=<TaskInstance: nfs_docker_deployment.deploy_nfs_worker1 manual__2026-03-19T16:39:11.566110+00:00 [queued]>
[2026-03-19T22:09:22.529+0530] {taskinstance.py:2193} INFO - Starting attempt 1 of 2
[2026-03-19T22:09:22.565+0530] {taskinstance.py:2214} INFO - Executing <Task(SSHOperator): deploy_nfs_worker1> on 2026-03-19 16:39:11.566110+00:00
[2026-03-19T22:09:22.572+0530] {standard_task_runner.py:60} INFO - Started process 72916 to run task
[2026-03-19T22:09:22.579+0530] {standard_task_runner.py:87} INFO - Running: ['airflow', 'tasks', 'run', 'nfs_docker_deployment', 'deploy_nfs_worker1', 'manual__2026-03-19T16:39:11.566110+00:00', '--job-id', '23', '--raw', '--subdir', 'DAGS_FOLDER/NFS.py', '--cfg-path', '/tmp/tmpl6hx6gn9']
[2026-03-19T22:09:22.581+0530] {standard_task_runner.py:88} INFO - Job 23: Subtask deploy_nfs_worker1
[2026-03-19T22:09:22.680+0530] {task_command.py:423} INFO - Running <TaskInstance: nfs_docker_deployment.deploy_nfs_worker1 manual__2026-03-19T16:39:11.566110+00:00 [running]> on host tejasvi-Vostro-15-3515
[2026-03-19T22:09:22.817+0530] {taskinstance.py:2510} INFO - Exporting env vars: AIRFLOW_CTX_DAG_OWNER='airflow' AIRFLOW_CTX_DAG_ID='nfs_docker_deployment' AIRFLOW_CTX_TASK_ID='deploy_nfs_worker1' AIRFLOW_CTX_EXECUTION_DATE='2026-03-19T16:39:11.566110+00:00' AIRFLOW_CTX_TRY_NUMBER='1' AIRFLOW_CTX_DAG_RUN_ID='manual__2026-03-19T16:39:11.566110+00:00'
[2026-03-19T22:09:22.819+0530] {ssh.py:151} INFO - Creating ssh_client
[2026-03-19T22:09:22.820+0530] {ssh.py:124} INFO - ssh_hook is not provided or invalid. Trying ssh_conn_id to create SSHHook.
[2026-03-19T22:09:22.828+0530] {base.py:83} INFO - Using connection ID 'worker1' for task execution.
[2026-03-19T22:09:22.832+0530] {ssh.py:301} WARNING - No Host Key Verification. This won't protect against Man-In-The-Middle attacks
[2026-03-19T22:09:22.860+0530] {transport.py:1909} INFO - Connected (version 2.0, client OpenSSH_8.9p1)
[2026-03-19T22:09:23.087+0530] {transport.py:1909} INFO - Authentication (publickey) successful!
[2026-03-19T22:09:23.088+0530] {ssh.py:480} INFO - Running command: 
docker rm -f nfs_worker1 || true
docker run -d \
--name nfs_worker1 \
--privileged \
-p 2049:2049 \
-v /tmp/nfs-data-worker1:/data \
-e NFS_EXPORT_0='/data *(rw,sync,no_subtree_check,no_root_squash)' \
erichough/nfs-server
        
[2026-03-19T22:09:23.631+0530] {ssh.py:531} WARNING - Error response from daemon: No such container: nfs_worker1
[2026-03-19T22:09:23.766+0530] {ssh.py:531} WARNING - Unable to find image 'erichough/nfs-server:latest' locally
[2026-03-19T22:09:27.228+0530] {ssh.py:531} WARNING - latest: Pulling from erichough/nfs-server
[2026-03-19T22:09:27.233+0530] {ssh.py:531} WARNING - c9b1b535fdd9: Pulling fs layer
[2026-03-19T22:09:27.233+0530] {ssh.py:531} WARNING - 79de80d2fc97: Pulling fs layer
[2026-03-19T22:09:27.234+0530] {ssh.py:531} WARNING - 0f76c35bdc85: Pulling fs layer
[2026-03-19T22:09:27.235+0530] {ssh.py:531} WARNING - bd0b7ce26eca: Pulling fs layer
[2026-03-19T22:09:27.235+0530] {ssh.py:531} WARNING - bd0b7ce26eca: Waiting
[2026-03-19T22:09:28.181+0530] {ssh.py:531} WARNING - c9b1b535fdd9: Verifying Checksum
[2026-03-19T22:09:28.182+0530] {ssh.py:531} WARNING - c9b1b535fdd9: Download complete
[2026-03-19T22:09:28.242+0530] {ssh.py:531} WARNING - 79de80d2fc97: Verifying Checksum
[2026-03-19T22:09:28.243+0530] {ssh.py:531} WARNING - 79de80d2fc97: Download complete
[2026-03-19T22:09:28.380+0530] {ssh.py:531} WARNING - c9b1b535fdd9: Pull complete
[2026-03-19T22:09:28.859+0530] {ssh.py:531} WARNING - 0f76c35bdc85: Verifying Checksum
[2026-03-19T22:09:28.860+0530] {ssh.py:531} WARNING - 0f76c35bdc85: Download complete
[2026-03-19T22:09:28.988+0530] {ssh.py:531} WARNING - bd0b7ce26eca: Verifying Checksum
[2026-03-19T22:09:28.988+0530] {ssh.py:531} WARNING - bd0b7ce26eca: Download complete
[2026-03-19T22:09:29.189+0530] {ssh.py:531} WARNING - 79de80d2fc97: Pull complete
[2026-03-19T22:09:29.289+0530] {ssh.py:531} WARNING - 0f76c35bdc85: Pull complete
[2026-03-19T22:09:29.378+0530] {ssh.py:531} WARNING - bd0b7ce26eca: Pull complete
[2026-03-19T22:09:29.420+0530] {ssh.py:531} WARNING - Digest: sha256:784ef30907aa318b8324c4c49bd258b11a740ab0eea9f09b5ccf9df378fa77ca
[2026-03-19T22:09:29.444+0530] {ssh.py:531} WARNING - Status: Downloaded newer image for erichough/nfs-server:latest
[2026-03-19T22:09:29.866+0530] {ssh.py:526} INFO - c734f9bf46ea70d3b28da0d95ccdfc66a1c106a2fa726e04989d83d6089f721c
[2026-03-19T22:09:31.089+0530] {taskinstance.py:1149} INFO - Marking task as SUCCESS. dag_id=nfs_docker_deployment, task_id=deploy_nfs_worker1, execution_date=20260319T163911, start_date=20260319T163922, end_date=20260319T163931
[2026-03-19T22:09:31.163+0530] {local_task_job_runner.py:234} INFO - Task exited with return code 0
[2026-03-19T22:09:31.174+0530] {taskinstance.py:3309} INFO - 0 downstream tasks scheduled from follow-on schedule check
