[2026-03-08T02:46:09.363+0000] {local_task_job_runner.py:120} INFO - ::group::Pre task execution logs
[2026-03-08T02:46:09.389+0000] {taskinstance.py:2076} INFO - Dependencies all met for dep_context=non-requeueable deps ti=<TaskInstance: deployment_workflow.run_hostname manual__2026-03-08T02:45:59.184273 map_index=0 [queued]>
[2026-03-08T02:46:09.400+0000] {taskinstance.py:2076} INFO - Dependencies all met for dep_context=requeueable deps ti=<TaskInstance: deployment_workflow.run_hostname manual__2026-03-08T02:45:59.184273 map_index=0 [queued]>
[2026-03-08T02:46:09.402+0000] {taskinstance.py:2306} INFO - Starting attempt 1 of 1
[2026-03-08T02:46:09.429+0000] {taskinstance.py:2330} INFO - Executing <Mapped(SSHOperator): run_hostname> on 2026-03-08 02:46:00.390523+00:00
[2026-03-08T02:46:09.439+0000] {warnings.py:110} WARNING - /home/***/.local/lib/python3.12/site-packages/***/task/task_runner/standard_task_runner.py:61: DeprecationWarning: This process (pid=613) is multi-threaded, use of fork() may lead to deadlocks in the child.
  pid = os.fork()

[2026-03-08T02:46:09.442+0000] {standard_task_runner.py:63} INFO - Started process 615 to run task
[2026-03-08T02:46:09.443+0000] {standard_task_runner.py:90} INFO - Running: ['***', 'tasks', 'run', 'deployment_workflow', 'run_hostname', 'manual__2026-03-08T02:45:59.184273', '--job-id', '157', '--raw', '--subdir', 'DAGS_FOLDER/deployment_workflow.py', '--cfg-path', '/tmp/tmp7d_zs2fd', '--map-index', '0']
[2026-03-08T02:46:09.446+0000] {standard_task_runner.py:91} INFO - Job 157: Subtask run_hostname
[2026-03-08T02:46:09.512+0000] {task_command.py:426} INFO - Running <TaskInstance: deployment_workflow.run_hostname manual__2026-03-08T02:45:59.184273 map_index=0 [running]> on host 0ad8c9765a82
[2026-03-08T02:46:09.642+0000] {taskinstance.py:2648} INFO - Exporting env vars: AIRFLOW_CTX_DAG_OWNER='***' AIRFLOW_CTX_DAG_ID='deployment_workflow' AIRFLOW_CTX_TASK_ID='run_hostname' AIRFLOW_CTX_EXECUTION_DATE='2026-03-08T02:46:00.390523+00:00' AIRFLOW_CTX_TRY_NUMBER='1' AIRFLOW_CTX_DAG_RUN_ID='manual__2026-03-08T02:45:59.184273'
[2026-03-08T02:46:09.646+0000] {taskinstance.py:430} INFO - ::endgroup::
[2026-03-08T02:46:09.647+0000] {ssh.py:151} INFO - Creating ssh_client
[2026-03-08T02:46:09.647+0000] {ssh.py:124} INFO - ssh_hook is not provided or invalid. Trying ssh_conn_id to create SSHHook.
[2026-03-08T02:46:09.659+0000] {base.py:84} INFO - Using connection ID 'worker_node_192_168_1_5' for task execution.
[2026-03-08T02:46:09.660+0000] {ssh.py:301} WARNING - No Host Key Verification. This won't protect against Man-In-The-Middle attacks
[2026-03-08T02:46:09.719+0000] {transport.py:1909} INFO - Connected (version 2.0, client OpenSSH_for_Windows_9.5)
[2026-03-08T02:46:09.807+0000] {transport.py:1909} INFO - Authentication (password) successful!
[2026-03-08T02:46:09.809+0000] {ssh.py:480} INFO - Running command: hostname && whoami && powershell -command Get-Date
[2026-03-08T02:46:10.013+0000] {ssh.py:526} INFO - [2J[m[HL]0;C:\windows\system32\conhost.exe[?25h
[2026-03-08T02:46:10.045+0000] {ssh.py:526} INFO - APTOP-9CCR53BI
[2026-03-08T02:46:10.057+0000] {ssh.py:526} INFO - laptop-9ccr53bi\sshuser
[2026-03-08T02:46:10.553+0000] {ssh.py:526} INFO - 
[2026-03-08T02:46:10.574+0000] {ssh.py:526} INFO - [25l08 March 2026 08:16:17[7;1H[?25h
[2026-03-08T02:46:10.642+0000] {taskinstance.py:441} INFO - ::group::Post task execution logs
[2026-03-08T02:46:10.698+0000] {taskinstance.py:1206} INFO - Marking task as SUCCESS. dag_id=deployment_workflow, task_id=run_hostname, run_id=manual__2026-03-08T02:45:59.184273, map_index=0, execution_date=20260308T024600, start_date=20260308T024609, end_date=20260308T024610
[2026-03-08T02:46:10.755+0000] {local_task_job_runner.py:240} INFO - Task exited with return code 0
[2026-03-08T02:46:10.777+0000] {taskinstance.py:3498} INFO - 0 downstream tasks scheduled from follow-on schedule check
[2026-03-08T02:46:10.784+0000] {local_task_job_runner.py:222} INFO - ::endgroup::
