[2026-03-19T23:42:15.522+0530] {taskinstance.py:1979} INFO - Dependencies all met for dep_context=non-requeueable deps ti=<TaskInstance: nfs_dynamic_roles_deployment.deploy_server manual__2026-03-19T18:11:48.229175+00:00 [queued]>
[2026-03-19T23:42:15.530+0530] {taskinstance.py:1979} INFO - Dependencies all met for dep_context=requeueable deps ti=<TaskInstance: nfs_dynamic_roles_deployment.deploy_server manual__2026-03-19T18:11:48.229175+00:00 [queued]>
[2026-03-19T23:42:15.530+0530] {taskinstance.py:2193} INFO - Starting attempt 1 of 2
[2026-03-19T23:42:15.667+0530] {taskinstance.py:2214} INFO - Executing <Task(DynamicSSHOperator): deploy_server> on 2026-03-19 18:11:48.229175+00:00
[2026-03-19T23:42:15.680+0530] {standard_task_runner.py:60} INFO - Started process 8928 to run task
[2026-03-19T23:42:15.684+0530] {standard_task_runner.py:87} INFO - Running: ['airflow', 'tasks', 'run', 'nfs_dynamic_roles_deployment', 'deploy_server', 'manual__2026-03-19T18:11:48.229175+00:00', '--job-id', '40', '--raw', '--subdir', 'DAGS_FOLDER/NFS.py', '--cfg-path', '/tmp/tmpgjnar0lk']
[2026-03-19T23:42:15.684+0530] {standard_task_runner.py:88} INFO - Job 40: Subtask deploy_server
[2026-03-19T23:42:15.826+0530] {task_command.py:423} INFO - Running <TaskInstance: nfs_dynamic_roles_deployment.deploy_server manual__2026-03-19T18:11:48.229175+00:00 [running]> on host tejasvi-Vostro-15-3515
[2026-03-19T23:42:15.997+0530] {taskinstance.py:2510} INFO - Exporting env vars: AIRFLOW_CTX_DAG_OWNER='airflow' AIRFLOW_CTX_DAG_ID='nfs_dynamic_roles_deployment' AIRFLOW_CTX_TASK_ID='deploy_server' AIRFLOW_CTX_EXECUTION_DATE='2026-03-19T18:11:48.229175+00:00' AIRFLOW_CTX_TRY_NUMBER='1' AIRFLOW_CTX_DAG_RUN_ID='manual__2026-03-19T18:11:48.229175+00:00'
[2026-03-19T23:42:15.999+0530] {ssh.py:151} INFO - Creating ssh_client
[2026-03-19T23:42:16.000+0530] {ssh.py:124} INFO - ssh_hook is not provided or invalid. Trying ssh_conn_id to create SSHHook.
[2026-03-19T23:42:16.015+0530] {base.py:83} INFO - Using connection ID 'worker1' for task execution.
[2026-03-19T23:42:16.020+0530] {ssh.py:301} WARNING - No Host Key Verification. This won't protect against Man-In-The-Middle attacks
[2026-03-19T23:42:16.034+0530] {transport.py:1909} INFO - Connected (version 2.0, client OpenSSH_8.9p1)
[2026-03-19T23:42:16.304+0530] {transport.py:1909} INFO - Authentication (publickey) successful!
[2026-03-19T23:42:16.305+0530] {ssh.py:480} INFO - Running command: 
docker rm -f nfs_server || true
docker run -d \
--name nfs_server \
--privileged \
-p 2049:2049 \
-v /tmp/nfs-server-data:/data \
-e NFS_EXPORT_0='/data *(rw,sync,no_subtree_check,no_root_squash)' \
erichough/nfs-server
        
[2026-03-19T23:42:16.688+0530] {ssh.py:526} INFO - nfs_server
[2026-03-19T23:42:17.083+0530] {ssh.py:526} INFO - 9c72b3933d50ca2c530c459a92df80e7399e4dd7879fe78adb87424bea98ffae
[2026-03-19T23:42:17.893+0530] {taskinstance.py:1149} INFO - Marking task as SUCCESS. dag_id=nfs_dynamic_roles_deployment, task_id=deploy_server, execution_date=20260319T181148, start_date=20260319T181215, end_date=20260319T181217
[2026-03-19T23:42:17.987+0530] {local_task_job_runner.py:234} INFO - Task exited with return code 0
[2026-03-19T23:42:18.016+0530] {taskinstance.py:3309} INFO - 1 downstream tasks scheduled from follow-on schedule check
