[2026-03-16T15:59:43.088+0000] {processor.py:161} INFO - Started process (PID=95) to work on /home/airflow/.local/lib/python3.12/site-packages/airflow/example_dags/example_display_name.py
[2026-03-16T15:59:43.089+0000] {processor.py:830} INFO - Processing file /home/airflow/.local/lib/python3.12/site-packages/airflow/example_dags/example_display_name.py for tasks to queue
[2026-03-16T15:59:43.091+0000] {logging_mixin.py:188} INFO - [2026-03-16T15:59:43.091+0000] {dagbag.py:545} INFO - Filling up the DagBag from /home/airflow/.local/lib/python3.12/site-packages/airflow/example_dags/example_display_name.py
[2026-03-16T15:59:43.100+0000] {processor.py:840} INFO - DAG(s) 'example_display_name' retrieved from /home/airflow/.local/lib/python3.12/site-packages/airflow/example_dags/example_display_name.py
[2026-03-16T15:59:43.264+0000] {logging_mixin.py:188} INFO - [2026-03-16T15:59:43.264+0000] {dag.py:3096} INFO - Sync 1 DAGs
[2026-03-16T15:59:43.283+0000] {logging_mixin.py:188} INFO - [2026-03-16T15:59:43.283+0000] {dag.py:3954} INFO - Setting next_dagrun for example_display_name to None, run_after=None
[2026-03-16T15:59:43.316+0000] {processor.py:183} INFO - Processing /home/airflow/.local/lib/python3.12/site-packages/airflow/example_dags/example_display_name.py took 0.235 seconds
[2026-03-16T16:00:13.720+0000] {processor.py:161} INFO - Started process (PID=154) to work on /home/airflow/.local/lib/python3.12/site-packages/airflow/example_dags/example_display_name.py
[2026-03-16T16:00:13.722+0000] {processor.py:830} INFO - Processing file /home/airflow/.local/lib/python3.12/site-packages/airflow/example_dags/example_display_name.py for tasks to queue
[2026-03-16T16:00:13.725+0000] {logging_mixin.py:188} INFO - [2026-03-16T16:00:13.724+0000] {dagbag.py:545} INFO - Filling up the DagBag from /home/airflow/.local/lib/python3.12/site-packages/airflow/example_dags/example_display_name.py
[2026-03-16T16:00:13.733+0000] {processor.py:840} INFO - DAG(s) 'example_display_name' retrieved from /home/airflow/.local/lib/python3.12/site-packages/airflow/example_dags/example_display_name.py
[2026-03-16T16:00:13.764+0000] {logging_mixin.py:188} INFO - [2026-03-16T16:00:13.763+0000] {dag.py:3096} INFO - Sync 1 DAGs
[2026-03-16T16:00:13.786+0000] {logging_mixin.py:188} INFO - [2026-03-16T16:00:13.785+0000] {dag.py:3954} INFO - Setting next_dagrun for example_display_name to None, run_after=None
[2026-03-16T16:00:13.819+0000] {processor.py:183} INFO - Processing /home/airflow/.local/lib/python3.12/site-packages/airflow/example_dags/example_display_name.py took 0.106 seconds
[2026-03-16T16:00:45.835+0000] {processor.py:161} INFO - Started process (PID=213) to work on /home/airflow/.local/lib/python3.12/site-packages/airflow/example_dags/example_display_name.py
[2026-03-16T16:00:45.847+0000] {processor.py:830} INFO - Processing file /home/airflow/.local/lib/python3.12/site-packages/airflow/example_dags/example_display_name.py for tasks to queue
[2026-03-16T16:00:45.851+0000] {logging_mixin.py:188} INFO - [2026-03-16T16:00:45.850+0000] {dagbag.py:545} INFO - Filling up the DagBag from /home/airflow/.local/lib/python3.12/site-packages/airflow/example_dags/example_display_name.py
[2026-03-16T16:00:45.880+0000] {processor.py:840} INFO - DAG(s) 'example_display_name' retrieved from /home/airflow/.local/lib/python3.12/site-packages/airflow/example_dags/example_display_name.py
[2026-03-16T16:00:45.934+0000] {logging_mixin.py:188} INFO - [2026-03-16T16:00:45.934+0000] {dag.py:3096} INFO - Sync 1 DAGs
[2026-03-16T16:00:45.973+0000] {logging_mixin.py:188} INFO - [2026-03-16T16:00:45.973+0000] {dag.py:3954} INFO - Setting next_dagrun for example_display_name to None, run_after=None
[2026-03-16T16:00:46.063+0000] {processor.py:183} INFO - Processing /home/airflow/.local/lib/python3.12/site-packages/airflow/example_dags/example_display_name.py took 0.249 seconds
[2026-03-16T16:01:16.465+0000] {processor.py:161} INFO - Started process (PID=272) to work on /home/airflow/.local/lib/python3.12/site-packages/airflow/example_dags/example_display_name.py
[2026-03-16T16:01:16.466+0000] {processor.py:830} INFO - Processing file /home/airflow/.local/lib/python3.12/site-packages/airflow/example_dags/example_display_name.py for tasks to queue
[2026-03-16T16:01:16.469+0000] {logging_mixin.py:188} INFO - [2026-03-16T16:01:16.469+0000] {dagbag.py:545} INFO - Filling up the DagBag from /home/airflow/.local/lib/python3.12/site-packages/airflow/example_dags/example_display_name.py
[2026-03-16T16:01:16.476+0000] {processor.py:840} INFO - DAG(s) 'example_display_name' retrieved from /home/airflow/.local/lib/python3.12/site-packages/airflow/example_dags/example_display_name.py
[2026-03-16T16:01:16.503+0000] {logging_mixin.py:188} INFO - [2026-03-16T16:01:16.503+0000] {dag.py:3096} INFO - Sync 1 DAGs
[2026-03-16T16:01:16.525+0000] {logging_mixin.py:188} INFO - [2026-03-16T16:01:16.524+0000] {dag.py:3954} INFO - Setting next_dagrun for example_display_name to None, run_after=None
[2026-03-16T16:01:16.553+0000] {processor.py:183} INFO - Processing /home/airflow/.local/lib/python3.12/site-packages/airflow/example_dags/example_display_name.py took 0.095 seconds
[2026-03-16T16:01:47.163+0000] {processor.py:161} INFO - Started process (PID=331) to work on /home/airflow/.local/lib/python3.12/site-packages/airflow/example_dags/example_display_name.py
[2026-03-16T16:01:47.164+0000] {processor.py:830} INFO - Processing file /home/airflow/.local/lib/python3.12/site-packages/airflow/example_dags/example_display_name.py for tasks to queue
[2026-03-16T16:01:47.168+0000] {logging_mixin.py:188} INFO - [2026-03-16T16:01:47.167+0000] {dagbag.py:545} INFO - Filling up the DagBag from /home/airflow/.local/lib/python3.12/site-packages/airflow/example_dags/example_display_name.py
[2026-03-16T16:01:47.175+0000] {processor.py:840} INFO - DAG(s) 'example_display_name' retrieved from /home/airflow/.local/lib/python3.12/site-packages/airflow/example_dags/example_display_name.py
[2026-03-16T16:01:47.209+0000] {logging_mixin.py:188} INFO - [2026-03-16T16:01:47.209+0000] {dag.py:3096} INFO - Sync 1 DAGs
[2026-03-16T16:01:47.237+0000] {logging_mixin.py:188} INFO - [2026-03-16T16:01:47.236+0000] {dag.py:3954} INFO - Setting next_dagrun for example_display_name to None, run_after=None
[2026-03-16T16:01:47.276+0000] {processor.py:183} INFO - Processing /home/airflow/.local/lib/python3.12/site-packages/airflow/example_dags/example_display_name.py took 0.120 seconds
[2026-03-16T16:02:18.162+0000] {processor.py:161} INFO - Started process (PID=390) to work on /home/airflow/.local/lib/python3.12/site-packages/airflow/example_dags/example_display_name.py
[2026-03-16T16:02:18.164+0000] {processor.py:830} INFO - Processing file /home/airflow/.local/lib/python3.12/site-packages/airflow/example_dags/example_display_name.py for tasks to queue
[2026-03-16T16:02:18.166+0000] {logging_mixin.py:188} INFO - [2026-03-16T16:02:18.166+0000] {dagbag.py:545} INFO - Filling up the DagBag from /home/airflow/.local/lib/python3.12/site-packages/airflow/example_dags/example_display_name.py
[2026-03-16T16:02:18.175+0000] {processor.py:840} INFO - DAG(s) 'example_display_name' retrieved from /home/airflow/.local/lib/python3.12/site-packages/airflow/example_dags/example_display_name.py
[2026-03-16T16:02:18.199+0000] {logging_mixin.py:188} INFO - [2026-03-16T16:02:18.198+0000] {dag.py:3096} INFO - Sync 1 DAGs
[2026-03-16T16:02:18.219+0000] {logging_mixin.py:188} INFO - [2026-03-16T16:02:18.218+0000] {dag.py:3954} INFO - Setting next_dagrun for example_display_name to None, run_after=None
[2026-03-16T16:02:18.249+0000] {processor.py:183} INFO - Processing /home/airflow/.local/lib/python3.12/site-packages/airflow/example_dags/example_display_name.py took 0.094 seconds
[2026-03-16T16:02:48.874+0000] {processor.py:161} INFO - Started process (PID=449) to work on /home/airflow/.local/lib/python3.12/site-packages/airflow/example_dags/example_display_name.py
[2026-03-16T16:02:48.876+0000] {processor.py:830} INFO - Processing file /home/airflow/.local/lib/python3.12/site-packages/airflow/example_dags/example_display_name.py for tasks to queue
[2026-03-16T16:02:48.880+0000] {logging_mixin.py:188} INFO - [2026-03-16T16:02:48.880+0000] {dagbag.py:545} INFO - Filling up the DagBag from /home/airflow/.local/lib/python3.12/site-packages/airflow/example_dags/example_display_name.py
[2026-03-16T16:02:48.891+0000] {processor.py:840} INFO - DAG(s) 'example_display_name' retrieved from /home/airflow/.local/lib/python3.12/site-packages/airflow/example_dags/example_display_name.py
[2026-03-16T16:02:48.917+0000] {logging_mixin.py:188} INFO - [2026-03-16T16:02:48.917+0000] {dag.py:3096} INFO - Sync 1 DAGs
[2026-03-16T16:02:48.941+0000] {logging_mixin.py:188} INFO - [2026-03-16T16:02:48.941+0000] {dag.py:3954} INFO - Setting next_dagrun for example_display_name to None, run_after=None
[2026-03-16T16:02:48.971+0000] {processor.py:183} INFO - Processing /home/airflow/.local/lib/python3.12/site-packages/airflow/example_dags/example_display_name.py took 0.107 seconds
[2026-03-16T16:03:19.190+0000] {processor.py:161} INFO - Started process (PID=508) to work on /home/airflow/.local/lib/python3.12/site-packages/airflow/example_dags/example_display_name.py
[2026-03-16T16:03:19.194+0000] {processor.py:830} INFO - Processing file /home/airflow/.local/lib/python3.12/site-packages/airflow/example_dags/example_display_name.py for tasks to queue
[2026-03-16T16:03:19.201+0000] {logging_mixin.py:188} INFO - [2026-03-16T16:03:19.201+0000] {dagbag.py:545} INFO - Filling up the DagBag from /home/airflow/.local/lib/python3.12/site-packages/airflow/example_dags/example_display_name.py
[2026-03-16T16:03:19.208+0000] {processor.py:840} INFO - DAG(s) 'example_display_name' retrieved from /home/airflow/.local/lib/python3.12/site-packages/airflow/example_dags/example_display_name.py
[2026-03-16T16:03:19.236+0000] {logging_mixin.py:188} INFO - [2026-03-16T16:03:19.236+0000] {dag.py:3096} INFO - Sync 1 DAGs
[2026-03-16T16:03:19.285+0000] {logging_mixin.py:188} INFO - [2026-03-16T16:03:19.285+0000] {dag.py:3954} INFO - Setting next_dagrun for example_display_name to None, run_after=None
[2026-03-16T16:03:19.355+0000] {processor.py:183} INFO - Processing /home/airflow/.local/lib/python3.12/site-packages/airflow/example_dags/example_display_name.py took 0.174 seconds
[2026-03-16T16:03:49.587+0000] {processor.py:161} INFO - Started process (PID=566) to work on /home/airflow/.local/lib/python3.12/site-packages/airflow/example_dags/example_display_name.py
[2026-03-16T16:03:49.589+0000] {processor.py:830} INFO - Processing file /home/airflow/.local/lib/python3.12/site-packages/airflow/example_dags/example_display_name.py for tasks to queue
[2026-03-16T16:03:49.594+0000] {logging_mixin.py:188} INFO - [2026-03-16T16:03:49.593+0000] {dagbag.py:545} INFO - Filling up the DagBag from /home/airflow/.local/lib/python3.12/site-packages/airflow/example_dags/example_display_name.py
[2026-03-16T16:03:49.603+0000] {processor.py:840} INFO - DAG(s) 'example_display_name' retrieved from /home/airflow/.local/lib/python3.12/site-packages/airflow/example_dags/example_display_name.py
[2026-03-16T16:03:49.629+0000] {logging_mixin.py:188} INFO - [2026-03-16T16:03:49.629+0000] {dag.py:3096} INFO - Sync 1 DAGs
[2026-03-16T16:03:49.646+0000] {logging_mixin.py:188} INFO - [2026-03-16T16:03:49.646+0000] {dag.py:3954} INFO - Setting next_dagrun for example_display_name to None, run_after=None
[2026-03-16T16:03:49.672+0000] {processor.py:183} INFO - Processing /home/airflow/.local/lib/python3.12/site-packages/airflow/example_dags/example_display_name.py took 0.095 seconds
[2026-03-16T16:04:20.278+0000] {processor.py:161} INFO - Started process (PID=625) to work on /home/airflow/.local/lib/python3.12/site-packages/airflow/example_dags/example_display_name.py
[2026-03-16T16:04:20.283+0000] {processor.py:830} INFO - Processing file /home/airflow/.local/lib/python3.12/site-packages/airflow/example_dags/example_display_name.py for tasks to queue
[2026-03-16T16:04:20.287+0000] {logging_mixin.py:188} INFO - [2026-03-16T16:04:20.286+0000] {dagbag.py:545} INFO - Filling up the DagBag from /home/airflow/.local/lib/python3.12/site-packages/airflow/example_dags/example_display_name.py
[2026-03-16T16:04:20.296+0000] {processor.py:840} INFO - DAG(s) 'example_display_name' retrieved from /home/airflow/.local/lib/python3.12/site-packages/airflow/example_dags/example_display_name.py
[2026-03-16T16:04:20.321+0000] {logging_mixin.py:188} INFO - [2026-03-16T16:04:20.320+0000] {dag.py:3096} INFO - Sync 1 DAGs
[2026-03-16T16:04:20.339+0000] {logging_mixin.py:188} INFO - [2026-03-16T16:04:20.339+0000] {dag.py:3954} INFO - Setting next_dagrun for example_display_name to None, run_after=None
[2026-03-16T16:04:20.369+0000] {processor.py:183} INFO - Processing /home/airflow/.local/lib/python3.12/site-packages/airflow/example_dags/example_display_name.py took 0.099 seconds
[2026-03-16T16:04:50.544+0000] {processor.py:161} INFO - Started process (PID=684) to work on /home/airflow/.local/lib/python3.12/site-packages/airflow/example_dags/example_display_name.py
[2026-03-16T16:04:50.546+0000] {processor.py:830} INFO - Processing file /home/airflow/.local/lib/python3.12/site-packages/airflow/example_dags/example_display_name.py for tasks to queue
[2026-03-16T16:04:50.549+0000] {logging_mixin.py:188} INFO - [2026-03-16T16:04:50.548+0000] {dagbag.py:545} INFO - Filling up the DagBag from /home/airflow/.local/lib/python3.12/site-packages/airflow/example_dags/example_display_name.py
[2026-03-16T16:04:50.559+0000] {processor.py:840} INFO - DAG(s) 'example_display_name' retrieved from /home/airflow/.local/lib/python3.12/site-packages/airflow/example_dags/example_display_name.py
[2026-03-16T16:04:50.590+0000] {logging_mixin.py:188} INFO - [2026-03-16T16:04:50.590+0000] {dag.py:3096} INFO - Sync 1 DAGs
[2026-03-16T16:04:50.613+0000] {logging_mixin.py:188} INFO - [2026-03-16T16:04:50.613+0000] {dag.py:3954} INFO - Setting next_dagrun for example_display_name to None, run_after=None
[2026-03-16T16:04:50.649+0000] {processor.py:183} INFO - Processing /home/airflow/.local/lib/python3.12/site-packages/airflow/example_dags/example_display_name.py took 0.120 seconds
[2026-03-16T16:05:20.702+0000] {processor.py:161} INFO - Started process (PID=743) to work on /home/airflow/.local/lib/python3.12/site-packages/airflow/example_dags/example_display_name.py
[2026-03-16T16:05:20.704+0000] {processor.py:830} INFO - Processing file /home/airflow/.local/lib/python3.12/site-packages/airflow/example_dags/example_display_name.py for tasks to queue
[2026-03-16T16:05:20.708+0000] {logging_mixin.py:188} INFO - [2026-03-16T16:05:20.708+0000] {dagbag.py:545} INFO - Filling up the DagBag from /home/airflow/.local/lib/python3.12/site-packages/airflow/example_dags/example_display_name.py
[2026-03-16T16:05:20.718+0000] {processor.py:840} INFO - DAG(s) 'example_display_name' retrieved from /home/airflow/.local/lib/python3.12/site-packages/airflow/example_dags/example_display_name.py
[2026-03-16T16:05:20.743+0000] {logging_mixin.py:188} INFO - [2026-03-16T16:05:20.743+0000] {dag.py:3096} INFO - Sync 1 DAGs
[2026-03-16T16:05:20.767+0000] {logging_mixin.py:188} INFO - [2026-03-16T16:05:20.767+0000] {dag.py:3954} INFO - Setting next_dagrun for example_display_name to None, run_after=None
[2026-03-16T16:05:20.805+0000] {processor.py:183} INFO - Processing /home/airflow/.local/lib/python3.12/site-packages/airflow/example_dags/example_display_name.py took 0.110 seconds
[2026-03-16T16:05:51.469+0000] {processor.py:161} INFO - Started process (PID=802) to work on /home/airflow/.local/lib/python3.12/site-packages/airflow/example_dags/example_display_name.py
[2026-03-16T16:05:51.470+0000] {processor.py:830} INFO - Processing file /home/airflow/.local/lib/python3.12/site-packages/airflow/example_dags/example_display_name.py for tasks to queue
[2026-03-16T16:05:51.473+0000] {logging_mixin.py:188} INFO - [2026-03-16T16:05:51.473+0000] {dagbag.py:545} INFO - Filling up the DagBag from /home/airflow/.local/lib/python3.12/site-packages/airflow/example_dags/example_display_name.py
[2026-03-16T16:05:51.482+0000] {processor.py:840} INFO - DAG(s) 'example_display_name' retrieved from /home/airflow/.local/lib/python3.12/site-packages/airflow/example_dags/example_display_name.py
[2026-03-16T16:05:51.508+0000] {logging_mixin.py:188} INFO - [2026-03-16T16:05:51.508+0000] {dag.py:3096} INFO - Sync 1 DAGs
[2026-03-16T16:05:51.526+0000] {logging_mixin.py:188} INFO - [2026-03-16T16:05:51.526+0000] {dag.py:3954} INFO - Setting next_dagrun for example_display_name to None, run_after=None
[2026-03-16T16:05:51.553+0000] {processor.py:183} INFO - Processing /home/airflow/.local/lib/python3.12/site-packages/airflow/example_dags/example_display_name.py took 0.091 seconds
[2026-03-16T16:06:22.427+0000] {processor.py:161} INFO - Started process (PID=861) to work on /home/airflow/.local/lib/python3.12/site-packages/airflow/example_dags/example_display_name.py
[2026-03-16T16:06:22.428+0000] {processor.py:830} INFO - Processing file /home/airflow/.local/lib/python3.12/site-packages/airflow/example_dags/example_display_name.py for tasks to queue
[2026-03-16T16:06:22.430+0000] {logging_mixin.py:188} INFO - [2026-03-16T16:06:22.430+0000] {dagbag.py:545} INFO - Filling up the DagBag from /home/airflow/.local/lib/python3.12/site-packages/airflow/example_dags/example_display_name.py
[2026-03-16T16:06:22.439+0000] {processor.py:840} INFO - DAG(s) 'example_display_name' retrieved from /home/airflow/.local/lib/python3.12/site-packages/airflow/example_dags/example_display_name.py
[2026-03-16T16:06:22.465+0000] {logging_mixin.py:188} INFO - [2026-03-16T16:06:22.465+0000] {dag.py:3096} INFO - Sync 1 DAGs
[2026-03-16T16:06:22.484+0000] {logging_mixin.py:188} INFO - [2026-03-16T16:06:22.484+0000] {dag.py:3954} INFO - Setting next_dagrun for example_display_name to None, run_after=None
[2026-03-16T16:06:22.511+0000] {processor.py:183} INFO - Processing /home/airflow/.local/lib/python3.12/site-packages/airflow/example_dags/example_display_name.py took 0.091 seconds
[2026-03-16T16:06:52.842+0000] {processor.py:161} INFO - Started process (PID=922) to work on /home/airflow/.local/lib/python3.12/site-packages/airflow/example_dags/example_display_name.py
[2026-03-16T16:06:52.843+0000] {processor.py:830} INFO - Processing file /home/airflow/.local/lib/python3.12/site-packages/airflow/example_dags/example_display_name.py for tasks to queue
[2026-03-16T16:06:52.847+0000] {logging_mixin.py:188} INFO - [2026-03-16T16:06:52.847+0000] {dagbag.py:545} INFO - Filling up the DagBag from /home/airflow/.local/lib/python3.12/site-packages/airflow/example_dags/example_display_name.py
[2026-03-16T16:06:52.855+0000] {processor.py:840} INFO - DAG(s) 'example_display_name' retrieved from /home/airflow/.local/lib/python3.12/site-packages/airflow/example_dags/example_display_name.py
[2026-03-16T16:06:52.884+0000] {logging_mixin.py:188} INFO - [2026-03-16T16:06:52.884+0000] {dag.py:3096} INFO - Sync 1 DAGs
[2026-03-16T16:06:52.905+0000] {logging_mixin.py:188} INFO - [2026-03-16T16:06:52.905+0000] {dag.py:3954} INFO - Setting next_dagrun for example_display_name to None, run_after=None
[2026-03-16T16:06:52.939+0000] {processor.py:183} INFO - Processing /home/airflow/.local/lib/python3.12/site-packages/airflow/example_dags/example_display_name.py took 0.104 seconds
[2026-03-16T16:07:23.255+0000] {processor.py:161} INFO - Started process (PID=981) to work on /home/airflow/.local/lib/python3.12/site-packages/airflow/example_dags/example_display_name.py
[2026-03-16T16:07:23.257+0000] {processor.py:830} INFO - Processing file /home/airflow/.local/lib/python3.12/site-packages/airflow/example_dags/example_display_name.py for tasks to queue
[2026-03-16T16:07:23.260+0000] {logging_mixin.py:188} INFO - [2026-03-16T16:07:23.260+0000] {dagbag.py:545} INFO - Filling up the DagBag from /home/airflow/.local/lib/python3.12/site-packages/airflow/example_dags/example_display_name.py
[2026-03-16T16:07:23.271+0000] {processor.py:840} INFO - DAG(s) 'example_display_name' retrieved from /home/airflow/.local/lib/python3.12/site-packages/airflow/example_dags/example_display_name.py
[2026-03-16T16:07:23.305+0000] {logging_mixin.py:188} INFO - [2026-03-16T16:07:23.304+0000] {dag.py:3096} INFO - Sync 1 DAGs
[2026-03-16T16:07:23.330+0000] {logging_mixin.py:188} INFO - [2026-03-16T16:07:23.329+0000] {dag.py:3954} INFO - Setting next_dagrun for example_display_name to None, run_after=None
[2026-03-16T16:07:23.364+0000] {processor.py:183} INFO - Processing /home/airflow/.local/lib/python3.12/site-packages/airflow/example_dags/example_display_name.py took 0.119 seconds
[2026-03-16T16:07:53.551+0000] {processor.py:161} INFO - Started process (PID=1041) to work on /home/airflow/.local/lib/python3.12/site-packages/airflow/example_dags/example_display_name.py
[2026-03-16T16:07:53.552+0000] {processor.py:830} INFO - Processing file /home/airflow/.local/lib/python3.12/site-packages/airflow/example_dags/example_display_name.py for tasks to queue
[2026-03-16T16:07:53.555+0000] {logging_mixin.py:188} INFO - [2026-03-16T16:07:53.554+0000] {dagbag.py:545} INFO - Filling up the DagBag from /home/airflow/.local/lib/python3.12/site-packages/airflow/example_dags/example_display_name.py
[2026-03-16T16:07:53.562+0000] {processor.py:840} INFO - DAG(s) 'example_display_name' retrieved from /home/airflow/.local/lib/python3.12/site-packages/airflow/example_dags/example_display_name.py
[2026-03-16T16:07:53.589+0000] {logging_mixin.py:188} INFO - [2026-03-16T16:07:53.588+0000] {dag.py:3096} INFO - Sync 1 DAGs
[2026-03-16T16:07:53.608+0000] {logging_mixin.py:188} INFO - [2026-03-16T16:07:53.608+0000] {dag.py:3954} INFO - Setting next_dagrun for example_display_name to None, run_after=None
[2026-03-16T16:07:53.636+0000] {processor.py:183} INFO - Processing /home/airflow/.local/lib/python3.12/site-packages/airflow/example_dags/example_display_name.py took 0.094 seconds
[2026-03-16T16:08:24.434+0000] {processor.py:161} INFO - Started process (PID=1100) to work on /home/airflow/.local/lib/python3.12/site-packages/airflow/example_dags/example_display_name.py
[2026-03-16T16:08:24.437+0000] {processor.py:830} INFO - Processing file /home/airflow/.local/lib/python3.12/site-packages/airflow/example_dags/example_display_name.py for tasks to queue
[2026-03-16T16:08:24.440+0000] {logging_mixin.py:188} INFO - [2026-03-16T16:08:24.439+0000] {dagbag.py:545} INFO - Filling up the DagBag from /home/airflow/.local/lib/python3.12/site-packages/airflow/example_dags/example_display_name.py
[2026-03-16T16:08:24.455+0000] {processor.py:840} INFO - DAG(s) 'example_display_name' retrieved from /home/airflow/.local/lib/python3.12/site-packages/airflow/example_dags/example_display_name.py
[2026-03-16T16:08:24.486+0000] {logging_mixin.py:188} INFO - [2026-03-16T16:08:24.485+0000] {dag.py:3096} INFO - Sync 1 DAGs
[2026-03-16T16:08:24.506+0000] {logging_mixin.py:188} INFO - [2026-03-16T16:08:24.505+0000] {dag.py:3954} INFO - Setting next_dagrun for example_display_name to None, run_after=None
[2026-03-16T16:08:24.538+0000] {processor.py:183} INFO - Processing /home/airflow/.local/lib/python3.12/site-packages/airflow/example_dags/example_display_name.py took 0.117 seconds
[2026-03-16T16:08:56.446+0000] {processor.py:161} INFO - Started process (PID=1159) to work on /home/airflow/.local/lib/python3.12/site-packages/airflow/example_dags/example_display_name.py
[2026-03-16T16:08:56.456+0000] {processor.py:830} INFO - Processing file /home/airflow/.local/lib/python3.12/site-packages/airflow/example_dags/example_display_name.py for tasks to queue
[2026-03-16T16:08:56.459+0000] {logging_mixin.py:188} INFO - [2026-03-16T16:08:56.459+0000] {dagbag.py:545} INFO - Filling up the DagBag from /home/airflow/.local/lib/python3.12/site-packages/airflow/example_dags/example_display_name.py
[2026-03-16T16:08:56.473+0000] {processor.py:840} INFO - DAG(s) 'example_display_name' retrieved from /home/airflow/.local/lib/python3.12/site-packages/airflow/example_dags/example_display_name.py
[2026-03-16T16:08:56.522+0000] {logging_mixin.py:188} INFO - [2026-03-16T16:08:56.522+0000] {dag.py:3096} INFO - Sync 1 DAGs
[2026-03-16T16:08:56.556+0000] {logging_mixin.py:188} INFO - [2026-03-16T16:08:56.556+0000] {dag.py:3954} INFO - Setting next_dagrun for example_display_name to None, run_after=None
[2026-03-16T16:08:56.617+0000] {processor.py:183} INFO - Processing /home/airflow/.local/lib/python3.12/site-packages/airflow/example_dags/example_display_name.py took 0.185 seconds
[2026-03-16T16:09:29.701+0000] {processor.py:161} INFO - Started process (PID=1218) to work on /home/airflow/.local/lib/python3.12/site-packages/airflow/example_dags/example_display_name.py
[2026-03-16T16:09:29.703+0000] {processor.py:830} INFO - Processing file /home/airflow/.local/lib/python3.12/site-packages/airflow/example_dags/example_display_name.py for tasks to queue
[2026-03-16T16:09:29.708+0000] {logging_mixin.py:188} INFO - [2026-03-16T16:09:29.707+0000] {dagbag.py:545} INFO - Filling up the DagBag from /home/airflow/.local/lib/python3.12/site-packages/airflow/example_dags/example_display_name.py
[2026-03-16T16:09:29.718+0000] {processor.py:840} INFO - DAG(s) 'example_display_name' retrieved from /home/airflow/.local/lib/python3.12/site-packages/airflow/example_dags/example_display_name.py
[2026-03-16T16:09:29.762+0000] {logging_mixin.py:188} INFO - [2026-03-16T16:09:29.754+0000] {dag.py:3096} INFO - Sync 1 DAGs
[2026-03-16T16:09:29.935+0000] {logging_mixin.py:188} INFO - [2026-03-16T16:09:29.935+0000] {dag.py:3954} INFO - Setting next_dagrun for example_display_name to None, run_after=None
[2026-03-16T16:09:29.965+0000] {processor.py:183} INFO - Processing /home/airflow/.local/lib/python3.12/site-packages/airflow/example_dags/example_display_name.py took 0.274 seconds
[2026-03-16T16:10:00.482+0000] {processor.py:161} INFO - Started process (PID=1277) to work on /home/airflow/.local/lib/python3.12/site-packages/airflow/example_dags/example_display_name.py
[2026-03-16T16:10:00.484+0000] {processor.py:830} INFO - Processing file /home/airflow/.local/lib/python3.12/site-packages/airflow/example_dags/example_display_name.py for tasks to queue
[2026-03-16T16:10:00.488+0000] {logging_mixin.py:188} INFO - [2026-03-16T16:10:00.487+0000] {dagbag.py:545} INFO - Filling up the DagBag from /home/airflow/.local/lib/python3.12/site-packages/airflow/example_dags/example_display_name.py
[2026-03-16T16:10:00.498+0000] {processor.py:840} INFO - DAG(s) 'example_display_name' retrieved from /home/airflow/.local/lib/python3.12/site-packages/airflow/example_dags/example_display_name.py
[2026-03-16T16:10:00.525+0000] {logging_mixin.py:188} INFO - [2026-03-16T16:10:00.525+0000] {dag.py:3096} INFO - Sync 1 DAGs
[2026-03-16T16:10:00.548+0000] {logging_mixin.py:188} INFO - [2026-03-16T16:10:00.547+0000] {dag.py:3954} INFO - Setting next_dagrun for example_display_name to None, run_after=None
[2026-03-16T16:10:00.743+0000] {processor.py:183} INFO - Processing /home/airflow/.local/lib/python3.12/site-packages/airflow/example_dags/example_display_name.py took 0.268 seconds
[2026-03-16T16:10:31.288+0000] {processor.py:161} INFO - Started process (PID=1336) to work on /home/airflow/.local/lib/python3.12/site-packages/airflow/example_dags/example_display_name.py
[2026-03-16T16:10:31.290+0000] {processor.py:830} INFO - Processing file /home/airflow/.local/lib/python3.12/site-packages/airflow/example_dags/example_display_name.py for tasks to queue
[2026-03-16T16:10:31.293+0000] {logging_mixin.py:188} INFO - [2026-03-16T16:10:31.293+0000] {dagbag.py:545} INFO - Filling up the DagBag from /home/airflow/.local/lib/python3.12/site-packages/airflow/example_dags/example_display_name.py
[2026-03-16T16:10:31.305+0000] {processor.py:840} INFO - DAG(s) 'example_display_name' retrieved from /home/airflow/.local/lib/python3.12/site-packages/airflow/example_dags/example_display_name.py
[2026-03-16T16:10:31.333+0000] {logging_mixin.py:188} INFO - [2026-03-16T16:10:31.333+0000] {dag.py:3096} INFO - Sync 1 DAGs
[2026-03-16T16:10:31.356+0000] {logging_mixin.py:188} INFO - [2026-03-16T16:10:31.356+0000] {dag.py:3954} INFO - Setting next_dagrun for example_display_name to None, run_after=None
[2026-03-16T16:10:31.384+0000] {processor.py:183} INFO - Processing /home/airflow/.local/lib/python3.12/site-packages/airflow/example_dags/example_display_name.py took 0.109 seconds
[2026-03-16T16:11:01.737+0000] {processor.py:161} INFO - Started process (PID=1395) to work on /home/airflow/.local/lib/python3.12/site-packages/airflow/example_dags/example_display_name.py
[2026-03-16T16:11:01.739+0000] {processor.py:830} INFO - Processing file /home/airflow/.local/lib/python3.12/site-packages/airflow/example_dags/example_display_name.py for tasks to queue
[2026-03-16T16:11:01.742+0000] {logging_mixin.py:188} INFO - [2026-03-16T16:11:01.742+0000] {dagbag.py:545} INFO - Filling up the DagBag from /home/airflow/.local/lib/python3.12/site-packages/airflow/example_dags/example_display_name.py
[2026-03-16T16:11:01.749+0000] {processor.py:840} INFO - DAG(s) 'example_display_name' retrieved from /home/airflow/.local/lib/python3.12/site-packages/airflow/example_dags/example_display_name.py
[2026-03-16T16:11:01.777+0000] {logging_mixin.py:188} INFO - [2026-03-16T16:11:01.776+0000] {dag.py:3096} INFO - Sync 1 DAGs
[2026-03-16T16:11:01.802+0000] {logging_mixin.py:188} INFO - [2026-03-16T16:11:01.802+0000] {dag.py:3954} INFO - Setting next_dagrun for example_display_name to None, run_after=None
[2026-03-16T16:11:01.838+0000] {processor.py:183} INFO - Processing /home/airflow/.local/lib/python3.12/site-packages/airflow/example_dags/example_display_name.py took 0.113 seconds
[2026-03-16T16:11:32.525+0000] {processor.py:161} INFO - Started process (PID=1454) to work on /home/airflow/.local/lib/python3.12/site-packages/airflow/example_dags/example_display_name.py
[2026-03-16T16:11:32.526+0000] {processor.py:830} INFO - Processing file /home/airflow/.local/lib/python3.12/site-packages/airflow/example_dags/example_display_name.py for tasks to queue
[2026-03-16T16:11:32.530+0000] {logging_mixin.py:188} INFO - [2026-03-16T16:11:32.529+0000] {dagbag.py:545} INFO - Filling up the DagBag from /home/airflow/.local/lib/python3.12/site-packages/airflow/example_dags/example_display_name.py
[2026-03-16T16:11:32.540+0000] {processor.py:840} INFO - DAG(s) 'example_display_name' retrieved from /home/airflow/.local/lib/python3.12/site-packages/airflow/example_dags/example_display_name.py
[2026-03-16T16:11:32.571+0000] {logging_mixin.py:188} INFO - [2026-03-16T16:11:32.570+0000] {dag.py:3096} INFO - Sync 1 DAGs
[2026-03-16T16:11:32.598+0000] {logging_mixin.py:188} INFO - [2026-03-16T16:11:32.598+0000] {dag.py:3954} INFO - Setting next_dagrun for example_display_name to None, run_after=None
[2026-03-16T16:11:32.635+0000] {processor.py:183} INFO - Processing /home/airflow/.local/lib/python3.12/site-packages/airflow/example_dags/example_display_name.py took 0.127 seconds
[2026-03-16T16:12:03.465+0000] {processor.py:161} INFO - Started process (PID=1513) to work on /home/airflow/.local/lib/python3.12/site-packages/airflow/example_dags/example_display_name.py
[2026-03-16T16:12:03.466+0000] {processor.py:830} INFO - Processing file /home/airflow/.local/lib/python3.12/site-packages/airflow/example_dags/example_display_name.py for tasks to queue
[2026-03-16T16:12:03.469+0000] {logging_mixin.py:188} INFO - [2026-03-16T16:12:03.469+0000] {dagbag.py:545} INFO - Filling up the DagBag from /home/airflow/.local/lib/python3.12/site-packages/airflow/example_dags/example_display_name.py
[2026-03-16T16:12:03.477+0000] {processor.py:840} INFO - DAG(s) 'example_display_name' retrieved from /home/airflow/.local/lib/python3.12/site-packages/airflow/example_dags/example_display_name.py
[2026-03-16T16:12:03.505+0000] {logging_mixin.py:188} INFO - [2026-03-16T16:12:03.505+0000] {dag.py:3096} INFO - Sync 1 DAGs
[2026-03-16T16:12:03.526+0000] {logging_mixin.py:188} INFO - [2026-03-16T16:12:03.526+0000] {dag.py:3954} INFO - Setting next_dagrun for example_display_name to None, run_after=None
[2026-03-16T16:12:03.559+0000] {processor.py:183} INFO - Processing /home/airflow/.local/lib/python3.12/site-packages/airflow/example_dags/example_display_name.py took 0.101 seconds
[2026-03-16T16:12:34.073+0000] {processor.py:161} INFO - Started process (PID=1572) to work on /home/airflow/.local/lib/python3.12/site-packages/airflow/example_dags/example_display_name.py
[2026-03-16T16:12:34.074+0000] {processor.py:830} INFO - Processing file /home/airflow/.local/lib/python3.12/site-packages/airflow/example_dags/example_display_name.py for tasks to queue
[2026-03-16T16:12:34.077+0000] {logging_mixin.py:188} INFO - [2026-03-16T16:12:34.076+0000] {dagbag.py:545} INFO - Filling up the DagBag from /home/airflow/.local/lib/python3.12/site-packages/airflow/example_dags/example_display_name.py
[2026-03-16T16:12:34.086+0000] {processor.py:840} INFO - DAG(s) 'example_display_name' retrieved from /home/airflow/.local/lib/python3.12/site-packages/airflow/example_dags/example_display_name.py
[2026-03-16T16:12:34.110+0000] {logging_mixin.py:188} INFO - [2026-03-16T16:12:34.110+0000] {dag.py:3096} INFO - Sync 1 DAGs
[2026-03-16T16:12:34.125+0000] {logging_mixin.py:188} INFO - [2026-03-16T16:12:34.125+0000] {dag.py:3954} INFO - Setting next_dagrun for example_display_name to None, run_after=None
[2026-03-16T16:12:34.152+0000] {processor.py:183} INFO - Processing /home/airflow/.local/lib/python3.12/site-packages/airflow/example_dags/example_display_name.py took 0.087 seconds
[2026-03-16T16:13:04.632+0000] {processor.py:161} INFO - Started process (PID=1631) to work on /home/airflow/.local/lib/python3.12/site-packages/airflow/example_dags/example_display_name.py
[2026-03-16T16:13:04.634+0000] {processor.py:830} INFO - Processing file /home/airflow/.local/lib/python3.12/site-packages/airflow/example_dags/example_display_name.py for tasks to queue
[2026-03-16T16:13:04.637+0000] {logging_mixin.py:188} INFO - [2026-03-16T16:13:04.637+0000] {dagbag.py:545} INFO - Filling up the DagBag from /home/airflow/.local/lib/python3.12/site-packages/airflow/example_dags/example_display_name.py
[2026-03-16T16:13:04.649+0000] {processor.py:840} INFO - DAG(s) 'example_display_name' retrieved from /home/airflow/.local/lib/python3.12/site-packages/airflow/example_dags/example_display_name.py
[2026-03-16T16:13:04.683+0000] {logging_mixin.py:188} INFO - [2026-03-16T16:13:04.682+0000] {dag.py:3096} INFO - Sync 1 DAGs
[2026-03-16T16:13:04.708+0000] {logging_mixin.py:188} INFO - [2026-03-16T16:13:04.708+0000] {dag.py:3954} INFO - Setting next_dagrun for example_display_name to None, run_after=None
[2026-03-16T16:13:04.750+0000] {processor.py:183} INFO - Processing /home/airflow/.local/lib/python3.12/site-packages/airflow/example_dags/example_display_name.py took 0.129 seconds
[2026-03-16T16:13:35.322+0000] {processor.py:161} INFO - Started process (PID=1691) to work on /home/airflow/.local/lib/python3.12/site-packages/airflow/example_dags/example_display_name.py
[2026-03-16T16:13:35.324+0000] {processor.py:830} INFO - Processing file /home/airflow/.local/lib/python3.12/site-packages/airflow/example_dags/example_display_name.py for tasks to queue
[2026-03-16T16:13:35.327+0000] {logging_mixin.py:188} INFO - [2026-03-16T16:13:35.327+0000] {dagbag.py:545} INFO - Filling up the DagBag from /home/airflow/.local/lib/python3.12/site-packages/airflow/example_dags/example_display_name.py
[2026-03-16T16:13:35.336+0000] {processor.py:840} INFO - DAG(s) 'example_display_name' retrieved from /home/airflow/.local/lib/python3.12/site-packages/airflow/example_dags/example_display_name.py
[2026-03-16T16:13:35.365+0000] {logging_mixin.py:188} INFO - [2026-03-16T16:13:35.365+0000] {dag.py:3096} INFO - Sync 1 DAGs
[2026-03-16T16:13:35.386+0000] {logging_mixin.py:188} INFO - [2026-03-16T16:13:35.386+0000] {dag.py:3954} INFO - Setting next_dagrun for example_display_name to None, run_after=None
[2026-03-16T16:13:35.424+0000] {processor.py:183} INFO - Processing /home/airflow/.local/lib/python3.12/site-packages/airflow/example_dags/example_display_name.py took 0.110 seconds
[2026-03-16T16:14:06.191+0000] {processor.py:161} INFO - Started process (PID=1750) to work on /home/airflow/.local/lib/python3.12/site-packages/airflow/example_dags/example_display_name.py
[2026-03-16T16:14:06.192+0000] {processor.py:830} INFO - Processing file /home/airflow/.local/lib/python3.12/site-packages/airflow/example_dags/example_display_name.py for tasks to queue
[2026-03-16T16:14:06.195+0000] {logging_mixin.py:188} INFO - [2026-03-16T16:14:06.194+0000] {dagbag.py:545} INFO - Filling up the DagBag from /home/airflow/.local/lib/python3.12/site-packages/airflow/example_dags/example_display_name.py
[2026-03-16T16:14:06.201+0000] {processor.py:840} INFO - DAG(s) 'example_display_name' retrieved from /home/airflow/.local/lib/python3.12/site-packages/airflow/example_dags/example_display_name.py
[2026-03-16T16:14:06.229+0000] {logging_mixin.py:188} INFO - [2026-03-16T16:14:06.229+0000] {dag.py:3096} INFO - Sync 1 DAGs
[2026-03-16T16:14:06.245+0000] {logging_mixin.py:188} INFO - [2026-03-16T16:14:06.245+0000] {dag.py:3954} INFO - Setting next_dagrun for example_display_name to None, run_after=None
[2026-03-16T16:14:06.276+0000] {processor.py:183} INFO - Processing /home/airflow/.local/lib/python3.12/site-packages/airflow/example_dags/example_display_name.py took 0.093 seconds
[2026-03-16T16:14:36.628+0000] {processor.py:161} INFO - Started process (PID=1809) to work on /home/airflow/.local/lib/python3.12/site-packages/airflow/example_dags/example_display_name.py
[2026-03-16T16:14:36.629+0000] {processor.py:830} INFO - Processing file /home/airflow/.local/lib/python3.12/site-packages/airflow/example_dags/example_display_name.py for tasks to queue
[2026-03-16T16:14:36.631+0000] {logging_mixin.py:188} INFO - [2026-03-16T16:14:36.631+0000] {dagbag.py:545} INFO - Filling up the DagBag from /home/airflow/.local/lib/python3.12/site-packages/airflow/example_dags/example_display_name.py
[2026-03-16T16:14:36.637+0000] {processor.py:840} INFO - DAG(s) 'example_display_name' retrieved from /home/airflow/.local/lib/python3.12/site-packages/airflow/example_dags/example_display_name.py
[2026-03-16T16:14:36.658+0000] {logging_mixin.py:188} INFO - [2026-03-16T16:14:36.658+0000] {dag.py:3096} INFO - Sync 1 DAGs
[2026-03-16T16:14:36.672+0000] {logging_mixin.py:188} INFO - [2026-03-16T16:14:36.672+0000] {dag.py:3954} INFO - Setting next_dagrun for example_display_name to None, run_after=None
[2026-03-16T16:14:36.696+0000] {processor.py:183} INFO - Processing /home/airflow/.local/lib/python3.12/site-packages/airflow/example_dags/example_display_name.py took 0.075 seconds
[2026-03-16T16:15:07.345+0000] {processor.py:161} INFO - Started process (PID=1868) to work on /home/airflow/.local/lib/python3.12/site-packages/airflow/example_dags/example_display_name.py
[2026-03-16T16:15:07.346+0000] {processor.py:830} INFO - Processing file /home/airflow/.local/lib/python3.12/site-packages/airflow/example_dags/example_display_name.py for tasks to queue
[2026-03-16T16:15:07.349+0000] {logging_mixin.py:188} INFO - [2026-03-16T16:15:07.348+0000] {dagbag.py:545} INFO - Filling up the DagBag from /home/airflow/.local/lib/python3.12/site-packages/airflow/example_dags/example_display_name.py
[2026-03-16T16:15:07.355+0000] {processor.py:840} INFO - DAG(s) 'example_display_name' retrieved from /home/airflow/.local/lib/python3.12/site-packages/airflow/example_dags/example_display_name.py
[2026-03-16T16:15:07.376+0000] {logging_mixin.py:188} INFO - [2026-03-16T16:15:07.376+0000] {dag.py:3096} INFO - Sync 1 DAGs
[2026-03-16T16:15:07.390+0000] {logging_mixin.py:188} INFO - [2026-03-16T16:15:07.390+0000] {dag.py:3954} INFO - Setting next_dagrun for example_display_name to None, run_after=None
[2026-03-16T16:15:07.422+0000] {processor.py:183} INFO - Processing /home/airflow/.local/lib/python3.12/site-packages/airflow/example_dags/example_display_name.py took 0.083 seconds
[2026-03-16T16:15:38.159+0000] {processor.py:161} INFO - Started process (PID=1927) to work on /home/airflow/.local/lib/python3.12/site-packages/airflow/example_dags/example_display_name.py
[2026-03-16T16:15:38.161+0000] {processor.py:830} INFO - Processing file /home/airflow/.local/lib/python3.12/site-packages/airflow/example_dags/example_display_name.py for tasks to queue
[2026-03-16T16:15:38.163+0000] {logging_mixin.py:188} INFO - [2026-03-16T16:15:38.162+0000] {dagbag.py:545} INFO - Filling up the DagBag from /home/airflow/.local/lib/python3.12/site-packages/airflow/example_dags/example_display_name.py
[2026-03-16T16:15:38.169+0000] {processor.py:840} INFO - DAG(s) 'example_display_name' retrieved from /home/airflow/.local/lib/python3.12/site-packages/airflow/example_dags/example_display_name.py
[2026-03-16T16:15:38.190+0000] {logging_mixin.py:188} INFO - [2026-03-16T16:15:38.190+0000] {dag.py:3096} INFO - Sync 1 DAGs
[2026-03-16T16:15:38.206+0000] {logging_mixin.py:188} INFO - [2026-03-16T16:15:38.206+0000] {dag.py:3954} INFO - Setting next_dagrun for example_display_name to None, run_after=None
[2026-03-16T16:15:38.236+0000] {processor.py:183} INFO - Processing /home/airflow/.local/lib/python3.12/site-packages/airflow/example_dags/example_display_name.py took 0.084 seconds
[2026-03-16T16:16:08.575+0000] {processor.py:161} INFO - Started process (PID=1986) to work on /home/airflow/.local/lib/python3.12/site-packages/airflow/example_dags/example_display_name.py
[2026-03-16T16:16:08.576+0000] {processor.py:830} INFO - Processing file /home/airflow/.local/lib/python3.12/site-packages/airflow/example_dags/example_display_name.py for tasks to queue
[2026-03-16T16:16:08.579+0000] {logging_mixin.py:188} INFO - [2026-03-16T16:16:08.578+0000] {dagbag.py:545} INFO - Filling up the DagBag from /home/airflow/.local/lib/python3.12/site-packages/airflow/example_dags/example_display_name.py
[2026-03-16T16:16:08.586+0000] {processor.py:840} INFO - DAG(s) 'example_display_name' retrieved from /home/airflow/.local/lib/python3.12/site-packages/airflow/example_dags/example_display_name.py
[2026-03-16T16:16:08.611+0000] {logging_mixin.py:188} INFO - [2026-03-16T16:16:08.610+0000] {dag.py:3096} INFO - Sync 1 DAGs
[2026-03-16T16:16:08.627+0000] {logging_mixin.py:188} INFO - [2026-03-16T16:16:08.627+0000] {dag.py:3954} INFO - Setting next_dagrun for example_display_name to None, run_after=None
[2026-03-16T16:16:08.656+0000] {processor.py:183} INFO - Processing /home/airflow/.local/lib/python3.12/site-packages/airflow/example_dags/example_display_name.py took 0.090 seconds
[2026-03-16T16:16:38.939+0000] {processor.py:161} INFO - Started process (PID=2045) to work on /home/airflow/.local/lib/python3.12/site-packages/airflow/example_dags/example_display_name.py
[2026-03-16T16:16:38.941+0000] {processor.py:830} INFO - Processing file /home/airflow/.local/lib/python3.12/site-packages/airflow/example_dags/example_display_name.py for tasks to queue
[2026-03-16T16:16:38.943+0000] {logging_mixin.py:188} INFO - [2026-03-16T16:16:38.943+0000] {dagbag.py:545} INFO - Filling up the DagBag from /home/airflow/.local/lib/python3.12/site-packages/airflow/example_dags/example_display_name.py
[2026-03-16T16:16:38.951+0000] {processor.py:840} INFO - DAG(s) 'example_display_name' retrieved from /home/airflow/.local/lib/python3.12/site-packages/airflow/example_dags/example_display_name.py
[2026-03-16T16:16:38.977+0000] {logging_mixin.py:188} INFO - [2026-03-16T16:16:38.977+0000] {dag.py:3096} INFO - Sync 1 DAGs
[2026-03-16T16:16:38.996+0000] {logging_mixin.py:188} INFO - [2026-03-16T16:16:38.995+0000] {dag.py:3954} INFO - Setting next_dagrun for example_display_name to None, run_after=None
[2026-03-16T16:16:39.023+0000] {processor.py:183} INFO - Processing /home/airflow/.local/lib/python3.12/site-packages/airflow/example_dags/example_display_name.py took 0.092 seconds
[2026-03-16T16:17:09.589+0000] {processor.py:161} INFO - Started process (PID=2104) to work on /home/airflow/.local/lib/python3.12/site-packages/airflow/example_dags/example_display_name.py
[2026-03-16T16:17:09.590+0000] {processor.py:830} INFO - Processing file /home/airflow/.local/lib/python3.12/site-packages/airflow/example_dags/example_display_name.py for tasks to queue
[2026-03-16T16:17:09.593+0000] {logging_mixin.py:188} INFO - [2026-03-16T16:17:09.592+0000] {dagbag.py:545} INFO - Filling up the DagBag from /home/airflow/.local/lib/python3.12/site-packages/airflow/example_dags/example_display_name.py
[2026-03-16T16:17:09.602+0000] {processor.py:840} INFO - DAG(s) 'example_display_name' retrieved from /home/airflow/.local/lib/python3.12/site-packages/airflow/example_dags/example_display_name.py
[2026-03-16T16:17:09.627+0000] {logging_mixin.py:188} INFO - [2026-03-16T16:17:09.626+0000] {dag.py:3096} INFO - Sync 1 DAGs
[2026-03-16T16:17:09.642+0000] {logging_mixin.py:188} INFO - [2026-03-16T16:17:09.641+0000] {dag.py:3954} INFO - Setting next_dagrun for example_display_name to None, run_after=None
[2026-03-16T16:17:09.667+0000] {processor.py:183} INFO - Processing /home/airflow/.local/lib/python3.12/site-packages/airflow/example_dags/example_display_name.py took 0.085 seconds
[2026-03-16T16:17:39.961+0000] {processor.py:161} INFO - Started process (PID=2163) to work on /home/airflow/.local/lib/python3.12/site-packages/airflow/example_dags/example_display_name.py
[2026-03-16T16:17:39.963+0000] {processor.py:830} INFO - Processing file /home/airflow/.local/lib/python3.12/site-packages/airflow/example_dags/example_display_name.py for tasks to queue
[2026-03-16T16:17:39.966+0000] {logging_mixin.py:188} INFO - [2026-03-16T16:17:39.965+0000] {dagbag.py:545} INFO - Filling up the DagBag from /home/airflow/.local/lib/python3.12/site-packages/airflow/example_dags/example_display_name.py
[2026-03-16T16:17:39.976+0000] {processor.py:840} INFO - DAG(s) 'example_display_name' retrieved from /home/airflow/.local/lib/python3.12/site-packages/airflow/example_dags/example_display_name.py
[2026-03-16T16:17:40.025+0000] {logging_mixin.py:188} INFO - [2026-03-16T16:17:40.024+0000] {dag.py:3096} INFO - Sync 1 DAGs
[2026-03-16T16:17:40.048+0000] {logging_mixin.py:188} INFO - [2026-03-16T16:17:40.048+0000] {dag.py:3954} INFO - Setting next_dagrun for example_display_name to None, run_after=None
[2026-03-16T16:17:40.096+0000] {processor.py:183} INFO - Processing /home/airflow/.local/lib/python3.12/site-packages/airflow/example_dags/example_display_name.py took 0.147 seconds
[2026-03-16T16:18:10.509+0000] {processor.py:161} INFO - Started process (PID=2228) to work on /home/airflow/.local/lib/python3.12/site-packages/airflow/example_dags/example_display_name.py
[2026-03-16T16:18:10.510+0000] {processor.py:830} INFO - Processing file /home/airflow/.local/lib/python3.12/site-packages/airflow/example_dags/example_display_name.py for tasks to queue
[2026-03-16T16:18:10.513+0000] {logging_mixin.py:188} INFO - [2026-03-16T16:18:10.513+0000] {dagbag.py:545} INFO - Filling up the DagBag from /home/airflow/.local/lib/python3.12/site-packages/airflow/example_dags/example_display_name.py
[2026-03-16T16:18:10.522+0000] {processor.py:840} INFO - DAG(s) 'example_display_name' retrieved from /home/airflow/.local/lib/python3.12/site-packages/airflow/example_dags/example_display_name.py
[2026-03-16T16:18:10.565+0000] {logging_mixin.py:188} INFO - [2026-03-16T16:18:10.564+0000] {dag.py:3096} INFO - Sync 1 DAGs
[2026-03-16T16:18:10.618+0000] {logging_mixin.py:188} INFO - [2026-03-16T16:18:10.618+0000] {dag.py:3954} INFO - Setting next_dagrun for example_display_name to None, run_after=None
[2026-03-16T16:18:10.669+0000] {processor.py:183} INFO - Processing /home/airflow/.local/lib/python3.12/site-packages/airflow/example_dags/example_display_name.py took 0.170 seconds
[2026-03-16T16:18:40.997+0000] {processor.py:161} INFO - Started process (PID=2287) to work on /home/airflow/.local/lib/python3.12/site-packages/airflow/example_dags/example_display_name.py
[2026-03-16T16:18:40.998+0000] {processor.py:830} INFO - Processing file /home/airflow/.local/lib/python3.12/site-packages/airflow/example_dags/example_display_name.py for tasks to queue
[2026-03-16T16:18:41.001+0000] {logging_mixin.py:188} INFO - [2026-03-16T16:18:41.000+0000] {dagbag.py:545} INFO - Filling up the DagBag from /home/airflow/.local/lib/python3.12/site-packages/airflow/example_dags/example_display_name.py
[2026-03-16T16:18:41.009+0000] {processor.py:840} INFO - DAG(s) 'example_display_name' retrieved from /home/airflow/.local/lib/python3.12/site-packages/airflow/example_dags/example_display_name.py
[2026-03-16T16:18:41.041+0000] {logging_mixin.py:188} INFO - [2026-03-16T16:18:41.041+0000] {dag.py:3096} INFO - Sync 1 DAGs
[2026-03-16T16:18:41.098+0000] {logging_mixin.py:188} INFO - [2026-03-16T16:18:41.098+0000] {dag.py:3954} INFO - Setting next_dagrun for example_display_name to None, run_after=None
[2026-03-16T16:18:41.215+0000] {processor.py:183} INFO - Processing /home/airflow/.local/lib/python3.12/site-packages/airflow/example_dags/example_display_name.py took 0.227 seconds
[2026-03-16T16:19:12.112+0000] {processor.py:161} INFO - Started process (PID=2344) to work on /home/airflow/.local/lib/python3.12/site-packages/airflow/example_dags/example_display_name.py
[2026-03-16T16:19:12.114+0000] {processor.py:830} INFO - Processing file /home/airflow/.local/lib/python3.12/site-packages/airflow/example_dags/example_display_name.py for tasks to queue
[2026-03-16T16:19:12.121+0000] {logging_mixin.py:188} INFO - [2026-03-16T16:19:12.120+0000] {dagbag.py:545} INFO - Filling up the DagBag from /home/airflow/.local/lib/python3.12/site-packages/airflow/example_dags/example_display_name.py
[2026-03-16T16:19:12.129+0000] {processor.py:840} INFO - DAG(s) 'example_display_name' retrieved from /home/airflow/.local/lib/python3.12/site-packages/airflow/example_dags/example_display_name.py
[2026-03-16T16:19:12.164+0000] {logging_mixin.py:188} INFO - [2026-03-16T16:19:12.163+0000] {dag.py:3096} INFO - Sync 1 DAGs
[2026-03-16T16:19:12.181+0000] {logging_mixin.py:188} INFO - [2026-03-16T16:19:12.181+0000] {dag.py:3954} INFO - Setting next_dagrun for example_display_name to None, run_after=None
[2026-03-16T16:19:12.212+0000] {processor.py:183} INFO - Processing /home/airflow/.local/lib/python3.12/site-packages/airflow/example_dags/example_display_name.py took 0.123 seconds
[2026-03-16T16:19:42.936+0000] {processor.py:161} INFO - Started process (PID=2403) to work on /home/airflow/.local/lib/python3.12/site-packages/airflow/example_dags/example_display_name.py
[2026-03-16T16:19:42.938+0000] {processor.py:830} INFO - Processing file /home/airflow/.local/lib/python3.12/site-packages/airflow/example_dags/example_display_name.py for tasks to queue
[2026-03-16T16:19:42.941+0000] {logging_mixin.py:188} INFO - [2026-03-16T16:19:42.940+0000] {dagbag.py:545} INFO - Filling up the DagBag from /home/airflow/.local/lib/python3.12/site-packages/airflow/example_dags/example_display_name.py
[2026-03-16T16:19:42.947+0000] {processor.py:840} INFO - DAG(s) 'example_display_name' retrieved from /home/airflow/.local/lib/python3.12/site-packages/airflow/example_dags/example_display_name.py
[2026-03-16T16:19:42.983+0000] {logging_mixin.py:188} INFO - [2026-03-16T16:19:42.983+0000] {dag.py:3096} INFO - Sync 1 DAGs
[2026-03-16T16:19:42.999+0000] {logging_mixin.py:188} INFO - [2026-03-16T16:19:42.998+0000] {dag.py:3954} INFO - Setting next_dagrun for example_display_name to None, run_after=None
[2026-03-16T16:19:43.039+0000] {processor.py:183} INFO - Processing /home/airflow/.local/lib/python3.12/site-packages/airflow/example_dags/example_display_name.py took 0.110 seconds
[2026-03-16T16:20:13.923+0000] {processor.py:161} INFO - Started process (PID=2462) to work on /home/airflow/.local/lib/python3.12/site-packages/airflow/example_dags/example_display_name.py
[2026-03-16T16:20:13.925+0000] {processor.py:830} INFO - Processing file /home/airflow/.local/lib/python3.12/site-packages/airflow/example_dags/example_display_name.py for tasks to queue
[2026-03-16T16:20:13.927+0000] {logging_mixin.py:188} INFO - [2026-03-16T16:20:13.927+0000] {dagbag.py:545} INFO - Filling up the DagBag from /home/airflow/.local/lib/python3.12/site-packages/airflow/example_dags/example_display_name.py
[2026-03-16T16:20:13.936+0000] {processor.py:840} INFO - DAG(s) 'example_display_name' retrieved from /home/airflow/.local/lib/python3.12/site-packages/airflow/example_dags/example_display_name.py
[2026-03-16T16:20:13.958+0000] {logging_mixin.py:188} INFO - [2026-03-16T16:20:13.957+0000] {dag.py:3096} INFO - Sync 1 DAGs
[2026-03-16T16:20:13.973+0000] {logging_mixin.py:188} INFO - [2026-03-16T16:20:13.972+0000] {dag.py:3954} INFO - Setting next_dagrun for example_display_name to None, run_after=None
[2026-03-16T16:20:14.001+0000] {processor.py:183} INFO - Processing /home/airflow/.local/lib/python3.12/site-packages/airflow/example_dags/example_display_name.py took 0.086 seconds
[2026-03-16T16:20:44.850+0000] {processor.py:161} INFO - Started process (PID=2522) to work on /home/airflow/.local/lib/python3.12/site-packages/airflow/example_dags/example_display_name.py
[2026-03-16T16:20:44.851+0000] {processor.py:830} INFO - Processing file /home/airflow/.local/lib/python3.12/site-packages/airflow/example_dags/example_display_name.py for tasks to queue
[2026-03-16T16:20:44.854+0000] {logging_mixin.py:188} INFO - [2026-03-16T16:20:44.854+0000] {dagbag.py:545} INFO - Filling up the DagBag from /home/airflow/.local/lib/python3.12/site-packages/airflow/example_dags/example_display_name.py
[2026-03-16T16:20:44.863+0000] {processor.py:840} INFO - DAG(s) 'example_display_name' retrieved from /home/airflow/.local/lib/python3.12/site-packages/airflow/example_dags/example_display_name.py
[2026-03-16T16:20:44.889+0000] {logging_mixin.py:188} INFO - [2026-03-16T16:20:44.889+0000] {dag.py:3096} INFO - Sync 1 DAGs
[2026-03-16T16:20:44.908+0000] {logging_mixin.py:188} INFO - [2026-03-16T16:20:44.907+0000] {dag.py:3954} INFO - Setting next_dagrun for example_display_name to None, run_after=None
[2026-03-16T16:20:44.945+0000] {processor.py:183} INFO - Processing /home/airflow/.local/lib/python3.12/site-packages/airflow/example_dags/example_display_name.py took 0.102 seconds
[2026-03-16T16:21:15.975+0000] {processor.py:161} INFO - Started process (PID=2581) to work on /home/airflow/.local/lib/python3.12/site-packages/airflow/example_dags/example_display_name.py
[2026-03-16T16:21:15.977+0000] {processor.py:830} INFO - Processing file /home/airflow/.local/lib/python3.12/site-packages/airflow/example_dags/example_display_name.py for tasks to queue
[2026-03-16T16:21:15.979+0000] {logging_mixin.py:188} INFO - [2026-03-16T16:21:15.979+0000] {dagbag.py:545} INFO - Filling up the DagBag from /home/airflow/.local/lib/python3.12/site-packages/airflow/example_dags/example_display_name.py
[2026-03-16T16:21:15.988+0000] {processor.py:840} INFO - DAG(s) 'example_display_name' retrieved from /home/airflow/.local/lib/python3.12/site-packages/airflow/example_dags/example_display_name.py
[2026-03-16T16:21:16.016+0000] {logging_mixin.py:188} INFO - [2026-03-16T16:21:16.016+0000] {dag.py:3096} INFO - Sync 1 DAGs
[2026-03-16T16:21:16.034+0000] {logging_mixin.py:188} INFO - [2026-03-16T16:21:16.034+0000] {dag.py:3954} INFO - Setting next_dagrun for example_display_name to None, run_after=None
[2026-03-16T16:21:16.064+0000] {processor.py:183} INFO - Processing /home/airflow/.local/lib/python3.12/site-packages/airflow/example_dags/example_display_name.py took 0.095 seconds
[2026-03-16T16:21:46.162+0000] {processor.py:161} INFO - Started process (PID=2640) to work on /home/airflow/.local/lib/python3.12/site-packages/airflow/example_dags/example_display_name.py
[2026-03-16T16:21:46.164+0000] {processor.py:830} INFO - Processing file /home/airflow/.local/lib/python3.12/site-packages/airflow/example_dags/example_display_name.py for tasks to queue
[2026-03-16T16:21:46.167+0000] {logging_mixin.py:188} INFO - [2026-03-16T16:21:46.167+0000] {dagbag.py:545} INFO - Filling up the DagBag from /home/airflow/.local/lib/python3.12/site-packages/airflow/example_dags/example_display_name.py
[2026-03-16T16:21:46.177+0000] {processor.py:840} INFO - DAG(s) 'example_display_name' retrieved from /home/airflow/.local/lib/python3.12/site-packages/airflow/example_dags/example_display_name.py
[2026-03-16T16:21:46.208+0000] {logging_mixin.py:188} INFO - [2026-03-16T16:21:46.208+0000] {dag.py:3096} INFO - Sync 1 DAGs
[2026-03-16T16:21:46.226+0000] {logging_mixin.py:188} INFO - [2026-03-16T16:21:46.226+0000] {dag.py:3954} INFO - Setting next_dagrun for example_display_name to None, run_after=None
[2026-03-16T16:21:46.256+0000] {processor.py:183} INFO - Processing /home/airflow/.local/lib/python3.12/site-packages/airflow/example_dags/example_display_name.py took 0.101 seconds
[2026-03-16T16:22:16.312+0000] {processor.py:161} INFO - Started process (PID=2697) to work on /home/airflow/.local/lib/python3.12/site-packages/airflow/example_dags/example_display_name.py
[2026-03-16T16:22:16.314+0000] {processor.py:830} INFO - Processing file /home/airflow/.local/lib/python3.12/site-packages/airflow/example_dags/example_display_name.py for tasks to queue
[2026-03-16T16:22:16.316+0000] {logging_mixin.py:188} INFO - [2026-03-16T16:22:16.316+0000] {dagbag.py:545} INFO - Filling up the DagBag from /home/airflow/.local/lib/python3.12/site-packages/airflow/example_dags/example_display_name.py
[2026-03-16T16:22:16.324+0000] {processor.py:840} INFO - DAG(s) 'example_display_name' retrieved from /home/airflow/.local/lib/python3.12/site-packages/airflow/example_dags/example_display_name.py
[2026-03-16T16:22:16.346+0000] {logging_mixin.py:188} INFO - [2026-03-16T16:22:16.346+0000] {dag.py:3096} INFO - Sync 1 DAGs
[2026-03-16T16:22:16.360+0000] {logging_mixin.py:188} INFO - [2026-03-16T16:22:16.360+0000] {dag.py:3954} INFO - Setting next_dagrun for example_display_name to None, run_after=None
[2026-03-16T16:22:16.385+0000] {processor.py:183} INFO - Processing /home/airflow/.local/lib/python3.12/site-packages/airflow/example_dags/example_display_name.py took 0.080 seconds
[2026-03-16T16:22:46.912+0000] {processor.py:161} INFO - Started process (PID=2757) to work on /home/airflow/.local/lib/python3.12/site-packages/airflow/example_dags/example_display_name.py
[2026-03-16T16:22:46.913+0000] {processor.py:830} INFO - Processing file /home/airflow/.local/lib/python3.12/site-packages/airflow/example_dags/example_display_name.py for tasks to queue
[2026-03-16T16:22:46.915+0000] {logging_mixin.py:188} INFO - [2026-03-16T16:22:46.915+0000] {dagbag.py:545} INFO - Filling up the DagBag from /home/airflow/.local/lib/python3.12/site-packages/airflow/example_dags/example_display_name.py
[2026-03-16T16:22:46.928+0000] {processor.py:840} INFO - DAG(s) 'example_display_name' retrieved from /home/airflow/.local/lib/python3.12/site-packages/airflow/example_dags/example_display_name.py
[2026-03-16T16:22:46.962+0000] {logging_mixin.py:188} INFO - [2026-03-16T16:22:46.962+0000] {dag.py:3096} INFO - Sync 1 DAGs
[2026-03-16T16:22:46.985+0000] {logging_mixin.py:188} INFO - [2026-03-16T16:22:46.984+0000] {dag.py:3954} INFO - Setting next_dagrun for example_display_name to None, run_after=None
[2026-03-16T16:22:47.016+0000] {processor.py:183} INFO - Processing /home/airflow/.local/lib/python3.12/site-packages/airflow/example_dags/example_display_name.py took 0.115 seconds
[2026-03-16T16:23:17.599+0000] {processor.py:161} INFO - Started process (PID=2816) to work on /home/airflow/.local/lib/python3.12/site-packages/airflow/example_dags/example_display_name.py
[2026-03-16T16:23:17.600+0000] {processor.py:830} INFO - Processing file /home/airflow/.local/lib/python3.12/site-packages/airflow/example_dags/example_display_name.py for tasks to queue
[2026-03-16T16:23:17.602+0000] {logging_mixin.py:188} INFO - [2026-03-16T16:23:17.602+0000] {dagbag.py:545} INFO - Filling up the DagBag from /home/airflow/.local/lib/python3.12/site-packages/airflow/example_dags/example_display_name.py
[2026-03-16T16:23:17.611+0000] {processor.py:840} INFO - DAG(s) 'example_display_name' retrieved from /home/airflow/.local/lib/python3.12/site-packages/airflow/example_dags/example_display_name.py
[2026-03-16T16:23:17.638+0000] {logging_mixin.py:188} INFO - [2026-03-16T16:23:17.638+0000] {dag.py:3096} INFO - Sync 1 DAGs
[2026-03-16T16:23:17.655+0000] {logging_mixin.py:188} INFO - [2026-03-16T16:23:17.655+0000] {dag.py:3954} INFO - Setting next_dagrun for example_display_name to None, run_after=None
[2026-03-16T16:23:17.686+0000] {processor.py:183} INFO - Processing /home/airflow/.local/lib/python3.12/site-packages/airflow/example_dags/example_display_name.py took 0.094 seconds
[2026-03-16T16:23:48.322+0000] {processor.py:161} INFO - Started process (PID=2875) to work on /home/airflow/.local/lib/python3.12/site-packages/airflow/example_dags/example_display_name.py
[2026-03-16T16:23:48.323+0000] {processor.py:830} INFO - Processing file /home/airflow/.local/lib/python3.12/site-packages/airflow/example_dags/example_display_name.py for tasks to queue
[2026-03-16T16:23:48.325+0000] {logging_mixin.py:188} INFO - [2026-03-16T16:23:48.325+0000] {dagbag.py:545} INFO - Filling up the DagBag from /home/airflow/.local/lib/python3.12/site-packages/airflow/example_dags/example_display_name.py
[2026-03-16T16:23:48.332+0000] {processor.py:840} INFO - DAG(s) 'example_display_name' retrieved from /home/airflow/.local/lib/python3.12/site-packages/airflow/example_dags/example_display_name.py
[2026-03-16T16:23:48.355+0000] {logging_mixin.py:188} INFO - [2026-03-16T16:23:48.355+0000] {dag.py:3096} INFO - Sync 1 DAGs
[2026-03-16T16:23:48.370+0000] {logging_mixin.py:188} INFO - [2026-03-16T16:23:48.370+0000] {dag.py:3954} INFO - Setting next_dagrun for example_display_name to None, run_after=None
[2026-03-16T16:23:48.405+0000] {processor.py:183} INFO - Processing /home/airflow/.local/lib/python3.12/site-packages/airflow/example_dags/example_display_name.py took 0.090 seconds
[2026-03-16T16:24:18.879+0000] {processor.py:161} INFO - Started process (PID=2934) to work on /home/airflow/.local/lib/python3.12/site-packages/airflow/example_dags/example_display_name.py
[2026-03-16T16:24:18.888+0000] {processor.py:830} INFO - Processing file /home/airflow/.local/lib/python3.12/site-packages/airflow/example_dags/example_display_name.py for tasks to queue
[2026-03-16T16:24:18.911+0000] {logging_mixin.py:188} INFO - [2026-03-16T16:24:18.910+0000] {dagbag.py:545} INFO - Filling up the DagBag from /home/airflow/.local/lib/python3.12/site-packages/airflow/example_dags/example_display_name.py
[2026-03-16T16:24:18.986+0000] {processor.py:840} INFO - DAG(s) 'example_display_name' retrieved from /home/airflow/.local/lib/python3.12/site-packages/airflow/example_dags/example_display_name.py
[2026-03-16T16:24:19.042+0000] {logging_mixin.py:188} INFO - [2026-03-16T16:24:19.041+0000] {dag.py:3096} INFO - Sync 1 DAGs
[2026-03-16T16:24:19.070+0000] {logging_mixin.py:188} INFO - [2026-03-16T16:24:19.069+0000] {dag.py:3954} INFO - Setting next_dagrun for example_display_name to None, run_after=None
[2026-03-16T16:24:19.126+0000] {processor.py:183} INFO - Processing /home/airflow/.local/lib/python3.12/site-packages/airflow/example_dags/example_display_name.py took 0.305 seconds
[2026-03-16T16:24:49.918+0000] {processor.py:161} INFO - Started process (PID=2993) to work on /home/airflow/.local/lib/python3.12/site-packages/airflow/example_dags/example_display_name.py
[2026-03-16T16:24:49.920+0000] {processor.py:830} INFO - Processing file /home/airflow/.local/lib/python3.12/site-packages/airflow/example_dags/example_display_name.py for tasks to queue
[2026-03-16T16:24:49.922+0000] {logging_mixin.py:188} INFO - [2026-03-16T16:24:49.922+0000] {dagbag.py:545} INFO - Filling up the DagBag from /home/airflow/.local/lib/python3.12/site-packages/airflow/example_dags/example_display_name.py
[2026-03-16T16:24:49.929+0000] {processor.py:840} INFO - DAG(s) 'example_display_name' retrieved from /home/airflow/.local/lib/python3.12/site-packages/airflow/example_dags/example_display_name.py
[2026-03-16T16:24:49.954+0000] {logging_mixin.py:188} INFO - [2026-03-16T16:24:49.953+0000] {dag.py:3096} INFO - Sync 1 DAGs
[2026-03-16T16:24:49.989+0000] {logging_mixin.py:188} INFO - [2026-03-16T16:24:49.988+0000] {dag.py:3954} INFO - Setting next_dagrun for example_display_name to None, run_after=None
[2026-03-16T16:24:50.036+0000] {processor.py:183} INFO - Processing /home/airflow/.local/lib/python3.12/site-packages/airflow/example_dags/example_display_name.py took 0.127 seconds
[2026-03-16T16:25:20.183+0000] {processor.py:161} INFO - Started process (PID=3052) to work on /home/airflow/.local/lib/python3.12/site-packages/airflow/example_dags/example_display_name.py
[2026-03-16T16:25:20.184+0000] {processor.py:830} INFO - Processing file /home/airflow/.local/lib/python3.12/site-packages/airflow/example_dags/example_display_name.py for tasks to queue
[2026-03-16T16:25:20.188+0000] {logging_mixin.py:188} INFO - [2026-03-16T16:25:20.187+0000] {dagbag.py:545} INFO - Filling up the DagBag from /home/airflow/.local/lib/python3.12/site-packages/airflow/example_dags/example_display_name.py
[2026-03-16T16:25:20.202+0000] {processor.py:840} INFO - DAG(s) 'example_display_name' retrieved from /home/airflow/.local/lib/python3.12/site-packages/airflow/example_dags/example_display_name.py
[2026-03-16T16:25:20.248+0000] {logging_mixin.py:188} INFO - [2026-03-16T16:25:20.247+0000] {dag.py:3096} INFO - Sync 1 DAGs
[2026-03-16T16:25:20.275+0000] {logging_mixin.py:188} INFO - [2026-03-16T16:25:20.270+0000] {dag.py:3954} INFO - Setting next_dagrun for example_display_name to None, run_after=None
[2026-03-16T16:25:20.342+0000] {processor.py:183} INFO - Processing /home/airflow/.local/lib/python3.12/site-packages/airflow/example_dags/example_display_name.py took 0.172 seconds
[2026-03-16T16:25:50.563+0000] {processor.py:161} INFO - Started process (PID=3111) to work on /home/airflow/.local/lib/python3.12/site-packages/airflow/example_dags/example_display_name.py
[2026-03-16T16:25:50.565+0000] {processor.py:830} INFO - Processing file /home/airflow/.local/lib/python3.12/site-packages/airflow/example_dags/example_display_name.py for tasks to queue
[2026-03-16T16:25:50.567+0000] {logging_mixin.py:188} INFO - [2026-03-16T16:25:50.567+0000] {dagbag.py:545} INFO - Filling up the DagBag from /home/airflow/.local/lib/python3.12/site-packages/airflow/example_dags/example_display_name.py
[2026-03-16T16:25:50.577+0000] {processor.py:840} INFO - DAG(s) 'example_display_name' retrieved from /home/airflow/.local/lib/python3.12/site-packages/airflow/example_dags/example_display_name.py
[2026-03-16T16:25:50.608+0000] {logging_mixin.py:188} INFO - [2026-03-16T16:25:50.607+0000] {dag.py:3096} INFO - Sync 1 DAGs
[2026-03-16T16:25:50.627+0000] {logging_mixin.py:188} INFO - [2026-03-16T16:25:50.627+0000] {dag.py:3954} INFO - Setting next_dagrun for example_display_name to None, run_after=None
[2026-03-16T16:25:50.711+0000] {processor.py:183} INFO - Processing /home/airflow/.local/lib/python3.12/site-packages/airflow/example_dags/example_display_name.py took 0.158 seconds
[2026-03-16T16:26:20.842+0000] {processor.py:161} INFO - Started process (PID=3170) to work on /home/airflow/.local/lib/python3.12/site-packages/airflow/example_dags/example_display_name.py
[2026-03-16T16:26:20.844+0000] {processor.py:830} INFO - Processing file /home/airflow/.local/lib/python3.12/site-packages/airflow/example_dags/example_display_name.py for tasks to queue
[2026-03-16T16:26:20.847+0000] {logging_mixin.py:188} INFO - [2026-03-16T16:26:20.847+0000] {dagbag.py:545} INFO - Filling up the DagBag from /home/airflow/.local/lib/python3.12/site-packages/airflow/example_dags/example_display_name.py
[2026-03-16T16:26:20.854+0000] {processor.py:840} INFO - DAG(s) 'example_display_name' retrieved from /home/airflow/.local/lib/python3.12/site-packages/airflow/example_dags/example_display_name.py
[2026-03-16T16:26:20.885+0000] {logging_mixin.py:188} INFO - [2026-03-16T16:26:20.885+0000] {dag.py:3096} INFO - Sync 1 DAGs
[2026-03-16T16:26:20.906+0000] {logging_mixin.py:188} INFO - [2026-03-16T16:26:20.906+0000] {dag.py:3954} INFO - Setting next_dagrun for example_display_name to None, run_after=None
[2026-03-16T16:26:20.963+0000] {processor.py:183} INFO - Processing /home/airflow/.local/lib/python3.12/site-packages/airflow/example_dags/example_display_name.py took 0.131 seconds
[2026-03-16T16:26:51.202+0000] {processor.py:161} INFO - Started process (PID=3229) to work on /home/airflow/.local/lib/python3.12/site-packages/airflow/example_dags/example_display_name.py
[2026-03-16T16:26:51.203+0000] {processor.py:830} INFO - Processing file /home/airflow/.local/lib/python3.12/site-packages/airflow/example_dags/example_display_name.py for tasks to queue
[2026-03-16T16:26:51.206+0000] {logging_mixin.py:188} INFO - [2026-03-16T16:26:51.205+0000] {dagbag.py:545} INFO - Filling up the DagBag from /home/airflow/.local/lib/python3.12/site-packages/airflow/example_dags/example_display_name.py
[2026-03-16T16:26:51.213+0000] {processor.py:840} INFO - DAG(s) 'example_display_name' retrieved from /home/airflow/.local/lib/python3.12/site-packages/airflow/example_dags/example_display_name.py
[2026-03-16T16:26:51.239+0000] {logging_mixin.py:188} INFO - [2026-03-16T16:26:51.238+0000] {dag.py:3096} INFO - Sync 1 DAGs
[2026-03-16T16:26:51.257+0000] {logging_mixin.py:188} INFO - [2026-03-16T16:26:51.257+0000] {dag.py:3954} INFO - Setting next_dagrun for example_display_name to None, run_after=None
[2026-03-16T16:26:51.330+0000] {processor.py:183} INFO - Processing /home/airflow/.local/lib/python3.12/site-packages/airflow/example_dags/example_display_name.py took 0.136 seconds
[2026-03-16T16:27:21.977+0000] {processor.py:161} INFO - Started process (PID=3288) to work on /home/airflow/.local/lib/python3.12/site-packages/airflow/example_dags/example_display_name.py
[2026-03-16T16:27:21.978+0000] {processor.py:830} INFO - Processing file /home/airflow/.local/lib/python3.12/site-packages/airflow/example_dags/example_display_name.py for tasks to queue
[2026-03-16T16:27:21.981+0000] {logging_mixin.py:188} INFO - [2026-03-16T16:27:21.981+0000] {dagbag.py:545} INFO - Filling up the DagBag from /home/airflow/.local/lib/python3.12/site-packages/airflow/example_dags/example_display_name.py
[2026-03-16T16:27:21.992+0000] {processor.py:840} INFO - DAG(s) 'example_display_name' retrieved from /home/airflow/.local/lib/python3.12/site-packages/airflow/example_dags/example_display_name.py
[2026-03-16T16:27:22.022+0000] {logging_mixin.py:188} INFO - [2026-03-16T16:27:22.021+0000] {dag.py:3096} INFO - Sync 1 DAGs
[2026-03-16T16:27:22.039+0000] {logging_mixin.py:188} INFO - [2026-03-16T16:27:22.039+0000] {dag.py:3954} INFO - Setting next_dagrun for example_display_name to None, run_after=None
[2026-03-16T16:27:22.105+0000] {processor.py:183} INFO - Processing /home/airflow/.local/lib/python3.12/site-packages/airflow/example_dags/example_display_name.py took 0.135 seconds
[2026-03-16T16:27:52.568+0000] {processor.py:161} INFO - Started process (PID=3348) to work on /home/airflow/.local/lib/python3.12/site-packages/airflow/example_dags/example_display_name.py
[2026-03-16T16:27:52.570+0000] {processor.py:830} INFO - Processing file /home/airflow/.local/lib/python3.12/site-packages/airflow/example_dags/example_display_name.py for tasks to queue
[2026-03-16T16:27:52.573+0000] {logging_mixin.py:188} INFO - [2026-03-16T16:27:52.572+0000] {dagbag.py:545} INFO - Filling up the DagBag from /home/airflow/.local/lib/python3.12/site-packages/airflow/example_dags/example_display_name.py
[2026-03-16T16:27:52.581+0000] {processor.py:840} INFO - DAG(s) 'example_display_name' retrieved from /home/airflow/.local/lib/python3.12/site-packages/airflow/example_dags/example_display_name.py
[2026-03-16T16:27:52.609+0000] {logging_mixin.py:188} INFO - [2026-03-16T16:27:52.608+0000] {dag.py:3096} INFO - Sync 1 DAGs
[2026-03-16T16:27:52.640+0000] {logging_mixin.py:188} INFO - [2026-03-16T16:27:52.640+0000] {dag.py:3954} INFO - Setting next_dagrun for example_display_name to None, run_after=None
[2026-03-16T16:27:52.694+0000] {processor.py:183} INFO - Processing /home/airflow/.local/lib/python3.12/site-packages/airflow/example_dags/example_display_name.py took 0.135 seconds
[2026-03-16T16:28:31.152+0000] {processor.py:161} INFO - Started process (PID=3407) to work on /home/airflow/.local/lib/python3.12/site-packages/airflow/example_dags/example_display_name.py
[2026-03-16T16:28:31.172+0000] {processor.py:830} INFO - Processing file /home/airflow/.local/lib/python3.12/site-packages/airflow/example_dags/example_display_name.py for tasks to queue
[2026-03-16T16:28:31.222+0000] {logging_mixin.py:188} INFO - [2026-03-16T16:28:31.221+0000] {dagbag.py:545} INFO - Filling up the DagBag from /home/airflow/.local/lib/python3.12/site-packages/airflow/example_dags/example_display_name.py
[2026-03-16T16:28:31.274+0000] {processor.py:840} INFO - DAG(s) 'example_display_name' retrieved from /home/airflow/.local/lib/python3.12/site-packages/airflow/example_dags/example_display_name.py
[2026-03-16T16:28:31.384+0000] {logging_mixin.py:188} INFO - [2026-03-16T16:28:31.384+0000] {dag.py:3096} INFO - Sync 1 DAGs
[2026-03-16T16:28:31.469+0000] {logging_mixin.py:188} INFO - [2026-03-16T16:28:31.469+0000] {dag.py:3954} INFO - Setting next_dagrun for example_display_name to None, run_after=None
[2026-03-16T16:28:31.543+0000] {processor.py:183} INFO - Processing /home/airflow/.local/lib/python3.12/site-packages/airflow/example_dags/example_display_name.py took 0.435 seconds
[2026-03-16T16:29:02.494+0000] {processor.py:161} INFO - Started process (PID=3466) to work on /home/airflow/.local/lib/python3.12/site-packages/airflow/example_dags/example_display_name.py
[2026-03-16T16:29:02.496+0000] {processor.py:830} INFO - Processing file /home/airflow/.local/lib/python3.12/site-packages/airflow/example_dags/example_display_name.py for tasks to queue
[2026-03-16T16:29:02.499+0000] {logging_mixin.py:188} INFO - [2026-03-16T16:29:02.499+0000] {dagbag.py:545} INFO - Filling up the DagBag from /home/airflow/.local/lib/python3.12/site-packages/airflow/example_dags/example_display_name.py
[2026-03-16T16:29:02.508+0000] {processor.py:840} INFO - DAG(s) 'example_display_name' retrieved from /home/airflow/.local/lib/python3.12/site-packages/airflow/example_dags/example_display_name.py
[2026-03-16T16:29:02.539+0000] {logging_mixin.py:188} INFO - [2026-03-16T16:29:02.538+0000] {dag.py:3096} INFO - Sync 1 DAGs
[2026-03-16T16:29:02.566+0000] {logging_mixin.py:188} INFO - [2026-03-16T16:29:02.566+0000] {dag.py:3954} INFO - Setting next_dagrun for example_display_name to None, run_after=None
[2026-03-16T16:29:02.626+0000] {processor.py:183} INFO - Processing /home/airflow/.local/lib/python3.12/site-packages/airflow/example_dags/example_display_name.py took 0.142 seconds
[2026-03-16T16:29:33.170+0000] {processor.py:161} INFO - Started process (PID=3525) to work on /home/airflow/.local/lib/python3.12/site-packages/airflow/example_dags/example_display_name.py
[2026-03-16T16:29:33.171+0000] {processor.py:830} INFO - Processing file /home/airflow/.local/lib/python3.12/site-packages/airflow/example_dags/example_display_name.py for tasks to queue
[2026-03-16T16:29:33.175+0000] {logging_mixin.py:188} INFO - [2026-03-16T16:29:33.174+0000] {dagbag.py:545} INFO - Filling up the DagBag from /home/airflow/.local/lib/python3.12/site-packages/airflow/example_dags/example_display_name.py
[2026-03-16T16:29:33.182+0000] {processor.py:840} INFO - DAG(s) 'example_display_name' retrieved from /home/airflow/.local/lib/python3.12/site-packages/airflow/example_dags/example_display_name.py
[2026-03-16T16:29:33.212+0000] {logging_mixin.py:188} INFO - [2026-03-16T16:29:33.211+0000] {dag.py:3096} INFO - Sync 1 DAGs
[2026-03-16T16:29:33.230+0000] {logging_mixin.py:188} INFO - [2026-03-16T16:29:33.230+0000] {dag.py:3954} INFO - Setting next_dagrun for example_display_name to None, run_after=None
[2026-03-16T16:29:33.292+0000] {processor.py:183} INFO - Processing /home/airflow/.local/lib/python3.12/site-packages/airflow/example_dags/example_display_name.py took 0.131 seconds
[2026-03-16T16:30:03.578+0000] {processor.py:161} INFO - Started process (PID=3585) to work on /home/airflow/.local/lib/python3.12/site-packages/airflow/example_dags/example_display_name.py
[2026-03-16T16:30:03.579+0000] {processor.py:830} INFO - Processing file /home/airflow/.local/lib/python3.12/site-packages/airflow/example_dags/example_display_name.py for tasks to queue
[2026-03-16T16:30:03.586+0000] {logging_mixin.py:188} INFO - [2026-03-16T16:30:03.585+0000] {dagbag.py:545} INFO - Filling up the DagBag from /home/airflow/.local/lib/python3.12/site-packages/airflow/example_dags/example_display_name.py
[2026-03-16T16:30:03.595+0000] {processor.py:840} INFO - DAG(s) 'example_display_name' retrieved from /home/airflow/.local/lib/python3.12/site-packages/airflow/example_dags/example_display_name.py
[2026-03-16T16:30:03.635+0000] {logging_mixin.py:188} INFO - [2026-03-16T16:30:03.635+0000] {dag.py:3096} INFO - Sync 1 DAGs
[2026-03-16T16:30:03.668+0000] {logging_mixin.py:188} INFO - [2026-03-16T16:30:03.668+0000] {dag.py:3954} INFO - Setting next_dagrun for example_display_name to None, run_after=None
[2026-03-16T16:30:03.716+0000] {processor.py:183} INFO - Processing /home/airflow/.local/lib/python3.12/site-packages/airflow/example_dags/example_display_name.py took 0.148 seconds
[2026-03-16T16:30:33.924+0000] {processor.py:161} INFO - Started process (PID=3644) to work on /home/airflow/.local/lib/python3.12/site-packages/airflow/example_dags/example_display_name.py
[2026-03-16T16:30:33.925+0000] {processor.py:830} INFO - Processing file /home/airflow/.local/lib/python3.12/site-packages/airflow/example_dags/example_display_name.py for tasks to queue
[2026-03-16T16:30:33.928+0000] {logging_mixin.py:188} INFO - [2026-03-16T16:30:33.928+0000] {dagbag.py:545} INFO - Filling up the DagBag from /home/airflow/.local/lib/python3.12/site-packages/airflow/example_dags/example_display_name.py
[2026-03-16T16:30:33.936+0000] {processor.py:840} INFO - DAG(s) 'example_display_name' retrieved from /home/airflow/.local/lib/python3.12/site-packages/airflow/example_dags/example_display_name.py
[2026-03-16T16:30:33.959+0000] {logging_mixin.py:188} INFO - [2026-03-16T16:30:33.959+0000] {dag.py:3096} INFO - Sync 1 DAGs
[2026-03-16T16:30:33.978+0000] {logging_mixin.py:188} INFO - [2026-03-16T16:30:33.978+0000] {dag.py:3954} INFO - Setting next_dagrun for example_display_name to None, run_after=None
[2026-03-16T16:30:34.009+0000] {processor.py:183} INFO - Processing /home/airflow/.local/lib/python3.12/site-packages/airflow/example_dags/example_display_name.py took 0.094 seconds
[2026-03-16T16:31:04.540+0000] {processor.py:161} INFO - Started process (PID=3703) to work on /home/airflow/.local/lib/python3.12/site-packages/airflow/example_dags/example_display_name.py
[2026-03-16T16:31:04.542+0000] {processor.py:830} INFO - Processing file /home/airflow/.local/lib/python3.12/site-packages/airflow/example_dags/example_display_name.py for tasks to queue
[2026-03-16T16:31:04.545+0000] {logging_mixin.py:188} INFO - [2026-03-16T16:31:04.544+0000] {dagbag.py:545} INFO - Filling up the DagBag from /home/airflow/.local/lib/python3.12/site-packages/airflow/example_dags/example_display_name.py
[2026-03-16T16:31:04.555+0000] {processor.py:840} INFO - DAG(s) 'example_display_name' retrieved from /home/airflow/.local/lib/python3.12/site-packages/airflow/example_dags/example_display_name.py
[2026-03-16T16:31:04.587+0000] {logging_mixin.py:188} INFO - [2026-03-16T16:31:04.586+0000] {dag.py:3096} INFO - Sync 1 DAGs
[2026-03-16T16:31:04.613+0000] {logging_mixin.py:188} INFO - [2026-03-16T16:31:04.612+0000] {dag.py:3954} INFO - Setting next_dagrun for example_display_name to None, run_after=None
[2026-03-16T16:31:04.649+0000] {processor.py:183} INFO - Processing /home/airflow/.local/lib/python3.12/site-packages/airflow/example_dags/example_display_name.py took 0.119 seconds
[2026-03-16T16:31:34.816+0000] {processor.py:161} INFO - Started process (PID=3762) to work on /home/airflow/.local/lib/python3.12/site-packages/airflow/example_dags/example_display_name.py
[2026-03-16T16:31:34.817+0000] {processor.py:830} INFO - Processing file /home/airflow/.local/lib/python3.12/site-packages/airflow/example_dags/example_display_name.py for tasks to queue
[2026-03-16T16:31:34.821+0000] {logging_mixin.py:188} INFO - [2026-03-16T16:31:34.821+0000] {dagbag.py:545} INFO - Filling up the DagBag from /home/airflow/.local/lib/python3.12/site-packages/airflow/example_dags/example_display_name.py
[2026-03-16T16:31:34.830+0000] {processor.py:840} INFO - DAG(s) 'example_display_name' retrieved from /home/airflow/.local/lib/python3.12/site-packages/airflow/example_dags/example_display_name.py
[2026-03-16T16:31:34.858+0000] {logging_mixin.py:188} INFO - [2026-03-16T16:31:34.857+0000] {dag.py:3096} INFO - Sync 1 DAGs
[2026-03-16T16:31:34.878+0000] {logging_mixin.py:188} INFO - [2026-03-16T16:31:34.878+0000] {dag.py:3954} INFO - Setting next_dagrun for example_display_name to None, run_after=None
[2026-03-16T16:31:34.906+0000] {processor.py:183} INFO - Processing /home/airflow/.local/lib/python3.12/site-packages/airflow/example_dags/example_display_name.py took 0.097 seconds
[2026-03-16T16:32:05.589+0000] {processor.py:161} INFO - Started process (PID=3820) to work on /home/airflow/.local/lib/python3.12/site-packages/airflow/example_dags/example_display_name.py
[2026-03-16T16:32:05.590+0000] {processor.py:830} INFO - Processing file /home/airflow/.local/lib/python3.12/site-packages/airflow/example_dags/example_display_name.py for tasks to queue
[2026-03-16T16:32:05.592+0000] {logging_mixin.py:188} INFO - [2026-03-16T16:32:05.592+0000] {dagbag.py:545} INFO - Filling up the DagBag from /home/airflow/.local/lib/python3.12/site-packages/airflow/example_dags/example_display_name.py
[2026-03-16T16:32:05.599+0000] {processor.py:840} INFO - DAG(s) 'example_display_name' retrieved from /home/airflow/.local/lib/python3.12/site-packages/airflow/example_dags/example_display_name.py
[2026-03-16T16:32:05.621+0000] {logging_mixin.py:188} INFO - [2026-03-16T16:32:05.621+0000] {dag.py:3096} INFO - Sync 1 DAGs
[2026-03-16T16:32:05.635+0000] {logging_mixin.py:188} INFO - [2026-03-16T16:32:05.635+0000] {dag.py:3954} INFO - Setting next_dagrun for example_display_name to None, run_after=None
[2026-03-16T16:32:05.662+0000] {processor.py:183} INFO - Processing /home/airflow/.local/lib/python3.12/site-packages/airflow/example_dags/example_display_name.py took 0.080 seconds
[2026-03-16T16:32:35.828+0000] {processor.py:161} INFO - Started process (PID=3879) to work on /home/airflow/.local/lib/python3.12/site-packages/airflow/example_dags/example_display_name.py
[2026-03-16T16:32:35.829+0000] {processor.py:830} INFO - Processing file /home/airflow/.local/lib/python3.12/site-packages/airflow/example_dags/example_display_name.py for tasks to queue
[2026-03-16T16:32:35.832+0000] {logging_mixin.py:188} INFO - [2026-03-16T16:32:35.832+0000] {dagbag.py:545} INFO - Filling up the DagBag from /home/airflow/.local/lib/python3.12/site-packages/airflow/example_dags/example_display_name.py
[2026-03-16T16:32:35.841+0000] {processor.py:840} INFO - DAG(s) 'example_display_name' retrieved from /home/airflow/.local/lib/python3.12/site-packages/airflow/example_dags/example_display_name.py
[2026-03-16T16:32:35.864+0000] {logging_mixin.py:188} INFO - [2026-03-16T16:32:35.864+0000] {dag.py:3096} INFO - Sync 1 DAGs
[2026-03-16T16:32:35.884+0000] {logging_mixin.py:188} INFO - [2026-03-16T16:32:35.884+0000] {dag.py:3954} INFO - Setting next_dagrun for example_display_name to None, run_after=None
[2026-03-16T16:32:35.917+0000] {processor.py:183} INFO - Processing /home/airflow/.local/lib/python3.12/site-packages/airflow/example_dags/example_display_name.py took 0.098 seconds
[2026-03-16T16:33:06.490+0000] {processor.py:161} INFO - Started process (PID=3938) to work on /home/airflow/.local/lib/python3.12/site-packages/airflow/example_dags/example_display_name.py
[2026-03-16T16:33:06.492+0000] {processor.py:830} INFO - Processing file /home/airflow/.local/lib/python3.12/site-packages/airflow/example_dags/example_display_name.py for tasks to queue
[2026-03-16T16:33:06.496+0000] {logging_mixin.py:188} INFO - [2026-03-16T16:33:06.495+0000] {dagbag.py:545} INFO - Filling up the DagBag from /home/airflow/.local/lib/python3.12/site-packages/airflow/example_dags/example_display_name.py
[2026-03-16T16:33:06.507+0000] {processor.py:840} INFO - DAG(s) 'example_display_name' retrieved from /home/airflow/.local/lib/python3.12/site-packages/airflow/example_dags/example_display_name.py
[2026-03-16T16:33:06.537+0000] {logging_mixin.py:188} INFO - [2026-03-16T16:33:06.537+0000] {dag.py:3096} INFO - Sync 1 DAGs
[2026-03-16T16:33:06.564+0000] {logging_mixin.py:188} INFO - [2026-03-16T16:33:06.564+0000] {dag.py:3954} INFO - Setting next_dagrun for example_display_name to None, run_after=None
[2026-03-16T16:33:06.603+0000] {processor.py:183} INFO - Processing /home/airflow/.local/lib/python3.12/site-packages/airflow/example_dags/example_display_name.py took 0.124 seconds
[2026-03-16T16:33:36.830+0000] {processor.py:161} INFO - Started process (PID=3997) to work on /home/airflow/.local/lib/python3.12/site-packages/airflow/example_dags/example_display_name.py
[2026-03-16T16:33:36.832+0000] {processor.py:830} INFO - Processing file /home/airflow/.local/lib/python3.12/site-packages/airflow/example_dags/example_display_name.py for tasks to queue
[2026-03-16T16:33:36.835+0000] {logging_mixin.py:188} INFO - [2026-03-16T16:33:36.835+0000] {dagbag.py:545} INFO - Filling up the DagBag from /home/airflow/.local/lib/python3.12/site-packages/airflow/example_dags/example_display_name.py
[2026-03-16T16:33:36.844+0000] {processor.py:840} INFO - DAG(s) 'example_display_name' retrieved from /home/airflow/.local/lib/python3.12/site-packages/airflow/example_dags/example_display_name.py
[2026-03-16T16:33:36.869+0000] {logging_mixin.py:188} INFO - [2026-03-16T16:33:36.869+0000] {dag.py:3096} INFO - Sync 1 DAGs
[2026-03-16T16:33:36.889+0000] {logging_mixin.py:188} INFO - [2026-03-16T16:33:36.889+0000] {dag.py:3954} INFO - Setting next_dagrun for example_display_name to None, run_after=None
[2026-03-16T16:33:36.920+0000] {processor.py:183} INFO - Processing /home/airflow/.local/lib/python3.12/site-packages/airflow/example_dags/example_display_name.py took 0.098 seconds
[2026-03-16T16:34:07.477+0000] {processor.py:161} INFO - Started process (PID=4056) to work on /home/airflow/.local/lib/python3.12/site-packages/airflow/example_dags/example_display_name.py
[2026-03-16T16:34:07.479+0000] {processor.py:830} INFO - Processing file /home/airflow/.local/lib/python3.12/site-packages/airflow/example_dags/example_display_name.py for tasks to queue
[2026-03-16T16:34:07.481+0000] {logging_mixin.py:188} INFO - [2026-03-16T16:34:07.481+0000] {dagbag.py:545} INFO - Filling up the DagBag from /home/airflow/.local/lib/python3.12/site-packages/airflow/example_dags/example_display_name.py
[2026-03-16T16:34:07.490+0000] {processor.py:840} INFO - DAG(s) 'example_display_name' retrieved from /home/airflow/.local/lib/python3.12/site-packages/airflow/example_dags/example_display_name.py
[2026-03-16T16:34:07.515+0000] {logging_mixin.py:188} INFO - [2026-03-16T16:34:07.515+0000] {dag.py:3096} INFO - Sync 1 DAGs
[2026-03-16T16:34:07.535+0000] {logging_mixin.py:188} INFO - [2026-03-16T16:34:07.535+0000] {dag.py:3954} INFO - Setting next_dagrun for example_display_name to None, run_after=None
[2026-03-16T16:34:07.567+0000] {processor.py:183} INFO - Processing /home/airflow/.local/lib/python3.12/site-packages/airflow/example_dags/example_display_name.py took 0.097 seconds
[2026-03-16T16:34:38.099+0000] {processor.py:161} INFO - Started process (PID=4114) to work on /home/airflow/.local/lib/python3.12/site-packages/airflow/example_dags/example_display_name.py
[2026-03-16T16:34:38.101+0000] {processor.py:830} INFO - Processing file /home/airflow/.local/lib/python3.12/site-packages/airflow/example_dags/example_display_name.py for tasks to queue
[2026-03-16T16:34:38.104+0000] {logging_mixin.py:188} INFO - [2026-03-16T16:34:38.104+0000] {dagbag.py:545} INFO - Filling up the DagBag from /home/airflow/.local/lib/python3.12/site-packages/airflow/example_dags/example_display_name.py
[2026-03-16T16:34:38.113+0000] {processor.py:840} INFO - DAG(s) 'example_display_name' retrieved from /home/airflow/.local/lib/python3.12/site-packages/airflow/example_dags/example_display_name.py
[2026-03-16T16:34:38.136+0000] {logging_mixin.py:188} INFO - [2026-03-16T16:34:38.136+0000] {dag.py:3096} INFO - Sync 1 DAGs
[2026-03-16T16:34:38.157+0000] {logging_mixin.py:188} INFO - [2026-03-16T16:34:38.157+0000] {dag.py:3954} INFO - Setting next_dagrun for example_display_name to None, run_after=None
[2026-03-16T16:34:38.188+0000] {processor.py:183} INFO - Processing /home/airflow/.local/lib/python3.12/site-packages/airflow/example_dags/example_display_name.py took 0.099 seconds
[2026-03-16T16:35:08.686+0000] {processor.py:161} INFO - Started process (PID=4173) to work on /home/airflow/.local/lib/python3.12/site-packages/airflow/example_dags/example_display_name.py
[2026-03-16T16:35:08.687+0000] {processor.py:830} INFO - Processing file /home/airflow/.local/lib/python3.12/site-packages/airflow/example_dags/example_display_name.py for tasks to queue
[2026-03-16T16:35:08.690+0000] {logging_mixin.py:188} INFO - [2026-03-16T16:35:08.689+0000] {dagbag.py:545} INFO - Filling up the DagBag from /home/airflow/.local/lib/python3.12/site-packages/airflow/example_dags/example_display_name.py
[2026-03-16T16:35:08.697+0000] {processor.py:840} INFO - DAG(s) 'example_display_name' retrieved from /home/airflow/.local/lib/python3.12/site-packages/airflow/example_dags/example_display_name.py
[2026-03-16T16:35:08.721+0000] {logging_mixin.py:188} INFO - [2026-03-16T16:35:08.721+0000] {dag.py:3096} INFO - Sync 1 DAGs
[2026-03-16T16:35:08.739+0000] {logging_mixin.py:188} INFO - [2026-03-16T16:35:08.738+0000] {dag.py:3954} INFO - Setting next_dagrun for example_display_name to None, run_after=None
[2026-03-16T16:35:08.769+0000] {processor.py:183} INFO - Processing /home/airflow/.local/lib/python3.12/site-packages/airflow/example_dags/example_display_name.py took 0.092 seconds
[2026-03-16T16:35:39.160+0000] {processor.py:161} INFO - Started process (PID=4232) to work on /home/airflow/.local/lib/python3.12/site-packages/airflow/example_dags/example_display_name.py
[2026-03-16T16:35:39.161+0000] {processor.py:830} INFO - Processing file /home/airflow/.local/lib/python3.12/site-packages/airflow/example_dags/example_display_name.py for tasks to queue
[2026-03-16T16:35:39.165+0000] {logging_mixin.py:188} INFO - [2026-03-16T16:35:39.164+0000] {dagbag.py:545} INFO - Filling up the DagBag from /home/airflow/.local/lib/python3.12/site-packages/airflow/example_dags/example_display_name.py
[2026-03-16T16:35:39.175+0000] {processor.py:840} INFO - DAG(s) 'example_display_name' retrieved from /home/airflow/.local/lib/python3.12/site-packages/airflow/example_dags/example_display_name.py
[2026-03-16T16:35:39.210+0000] {logging_mixin.py:188} INFO - [2026-03-16T16:35:39.210+0000] {dag.py:3096} INFO - Sync 1 DAGs
[2026-03-16T16:35:39.234+0000] {logging_mixin.py:188} INFO - [2026-03-16T16:35:39.233+0000] {dag.py:3954} INFO - Setting next_dagrun for example_display_name to None, run_after=None
[2026-03-16T16:35:39.275+0000] {processor.py:183} INFO - Processing /home/airflow/.local/lib/python3.12/site-packages/airflow/example_dags/example_display_name.py took 0.125 seconds
[2026-03-16T16:36:10.163+0000] {processor.py:161} INFO - Started process (PID=4291) to work on /home/airflow/.local/lib/python3.12/site-packages/airflow/example_dags/example_display_name.py
[2026-03-16T16:36:10.164+0000] {processor.py:830} INFO - Processing file /home/airflow/.local/lib/python3.12/site-packages/airflow/example_dags/example_display_name.py for tasks to queue
[2026-03-16T16:36:10.167+0000] {logging_mixin.py:188} INFO - [2026-03-16T16:36:10.167+0000] {dagbag.py:545} INFO - Filling up the DagBag from /home/airflow/.local/lib/python3.12/site-packages/airflow/example_dags/example_display_name.py
[2026-03-16T16:36:10.180+0000] {processor.py:840} INFO - DAG(s) 'example_display_name' retrieved from /home/airflow/.local/lib/python3.12/site-packages/airflow/example_dags/example_display_name.py
[2026-03-16T16:36:10.216+0000] {logging_mixin.py:188} INFO - [2026-03-16T16:36:10.215+0000] {dag.py:3096} INFO - Sync 1 DAGs
[2026-03-16T16:36:10.241+0000] {logging_mixin.py:188} INFO - [2026-03-16T16:36:10.241+0000] {dag.py:3954} INFO - Setting next_dagrun for example_display_name to None, run_after=None
[2026-03-16T16:36:10.278+0000] {processor.py:183} INFO - Processing /home/airflow/.local/lib/python3.12/site-packages/airflow/example_dags/example_display_name.py took 0.132 seconds
