[2026-03-16T15:59:38.640+0000] {processor.py:161} INFO - Started process (PID=77) to work on /home/airflow/.local/lib/python3.12/site-packages/airflow/example_dags/example_bash_decorator.py
[2026-03-16T15:59:38.641+0000] {processor.py:830} INFO - Processing file /home/airflow/.local/lib/python3.12/site-packages/airflow/example_dags/example_bash_decorator.py for tasks to queue
[2026-03-16T15:59:38.644+0000] {logging_mixin.py:188} INFO - [2026-03-16T15:59:38.644+0000] {dagbag.py:545} INFO - Filling up the DagBag from /home/airflow/.local/lib/python3.12/site-packages/airflow/example_dags/example_bash_decorator.py
[2026-03-16T15:59:38.662+0000] {processor.py:840} INFO - DAG(s) 'example_bash_decorator' retrieved from /home/airflow/.local/lib/python3.12/site-packages/airflow/example_dags/example_bash_decorator.py
[2026-03-16T15:59:38.845+0000] {logging_mixin.py:188} INFO - [2026-03-16T15:59:38.845+0000] {dag.py:3096} INFO - Sync 1 DAGs
[2026-03-16T15:59:38.863+0000] {logging_mixin.py:188} INFO - [2026-03-16T15:59:38.862+0000] {dag.py:3954} INFO - Setting next_dagrun for example_bash_decorator to None, run_after=None
[2026-03-16T15:59:38.923+0000] {processor.py:183} INFO - Processing /home/airflow/.local/lib/python3.12/site-packages/airflow/example_dags/example_bash_decorator.py took 0.291 seconds
[2026-03-16T16:00:09.866+0000] {processor.py:161} INFO - Started process (PID=136) to work on /home/airflow/.local/lib/python3.12/site-packages/airflow/example_dags/example_bash_decorator.py
[2026-03-16T16:00:09.869+0000] {processor.py:830} INFO - Processing file /home/airflow/.local/lib/python3.12/site-packages/airflow/example_dags/example_bash_decorator.py for tasks to queue
[2026-03-16T16:00:09.877+0000] {logging_mixin.py:188} INFO - [2026-03-16T16:00:09.873+0000] {dagbag.py:545} INFO - Filling up the DagBag from /home/airflow/.local/lib/python3.12/site-packages/airflow/example_dags/example_bash_decorator.py
[2026-03-16T16:00:09.909+0000] {processor.py:840} INFO - DAG(s) 'example_bash_decorator' retrieved from /home/airflow/.local/lib/python3.12/site-packages/airflow/example_dags/example_bash_decorator.py
[2026-03-16T16:00:09.950+0000] {logging_mixin.py:188} INFO - [2026-03-16T16:00:09.950+0000] {dag.py:3096} INFO - Sync 1 DAGs
[2026-03-16T16:00:09.970+0000] {logging_mixin.py:188} INFO - [2026-03-16T16:00:09.969+0000] {dag.py:3954} INFO - Setting next_dagrun for example_bash_decorator to None, run_after=None
[2026-03-16T16:00:10.006+0000] {processor.py:183} INFO - Processing /home/airflow/.local/lib/python3.12/site-packages/airflow/example_dags/example_bash_decorator.py took 0.155 seconds
[2026-03-16T16:00:40.979+0000] {processor.py:161} INFO - Started process (PID=195) to work on /home/airflow/.local/lib/python3.12/site-packages/airflow/example_dags/example_bash_decorator.py
[2026-03-16T16:00:40.986+0000] {processor.py:830} INFO - Processing file /home/airflow/.local/lib/python3.12/site-packages/airflow/example_dags/example_bash_decorator.py for tasks to queue
[2026-03-16T16:00:40.991+0000] {logging_mixin.py:188} INFO - [2026-03-16T16:00:40.990+0000] {dagbag.py:545} INFO - Filling up the DagBag from /home/airflow/.local/lib/python3.12/site-packages/airflow/example_dags/example_bash_decorator.py
[2026-03-16T16:00:41.041+0000] {processor.py:840} INFO - DAG(s) 'example_bash_decorator' retrieved from /home/airflow/.local/lib/python3.12/site-packages/airflow/example_dags/example_bash_decorator.py
[2026-03-16T16:00:41.104+0000] {logging_mixin.py:188} INFO - [2026-03-16T16:00:41.103+0000] {dag.py:3096} INFO - Sync 1 DAGs
[2026-03-16T16:00:41.158+0000] {logging_mixin.py:188} INFO - [2026-03-16T16:00:41.158+0000] {dag.py:3954} INFO - Setting next_dagrun for example_bash_decorator to None, run_after=None
[2026-03-16T16:00:41.295+0000] {processor.py:183} INFO - Processing /home/airflow/.local/lib/python3.12/site-packages/airflow/example_dags/example_bash_decorator.py took 0.337 seconds
[2026-03-16T16:01:11.768+0000] {processor.py:161} INFO - Started process (PID=254) to work on /home/airflow/.local/lib/python3.12/site-packages/airflow/example_dags/example_bash_decorator.py
[2026-03-16T16:01:11.773+0000] {processor.py:830} INFO - Processing file /home/airflow/.local/lib/python3.12/site-packages/airflow/example_dags/example_bash_decorator.py for tasks to queue
[2026-03-16T16:01:11.777+0000] {logging_mixin.py:188} INFO - [2026-03-16T16:01:11.776+0000] {dagbag.py:545} INFO - Filling up the DagBag from /home/airflow/.local/lib/python3.12/site-packages/airflow/example_dags/example_bash_decorator.py
[2026-03-16T16:01:11.810+0000] {processor.py:840} INFO - DAG(s) 'example_bash_decorator' retrieved from /home/airflow/.local/lib/python3.12/site-packages/airflow/example_dags/example_bash_decorator.py
[2026-03-16T16:01:11.862+0000] {logging_mixin.py:188} INFO - [2026-03-16T16:01:11.862+0000] {dag.py:3096} INFO - Sync 1 DAGs
[2026-03-16T16:01:11.888+0000] {logging_mixin.py:188} INFO - [2026-03-16T16:01:11.887+0000] {dag.py:3954} INFO - Setting next_dagrun for example_bash_decorator to None, run_after=None
[2026-03-16T16:01:11.963+0000] {processor.py:183} INFO - Processing /home/airflow/.local/lib/python3.12/site-packages/airflow/example_dags/example_bash_decorator.py took 0.203 seconds
[2026-03-16T16:01:42.324+0000] {processor.py:161} INFO - Started process (PID=313) to work on /home/airflow/.local/lib/python3.12/site-packages/airflow/example_dags/example_bash_decorator.py
[2026-03-16T16:01:42.325+0000] {processor.py:830} INFO - Processing file /home/airflow/.local/lib/python3.12/site-packages/airflow/example_dags/example_bash_decorator.py for tasks to queue
[2026-03-16T16:01:42.328+0000] {logging_mixin.py:188} INFO - [2026-03-16T16:01:42.328+0000] {dagbag.py:545} INFO - Filling up the DagBag from /home/airflow/.local/lib/python3.12/site-packages/airflow/example_dags/example_bash_decorator.py
[2026-03-16T16:01:42.345+0000] {processor.py:840} INFO - DAG(s) 'example_bash_decorator' retrieved from /home/airflow/.local/lib/python3.12/site-packages/airflow/example_dags/example_bash_decorator.py
[2026-03-16T16:01:42.377+0000] {logging_mixin.py:188} INFO - [2026-03-16T16:01:42.376+0000] {dag.py:3096} INFO - Sync 1 DAGs
[2026-03-16T16:01:42.392+0000] {logging_mixin.py:188} INFO - [2026-03-16T16:01:42.392+0000] {dag.py:3954} INFO - Setting next_dagrun for example_bash_decorator to None, run_after=None
[2026-03-16T16:01:42.422+0000] {processor.py:183} INFO - Processing /home/airflow/.local/lib/python3.12/site-packages/airflow/example_dags/example_bash_decorator.py took 0.107 seconds
[2026-03-16T16:02:12.541+0000] {processor.py:161} INFO - Started process (PID=372) to work on /home/airflow/.local/lib/python3.12/site-packages/airflow/example_dags/example_bash_decorator.py
[2026-03-16T16:02:12.542+0000] {processor.py:830} INFO - Processing file /home/airflow/.local/lib/python3.12/site-packages/airflow/example_dags/example_bash_decorator.py for tasks to queue
[2026-03-16T16:02:12.545+0000] {logging_mixin.py:188} INFO - [2026-03-16T16:02:12.544+0000] {dagbag.py:545} INFO - Filling up the DagBag from /home/airflow/.local/lib/python3.12/site-packages/airflow/example_dags/example_bash_decorator.py
[2026-03-16T16:02:12.560+0000] {processor.py:840} INFO - DAG(s) 'example_bash_decorator' retrieved from /home/airflow/.local/lib/python3.12/site-packages/airflow/example_dags/example_bash_decorator.py
[2026-03-16T16:02:12.587+0000] {logging_mixin.py:188} INFO - [2026-03-16T16:02:12.587+0000] {dag.py:3096} INFO - Sync 1 DAGs
[2026-03-16T16:02:12.604+0000] {logging_mixin.py:188} INFO - [2026-03-16T16:02:12.604+0000] {dag.py:3954} INFO - Setting next_dagrun for example_bash_decorator to None, run_after=None
[2026-03-16T16:02:12.630+0000] {processor.py:183} INFO - Processing /home/airflow/.local/lib/python3.12/site-packages/airflow/example_dags/example_bash_decorator.py took 0.096 seconds
[2026-03-16T16:02:43.078+0000] {processor.py:161} INFO - Started process (PID=431) to work on /home/airflow/.local/lib/python3.12/site-packages/airflow/example_dags/example_bash_decorator.py
[2026-03-16T16:02:43.080+0000] {processor.py:830} INFO - Processing file /home/airflow/.local/lib/python3.12/site-packages/airflow/example_dags/example_bash_decorator.py for tasks to queue
[2026-03-16T16:02:43.083+0000] {logging_mixin.py:188} INFO - [2026-03-16T16:02:43.083+0000] {dagbag.py:545} INFO - Filling up the DagBag from /home/airflow/.local/lib/python3.12/site-packages/airflow/example_dags/example_bash_decorator.py
[2026-03-16T16:02:43.112+0000] {processor.py:840} INFO - DAG(s) 'example_bash_decorator' retrieved from /home/airflow/.local/lib/python3.12/site-packages/airflow/example_dags/example_bash_decorator.py
[2026-03-16T16:02:43.173+0000] {logging_mixin.py:188} INFO - [2026-03-16T16:02:43.172+0000] {dag.py:3096} INFO - Sync 1 DAGs
[2026-03-16T16:02:43.199+0000] {logging_mixin.py:188} INFO - [2026-03-16T16:02:43.199+0000] {dag.py:3954} INFO - Setting next_dagrun for example_bash_decorator to None, run_after=None
[2026-03-16T16:02:43.243+0000] {processor.py:183} INFO - Processing /home/airflow/.local/lib/python3.12/site-packages/airflow/example_dags/example_bash_decorator.py took 0.182 seconds
[2026-03-16T16:03:13.506+0000] {processor.py:161} INFO - Started process (PID=490) to work on /home/airflow/.local/lib/python3.12/site-packages/airflow/example_dags/example_bash_decorator.py
[2026-03-16T16:03:13.507+0000] {processor.py:830} INFO - Processing file /home/airflow/.local/lib/python3.12/site-packages/airflow/example_dags/example_bash_decorator.py for tasks to queue
[2026-03-16T16:03:13.510+0000] {logging_mixin.py:188} INFO - [2026-03-16T16:03:13.509+0000] {dagbag.py:545} INFO - Filling up the DagBag from /home/airflow/.local/lib/python3.12/site-packages/airflow/example_dags/example_bash_decorator.py
[2026-03-16T16:03:13.529+0000] {processor.py:840} INFO - DAG(s) 'example_bash_decorator' retrieved from /home/airflow/.local/lib/python3.12/site-packages/airflow/example_dags/example_bash_decorator.py
[2026-03-16T16:03:13.563+0000] {logging_mixin.py:188} INFO - [2026-03-16T16:03:13.563+0000] {dag.py:3096} INFO - Sync 1 DAGs
[2026-03-16T16:03:13.584+0000] {logging_mixin.py:188} INFO - [2026-03-16T16:03:13.583+0000] {dag.py:3954} INFO - Setting next_dagrun for example_bash_decorator to None, run_after=None
[2026-03-16T16:03:13.611+0000] {processor.py:183} INFO - Processing /home/airflow/.local/lib/python3.12/site-packages/airflow/example_dags/example_bash_decorator.py took 0.114 seconds
[2026-03-16T16:03:44.042+0000] {processor.py:161} INFO - Started process (PID=549) to work on /home/airflow/.local/lib/python3.12/site-packages/airflow/example_dags/example_bash_decorator.py
[2026-03-16T16:03:44.044+0000] {processor.py:830} INFO - Processing file /home/airflow/.local/lib/python3.12/site-packages/airflow/example_dags/example_bash_decorator.py for tasks to queue
[2026-03-16T16:03:44.047+0000] {logging_mixin.py:188} INFO - [2026-03-16T16:03:44.047+0000] {dagbag.py:545} INFO - Filling up the DagBag from /home/airflow/.local/lib/python3.12/site-packages/airflow/example_dags/example_bash_decorator.py
[2026-03-16T16:03:44.063+0000] {processor.py:840} INFO - DAG(s) 'example_bash_decorator' retrieved from /home/airflow/.local/lib/python3.12/site-packages/airflow/example_dags/example_bash_decorator.py
[2026-03-16T16:03:44.096+0000] {logging_mixin.py:188} INFO - [2026-03-16T16:03:44.096+0000] {dag.py:3096} INFO - Sync 1 DAGs
[2026-03-16T16:03:44.114+0000] {logging_mixin.py:188} INFO - [2026-03-16T16:03:44.113+0000] {dag.py:3954} INFO - Setting next_dagrun for example_bash_decorator to None, run_after=None
[2026-03-16T16:03:44.147+0000] {processor.py:183} INFO - Processing /home/airflow/.local/lib/python3.12/site-packages/airflow/example_dags/example_bash_decorator.py took 0.114 seconds
[2026-03-16T16:04:14.537+0000] {processor.py:161} INFO - Started process (PID=607) to work on /home/airflow/.local/lib/python3.12/site-packages/airflow/example_dags/example_bash_decorator.py
[2026-03-16T16:04:14.538+0000] {processor.py:830} INFO - Processing file /home/airflow/.local/lib/python3.12/site-packages/airflow/example_dags/example_bash_decorator.py for tasks to queue
[2026-03-16T16:04:14.541+0000] {logging_mixin.py:188} INFO - [2026-03-16T16:04:14.541+0000] {dagbag.py:545} INFO - Filling up the DagBag from /home/airflow/.local/lib/python3.12/site-packages/airflow/example_dags/example_bash_decorator.py
[2026-03-16T16:04:14.563+0000] {processor.py:840} INFO - DAG(s) 'example_bash_decorator' retrieved from /home/airflow/.local/lib/python3.12/site-packages/airflow/example_dags/example_bash_decorator.py
[2026-03-16T16:04:14.591+0000] {logging_mixin.py:188} INFO - [2026-03-16T16:04:14.591+0000] {dag.py:3096} INFO - Sync 1 DAGs
[2026-03-16T16:04:14.613+0000] {logging_mixin.py:188} INFO - [2026-03-16T16:04:14.613+0000] {dag.py:3954} INFO - Setting next_dagrun for example_bash_decorator to None, run_after=None
[2026-03-16T16:04:14.643+0000] {processor.py:183} INFO - Processing /home/airflow/.local/lib/python3.12/site-packages/airflow/example_dags/example_bash_decorator.py took 0.115 seconds
[2026-03-16T16:04:44.703+0000] {processor.py:161} INFO - Started process (PID=665) to work on /home/airflow/.local/lib/python3.12/site-packages/airflow/example_dags/example_bash_decorator.py
[2026-03-16T16:04:44.704+0000] {processor.py:830} INFO - Processing file /home/airflow/.local/lib/python3.12/site-packages/airflow/example_dags/example_bash_decorator.py for tasks to queue
[2026-03-16T16:04:44.707+0000] {logging_mixin.py:188} INFO - [2026-03-16T16:04:44.706+0000] {dagbag.py:545} INFO - Filling up the DagBag from /home/airflow/.local/lib/python3.12/site-packages/airflow/example_dags/example_bash_decorator.py
[2026-03-16T16:04:44.724+0000] {processor.py:840} INFO - DAG(s) 'example_bash_decorator' retrieved from /home/airflow/.local/lib/python3.12/site-packages/airflow/example_dags/example_bash_decorator.py
[2026-03-16T16:04:44.750+0000] {logging_mixin.py:188} INFO - [2026-03-16T16:04:44.750+0000] {dag.py:3096} INFO - Sync 1 DAGs
[2026-03-16T16:04:44.764+0000] {logging_mixin.py:188} INFO - [2026-03-16T16:04:44.764+0000] {dag.py:3954} INFO - Setting next_dagrun for example_bash_decorator to None, run_after=None
[2026-03-16T16:04:44.788+0000] {processor.py:183} INFO - Processing /home/airflow/.local/lib/python3.12/site-packages/airflow/example_dags/example_bash_decorator.py took 0.092 seconds
[2026-03-16T16:05:15.144+0000] {processor.py:161} INFO - Started process (PID=724) to work on /home/airflow/.local/lib/python3.12/site-packages/airflow/example_dags/example_bash_decorator.py
[2026-03-16T16:05:15.145+0000] {processor.py:830} INFO - Processing file /home/airflow/.local/lib/python3.12/site-packages/airflow/example_dags/example_bash_decorator.py for tasks to queue
[2026-03-16T16:05:15.148+0000] {logging_mixin.py:188} INFO - [2026-03-16T16:05:15.147+0000] {dagbag.py:545} INFO - Filling up the DagBag from /home/airflow/.local/lib/python3.12/site-packages/airflow/example_dags/example_bash_decorator.py
[2026-03-16T16:05:15.164+0000] {processor.py:840} INFO - DAG(s) 'example_bash_decorator' retrieved from /home/airflow/.local/lib/python3.12/site-packages/airflow/example_dags/example_bash_decorator.py
[2026-03-16T16:05:15.193+0000] {logging_mixin.py:188} INFO - [2026-03-16T16:05:15.193+0000] {dag.py:3096} INFO - Sync 1 DAGs
[2026-03-16T16:05:15.211+0000] {logging_mixin.py:188} INFO - [2026-03-16T16:05:15.211+0000] {dag.py:3954} INFO - Setting next_dagrun for example_bash_decorator to None, run_after=None
[2026-03-16T16:05:15.237+0000] {processor.py:183} INFO - Processing /home/airflow/.local/lib/python3.12/site-packages/airflow/example_dags/example_bash_decorator.py took 0.101 seconds
[2026-03-16T16:05:46.526+0000] {processor.py:161} INFO - Started process (PID=785) to work on /home/airflow/.local/lib/python3.12/site-packages/airflow/example_dags/example_bash_decorator.py
[2026-03-16T16:05:46.527+0000] {processor.py:830} INFO - Processing file /home/airflow/.local/lib/python3.12/site-packages/airflow/example_dags/example_bash_decorator.py for tasks to queue
[2026-03-16T16:05:46.529+0000] {logging_mixin.py:188} INFO - [2026-03-16T16:05:46.529+0000] {dagbag.py:545} INFO - Filling up the DagBag from /home/airflow/.local/lib/python3.12/site-packages/airflow/example_dags/example_bash_decorator.py
[2026-03-16T16:05:46.549+0000] {processor.py:840} INFO - DAG(s) 'example_bash_decorator' retrieved from /home/airflow/.local/lib/python3.12/site-packages/airflow/example_dags/example_bash_decorator.py
[2026-03-16T16:05:46.581+0000] {logging_mixin.py:188} INFO - [2026-03-16T16:05:46.581+0000] {dag.py:3096} INFO - Sync 1 DAGs
[2026-03-16T16:05:46.596+0000] {logging_mixin.py:188} INFO - [2026-03-16T16:05:46.596+0000] {dag.py:3954} INFO - Setting next_dagrun for example_bash_decorator to None, run_after=None
[2026-03-16T16:05:46.624+0000] {processor.py:183} INFO - Processing /home/airflow/.local/lib/python3.12/site-packages/airflow/example_dags/example_bash_decorator.py took 0.105 seconds
[2026-03-16T16:06:16.883+0000] {processor.py:161} INFO - Started process (PID=844) to work on /home/airflow/.local/lib/python3.12/site-packages/airflow/example_dags/example_bash_decorator.py
[2026-03-16T16:06:16.885+0000] {processor.py:830} INFO - Processing file /home/airflow/.local/lib/python3.12/site-packages/airflow/example_dags/example_bash_decorator.py for tasks to queue
[2026-03-16T16:06:16.887+0000] {logging_mixin.py:188} INFO - [2026-03-16T16:06:16.887+0000] {dagbag.py:545} INFO - Filling up the DagBag from /home/airflow/.local/lib/python3.12/site-packages/airflow/example_dags/example_bash_decorator.py
[2026-03-16T16:06:16.909+0000] {processor.py:840} INFO - DAG(s) 'example_bash_decorator' retrieved from /home/airflow/.local/lib/python3.12/site-packages/airflow/example_dags/example_bash_decorator.py
[2026-03-16T16:06:16.943+0000] {logging_mixin.py:188} INFO - [2026-03-16T16:06:16.943+0000] {dag.py:3096} INFO - Sync 1 DAGs
[2026-03-16T16:06:16.958+0000] {logging_mixin.py:188} INFO - [2026-03-16T16:06:16.958+0000] {dag.py:3954} INFO - Setting next_dagrun for example_bash_decorator to None, run_after=None
[2026-03-16T16:06:16.984+0000] {processor.py:183} INFO - Processing /home/airflow/.local/lib/python3.12/site-packages/airflow/example_dags/example_bash_decorator.py took 0.107 seconds
[2026-03-16T16:06:47.224+0000] {processor.py:161} INFO - Started process (PID=904) to work on /home/airflow/.local/lib/python3.12/site-packages/airflow/example_dags/example_bash_decorator.py
[2026-03-16T16:06:47.228+0000] {processor.py:830} INFO - Processing file /home/airflow/.local/lib/python3.12/site-packages/airflow/example_dags/example_bash_decorator.py for tasks to queue
[2026-03-16T16:06:47.232+0000] {logging_mixin.py:188} INFO - [2026-03-16T16:06:47.232+0000] {dagbag.py:545} INFO - Filling up the DagBag from /home/airflow/.local/lib/python3.12/site-packages/airflow/example_dags/example_bash_decorator.py
[2026-03-16T16:06:47.255+0000] {processor.py:840} INFO - DAG(s) 'example_bash_decorator' retrieved from /home/airflow/.local/lib/python3.12/site-packages/airflow/example_dags/example_bash_decorator.py
[2026-03-16T16:06:47.286+0000] {logging_mixin.py:188} INFO - [2026-03-16T16:06:47.286+0000] {dag.py:3096} INFO - Sync 1 DAGs
[2026-03-16T16:06:47.304+0000] {logging_mixin.py:188} INFO - [2026-03-16T16:06:47.304+0000] {dag.py:3954} INFO - Setting next_dagrun for example_bash_decorator to None, run_after=None
[2026-03-16T16:06:47.330+0000] {processor.py:183} INFO - Processing /home/airflow/.local/lib/python3.12/site-packages/airflow/example_dags/example_bash_decorator.py took 0.113 seconds
[2026-03-16T16:07:18.624+0000] {processor.py:161} INFO - Started process (PID=963) to work on /home/airflow/.local/lib/python3.12/site-packages/airflow/example_dags/example_bash_decorator.py
[2026-03-16T16:07:18.627+0000] {processor.py:830} INFO - Processing file /home/airflow/.local/lib/python3.12/site-packages/airflow/example_dags/example_bash_decorator.py for tasks to queue
[2026-03-16T16:07:18.631+0000] {logging_mixin.py:188} INFO - [2026-03-16T16:07:18.630+0000] {dagbag.py:545} INFO - Filling up the DagBag from /home/airflow/.local/lib/python3.12/site-packages/airflow/example_dags/example_bash_decorator.py
[2026-03-16T16:07:18.670+0000] {processor.py:840} INFO - DAG(s) 'example_bash_decorator' retrieved from /home/airflow/.local/lib/python3.12/site-packages/airflow/example_dags/example_bash_decorator.py
[2026-03-16T16:07:18.725+0000] {logging_mixin.py:188} INFO - [2026-03-16T16:07:18.724+0000] {dag.py:3096} INFO - Sync 1 DAGs
[2026-03-16T16:07:18.749+0000] {logging_mixin.py:188} INFO - [2026-03-16T16:07:18.748+0000] {dag.py:3954} INFO - Setting next_dagrun for example_bash_decorator to None, run_after=None
[2026-03-16T16:07:18.998+0000] {processor.py:183} INFO - Processing /home/airflow/.local/lib/python3.12/site-packages/airflow/example_dags/example_bash_decorator.py took 0.387 seconds
[2026-03-16T16:07:49.100+0000] {processor.py:161} INFO - Started process (PID=1024) to work on /home/airflow/.local/lib/python3.12/site-packages/airflow/example_dags/example_bash_decorator.py
[2026-03-16T16:07:49.101+0000] {processor.py:830} INFO - Processing file /home/airflow/.local/lib/python3.12/site-packages/airflow/example_dags/example_bash_decorator.py for tasks to queue
[2026-03-16T16:07:49.105+0000] {logging_mixin.py:188} INFO - [2026-03-16T16:07:49.104+0000] {dagbag.py:545} INFO - Filling up the DagBag from /home/airflow/.local/lib/python3.12/site-packages/airflow/example_dags/example_bash_decorator.py
[2026-03-16T16:07:49.129+0000] {processor.py:840} INFO - DAG(s) 'example_bash_decorator' retrieved from /home/airflow/.local/lib/python3.12/site-packages/airflow/example_dags/example_bash_decorator.py
[2026-03-16T16:07:49.172+0000] {logging_mixin.py:188} INFO - [2026-03-16T16:07:49.172+0000] {dag.py:3096} INFO - Sync 1 DAGs
[2026-03-16T16:07:49.195+0000] {logging_mixin.py:188} INFO - [2026-03-16T16:07:49.195+0000] {dag.py:3954} INFO - Setting next_dagrun for example_bash_decorator to None, run_after=None
[2026-03-16T16:07:49.222+0000] {processor.py:183} INFO - Processing /home/airflow/.local/lib/python3.12/site-packages/airflow/example_dags/example_bash_decorator.py took 0.132 seconds
[2026-03-16T16:08:20.154+0000] {processor.py:161} INFO - Started process (PID=1084) to work on /home/airflow/.local/lib/python3.12/site-packages/airflow/example_dags/example_bash_decorator.py
[2026-03-16T16:08:20.155+0000] {processor.py:830} INFO - Processing file /home/airflow/.local/lib/python3.12/site-packages/airflow/example_dags/example_bash_decorator.py for tasks to queue
[2026-03-16T16:08:20.158+0000] {logging_mixin.py:188} INFO - [2026-03-16T16:08:20.158+0000] {dagbag.py:545} INFO - Filling up the DagBag from /home/airflow/.local/lib/python3.12/site-packages/airflow/example_dags/example_bash_decorator.py
[2026-03-16T16:08:20.177+0000] {processor.py:840} INFO - DAG(s) 'example_bash_decorator' retrieved from /home/airflow/.local/lib/python3.12/site-packages/airflow/example_dags/example_bash_decorator.py
[2026-03-16T16:08:20.212+0000] {logging_mixin.py:188} INFO - [2026-03-16T16:08:20.211+0000] {dag.py:3096} INFO - Sync 1 DAGs
[2026-03-16T16:08:20.232+0000] {logging_mixin.py:188} INFO - [2026-03-16T16:08:20.228+0000] {dag.py:3954} INFO - Setting next_dagrun for example_bash_decorator to None, run_after=None
[2026-03-16T16:08:20.260+0000] {processor.py:183} INFO - Processing /home/airflow/.local/lib/python3.12/site-packages/airflow/example_dags/example_bash_decorator.py took 0.113 seconds
[2026-03-16T16:08:52.587+0000] {processor.py:161} INFO - Started process (PID=1142) to work on /home/airflow/.local/lib/python3.12/site-packages/airflow/example_dags/example_bash_decorator.py
[2026-03-16T16:08:52.589+0000] {processor.py:830} INFO - Processing file /home/airflow/.local/lib/python3.12/site-packages/airflow/example_dags/example_bash_decorator.py for tasks to queue
[2026-03-16T16:08:52.593+0000] {logging_mixin.py:188} INFO - [2026-03-16T16:08:52.592+0000] {dagbag.py:545} INFO - Filling up the DagBag from /home/airflow/.local/lib/python3.12/site-packages/airflow/example_dags/example_bash_decorator.py
[2026-03-16T16:08:52.631+0000] {processor.py:840} INFO - DAG(s) 'example_bash_decorator' retrieved from /home/airflow/.local/lib/python3.12/site-packages/airflow/example_dags/example_bash_decorator.py
[2026-03-16T16:08:53.263+0000] {logging_mixin.py:188} INFO - [2026-03-16T16:08:53.262+0000] {dag.py:3096} INFO - Sync 1 DAGs
[2026-03-16T16:08:53.315+0000] {logging_mixin.py:188} INFO - [2026-03-16T16:08:53.315+0000] {dag.py:3954} INFO - Setting next_dagrun for example_bash_decorator to None, run_after=None
[2026-03-16T16:08:53.388+0000] {processor.py:183} INFO - Processing /home/airflow/.local/lib/python3.12/site-packages/airflow/example_dags/example_bash_decorator.py took 0.811 seconds
[2026-03-16T16:09:24.175+0000] {processor.py:161} INFO - Started process (PID=1201) to work on /home/airflow/.local/lib/python3.12/site-packages/airflow/example_dags/example_bash_decorator.py
[2026-03-16T16:09:24.177+0000] {processor.py:830} INFO - Processing file /home/airflow/.local/lib/python3.12/site-packages/airflow/example_dags/example_bash_decorator.py for tasks to queue
[2026-03-16T16:09:24.188+0000] {logging_mixin.py:188} INFO - [2026-03-16T16:09:24.187+0000] {dagbag.py:545} INFO - Filling up the DagBag from /home/airflow/.local/lib/python3.12/site-packages/airflow/example_dags/example_bash_decorator.py
[2026-03-16T16:09:24.231+0000] {processor.py:840} INFO - DAG(s) 'example_bash_decorator' retrieved from /home/airflow/.local/lib/python3.12/site-packages/airflow/example_dags/example_bash_decorator.py
[2026-03-16T16:09:24.291+0000] {logging_mixin.py:188} INFO - [2026-03-16T16:09:24.290+0000] {dag.py:3096} INFO - Sync 1 DAGs
[2026-03-16T16:09:24.318+0000] {logging_mixin.py:188} INFO - [2026-03-16T16:09:24.318+0000] {dag.py:3954} INFO - Setting next_dagrun for example_bash_decorator to None, run_after=None
[2026-03-16T16:09:24.750+0000] {processor.py:183} INFO - Processing /home/airflow/.local/lib/python3.12/site-packages/airflow/example_dags/example_bash_decorator.py took 0.595 seconds
[2026-03-16T16:09:55.387+0000] {processor.py:161} INFO - Started process (PID=1260) to work on /home/airflow/.local/lib/python3.12/site-packages/airflow/example_dags/example_bash_decorator.py
[2026-03-16T16:09:55.390+0000] {processor.py:830} INFO - Processing file /home/airflow/.local/lib/python3.12/site-packages/airflow/example_dags/example_bash_decorator.py for tasks to queue
[2026-03-16T16:09:55.393+0000] {logging_mixin.py:188} INFO - [2026-03-16T16:09:55.392+0000] {dagbag.py:545} INFO - Filling up the DagBag from /home/airflow/.local/lib/python3.12/site-packages/airflow/example_dags/example_bash_decorator.py
[2026-03-16T16:09:55.411+0000] {processor.py:840} INFO - DAG(s) 'example_bash_decorator' retrieved from /home/airflow/.local/lib/python3.12/site-packages/airflow/example_dags/example_bash_decorator.py
[2026-03-16T16:09:55.457+0000] {logging_mixin.py:188} INFO - [2026-03-16T16:09:55.456+0000] {dag.py:3096} INFO - Sync 1 DAGs
[2026-03-16T16:09:55.479+0000] {logging_mixin.py:188} INFO - [2026-03-16T16:09:55.479+0000] {dag.py:3954} INFO - Setting next_dagrun for example_bash_decorator to None, run_after=None
[2026-03-16T16:09:55.535+0000] {processor.py:183} INFO - Processing /home/airflow/.local/lib/python3.12/site-packages/airflow/example_dags/example_bash_decorator.py took 0.159 seconds
[2026-03-16T16:10:25.651+0000] {processor.py:161} INFO - Started process (PID=1319) to work on /home/airflow/.local/lib/python3.12/site-packages/airflow/example_dags/example_bash_decorator.py
[2026-03-16T16:10:25.653+0000] {processor.py:830} INFO - Processing file /home/airflow/.local/lib/python3.12/site-packages/airflow/example_dags/example_bash_decorator.py for tasks to queue
[2026-03-16T16:10:25.656+0000] {logging_mixin.py:188} INFO - [2026-03-16T16:10:25.655+0000] {dagbag.py:545} INFO - Filling up the DagBag from /home/airflow/.local/lib/python3.12/site-packages/airflow/example_dags/example_bash_decorator.py
[2026-03-16T16:10:25.684+0000] {processor.py:840} INFO - DAG(s) 'example_bash_decorator' retrieved from /home/airflow/.local/lib/python3.12/site-packages/airflow/example_dags/example_bash_decorator.py
[2026-03-16T16:10:25.722+0000] {logging_mixin.py:188} INFO - [2026-03-16T16:10:25.722+0000] {dag.py:3096} INFO - Sync 1 DAGs
[2026-03-16T16:10:25.743+0000] {logging_mixin.py:188} INFO - [2026-03-16T16:10:25.742+0000] {dag.py:3954} INFO - Setting next_dagrun for example_bash_decorator to None, run_after=None
[2026-03-16T16:10:25.802+0000] {processor.py:183} INFO - Processing /home/airflow/.local/lib/python3.12/site-packages/airflow/example_dags/example_bash_decorator.py took 0.166 seconds
[2026-03-16T16:10:55.931+0000] {processor.py:161} INFO - Started process (PID=1378) to work on /home/airflow/.local/lib/python3.12/site-packages/airflow/example_dags/example_bash_decorator.py
[2026-03-16T16:10:55.932+0000] {processor.py:830} INFO - Processing file /home/airflow/.local/lib/python3.12/site-packages/airflow/example_dags/example_bash_decorator.py for tasks to queue
[2026-03-16T16:10:55.935+0000] {logging_mixin.py:188} INFO - [2026-03-16T16:10:55.935+0000] {dagbag.py:545} INFO - Filling up the DagBag from /home/airflow/.local/lib/python3.12/site-packages/airflow/example_dags/example_bash_decorator.py
[2026-03-16T16:10:55.951+0000] {processor.py:840} INFO - DAG(s) 'example_bash_decorator' retrieved from /home/airflow/.local/lib/python3.12/site-packages/airflow/example_dags/example_bash_decorator.py
[2026-03-16T16:10:55.998+0000] {logging_mixin.py:188} INFO - [2026-03-16T16:10:55.998+0000] {dag.py:3096} INFO - Sync 1 DAGs
[2026-03-16T16:10:56.018+0000] {logging_mixin.py:188} INFO - [2026-03-16T16:10:56.018+0000] {dag.py:3954} INFO - Setting next_dagrun for example_bash_decorator to None, run_after=None
[2026-03-16T16:10:56.056+0000] {processor.py:183} INFO - Processing /home/airflow/.local/lib/python3.12/site-packages/airflow/example_dags/example_bash_decorator.py took 0.134 seconds
[2026-03-16T16:11:26.797+0000] {processor.py:161} INFO - Started process (PID=1437) to work on /home/airflow/.local/lib/python3.12/site-packages/airflow/example_dags/example_bash_decorator.py
[2026-03-16T16:11:26.798+0000] {processor.py:830} INFO - Processing file /home/airflow/.local/lib/python3.12/site-packages/airflow/example_dags/example_bash_decorator.py for tasks to queue
[2026-03-16T16:11:26.801+0000] {logging_mixin.py:188} INFO - [2026-03-16T16:11:26.800+0000] {dagbag.py:545} INFO - Filling up the DagBag from /home/airflow/.local/lib/python3.12/site-packages/airflow/example_dags/example_bash_decorator.py
[2026-03-16T16:11:26.817+0000] {processor.py:840} INFO - DAG(s) 'example_bash_decorator' retrieved from /home/airflow/.local/lib/python3.12/site-packages/airflow/example_dags/example_bash_decorator.py
[2026-03-16T16:11:26.850+0000] {logging_mixin.py:188} INFO - [2026-03-16T16:11:26.850+0000] {dag.py:3096} INFO - Sync 1 DAGs
[2026-03-16T16:11:26.872+0000] {logging_mixin.py:188} INFO - [2026-03-16T16:11:26.872+0000] {dag.py:3954} INFO - Setting next_dagrun for example_bash_decorator to None, run_after=None
[2026-03-16T16:11:26.927+0000] {processor.py:183} INFO - Processing /home/airflow/.local/lib/python3.12/site-packages/airflow/example_dags/example_bash_decorator.py took 0.138 seconds
[2026-03-16T16:11:57.157+0000] {processor.py:161} INFO - Started process (PID=1496) to work on /home/airflow/.local/lib/python3.12/site-packages/airflow/example_dags/example_bash_decorator.py
[2026-03-16T16:11:57.158+0000] {processor.py:830} INFO - Processing file /home/airflow/.local/lib/python3.12/site-packages/airflow/example_dags/example_bash_decorator.py for tasks to queue
[2026-03-16T16:11:57.161+0000] {logging_mixin.py:188} INFO - [2026-03-16T16:11:57.160+0000] {dagbag.py:545} INFO - Filling up the DagBag from /home/airflow/.local/lib/python3.12/site-packages/airflow/example_dags/example_bash_decorator.py
[2026-03-16T16:11:57.180+0000] {processor.py:840} INFO - DAG(s) 'example_bash_decorator' retrieved from /home/airflow/.local/lib/python3.12/site-packages/airflow/example_dags/example_bash_decorator.py
[2026-03-16T16:11:57.212+0000] {logging_mixin.py:188} INFO - [2026-03-16T16:11:57.211+0000] {dag.py:3096} INFO - Sync 1 DAGs
[2026-03-16T16:11:57.230+0000] {logging_mixin.py:188} INFO - [2026-03-16T16:11:57.230+0000] {dag.py:3954} INFO - Setting next_dagrun for example_bash_decorator to None, run_after=None
[2026-03-16T16:11:57.259+0000] {processor.py:183} INFO - Processing /home/airflow/.local/lib/python3.12/site-packages/airflow/example_dags/example_bash_decorator.py took 0.109 seconds
[2026-03-16T16:12:27.801+0000] {processor.py:161} INFO - Started process (PID=1555) to work on /home/airflow/.local/lib/python3.12/site-packages/airflow/example_dags/example_bash_decorator.py
[2026-03-16T16:12:27.802+0000] {processor.py:830} INFO - Processing file /home/airflow/.local/lib/python3.12/site-packages/airflow/example_dags/example_bash_decorator.py for tasks to queue
[2026-03-16T16:12:27.805+0000] {logging_mixin.py:188} INFO - [2026-03-16T16:12:27.804+0000] {dagbag.py:545} INFO - Filling up the DagBag from /home/airflow/.local/lib/python3.12/site-packages/airflow/example_dags/example_bash_decorator.py
[2026-03-16T16:12:27.823+0000] {processor.py:840} INFO - DAG(s) 'example_bash_decorator' retrieved from /home/airflow/.local/lib/python3.12/site-packages/airflow/example_dags/example_bash_decorator.py
[2026-03-16T16:12:27.857+0000] {logging_mixin.py:188} INFO - [2026-03-16T16:12:27.856+0000] {dag.py:3096} INFO - Sync 1 DAGs
[2026-03-16T16:12:27.875+0000] {logging_mixin.py:188} INFO - [2026-03-16T16:12:27.874+0000] {dag.py:3954} INFO - Setting next_dagrun for example_bash_decorator to None, run_after=None
[2026-03-16T16:12:27.903+0000] {processor.py:183} INFO - Processing /home/airflow/.local/lib/python3.12/site-packages/airflow/example_dags/example_bash_decorator.py took 0.111 seconds
[2026-03-16T16:12:58.186+0000] {processor.py:161} INFO - Started process (PID=1614) to work on /home/airflow/.local/lib/python3.12/site-packages/airflow/example_dags/example_bash_decorator.py
[2026-03-16T16:12:58.188+0000] {processor.py:830} INFO - Processing file /home/airflow/.local/lib/python3.12/site-packages/airflow/example_dags/example_bash_decorator.py for tasks to queue
[2026-03-16T16:12:58.193+0000] {logging_mixin.py:188} INFO - [2026-03-16T16:12:58.192+0000] {dagbag.py:545} INFO - Filling up the DagBag from /home/airflow/.local/lib/python3.12/site-packages/airflow/example_dags/example_bash_decorator.py
[2026-03-16T16:12:58.222+0000] {processor.py:840} INFO - DAG(s) 'example_bash_decorator' retrieved from /home/airflow/.local/lib/python3.12/site-packages/airflow/example_dags/example_bash_decorator.py
[2026-03-16T16:12:58.263+0000] {logging_mixin.py:188} INFO - [2026-03-16T16:12:58.263+0000] {dag.py:3096} INFO - Sync 1 DAGs
[2026-03-16T16:12:58.287+0000] {logging_mixin.py:188} INFO - [2026-03-16T16:12:58.286+0000] {dag.py:3954} INFO - Setting next_dagrun for example_bash_decorator to None, run_after=None
[2026-03-16T16:12:58.328+0000] {processor.py:183} INFO - Processing /home/airflow/.local/lib/python3.12/site-packages/airflow/example_dags/example_bash_decorator.py took 0.155 seconds
[2026-03-16T16:13:28.858+0000] {processor.py:161} INFO - Started process (PID=1674) to work on /home/airflow/.local/lib/python3.12/site-packages/airflow/example_dags/example_bash_decorator.py
[2026-03-16T16:13:28.860+0000] {processor.py:830} INFO - Processing file /home/airflow/.local/lib/python3.12/site-packages/airflow/example_dags/example_bash_decorator.py for tasks to queue
[2026-03-16T16:13:28.862+0000] {logging_mixin.py:188} INFO - [2026-03-16T16:13:28.862+0000] {dagbag.py:545} INFO - Filling up the DagBag from /home/airflow/.local/lib/python3.12/site-packages/airflow/example_dags/example_bash_decorator.py
[2026-03-16T16:13:28.881+0000] {processor.py:840} INFO - DAG(s) 'example_bash_decorator' retrieved from /home/airflow/.local/lib/python3.12/site-packages/airflow/example_dags/example_bash_decorator.py
[2026-03-16T16:13:28.913+0000] {logging_mixin.py:188} INFO - [2026-03-16T16:13:28.913+0000] {dag.py:3096} INFO - Sync 1 DAGs
[2026-03-16T16:13:28.931+0000] {logging_mixin.py:188} INFO - [2026-03-16T16:13:28.930+0000] {dag.py:3954} INFO - Setting next_dagrun for example_bash_decorator to None, run_after=None
[2026-03-16T16:13:28.978+0000] {processor.py:183} INFO - Processing /home/airflow/.local/lib/python3.12/site-packages/airflow/example_dags/example_bash_decorator.py took 0.128 seconds
[2026-03-16T16:13:59.757+0000] {processor.py:161} INFO - Started process (PID=1733) to work on /home/airflow/.local/lib/python3.12/site-packages/airflow/example_dags/example_bash_decorator.py
[2026-03-16T16:13:59.758+0000] {processor.py:830} INFO - Processing file /home/airflow/.local/lib/python3.12/site-packages/airflow/example_dags/example_bash_decorator.py for tasks to queue
[2026-03-16T16:13:59.762+0000] {logging_mixin.py:188} INFO - [2026-03-16T16:13:59.761+0000] {dagbag.py:545} INFO - Filling up the DagBag from /home/airflow/.local/lib/python3.12/site-packages/airflow/example_dags/example_bash_decorator.py
[2026-03-16T16:13:59.787+0000] {processor.py:840} INFO - DAG(s) 'example_bash_decorator' retrieved from /home/airflow/.local/lib/python3.12/site-packages/airflow/example_dags/example_bash_decorator.py
[2026-03-16T16:13:59.864+0000] {logging_mixin.py:188} INFO - [2026-03-16T16:13:59.863+0000] {dag.py:3096} INFO - Sync 1 DAGs
[2026-03-16T16:13:59.882+0000] {logging_mixin.py:188} INFO - [2026-03-16T16:13:59.882+0000] {dag.py:3954} INFO - Setting next_dagrun for example_bash_decorator to None, run_after=None
[2026-03-16T16:13:59.925+0000] {processor.py:183} INFO - Processing /home/airflow/.local/lib/python3.12/site-packages/airflow/example_dags/example_bash_decorator.py took 0.180 seconds
[2026-03-16T16:14:30.302+0000] {processor.py:161} INFO - Started process (PID=1792) to work on /home/airflow/.local/lib/python3.12/site-packages/airflow/example_dags/example_bash_decorator.py
[2026-03-16T16:14:30.317+0000] {processor.py:830} INFO - Processing file /home/airflow/.local/lib/python3.12/site-packages/airflow/example_dags/example_bash_decorator.py for tasks to queue
[2026-03-16T16:14:30.320+0000] {logging_mixin.py:188} INFO - [2026-03-16T16:14:30.320+0000] {dagbag.py:545} INFO - Filling up the DagBag from /home/airflow/.local/lib/python3.12/site-packages/airflow/example_dags/example_bash_decorator.py
[2026-03-16T16:14:30.337+0000] {processor.py:840} INFO - DAG(s) 'example_bash_decorator' retrieved from /home/airflow/.local/lib/python3.12/site-packages/airflow/example_dags/example_bash_decorator.py
[2026-03-16T16:14:30.370+0000] {logging_mixin.py:188} INFO - [2026-03-16T16:14:30.369+0000] {dag.py:3096} INFO - Sync 1 DAGs
[2026-03-16T16:14:30.387+0000] {logging_mixin.py:188} INFO - [2026-03-16T16:14:30.387+0000] {dag.py:3954} INFO - Setting next_dagrun for example_bash_decorator to None, run_after=None
[2026-03-16T16:14:30.434+0000] {processor.py:183} INFO - Processing /home/airflow/.local/lib/python3.12/site-packages/airflow/example_dags/example_bash_decorator.py took 0.150 seconds
[2026-03-16T16:15:01.042+0000] {processor.py:161} INFO - Started process (PID=1851) to work on /home/airflow/.local/lib/python3.12/site-packages/airflow/example_dags/example_bash_decorator.py
[2026-03-16T16:15:01.045+0000] {processor.py:830} INFO - Processing file /home/airflow/.local/lib/python3.12/site-packages/airflow/example_dags/example_bash_decorator.py for tasks to queue
[2026-03-16T16:15:01.050+0000] {logging_mixin.py:188} INFO - [2026-03-16T16:15:01.050+0000] {dagbag.py:545} INFO - Filling up the DagBag from /home/airflow/.local/lib/python3.12/site-packages/airflow/example_dags/example_bash_decorator.py
[2026-03-16T16:15:01.078+0000] {processor.py:840} INFO - DAG(s) 'example_bash_decorator' retrieved from /home/airflow/.local/lib/python3.12/site-packages/airflow/example_dags/example_bash_decorator.py
[2026-03-16T16:15:01.115+0000] {logging_mixin.py:188} INFO - [2026-03-16T16:15:01.115+0000] {dag.py:3096} INFO - Sync 1 DAGs
[2026-03-16T16:15:01.131+0000] {logging_mixin.py:188} INFO - [2026-03-16T16:15:01.131+0000] {dag.py:3954} INFO - Setting next_dagrun for example_bash_decorator to None, run_after=None
[2026-03-16T16:15:01.184+0000] {processor.py:183} INFO - Processing /home/airflow/.local/lib/python3.12/site-packages/airflow/example_dags/example_bash_decorator.py took 0.154 seconds
[2026-03-16T16:15:31.860+0000] {processor.py:161} INFO - Started process (PID=1910) to work on /home/airflow/.local/lib/python3.12/site-packages/airflow/example_dags/example_bash_decorator.py
[2026-03-16T16:15:31.862+0000] {processor.py:830} INFO - Processing file /home/airflow/.local/lib/python3.12/site-packages/airflow/example_dags/example_bash_decorator.py for tasks to queue
[2026-03-16T16:15:31.866+0000] {logging_mixin.py:188} INFO - [2026-03-16T16:15:31.865+0000] {dagbag.py:545} INFO - Filling up the DagBag from /home/airflow/.local/lib/python3.12/site-packages/airflow/example_dags/example_bash_decorator.py
[2026-03-16T16:15:31.887+0000] {processor.py:840} INFO - DAG(s) 'example_bash_decorator' retrieved from /home/airflow/.local/lib/python3.12/site-packages/airflow/example_dags/example_bash_decorator.py
[2026-03-16T16:15:31.922+0000] {logging_mixin.py:188} INFO - [2026-03-16T16:15:31.921+0000] {dag.py:3096} INFO - Sync 1 DAGs
[2026-03-16T16:15:31.939+0000] {logging_mixin.py:188} INFO - [2026-03-16T16:15:31.939+0000] {dag.py:3954} INFO - Setting next_dagrun for example_bash_decorator to None, run_after=None
[2026-03-16T16:15:31.968+0000] {processor.py:183} INFO - Processing /home/airflow/.local/lib/python3.12/site-packages/airflow/example_dags/example_bash_decorator.py took 0.117 seconds
[2026-03-16T16:16:02.448+0000] {processor.py:161} INFO - Started process (PID=1969) to work on /home/airflow/.local/lib/python3.12/site-packages/airflow/example_dags/example_bash_decorator.py
[2026-03-16T16:16:02.451+0000] {processor.py:830} INFO - Processing file /home/airflow/.local/lib/python3.12/site-packages/airflow/example_dags/example_bash_decorator.py for tasks to queue
[2026-03-16T16:16:02.456+0000] {logging_mixin.py:188} INFO - [2026-03-16T16:16:02.456+0000] {dagbag.py:545} INFO - Filling up the DagBag from /home/airflow/.local/lib/python3.12/site-packages/airflow/example_dags/example_bash_decorator.py
[2026-03-16T16:16:02.496+0000] {processor.py:840} INFO - DAG(s) 'example_bash_decorator' retrieved from /home/airflow/.local/lib/python3.12/site-packages/airflow/example_dags/example_bash_decorator.py
[2026-03-16T16:16:02.552+0000] {logging_mixin.py:188} INFO - [2026-03-16T16:16:02.551+0000] {dag.py:3096} INFO - Sync 1 DAGs
[2026-03-16T16:16:02.576+0000] {logging_mixin.py:188} INFO - [2026-03-16T16:16:02.576+0000] {dag.py:3954} INFO - Setting next_dagrun for example_bash_decorator to None, run_after=None
[2026-03-16T16:16:02.614+0000] {processor.py:183} INFO - Processing /home/airflow/.local/lib/python3.12/site-packages/airflow/example_dags/example_bash_decorator.py took 0.176 seconds
[2026-03-16T16:16:33.379+0000] {processor.py:161} INFO - Started process (PID=2028) to work on /home/airflow/.local/lib/python3.12/site-packages/airflow/example_dags/example_bash_decorator.py
[2026-03-16T16:16:33.380+0000] {processor.py:830} INFO - Processing file /home/airflow/.local/lib/python3.12/site-packages/airflow/example_dags/example_bash_decorator.py for tasks to queue
[2026-03-16T16:16:33.382+0000] {logging_mixin.py:188} INFO - [2026-03-16T16:16:33.382+0000] {dagbag.py:545} INFO - Filling up the DagBag from /home/airflow/.local/lib/python3.12/site-packages/airflow/example_dags/example_bash_decorator.py
[2026-03-16T16:16:33.397+0000] {processor.py:840} INFO - DAG(s) 'example_bash_decorator' retrieved from /home/airflow/.local/lib/python3.12/site-packages/airflow/example_dags/example_bash_decorator.py
[2026-03-16T16:16:33.423+0000] {logging_mixin.py:188} INFO - [2026-03-16T16:16:33.422+0000] {dag.py:3096} INFO - Sync 1 DAGs
[2026-03-16T16:16:33.439+0000] {logging_mixin.py:188} INFO - [2026-03-16T16:16:33.438+0000] {dag.py:3954} INFO - Setting next_dagrun for example_bash_decorator to None, run_after=None
[2026-03-16T16:16:33.465+0000] {processor.py:183} INFO - Processing /home/airflow/.local/lib/python3.12/site-packages/airflow/example_dags/example_bash_decorator.py took 0.093 seconds
[2026-03-16T16:17:04.341+0000] {processor.py:161} INFO - Started process (PID=2087) to work on /home/airflow/.local/lib/python3.12/site-packages/airflow/example_dags/example_bash_decorator.py
[2026-03-16T16:17:04.342+0000] {processor.py:830} INFO - Processing file /home/airflow/.local/lib/python3.12/site-packages/airflow/example_dags/example_bash_decorator.py for tasks to queue
[2026-03-16T16:17:04.345+0000] {logging_mixin.py:188} INFO - [2026-03-16T16:17:04.344+0000] {dagbag.py:545} INFO - Filling up the DagBag from /home/airflow/.local/lib/python3.12/site-packages/airflow/example_dags/example_bash_decorator.py
[2026-03-16T16:17:04.360+0000] {processor.py:840} INFO - DAG(s) 'example_bash_decorator' retrieved from /home/airflow/.local/lib/python3.12/site-packages/airflow/example_dags/example_bash_decorator.py
[2026-03-16T16:17:04.390+0000] {logging_mixin.py:188} INFO - [2026-03-16T16:17:04.390+0000] {dag.py:3096} INFO - Sync 1 DAGs
[2026-03-16T16:17:04.407+0000] {logging_mixin.py:188} INFO - [2026-03-16T16:17:04.407+0000] {dag.py:3954} INFO - Setting next_dagrun for example_bash_decorator to None, run_after=None
[2026-03-16T16:17:04.435+0000] {processor.py:183} INFO - Processing /home/airflow/.local/lib/python3.12/site-packages/airflow/example_dags/example_bash_decorator.py took 0.101 seconds
[2026-03-16T16:17:35.095+0000] {processor.py:161} INFO - Started process (PID=2146) to work on /home/airflow/.local/lib/python3.12/site-packages/airflow/example_dags/example_bash_decorator.py
[2026-03-16T16:17:35.097+0000] {processor.py:830} INFO - Processing file /home/airflow/.local/lib/python3.12/site-packages/airflow/example_dags/example_bash_decorator.py for tasks to queue
[2026-03-16T16:17:35.099+0000] {logging_mixin.py:188} INFO - [2026-03-16T16:17:35.099+0000] {dagbag.py:545} INFO - Filling up the DagBag from /home/airflow/.local/lib/python3.12/site-packages/airflow/example_dags/example_bash_decorator.py
[2026-03-16T16:17:35.117+0000] {processor.py:840} INFO - DAG(s) 'example_bash_decorator' retrieved from /home/airflow/.local/lib/python3.12/site-packages/airflow/example_dags/example_bash_decorator.py
[2026-03-16T16:17:35.148+0000] {logging_mixin.py:188} INFO - [2026-03-16T16:17:35.148+0000] {dag.py:3096} INFO - Sync 1 DAGs
[2026-03-16T16:17:35.174+0000] {logging_mixin.py:188} INFO - [2026-03-16T16:17:35.172+0000] {dag.py:3954} INFO - Setting next_dagrun for example_bash_decorator to None, run_after=None
[2026-03-16T16:17:35.235+0000] {processor.py:183} INFO - Processing /home/airflow/.local/lib/python3.12/site-packages/airflow/example_dags/example_bash_decorator.py took 0.149 seconds
[2026-03-16T16:18:05.647+0000] {processor.py:161} INFO - Started process (PID=2205) to work on /home/airflow/.local/lib/python3.12/site-packages/airflow/example_dags/example_bash_decorator.py
[2026-03-16T16:18:05.648+0000] {processor.py:830} INFO - Processing file /home/airflow/.local/lib/python3.12/site-packages/airflow/example_dags/example_bash_decorator.py for tasks to queue
[2026-03-16T16:18:05.651+0000] {logging_mixin.py:188} INFO - [2026-03-16T16:18:05.650+0000] {dagbag.py:545} INFO - Filling up the DagBag from /home/airflow/.local/lib/python3.12/site-packages/airflow/example_dags/example_bash_decorator.py
[2026-03-16T16:18:05.665+0000] {processor.py:840} INFO - DAG(s) 'example_bash_decorator' retrieved from /home/airflow/.local/lib/python3.12/site-packages/airflow/example_dags/example_bash_decorator.py
[2026-03-16T16:18:05.690+0000] {logging_mixin.py:188} INFO - [2026-03-16T16:18:05.690+0000] {dag.py:3096} INFO - Sync 1 DAGs
[2026-03-16T16:18:05.710+0000] {logging_mixin.py:188} INFO - [2026-03-16T16:18:05.710+0000] {dag.py:3954} INFO - Setting next_dagrun for example_bash_decorator to None, run_after=None
[2026-03-16T16:18:05.747+0000] {processor.py:183} INFO - Processing /home/airflow/.local/lib/python3.12/site-packages/airflow/example_dags/example_bash_decorator.py took 0.106 seconds
[2026-03-16T16:18:36.570+0000] {processor.py:161} INFO - Started process (PID=2264) to work on /home/airflow/.local/lib/python3.12/site-packages/airflow/example_dags/example_bash_decorator.py
[2026-03-16T16:18:36.572+0000] {processor.py:830} INFO - Processing file /home/airflow/.local/lib/python3.12/site-packages/airflow/example_dags/example_bash_decorator.py for tasks to queue
[2026-03-16T16:18:36.574+0000] {logging_mixin.py:188} INFO - [2026-03-16T16:18:36.573+0000] {dagbag.py:545} INFO - Filling up the DagBag from /home/airflow/.local/lib/python3.12/site-packages/airflow/example_dags/example_bash_decorator.py
[2026-03-16T16:18:36.589+0000] {processor.py:840} INFO - DAG(s) 'example_bash_decorator' retrieved from /home/airflow/.local/lib/python3.12/site-packages/airflow/example_dags/example_bash_decorator.py
[2026-03-16T16:18:36.614+0000] {logging_mixin.py:188} INFO - [2026-03-16T16:18:36.614+0000] {dag.py:3096} INFO - Sync 1 DAGs
[2026-03-16T16:18:36.633+0000] {logging_mixin.py:188} INFO - [2026-03-16T16:18:36.633+0000] {dag.py:3954} INFO - Setting next_dagrun for example_bash_decorator to None, run_after=None
[2026-03-16T16:18:36.670+0000] {processor.py:183} INFO - Processing /home/airflow/.local/lib/python3.12/site-packages/airflow/example_dags/example_bash_decorator.py took 0.107 seconds
[2026-03-16T16:19:07.407+0000] {processor.py:161} INFO - Started process (PID=2322) to work on /home/airflow/.local/lib/python3.12/site-packages/airflow/example_dags/example_bash_decorator.py
[2026-03-16T16:19:07.408+0000] {processor.py:830} INFO - Processing file /home/airflow/.local/lib/python3.12/site-packages/airflow/example_dags/example_bash_decorator.py for tasks to queue
[2026-03-16T16:19:07.411+0000] {logging_mixin.py:188} INFO - [2026-03-16T16:19:07.410+0000] {dagbag.py:545} INFO - Filling up the DagBag from /home/airflow/.local/lib/python3.12/site-packages/airflow/example_dags/example_bash_decorator.py
[2026-03-16T16:19:07.431+0000] {processor.py:840} INFO - DAG(s) 'example_bash_decorator' retrieved from /home/airflow/.local/lib/python3.12/site-packages/airflow/example_dags/example_bash_decorator.py
[2026-03-16T16:19:07.460+0000] {logging_mixin.py:188} INFO - [2026-03-16T16:19:07.460+0000] {dag.py:3096} INFO - Sync 1 DAGs
[2026-03-16T16:19:07.474+0000] {logging_mixin.py:188} INFO - [2026-03-16T16:19:07.474+0000] {dag.py:3954} INFO - Setting next_dagrun for example_bash_decorator to None, run_after=None
[2026-03-16T16:19:07.498+0000] {processor.py:183} INFO - Processing /home/airflow/.local/lib/python3.12/site-packages/airflow/example_dags/example_bash_decorator.py took 0.099 seconds
[2026-03-16T16:19:37.612+0000] {processor.py:161} INFO - Started process (PID=2380) to work on /home/airflow/.local/lib/python3.12/site-packages/airflow/example_dags/example_bash_decorator.py
[2026-03-16T16:19:37.613+0000] {processor.py:830} INFO - Processing file /home/airflow/.local/lib/python3.12/site-packages/airflow/example_dags/example_bash_decorator.py for tasks to queue
[2026-03-16T16:19:37.615+0000] {logging_mixin.py:188} INFO - [2026-03-16T16:19:37.615+0000] {dagbag.py:545} INFO - Filling up the DagBag from /home/airflow/.local/lib/python3.12/site-packages/airflow/example_dags/example_bash_decorator.py
[2026-03-16T16:19:37.631+0000] {processor.py:840} INFO - DAG(s) 'example_bash_decorator' retrieved from /home/airflow/.local/lib/python3.12/site-packages/airflow/example_dags/example_bash_decorator.py
[2026-03-16T16:19:37.657+0000] {logging_mixin.py:188} INFO - [2026-03-16T16:19:37.656+0000] {dag.py:3096} INFO - Sync 1 DAGs
[2026-03-16T16:19:37.672+0000] {logging_mixin.py:188} INFO - [2026-03-16T16:19:37.672+0000] {dag.py:3954} INFO - Setting next_dagrun for example_bash_decorator to None, run_after=None
[2026-03-16T16:19:37.699+0000] {processor.py:183} INFO - Processing /home/airflow/.local/lib/python3.12/site-packages/airflow/example_dags/example_bash_decorator.py took 0.094 seconds
[2026-03-16T16:20:08.004+0000] {processor.py:161} INFO - Started process (PID=2439) to work on /home/airflow/.local/lib/python3.12/site-packages/airflow/example_dags/example_bash_decorator.py
[2026-03-16T16:20:08.007+0000] {processor.py:830} INFO - Processing file /home/airflow/.local/lib/python3.12/site-packages/airflow/example_dags/example_bash_decorator.py for tasks to queue
[2026-03-16T16:20:08.010+0000] {logging_mixin.py:188} INFO - [2026-03-16T16:20:08.009+0000] {dagbag.py:545} INFO - Filling up the DagBag from /home/airflow/.local/lib/python3.12/site-packages/airflow/example_dags/example_bash_decorator.py
[2026-03-16T16:20:08.027+0000] {processor.py:840} INFO - DAG(s) 'example_bash_decorator' retrieved from /home/airflow/.local/lib/python3.12/site-packages/airflow/example_dags/example_bash_decorator.py
[2026-03-16T16:20:08.057+0000] {logging_mixin.py:188} INFO - [2026-03-16T16:20:08.056+0000] {dag.py:3096} INFO - Sync 1 DAGs
[2026-03-16T16:20:08.077+0000] {logging_mixin.py:188} INFO - [2026-03-16T16:20:08.077+0000] {dag.py:3954} INFO - Setting next_dagrun for example_bash_decorator to None, run_after=None
[2026-03-16T16:20:08.107+0000] {processor.py:183} INFO - Processing /home/airflow/.local/lib/python3.12/site-packages/airflow/example_dags/example_bash_decorator.py took 0.110 seconds
[2026-03-16T16:20:38.480+0000] {processor.py:161} INFO - Started process (PID=2498) to work on /home/airflow/.local/lib/python3.12/site-packages/airflow/example_dags/example_bash_decorator.py
[2026-03-16T16:20:38.481+0000] {processor.py:830} INFO - Processing file /home/airflow/.local/lib/python3.12/site-packages/airflow/example_dags/example_bash_decorator.py for tasks to queue
[2026-03-16T16:20:38.483+0000] {logging_mixin.py:188} INFO - [2026-03-16T16:20:38.483+0000] {dagbag.py:545} INFO - Filling up the DagBag from /home/airflow/.local/lib/python3.12/site-packages/airflow/example_dags/example_bash_decorator.py
[2026-03-16T16:20:38.516+0000] {processor.py:840} INFO - DAG(s) 'example_bash_decorator' retrieved from /home/airflow/.local/lib/python3.12/site-packages/airflow/example_dags/example_bash_decorator.py
[2026-03-16T16:20:38.561+0000] {logging_mixin.py:188} INFO - [2026-03-16T16:20:38.561+0000] {dag.py:3096} INFO - Sync 1 DAGs
[2026-03-16T16:20:38.586+0000] {logging_mixin.py:188} INFO - [2026-03-16T16:20:38.586+0000] {dag.py:3954} INFO - Setting next_dagrun for example_bash_decorator to None, run_after=None
[2026-03-16T16:20:38.625+0000] {processor.py:183} INFO - Processing /home/airflow/.local/lib/python3.12/site-packages/airflow/example_dags/example_bash_decorator.py took 0.152 seconds
[2026-03-16T16:21:09.452+0000] {processor.py:161} INFO - Started process (PID=2558) to work on /home/airflow/.local/lib/python3.12/site-packages/airflow/example_dags/example_bash_decorator.py
[2026-03-16T16:21:09.454+0000] {processor.py:830} INFO - Processing file /home/airflow/.local/lib/python3.12/site-packages/airflow/example_dags/example_bash_decorator.py for tasks to queue
[2026-03-16T16:21:09.456+0000] {logging_mixin.py:188} INFO - [2026-03-16T16:21:09.456+0000] {dagbag.py:545} INFO - Filling up the DagBag from /home/airflow/.local/lib/python3.12/site-packages/airflow/example_dags/example_bash_decorator.py
[2026-03-16T16:21:09.471+0000] {processor.py:840} INFO - DAG(s) 'example_bash_decorator' retrieved from /home/airflow/.local/lib/python3.12/site-packages/airflow/example_dags/example_bash_decorator.py
[2026-03-16T16:21:09.497+0000] {logging_mixin.py:188} INFO - [2026-03-16T16:21:09.496+0000] {dag.py:3096} INFO - Sync 1 DAGs
[2026-03-16T16:21:09.512+0000] {logging_mixin.py:188} INFO - [2026-03-16T16:21:09.511+0000] {dag.py:3954} INFO - Setting next_dagrun for example_bash_decorator to None, run_after=None
[2026-03-16T16:21:09.540+0000] {processor.py:183} INFO - Processing /home/airflow/.local/lib/python3.12/site-packages/airflow/example_dags/example_bash_decorator.py took 0.095 seconds
[2026-03-16T16:21:40.499+0000] {processor.py:161} INFO - Started process (PID=2617) to work on /home/airflow/.local/lib/python3.12/site-packages/airflow/example_dags/example_bash_decorator.py
[2026-03-16T16:21:40.501+0000] {processor.py:830} INFO - Processing file /home/airflow/.local/lib/python3.12/site-packages/airflow/example_dags/example_bash_decorator.py for tasks to queue
[2026-03-16T16:21:40.503+0000] {logging_mixin.py:188} INFO - [2026-03-16T16:21:40.503+0000] {dagbag.py:545} INFO - Filling up the DagBag from /home/airflow/.local/lib/python3.12/site-packages/airflow/example_dags/example_bash_decorator.py
[2026-03-16T16:21:40.519+0000] {processor.py:840} INFO - DAG(s) 'example_bash_decorator' retrieved from /home/airflow/.local/lib/python3.12/site-packages/airflow/example_dags/example_bash_decorator.py
[2026-03-16T16:21:40.548+0000] {logging_mixin.py:188} INFO - [2026-03-16T16:21:40.547+0000] {dag.py:3096} INFO - Sync 1 DAGs
[2026-03-16T16:21:40.563+0000] {logging_mixin.py:188} INFO - [2026-03-16T16:21:40.563+0000] {dag.py:3954} INFO - Setting next_dagrun for example_bash_decorator to None, run_after=None
[2026-03-16T16:21:40.589+0000] {processor.py:183} INFO - Processing /home/airflow/.local/lib/python3.12/site-packages/airflow/example_dags/example_bash_decorator.py took 0.098 seconds
[2026-03-16T16:22:10.810+0000] {processor.py:161} INFO - Started process (PID=2676) to work on /home/airflow/.local/lib/python3.12/site-packages/airflow/example_dags/example_bash_decorator.py
[2026-03-16T16:22:10.811+0000] {processor.py:830} INFO - Processing file /home/airflow/.local/lib/python3.12/site-packages/airflow/example_dags/example_bash_decorator.py for tasks to queue
[2026-03-16T16:22:10.814+0000] {logging_mixin.py:188} INFO - [2026-03-16T16:22:10.813+0000] {dagbag.py:545} INFO - Filling up the DagBag from /home/airflow/.local/lib/python3.12/site-packages/airflow/example_dags/example_bash_decorator.py
[2026-03-16T16:22:10.831+0000] {processor.py:840} INFO - DAG(s) 'example_bash_decorator' retrieved from /home/airflow/.local/lib/python3.12/site-packages/airflow/example_dags/example_bash_decorator.py
[2026-03-16T16:22:10.858+0000] {logging_mixin.py:188} INFO - [2026-03-16T16:22:10.858+0000] {dag.py:3096} INFO - Sync 1 DAGs
[2026-03-16T16:22:10.874+0000] {logging_mixin.py:188} INFO - [2026-03-16T16:22:10.874+0000] {dag.py:3954} INFO - Setting next_dagrun for example_bash_decorator to None, run_after=None
[2026-03-16T16:22:10.903+0000] {processor.py:183} INFO - Processing /home/airflow/.local/lib/python3.12/site-packages/airflow/example_dags/example_bash_decorator.py took 0.100 seconds
[2026-03-16T16:22:41.882+0000] {processor.py:161} INFO - Started process (PID=2740) to work on /home/airflow/.local/lib/python3.12/site-packages/airflow/example_dags/example_bash_decorator.py
[2026-03-16T16:22:41.892+0000] {processor.py:830} INFO - Processing file /home/airflow/.local/lib/python3.12/site-packages/airflow/example_dags/example_bash_decorator.py for tasks to queue
[2026-03-16T16:22:41.898+0000] {logging_mixin.py:188} INFO - [2026-03-16T16:22:41.897+0000] {dagbag.py:545} INFO - Filling up the DagBag from /home/airflow/.local/lib/python3.12/site-packages/airflow/example_dags/example_bash_decorator.py
[2026-03-16T16:22:41.941+0000] {processor.py:840} INFO - DAG(s) 'example_bash_decorator' retrieved from /home/airflow/.local/lib/python3.12/site-packages/airflow/example_dags/example_bash_decorator.py
[2026-03-16T16:22:41.999+0000] {logging_mixin.py:188} INFO - [2026-03-16T16:22:41.998+0000] {dag.py:3096} INFO - Sync 1 DAGs
[2026-03-16T16:22:42.018+0000] {logging_mixin.py:188} INFO - [2026-03-16T16:22:42.017+0000] {dag.py:3954} INFO - Setting next_dagrun for example_bash_decorator to None, run_after=None
[2026-03-16T16:22:42.047+0000] {processor.py:183} INFO - Processing /home/airflow/.local/lib/python3.12/site-packages/airflow/example_dags/example_bash_decorator.py took 0.185 seconds
[2026-03-16T16:23:12.141+0000] {processor.py:161} INFO - Started process (PID=2799) to work on /home/airflow/.local/lib/python3.12/site-packages/airflow/example_dags/example_bash_decorator.py
[2026-03-16T16:23:12.144+0000] {processor.py:830} INFO - Processing file /home/airflow/.local/lib/python3.12/site-packages/airflow/example_dags/example_bash_decorator.py for tasks to queue
[2026-03-16T16:23:12.146+0000] {logging_mixin.py:188} INFO - [2026-03-16T16:23:12.146+0000] {dagbag.py:545} INFO - Filling up the DagBag from /home/airflow/.local/lib/python3.12/site-packages/airflow/example_dags/example_bash_decorator.py
[2026-03-16T16:23:12.162+0000] {processor.py:840} INFO - DAG(s) 'example_bash_decorator' retrieved from /home/airflow/.local/lib/python3.12/site-packages/airflow/example_dags/example_bash_decorator.py
[2026-03-16T16:23:12.189+0000] {logging_mixin.py:188} INFO - [2026-03-16T16:23:12.189+0000] {dag.py:3096} INFO - Sync 1 DAGs
[2026-03-16T16:23:12.207+0000] {logging_mixin.py:188} INFO - [2026-03-16T16:23:12.207+0000] {dag.py:3954} INFO - Setting next_dagrun for example_bash_decorator to None, run_after=None
[2026-03-16T16:23:12.233+0000] {processor.py:183} INFO - Processing /home/airflow/.local/lib/python3.12/site-packages/airflow/example_dags/example_bash_decorator.py took 0.098 seconds
[2026-03-16T16:23:42.555+0000] {processor.py:161} INFO - Started process (PID=2858) to work on /home/airflow/.local/lib/python3.12/site-packages/airflow/example_dags/example_bash_decorator.py
[2026-03-16T16:23:42.557+0000] {processor.py:830} INFO - Processing file /home/airflow/.local/lib/python3.12/site-packages/airflow/example_dags/example_bash_decorator.py for tasks to queue
[2026-03-16T16:23:42.559+0000] {logging_mixin.py:188} INFO - [2026-03-16T16:23:42.558+0000] {dagbag.py:545} INFO - Filling up the DagBag from /home/airflow/.local/lib/python3.12/site-packages/airflow/example_dags/example_bash_decorator.py
[2026-03-16T16:23:42.580+0000] {processor.py:840} INFO - DAG(s) 'example_bash_decorator' retrieved from /home/airflow/.local/lib/python3.12/site-packages/airflow/example_dags/example_bash_decorator.py
[2026-03-16T16:23:42.619+0000] {logging_mixin.py:188} INFO - [2026-03-16T16:23:42.618+0000] {dag.py:3096} INFO - Sync 1 DAGs
[2026-03-16T16:23:42.642+0000] {logging_mixin.py:188} INFO - [2026-03-16T16:23:42.642+0000] {dag.py:3954} INFO - Setting next_dagrun for example_bash_decorator to None, run_after=None
[2026-03-16T16:23:42.682+0000] {processor.py:183} INFO - Processing /home/airflow/.local/lib/python3.12/site-packages/airflow/example_dags/example_bash_decorator.py took 0.135 seconds
[2026-03-16T16:24:12.772+0000] {processor.py:161} INFO - Started process (PID=2917) to work on /home/airflow/.local/lib/python3.12/site-packages/airflow/example_dags/example_bash_decorator.py
[2026-03-16T16:24:12.774+0000] {processor.py:830} INFO - Processing file /home/airflow/.local/lib/python3.12/site-packages/airflow/example_dags/example_bash_decorator.py for tasks to queue
[2026-03-16T16:24:12.776+0000] {logging_mixin.py:188} INFO - [2026-03-16T16:24:12.776+0000] {dagbag.py:545} INFO - Filling up the DagBag from /home/airflow/.local/lib/python3.12/site-packages/airflow/example_dags/example_bash_decorator.py
[2026-03-16T16:24:12.797+0000] {processor.py:840} INFO - DAG(s) 'example_bash_decorator' retrieved from /home/airflow/.local/lib/python3.12/site-packages/airflow/example_dags/example_bash_decorator.py
[2026-03-16T16:24:12.824+0000] {logging_mixin.py:188} INFO - [2026-03-16T16:24:12.824+0000] {dag.py:3096} INFO - Sync 1 DAGs
[2026-03-16T16:24:12.843+0000] {logging_mixin.py:188} INFO - [2026-03-16T16:24:12.842+0000] {dag.py:3954} INFO - Setting next_dagrun for example_bash_decorator to None, run_after=None
[2026-03-16T16:24:12.870+0000] {processor.py:183} INFO - Processing /home/airflow/.local/lib/python3.12/site-packages/airflow/example_dags/example_bash_decorator.py took 0.106 seconds
[2026-03-16T16:24:44.009+0000] {processor.py:161} INFO - Started process (PID=2976) to work on /home/airflow/.local/lib/python3.12/site-packages/airflow/example_dags/example_bash_decorator.py
[2026-03-16T16:24:44.012+0000] {processor.py:830} INFO - Processing file /home/airflow/.local/lib/python3.12/site-packages/airflow/example_dags/example_bash_decorator.py for tasks to queue
[2026-03-16T16:24:44.022+0000] {logging_mixin.py:188} INFO - [2026-03-16T16:24:44.022+0000] {dagbag.py:545} INFO - Filling up the DagBag from /home/airflow/.local/lib/python3.12/site-packages/airflow/example_dags/example_bash_decorator.py
[2026-03-16T16:24:44.050+0000] {processor.py:840} INFO - DAG(s) 'example_bash_decorator' retrieved from /home/airflow/.local/lib/python3.12/site-packages/airflow/example_dags/example_bash_decorator.py
[2026-03-16T16:24:44.117+0000] {logging_mixin.py:188} INFO - [2026-03-16T16:24:44.116+0000] {dag.py:3096} INFO - Sync 1 DAGs
[2026-03-16T16:24:44.155+0000] {logging_mixin.py:188} INFO - [2026-03-16T16:24:44.155+0000] {dag.py:3954} INFO - Setting next_dagrun for example_bash_decorator to None, run_after=None
[2026-03-16T16:24:44.215+0000] {processor.py:183} INFO - Processing /home/airflow/.local/lib/python3.12/site-packages/airflow/example_dags/example_bash_decorator.py took 0.242 seconds
[2026-03-16T16:25:14.349+0000] {processor.py:161} INFO - Started process (PID=3035) to work on /home/airflow/.local/lib/python3.12/site-packages/airflow/example_dags/example_bash_decorator.py
[2026-03-16T16:25:14.351+0000] {processor.py:830} INFO - Processing file /home/airflow/.local/lib/python3.12/site-packages/airflow/example_dags/example_bash_decorator.py for tasks to queue
[2026-03-16T16:25:14.354+0000] {logging_mixin.py:188} INFO - [2026-03-16T16:25:14.353+0000] {dagbag.py:545} INFO - Filling up the DagBag from /home/airflow/.local/lib/python3.12/site-packages/airflow/example_dags/example_bash_decorator.py
[2026-03-16T16:25:14.372+0000] {processor.py:840} INFO - DAG(s) 'example_bash_decorator' retrieved from /home/airflow/.local/lib/python3.12/site-packages/airflow/example_dags/example_bash_decorator.py
[2026-03-16T16:25:14.406+0000] {logging_mixin.py:188} INFO - [2026-03-16T16:25:14.406+0000] {dag.py:3096} INFO - Sync 1 DAGs
[2026-03-16T16:25:14.430+0000] {logging_mixin.py:188} INFO - [2026-03-16T16:25:14.430+0000] {dag.py:3954} INFO - Setting next_dagrun for example_bash_decorator to None, run_after=None
[2026-03-16T16:25:14.460+0000] {processor.py:183} INFO - Processing /home/airflow/.local/lib/python3.12/site-packages/airflow/example_dags/example_bash_decorator.py took 0.119 seconds
[2026-03-16T16:25:44.917+0000] {processor.py:161} INFO - Started process (PID=3094) to work on /home/airflow/.local/lib/python3.12/site-packages/airflow/example_dags/example_bash_decorator.py
[2026-03-16T16:25:44.922+0000] {processor.py:830} INFO - Processing file /home/airflow/.local/lib/python3.12/site-packages/airflow/example_dags/example_bash_decorator.py for tasks to queue
[2026-03-16T16:25:44.929+0000] {logging_mixin.py:188} INFO - [2026-03-16T16:25:44.928+0000] {dagbag.py:545} INFO - Filling up the DagBag from /home/airflow/.local/lib/python3.12/site-packages/airflow/example_dags/example_bash_decorator.py
[2026-03-16T16:25:44.962+0000] {processor.py:840} INFO - DAG(s) 'example_bash_decorator' retrieved from /home/airflow/.local/lib/python3.12/site-packages/airflow/example_dags/example_bash_decorator.py
[2026-03-16T16:25:45.014+0000] {logging_mixin.py:188} INFO - [2026-03-16T16:25:45.013+0000] {dag.py:3096} INFO - Sync 1 DAGs
[2026-03-16T16:25:45.034+0000] {logging_mixin.py:188} INFO - [2026-03-16T16:25:45.034+0000] {dag.py:3954} INFO - Setting next_dagrun for example_bash_decorator to None, run_after=None
[2026-03-16T16:25:45.068+0000] {processor.py:183} INFO - Processing /home/airflow/.local/lib/python3.12/site-packages/airflow/example_dags/example_bash_decorator.py took 0.166 seconds
[2026-03-16T16:26:15.236+0000] {processor.py:161} INFO - Started process (PID=3153) to work on /home/airflow/.local/lib/python3.12/site-packages/airflow/example_dags/example_bash_decorator.py
[2026-03-16T16:26:15.237+0000] {processor.py:830} INFO - Processing file /home/airflow/.local/lib/python3.12/site-packages/airflow/example_dags/example_bash_decorator.py for tasks to queue
[2026-03-16T16:26:15.241+0000] {logging_mixin.py:188} INFO - [2026-03-16T16:26:15.240+0000] {dagbag.py:545} INFO - Filling up the DagBag from /home/airflow/.local/lib/python3.12/site-packages/airflow/example_dags/example_bash_decorator.py
[2026-03-16T16:26:15.258+0000] {processor.py:840} INFO - DAG(s) 'example_bash_decorator' retrieved from /home/airflow/.local/lib/python3.12/site-packages/airflow/example_dags/example_bash_decorator.py
[2026-03-16T16:26:15.295+0000] {logging_mixin.py:188} INFO - [2026-03-16T16:26:15.295+0000] {dag.py:3096} INFO - Sync 1 DAGs
[2026-03-16T16:26:15.315+0000] {logging_mixin.py:188} INFO - [2026-03-16T16:26:15.314+0000] {dag.py:3954} INFO - Setting next_dagrun for example_bash_decorator to None, run_after=None
[2026-03-16T16:26:15.343+0000] {processor.py:183} INFO - Processing /home/airflow/.local/lib/python3.12/site-packages/airflow/example_dags/example_bash_decorator.py took 0.115 seconds
[2026-03-16T16:26:45.786+0000] {processor.py:161} INFO - Started process (PID=3212) to work on /home/airflow/.local/lib/python3.12/site-packages/airflow/example_dags/example_bash_decorator.py
[2026-03-16T16:26:45.788+0000] {processor.py:830} INFO - Processing file /home/airflow/.local/lib/python3.12/site-packages/airflow/example_dags/example_bash_decorator.py for tasks to queue
[2026-03-16T16:26:45.791+0000] {logging_mixin.py:188} INFO - [2026-03-16T16:26:45.790+0000] {dagbag.py:545} INFO - Filling up the DagBag from /home/airflow/.local/lib/python3.12/site-packages/airflow/example_dags/example_bash_decorator.py
[2026-03-16T16:26:45.816+0000] {processor.py:840} INFO - DAG(s) 'example_bash_decorator' retrieved from /home/airflow/.local/lib/python3.12/site-packages/airflow/example_dags/example_bash_decorator.py
[2026-03-16T16:26:45.860+0000] {logging_mixin.py:188} INFO - [2026-03-16T16:26:45.859+0000] {dag.py:3096} INFO - Sync 1 DAGs
[2026-03-16T16:26:45.879+0000] {logging_mixin.py:188} INFO - [2026-03-16T16:26:45.878+0000] {dag.py:3954} INFO - Setting next_dagrun for example_bash_decorator to None, run_after=None
[2026-03-16T16:26:45.912+0000] {processor.py:183} INFO - Processing /home/airflow/.local/lib/python3.12/site-packages/airflow/example_dags/example_bash_decorator.py took 0.136 seconds
[2026-03-16T16:27:16.798+0000] {processor.py:161} INFO - Started process (PID=3271) to work on /home/airflow/.local/lib/python3.12/site-packages/airflow/example_dags/example_bash_decorator.py
[2026-03-16T16:27:16.802+0000] {processor.py:830} INFO - Processing file /home/airflow/.local/lib/python3.12/site-packages/airflow/example_dags/example_bash_decorator.py for tasks to queue
[2026-03-16T16:27:16.805+0000] {logging_mixin.py:188} INFO - [2026-03-16T16:27:16.804+0000] {dagbag.py:545} INFO - Filling up the DagBag from /home/airflow/.local/lib/python3.12/site-packages/airflow/example_dags/example_bash_decorator.py
[2026-03-16T16:27:16.828+0000] {processor.py:840} INFO - DAG(s) 'example_bash_decorator' retrieved from /home/airflow/.local/lib/python3.12/site-packages/airflow/example_dags/example_bash_decorator.py
[2026-03-16T16:27:16.874+0000] {logging_mixin.py:188} INFO - [2026-03-16T16:27:16.874+0000] {dag.py:3096} INFO - Sync 1 DAGs
[2026-03-16T16:27:16.914+0000] {logging_mixin.py:188} INFO - [2026-03-16T16:27:16.913+0000] {dag.py:3954} INFO - Setting next_dagrun for example_bash_decorator to None, run_after=None
[2026-03-16T16:27:16.968+0000] {processor.py:183} INFO - Processing /home/airflow/.local/lib/python3.12/site-packages/airflow/example_dags/example_bash_decorator.py took 0.178 seconds
[2026-03-16T16:27:48.099+0000] {processor.py:161} INFO - Started process (PID=3331) to work on /home/airflow/.local/lib/python3.12/site-packages/airflow/example_dags/example_bash_decorator.py
[2026-03-16T16:27:48.100+0000] {processor.py:830} INFO - Processing file /home/airflow/.local/lib/python3.12/site-packages/airflow/example_dags/example_bash_decorator.py for tasks to queue
[2026-03-16T16:27:48.104+0000] {logging_mixin.py:188} INFO - [2026-03-16T16:27:48.103+0000] {dagbag.py:545} INFO - Filling up the DagBag from /home/airflow/.local/lib/python3.12/site-packages/airflow/example_dags/example_bash_decorator.py
[2026-03-16T16:27:48.154+0000] {processor.py:840} INFO - DAG(s) 'example_bash_decorator' retrieved from /home/airflow/.local/lib/python3.12/site-packages/airflow/example_dags/example_bash_decorator.py
[2026-03-16T16:27:48.250+0000] {logging_mixin.py:188} INFO - [2026-03-16T16:27:48.249+0000] {dag.py:3096} INFO - Sync 1 DAGs
[2026-03-16T16:27:48.389+0000] {logging_mixin.py:188} INFO - [2026-03-16T16:27:48.388+0000] {dag.py:3954} INFO - Setting next_dagrun for example_bash_decorator to None, run_after=None
[2026-03-16T16:27:48.493+0000] {processor.py:183} INFO - Processing /home/airflow/.local/lib/python3.12/site-packages/airflow/example_dags/example_bash_decorator.py took 0.405 seconds
[2026-03-16T16:28:23.371+0000] {processor.py:161} INFO - Started process (PID=3390) to work on /home/airflow/.local/lib/python3.12/site-packages/airflow/example_dags/example_bash_decorator.py
[2026-03-16T16:28:23.378+0000] {processor.py:830} INFO - Processing file /home/airflow/.local/lib/python3.12/site-packages/airflow/example_dags/example_bash_decorator.py for tasks to queue
[2026-03-16T16:28:23.400+0000] {logging_mixin.py:188} INFO - [2026-03-16T16:28:23.387+0000] {dagbag.py:545} INFO - Filling up the DagBag from /home/airflow/.local/lib/python3.12/site-packages/airflow/example_dags/example_bash_decorator.py
[2026-03-16T16:28:23.537+0000] {processor.py:840} INFO - DAG(s) 'example_bash_decorator' retrieved from /home/airflow/.local/lib/python3.12/site-packages/airflow/example_dags/example_bash_decorator.py
[2026-03-16T16:28:23.719+0000] {logging_mixin.py:188} INFO - [2026-03-16T16:28:23.718+0000] {dag.py:3096} INFO - Sync 1 DAGs
[2026-03-16T16:28:23.801+0000] {logging_mixin.py:188} INFO - [2026-03-16T16:28:23.801+0000] {dag.py:3954} INFO - Setting next_dagrun for example_bash_decorator to None, run_after=None
[2026-03-16T16:28:23.899+0000] {processor.py:183} INFO - Processing /home/airflow/.local/lib/python3.12/site-packages/airflow/example_dags/example_bash_decorator.py took 0.562 seconds
[2026-03-16T16:28:54.013+0000] {processor.py:161} INFO - Started process (PID=3449) to work on /home/airflow/.local/lib/python3.12/site-packages/airflow/example_dags/example_bash_decorator.py
[2026-03-16T16:28:54.014+0000] {processor.py:830} INFO - Processing file /home/airflow/.local/lib/python3.12/site-packages/airflow/example_dags/example_bash_decorator.py for tasks to queue
[2026-03-16T16:28:54.017+0000] {logging_mixin.py:188} INFO - [2026-03-16T16:28:54.016+0000] {dagbag.py:545} INFO - Filling up the DagBag from /home/airflow/.local/lib/python3.12/site-packages/airflow/example_dags/example_bash_decorator.py
[2026-03-16T16:28:54.033+0000] {processor.py:840} INFO - DAG(s) 'example_bash_decorator' retrieved from /home/airflow/.local/lib/python3.12/site-packages/airflow/example_dags/example_bash_decorator.py
[2026-03-16T16:28:54.067+0000] {logging_mixin.py:188} INFO - [2026-03-16T16:28:54.067+0000] {dag.py:3096} INFO - Sync 1 DAGs
[2026-03-16T16:28:54.084+0000] {logging_mixin.py:188} INFO - [2026-03-16T16:28:54.084+0000] {dag.py:3954} INFO - Setting next_dagrun for example_bash_decorator to None, run_after=None
[2026-03-16T16:28:54.111+0000] {processor.py:183} INFO - Processing /home/airflow/.local/lib/python3.12/site-packages/airflow/example_dags/example_bash_decorator.py took 0.106 seconds
[2026-03-16T16:29:24.646+0000] {processor.py:161} INFO - Started process (PID=3508) to work on /home/airflow/.local/lib/python3.12/site-packages/airflow/example_dags/example_bash_decorator.py
[2026-03-16T16:29:24.649+0000] {processor.py:830} INFO - Processing file /home/airflow/.local/lib/python3.12/site-packages/airflow/example_dags/example_bash_decorator.py for tasks to queue
[2026-03-16T16:29:24.652+0000] {logging_mixin.py:188} INFO - [2026-03-16T16:29:24.651+0000] {dagbag.py:545} INFO - Filling up the DagBag from /home/airflow/.local/lib/python3.12/site-packages/airflow/example_dags/example_bash_decorator.py
[2026-03-16T16:29:24.676+0000] {processor.py:840} INFO - DAG(s) 'example_bash_decorator' retrieved from /home/airflow/.local/lib/python3.12/site-packages/airflow/example_dags/example_bash_decorator.py
[2026-03-16T16:29:24.713+0000] {logging_mixin.py:188} INFO - [2026-03-16T16:29:24.713+0000] {dag.py:3096} INFO - Sync 1 DAGs
[2026-03-16T16:29:24.732+0000] {logging_mixin.py:188} INFO - [2026-03-16T16:29:24.732+0000] {dag.py:3954} INFO - Setting next_dagrun for example_bash_decorator to None, run_after=None
[2026-03-16T16:29:24.771+0000] {processor.py:183} INFO - Processing /home/airflow/.local/lib/python3.12/site-packages/airflow/example_dags/example_bash_decorator.py took 0.134 seconds
[2026-03-16T16:29:55.151+0000] {processor.py:161} INFO - Started process (PID=3567) to work on /home/airflow/.local/lib/python3.12/site-packages/airflow/example_dags/example_bash_decorator.py
[2026-03-16T16:29:55.152+0000] {processor.py:830} INFO - Processing file /home/airflow/.local/lib/python3.12/site-packages/airflow/example_dags/example_bash_decorator.py for tasks to queue
[2026-03-16T16:29:55.154+0000] {logging_mixin.py:188} INFO - [2026-03-16T16:29:55.154+0000] {dagbag.py:545} INFO - Filling up the DagBag from /home/airflow/.local/lib/python3.12/site-packages/airflow/example_dags/example_bash_decorator.py
[2026-03-16T16:29:55.169+0000] {processor.py:840} INFO - DAG(s) 'example_bash_decorator' retrieved from /home/airflow/.local/lib/python3.12/site-packages/airflow/example_dags/example_bash_decorator.py
[2026-03-16T16:29:55.197+0000] {logging_mixin.py:188} INFO - [2026-03-16T16:29:55.197+0000] {dag.py:3096} INFO - Sync 1 DAGs
[2026-03-16T16:29:55.211+0000] {logging_mixin.py:188} INFO - [2026-03-16T16:29:55.211+0000] {dag.py:3954} INFO - Setting next_dagrun for example_bash_decorator to None, run_after=None
[2026-03-16T16:29:55.241+0000] {processor.py:183} INFO - Processing /home/airflow/.local/lib/python3.12/site-packages/airflow/example_dags/example_bash_decorator.py took 0.097 seconds
[2026-03-16T16:30:25.440+0000] {processor.py:161} INFO - Started process (PID=3627) to work on /home/airflow/.local/lib/python3.12/site-packages/airflow/example_dags/example_bash_decorator.py
[2026-03-16T16:30:25.441+0000] {processor.py:830} INFO - Processing file /home/airflow/.local/lib/python3.12/site-packages/airflow/example_dags/example_bash_decorator.py for tasks to queue
[2026-03-16T16:30:25.443+0000] {logging_mixin.py:188} INFO - [2026-03-16T16:30:25.443+0000] {dagbag.py:545} INFO - Filling up the DagBag from /home/airflow/.local/lib/python3.12/site-packages/airflow/example_dags/example_bash_decorator.py
[2026-03-16T16:30:25.462+0000] {processor.py:840} INFO - DAG(s) 'example_bash_decorator' retrieved from /home/airflow/.local/lib/python3.12/site-packages/airflow/example_dags/example_bash_decorator.py
[2026-03-16T16:30:25.488+0000] {logging_mixin.py:188} INFO - [2026-03-16T16:30:25.487+0000] {dag.py:3096} INFO - Sync 1 DAGs
[2026-03-16T16:30:25.502+0000] {logging_mixin.py:188} INFO - [2026-03-16T16:30:25.502+0000] {dag.py:3954} INFO - Setting next_dagrun for example_bash_decorator to None, run_after=None
[2026-03-16T16:30:25.528+0000] {processor.py:183} INFO - Processing /home/airflow/.local/lib/python3.12/site-packages/airflow/example_dags/example_bash_decorator.py took 0.095 seconds
[2026-03-16T16:30:56.431+0000] {processor.py:161} INFO - Started process (PID=3686) to work on /home/airflow/.local/lib/python3.12/site-packages/airflow/example_dags/example_bash_decorator.py
[2026-03-16T16:30:56.434+0000] {processor.py:830} INFO - Processing file /home/airflow/.local/lib/python3.12/site-packages/airflow/example_dags/example_bash_decorator.py for tasks to queue
[2026-03-16T16:30:56.473+0000] {logging_mixin.py:188} INFO - [2026-03-16T16:30:56.473+0000] {dagbag.py:545} INFO - Filling up the DagBag from /home/airflow/.local/lib/python3.12/site-packages/airflow/example_dags/example_bash_decorator.py
[2026-03-16T16:30:56.523+0000] {processor.py:840} INFO - DAG(s) 'example_bash_decorator' retrieved from /home/airflow/.local/lib/python3.12/site-packages/airflow/example_dags/example_bash_decorator.py
[2026-03-16T16:30:56.609+0000] {logging_mixin.py:188} INFO - [2026-03-16T16:30:56.609+0000] {dag.py:3096} INFO - Sync 1 DAGs
[2026-03-16T16:30:56.634+0000] {logging_mixin.py:188} INFO - [2026-03-16T16:30:56.633+0000] {dag.py:3954} INFO - Setting next_dagrun for example_bash_decorator to None, run_after=None
[2026-03-16T16:30:56.681+0000] {processor.py:183} INFO - Processing /home/airflow/.local/lib/python3.12/site-packages/airflow/example_dags/example_bash_decorator.py took 0.263 seconds
[2026-03-16T16:31:27.255+0000] {processor.py:161} INFO - Started process (PID=3744) to work on /home/airflow/.local/lib/python3.12/site-packages/airflow/example_dags/example_bash_decorator.py
[2026-03-16T16:31:27.257+0000] {processor.py:830} INFO - Processing file /home/airflow/.local/lib/python3.12/site-packages/airflow/example_dags/example_bash_decorator.py for tasks to queue
[2026-03-16T16:31:27.259+0000] {logging_mixin.py:188} INFO - [2026-03-16T16:31:27.259+0000] {dagbag.py:545} INFO - Filling up the DagBag from /home/airflow/.local/lib/python3.12/site-packages/airflow/example_dags/example_bash_decorator.py
[2026-03-16T16:31:27.277+0000] {processor.py:840} INFO - DAG(s) 'example_bash_decorator' retrieved from /home/airflow/.local/lib/python3.12/site-packages/airflow/example_dags/example_bash_decorator.py
[2026-03-16T16:31:27.307+0000] {logging_mixin.py:188} INFO - [2026-03-16T16:31:27.306+0000] {dag.py:3096} INFO - Sync 1 DAGs
[2026-03-16T16:31:27.324+0000] {logging_mixin.py:188} INFO - [2026-03-16T16:31:27.324+0000] {dag.py:3954} INFO - Setting next_dagrun for example_bash_decorator to None, run_after=None
[2026-03-16T16:31:27.350+0000] {processor.py:183} INFO - Processing /home/airflow/.local/lib/python3.12/site-packages/airflow/example_dags/example_bash_decorator.py took 0.104 seconds
[2026-03-16T16:31:58.274+0000] {processor.py:161} INFO - Started process (PID=3803) to work on /home/airflow/.local/lib/python3.12/site-packages/airflow/example_dags/example_bash_decorator.py
[2026-03-16T16:31:58.276+0000] {processor.py:830} INFO - Processing file /home/airflow/.local/lib/python3.12/site-packages/airflow/example_dags/example_bash_decorator.py for tasks to queue
[2026-03-16T16:31:58.278+0000] {logging_mixin.py:188} INFO - [2026-03-16T16:31:58.278+0000] {dagbag.py:545} INFO - Filling up the DagBag from /home/airflow/.local/lib/python3.12/site-packages/airflow/example_dags/example_bash_decorator.py
[2026-03-16T16:31:58.298+0000] {processor.py:840} INFO - DAG(s) 'example_bash_decorator' retrieved from /home/airflow/.local/lib/python3.12/site-packages/airflow/example_dags/example_bash_decorator.py
[2026-03-16T16:31:58.327+0000] {logging_mixin.py:188} INFO - [2026-03-16T16:31:58.327+0000] {dag.py:3096} INFO - Sync 1 DAGs
[2026-03-16T16:31:58.343+0000] {logging_mixin.py:188} INFO - [2026-03-16T16:31:58.342+0000] {dag.py:3954} INFO - Setting next_dagrun for example_bash_decorator to None, run_after=None
[2026-03-16T16:31:58.373+0000] {processor.py:183} INFO - Processing /home/airflow/.local/lib/python3.12/site-packages/airflow/example_dags/example_bash_decorator.py took 0.108 seconds
[2026-03-16T16:32:29.320+0000] {processor.py:161} INFO - Started process (PID=3862) to work on /home/airflow/.local/lib/python3.12/site-packages/airflow/example_dags/example_bash_decorator.py
[2026-03-16T16:32:29.322+0000] {processor.py:830} INFO - Processing file /home/airflow/.local/lib/python3.12/site-packages/airflow/example_dags/example_bash_decorator.py for tasks to queue
[2026-03-16T16:32:29.326+0000] {logging_mixin.py:188} INFO - [2026-03-16T16:32:29.326+0000] {dagbag.py:545} INFO - Filling up the DagBag from /home/airflow/.local/lib/python3.12/site-packages/airflow/example_dags/example_bash_decorator.py
[2026-03-16T16:32:29.391+0000] {processor.py:840} INFO - DAG(s) 'example_bash_decorator' retrieved from /home/airflow/.local/lib/python3.12/site-packages/airflow/example_dags/example_bash_decorator.py
[2026-03-16T16:32:29.482+0000] {logging_mixin.py:188} INFO - [2026-03-16T16:32:29.481+0000] {dag.py:3096} INFO - Sync 1 DAGs
[2026-03-16T16:32:29.570+0000] {logging_mixin.py:188} INFO - [2026-03-16T16:32:29.558+0000] {dag.py:3954} INFO - Setting next_dagrun for example_bash_decorator to None, run_after=None
[2026-03-16T16:32:29.713+0000] {processor.py:183} INFO - Processing /home/airflow/.local/lib/python3.12/site-packages/airflow/example_dags/example_bash_decorator.py took 0.421 seconds
[2026-03-16T16:33:01.222+0000] {processor.py:161} INFO - Started process (PID=3921) to work on /home/airflow/.local/lib/python3.12/site-packages/airflow/example_dags/example_bash_decorator.py
[2026-03-16T16:33:01.234+0000] {processor.py:830} INFO - Processing file /home/airflow/.local/lib/python3.12/site-packages/airflow/example_dags/example_bash_decorator.py for tasks to queue
[2026-03-16T16:33:01.240+0000] {logging_mixin.py:188} INFO - [2026-03-16T16:33:01.239+0000] {dagbag.py:545} INFO - Filling up the DagBag from /home/airflow/.local/lib/python3.12/site-packages/airflow/example_dags/example_bash_decorator.py
[2026-03-16T16:33:01.292+0000] {processor.py:840} INFO - DAG(s) 'example_bash_decorator' retrieved from /home/airflow/.local/lib/python3.12/site-packages/airflow/example_dags/example_bash_decorator.py
[2026-03-16T16:33:01.378+0000] {logging_mixin.py:188} INFO - [2026-03-16T16:33:01.377+0000] {dag.py:3096} INFO - Sync 1 DAGs
[2026-03-16T16:33:01.412+0000] {logging_mixin.py:188} INFO - [2026-03-16T16:33:01.411+0000] {dag.py:3954} INFO - Setting next_dagrun for example_bash_decorator to None, run_after=None
[2026-03-16T16:33:01.474+0000] {processor.py:183} INFO - Processing /home/airflow/.local/lib/python3.12/site-packages/airflow/example_dags/example_bash_decorator.py took 0.272 seconds
[2026-03-16T16:33:32.270+0000] {processor.py:161} INFO - Started process (PID=3980) to work on /home/airflow/.local/lib/python3.12/site-packages/airflow/example_dags/example_bash_decorator.py
[2026-03-16T16:33:32.287+0000] {processor.py:830} INFO - Processing file /home/airflow/.local/lib/python3.12/site-packages/airflow/example_dags/example_bash_decorator.py for tasks to queue
[2026-03-16T16:33:32.291+0000] {logging_mixin.py:188} INFO - [2026-03-16T16:33:32.290+0000] {dagbag.py:545} INFO - Filling up the DagBag from /home/airflow/.local/lib/python3.12/site-packages/airflow/example_dags/example_bash_decorator.py
[2026-03-16T16:33:32.318+0000] {processor.py:840} INFO - DAG(s) 'example_bash_decorator' retrieved from /home/airflow/.local/lib/python3.12/site-packages/airflow/example_dags/example_bash_decorator.py
[2026-03-16T16:33:32.356+0000] {logging_mixin.py:188} INFO - [2026-03-16T16:33:32.356+0000] {dag.py:3096} INFO - Sync 1 DAGs
[2026-03-16T16:33:32.382+0000] {logging_mixin.py:188} INFO - [2026-03-16T16:33:32.381+0000] {dag.py:3954} INFO - Setting next_dagrun for example_bash_decorator to None, run_after=None
[2026-03-16T16:33:32.415+0000] {processor.py:183} INFO - Processing /home/airflow/.local/lib/python3.12/site-packages/airflow/example_dags/example_bash_decorator.py took 0.167 seconds
[2026-03-16T16:34:02.835+0000] {processor.py:161} INFO - Started process (PID=4039) to work on /home/airflow/.local/lib/python3.12/site-packages/airflow/example_dags/example_bash_decorator.py
[2026-03-16T16:34:02.837+0000] {processor.py:830} INFO - Processing file /home/airflow/.local/lib/python3.12/site-packages/airflow/example_dags/example_bash_decorator.py for tasks to queue
[2026-03-16T16:34:02.839+0000] {logging_mixin.py:188} INFO - [2026-03-16T16:34:02.839+0000] {dagbag.py:545} INFO - Filling up the DagBag from /home/airflow/.local/lib/python3.12/site-packages/airflow/example_dags/example_bash_decorator.py
[2026-03-16T16:34:02.859+0000] {processor.py:840} INFO - DAG(s) 'example_bash_decorator' retrieved from /home/airflow/.local/lib/python3.12/site-packages/airflow/example_dags/example_bash_decorator.py
[2026-03-16T16:34:02.890+0000] {logging_mixin.py:188} INFO - [2026-03-16T16:34:02.890+0000] {dag.py:3096} INFO - Sync 1 DAGs
[2026-03-16T16:34:02.912+0000] {logging_mixin.py:188} INFO - [2026-03-16T16:34:02.912+0000] {dag.py:3954} INFO - Setting next_dagrun for example_bash_decorator to None, run_after=None
[2026-03-16T16:34:02.947+0000] {processor.py:183} INFO - Processing /home/airflow/.local/lib/python3.12/site-packages/airflow/example_dags/example_bash_decorator.py took 0.120 seconds
[2026-03-16T16:34:33.653+0000] {processor.py:161} INFO - Started process (PID=4097) to work on /home/airflow/.local/lib/python3.12/site-packages/airflow/example_dags/example_bash_decorator.py
[2026-03-16T16:34:33.654+0000] {processor.py:830} INFO - Processing file /home/airflow/.local/lib/python3.12/site-packages/airflow/example_dags/example_bash_decorator.py for tasks to queue
[2026-03-16T16:34:33.658+0000] {logging_mixin.py:188} INFO - [2026-03-16T16:34:33.657+0000] {dagbag.py:545} INFO - Filling up the DagBag from /home/airflow/.local/lib/python3.12/site-packages/airflow/example_dags/example_bash_decorator.py
[2026-03-16T16:34:33.675+0000] {processor.py:840} INFO - DAG(s) 'example_bash_decorator' retrieved from /home/airflow/.local/lib/python3.12/site-packages/airflow/example_dags/example_bash_decorator.py
[2026-03-16T16:34:33.712+0000] {logging_mixin.py:188} INFO - [2026-03-16T16:34:33.712+0000] {dag.py:3096} INFO - Sync 1 DAGs
[2026-03-16T16:34:33.729+0000] {logging_mixin.py:188} INFO - [2026-03-16T16:34:33.729+0000] {dag.py:3954} INFO - Setting next_dagrun for example_bash_decorator to None, run_after=None
[2026-03-16T16:34:33.758+0000] {processor.py:183} INFO - Processing /home/airflow/.local/lib/python3.12/site-packages/airflow/example_dags/example_bash_decorator.py took 0.113 seconds
[2026-03-16T16:35:04.053+0000] {processor.py:161} INFO - Started process (PID=4156) to work on /home/airflow/.local/lib/python3.12/site-packages/airflow/example_dags/example_bash_decorator.py
[2026-03-16T16:35:04.054+0000] {processor.py:830} INFO - Processing file /home/airflow/.local/lib/python3.12/site-packages/airflow/example_dags/example_bash_decorator.py for tasks to queue
[2026-03-16T16:35:04.057+0000] {logging_mixin.py:188} INFO - [2026-03-16T16:35:04.056+0000] {dagbag.py:545} INFO - Filling up the DagBag from /home/airflow/.local/lib/python3.12/site-packages/airflow/example_dags/example_bash_decorator.py
[2026-03-16T16:35:04.078+0000] {processor.py:840} INFO - DAG(s) 'example_bash_decorator' retrieved from /home/airflow/.local/lib/python3.12/site-packages/airflow/example_dags/example_bash_decorator.py
[2026-03-16T16:35:04.112+0000] {logging_mixin.py:188} INFO - [2026-03-16T16:35:04.111+0000] {dag.py:3096} INFO - Sync 1 DAGs
[2026-03-16T16:35:04.136+0000] {logging_mixin.py:188} INFO - [2026-03-16T16:35:04.136+0000] {dag.py:3954} INFO - Setting next_dagrun for example_bash_decorator to None, run_after=None
[2026-03-16T16:35:04.198+0000] {processor.py:183} INFO - Processing /home/airflow/.local/lib/python3.12/site-packages/airflow/example_dags/example_bash_decorator.py took 0.154 seconds
[2026-03-16T16:35:34.791+0000] {processor.py:161} INFO - Started process (PID=4215) to work on /home/airflow/.local/lib/python3.12/site-packages/airflow/example_dags/example_bash_decorator.py
[2026-03-16T16:35:34.793+0000] {processor.py:830} INFO - Processing file /home/airflow/.local/lib/python3.12/site-packages/airflow/example_dags/example_bash_decorator.py for tasks to queue
[2026-03-16T16:35:34.796+0000] {logging_mixin.py:188} INFO - [2026-03-16T16:35:34.796+0000] {dagbag.py:545} INFO - Filling up the DagBag from /home/airflow/.local/lib/python3.12/site-packages/airflow/example_dags/example_bash_decorator.py
[2026-03-16T16:35:34.816+0000] {processor.py:840} INFO - DAG(s) 'example_bash_decorator' retrieved from /home/airflow/.local/lib/python3.12/site-packages/airflow/example_dags/example_bash_decorator.py
[2026-03-16T16:35:34.874+0000] {logging_mixin.py:188} INFO - [2026-03-16T16:35:34.874+0000] {dag.py:3096} INFO - Sync 1 DAGs
[2026-03-16T16:35:34.894+0000] {logging_mixin.py:188} INFO - [2026-03-16T16:35:34.894+0000] {dag.py:3954} INFO - Setting next_dagrun for example_bash_decorator to None, run_after=None
[2026-03-16T16:35:34.937+0000] {processor.py:183} INFO - Processing /home/airflow/.local/lib/python3.12/site-packages/airflow/example_dags/example_bash_decorator.py took 0.158 seconds
[2026-03-16T16:36:06.021+0000] {processor.py:161} INFO - Started process (PID=4274) to work on /home/airflow/.local/lib/python3.12/site-packages/airflow/example_dags/example_bash_decorator.py
[2026-03-16T16:36:06.023+0000] {processor.py:830} INFO - Processing file /home/airflow/.local/lib/python3.12/site-packages/airflow/example_dags/example_bash_decorator.py for tasks to queue
[2026-03-16T16:36:06.029+0000] {logging_mixin.py:188} INFO - [2026-03-16T16:36:06.029+0000] {dagbag.py:545} INFO - Filling up the DagBag from /home/airflow/.local/lib/python3.12/site-packages/airflow/example_dags/example_bash_decorator.py
[2026-03-16T16:36:06.054+0000] {processor.py:840} INFO - DAG(s) 'example_bash_decorator' retrieved from /home/airflow/.local/lib/python3.12/site-packages/airflow/example_dags/example_bash_decorator.py
[2026-03-16T16:36:06.092+0000] {logging_mixin.py:188} INFO - [2026-03-16T16:36:06.092+0000] {dag.py:3096} INFO - Sync 1 DAGs
[2026-03-16T16:36:06.109+0000] {logging_mixin.py:188} INFO - [2026-03-16T16:36:06.109+0000] {dag.py:3954} INFO - Setting next_dagrun for example_bash_decorator to None, run_after=None
[2026-03-16T16:36:06.137+0000] {processor.py:183} INFO - Processing /home/airflow/.local/lib/python3.12/site-packages/airflow/example_dags/example_bash_decorator.py took 0.125 seconds
