[2026-03-16T15:59:08.027+0000] {processor.py:161} INFO - Started process (PID=82) to work on /home/airflow/.local/lib/python3.12/site-packages/airflow/example_dags/example_nested_branch_dag.py
[2026-03-16T15:59:08.044+0000] {processor.py:830} INFO - Processing file /home/airflow/.local/lib/python3.12/site-packages/airflow/example_dags/example_nested_branch_dag.py for tasks to queue
[2026-03-16T15:59:08.129+0000] {logging_mixin.py:188} INFO - [2026-03-16T15:59:08.129+0000] {dagbag.py:545} INFO - Filling up the DagBag from /home/airflow/.local/lib/python3.12/site-packages/airflow/example_dags/example_nested_branch_dag.py
[2026-03-16T15:59:11.274+0000] {logging_mixin.py:188} INFO - [2026-03-16T15:59:11.274+0000] {process_utils.py:263} INFO - Waiting up to 5 seconds for processes to exit...
[2026-03-16T15:59:35.939+0000] {processor.py:161} INFO - Started process (PID=58) to work on /home/airflow/.local/lib/python3.12/site-packages/airflow/example_dags/example_nested_branch_dag.py
[2026-03-16T15:59:35.942+0000] {processor.py:830} INFO - Processing file /home/airflow/.local/lib/python3.12/site-packages/airflow/example_dags/example_nested_branch_dag.py for tasks to queue
[2026-03-16T15:59:35.945+0000] {logging_mixin.py:188} INFO - [2026-03-16T15:59:35.944+0000] {dagbag.py:545} INFO - Filling up the DagBag from /home/airflow/.local/lib/python3.12/site-packages/airflow/example_dags/example_nested_branch_dag.py
[2026-03-16T15:59:35.962+0000] {processor.py:840} INFO - DAG(s) 'example_nested_branch_dag' retrieved from /home/airflow/.local/lib/python3.12/site-packages/airflow/example_dags/example_nested_branch_dag.py
[2026-03-16T15:59:36.101+0000] {logging_mixin.py:188} INFO - [2026-03-16T15:59:36.101+0000] {dag.py:3096} INFO - Sync 1 DAGs
[2026-03-16T15:59:36.131+0000] {logging_mixin.py:188} INFO - [2026-03-16T15:59:36.130+0000] {dag.py:3954} INFO - Setting next_dagrun for example_nested_branch_dag to 2026-03-15 00:00:00+00:00, run_after=2026-03-16 00:00:00+00:00
[2026-03-16T15:59:36.165+0000] {processor.py:183} INFO - Processing /home/airflow/.local/lib/python3.12/site-packages/airflow/example_dags/example_nested_branch_dag.py took 0.233 seconds
[2026-03-16T16:00:06.617+0000] {processor.py:161} INFO - Started process (PID=124) to work on /home/airflow/.local/lib/python3.12/site-packages/airflow/example_dags/example_nested_branch_dag.py
[2026-03-16T16:00:06.619+0000] {processor.py:830} INFO - Processing file /home/airflow/.local/lib/python3.12/site-packages/airflow/example_dags/example_nested_branch_dag.py for tasks to queue
[2026-03-16T16:00:06.622+0000] {logging_mixin.py:188} INFO - [2026-03-16T16:00:06.622+0000] {dagbag.py:545} INFO - Filling up the DagBag from /home/airflow/.local/lib/python3.12/site-packages/airflow/example_dags/example_nested_branch_dag.py
[2026-03-16T16:00:06.638+0000] {processor.py:840} INFO - DAG(s) 'example_nested_branch_dag' retrieved from /home/airflow/.local/lib/python3.12/site-packages/airflow/example_dags/example_nested_branch_dag.py
[2026-03-16T16:00:06.676+0000] {logging_mixin.py:188} INFO - [2026-03-16T16:00:06.676+0000] {dag.py:3096} INFO - Sync 1 DAGs
[2026-03-16T16:00:06.737+0000] {logging_mixin.py:188} INFO - [2026-03-16T16:00:06.737+0000] {dag.py:3954} INFO - Setting next_dagrun for example_nested_branch_dag to 2026-03-15 00:00:00+00:00, run_after=2026-03-16 00:00:00+00:00
[2026-03-16T16:00:06.788+0000] {processor.py:183} INFO - Processing /home/airflow/.local/lib/python3.12/site-packages/airflow/example_dags/example_nested_branch_dag.py took 0.179 seconds
[2026-03-16T16:00:37.440+0000] {processor.py:161} INFO - Started process (PID=183) to work on /home/airflow/.local/lib/python3.12/site-packages/airflow/example_dags/example_nested_branch_dag.py
[2026-03-16T16:00:37.443+0000] {processor.py:830} INFO - Processing file /home/airflow/.local/lib/python3.12/site-packages/airflow/example_dags/example_nested_branch_dag.py for tasks to queue
[2026-03-16T16:00:37.446+0000] {logging_mixin.py:188} INFO - [2026-03-16T16:00:37.445+0000] {dagbag.py:545} INFO - Filling up the DagBag from /home/airflow/.local/lib/python3.12/site-packages/airflow/example_dags/example_nested_branch_dag.py
[2026-03-16T16:00:37.460+0000] {processor.py:840} INFO - DAG(s) 'example_nested_branch_dag' retrieved from /home/airflow/.local/lib/python3.12/site-packages/airflow/example_dags/example_nested_branch_dag.py
[2026-03-16T16:00:37.498+0000] {logging_mixin.py:188} INFO - [2026-03-16T16:00:37.497+0000] {dag.py:3096} INFO - Sync 1 DAGs
[2026-03-16T16:00:37.563+0000] {logging_mixin.py:188} INFO - [2026-03-16T16:00:37.562+0000] {dag.py:3954} INFO - Setting next_dagrun for example_nested_branch_dag to 2026-03-15 00:00:00+00:00, run_after=2026-03-16 00:00:00+00:00
[2026-03-16T16:00:37.608+0000] {processor.py:183} INFO - Processing /home/airflow/.local/lib/python3.12/site-packages/airflow/example_dags/example_nested_branch_dag.py took 0.179 seconds
[2026-03-16T16:01:08.493+0000] {processor.py:161} INFO - Started process (PID=242) to work on /home/airflow/.local/lib/python3.12/site-packages/airflow/example_dags/example_nested_branch_dag.py
[2026-03-16T16:01:08.495+0000] {processor.py:830} INFO - Processing file /home/airflow/.local/lib/python3.12/site-packages/airflow/example_dags/example_nested_branch_dag.py for tasks to queue
[2026-03-16T16:01:08.498+0000] {logging_mixin.py:188} INFO - [2026-03-16T16:01:08.498+0000] {dagbag.py:545} INFO - Filling up the DagBag from /home/airflow/.local/lib/python3.12/site-packages/airflow/example_dags/example_nested_branch_dag.py
[2026-03-16T16:01:08.511+0000] {processor.py:840} INFO - DAG(s) 'example_nested_branch_dag' retrieved from /home/airflow/.local/lib/python3.12/site-packages/airflow/example_dags/example_nested_branch_dag.py
[2026-03-16T16:01:08.543+0000] {logging_mixin.py:188} INFO - [2026-03-16T16:01:08.543+0000] {dag.py:3096} INFO - Sync 1 DAGs
[2026-03-16T16:01:08.587+0000] {logging_mixin.py:188} INFO - [2026-03-16T16:01:08.587+0000] {dag.py:3954} INFO - Setting next_dagrun for example_nested_branch_dag to 2026-03-15 00:00:00+00:00, run_after=2026-03-16 00:00:00+00:00
[2026-03-16T16:01:08.617+0000] {processor.py:183} INFO - Processing /home/airflow/.local/lib/python3.12/site-packages/airflow/example_dags/example_nested_branch_dag.py took 0.133 seconds
[2026-03-16T16:01:40.128+0000] {processor.py:161} INFO - Started process (PID=301) to work on /home/airflow/.local/lib/python3.12/site-packages/airflow/example_dags/example_nested_branch_dag.py
[2026-03-16T16:01:40.129+0000] {processor.py:830} INFO - Processing file /home/airflow/.local/lib/python3.12/site-packages/airflow/example_dags/example_nested_branch_dag.py for tasks to queue
[2026-03-16T16:01:40.132+0000] {logging_mixin.py:188} INFO - [2026-03-16T16:01:40.131+0000] {dagbag.py:545} INFO - Filling up the DagBag from /home/airflow/.local/lib/python3.12/site-packages/airflow/example_dags/example_nested_branch_dag.py
[2026-03-16T16:01:40.146+0000] {processor.py:840} INFO - DAG(s) 'example_nested_branch_dag' retrieved from /home/airflow/.local/lib/python3.12/site-packages/airflow/example_dags/example_nested_branch_dag.py
[2026-03-16T16:01:40.173+0000] {logging_mixin.py:188} INFO - [2026-03-16T16:01:40.172+0000] {dag.py:3096} INFO - Sync 1 DAGs
[2026-03-16T16:01:40.204+0000] {logging_mixin.py:188} INFO - [2026-03-16T16:01:40.204+0000] {dag.py:3954} INFO - Setting next_dagrun for example_nested_branch_dag to 2026-03-15 00:00:00+00:00, run_after=2026-03-16 00:00:00+00:00
[2026-03-16T16:01:40.232+0000] {processor.py:183} INFO - Processing /home/airflow/.local/lib/python3.12/site-packages/airflow/example_dags/example_nested_branch_dag.py took 0.113 seconds
[2026-03-16T16:02:10.314+0000] {processor.py:161} INFO - Started process (PID=360) to work on /home/airflow/.local/lib/python3.12/site-packages/airflow/example_dags/example_nested_branch_dag.py
[2026-03-16T16:02:10.317+0000] {processor.py:830} INFO - Processing file /home/airflow/.local/lib/python3.12/site-packages/airflow/example_dags/example_nested_branch_dag.py for tasks to queue
[2026-03-16T16:02:10.320+0000] {logging_mixin.py:188} INFO - [2026-03-16T16:02:10.319+0000] {dagbag.py:545} INFO - Filling up the DagBag from /home/airflow/.local/lib/python3.12/site-packages/airflow/example_dags/example_nested_branch_dag.py
[2026-03-16T16:02:10.339+0000] {processor.py:840} INFO - DAG(s) 'example_nested_branch_dag' retrieved from /home/airflow/.local/lib/python3.12/site-packages/airflow/example_dags/example_nested_branch_dag.py
[2026-03-16T16:02:10.371+0000] {logging_mixin.py:188} INFO - [2026-03-16T16:02:10.370+0000] {dag.py:3096} INFO - Sync 1 DAGs
[2026-03-16T16:02:10.404+0000] {logging_mixin.py:188} INFO - [2026-03-16T16:02:10.404+0000] {dag.py:3954} INFO - Setting next_dagrun for example_nested_branch_dag to 2026-03-15 00:00:00+00:00, run_after=2026-03-16 00:00:00+00:00
[2026-03-16T16:02:10.434+0000] {processor.py:183} INFO - Processing /home/airflow/.local/lib/python3.12/site-packages/airflow/example_dags/example_nested_branch_dag.py took 0.130 seconds
[2026-03-16T16:02:40.595+0000] {processor.py:161} INFO - Started process (PID=419) to work on /home/airflow/.local/lib/python3.12/site-packages/airflow/example_dags/example_nested_branch_dag.py
[2026-03-16T16:02:40.597+0000] {processor.py:830} INFO - Processing file /home/airflow/.local/lib/python3.12/site-packages/airflow/example_dags/example_nested_branch_dag.py for tasks to queue
[2026-03-16T16:02:40.600+0000] {logging_mixin.py:188} INFO - [2026-03-16T16:02:40.599+0000] {dagbag.py:545} INFO - Filling up the DagBag from /home/airflow/.local/lib/python3.12/site-packages/airflow/example_dags/example_nested_branch_dag.py
[2026-03-16T16:02:40.615+0000] {processor.py:840} INFO - DAG(s) 'example_nested_branch_dag' retrieved from /home/airflow/.local/lib/python3.12/site-packages/airflow/example_dags/example_nested_branch_dag.py
[2026-03-16T16:02:40.666+0000] {logging_mixin.py:188} INFO - [2026-03-16T16:02:40.666+0000] {dag.py:3096} INFO - Sync 1 DAGs
[2026-03-16T16:02:40.703+0000] {logging_mixin.py:188} INFO - [2026-03-16T16:02:40.703+0000] {dag.py:3954} INFO - Setting next_dagrun for example_nested_branch_dag to 2026-03-15 00:00:00+00:00, run_after=2026-03-16 00:00:00+00:00
[2026-03-16T16:02:40.757+0000] {processor.py:183} INFO - Processing /home/airflow/.local/lib/python3.12/site-packages/airflow/example_dags/example_nested_branch_dag.py took 0.171 seconds
[2026-03-16T16:03:11.203+0000] {processor.py:161} INFO - Started process (PID=478) to work on /home/airflow/.local/lib/python3.12/site-packages/airflow/example_dags/example_nested_branch_dag.py
[2026-03-16T16:03:11.204+0000] {processor.py:830} INFO - Processing file /home/airflow/.local/lib/python3.12/site-packages/airflow/example_dags/example_nested_branch_dag.py for tasks to queue
[2026-03-16T16:03:11.208+0000] {logging_mixin.py:188} INFO - [2026-03-16T16:03:11.207+0000] {dagbag.py:545} INFO - Filling up the DagBag from /home/airflow/.local/lib/python3.12/site-packages/airflow/example_dags/example_nested_branch_dag.py
[2026-03-16T16:03:11.240+0000] {processor.py:840} INFO - DAG(s) 'example_nested_branch_dag' retrieved from /home/airflow/.local/lib/python3.12/site-packages/airflow/example_dags/example_nested_branch_dag.py
[2026-03-16T16:03:11.321+0000] {logging_mixin.py:188} INFO - [2026-03-16T16:03:11.320+0000] {dag.py:3096} INFO - Sync 1 DAGs
[2026-03-16T16:03:11.421+0000] {logging_mixin.py:188} INFO - [2026-03-16T16:03:11.421+0000] {dag.py:3954} INFO - Setting next_dagrun for example_nested_branch_dag to 2026-03-15 00:00:00+00:00, run_after=2026-03-16 00:00:00+00:00
[2026-03-16T16:03:11.479+0000] {processor.py:183} INFO - Processing /home/airflow/.local/lib/python3.12/site-packages/airflow/example_dags/example_nested_branch_dag.py took 0.294 seconds
[2026-03-16T16:03:41.679+0000] {processor.py:161} INFO - Started process (PID=537) to work on /home/airflow/.local/lib/python3.12/site-packages/airflow/example_dags/example_nested_branch_dag.py
[2026-03-16T16:03:41.680+0000] {processor.py:830} INFO - Processing file /home/airflow/.local/lib/python3.12/site-packages/airflow/example_dags/example_nested_branch_dag.py for tasks to queue
[2026-03-16T16:03:41.683+0000] {logging_mixin.py:188} INFO - [2026-03-16T16:03:41.682+0000] {dagbag.py:545} INFO - Filling up the DagBag from /home/airflow/.local/lib/python3.12/site-packages/airflow/example_dags/example_nested_branch_dag.py
[2026-03-16T16:03:41.694+0000] {processor.py:840} INFO - DAG(s) 'example_nested_branch_dag' retrieved from /home/airflow/.local/lib/python3.12/site-packages/airflow/example_dags/example_nested_branch_dag.py
[2026-03-16T16:03:41.725+0000] {logging_mixin.py:188} INFO - [2026-03-16T16:03:41.725+0000] {dag.py:3096} INFO - Sync 1 DAGs
[2026-03-16T16:03:41.754+0000] {logging_mixin.py:188} INFO - [2026-03-16T16:03:41.754+0000] {dag.py:3954} INFO - Setting next_dagrun for example_nested_branch_dag to 2026-03-15 00:00:00+00:00, run_after=2026-03-16 00:00:00+00:00
[2026-03-16T16:03:41.784+0000] {processor.py:183} INFO - Processing /home/airflow/.local/lib/python3.12/site-packages/airflow/example_dags/example_nested_branch_dag.py took 0.111 seconds
[2026-03-16T16:04:13.337+0000] {processor.py:161} INFO - Started process (PID=596) to work on /home/airflow/.local/lib/python3.12/site-packages/airflow/example_dags/example_nested_branch_dag.py
[2026-03-16T16:04:13.338+0000] {processor.py:830} INFO - Processing file /home/airflow/.local/lib/python3.12/site-packages/airflow/example_dags/example_nested_branch_dag.py for tasks to queue
[2026-03-16T16:04:13.341+0000] {logging_mixin.py:188} INFO - [2026-03-16T16:04:13.340+0000] {dagbag.py:545} INFO - Filling up the DagBag from /home/airflow/.local/lib/python3.12/site-packages/airflow/example_dags/example_nested_branch_dag.py
[2026-03-16T16:04:13.352+0000] {processor.py:840} INFO - DAG(s) 'example_nested_branch_dag' retrieved from /home/airflow/.local/lib/python3.12/site-packages/airflow/example_dags/example_nested_branch_dag.py
[2026-03-16T16:04:13.383+0000] {logging_mixin.py:188} INFO - [2026-03-16T16:04:13.382+0000] {dag.py:3096} INFO - Sync 1 DAGs
[2026-03-16T16:04:13.415+0000] {logging_mixin.py:188} INFO - [2026-03-16T16:04:13.415+0000] {dag.py:3954} INFO - Setting next_dagrun for example_nested_branch_dag to 2026-03-15 00:00:00+00:00, run_after=2026-03-16 00:00:00+00:00
[2026-03-16T16:04:13.447+0000] {processor.py:183} INFO - Processing /home/airflow/.local/lib/python3.12/site-packages/airflow/example_dags/example_nested_branch_dag.py took 0.119 seconds
[2026-03-16T16:04:43.614+0000] {processor.py:161} INFO - Started process (PID=655) to work on /home/airflow/.local/lib/python3.12/site-packages/airflow/example_dags/example_nested_branch_dag.py
[2026-03-16T16:04:43.615+0000] {processor.py:830} INFO - Processing file /home/airflow/.local/lib/python3.12/site-packages/airflow/example_dags/example_nested_branch_dag.py for tasks to queue
[2026-03-16T16:04:43.618+0000] {logging_mixin.py:188} INFO - [2026-03-16T16:04:43.617+0000] {dagbag.py:545} INFO - Filling up the DagBag from /home/airflow/.local/lib/python3.12/site-packages/airflow/example_dags/example_nested_branch_dag.py
[2026-03-16T16:04:43.633+0000] {processor.py:840} INFO - DAG(s) 'example_nested_branch_dag' retrieved from /home/airflow/.local/lib/python3.12/site-packages/airflow/example_dags/example_nested_branch_dag.py
[2026-03-16T16:04:43.660+0000] {logging_mixin.py:188} INFO - [2026-03-16T16:04:43.660+0000] {dag.py:3096} INFO - Sync 1 DAGs
[2026-03-16T16:04:43.690+0000] {logging_mixin.py:188} INFO - [2026-03-16T16:04:43.689+0000] {dag.py:3954} INFO - Setting next_dagrun for example_nested_branch_dag to 2026-03-15 00:00:00+00:00, run_after=2026-03-16 00:00:00+00:00
[2026-03-16T16:04:43.716+0000] {processor.py:183} INFO - Processing /home/airflow/.local/lib/python3.12/site-packages/airflow/example_dags/example_nested_branch_dag.py took 0.109 seconds
[2026-03-16T16:05:14.084+0000] {processor.py:161} INFO - Started process (PID=714) to work on /home/airflow/.local/lib/python3.12/site-packages/airflow/example_dags/example_nested_branch_dag.py
[2026-03-16T16:05:14.086+0000] {processor.py:830} INFO - Processing file /home/airflow/.local/lib/python3.12/site-packages/airflow/example_dags/example_nested_branch_dag.py for tasks to queue
[2026-03-16T16:05:14.088+0000] {logging_mixin.py:188} INFO - [2026-03-16T16:05:14.088+0000] {dagbag.py:545} INFO - Filling up the DagBag from /home/airflow/.local/lib/python3.12/site-packages/airflow/example_dags/example_nested_branch_dag.py
[2026-03-16T16:05:14.102+0000] {processor.py:840} INFO - DAG(s) 'example_nested_branch_dag' retrieved from /home/airflow/.local/lib/python3.12/site-packages/airflow/example_dags/example_nested_branch_dag.py
[2026-03-16T16:05:14.128+0000] {logging_mixin.py:188} INFO - [2026-03-16T16:05:14.128+0000] {dag.py:3096} INFO - Sync 1 DAGs
[2026-03-16T16:05:14.157+0000] {logging_mixin.py:188} INFO - [2026-03-16T16:05:14.157+0000] {dag.py:3954} INFO - Setting next_dagrun for example_nested_branch_dag to 2026-03-15 00:00:00+00:00, run_after=2026-03-16 00:00:00+00:00
[2026-03-16T16:05:14.185+0000] {processor.py:183} INFO - Processing /home/airflow/.local/lib/python3.12/site-packages/airflow/example_dags/example_nested_branch_dag.py took 0.108 seconds
[2026-03-16T16:05:44.417+0000] {processor.py:161} INFO - Started process (PID=773) to work on /home/airflow/.local/lib/python3.12/site-packages/airflow/example_dags/example_nested_branch_dag.py
[2026-03-16T16:05:44.419+0000] {processor.py:830} INFO - Processing file /home/airflow/.local/lib/python3.12/site-packages/airflow/example_dags/example_nested_branch_dag.py for tasks to queue
[2026-03-16T16:05:44.421+0000] {logging_mixin.py:188} INFO - [2026-03-16T16:05:44.421+0000] {dagbag.py:545} INFO - Filling up the DagBag from /home/airflow/.local/lib/python3.12/site-packages/airflow/example_dags/example_nested_branch_dag.py
[2026-03-16T16:05:44.436+0000] {processor.py:840} INFO - DAG(s) 'example_nested_branch_dag' retrieved from /home/airflow/.local/lib/python3.12/site-packages/airflow/example_dags/example_nested_branch_dag.py
[2026-03-16T16:05:44.463+0000] {logging_mixin.py:188} INFO - [2026-03-16T16:05:44.462+0000] {dag.py:3096} INFO - Sync 1 DAGs
[2026-03-16T16:05:44.496+0000] {logging_mixin.py:188} INFO - [2026-03-16T16:05:44.496+0000] {dag.py:3954} INFO - Setting next_dagrun for example_nested_branch_dag to 2026-03-15 00:00:00+00:00, run_after=2026-03-16 00:00:00+00:00
[2026-03-16T16:05:44.525+0000] {processor.py:183} INFO - Processing /home/airflow/.local/lib/python3.12/site-packages/airflow/example_dags/example_nested_branch_dag.py took 0.114 seconds
[2026-03-16T16:06:14.753+0000] {processor.py:161} INFO - Started process (PID=832) to work on /home/airflow/.local/lib/python3.12/site-packages/airflow/example_dags/example_nested_branch_dag.py
[2026-03-16T16:06:14.754+0000] {processor.py:830} INFO - Processing file /home/airflow/.local/lib/python3.12/site-packages/airflow/example_dags/example_nested_branch_dag.py for tasks to queue
[2026-03-16T16:06:14.756+0000] {logging_mixin.py:188} INFO - [2026-03-16T16:06:14.756+0000] {dagbag.py:545} INFO - Filling up the DagBag from /home/airflow/.local/lib/python3.12/site-packages/airflow/example_dags/example_nested_branch_dag.py
[2026-03-16T16:06:14.767+0000] {processor.py:840} INFO - DAG(s) 'example_nested_branch_dag' retrieved from /home/airflow/.local/lib/python3.12/site-packages/airflow/example_dags/example_nested_branch_dag.py
[2026-03-16T16:06:14.794+0000] {logging_mixin.py:188} INFO - [2026-03-16T16:06:14.794+0000] {dag.py:3096} INFO - Sync 1 DAGs
[2026-03-16T16:06:14.822+0000] {logging_mixin.py:188} INFO - [2026-03-16T16:06:14.821+0000] {dag.py:3954} INFO - Setting next_dagrun for example_nested_branch_dag to 2026-03-15 00:00:00+00:00, run_after=2026-03-16 00:00:00+00:00
[2026-03-16T16:06:14.848+0000] {processor.py:183} INFO - Processing /home/airflow/.local/lib/python3.12/site-packages/airflow/example_dags/example_nested_branch_dag.py took 0.104 seconds
[2026-03-16T16:06:45.100+0000] {processor.py:161} INFO - Started process (PID=892) to work on /home/airflow/.local/lib/python3.12/site-packages/airflow/example_dags/example_nested_branch_dag.py
[2026-03-16T16:06:45.102+0000] {processor.py:830} INFO - Processing file /home/airflow/.local/lib/python3.12/site-packages/airflow/example_dags/example_nested_branch_dag.py for tasks to queue
[2026-03-16T16:06:45.105+0000] {logging_mixin.py:188} INFO - [2026-03-16T16:06:45.104+0000] {dagbag.py:545} INFO - Filling up the DagBag from /home/airflow/.local/lib/python3.12/site-packages/airflow/example_dags/example_nested_branch_dag.py
[2026-03-16T16:06:45.120+0000] {processor.py:840} INFO - DAG(s) 'example_nested_branch_dag' retrieved from /home/airflow/.local/lib/python3.12/site-packages/airflow/example_dags/example_nested_branch_dag.py
[2026-03-16T16:06:45.150+0000] {logging_mixin.py:188} INFO - [2026-03-16T16:06:45.149+0000] {dag.py:3096} INFO - Sync 1 DAGs
[2026-03-16T16:06:45.186+0000] {logging_mixin.py:188} INFO - [2026-03-16T16:06:45.185+0000] {dag.py:3954} INFO - Setting next_dagrun for example_nested_branch_dag to 2026-03-15 00:00:00+00:00, run_after=2026-03-16 00:00:00+00:00
[2026-03-16T16:06:45.219+0000] {processor.py:183} INFO - Processing /home/airflow/.local/lib/python3.12/site-packages/airflow/example_dags/example_nested_branch_dag.py took 0.128 seconds
[2026-03-16T16:07:15.707+0000] {processor.py:161} INFO - Started process (PID=951) to work on /home/airflow/.local/lib/python3.12/site-packages/airflow/example_dags/example_nested_branch_dag.py
[2026-03-16T16:07:15.708+0000] {processor.py:830} INFO - Processing file /home/airflow/.local/lib/python3.12/site-packages/airflow/example_dags/example_nested_branch_dag.py for tasks to queue
[2026-03-16T16:07:15.716+0000] {logging_mixin.py:188} INFO - [2026-03-16T16:07:15.715+0000] {dagbag.py:545} INFO - Filling up the DagBag from /home/airflow/.local/lib/python3.12/site-packages/airflow/example_dags/example_nested_branch_dag.py
[2026-03-16T16:07:15.736+0000] {processor.py:840} INFO - DAG(s) 'example_nested_branch_dag' retrieved from /home/airflow/.local/lib/python3.12/site-packages/airflow/example_dags/example_nested_branch_dag.py
[2026-03-16T16:07:15.775+0000] {logging_mixin.py:188} INFO - [2026-03-16T16:07:15.774+0000] {dag.py:3096} INFO - Sync 1 DAGs
[2026-03-16T16:07:15.823+0000] {logging_mixin.py:188} INFO - [2026-03-16T16:07:15.823+0000] {dag.py:3954} INFO - Setting next_dagrun for example_nested_branch_dag to 2026-03-15 00:00:00+00:00, run_after=2026-03-16 00:00:00+00:00
[2026-03-16T16:07:15.854+0000] {processor.py:183} INFO - Processing /home/airflow/.local/lib/python3.12/site-packages/airflow/example_dags/example_nested_branch_dag.py took 0.155 seconds
[2026-03-16T16:07:46.324+0000] {processor.py:161} INFO - Started process (PID=1011) to work on /home/airflow/.local/lib/python3.12/site-packages/airflow/example_dags/example_nested_branch_dag.py
[2026-03-16T16:07:46.326+0000] {processor.py:830} INFO - Processing file /home/airflow/.local/lib/python3.12/site-packages/airflow/example_dags/example_nested_branch_dag.py for tasks to queue
[2026-03-16T16:07:46.329+0000] {logging_mixin.py:188} INFO - [2026-03-16T16:07:46.329+0000] {dagbag.py:545} INFO - Filling up the DagBag from /home/airflow/.local/lib/python3.12/site-packages/airflow/example_dags/example_nested_branch_dag.py
[2026-03-16T16:07:46.344+0000] {processor.py:840} INFO - DAG(s) 'example_nested_branch_dag' retrieved from /home/airflow/.local/lib/python3.12/site-packages/airflow/example_dags/example_nested_branch_dag.py
[2026-03-16T16:07:46.371+0000] {logging_mixin.py:188} INFO - [2026-03-16T16:07:46.371+0000] {dag.py:3096} INFO - Sync 1 DAGs
[2026-03-16T16:07:46.400+0000] {logging_mixin.py:188} INFO - [2026-03-16T16:07:46.400+0000] {dag.py:3954} INFO - Setting next_dagrun for example_nested_branch_dag to 2026-03-15 00:00:00+00:00, run_after=2026-03-16 00:00:00+00:00
[2026-03-16T16:07:46.430+0000] {processor.py:183} INFO - Processing /home/airflow/.local/lib/python3.12/site-packages/airflow/example_dags/example_nested_branch_dag.py took 0.115 seconds
[2026-03-16T16:08:16.627+0000] {processor.py:161} INFO - Started process (PID=1071) to work on /home/airflow/.local/lib/python3.12/site-packages/airflow/example_dags/example_nested_branch_dag.py
[2026-03-16T16:08:16.631+0000] {processor.py:830} INFO - Processing file /home/airflow/.local/lib/python3.12/site-packages/airflow/example_dags/example_nested_branch_dag.py for tasks to queue
[2026-03-16T16:08:16.634+0000] {logging_mixin.py:188} INFO - [2026-03-16T16:08:16.634+0000] {dagbag.py:545} INFO - Filling up the DagBag from /home/airflow/.local/lib/python3.12/site-packages/airflow/example_dags/example_nested_branch_dag.py
[2026-03-16T16:08:16.659+0000] {processor.py:840} INFO - DAG(s) 'example_nested_branch_dag' retrieved from /home/airflow/.local/lib/python3.12/site-packages/airflow/example_dags/example_nested_branch_dag.py
[2026-03-16T16:08:16.719+0000] {logging_mixin.py:188} INFO - [2026-03-16T16:08:16.719+0000] {dag.py:3096} INFO - Sync 1 DAGs
[2026-03-16T16:08:16.793+0000] {logging_mixin.py:188} INFO - [2026-03-16T16:08:16.793+0000] {dag.py:3954} INFO - Setting next_dagrun for example_nested_branch_dag to 2026-03-15 00:00:00+00:00, run_after=2026-03-16 00:00:00+00:00
[2026-03-16T16:08:16.831+0000] {processor.py:183} INFO - Processing /home/airflow/.local/lib/python3.12/site-packages/airflow/example_dags/example_nested_branch_dag.py took 0.215 seconds
[2026-03-16T16:08:49.179+0000] {processor.py:161} INFO - Started process (PID=1130) to work on /home/airflow/.local/lib/python3.12/site-packages/airflow/example_dags/example_nested_branch_dag.py
[2026-03-16T16:08:49.180+0000] {processor.py:830} INFO - Processing file /home/airflow/.local/lib/python3.12/site-packages/airflow/example_dags/example_nested_branch_dag.py for tasks to queue
[2026-03-16T16:08:49.182+0000] {logging_mixin.py:188} INFO - [2026-03-16T16:08:49.182+0000] {dagbag.py:545} INFO - Filling up the DagBag from /home/airflow/.local/lib/python3.12/site-packages/airflow/example_dags/example_nested_branch_dag.py
[2026-03-16T16:08:49.198+0000] {processor.py:840} INFO - DAG(s) 'example_nested_branch_dag' retrieved from /home/airflow/.local/lib/python3.12/site-packages/airflow/example_dags/example_nested_branch_dag.py
[2026-03-16T16:08:49.226+0000] {logging_mixin.py:188} INFO - [2026-03-16T16:08:49.225+0000] {dag.py:3096} INFO - Sync 1 DAGs
[2026-03-16T16:08:49.429+0000] {logging_mixin.py:188} INFO - [2026-03-16T16:08:49.428+0000] {dag.py:3954} INFO - Setting next_dagrun for example_nested_branch_dag to 2026-03-15 00:00:00+00:00, run_after=2026-03-16 00:00:00+00:00
[2026-03-16T16:08:49.480+0000] {processor.py:183} INFO - Processing /home/airflow/.local/lib/python3.12/site-packages/airflow/example_dags/example_nested_branch_dag.py took 0.311 seconds
[2026-03-16T16:09:20.425+0000] {processor.py:161} INFO - Started process (PID=1189) to work on /home/airflow/.local/lib/python3.12/site-packages/airflow/example_dags/example_nested_branch_dag.py
[2026-03-16T16:09:20.426+0000] {processor.py:830} INFO - Processing file /home/airflow/.local/lib/python3.12/site-packages/airflow/example_dags/example_nested_branch_dag.py for tasks to queue
[2026-03-16T16:09:20.429+0000] {logging_mixin.py:188} INFO - [2026-03-16T16:09:20.429+0000] {dagbag.py:545} INFO - Filling up the DagBag from /home/airflow/.local/lib/python3.12/site-packages/airflow/example_dags/example_nested_branch_dag.py
[2026-03-16T16:09:20.441+0000] {processor.py:840} INFO - DAG(s) 'example_nested_branch_dag' retrieved from /home/airflow/.local/lib/python3.12/site-packages/airflow/example_dags/example_nested_branch_dag.py
[2026-03-16T16:09:20.480+0000] {logging_mixin.py:188} INFO - [2026-03-16T16:09:20.480+0000] {dag.py:3096} INFO - Sync 1 DAGs
[2026-03-16T16:09:20.515+0000] {logging_mixin.py:188} INFO - [2026-03-16T16:09:20.515+0000] {dag.py:3954} INFO - Setting next_dagrun for example_nested_branch_dag to 2026-03-15 00:00:00+00:00, run_after=2026-03-16 00:00:00+00:00
[2026-03-16T16:09:20.722+0000] {processor.py:183} INFO - Processing /home/airflow/.local/lib/python3.12/site-packages/airflow/example_dags/example_nested_branch_dag.py took 0.303 seconds
[2026-03-16T16:09:50.906+0000] {processor.py:161} INFO - Started process (PID=1248) to work on /home/airflow/.local/lib/python3.12/site-packages/airflow/example_dags/example_nested_branch_dag.py
[2026-03-16T16:09:50.908+0000] {processor.py:830} INFO - Processing file /home/airflow/.local/lib/python3.12/site-packages/airflow/example_dags/example_nested_branch_dag.py for tasks to queue
[2026-03-16T16:09:50.910+0000] {logging_mixin.py:188} INFO - [2026-03-16T16:09:50.910+0000] {dagbag.py:545} INFO - Filling up the DagBag from /home/airflow/.local/lib/python3.12/site-packages/airflow/example_dags/example_nested_branch_dag.py
[2026-03-16T16:09:50.923+0000] {processor.py:840} INFO - DAG(s) 'example_nested_branch_dag' retrieved from /home/airflow/.local/lib/python3.12/site-packages/airflow/example_dags/example_nested_branch_dag.py
[2026-03-16T16:09:50.959+0000] {logging_mixin.py:188} INFO - [2026-03-16T16:09:50.959+0000] {dag.py:3096} INFO - Sync 1 DAGs
[2026-03-16T16:09:50.993+0000] {logging_mixin.py:188} INFO - [2026-03-16T16:09:50.992+0000] {dag.py:3954} INFO - Setting next_dagrun for example_nested_branch_dag to 2026-03-15 00:00:00+00:00, run_after=2026-03-16 00:00:00+00:00
[2026-03-16T16:09:51.022+0000] {processor.py:183} INFO - Processing /home/airflow/.local/lib/python3.12/site-packages/airflow/example_dags/example_nested_branch_dag.py took 0.123 seconds
[2026-03-16T16:10:21.389+0000] {processor.py:161} INFO - Started process (PID=1307) to work on /home/airflow/.local/lib/python3.12/site-packages/airflow/example_dags/example_nested_branch_dag.py
[2026-03-16T16:10:21.391+0000] {processor.py:830} INFO - Processing file /home/airflow/.local/lib/python3.12/site-packages/airflow/example_dags/example_nested_branch_dag.py for tasks to queue
[2026-03-16T16:10:21.401+0000] {logging_mixin.py:188} INFO - [2026-03-16T16:10:21.401+0000] {dagbag.py:545} INFO - Filling up the DagBag from /home/airflow/.local/lib/python3.12/site-packages/airflow/example_dags/example_nested_branch_dag.py
[2026-03-16T16:10:21.426+0000] {processor.py:840} INFO - DAG(s) 'example_nested_branch_dag' retrieved from /home/airflow/.local/lib/python3.12/site-packages/airflow/example_dags/example_nested_branch_dag.py
[2026-03-16T16:10:21.475+0000] {logging_mixin.py:188} INFO - [2026-03-16T16:10:21.474+0000] {dag.py:3096} INFO - Sync 1 DAGs
[2026-03-16T16:10:21.510+0000] {logging_mixin.py:188} INFO - [2026-03-16T16:10:21.510+0000] {dag.py:3954} INFO - Setting next_dagrun for example_nested_branch_dag to 2026-03-15 00:00:00+00:00, run_after=2026-03-16 00:00:00+00:00
[2026-03-16T16:10:21.541+0000] {processor.py:183} INFO - Processing /home/airflow/.local/lib/python3.12/site-packages/airflow/example_dags/example_nested_branch_dag.py took 0.161 seconds
[2026-03-16T16:10:51.799+0000] {processor.py:161} INFO - Started process (PID=1366) to work on /home/airflow/.local/lib/python3.12/site-packages/airflow/example_dags/example_nested_branch_dag.py
[2026-03-16T16:10:51.801+0000] {processor.py:830} INFO - Processing file /home/airflow/.local/lib/python3.12/site-packages/airflow/example_dags/example_nested_branch_dag.py for tasks to queue
[2026-03-16T16:10:51.804+0000] {logging_mixin.py:188} INFO - [2026-03-16T16:10:51.804+0000] {dagbag.py:545} INFO - Filling up the DagBag from /home/airflow/.local/lib/python3.12/site-packages/airflow/example_dags/example_nested_branch_dag.py
[2026-03-16T16:10:51.819+0000] {processor.py:840} INFO - DAG(s) 'example_nested_branch_dag' retrieved from /home/airflow/.local/lib/python3.12/site-packages/airflow/example_dags/example_nested_branch_dag.py
[2026-03-16T16:10:51.843+0000] {logging_mixin.py:188} INFO - [2026-03-16T16:10:51.842+0000] {dag.py:3096} INFO - Sync 1 DAGs
[2026-03-16T16:10:51.872+0000] {logging_mixin.py:188} INFO - [2026-03-16T16:10:51.872+0000] {dag.py:3954} INFO - Setting next_dagrun for example_nested_branch_dag to 2026-03-15 00:00:00+00:00, run_after=2026-03-16 00:00:00+00:00
[2026-03-16T16:10:51.900+0000] {processor.py:183} INFO - Processing /home/airflow/.local/lib/python3.12/site-packages/airflow/example_dags/example_nested_branch_dag.py took 0.110 seconds
[2026-03-16T16:11:22.243+0000] {processor.py:161} INFO - Started process (PID=1425) to work on /home/airflow/.local/lib/python3.12/site-packages/airflow/example_dags/example_nested_branch_dag.py
[2026-03-16T16:11:22.245+0000] {processor.py:830} INFO - Processing file /home/airflow/.local/lib/python3.12/site-packages/airflow/example_dags/example_nested_branch_dag.py for tasks to queue
[2026-03-16T16:11:22.249+0000] {logging_mixin.py:188} INFO - [2026-03-16T16:11:22.248+0000] {dagbag.py:545} INFO - Filling up the DagBag from /home/airflow/.local/lib/python3.12/site-packages/airflow/example_dags/example_nested_branch_dag.py
[2026-03-16T16:11:22.269+0000] {processor.py:840} INFO - DAG(s) 'example_nested_branch_dag' retrieved from /home/airflow/.local/lib/python3.12/site-packages/airflow/example_dags/example_nested_branch_dag.py
[2026-03-16T16:11:22.343+0000] {logging_mixin.py:188} INFO - [2026-03-16T16:11:22.342+0000] {dag.py:3096} INFO - Sync 1 DAGs
[2026-03-16T16:11:22.391+0000] {logging_mixin.py:188} INFO - [2026-03-16T16:11:22.391+0000] {dag.py:3954} INFO - Setting next_dagrun for example_nested_branch_dag to 2026-03-15 00:00:00+00:00, run_after=2026-03-16 00:00:00+00:00
[2026-03-16T16:11:22.422+0000] {processor.py:183} INFO - Processing /home/airflow/.local/lib/python3.12/site-packages/airflow/example_dags/example_nested_branch_dag.py took 0.191 seconds
[2026-03-16T16:11:52.962+0000] {processor.py:161} INFO - Started process (PID=1484) to work on /home/airflow/.local/lib/python3.12/site-packages/airflow/example_dags/example_nested_branch_dag.py
[2026-03-16T16:11:52.963+0000] {processor.py:830} INFO - Processing file /home/airflow/.local/lib/python3.12/site-packages/airflow/example_dags/example_nested_branch_dag.py for tasks to queue
[2026-03-16T16:11:52.967+0000] {logging_mixin.py:188} INFO - [2026-03-16T16:11:52.966+0000] {dagbag.py:545} INFO - Filling up the DagBag from /home/airflow/.local/lib/python3.12/site-packages/airflow/example_dags/example_nested_branch_dag.py
[2026-03-16T16:11:52.981+0000] {processor.py:840} INFO - DAG(s) 'example_nested_branch_dag' retrieved from /home/airflow/.local/lib/python3.12/site-packages/airflow/example_dags/example_nested_branch_dag.py
[2026-03-16T16:11:53.009+0000] {logging_mixin.py:188} INFO - [2026-03-16T16:11:53.008+0000] {dag.py:3096} INFO - Sync 1 DAGs
[2026-03-16T16:11:53.040+0000] {logging_mixin.py:188} INFO - [2026-03-16T16:11:53.040+0000] {dag.py:3954} INFO - Setting next_dagrun for example_nested_branch_dag to 2026-03-15 00:00:00+00:00, run_after=2026-03-16 00:00:00+00:00
[2026-03-16T16:11:53.070+0000] {processor.py:183} INFO - Processing /home/airflow/.local/lib/python3.12/site-packages/airflow/example_dags/example_nested_branch_dag.py took 0.120 seconds
[2026-03-16T16:12:23.779+0000] {processor.py:161} INFO - Started process (PID=1543) to work on /home/airflow/.local/lib/python3.12/site-packages/airflow/example_dags/example_nested_branch_dag.py
[2026-03-16T16:12:23.780+0000] {processor.py:830} INFO - Processing file /home/airflow/.local/lib/python3.12/site-packages/airflow/example_dags/example_nested_branch_dag.py for tasks to queue
[2026-03-16T16:12:23.783+0000] {logging_mixin.py:188} INFO - [2026-03-16T16:12:23.782+0000] {dagbag.py:545} INFO - Filling up the DagBag from /home/airflow/.local/lib/python3.12/site-packages/airflow/example_dags/example_nested_branch_dag.py
[2026-03-16T16:12:23.793+0000] {processor.py:840} INFO - DAG(s) 'example_nested_branch_dag' retrieved from /home/airflow/.local/lib/python3.12/site-packages/airflow/example_dags/example_nested_branch_dag.py
[2026-03-16T16:12:23.817+0000] {logging_mixin.py:188} INFO - [2026-03-16T16:12:23.816+0000] {dag.py:3096} INFO - Sync 1 DAGs
[2026-03-16T16:12:23.844+0000] {logging_mixin.py:188} INFO - [2026-03-16T16:12:23.843+0000] {dag.py:3954} INFO - Setting next_dagrun for example_nested_branch_dag to 2026-03-15 00:00:00+00:00, run_after=2026-03-16 00:00:00+00:00
[2026-03-16T16:12:23.874+0000] {processor.py:183} INFO - Processing /home/airflow/.local/lib/python3.12/site-packages/airflow/example_dags/example_nested_branch_dag.py took 0.101 seconds
[2026-03-16T16:12:54.235+0000] {processor.py:161} INFO - Started process (PID=1602) to work on /home/airflow/.local/lib/python3.12/site-packages/airflow/example_dags/example_nested_branch_dag.py
[2026-03-16T16:12:54.236+0000] {processor.py:830} INFO - Processing file /home/airflow/.local/lib/python3.12/site-packages/airflow/example_dags/example_nested_branch_dag.py for tasks to queue
[2026-03-16T16:12:54.238+0000] {logging_mixin.py:188} INFO - [2026-03-16T16:12:54.238+0000] {dagbag.py:545} INFO - Filling up the DagBag from /home/airflow/.local/lib/python3.12/site-packages/airflow/example_dags/example_nested_branch_dag.py
[2026-03-16T16:12:54.249+0000] {processor.py:840} INFO - DAG(s) 'example_nested_branch_dag' retrieved from /home/airflow/.local/lib/python3.12/site-packages/airflow/example_dags/example_nested_branch_dag.py
[2026-03-16T16:12:54.273+0000] {logging_mixin.py:188} INFO - [2026-03-16T16:12:54.272+0000] {dag.py:3096} INFO - Sync 1 DAGs
[2026-03-16T16:12:54.301+0000] {logging_mixin.py:188} INFO - [2026-03-16T16:12:54.301+0000] {dag.py:3954} INFO - Setting next_dagrun for example_nested_branch_dag to 2026-03-15 00:00:00+00:00, run_after=2026-03-16 00:00:00+00:00
[2026-03-16T16:12:54.333+0000] {processor.py:183} INFO - Processing /home/airflow/.local/lib/python3.12/site-packages/airflow/example_dags/example_nested_branch_dag.py took 0.105 seconds
[2026-03-16T16:13:24.822+0000] {processor.py:161} INFO - Started process (PID=1662) to work on /home/airflow/.local/lib/python3.12/site-packages/airflow/example_dags/example_nested_branch_dag.py
[2026-03-16T16:13:24.823+0000] {processor.py:830} INFO - Processing file /home/airflow/.local/lib/python3.12/site-packages/airflow/example_dags/example_nested_branch_dag.py for tasks to queue
[2026-03-16T16:13:24.825+0000] {logging_mixin.py:188} INFO - [2026-03-16T16:13:24.825+0000] {dagbag.py:545} INFO - Filling up the DagBag from /home/airflow/.local/lib/python3.12/site-packages/airflow/example_dags/example_nested_branch_dag.py
[2026-03-16T16:13:24.836+0000] {processor.py:840} INFO - DAG(s) 'example_nested_branch_dag' retrieved from /home/airflow/.local/lib/python3.12/site-packages/airflow/example_dags/example_nested_branch_dag.py
[2026-03-16T16:13:24.860+0000] {logging_mixin.py:188} INFO - [2026-03-16T16:13:24.860+0000] {dag.py:3096} INFO - Sync 1 DAGs
[2026-03-16T16:13:24.885+0000] {logging_mixin.py:188} INFO - [2026-03-16T16:13:24.885+0000] {dag.py:3954} INFO - Setting next_dagrun for example_nested_branch_dag to 2026-03-15 00:00:00+00:00, run_after=2026-03-16 00:00:00+00:00
[2026-03-16T16:13:24.922+0000] {processor.py:183} INFO - Processing /home/airflow/.local/lib/python3.12/site-packages/airflow/example_dags/example_nested_branch_dag.py took 0.107 seconds
[2026-03-16T16:13:55.745+0000] {processor.py:161} INFO - Started process (PID=1721) to work on /home/airflow/.local/lib/python3.12/site-packages/airflow/example_dags/example_nested_branch_dag.py
[2026-03-16T16:13:55.747+0000] {processor.py:830} INFO - Processing file /home/airflow/.local/lib/python3.12/site-packages/airflow/example_dags/example_nested_branch_dag.py for tasks to queue
[2026-03-16T16:13:55.749+0000] {logging_mixin.py:188} INFO - [2026-03-16T16:13:55.748+0000] {dagbag.py:545} INFO - Filling up the DagBag from /home/airflow/.local/lib/python3.12/site-packages/airflow/example_dags/example_nested_branch_dag.py
[2026-03-16T16:13:55.760+0000] {processor.py:840} INFO - DAG(s) 'example_nested_branch_dag' retrieved from /home/airflow/.local/lib/python3.12/site-packages/airflow/example_dags/example_nested_branch_dag.py
[2026-03-16T16:13:55.784+0000] {logging_mixin.py:188} INFO - [2026-03-16T16:13:55.783+0000] {dag.py:3096} INFO - Sync 1 DAGs
[2026-03-16T16:13:55.809+0000] {logging_mixin.py:188} INFO - [2026-03-16T16:13:55.809+0000] {dag.py:3954} INFO - Setting next_dagrun for example_nested_branch_dag to 2026-03-15 00:00:00+00:00, run_after=2026-03-16 00:00:00+00:00
[2026-03-16T16:13:55.835+0000] {processor.py:183} INFO - Processing /home/airflow/.local/lib/python3.12/site-packages/airflow/example_dags/example_nested_branch_dag.py took 0.097 seconds
[2026-03-16T16:14:26.397+0000] {processor.py:161} INFO - Started process (PID=1780) to work on /home/airflow/.local/lib/python3.12/site-packages/airflow/example_dags/example_nested_branch_dag.py
[2026-03-16T16:14:26.399+0000] {processor.py:830} INFO - Processing file /home/airflow/.local/lib/python3.12/site-packages/airflow/example_dags/example_nested_branch_dag.py for tasks to queue
[2026-03-16T16:14:26.401+0000] {logging_mixin.py:188} INFO - [2026-03-16T16:14:26.401+0000] {dagbag.py:545} INFO - Filling up the DagBag from /home/airflow/.local/lib/python3.12/site-packages/airflow/example_dags/example_nested_branch_dag.py
[2026-03-16T16:14:26.421+0000] {processor.py:840} INFO - DAG(s) 'example_nested_branch_dag' retrieved from /home/airflow/.local/lib/python3.12/site-packages/airflow/example_dags/example_nested_branch_dag.py
[2026-03-16T16:14:26.451+0000] {logging_mixin.py:188} INFO - [2026-03-16T16:14:26.451+0000] {dag.py:3096} INFO - Sync 1 DAGs
[2026-03-16T16:14:26.480+0000] {logging_mixin.py:188} INFO - [2026-03-16T16:14:26.480+0000] {dag.py:3954} INFO - Setting next_dagrun for example_nested_branch_dag to 2026-03-15 00:00:00+00:00, run_after=2026-03-16 00:00:00+00:00
[2026-03-16T16:14:26.504+0000] {processor.py:183} INFO - Processing /home/airflow/.local/lib/python3.12/site-packages/airflow/example_dags/example_nested_branch_dag.py took 0.116 seconds
[2026-03-16T16:14:56.834+0000] {processor.py:161} INFO - Started process (PID=1839) to work on /home/airflow/.local/lib/python3.12/site-packages/airflow/example_dags/example_nested_branch_dag.py
[2026-03-16T16:14:56.835+0000] {processor.py:830} INFO - Processing file /home/airflow/.local/lib/python3.12/site-packages/airflow/example_dags/example_nested_branch_dag.py for tasks to queue
[2026-03-16T16:14:56.837+0000] {logging_mixin.py:188} INFO - [2026-03-16T16:14:56.837+0000] {dagbag.py:545} INFO - Filling up the DagBag from /home/airflow/.local/lib/python3.12/site-packages/airflow/example_dags/example_nested_branch_dag.py
[2026-03-16T16:14:56.848+0000] {processor.py:840} INFO - DAG(s) 'example_nested_branch_dag' retrieved from /home/airflow/.local/lib/python3.12/site-packages/airflow/example_dags/example_nested_branch_dag.py
[2026-03-16T16:14:56.871+0000] {logging_mixin.py:188} INFO - [2026-03-16T16:14:56.871+0000] {dag.py:3096} INFO - Sync 1 DAGs
[2026-03-16T16:14:56.899+0000] {logging_mixin.py:188} INFO - [2026-03-16T16:14:56.899+0000] {dag.py:3954} INFO - Setting next_dagrun for example_nested_branch_dag to 2026-03-15 00:00:00+00:00, run_after=2026-03-16 00:00:00+00:00
[2026-03-16T16:14:56.925+0000] {processor.py:183} INFO - Processing /home/airflow/.local/lib/python3.12/site-packages/airflow/example_dags/example_nested_branch_dag.py took 0.097 seconds
[2026-03-16T16:15:27.810+0000] {processor.py:161} INFO - Started process (PID=1898) to work on /home/airflow/.local/lib/python3.12/site-packages/airflow/example_dags/example_nested_branch_dag.py
[2026-03-16T16:15:27.819+0000] {processor.py:830} INFO - Processing file /home/airflow/.local/lib/python3.12/site-packages/airflow/example_dags/example_nested_branch_dag.py for tasks to queue
[2026-03-16T16:15:27.823+0000] {logging_mixin.py:188} INFO - [2026-03-16T16:15:27.822+0000] {dagbag.py:545} INFO - Filling up the DagBag from /home/airflow/.local/lib/python3.12/site-packages/airflow/example_dags/example_nested_branch_dag.py
[2026-03-16T16:15:27.843+0000] {processor.py:840} INFO - DAG(s) 'example_nested_branch_dag' retrieved from /home/airflow/.local/lib/python3.12/site-packages/airflow/example_dags/example_nested_branch_dag.py
[2026-03-16T16:15:27.933+0000] {logging_mixin.py:188} INFO - [2026-03-16T16:15:27.933+0000] {dag.py:3096} INFO - Sync 1 DAGs
[2026-03-16T16:15:28.018+0000] {logging_mixin.py:188} INFO - [2026-03-16T16:15:28.018+0000] {dag.py:3954} INFO - Setting next_dagrun for example_nested_branch_dag to 2026-03-15 00:00:00+00:00, run_after=2026-03-16 00:00:00+00:00
[2026-03-16T16:15:28.085+0000] {processor.py:183} INFO - Processing /home/airflow/.local/lib/python3.12/site-packages/airflow/example_dags/example_nested_branch_dag.py took 0.295 seconds
[2026-03-16T16:15:58.783+0000] {processor.py:161} INFO - Started process (PID=1957) to work on /home/airflow/.local/lib/python3.12/site-packages/airflow/example_dags/example_nested_branch_dag.py
[2026-03-16T16:15:58.785+0000] {processor.py:830} INFO - Processing file /home/airflow/.local/lib/python3.12/site-packages/airflow/example_dags/example_nested_branch_dag.py for tasks to queue
[2026-03-16T16:15:58.791+0000] {logging_mixin.py:188} INFO - [2026-03-16T16:15:58.791+0000] {dagbag.py:545} INFO - Filling up the DagBag from /home/airflow/.local/lib/python3.12/site-packages/airflow/example_dags/example_nested_branch_dag.py
[2026-03-16T16:15:58.811+0000] {processor.py:840} INFO - DAG(s) 'example_nested_branch_dag' retrieved from /home/airflow/.local/lib/python3.12/site-packages/airflow/example_dags/example_nested_branch_dag.py
[2026-03-16T16:15:58.842+0000] {logging_mixin.py:188} INFO - [2026-03-16T16:15:58.842+0000] {dag.py:3096} INFO - Sync 1 DAGs
[2026-03-16T16:15:58.882+0000] {logging_mixin.py:188} INFO - [2026-03-16T16:15:58.882+0000] {dag.py:3954} INFO - Setting next_dagrun for example_nested_branch_dag to 2026-03-15 00:00:00+00:00, run_after=2026-03-16 00:00:00+00:00
[2026-03-16T16:15:58.922+0000] {processor.py:183} INFO - Processing /home/airflow/.local/lib/python3.12/site-packages/airflow/example_dags/example_nested_branch_dag.py took 0.150 seconds
[2026-03-16T16:16:29.169+0000] {processor.py:161} INFO - Started process (PID=2016) to work on /home/airflow/.local/lib/python3.12/site-packages/airflow/example_dags/example_nested_branch_dag.py
[2026-03-16T16:16:29.170+0000] {processor.py:830} INFO - Processing file /home/airflow/.local/lib/python3.12/site-packages/airflow/example_dags/example_nested_branch_dag.py for tasks to queue
[2026-03-16T16:16:29.174+0000] {logging_mixin.py:188} INFO - [2026-03-16T16:16:29.174+0000] {dagbag.py:545} INFO - Filling up the DagBag from /home/airflow/.local/lib/python3.12/site-packages/airflow/example_dags/example_nested_branch_dag.py
[2026-03-16T16:16:29.192+0000] {processor.py:840} INFO - DAG(s) 'example_nested_branch_dag' retrieved from /home/airflow/.local/lib/python3.12/site-packages/airflow/example_dags/example_nested_branch_dag.py
[2026-03-16T16:16:29.223+0000] {logging_mixin.py:188} INFO - [2026-03-16T16:16:29.223+0000] {dag.py:3096} INFO - Sync 1 DAGs
[2026-03-16T16:16:29.258+0000] {logging_mixin.py:188} INFO - [2026-03-16T16:16:29.257+0000] {dag.py:3954} INFO - Setting next_dagrun for example_nested_branch_dag to 2026-03-15 00:00:00+00:00, run_after=2026-03-16 00:00:00+00:00
[2026-03-16T16:16:29.287+0000] {processor.py:183} INFO - Processing /home/airflow/.local/lib/python3.12/site-packages/airflow/example_dags/example_nested_branch_dag.py took 0.127 seconds
[2026-03-16T16:17:00.147+0000] {processor.py:161} INFO - Started process (PID=2075) to work on /home/airflow/.local/lib/python3.12/site-packages/airflow/example_dags/example_nested_branch_dag.py
[2026-03-16T16:17:00.148+0000] {processor.py:830} INFO - Processing file /home/airflow/.local/lib/python3.12/site-packages/airflow/example_dags/example_nested_branch_dag.py for tasks to queue
[2026-03-16T16:17:00.151+0000] {logging_mixin.py:188} INFO - [2026-03-16T16:17:00.151+0000] {dagbag.py:545} INFO - Filling up the DagBag from /home/airflow/.local/lib/python3.12/site-packages/airflow/example_dags/example_nested_branch_dag.py
[2026-03-16T16:17:00.163+0000] {processor.py:840} INFO - DAG(s) 'example_nested_branch_dag' retrieved from /home/airflow/.local/lib/python3.12/site-packages/airflow/example_dags/example_nested_branch_dag.py
[2026-03-16T16:17:00.191+0000] {logging_mixin.py:188} INFO - [2026-03-16T16:17:00.191+0000] {dag.py:3096} INFO - Sync 1 DAGs
[2026-03-16T16:17:00.225+0000] {logging_mixin.py:188} INFO - [2026-03-16T16:17:00.225+0000] {dag.py:3954} INFO - Setting next_dagrun for example_nested_branch_dag to 2026-03-15 00:00:00+00:00, run_after=2026-03-16 00:00:00+00:00
[2026-03-16T16:17:00.254+0000] {processor.py:183} INFO - Processing /home/airflow/.local/lib/python3.12/site-packages/airflow/example_dags/example_nested_branch_dag.py took 0.117 seconds
[2026-03-16T16:17:30.905+0000] {processor.py:161} INFO - Started process (PID=2134) to work on /home/airflow/.local/lib/python3.12/site-packages/airflow/example_dags/example_nested_branch_dag.py
[2026-03-16T16:17:30.906+0000] {processor.py:830} INFO - Processing file /home/airflow/.local/lib/python3.12/site-packages/airflow/example_dags/example_nested_branch_dag.py for tasks to queue
[2026-03-16T16:17:30.909+0000] {logging_mixin.py:188} INFO - [2026-03-16T16:17:30.908+0000] {dagbag.py:545} INFO - Filling up the DagBag from /home/airflow/.local/lib/python3.12/site-packages/airflow/example_dags/example_nested_branch_dag.py
[2026-03-16T16:17:30.920+0000] {processor.py:840} INFO - DAG(s) 'example_nested_branch_dag' retrieved from /home/airflow/.local/lib/python3.12/site-packages/airflow/example_dags/example_nested_branch_dag.py
[2026-03-16T16:17:30.948+0000] {logging_mixin.py:188} INFO - [2026-03-16T16:17:30.948+0000] {dag.py:3096} INFO - Sync 1 DAGs
[2026-03-16T16:17:30.980+0000] {logging_mixin.py:188} INFO - [2026-03-16T16:17:30.980+0000] {dag.py:3954} INFO - Setting next_dagrun for example_nested_branch_dag to 2026-03-15 00:00:00+00:00, run_after=2026-03-16 00:00:00+00:00
[2026-03-16T16:17:31.018+0000] {processor.py:183} INFO - Processing /home/airflow/.local/lib/python3.12/site-packages/airflow/example_dags/example_nested_branch_dag.py took 0.121 seconds
[2026-03-16T16:18:01.508+0000] {processor.py:161} INFO - Started process (PID=2193) to work on /home/airflow/.local/lib/python3.12/site-packages/airflow/example_dags/example_nested_branch_dag.py
[2026-03-16T16:18:01.510+0000] {processor.py:830} INFO - Processing file /home/airflow/.local/lib/python3.12/site-packages/airflow/example_dags/example_nested_branch_dag.py for tasks to queue
[2026-03-16T16:18:01.514+0000] {logging_mixin.py:188} INFO - [2026-03-16T16:18:01.513+0000] {dagbag.py:545} INFO - Filling up the DagBag from /home/airflow/.local/lib/python3.12/site-packages/airflow/example_dags/example_nested_branch_dag.py
[2026-03-16T16:18:01.527+0000] {processor.py:840} INFO - DAG(s) 'example_nested_branch_dag' retrieved from /home/airflow/.local/lib/python3.12/site-packages/airflow/example_dags/example_nested_branch_dag.py
[2026-03-16T16:18:01.556+0000] {logging_mixin.py:188} INFO - [2026-03-16T16:18:01.556+0000] {dag.py:3096} INFO - Sync 1 DAGs
[2026-03-16T16:18:01.620+0000] {logging_mixin.py:188} INFO - [2026-03-16T16:18:01.619+0000] {dag.py:3954} INFO - Setting next_dagrun for example_nested_branch_dag to 2026-03-15 00:00:00+00:00, run_after=2026-03-16 00:00:00+00:00
[2026-03-16T16:18:01.662+0000] {processor.py:183} INFO - Processing /home/airflow/.local/lib/python3.12/site-packages/airflow/example_dags/example_nested_branch_dag.py took 0.163 seconds
[2026-03-16T16:18:32.407+0000] {processor.py:161} INFO - Started process (PID=2252) to work on /home/airflow/.local/lib/python3.12/site-packages/airflow/example_dags/example_nested_branch_dag.py
[2026-03-16T16:18:32.408+0000] {processor.py:830} INFO - Processing file /home/airflow/.local/lib/python3.12/site-packages/airflow/example_dags/example_nested_branch_dag.py for tasks to queue
[2026-03-16T16:18:32.411+0000] {logging_mixin.py:188} INFO - [2026-03-16T16:18:32.410+0000] {dagbag.py:545} INFO - Filling up the DagBag from /home/airflow/.local/lib/python3.12/site-packages/airflow/example_dags/example_nested_branch_dag.py
[2026-03-16T16:18:32.423+0000] {processor.py:840} INFO - DAG(s) 'example_nested_branch_dag' retrieved from /home/airflow/.local/lib/python3.12/site-packages/airflow/example_dags/example_nested_branch_dag.py
[2026-03-16T16:18:32.453+0000] {logging_mixin.py:188} INFO - [2026-03-16T16:18:32.453+0000] {dag.py:3096} INFO - Sync 1 DAGs
[2026-03-16T16:18:32.499+0000] {logging_mixin.py:188} INFO - [2026-03-16T16:18:32.498+0000] {dag.py:3954} INFO - Setting next_dagrun for example_nested_branch_dag to 2026-03-15 00:00:00+00:00, run_after=2026-03-16 00:00:00+00:00
[2026-03-16T16:18:32.539+0000] {processor.py:183} INFO - Processing /home/airflow/.local/lib/python3.12/site-packages/airflow/example_dags/example_nested_branch_dag.py took 0.139 seconds
[2026-03-16T16:19:03.184+0000] {processor.py:161} INFO - Started process (PID=2310) to work on /home/airflow/.local/lib/python3.12/site-packages/airflow/example_dags/example_nested_branch_dag.py
[2026-03-16T16:19:03.186+0000] {processor.py:830} INFO - Processing file /home/airflow/.local/lib/python3.12/site-packages/airflow/example_dags/example_nested_branch_dag.py for tasks to queue
[2026-03-16T16:19:03.188+0000] {logging_mixin.py:188} INFO - [2026-03-16T16:19:03.188+0000] {dagbag.py:545} INFO - Filling up the DagBag from /home/airflow/.local/lib/python3.12/site-packages/airflow/example_dags/example_nested_branch_dag.py
[2026-03-16T16:19:03.204+0000] {processor.py:840} INFO - DAG(s) 'example_nested_branch_dag' retrieved from /home/airflow/.local/lib/python3.12/site-packages/airflow/example_dags/example_nested_branch_dag.py
[2026-03-16T16:19:03.235+0000] {logging_mixin.py:188} INFO - [2026-03-16T16:19:03.235+0000] {dag.py:3096} INFO - Sync 1 DAGs
[2026-03-16T16:19:03.275+0000] {logging_mixin.py:188} INFO - [2026-03-16T16:19:03.275+0000] {dag.py:3954} INFO - Setting next_dagrun for example_nested_branch_dag to 2026-03-15 00:00:00+00:00, run_after=2026-03-16 00:00:00+00:00
[2026-03-16T16:19:03.310+0000] {processor.py:183} INFO - Processing /home/airflow/.local/lib/python3.12/site-packages/airflow/example_dags/example_nested_branch_dag.py took 0.136 seconds
[2026-03-16T16:19:33.483+0000] {processor.py:161} INFO - Started process (PID=2368) to work on /home/airflow/.local/lib/python3.12/site-packages/airflow/example_dags/example_nested_branch_dag.py
[2026-03-16T16:19:33.485+0000] {processor.py:830} INFO - Processing file /home/airflow/.local/lib/python3.12/site-packages/airflow/example_dags/example_nested_branch_dag.py for tasks to queue
[2026-03-16T16:19:33.487+0000] {logging_mixin.py:188} INFO - [2026-03-16T16:19:33.487+0000] {dagbag.py:545} INFO - Filling up the DagBag from /home/airflow/.local/lib/python3.12/site-packages/airflow/example_dags/example_nested_branch_dag.py
[2026-03-16T16:19:33.499+0000] {processor.py:840} INFO - DAG(s) 'example_nested_branch_dag' retrieved from /home/airflow/.local/lib/python3.12/site-packages/airflow/example_dags/example_nested_branch_dag.py
[2026-03-16T16:19:33.535+0000] {logging_mixin.py:188} INFO - [2026-03-16T16:19:33.534+0000] {dag.py:3096} INFO - Sync 1 DAGs
[2026-03-16T16:19:33.585+0000] {logging_mixin.py:188} INFO - [2026-03-16T16:19:33.585+0000] {dag.py:3954} INFO - Setting next_dagrun for example_nested_branch_dag to 2026-03-15 00:00:00+00:00, run_after=2026-03-16 00:00:00+00:00
[2026-03-16T16:19:33.620+0000] {processor.py:183} INFO - Processing /home/airflow/.local/lib/python3.12/site-packages/airflow/example_dags/example_nested_branch_dag.py took 0.144 seconds
[2026-03-16T16:20:03.725+0000] {processor.py:161} INFO - Started process (PID=2427) to work on /home/airflow/.local/lib/python3.12/site-packages/airflow/example_dags/example_nested_branch_dag.py
[2026-03-16T16:20:03.727+0000] {processor.py:830} INFO - Processing file /home/airflow/.local/lib/python3.12/site-packages/airflow/example_dags/example_nested_branch_dag.py for tasks to queue
[2026-03-16T16:20:03.729+0000] {logging_mixin.py:188} INFO - [2026-03-16T16:20:03.729+0000] {dagbag.py:545} INFO - Filling up the DagBag from /home/airflow/.local/lib/python3.12/site-packages/airflow/example_dags/example_nested_branch_dag.py
[2026-03-16T16:20:03.743+0000] {processor.py:840} INFO - DAG(s) 'example_nested_branch_dag' retrieved from /home/airflow/.local/lib/python3.12/site-packages/airflow/example_dags/example_nested_branch_dag.py
[2026-03-16T16:20:03.772+0000] {logging_mixin.py:188} INFO - [2026-03-16T16:20:03.772+0000] {dag.py:3096} INFO - Sync 1 DAGs
[2026-03-16T16:20:03.804+0000] {logging_mixin.py:188} INFO - [2026-03-16T16:20:03.803+0000] {dag.py:3954} INFO - Setting next_dagrun for example_nested_branch_dag to 2026-03-15 00:00:00+00:00, run_after=2026-03-16 00:00:00+00:00
[2026-03-16T16:20:03.832+0000] {processor.py:183} INFO - Processing /home/airflow/.local/lib/python3.12/site-packages/airflow/example_dags/example_nested_branch_dag.py took 0.116 seconds
[2026-03-16T16:20:34.372+0000] {processor.py:161} INFO - Started process (PID=2486) to work on /home/airflow/.local/lib/python3.12/site-packages/airflow/example_dags/example_nested_branch_dag.py
[2026-03-16T16:20:34.374+0000] {processor.py:830} INFO - Processing file /home/airflow/.local/lib/python3.12/site-packages/airflow/example_dags/example_nested_branch_dag.py for tasks to queue
[2026-03-16T16:20:34.376+0000] {logging_mixin.py:188} INFO - [2026-03-16T16:20:34.376+0000] {dagbag.py:545} INFO - Filling up the DagBag from /home/airflow/.local/lib/python3.12/site-packages/airflow/example_dags/example_nested_branch_dag.py
[2026-03-16T16:20:34.391+0000] {processor.py:840} INFO - DAG(s) 'example_nested_branch_dag' retrieved from /home/airflow/.local/lib/python3.12/site-packages/airflow/example_dags/example_nested_branch_dag.py
[2026-03-16T16:20:34.419+0000] {logging_mixin.py:188} INFO - [2026-03-16T16:20:34.419+0000] {dag.py:3096} INFO - Sync 1 DAGs
[2026-03-16T16:20:34.457+0000] {logging_mixin.py:188} INFO - [2026-03-16T16:20:34.457+0000] {dag.py:3954} INFO - Setting next_dagrun for example_nested_branch_dag to 2026-03-15 00:00:00+00:00, run_after=2026-03-16 00:00:00+00:00
[2026-03-16T16:20:34.484+0000] {processor.py:183} INFO - Processing /home/airflow/.local/lib/python3.12/site-packages/airflow/example_dags/example_nested_branch_dag.py took 0.119 seconds
[2026-03-16T16:21:05.067+0000] {processor.py:161} INFO - Started process (PID=2546) to work on /home/airflow/.local/lib/python3.12/site-packages/airflow/example_dags/example_nested_branch_dag.py
[2026-03-16T16:21:05.068+0000] {processor.py:830} INFO - Processing file /home/airflow/.local/lib/python3.12/site-packages/airflow/example_dags/example_nested_branch_dag.py for tasks to queue
[2026-03-16T16:21:05.071+0000] {logging_mixin.py:188} INFO - [2026-03-16T16:21:05.071+0000] {dagbag.py:545} INFO - Filling up the DagBag from /home/airflow/.local/lib/python3.12/site-packages/airflow/example_dags/example_nested_branch_dag.py
[2026-03-16T16:21:05.089+0000] {processor.py:840} INFO - DAG(s) 'example_nested_branch_dag' retrieved from /home/airflow/.local/lib/python3.12/site-packages/airflow/example_dags/example_nested_branch_dag.py
[2026-03-16T16:21:05.125+0000] {logging_mixin.py:188} INFO - [2026-03-16T16:21:05.124+0000] {dag.py:3096} INFO - Sync 1 DAGs
[2026-03-16T16:21:05.167+0000] {logging_mixin.py:188} INFO - [2026-03-16T16:21:05.166+0000] {dag.py:3954} INFO - Setting next_dagrun for example_nested_branch_dag to 2026-03-15 00:00:00+00:00, run_after=2026-03-16 00:00:00+00:00
[2026-03-16T16:21:05.205+0000] {processor.py:183} INFO - Processing /home/airflow/.local/lib/python3.12/site-packages/airflow/example_dags/example_nested_branch_dag.py took 0.146 seconds
[2026-03-16T16:21:35.290+0000] {processor.py:161} INFO - Started process (PID=2605) to work on /home/airflow/.local/lib/python3.12/site-packages/airflow/example_dags/example_nested_branch_dag.py
[2026-03-16T16:21:35.292+0000] {processor.py:830} INFO - Processing file /home/airflow/.local/lib/python3.12/site-packages/airflow/example_dags/example_nested_branch_dag.py for tasks to queue
[2026-03-16T16:21:35.294+0000] {logging_mixin.py:188} INFO - [2026-03-16T16:21:35.294+0000] {dagbag.py:545} INFO - Filling up the DagBag from /home/airflow/.local/lib/python3.12/site-packages/airflow/example_dags/example_nested_branch_dag.py
[2026-03-16T16:21:35.307+0000] {processor.py:840} INFO - DAG(s) 'example_nested_branch_dag' retrieved from /home/airflow/.local/lib/python3.12/site-packages/airflow/example_dags/example_nested_branch_dag.py
[2026-03-16T16:21:35.335+0000] {logging_mixin.py:188} INFO - [2026-03-16T16:21:35.335+0000] {dag.py:3096} INFO - Sync 1 DAGs
[2026-03-16T16:21:35.373+0000] {logging_mixin.py:188} INFO - [2026-03-16T16:21:35.372+0000] {dag.py:3954} INFO - Setting next_dagrun for example_nested_branch_dag to 2026-03-15 00:00:00+00:00, run_after=2026-03-16 00:00:00+00:00
[2026-03-16T16:21:35.404+0000] {processor.py:183} INFO - Processing /home/airflow/.local/lib/python3.12/site-packages/airflow/example_dags/example_nested_branch_dag.py took 0.123 seconds
[2026-03-16T16:22:05.658+0000] {processor.py:161} INFO - Started process (PID=2664) to work on /home/airflow/.local/lib/python3.12/site-packages/airflow/example_dags/example_nested_branch_dag.py
[2026-03-16T16:22:05.662+0000] {processor.py:830} INFO - Processing file /home/airflow/.local/lib/python3.12/site-packages/airflow/example_dags/example_nested_branch_dag.py for tasks to queue
[2026-03-16T16:22:05.665+0000] {logging_mixin.py:188} INFO - [2026-03-16T16:22:05.665+0000] {dagbag.py:545} INFO - Filling up the DagBag from /home/airflow/.local/lib/python3.12/site-packages/airflow/example_dags/example_nested_branch_dag.py
[2026-03-16T16:22:05.685+0000] {processor.py:840} INFO - DAG(s) 'example_nested_branch_dag' retrieved from /home/airflow/.local/lib/python3.12/site-packages/airflow/example_dags/example_nested_branch_dag.py
[2026-03-16T16:22:05.726+0000] {logging_mixin.py:188} INFO - [2026-03-16T16:22:05.726+0000] {dag.py:3096} INFO - Sync 1 DAGs
[2026-03-16T16:22:05.769+0000] {logging_mixin.py:188} INFO - [2026-03-16T16:22:05.768+0000] {dag.py:3954} INFO - Setting next_dagrun for example_nested_branch_dag to 2026-03-15 00:00:00+00:00, run_after=2026-03-16 00:00:00+00:00
[2026-03-16T16:22:05.800+0000] {processor.py:183} INFO - Processing /home/airflow/.local/lib/python3.12/site-packages/airflow/example_dags/example_nested_branch_dag.py took 0.153 seconds
[2026-03-16T16:22:36.463+0000] {processor.py:161} INFO - Started process (PID=2722) to work on /home/airflow/.local/lib/python3.12/site-packages/airflow/example_dags/example_nested_branch_dag.py
[2026-03-16T16:22:36.465+0000] {processor.py:830} INFO - Processing file /home/airflow/.local/lib/python3.12/site-packages/airflow/example_dags/example_nested_branch_dag.py for tasks to queue
[2026-03-16T16:22:36.471+0000] {logging_mixin.py:188} INFO - [2026-03-16T16:22:36.470+0000] {dagbag.py:545} INFO - Filling up the DagBag from /home/airflow/.local/lib/python3.12/site-packages/airflow/example_dags/example_nested_branch_dag.py
[2026-03-16T16:22:36.531+0000] {processor.py:840} INFO - DAG(s) 'example_nested_branch_dag' retrieved from /home/airflow/.local/lib/python3.12/site-packages/airflow/example_dags/example_nested_branch_dag.py
[2026-03-16T16:22:36.583+0000] {logging_mixin.py:188} INFO - [2026-03-16T16:22:36.582+0000] {dag.py:3096} INFO - Sync 1 DAGs
[2026-03-16T16:22:36.648+0000] {logging_mixin.py:188} INFO - [2026-03-16T16:22:36.648+0000] {dag.py:3954} INFO - Setting next_dagrun for example_nested_branch_dag to 2026-03-15 00:00:00+00:00, run_after=2026-03-16 00:00:00+00:00
[2026-03-16T16:22:36.701+0000] {processor.py:183} INFO - Processing /home/airflow/.local/lib/python3.12/site-packages/airflow/example_dags/example_nested_branch_dag.py took 0.256 seconds
[2026-03-16T16:23:07.535+0000] {processor.py:161} INFO - Started process (PID=2781) to work on /home/airflow/.local/lib/python3.12/site-packages/airflow/example_dags/example_nested_branch_dag.py
[2026-03-16T16:23:07.537+0000] {processor.py:830} INFO - Processing file /home/airflow/.local/lib/python3.12/site-packages/airflow/example_dags/example_nested_branch_dag.py for tasks to queue
[2026-03-16T16:23:07.540+0000] {logging_mixin.py:188} INFO - [2026-03-16T16:23:07.539+0000] {dagbag.py:545} INFO - Filling up the DagBag from /home/airflow/.local/lib/python3.12/site-packages/airflow/example_dags/example_nested_branch_dag.py
[2026-03-16T16:23:07.554+0000] {processor.py:840} INFO - DAG(s) 'example_nested_branch_dag' retrieved from /home/airflow/.local/lib/python3.12/site-packages/airflow/example_dags/example_nested_branch_dag.py
[2026-03-16T16:23:07.584+0000] {logging_mixin.py:188} INFO - [2026-03-16T16:23:07.583+0000] {dag.py:3096} INFO - Sync 1 DAGs
[2026-03-16T16:23:07.615+0000] {logging_mixin.py:188} INFO - [2026-03-16T16:23:07.615+0000] {dag.py:3954} INFO - Setting next_dagrun for example_nested_branch_dag to 2026-03-15 00:00:00+00:00, run_after=2026-03-16 00:00:00+00:00
[2026-03-16T16:23:07.673+0000] {processor.py:183} INFO - Processing /home/airflow/.local/lib/python3.12/site-packages/airflow/example_dags/example_nested_branch_dag.py took 0.144 seconds
[2026-03-16T16:23:38.306+0000] {processor.py:161} INFO - Started process (PID=2840) to work on /home/airflow/.local/lib/python3.12/site-packages/airflow/example_dags/example_nested_branch_dag.py
[2026-03-16T16:23:38.308+0000] {processor.py:830} INFO - Processing file /home/airflow/.local/lib/python3.12/site-packages/airflow/example_dags/example_nested_branch_dag.py for tasks to queue
[2026-03-16T16:23:38.311+0000] {logging_mixin.py:188} INFO - [2026-03-16T16:23:38.311+0000] {dagbag.py:545} INFO - Filling up the DagBag from /home/airflow/.local/lib/python3.12/site-packages/airflow/example_dags/example_nested_branch_dag.py
[2026-03-16T16:23:38.323+0000] {processor.py:840} INFO - DAG(s) 'example_nested_branch_dag' retrieved from /home/airflow/.local/lib/python3.12/site-packages/airflow/example_dags/example_nested_branch_dag.py
[2026-03-16T16:23:38.357+0000] {logging_mixin.py:188} INFO - [2026-03-16T16:23:38.357+0000] {dag.py:3096} INFO - Sync 1 DAGs
[2026-03-16T16:23:38.394+0000] {logging_mixin.py:188} INFO - [2026-03-16T16:23:38.393+0000] {dag.py:3954} INFO - Setting next_dagrun for example_nested_branch_dag to 2026-03-15 00:00:00+00:00, run_after=2026-03-16 00:00:00+00:00
[2026-03-16T16:23:38.449+0000] {processor.py:183} INFO - Processing /home/airflow/.local/lib/python3.12/site-packages/airflow/example_dags/example_nested_branch_dag.py took 0.153 seconds
[2026-03-16T16:24:08.584+0000] {processor.py:161} INFO - Started process (PID=2899) to work on /home/airflow/.local/lib/python3.12/site-packages/airflow/example_dags/example_nested_branch_dag.py
[2026-03-16T16:24:08.585+0000] {processor.py:830} INFO - Processing file /home/airflow/.local/lib/python3.12/site-packages/airflow/example_dags/example_nested_branch_dag.py for tasks to queue
[2026-03-16T16:24:08.588+0000] {logging_mixin.py:188} INFO - [2026-03-16T16:24:08.588+0000] {dagbag.py:545} INFO - Filling up the DagBag from /home/airflow/.local/lib/python3.12/site-packages/airflow/example_dags/example_nested_branch_dag.py
[2026-03-16T16:24:08.602+0000] {processor.py:840} INFO - DAG(s) 'example_nested_branch_dag' retrieved from /home/airflow/.local/lib/python3.12/site-packages/airflow/example_dags/example_nested_branch_dag.py
[2026-03-16T16:24:08.645+0000] {logging_mixin.py:188} INFO - [2026-03-16T16:24:08.644+0000] {dag.py:3096} INFO - Sync 1 DAGs
[2026-03-16T16:24:08.687+0000] {logging_mixin.py:188} INFO - [2026-03-16T16:24:08.687+0000] {dag.py:3954} INFO - Setting next_dagrun for example_nested_branch_dag to 2026-03-15 00:00:00+00:00, run_after=2026-03-16 00:00:00+00:00
[2026-03-16T16:24:08.725+0000] {processor.py:183} INFO - Processing /home/airflow/.local/lib/python3.12/site-packages/airflow/example_dags/example_nested_branch_dag.py took 0.147 seconds
[2026-03-16T16:24:39.695+0000] {processor.py:161} INFO - Started process (PID=2958) to work on /home/airflow/.local/lib/python3.12/site-packages/airflow/example_dags/example_nested_branch_dag.py
[2026-03-16T16:24:39.697+0000] {processor.py:830} INFO - Processing file /home/airflow/.local/lib/python3.12/site-packages/airflow/example_dags/example_nested_branch_dag.py for tasks to queue
[2026-03-16T16:24:39.701+0000] {logging_mixin.py:188} INFO - [2026-03-16T16:24:39.700+0000] {dagbag.py:545} INFO - Filling up the DagBag from /home/airflow/.local/lib/python3.12/site-packages/airflow/example_dags/example_nested_branch_dag.py
[2026-03-16T16:24:39.740+0000] {processor.py:840} INFO - DAG(s) 'example_nested_branch_dag' retrieved from /home/airflow/.local/lib/python3.12/site-packages/airflow/example_dags/example_nested_branch_dag.py
[2026-03-16T16:24:39.791+0000] {logging_mixin.py:188} INFO - [2026-03-16T16:24:39.791+0000] {dag.py:3096} INFO - Sync 1 DAGs
[2026-03-16T16:24:39.854+0000] {logging_mixin.py:188} INFO - [2026-03-16T16:24:39.854+0000] {dag.py:3954} INFO - Setting next_dagrun for example_nested_branch_dag to 2026-03-15 00:00:00+00:00, run_after=2026-03-16 00:00:00+00:00
[2026-03-16T16:24:39.887+0000] {processor.py:183} INFO - Processing /home/airflow/.local/lib/python3.12/site-packages/airflow/example_dags/example_nested_branch_dag.py took 0.221 seconds
[2026-03-16T16:25:10.239+0000] {processor.py:161} INFO - Started process (PID=3017) to work on /home/airflow/.local/lib/python3.12/site-packages/airflow/example_dags/example_nested_branch_dag.py
[2026-03-16T16:25:10.242+0000] {processor.py:830} INFO - Processing file /home/airflow/.local/lib/python3.12/site-packages/airflow/example_dags/example_nested_branch_dag.py for tasks to queue
[2026-03-16T16:25:10.246+0000] {logging_mixin.py:188} INFO - [2026-03-16T16:25:10.246+0000] {dagbag.py:545} INFO - Filling up the DagBag from /home/airflow/.local/lib/python3.12/site-packages/airflow/example_dags/example_nested_branch_dag.py
[2026-03-16T16:25:10.280+0000] {processor.py:840} INFO - DAG(s) 'example_nested_branch_dag' retrieved from /home/airflow/.local/lib/python3.12/site-packages/airflow/example_dags/example_nested_branch_dag.py
[2026-03-16T16:25:10.324+0000] {logging_mixin.py:188} INFO - [2026-03-16T16:25:10.323+0000] {dag.py:3096} INFO - Sync 1 DAGs
[2026-03-16T16:25:10.382+0000] {logging_mixin.py:188} INFO - [2026-03-16T16:25:10.381+0000] {dag.py:3954} INFO - Setting next_dagrun for example_nested_branch_dag to 2026-03-15 00:00:00+00:00, run_after=2026-03-16 00:00:00+00:00
[2026-03-16T16:25:10.428+0000] {processor.py:183} INFO - Processing /home/airflow/.local/lib/python3.12/site-packages/airflow/example_dags/example_nested_branch_dag.py took 0.202 seconds
[2026-03-16T16:25:40.634+0000] {processor.py:161} INFO - Started process (PID=3076) to work on /home/airflow/.local/lib/python3.12/site-packages/airflow/example_dags/example_nested_branch_dag.py
[2026-03-16T16:25:40.635+0000] {processor.py:830} INFO - Processing file /home/airflow/.local/lib/python3.12/site-packages/airflow/example_dags/example_nested_branch_dag.py for tasks to queue
[2026-03-16T16:25:40.638+0000] {logging_mixin.py:188} INFO - [2026-03-16T16:25:40.637+0000] {dagbag.py:545} INFO - Filling up the DagBag from /home/airflow/.local/lib/python3.12/site-packages/airflow/example_dags/example_nested_branch_dag.py
[2026-03-16T16:25:40.651+0000] {processor.py:840} INFO - DAG(s) 'example_nested_branch_dag' retrieved from /home/airflow/.local/lib/python3.12/site-packages/airflow/example_dags/example_nested_branch_dag.py
[2026-03-16T16:25:40.677+0000] {logging_mixin.py:188} INFO - [2026-03-16T16:25:40.677+0000] {dag.py:3096} INFO - Sync 1 DAGs
[2026-03-16T16:25:40.702+0000] {logging_mixin.py:188} INFO - [2026-03-16T16:25:40.702+0000] {dag.py:3954} INFO - Setting next_dagrun for example_nested_branch_dag to 2026-03-15 00:00:00+00:00, run_after=2026-03-16 00:00:00+00:00
[2026-03-16T16:25:40.729+0000] {processor.py:183} INFO - Processing /home/airflow/.local/lib/python3.12/site-packages/airflow/example_dags/example_nested_branch_dag.py took 0.103 seconds
[2026-03-16T16:26:11.203+0000] {processor.py:161} INFO - Started process (PID=3135) to work on /home/airflow/.local/lib/python3.12/site-packages/airflow/example_dags/example_nested_branch_dag.py
[2026-03-16T16:26:11.204+0000] {processor.py:830} INFO - Processing file /home/airflow/.local/lib/python3.12/site-packages/airflow/example_dags/example_nested_branch_dag.py for tasks to queue
[2026-03-16T16:26:11.209+0000] {logging_mixin.py:188} INFO - [2026-03-16T16:26:11.208+0000] {dagbag.py:545} INFO - Filling up the DagBag from /home/airflow/.local/lib/python3.12/site-packages/airflow/example_dags/example_nested_branch_dag.py
[2026-03-16T16:26:11.229+0000] {processor.py:840} INFO - DAG(s) 'example_nested_branch_dag' retrieved from /home/airflow/.local/lib/python3.12/site-packages/airflow/example_dags/example_nested_branch_dag.py
[2026-03-16T16:26:11.273+0000] {logging_mixin.py:188} INFO - [2026-03-16T16:26:11.273+0000] {dag.py:3096} INFO - Sync 1 DAGs
[2026-03-16T16:26:11.329+0000] {logging_mixin.py:188} INFO - [2026-03-16T16:26:11.329+0000] {dag.py:3954} INFO - Setting next_dagrun for example_nested_branch_dag to 2026-03-15 00:00:00+00:00, run_after=2026-03-16 00:00:00+00:00
[2026-03-16T16:26:11.369+0000] {processor.py:183} INFO - Processing /home/airflow/.local/lib/python3.12/site-packages/airflow/example_dags/example_nested_branch_dag.py took 0.178 seconds
[2026-03-16T16:26:42.116+0000] {processor.py:161} INFO - Started process (PID=3194) to work on /home/airflow/.local/lib/python3.12/site-packages/airflow/example_dags/example_nested_branch_dag.py
[2026-03-16T16:26:42.118+0000] {processor.py:830} INFO - Processing file /home/airflow/.local/lib/python3.12/site-packages/airflow/example_dags/example_nested_branch_dag.py for tasks to queue
[2026-03-16T16:26:42.123+0000] {logging_mixin.py:188} INFO - [2026-03-16T16:26:42.123+0000] {dagbag.py:545} INFO - Filling up the DagBag from /home/airflow/.local/lib/python3.12/site-packages/airflow/example_dags/example_nested_branch_dag.py
[2026-03-16T16:26:42.148+0000] {processor.py:840} INFO - DAG(s) 'example_nested_branch_dag' retrieved from /home/airflow/.local/lib/python3.12/site-packages/airflow/example_dags/example_nested_branch_dag.py
[2026-03-16T16:26:42.207+0000] {logging_mixin.py:188} INFO - [2026-03-16T16:26:42.206+0000] {dag.py:3096} INFO - Sync 1 DAGs
[2026-03-16T16:26:42.259+0000] {logging_mixin.py:188} INFO - [2026-03-16T16:26:42.259+0000] {dag.py:3954} INFO - Setting next_dagrun for example_nested_branch_dag to 2026-03-15 00:00:00+00:00, run_after=2026-03-16 00:00:00+00:00
[2026-03-16T16:26:42.317+0000] {processor.py:183} INFO - Processing /home/airflow/.local/lib/python3.12/site-packages/airflow/example_dags/example_nested_branch_dag.py took 0.212 seconds
[2026-03-16T16:27:12.979+0000] {processor.py:161} INFO - Started process (PID=3259) to work on /home/airflow/.local/lib/python3.12/site-packages/airflow/example_dags/example_nested_branch_dag.py
[2026-03-16T16:27:12.981+0000] {processor.py:830} INFO - Processing file /home/airflow/.local/lib/python3.12/site-packages/airflow/example_dags/example_nested_branch_dag.py for tasks to queue
[2026-03-16T16:27:12.985+0000] {logging_mixin.py:188} INFO - [2026-03-16T16:27:12.984+0000] {dagbag.py:545} INFO - Filling up the DagBag from /home/airflow/.local/lib/python3.12/site-packages/airflow/example_dags/example_nested_branch_dag.py
[2026-03-16T16:27:12.999+0000] {processor.py:840} INFO - DAG(s) 'example_nested_branch_dag' retrieved from /home/airflow/.local/lib/python3.12/site-packages/airflow/example_dags/example_nested_branch_dag.py
[2026-03-16T16:27:13.029+0000] {logging_mixin.py:188} INFO - [2026-03-16T16:27:13.028+0000] {dag.py:3096} INFO - Sync 1 DAGs
[2026-03-16T16:27:13.063+0000] {logging_mixin.py:188} INFO - [2026-03-16T16:27:13.062+0000] {dag.py:3954} INFO - Setting next_dagrun for example_nested_branch_dag to 2026-03-15 00:00:00+00:00, run_after=2026-03-16 00:00:00+00:00
[2026-03-16T16:27:13.097+0000] {processor.py:183} INFO - Processing /home/airflow/.local/lib/python3.12/site-packages/airflow/example_dags/example_nested_branch_dag.py took 0.125 seconds
[2026-03-16T16:27:44.043+0000] {processor.py:161} INFO - Started process (PID=3319) to work on /home/airflow/.local/lib/python3.12/site-packages/airflow/example_dags/example_nested_branch_dag.py
[2026-03-16T16:27:44.045+0000] {processor.py:830} INFO - Processing file /home/airflow/.local/lib/python3.12/site-packages/airflow/example_dags/example_nested_branch_dag.py for tasks to queue
[2026-03-16T16:27:44.049+0000] {logging_mixin.py:188} INFO - [2026-03-16T16:27:44.048+0000] {dagbag.py:545} INFO - Filling up the DagBag from /home/airflow/.local/lib/python3.12/site-packages/airflow/example_dags/example_nested_branch_dag.py
[2026-03-16T16:27:44.076+0000] {processor.py:840} INFO - DAG(s) 'example_nested_branch_dag' retrieved from /home/airflow/.local/lib/python3.12/site-packages/airflow/example_dags/example_nested_branch_dag.py
[2026-03-16T16:27:44.124+0000] {logging_mixin.py:188} INFO - [2026-03-16T16:27:44.123+0000] {dag.py:3096} INFO - Sync 1 DAGs
[2026-03-16T16:27:44.191+0000] {logging_mixin.py:188} INFO - [2026-03-16T16:27:44.190+0000] {dag.py:3954} INFO - Setting next_dagrun for example_nested_branch_dag to 2026-03-15 00:00:00+00:00, run_after=2026-03-16 00:00:00+00:00
[2026-03-16T16:27:44.247+0000] {processor.py:183} INFO - Processing /home/airflow/.local/lib/python3.12/site-packages/airflow/example_dags/example_nested_branch_dag.py took 0.219 seconds
[2026-03-16T16:28:18.000+0000] {processor.py:161} INFO - Started process (PID=3378) to work on /home/airflow/.local/lib/python3.12/site-packages/airflow/example_dags/example_nested_branch_dag.py
[2026-03-16T16:28:18.020+0000] {processor.py:830} INFO - Processing file /home/airflow/.local/lib/python3.12/site-packages/airflow/example_dags/example_nested_branch_dag.py for tasks to queue
[2026-03-16T16:28:18.050+0000] {logging_mixin.py:188} INFO - [2026-03-16T16:28:18.050+0000] {dagbag.py:545} INFO - Filling up the DagBag from /home/airflow/.local/lib/python3.12/site-packages/airflow/example_dags/example_nested_branch_dag.py
[2026-03-16T16:28:18.180+0000] {processor.py:840} INFO - DAG(s) 'example_nested_branch_dag' retrieved from /home/airflow/.local/lib/python3.12/site-packages/airflow/example_dags/example_nested_branch_dag.py
[2026-03-16T16:28:18.379+0000] {logging_mixin.py:188} INFO - [2026-03-16T16:28:18.379+0000] {dag.py:3096} INFO - Sync 1 DAGs
[2026-03-16T16:28:18.563+0000] {logging_mixin.py:188} INFO - [2026-03-16T16:28:18.563+0000] {dag.py:3954} INFO - Setting next_dagrun for example_nested_branch_dag to 2026-03-15 00:00:00+00:00, run_after=2026-03-16 00:00:00+00:00
[2026-03-16T16:28:18.730+0000] {processor.py:183} INFO - Processing /home/airflow/.local/lib/python3.12/site-packages/airflow/example_dags/example_nested_branch_dag.py took 0.744 seconds
[2026-03-16T16:28:48.843+0000] {processor.py:161} INFO - Started process (PID=3437) to work on /home/airflow/.local/lib/python3.12/site-packages/airflow/example_dags/example_nested_branch_dag.py
[2026-03-16T16:28:48.844+0000] {processor.py:830} INFO - Processing file /home/airflow/.local/lib/python3.12/site-packages/airflow/example_dags/example_nested_branch_dag.py for tasks to queue
[2026-03-16T16:28:48.849+0000] {logging_mixin.py:188} INFO - [2026-03-16T16:28:48.848+0000] {dagbag.py:545} INFO - Filling up the DagBag from /home/airflow/.local/lib/python3.12/site-packages/airflow/example_dags/example_nested_branch_dag.py
[2026-03-16T16:28:48.866+0000] {processor.py:840} INFO - DAG(s) 'example_nested_branch_dag' retrieved from /home/airflow/.local/lib/python3.12/site-packages/airflow/example_dags/example_nested_branch_dag.py
[2026-03-16T16:28:48.928+0000] {logging_mixin.py:188} INFO - [2026-03-16T16:28:48.928+0000] {dag.py:3096} INFO - Sync 1 DAGs
[2026-03-16T16:28:49.024+0000] {logging_mixin.py:188} INFO - [2026-03-16T16:28:49.023+0000] {dag.py:3954} INFO - Setting next_dagrun for example_nested_branch_dag to 2026-03-15 00:00:00+00:00, run_after=2026-03-16 00:00:00+00:00
[2026-03-16T16:28:49.060+0000] {processor.py:183} INFO - Processing /home/airflow/.local/lib/python3.12/site-packages/airflow/example_dags/example_nested_branch_dag.py took 0.227 seconds
[2026-03-16T16:29:19.210+0000] {processor.py:161} INFO - Started process (PID=3496) to work on /home/airflow/.local/lib/python3.12/site-packages/airflow/example_dags/example_nested_branch_dag.py
[2026-03-16T16:29:19.214+0000] {processor.py:830} INFO - Processing file /home/airflow/.local/lib/python3.12/site-packages/airflow/example_dags/example_nested_branch_dag.py for tasks to queue
[2026-03-16T16:29:19.217+0000] {logging_mixin.py:188} INFO - [2026-03-16T16:29:19.216+0000] {dagbag.py:545} INFO - Filling up the DagBag from /home/airflow/.local/lib/python3.12/site-packages/airflow/example_dags/example_nested_branch_dag.py
[2026-03-16T16:29:19.232+0000] {processor.py:840} INFO - DAG(s) 'example_nested_branch_dag' retrieved from /home/airflow/.local/lib/python3.12/site-packages/airflow/example_dags/example_nested_branch_dag.py
[2026-03-16T16:29:19.267+0000] {logging_mixin.py:188} INFO - [2026-03-16T16:29:19.266+0000] {dag.py:3096} INFO - Sync 1 DAGs
[2026-03-16T16:29:19.307+0000] {logging_mixin.py:188} INFO - [2026-03-16T16:29:19.307+0000] {dag.py:3954} INFO - Setting next_dagrun for example_nested_branch_dag to 2026-03-15 00:00:00+00:00, run_after=2026-03-16 00:00:00+00:00
[2026-03-16T16:29:19.374+0000] {processor.py:183} INFO - Processing /home/airflow/.local/lib/python3.12/site-packages/airflow/example_dags/example_nested_branch_dag.py took 0.174 seconds
[2026-03-16T16:29:50.165+0000] {processor.py:161} INFO - Started process (PID=3555) to work on /home/airflow/.local/lib/python3.12/site-packages/airflow/example_dags/example_nested_branch_dag.py
[2026-03-16T16:29:50.167+0000] {processor.py:830} INFO - Processing file /home/airflow/.local/lib/python3.12/site-packages/airflow/example_dags/example_nested_branch_dag.py for tasks to queue
[2026-03-16T16:29:50.171+0000] {logging_mixin.py:188} INFO - [2026-03-16T16:29:50.171+0000] {dagbag.py:545} INFO - Filling up the DagBag from /home/airflow/.local/lib/python3.12/site-packages/airflow/example_dags/example_nested_branch_dag.py
[2026-03-16T16:29:50.192+0000] {processor.py:840} INFO - DAG(s) 'example_nested_branch_dag' retrieved from /home/airflow/.local/lib/python3.12/site-packages/airflow/example_dags/example_nested_branch_dag.py
[2026-03-16T16:29:50.256+0000] {logging_mixin.py:188} INFO - [2026-03-16T16:29:50.256+0000] {dag.py:3096} INFO - Sync 1 DAGs
[2026-03-16T16:29:50.295+0000] {logging_mixin.py:188} INFO - [2026-03-16T16:29:50.294+0000] {dag.py:3954} INFO - Setting next_dagrun for example_nested_branch_dag to 2026-03-15 00:00:00+00:00, run_after=2026-03-16 00:00:00+00:00
[2026-03-16T16:29:50.351+0000] {processor.py:183} INFO - Processing /home/airflow/.local/lib/python3.12/site-packages/airflow/example_dags/example_nested_branch_dag.py took 0.197 seconds
[2026-03-16T16:30:20.583+0000] {processor.py:161} INFO - Started process (PID=3615) to work on /home/airflow/.local/lib/python3.12/site-packages/airflow/example_dags/example_nested_branch_dag.py
[2026-03-16T16:30:20.585+0000] {processor.py:830} INFO - Processing file /home/airflow/.local/lib/python3.12/site-packages/airflow/example_dags/example_nested_branch_dag.py for tasks to queue
[2026-03-16T16:30:20.588+0000] {logging_mixin.py:188} INFO - [2026-03-16T16:30:20.587+0000] {dagbag.py:545} INFO - Filling up the DagBag from /home/airflow/.local/lib/python3.12/site-packages/airflow/example_dags/example_nested_branch_dag.py
[2026-03-16T16:30:20.618+0000] {processor.py:840} INFO - DAG(s) 'example_nested_branch_dag' retrieved from /home/airflow/.local/lib/python3.12/site-packages/airflow/example_dags/example_nested_branch_dag.py
[2026-03-16T16:30:20.660+0000] {logging_mixin.py:188} INFO - [2026-03-16T16:30:20.660+0000] {dag.py:3096} INFO - Sync 1 DAGs
[2026-03-16T16:30:20.696+0000] {logging_mixin.py:188} INFO - [2026-03-16T16:30:20.696+0000] {dag.py:3954} INFO - Setting next_dagrun for example_nested_branch_dag to 2026-03-15 00:00:00+00:00, run_after=2026-03-16 00:00:00+00:00
[2026-03-16T16:30:20.724+0000] {processor.py:183} INFO - Processing /home/airflow/.local/lib/python3.12/site-packages/airflow/example_dags/example_nested_branch_dag.py took 0.156 seconds
[2026-03-16T16:30:51.112+0000] {processor.py:161} INFO - Started process (PID=3674) to work on /home/airflow/.local/lib/python3.12/site-packages/airflow/example_dags/example_nested_branch_dag.py
[2026-03-16T16:30:51.113+0000] {processor.py:830} INFO - Processing file /home/airflow/.local/lib/python3.12/site-packages/airflow/example_dags/example_nested_branch_dag.py for tasks to queue
[2026-03-16T16:30:51.127+0000] {logging_mixin.py:188} INFO - [2026-03-16T16:30:51.126+0000] {dagbag.py:545} INFO - Filling up the DagBag from /home/airflow/.local/lib/python3.12/site-packages/airflow/example_dags/example_nested_branch_dag.py
[2026-03-16T16:30:51.167+0000] {processor.py:840} INFO - DAG(s) 'example_nested_branch_dag' retrieved from /home/airflow/.local/lib/python3.12/site-packages/airflow/example_dags/example_nested_branch_dag.py
[2026-03-16T16:30:51.276+0000] {logging_mixin.py:188} INFO - [2026-03-16T16:30:51.276+0000] {dag.py:3096} INFO - Sync 1 DAGs
[2026-03-16T16:30:51.391+0000] {logging_mixin.py:188} INFO - [2026-03-16T16:30:51.391+0000] {dag.py:3954} INFO - Setting next_dagrun for example_nested_branch_dag to 2026-03-15 00:00:00+00:00, run_after=2026-03-16 00:00:00+00:00
[2026-03-16T16:30:51.455+0000] {processor.py:183} INFO - Processing /home/airflow/.local/lib/python3.12/site-packages/airflow/example_dags/example_nested_branch_dag.py took 0.371 seconds
[2026-03-16T16:31:22.447+0000] {processor.py:161} INFO - Started process (PID=3732) to work on /home/airflow/.local/lib/python3.12/site-packages/airflow/example_dags/example_nested_branch_dag.py
[2026-03-16T16:31:22.449+0000] {processor.py:830} INFO - Processing file /home/airflow/.local/lib/python3.12/site-packages/airflow/example_dags/example_nested_branch_dag.py for tasks to queue
[2026-03-16T16:31:22.452+0000] {logging_mixin.py:188} INFO - [2026-03-16T16:31:22.452+0000] {dagbag.py:545} INFO - Filling up the DagBag from /home/airflow/.local/lib/python3.12/site-packages/airflow/example_dags/example_nested_branch_dag.py
[2026-03-16T16:31:22.465+0000] {processor.py:840} INFO - DAG(s) 'example_nested_branch_dag' retrieved from /home/airflow/.local/lib/python3.12/site-packages/airflow/example_dags/example_nested_branch_dag.py
[2026-03-16T16:31:22.496+0000] {logging_mixin.py:188} INFO - [2026-03-16T16:31:22.496+0000] {dag.py:3096} INFO - Sync 1 DAGs
[2026-03-16T16:31:22.534+0000] {logging_mixin.py:188} INFO - [2026-03-16T16:31:22.534+0000] {dag.py:3954} INFO - Setting next_dagrun for example_nested_branch_dag to 2026-03-15 00:00:00+00:00, run_after=2026-03-16 00:00:00+00:00
[2026-03-16T16:31:22.567+0000] {processor.py:183} INFO - Processing /home/airflow/.local/lib/python3.12/site-packages/airflow/example_dags/example_nested_branch_dag.py took 0.128 seconds
[2026-03-16T16:31:52.877+0000] {processor.py:161} INFO - Started process (PID=3791) to work on /home/airflow/.local/lib/python3.12/site-packages/airflow/example_dags/example_nested_branch_dag.py
[2026-03-16T16:31:52.880+0000] {processor.py:830} INFO - Processing file /home/airflow/.local/lib/python3.12/site-packages/airflow/example_dags/example_nested_branch_dag.py for tasks to queue
[2026-03-16T16:31:52.885+0000] {logging_mixin.py:188} INFO - [2026-03-16T16:31:52.883+0000] {dagbag.py:545} INFO - Filling up the DagBag from /home/airflow/.local/lib/python3.12/site-packages/airflow/example_dags/example_nested_branch_dag.py
[2026-03-16T16:31:52.907+0000] {processor.py:840} INFO - DAG(s) 'example_nested_branch_dag' retrieved from /home/airflow/.local/lib/python3.12/site-packages/airflow/example_dags/example_nested_branch_dag.py
[2026-03-16T16:31:52.964+0000] {logging_mixin.py:188} INFO - [2026-03-16T16:31:52.963+0000] {dag.py:3096} INFO - Sync 1 DAGs
[2026-03-16T16:31:53.095+0000] {logging_mixin.py:188} INFO - [2026-03-16T16:31:53.095+0000] {dag.py:3954} INFO - Setting next_dagrun for example_nested_branch_dag to 2026-03-15 00:00:00+00:00, run_after=2026-03-16 00:00:00+00:00
[2026-03-16T16:31:53.188+0000] {processor.py:183} INFO - Processing /home/airflow/.local/lib/python3.12/site-packages/airflow/example_dags/example_nested_branch_dag.py took 0.320 seconds
[2026-03-16T16:32:24.087+0000] {processor.py:161} INFO - Started process (PID=3850) to work on /home/airflow/.local/lib/python3.12/site-packages/airflow/example_dags/example_nested_branch_dag.py
[2026-03-16T16:32:24.089+0000] {processor.py:830} INFO - Processing file /home/airflow/.local/lib/python3.12/site-packages/airflow/example_dags/example_nested_branch_dag.py for tasks to queue
[2026-03-16T16:32:24.092+0000] {logging_mixin.py:188} INFO - [2026-03-16T16:32:24.091+0000] {dagbag.py:545} INFO - Filling up the DagBag from /home/airflow/.local/lib/python3.12/site-packages/airflow/example_dags/example_nested_branch_dag.py
[2026-03-16T16:32:24.104+0000] {processor.py:840} INFO - DAG(s) 'example_nested_branch_dag' retrieved from /home/airflow/.local/lib/python3.12/site-packages/airflow/example_dags/example_nested_branch_dag.py
[2026-03-16T16:32:24.131+0000] {logging_mixin.py:188} INFO - [2026-03-16T16:32:24.131+0000] {dag.py:3096} INFO - Sync 1 DAGs
[2026-03-16T16:32:24.163+0000] {logging_mixin.py:188} INFO - [2026-03-16T16:32:24.163+0000] {dag.py:3954} INFO - Setting next_dagrun for example_nested_branch_dag to 2026-03-15 00:00:00+00:00, run_after=2026-03-16 00:00:00+00:00
[2026-03-16T16:32:24.206+0000] {processor.py:183} INFO - Processing /home/airflow/.local/lib/python3.12/site-packages/airflow/example_dags/example_nested_branch_dag.py took 0.128 seconds
[2026-03-16T16:32:54.649+0000] {processor.py:161} INFO - Started process (PID=3909) to work on /home/airflow/.local/lib/python3.12/site-packages/airflow/example_dags/example_nested_branch_dag.py
[2026-03-16T16:32:54.650+0000] {processor.py:830} INFO - Processing file /home/airflow/.local/lib/python3.12/site-packages/airflow/example_dags/example_nested_branch_dag.py for tasks to queue
[2026-03-16T16:32:54.653+0000] {logging_mixin.py:188} INFO - [2026-03-16T16:32:54.652+0000] {dagbag.py:545} INFO - Filling up the DagBag from /home/airflow/.local/lib/python3.12/site-packages/airflow/example_dags/example_nested_branch_dag.py
[2026-03-16T16:32:54.664+0000] {processor.py:840} INFO - DAG(s) 'example_nested_branch_dag' retrieved from /home/airflow/.local/lib/python3.12/site-packages/airflow/example_dags/example_nested_branch_dag.py
[2026-03-16T16:32:54.689+0000] {logging_mixin.py:188} INFO - [2026-03-16T16:32:54.688+0000] {dag.py:3096} INFO - Sync 1 DAGs
[2026-03-16T16:32:54.717+0000] {logging_mixin.py:188} INFO - [2026-03-16T16:32:54.717+0000] {dag.py:3954} INFO - Setting next_dagrun for example_nested_branch_dag to 2026-03-15 00:00:00+00:00, run_after=2026-03-16 00:00:00+00:00
[2026-03-16T16:32:54.773+0000] {processor.py:183} INFO - Processing /home/airflow/.local/lib/python3.12/site-packages/airflow/example_dags/example_nested_branch_dag.py took 0.133 seconds
[2026-03-16T16:33:25.235+0000] {processor.py:161} INFO - Started process (PID=3968) to work on /home/airflow/.local/lib/python3.12/site-packages/airflow/example_dags/example_nested_branch_dag.py
[2026-03-16T16:33:25.237+0000] {processor.py:830} INFO - Processing file /home/airflow/.local/lib/python3.12/site-packages/airflow/example_dags/example_nested_branch_dag.py for tasks to queue
[2026-03-16T16:33:25.241+0000] {logging_mixin.py:188} INFO - [2026-03-16T16:33:25.240+0000] {dagbag.py:545} INFO - Filling up the DagBag from /home/airflow/.local/lib/python3.12/site-packages/airflow/example_dags/example_nested_branch_dag.py
[2026-03-16T16:33:25.261+0000] {processor.py:840} INFO - DAG(s) 'example_nested_branch_dag' retrieved from /home/airflow/.local/lib/python3.12/site-packages/airflow/example_dags/example_nested_branch_dag.py
[2026-03-16T16:33:25.312+0000] {logging_mixin.py:188} INFO - [2026-03-16T16:33:25.312+0000] {dag.py:3096} INFO - Sync 1 DAGs
[2026-03-16T16:33:25.387+0000] {logging_mixin.py:188} INFO - [2026-03-16T16:33:25.387+0000] {dag.py:3954} INFO - Setting next_dagrun for example_nested_branch_dag to 2026-03-15 00:00:00+00:00, run_after=2026-03-16 00:00:00+00:00
[2026-03-16T16:33:25.438+0000] {processor.py:183} INFO - Processing /home/airflow/.local/lib/python3.12/site-packages/airflow/example_dags/example_nested_branch_dag.py took 0.214 seconds
[2026-03-16T16:33:56.000+0000] {processor.py:161} INFO - Started process (PID=4027) to work on /home/airflow/.local/lib/python3.12/site-packages/airflow/example_dags/example_nested_branch_dag.py
[2026-03-16T16:33:56.003+0000] {processor.py:830} INFO - Processing file /home/airflow/.local/lib/python3.12/site-packages/airflow/example_dags/example_nested_branch_dag.py for tasks to queue
[2026-03-16T16:33:56.007+0000] {logging_mixin.py:188} INFO - [2026-03-16T16:33:56.006+0000] {dagbag.py:545} INFO - Filling up the DagBag from /home/airflow/.local/lib/python3.12/site-packages/airflow/example_dags/example_nested_branch_dag.py
[2026-03-16T16:33:56.028+0000] {processor.py:840} INFO - DAG(s) 'example_nested_branch_dag' retrieved from /home/airflow/.local/lib/python3.12/site-packages/airflow/example_dags/example_nested_branch_dag.py
[2026-03-16T16:33:56.063+0000] {logging_mixin.py:188} INFO - [2026-03-16T16:33:56.062+0000] {dag.py:3096} INFO - Sync 1 DAGs
[2026-03-16T16:33:56.100+0000] {logging_mixin.py:188} INFO - [2026-03-16T16:33:56.100+0000] {dag.py:3954} INFO - Setting next_dagrun for example_nested_branch_dag to 2026-03-15 00:00:00+00:00, run_after=2026-03-16 00:00:00+00:00
[2026-03-16T16:33:56.130+0000] {processor.py:183} INFO - Processing /home/airflow/.local/lib/python3.12/site-packages/airflow/example_dags/example_nested_branch_dag.py took 0.150 seconds
[2026-03-16T16:34:26.828+0000] {processor.py:161} INFO - Started process (PID=4085) to work on /home/airflow/.local/lib/python3.12/site-packages/airflow/example_dags/example_nested_branch_dag.py
[2026-03-16T16:34:26.829+0000] {processor.py:830} INFO - Processing file /home/airflow/.local/lib/python3.12/site-packages/airflow/example_dags/example_nested_branch_dag.py for tasks to queue
[2026-03-16T16:34:26.832+0000] {logging_mixin.py:188} INFO - [2026-03-16T16:34:26.832+0000] {dagbag.py:545} INFO - Filling up the DagBag from /home/airflow/.local/lib/python3.12/site-packages/airflow/example_dags/example_nested_branch_dag.py
[2026-03-16T16:34:26.844+0000] {processor.py:840} INFO - DAG(s) 'example_nested_branch_dag' retrieved from /home/airflow/.local/lib/python3.12/site-packages/airflow/example_dags/example_nested_branch_dag.py
[2026-03-16T16:34:26.871+0000] {logging_mixin.py:188} INFO - [2026-03-16T16:34:26.870+0000] {dag.py:3096} INFO - Sync 1 DAGs
[2026-03-16T16:34:26.901+0000] {logging_mixin.py:188} INFO - [2026-03-16T16:34:26.901+0000] {dag.py:3954} INFO - Setting next_dagrun for example_nested_branch_dag to 2026-03-15 00:00:00+00:00, run_after=2026-03-16 00:00:00+00:00
[2026-03-16T16:34:26.931+0000] {processor.py:183} INFO - Processing /home/airflow/.local/lib/python3.12/site-packages/airflow/example_dags/example_nested_branch_dag.py took 0.110 seconds
[2026-03-16T16:34:57.022+0000] {processor.py:161} INFO - Started process (PID=4144) to work on /home/airflow/.local/lib/python3.12/site-packages/airflow/example_dags/example_nested_branch_dag.py
[2026-03-16T16:34:57.023+0000] {processor.py:830} INFO - Processing file /home/airflow/.local/lib/python3.12/site-packages/airflow/example_dags/example_nested_branch_dag.py for tasks to queue
[2026-03-16T16:34:57.026+0000] {logging_mixin.py:188} INFO - [2026-03-16T16:34:57.025+0000] {dagbag.py:545} INFO - Filling up the DagBag from /home/airflow/.local/lib/python3.12/site-packages/airflow/example_dags/example_nested_branch_dag.py
[2026-03-16T16:34:57.037+0000] {processor.py:840} INFO - DAG(s) 'example_nested_branch_dag' retrieved from /home/airflow/.local/lib/python3.12/site-packages/airflow/example_dags/example_nested_branch_dag.py
[2026-03-16T16:34:57.066+0000] {logging_mixin.py:188} INFO - [2026-03-16T16:34:57.066+0000] {dag.py:3096} INFO - Sync 1 DAGs
[2026-03-16T16:34:57.095+0000] {logging_mixin.py:188} INFO - [2026-03-16T16:34:57.095+0000] {dag.py:3954} INFO - Setting next_dagrun for example_nested_branch_dag to 2026-03-15 00:00:00+00:00, run_after=2026-03-16 00:00:00+00:00
[2026-03-16T16:34:57.122+0000] {processor.py:183} INFO - Processing /home/airflow/.local/lib/python3.12/site-packages/airflow/example_dags/example_nested_branch_dag.py took 0.108 seconds
[2026-03-16T16:35:27.661+0000] {processor.py:161} INFO - Started process (PID=4203) to work on /home/airflow/.local/lib/python3.12/site-packages/airflow/example_dags/example_nested_branch_dag.py
[2026-03-16T16:35:27.662+0000] {processor.py:830} INFO - Processing file /home/airflow/.local/lib/python3.12/site-packages/airflow/example_dags/example_nested_branch_dag.py for tasks to queue
[2026-03-16T16:35:27.666+0000] {logging_mixin.py:188} INFO - [2026-03-16T16:35:27.665+0000] {dagbag.py:545} INFO - Filling up the DagBag from /home/airflow/.local/lib/python3.12/site-packages/airflow/example_dags/example_nested_branch_dag.py
[2026-03-16T16:35:27.682+0000] {processor.py:840} INFO - DAG(s) 'example_nested_branch_dag' retrieved from /home/airflow/.local/lib/python3.12/site-packages/airflow/example_dags/example_nested_branch_dag.py
[2026-03-16T16:35:27.709+0000] {logging_mixin.py:188} INFO - [2026-03-16T16:35:27.709+0000] {dag.py:3096} INFO - Sync 1 DAGs
[2026-03-16T16:35:27.746+0000] {logging_mixin.py:188} INFO - [2026-03-16T16:35:27.746+0000] {dag.py:3954} INFO - Setting next_dagrun for example_nested_branch_dag to 2026-03-15 00:00:00+00:00, run_after=2026-03-16 00:00:00+00:00
[2026-03-16T16:35:27.786+0000] {processor.py:183} INFO - Processing /home/airflow/.local/lib/python3.12/site-packages/airflow/example_dags/example_nested_branch_dag.py took 0.134 seconds
[2026-03-16T16:35:57.946+0000] {processor.py:161} INFO - Started process (PID=4262) to work on /home/airflow/.local/lib/python3.12/site-packages/airflow/example_dags/example_nested_branch_dag.py
[2026-03-16T16:35:57.949+0000] {processor.py:830} INFO - Processing file /home/airflow/.local/lib/python3.12/site-packages/airflow/example_dags/example_nested_branch_dag.py for tasks to queue
[2026-03-16T16:35:57.952+0000] {logging_mixin.py:188} INFO - [2026-03-16T16:35:57.952+0000] {dagbag.py:545} INFO - Filling up the DagBag from /home/airflow/.local/lib/python3.12/site-packages/airflow/example_dags/example_nested_branch_dag.py
[2026-03-16T16:35:57.964+0000] {processor.py:840} INFO - DAG(s) 'example_nested_branch_dag' retrieved from /home/airflow/.local/lib/python3.12/site-packages/airflow/example_dags/example_nested_branch_dag.py
[2026-03-16T16:35:57.991+0000] {logging_mixin.py:188} INFO - [2026-03-16T16:35:57.991+0000] {dag.py:3096} INFO - Sync 1 DAGs
[2026-03-16T16:35:58.020+0000] {logging_mixin.py:188} INFO - [2026-03-16T16:35:58.019+0000] {dag.py:3954} INFO - Setting next_dagrun for example_nested_branch_dag to 2026-03-15 00:00:00+00:00, run_after=2026-03-16 00:00:00+00:00
[2026-03-16T16:35:58.045+0000] {processor.py:183} INFO - Processing /home/airflow/.local/lib/python3.12/site-packages/airflow/example_dags/example_nested_branch_dag.py took 0.108 seconds
