[2026-03-16T15:58:57.908+0000] {processor.py:161} INFO - Started process (PID=63) to work on /home/airflow/.local/lib/python3.12/site-packages/airflow/example_dags/example_params_ui_tutorial.py
[2026-03-16T15:58:57.914+0000] {processor.py:830} INFO - Processing file /home/airflow/.local/lib/python3.12/site-packages/airflow/example_dags/example_params_ui_tutorial.py for tasks to queue
[2026-03-16T15:58:57.928+0000] {logging_mixin.py:188} INFO - [2026-03-16T15:58:57.926+0000] {dagbag.py:545} INFO - Filling up the DagBag from /home/airflow/.local/lib/python3.12/site-packages/airflow/example_dags/example_params_ui_tutorial.py
[2026-03-16T15:58:58.067+0000] {processor.py:840} INFO - DAG(s) 'example_params_ui_tutorial' retrieved from /home/airflow/.local/lib/python3.12/site-packages/airflow/example_dags/example_params_ui_tutorial.py
[2026-03-16T15:58:58.244+0000] {logging_mixin.py:188} INFO - [2026-03-16T15:58:58.244+0000] {dag.py:3096} INFO - Sync 1 DAGs
[2026-03-16T15:58:58.334+0000] {logging_mixin.py:188} INFO - [2026-03-16T15:58:58.334+0000] {dag.py:3954} INFO - Setting next_dagrun for example_params_ui_tutorial to None, run_after=None
[2026-03-16T15:58:58.450+0000] {processor.py:183} INFO - Processing /home/airflow/.local/lib/python3.12/site-packages/airflow/example_dags/example_params_ui_tutorial.py took 0.581 seconds
[2026-03-16T15:59:34.019+0000] {processor.py:161} INFO - Started process (PID=45) to work on /home/airflow/.local/lib/python3.12/site-packages/airflow/example_dags/example_params_ui_tutorial.py
[2026-03-16T15:59:34.021+0000] {processor.py:830} INFO - Processing file /home/airflow/.local/lib/python3.12/site-packages/airflow/example_dags/example_params_ui_tutorial.py for tasks to queue
[2026-03-16T15:59:34.024+0000] {logging_mixin.py:188} INFO - [2026-03-16T15:59:34.023+0000] {dagbag.py:545} INFO - Filling up the DagBag from /home/airflow/.local/lib/python3.12/site-packages/airflow/example_dags/example_params_ui_tutorial.py
[2026-03-16T15:59:34.039+0000] {processor.py:840} INFO - DAG(s) 'example_params_ui_tutorial' retrieved from /home/airflow/.local/lib/python3.12/site-packages/airflow/example_dags/example_params_ui_tutorial.py
[2026-03-16T15:59:34.227+0000] {logging_mixin.py:188} INFO - [2026-03-16T15:59:34.227+0000] {dag.py:3096} INFO - Sync 1 DAGs
[2026-03-16T15:59:34.247+0000] {logging_mixin.py:188} INFO - [2026-03-16T15:59:34.246+0000] {dag.py:3954} INFO - Setting next_dagrun for example_params_ui_tutorial to None, run_after=None
[2026-03-16T15:59:34.279+0000] {processor.py:183} INFO - Processing /home/airflow/.local/lib/python3.12/site-packages/airflow/example_dags/example_params_ui_tutorial.py took 0.268 seconds
[2026-03-16T16:00:04.380+0000] {processor.py:161} INFO - Started process (PID=105) to work on /home/airflow/.local/lib/python3.12/site-packages/airflow/example_dags/example_params_ui_tutorial.py
[2026-03-16T16:00:04.381+0000] {processor.py:830} INFO - Processing file /home/airflow/.local/lib/python3.12/site-packages/airflow/example_dags/example_params_ui_tutorial.py for tasks to queue
[2026-03-16T16:00:04.384+0000] {logging_mixin.py:188} INFO - [2026-03-16T16:00:04.383+0000] {dagbag.py:545} INFO - Filling up the DagBag from /home/airflow/.local/lib/python3.12/site-packages/airflow/example_dags/example_params_ui_tutorial.py
[2026-03-16T16:00:04.402+0000] {processor.py:840} INFO - DAG(s) 'example_params_ui_tutorial' retrieved from /home/airflow/.local/lib/python3.12/site-packages/airflow/example_dags/example_params_ui_tutorial.py
[2026-03-16T16:00:04.477+0000] {logging_mixin.py:188} INFO - [2026-03-16T16:00:04.476+0000] {dag.py:3096} INFO - Sync 1 DAGs
[2026-03-16T16:00:04.497+0000] {logging_mixin.py:188} INFO - [2026-03-16T16:00:04.495+0000] {dag.py:3954} INFO - Setting next_dagrun for example_params_ui_tutorial to None, run_after=None
[2026-03-16T16:00:04.525+0000] {processor.py:183} INFO - Processing /home/airflow/.local/lib/python3.12/site-packages/airflow/example_dags/example_params_ui_tutorial.py took 0.152 seconds
[2026-03-16T16:00:34.905+0000] {processor.py:161} INFO - Started process (PID=164) to work on /home/airflow/.local/lib/python3.12/site-packages/airflow/example_dags/example_params_ui_tutorial.py
[2026-03-16T16:00:34.925+0000] {processor.py:830} INFO - Processing file /home/airflow/.local/lib/python3.12/site-packages/airflow/example_dags/example_params_ui_tutorial.py for tasks to queue
[2026-03-16T16:00:34.932+0000] {logging_mixin.py:188} INFO - [2026-03-16T16:00:34.931+0000] {dagbag.py:545} INFO - Filling up the DagBag from /home/airflow/.local/lib/python3.12/site-packages/airflow/example_dags/example_params_ui_tutorial.py
[2026-03-16T16:00:34.968+0000] {processor.py:840} INFO - DAG(s) 'example_params_ui_tutorial' retrieved from /home/airflow/.local/lib/python3.12/site-packages/airflow/example_dags/example_params_ui_tutorial.py
[2026-03-16T16:00:35.134+0000] {logging_mixin.py:188} INFO - [2026-03-16T16:00:35.133+0000] {dag.py:3096} INFO - Sync 1 DAGs
[2026-03-16T16:00:35.187+0000] {logging_mixin.py:188} INFO - [2026-03-16T16:00:35.186+0000] {dag.py:3954} INFO - Setting next_dagrun for example_params_ui_tutorial to None, run_after=None
[2026-03-16T16:00:35.258+0000] {processor.py:183} INFO - Processing /home/airflow/.local/lib/python3.12/site-packages/airflow/example_dags/example_params_ui_tutorial.py took 0.370 seconds
[2026-03-16T16:01:06.227+0000] {processor.py:161} INFO - Started process (PID=223) to work on /home/airflow/.local/lib/python3.12/site-packages/airflow/example_dags/example_params_ui_tutorial.py
[2026-03-16T16:01:06.229+0000] {processor.py:830} INFO - Processing file /home/airflow/.local/lib/python3.12/site-packages/airflow/example_dags/example_params_ui_tutorial.py for tasks to queue
[2026-03-16T16:01:06.232+0000] {logging_mixin.py:188} INFO - [2026-03-16T16:01:06.231+0000] {dagbag.py:545} INFO - Filling up the DagBag from /home/airflow/.local/lib/python3.12/site-packages/airflow/example_dags/example_params_ui_tutorial.py
[2026-03-16T16:01:06.245+0000] {processor.py:840} INFO - DAG(s) 'example_params_ui_tutorial' retrieved from /home/airflow/.local/lib/python3.12/site-packages/airflow/example_dags/example_params_ui_tutorial.py
[2026-03-16T16:01:06.318+0000] {logging_mixin.py:188} INFO - [2026-03-16T16:01:06.317+0000] {dag.py:3096} INFO - Sync 1 DAGs
[2026-03-16T16:01:06.336+0000] {logging_mixin.py:188} INFO - [2026-03-16T16:01:06.335+0000] {dag.py:3954} INFO - Setting next_dagrun for example_params_ui_tutorial to None, run_after=None
[2026-03-16T16:01:06.361+0000] {processor.py:183} INFO - Processing /home/airflow/.local/lib/python3.12/site-packages/airflow/example_dags/example_params_ui_tutorial.py took 0.142 seconds
[2026-03-16T16:01:37.207+0000] {processor.py:161} INFO - Started process (PID=288) to work on /home/airflow/.local/lib/python3.12/site-packages/airflow/example_dags/example_params_ui_tutorial.py
[2026-03-16T16:01:37.209+0000] {processor.py:830} INFO - Processing file /home/airflow/.local/lib/python3.12/site-packages/airflow/example_dags/example_params_ui_tutorial.py for tasks to queue
[2026-03-16T16:01:37.214+0000] {logging_mixin.py:188} INFO - [2026-03-16T16:01:37.213+0000] {dagbag.py:545} INFO - Filling up the DagBag from /home/airflow/.local/lib/python3.12/site-packages/airflow/example_dags/example_params_ui_tutorial.py
[2026-03-16T16:01:37.236+0000] {processor.py:840} INFO - DAG(s) 'example_params_ui_tutorial' retrieved from /home/airflow/.local/lib/python3.12/site-packages/airflow/example_dags/example_params_ui_tutorial.py
[2026-03-16T16:01:37.326+0000] {logging_mixin.py:188} INFO - [2026-03-16T16:01:37.326+0000] {dag.py:3096} INFO - Sync 1 DAGs
[2026-03-16T16:01:37.346+0000] {logging_mixin.py:188} INFO - [2026-03-16T16:01:37.346+0000] {dag.py:3954} INFO - Setting next_dagrun for example_params_ui_tutorial to None, run_after=None
[2026-03-16T16:01:37.379+0000] {processor.py:183} INFO - Processing /home/airflow/.local/lib/python3.12/site-packages/airflow/example_dags/example_params_ui_tutorial.py took 0.185 seconds
[2026-03-16T16:02:07.939+0000] {processor.py:161} INFO - Started process (PID=347) to work on /home/airflow/.local/lib/python3.12/site-packages/airflow/example_dags/example_params_ui_tutorial.py
[2026-03-16T16:02:07.947+0000] {processor.py:830} INFO - Processing file /home/airflow/.local/lib/python3.12/site-packages/airflow/example_dags/example_params_ui_tutorial.py for tasks to queue
[2026-03-16T16:02:07.960+0000] {logging_mixin.py:188} INFO - [2026-03-16T16:02:07.959+0000] {dagbag.py:545} INFO - Filling up the DagBag from /home/airflow/.local/lib/python3.12/site-packages/airflow/example_dags/example_params_ui_tutorial.py
[2026-03-16T16:02:07.992+0000] {processor.py:840} INFO - DAG(s) 'example_params_ui_tutorial' retrieved from /home/airflow/.local/lib/python3.12/site-packages/airflow/example_dags/example_params_ui_tutorial.py
[2026-03-16T16:02:08.090+0000] {logging_mixin.py:188} INFO - [2026-03-16T16:02:08.090+0000] {dag.py:3096} INFO - Sync 1 DAGs
[2026-03-16T16:02:08.111+0000] {logging_mixin.py:188} INFO - [2026-03-16T16:02:08.111+0000] {dag.py:3954} INFO - Setting next_dagrun for example_params_ui_tutorial to None, run_after=None
[2026-03-16T16:02:08.152+0000] {processor.py:183} INFO - Processing /home/airflow/.local/lib/python3.12/site-packages/airflow/example_dags/example_params_ui_tutorial.py took 0.228 seconds
[2026-03-16T16:02:38.327+0000] {processor.py:161} INFO - Started process (PID=407) to work on /home/airflow/.local/lib/python3.12/site-packages/airflow/example_dags/example_params_ui_tutorial.py
[2026-03-16T16:02:38.329+0000] {processor.py:830} INFO - Processing file /home/airflow/.local/lib/python3.12/site-packages/airflow/example_dags/example_params_ui_tutorial.py for tasks to queue
[2026-03-16T16:02:38.331+0000] {logging_mixin.py:188} INFO - [2026-03-16T16:02:38.330+0000] {dagbag.py:545} INFO - Filling up the DagBag from /home/airflow/.local/lib/python3.12/site-packages/airflow/example_dags/example_params_ui_tutorial.py
[2026-03-16T16:02:38.345+0000] {processor.py:840} INFO - DAG(s) 'example_params_ui_tutorial' retrieved from /home/airflow/.local/lib/python3.12/site-packages/airflow/example_dags/example_params_ui_tutorial.py
[2026-03-16T16:02:38.416+0000] {logging_mixin.py:188} INFO - [2026-03-16T16:02:38.416+0000] {dag.py:3096} INFO - Sync 1 DAGs
[2026-03-16T16:02:38.438+0000] {logging_mixin.py:188} INFO - [2026-03-16T16:02:38.438+0000] {dag.py:3954} INFO - Setting next_dagrun for example_params_ui_tutorial to None, run_after=None
[2026-03-16T16:02:38.470+0000] {processor.py:183} INFO - Processing /home/airflow/.local/lib/python3.12/site-packages/airflow/example_dags/example_params_ui_tutorial.py took 0.149 seconds
[2026-03-16T16:03:08.739+0000] {processor.py:161} INFO - Started process (PID=466) to work on /home/airflow/.local/lib/python3.12/site-packages/airflow/example_dags/example_params_ui_tutorial.py
[2026-03-16T16:03:08.740+0000] {processor.py:830} INFO - Processing file /home/airflow/.local/lib/python3.12/site-packages/airflow/example_dags/example_params_ui_tutorial.py for tasks to queue
[2026-03-16T16:03:08.742+0000] {logging_mixin.py:188} INFO - [2026-03-16T16:03:08.742+0000] {dagbag.py:545} INFO - Filling up the DagBag from /home/airflow/.local/lib/python3.12/site-packages/airflow/example_dags/example_params_ui_tutorial.py
[2026-03-16T16:03:08.761+0000] {processor.py:840} INFO - DAG(s) 'example_params_ui_tutorial' retrieved from /home/airflow/.local/lib/python3.12/site-packages/airflow/example_dags/example_params_ui_tutorial.py
[2026-03-16T16:03:08.850+0000] {logging_mixin.py:188} INFO - [2026-03-16T16:03:08.850+0000] {dag.py:3096} INFO - Sync 1 DAGs
[2026-03-16T16:03:08.873+0000] {logging_mixin.py:188} INFO - [2026-03-16T16:03:08.872+0000] {dag.py:3954} INFO - Setting next_dagrun for example_params_ui_tutorial to None, run_after=None
[2026-03-16T16:03:08.908+0000] {processor.py:183} INFO - Processing /home/airflow/.local/lib/python3.12/site-packages/airflow/example_dags/example_params_ui_tutorial.py took 0.178 seconds
[2026-03-16T16:03:39.255+0000] {processor.py:161} INFO - Started process (PID=524) to work on /home/airflow/.local/lib/python3.12/site-packages/airflow/example_dags/example_params_ui_tutorial.py
[2026-03-16T16:03:39.258+0000] {processor.py:830} INFO - Processing file /home/airflow/.local/lib/python3.12/site-packages/airflow/example_dags/example_params_ui_tutorial.py for tasks to queue
[2026-03-16T16:03:39.273+0000] {logging_mixin.py:188} INFO - [2026-03-16T16:03:39.273+0000] {dagbag.py:545} INFO - Filling up the DagBag from /home/airflow/.local/lib/python3.12/site-packages/airflow/example_dags/example_params_ui_tutorial.py
[2026-03-16T16:03:39.331+0000] {processor.py:840} INFO - DAG(s) 'example_params_ui_tutorial' retrieved from /home/airflow/.local/lib/python3.12/site-packages/airflow/example_dags/example_params_ui_tutorial.py
[2026-03-16T16:03:39.447+0000] {logging_mixin.py:188} INFO - [2026-03-16T16:03:39.447+0000] {dag.py:3096} INFO - Sync 1 DAGs
[2026-03-16T16:03:39.472+0000] {logging_mixin.py:188} INFO - [2026-03-16T16:03:39.471+0000] {dag.py:3954} INFO - Setting next_dagrun for example_params_ui_tutorial to None, run_after=None
[2026-03-16T16:03:39.542+0000] {processor.py:183} INFO - Processing /home/airflow/.local/lib/python3.12/site-packages/airflow/example_dags/example_params_ui_tutorial.py took 0.299 seconds
[2026-03-16T16:04:10.039+0000] {processor.py:161} INFO - Started process (PID=583) to work on /home/airflow/.local/lib/python3.12/site-packages/airflow/example_dags/example_params_ui_tutorial.py
[2026-03-16T16:04:10.040+0000] {processor.py:830} INFO - Processing file /home/airflow/.local/lib/python3.12/site-packages/airflow/example_dags/example_params_ui_tutorial.py for tasks to queue
[2026-03-16T16:04:10.043+0000] {logging_mixin.py:188} INFO - [2026-03-16T16:04:10.043+0000] {dagbag.py:545} INFO - Filling up the DagBag from /home/airflow/.local/lib/python3.12/site-packages/airflow/example_dags/example_params_ui_tutorial.py
[2026-03-16T16:04:10.060+0000] {processor.py:840} INFO - DAG(s) 'example_params_ui_tutorial' retrieved from /home/airflow/.local/lib/python3.12/site-packages/airflow/example_dags/example_params_ui_tutorial.py
[2026-03-16T16:04:10.194+0000] {logging_mixin.py:188} INFO - [2026-03-16T16:04:10.194+0000] {dag.py:3096} INFO - Sync 1 DAGs
[2026-03-16T16:04:10.263+0000] {logging_mixin.py:188} INFO - [2026-03-16T16:04:10.262+0000] {dag.py:3954} INFO - Setting next_dagrun for example_params_ui_tutorial to None, run_after=None
[2026-03-16T16:04:10.325+0000] {processor.py:183} INFO - Processing /home/airflow/.local/lib/python3.12/site-packages/airflow/example_dags/example_params_ui_tutorial.py took 0.296 seconds
[2026-03-16T16:04:40.449+0000] {processor.py:161} INFO - Started process (PID=642) to work on /home/airflow/.local/lib/python3.12/site-packages/airflow/example_dags/example_params_ui_tutorial.py
[2026-03-16T16:04:40.450+0000] {processor.py:830} INFO - Processing file /home/airflow/.local/lib/python3.12/site-packages/airflow/example_dags/example_params_ui_tutorial.py for tasks to queue
[2026-03-16T16:04:40.453+0000] {logging_mixin.py:188} INFO - [2026-03-16T16:04:40.452+0000] {dagbag.py:545} INFO - Filling up the DagBag from /home/airflow/.local/lib/python3.12/site-packages/airflow/example_dags/example_params_ui_tutorial.py
[2026-03-16T16:04:40.469+0000] {processor.py:840} INFO - DAG(s) 'example_params_ui_tutorial' retrieved from /home/airflow/.local/lib/python3.12/site-packages/airflow/example_dags/example_params_ui_tutorial.py
[2026-03-16T16:04:40.534+0000] {logging_mixin.py:188} INFO - [2026-03-16T16:04:40.534+0000] {dag.py:3096} INFO - Sync 1 DAGs
[2026-03-16T16:04:40.550+0000] {logging_mixin.py:188} INFO - [2026-03-16T16:04:40.550+0000] {dag.py:3954} INFO - Setting next_dagrun for example_params_ui_tutorial to None, run_after=None
[2026-03-16T16:04:40.577+0000] {processor.py:183} INFO - Processing /home/airflow/.local/lib/python3.12/site-packages/airflow/example_dags/example_params_ui_tutorial.py took 0.137 seconds
[2026-03-16T16:05:10.895+0000] {processor.py:161} INFO - Started process (PID=701) to work on /home/airflow/.local/lib/python3.12/site-packages/airflow/example_dags/example_params_ui_tutorial.py
[2026-03-16T16:05:10.897+0000] {processor.py:830} INFO - Processing file /home/airflow/.local/lib/python3.12/site-packages/airflow/example_dags/example_params_ui_tutorial.py for tasks to queue
[2026-03-16T16:05:10.900+0000] {logging_mixin.py:188} INFO - [2026-03-16T16:05:10.900+0000] {dagbag.py:545} INFO - Filling up the DagBag from /home/airflow/.local/lib/python3.12/site-packages/airflow/example_dags/example_params_ui_tutorial.py
[2026-03-16T16:05:10.917+0000] {processor.py:840} INFO - DAG(s) 'example_params_ui_tutorial' retrieved from /home/airflow/.local/lib/python3.12/site-packages/airflow/example_dags/example_params_ui_tutorial.py
[2026-03-16T16:05:11.002+0000] {logging_mixin.py:188} INFO - [2026-03-16T16:05:11.002+0000] {dag.py:3096} INFO - Sync 1 DAGs
[2026-03-16T16:05:11.030+0000] {logging_mixin.py:188} INFO - [2026-03-16T16:05:11.029+0000] {dag.py:3954} INFO - Setting next_dagrun for example_params_ui_tutorial to None, run_after=None
[2026-03-16T16:05:11.059+0000] {processor.py:183} INFO - Processing /home/airflow/.local/lib/python3.12/site-packages/airflow/example_dags/example_params_ui_tutorial.py took 0.172 seconds
[2026-03-16T16:05:41.398+0000] {processor.py:161} INFO - Started process (PID=760) to work on /home/airflow/.local/lib/python3.12/site-packages/airflow/example_dags/example_params_ui_tutorial.py
[2026-03-16T16:05:41.399+0000] {processor.py:830} INFO - Processing file /home/airflow/.local/lib/python3.12/site-packages/airflow/example_dags/example_params_ui_tutorial.py for tasks to queue
[2026-03-16T16:05:41.402+0000] {logging_mixin.py:188} INFO - [2026-03-16T16:05:41.402+0000] {dagbag.py:545} INFO - Filling up the DagBag from /home/airflow/.local/lib/python3.12/site-packages/airflow/example_dags/example_params_ui_tutorial.py
[2026-03-16T16:05:41.416+0000] {processor.py:840} INFO - DAG(s) 'example_params_ui_tutorial' retrieved from /home/airflow/.local/lib/python3.12/site-packages/airflow/example_dags/example_params_ui_tutorial.py
[2026-03-16T16:05:41.487+0000] {logging_mixin.py:188} INFO - [2026-03-16T16:05:41.487+0000] {dag.py:3096} INFO - Sync 1 DAGs
[2026-03-16T16:05:41.508+0000] {logging_mixin.py:188} INFO - [2026-03-16T16:05:41.507+0000] {dag.py:3954} INFO - Setting next_dagrun for example_params_ui_tutorial to None, run_after=None
[2026-03-16T16:05:41.533+0000] {processor.py:183} INFO - Processing /home/airflow/.local/lib/python3.12/site-packages/airflow/example_dags/example_params_ui_tutorial.py took 0.145 seconds
[2026-03-16T16:06:11.633+0000] {processor.py:161} INFO - Started process (PID=819) to work on /home/airflow/.local/lib/python3.12/site-packages/airflow/example_dags/example_params_ui_tutorial.py
[2026-03-16T16:06:11.634+0000] {processor.py:830} INFO - Processing file /home/airflow/.local/lib/python3.12/site-packages/airflow/example_dags/example_params_ui_tutorial.py for tasks to queue
[2026-03-16T16:06:11.637+0000] {logging_mixin.py:188} INFO - [2026-03-16T16:06:11.637+0000] {dagbag.py:545} INFO - Filling up the DagBag from /home/airflow/.local/lib/python3.12/site-packages/airflow/example_dags/example_params_ui_tutorial.py
[2026-03-16T16:06:11.652+0000] {processor.py:840} INFO - DAG(s) 'example_params_ui_tutorial' retrieved from /home/airflow/.local/lib/python3.12/site-packages/airflow/example_dags/example_params_ui_tutorial.py
[2026-03-16T16:06:11.724+0000] {logging_mixin.py:188} INFO - [2026-03-16T16:06:11.723+0000] {dag.py:3096} INFO - Sync 1 DAGs
[2026-03-16T16:06:11.743+0000] {logging_mixin.py:188} INFO - [2026-03-16T16:06:11.743+0000] {dag.py:3954} INFO - Setting next_dagrun for example_params_ui_tutorial to None, run_after=None
[2026-03-16T16:06:11.769+0000] {processor.py:183} INFO - Processing /home/airflow/.local/lib/python3.12/site-packages/airflow/example_dags/example_params_ui_tutorial.py took 0.144 seconds
[2026-03-16T16:06:42.569+0000] {processor.py:161} INFO - Started process (PID=879) to work on /home/airflow/.local/lib/python3.12/site-packages/airflow/example_dags/example_params_ui_tutorial.py
[2026-03-16T16:06:42.571+0000] {processor.py:830} INFO - Processing file /home/airflow/.local/lib/python3.12/site-packages/airflow/example_dags/example_params_ui_tutorial.py for tasks to queue
[2026-03-16T16:06:42.573+0000] {logging_mixin.py:188} INFO - [2026-03-16T16:06:42.573+0000] {dagbag.py:545} INFO - Filling up the DagBag from /home/airflow/.local/lib/python3.12/site-packages/airflow/example_dags/example_params_ui_tutorial.py
[2026-03-16T16:06:42.588+0000] {processor.py:840} INFO - DAG(s) 'example_params_ui_tutorial' retrieved from /home/airflow/.local/lib/python3.12/site-packages/airflow/example_dags/example_params_ui_tutorial.py
[2026-03-16T16:06:42.651+0000] {logging_mixin.py:188} INFO - [2026-03-16T16:06:42.651+0000] {dag.py:3096} INFO - Sync 1 DAGs
[2026-03-16T16:06:42.669+0000] {logging_mixin.py:188} INFO - [2026-03-16T16:06:42.668+0000] {dag.py:3954} INFO - Setting next_dagrun for example_params_ui_tutorial to None, run_after=None
[2026-03-16T16:06:42.698+0000] {processor.py:183} INFO - Processing /home/airflow/.local/lib/python3.12/site-packages/airflow/example_dags/example_params_ui_tutorial.py took 0.138 seconds
[2026-03-16T16:07:13.634+0000] {processor.py:161} INFO - Started process (PID=938) to work on /home/airflow/.local/lib/python3.12/site-packages/airflow/example_dags/example_params_ui_tutorial.py
[2026-03-16T16:07:13.636+0000] {processor.py:830} INFO - Processing file /home/airflow/.local/lib/python3.12/site-packages/airflow/example_dags/example_params_ui_tutorial.py for tasks to queue
[2026-03-16T16:07:13.638+0000] {logging_mixin.py:188} INFO - [2026-03-16T16:07:13.638+0000] {dagbag.py:545} INFO - Filling up the DagBag from /home/airflow/.local/lib/python3.12/site-packages/airflow/example_dags/example_params_ui_tutorial.py
[2026-03-16T16:07:13.651+0000] {processor.py:840} INFO - DAG(s) 'example_params_ui_tutorial' retrieved from /home/airflow/.local/lib/python3.12/site-packages/airflow/example_dags/example_params_ui_tutorial.py
[2026-03-16T16:07:13.712+0000] {logging_mixin.py:188} INFO - [2026-03-16T16:07:13.712+0000] {dag.py:3096} INFO - Sync 1 DAGs
[2026-03-16T16:07:13.729+0000] {logging_mixin.py:188} INFO - [2026-03-16T16:07:13.728+0000] {dag.py:3954} INFO - Setting next_dagrun for example_params_ui_tutorial to None, run_after=None
[2026-03-16T16:07:13.774+0000] {processor.py:183} INFO - Processing /home/airflow/.local/lib/python3.12/site-packages/airflow/example_dags/example_params_ui_tutorial.py took 0.148 seconds
[2026-03-16T16:07:43.907+0000] {processor.py:161} INFO - Started process (PID=998) to work on /home/airflow/.local/lib/python3.12/site-packages/airflow/example_dags/example_params_ui_tutorial.py
[2026-03-16T16:07:43.909+0000] {processor.py:830} INFO - Processing file /home/airflow/.local/lib/python3.12/site-packages/airflow/example_dags/example_params_ui_tutorial.py for tasks to queue
[2026-03-16T16:07:43.912+0000] {logging_mixin.py:188} INFO - [2026-03-16T16:07:43.911+0000] {dagbag.py:545} INFO - Filling up the DagBag from /home/airflow/.local/lib/python3.12/site-packages/airflow/example_dags/example_params_ui_tutorial.py
[2026-03-16T16:07:43.929+0000] {processor.py:840} INFO - DAG(s) 'example_params_ui_tutorial' retrieved from /home/airflow/.local/lib/python3.12/site-packages/airflow/example_dags/example_params_ui_tutorial.py
[2026-03-16T16:07:44.008+0000] {logging_mixin.py:188} INFO - [2026-03-16T16:07:44.007+0000] {dag.py:3096} INFO - Sync 1 DAGs
[2026-03-16T16:07:44.032+0000] {logging_mixin.py:188} INFO - [2026-03-16T16:07:44.032+0000] {dag.py:3954} INFO - Setting next_dagrun for example_params_ui_tutorial to None, run_after=None
[2026-03-16T16:07:44.062+0000] {processor.py:183} INFO - Processing /home/airflow/.local/lib/python3.12/site-packages/airflow/example_dags/example_params_ui_tutorial.py took 0.163 seconds
[2026-03-16T16:08:14.270+0000] {processor.py:161} INFO - Started process (PID=1058) to work on /home/airflow/.local/lib/python3.12/site-packages/airflow/example_dags/example_params_ui_tutorial.py
[2026-03-16T16:08:14.272+0000] {processor.py:830} INFO - Processing file /home/airflow/.local/lib/python3.12/site-packages/airflow/example_dags/example_params_ui_tutorial.py for tasks to queue
[2026-03-16T16:08:14.275+0000] {logging_mixin.py:188} INFO - [2026-03-16T16:08:14.274+0000] {dagbag.py:545} INFO - Filling up the DagBag from /home/airflow/.local/lib/python3.12/site-packages/airflow/example_dags/example_params_ui_tutorial.py
[2026-03-16T16:08:14.293+0000] {processor.py:840} INFO - DAG(s) 'example_params_ui_tutorial' retrieved from /home/airflow/.local/lib/python3.12/site-packages/airflow/example_dags/example_params_ui_tutorial.py
[2026-03-16T16:08:14.356+0000] {logging_mixin.py:188} INFO - [2026-03-16T16:08:14.356+0000] {dag.py:3096} INFO - Sync 1 DAGs
[2026-03-16T16:08:14.372+0000] {logging_mixin.py:188} INFO - [2026-03-16T16:08:14.372+0000] {dag.py:3954} INFO - Setting next_dagrun for example_params_ui_tutorial to None, run_after=None
[2026-03-16T16:08:14.402+0000] {processor.py:183} INFO - Processing /home/airflow/.local/lib/python3.12/site-packages/airflow/example_dags/example_params_ui_tutorial.py took 0.141 seconds
[2026-03-16T16:08:44.646+0000] {processor.py:161} INFO - Started process (PID=1117) to work on /home/airflow/.local/lib/python3.12/site-packages/airflow/example_dags/example_params_ui_tutorial.py
[2026-03-16T16:08:44.647+0000] {processor.py:830} INFO - Processing file /home/airflow/.local/lib/python3.12/site-packages/airflow/example_dags/example_params_ui_tutorial.py for tasks to queue
[2026-03-16T16:08:44.651+0000] {logging_mixin.py:188} INFO - [2026-03-16T16:08:44.651+0000] {dagbag.py:545} INFO - Filling up the DagBag from /home/airflow/.local/lib/python3.12/site-packages/airflow/example_dags/example_params_ui_tutorial.py
[2026-03-16T16:08:44.674+0000] {processor.py:840} INFO - DAG(s) 'example_params_ui_tutorial' retrieved from /home/airflow/.local/lib/python3.12/site-packages/airflow/example_dags/example_params_ui_tutorial.py
[2026-03-16T16:08:44.796+0000] {logging_mixin.py:188} INFO - [2026-03-16T16:08:44.794+0000] {dag.py:3096} INFO - Sync 1 DAGs
[2026-03-16T16:08:44.832+0000] {logging_mixin.py:188} INFO - [2026-03-16T16:08:44.832+0000] {dag.py:3954} INFO - Setting next_dagrun for example_params_ui_tutorial to None, run_after=None
[2026-03-16T16:08:45.118+0000] {processor.py:183} INFO - Processing /home/airflow/.local/lib/python3.12/site-packages/airflow/example_dags/example_params_ui_tutorial.py took 0.486 seconds
[2026-03-16T16:09:15.796+0000] {processor.py:161} INFO - Started process (PID=1176) to work on /home/airflow/.local/lib/python3.12/site-packages/airflow/example_dags/example_params_ui_tutorial.py
[2026-03-16T16:09:15.797+0000] {processor.py:830} INFO - Processing file /home/airflow/.local/lib/python3.12/site-packages/airflow/example_dags/example_params_ui_tutorial.py for tasks to queue
[2026-03-16T16:09:15.800+0000] {logging_mixin.py:188} INFO - [2026-03-16T16:09:15.800+0000] {dagbag.py:545} INFO - Filling up the DagBag from /home/airflow/.local/lib/python3.12/site-packages/airflow/example_dags/example_params_ui_tutorial.py
[2026-03-16T16:09:15.825+0000] {processor.py:840} INFO - DAG(s) 'example_params_ui_tutorial' retrieved from /home/airflow/.local/lib/python3.12/site-packages/airflow/example_dags/example_params_ui_tutorial.py
[2026-03-16T16:09:15.895+0000] {logging_mixin.py:188} INFO - [2026-03-16T16:09:15.895+0000] {dag.py:3096} INFO - Sync 1 DAGs
[2026-03-16T16:09:15.914+0000] {logging_mixin.py:188} INFO - [2026-03-16T16:09:15.914+0000] {dag.py:3954} INFO - Setting next_dagrun for example_params_ui_tutorial to None, run_after=None
[2026-03-16T16:09:15.951+0000] {processor.py:183} INFO - Processing /home/airflow/.local/lib/python3.12/site-packages/airflow/example_dags/example_params_ui_tutorial.py took 0.165 seconds
[2026-03-16T16:09:46.422+0000] {processor.py:161} INFO - Started process (PID=1235) to work on /home/airflow/.local/lib/python3.12/site-packages/airflow/example_dags/example_params_ui_tutorial.py
[2026-03-16T16:09:46.424+0000] {processor.py:830} INFO - Processing file /home/airflow/.local/lib/python3.12/site-packages/airflow/example_dags/example_params_ui_tutorial.py for tasks to queue
[2026-03-16T16:09:46.427+0000] {logging_mixin.py:188} INFO - [2026-03-16T16:09:46.426+0000] {dagbag.py:545} INFO - Filling up the DagBag from /home/airflow/.local/lib/python3.12/site-packages/airflow/example_dags/example_params_ui_tutorial.py
[2026-03-16T16:09:46.444+0000] {processor.py:840} INFO - DAG(s) 'example_params_ui_tutorial' retrieved from /home/airflow/.local/lib/python3.12/site-packages/airflow/example_dags/example_params_ui_tutorial.py
[2026-03-16T16:09:46.510+0000] {logging_mixin.py:188} INFO - [2026-03-16T16:09:46.510+0000] {dag.py:3096} INFO - Sync 1 DAGs
[2026-03-16T16:09:46.526+0000] {logging_mixin.py:188} INFO - [2026-03-16T16:09:46.526+0000] {dag.py:3954} INFO - Setting next_dagrun for example_params_ui_tutorial to None, run_after=None
[2026-03-16T16:09:46.582+0000] {processor.py:183} INFO - Processing /home/airflow/.local/lib/python3.12/site-packages/airflow/example_dags/example_params_ui_tutorial.py took 0.169 seconds
[2026-03-16T16:10:17.265+0000] {processor.py:161} INFO - Started process (PID=1294) to work on /home/airflow/.local/lib/python3.12/site-packages/airflow/example_dags/example_params_ui_tutorial.py
[2026-03-16T16:10:17.267+0000] {processor.py:830} INFO - Processing file /home/airflow/.local/lib/python3.12/site-packages/airflow/example_dags/example_params_ui_tutorial.py for tasks to queue
[2026-03-16T16:10:17.269+0000] {logging_mixin.py:188} INFO - [2026-03-16T16:10:17.269+0000] {dagbag.py:545} INFO - Filling up the DagBag from /home/airflow/.local/lib/python3.12/site-packages/airflow/example_dags/example_params_ui_tutorial.py
[2026-03-16T16:10:17.285+0000] {processor.py:840} INFO - DAG(s) 'example_params_ui_tutorial' retrieved from /home/airflow/.local/lib/python3.12/site-packages/airflow/example_dags/example_params_ui_tutorial.py
[2026-03-16T16:10:17.355+0000] {logging_mixin.py:188} INFO - [2026-03-16T16:10:17.354+0000] {dag.py:3096} INFO - Sync 1 DAGs
[2026-03-16T16:10:17.373+0000] {logging_mixin.py:188} INFO - [2026-03-16T16:10:17.373+0000] {dag.py:3954} INFO - Setting next_dagrun for example_params_ui_tutorial to None, run_after=None
[2026-03-16T16:10:17.405+0000] {processor.py:183} INFO - Processing /home/airflow/.local/lib/python3.12/site-packages/airflow/example_dags/example_params_ui_tutorial.py took 0.148 seconds
[2026-03-16T16:10:47.475+0000] {processor.py:161} INFO - Started process (PID=1353) to work on /home/airflow/.local/lib/python3.12/site-packages/airflow/example_dags/example_params_ui_tutorial.py
[2026-03-16T16:10:47.477+0000] {processor.py:830} INFO - Processing file /home/airflow/.local/lib/python3.12/site-packages/airflow/example_dags/example_params_ui_tutorial.py for tasks to queue
[2026-03-16T16:10:47.480+0000] {logging_mixin.py:188} INFO - [2026-03-16T16:10:47.480+0000] {dagbag.py:545} INFO - Filling up the DagBag from /home/airflow/.local/lib/python3.12/site-packages/airflow/example_dags/example_params_ui_tutorial.py
[2026-03-16T16:10:47.503+0000] {processor.py:840} INFO - DAG(s) 'example_params_ui_tutorial' retrieved from /home/airflow/.local/lib/python3.12/site-packages/airflow/example_dags/example_params_ui_tutorial.py
[2026-03-16T16:10:47.623+0000] {logging_mixin.py:188} INFO - [2026-03-16T16:10:47.622+0000] {dag.py:3096} INFO - Sync 1 DAGs
[2026-03-16T16:10:47.650+0000] {logging_mixin.py:188} INFO - [2026-03-16T16:10:47.650+0000] {dag.py:3954} INFO - Setting next_dagrun for example_params_ui_tutorial to None, run_after=None
[2026-03-16T16:10:47.703+0000] {processor.py:183} INFO - Processing /home/airflow/.local/lib/python3.12/site-packages/airflow/example_dags/example_params_ui_tutorial.py took 0.242 seconds
[2026-03-16T16:11:17.986+0000] {processor.py:161} INFO - Started process (PID=1412) to work on /home/airflow/.local/lib/python3.12/site-packages/airflow/example_dags/example_params_ui_tutorial.py
[2026-03-16T16:11:17.987+0000] {processor.py:830} INFO - Processing file /home/airflow/.local/lib/python3.12/site-packages/airflow/example_dags/example_params_ui_tutorial.py for tasks to queue
[2026-03-16T16:11:17.989+0000] {logging_mixin.py:188} INFO - [2026-03-16T16:11:17.989+0000] {dagbag.py:545} INFO - Filling up the DagBag from /home/airflow/.local/lib/python3.12/site-packages/airflow/example_dags/example_params_ui_tutorial.py
[2026-03-16T16:11:18.001+0000] {processor.py:840} INFO - DAG(s) 'example_params_ui_tutorial' retrieved from /home/airflow/.local/lib/python3.12/site-packages/airflow/example_dags/example_params_ui_tutorial.py
[2026-03-16T16:11:18.071+0000] {logging_mixin.py:188} INFO - [2026-03-16T16:11:18.070+0000] {dag.py:3096} INFO - Sync 1 DAGs
[2026-03-16T16:11:18.109+0000] {logging_mixin.py:188} INFO - [2026-03-16T16:11:18.108+0000] {dag.py:3954} INFO - Setting next_dagrun for example_params_ui_tutorial to None, run_after=None
[2026-03-16T16:11:18.150+0000] {processor.py:183} INFO - Processing /home/airflow/.local/lib/python3.12/site-packages/airflow/example_dags/example_params_ui_tutorial.py took 0.172 seconds
[2026-03-16T16:11:48.588+0000] {processor.py:161} INFO - Started process (PID=1471) to work on /home/airflow/.local/lib/python3.12/site-packages/airflow/example_dags/example_params_ui_tutorial.py
[2026-03-16T16:11:48.590+0000] {processor.py:830} INFO - Processing file /home/airflow/.local/lib/python3.12/site-packages/airflow/example_dags/example_params_ui_tutorial.py for tasks to queue
[2026-03-16T16:11:48.593+0000] {logging_mixin.py:188} INFO - [2026-03-16T16:11:48.592+0000] {dagbag.py:545} INFO - Filling up the DagBag from /home/airflow/.local/lib/python3.12/site-packages/airflow/example_dags/example_params_ui_tutorial.py
[2026-03-16T16:11:48.608+0000] {processor.py:840} INFO - DAG(s) 'example_params_ui_tutorial' retrieved from /home/airflow/.local/lib/python3.12/site-packages/airflow/example_dags/example_params_ui_tutorial.py
[2026-03-16T16:11:48.681+0000] {logging_mixin.py:188} INFO - [2026-03-16T16:11:48.681+0000] {dag.py:3096} INFO - Sync 1 DAGs
[2026-03-16T16:11:48.696+0000] {logging_mixin.py:188} INFO - [2026-03-16T16:11:48.696+0000] {dag.py:3954} INFO - Setting next_dagrun for example_params_ui_tutorial to None, run_after=None
[2026-03-16T16:11:48.722+0000] {processor.py:183} INFO - Processing /home/airflow/.local/lib/python3.12/site-packages/airflow/example_dags/example_params_ui_tutorial.py took 0.144 seconds
[2026-03-16T16:12:19.668+0000] {processor.py:161} INFO - Started process (PID=1530) to work on /home/airflow/.local/lib/python3.12/site-packages/airflow/example_dags/example_params_ui_tutorial.py
[2026-03-16T16:12:19.669+0000] {processor.py:830} INFO - Processing file /home/airflow/.local/lib/python3.12/site-packages/airflow/example_dags/example_params_ui_tutorial.py for tasks to queue
[2026-03-16T16:12:19.672+0000] {logging_mixin.py:188} INFO - [2026-03-16T16:12:19.672+0000] {dagbag.py:545} INFO - Filling up the DagBag from /home/airflow/.local/lib/python3.12/site-packages/airflow/example_dags/example_params_ui_tutorial.py
[2026-03-16T16:12:19.691+0000] {processor.py:840} INFO - DAG(s) 'example_params_ui_tutorial' retrieved from /home/airflow/.local/lib/python3.12/site-packages/airflow/example_dags/example_params_ui_tutorial.py
[2026-03-16T16:12:19.780+0000] {logging_mixin.py:188} INFO - [2026-03-16T16:12:19.780+0000] {dag.py:3096} INFO - Sync 1 DAGs
[2026-03-16T16:12:19.816+0000] {logging_mixin.py:188} INFO - [2026-03-16T16:12:19.816+0000] {dag.py:3954} INFO - Setting next_dagrun for example_params_ui_tutorial to None, run_after=None
[2026-03-16T16:12:19.876+0000] {processor.py:183} INFO - Processing /home/airflow/.local/lib/python3.12/site-packages/airflow/example_dags/example_params_ui_tutorial.py took 0.224 seconds
[2026-03-16T16:12:50.250+0000] {processor.py:161} INFO - Started process (PID=1590) to work on /home/airflow/.local/lib/python3.12/site-packages/airflow/example_dags/example_params_ui_tutorial.py
[2026-03-16T16:12:50.251+0000] {processor.py:830} INFO - Processing file /home/airflow/.local/lib/python3.12/site-packages/airflow/example_dags/example_params_ui_tutorial.py for tasks to queue
[2026-03-16T16:12:50.254+0000] {logging_mixin.py:188} INFO - [2026-03-16T16:12:50.254+0000] {dagbag.py:545} INFO - Filling up the DagBag from /home/airflow/.local/lib/python3.12/site-packages/airflow/example_dags/example_params_ui_tutorial.py
[2026-03-16T16:12:50.269+0000] {processor.py:840} INFO - DAG(s) 'example_params_ui_tutorial' retrieved from /home/airflow/.local/lib/python3.12/site-packages/airflow/example_dags/example_params_ui_tutorial.py
[2026-03-16T16:12:50.343+0000] {logging_mixin.py:188} INFO - [2026-03-16T16:12:50.342+0000] {dag.py:3096} INFO - Sync 1 DAGs
[2026-03-16T16:12:50.357+0000] {logging_mixin.py:188} INFO - [2026-03-16T16:12:50.356+0000] {dag.py:3954} INFO - Setting next_dagrun for example_params_ui_tutorial to None, run_after=None
[2026-03-16T16:12:50.389+0000] {processor.py:183} INFO - Processing /home/airflow/.local/lib/python3.12/site-packages/airflow/example_dags/example_params_ui_tutorial.py took 0.147 seconds
[2026-03-16T16:13:20.852+0000] {processor.py:161} INFO - Started process (PID=1650) to work on /home/airflow/.local/lib/python3.12/site-packages/airflow/example_dags/example_params_ui_tutorial.py
[2026-03-16T16:13:20.854+0000] {processor.py:830} INFO - Processing file /home/airflow/.local/lib/python3.12/site-packages/airflow/example_dags/example_params_ui_tutorial.py for tasks to queue
[2026-03-16T16:13:20.857+0000] {logging_mixin.py:188} INFO - [2026-03-16T16:13:20.857+0000] {dagbag.py:545} INFO - Filling up the DagBag from /home/airflow/.local/lib/python3.12/site-packages/airflow/example_dags/example_params_ui_tutorial.py
[2026-03-16T16:13:20.874+0000] {processor.py:840} INFO - DAG(s) 'example_params_ui_tutorial' retrieved from /home/airflow/.local/lib/python3.12/site-packages/airflow/example_dags/example_params_ui_tutorial.py
[2026-03-16T16:13:20.979+0000] {logging_mixin.py:188} INFO - [2026-03-16T16:13:20.978+0000] {dag.py:3096} INFO - Sync 1 DAGs
[2026-03-16T16:13:20.997+0000] {logging_mixin.py:188} INFO - [2026-03-16T16:13:20.997+0000] {dag.py:3954} INFO - Setting next_dagrun for example_params_ui_tutorial to None, run_after=None
[2026-03-16T16:13:21.031+0000] {processor.py:183} INFO - Processing /home/airflow/.local/lib/python3.12/site-packages/airflow/example_dags/example_params_ui_tutorial.py took 0.185 seconds
[2026-03-16T16:13:51.607+0000] {processor.py:161} INFO - Started process (PID=1708) to work on /home/airflow/.local/lib/python3.12/site-packages/airflow/example_dags/example_params_ui_tutorial.py
[2026-03-16T16:13:51.608+0000] {processor.py:830} INFO - Processing file /home/airflow/.local/lib/python3.12/site-packages/airflow/example_dags/example_params_ui_tutorial.py for tasks to queue
[2026-03-16T16:13:51.610+0000] {logging_mixin.py:188} INFO - [2026-03-16T16:13:51.610+0000] {dagbag.py:545} INFO - Filling up the DagBag from /home/airflow/.local/lib/python3.12/site-packages/airflow/example_dags/example_params_ui_tutorial.py
[2026-03-16T16:13:51.624+0000] {processor.py:840} INFO - DAG(s) 'example_params_ui_tutorial' retrieved from /home/airflow/.local/lib/python3.12/site-packages/airflow/example_dags/example_params_ui_tutorial.py
[2026-03-16T16:13:51.687+0000] {logging_mixin.py:188} INFO - [2026-03-16T16:13:51.686+0000] {dag.py:3096} INFO - Sync 1 DAGs
[2026-03-16T16:13:51.703+0000] {logging_mixin.py:188} INFO - [2026-03-16T16:13:51.703+0000] {dag.py:3954} INFO - Setting next_dagrun for example_params_ui_tutorial to None, run_after=None
[2026-03-16T16:13:51.730+0000] {processor.py:183} INFO - Processing /home/airflow/.local/lib/python3.12/site-packages/airflow/example_dags/example_params_ui_tutorial.py took 0.130 seconds
[2026-03-16T16:14:22.246+0000] {processor.py:161} INFO - Started process (PID=1767) to work on /home/airflow/.local/lib/python3.12/site-packages/airflow/example_dags/example_params_ui_tutorial.py
[2026-03-16T16:14:22.247+0000] {processor.py:830} INFO - Processing file /home/airflow/.local/lib/python3.12/site-packages/airflow/example_dags/example_params_ui_tutorial.py for tasks to queue
[2026-03-16T16:14:22.250+0000] {logging_mixin.py:188} INFO - [2026-03-16T16:14:22.249+0000] {dagbag.py:545} INFO - Filling up the DagBag from /home/airflow/.local/lib/python3.12/site-packages/airflow/example_dags/example_params_ui_tutorial.py
[2026-03-16T16:14:22.266+0000] {processor.py:840} INFO - DAG(s) 'example_params_ui_tutorial' retrieved from /home/airflow/.local/lib/python3.12/site-packages/airflow/example_dags/example_params_ui_tutorial.py
[2026-03-16T16:14:22.340+0000] {logging_mixin.py:188} INFO - [2026-03-16T16:14:22.339+0000] {dag.py:3096} INFO - Sync 1 DAGs
[2026-03-16T16:14:22.356+0000] {logging_mixin.py:188} INFO - [2026-03-16T16:14:22.356+0000] {dag.py:3954} INFO - Setting next_dagrun for example_params_ui_tutorial to None, run_after=None
[2026-03-16T16:14:22.385+0000] {processor.py:183} INFO - Processing /home/airflow/.local/lib/python3.12/site-packages/airflow/example_dags/example_params_ui_tutorial.py took 0.147 seconds
[2026-03-16T16:14:52.614+0000] {processor.py:161} INFO - Started process (PID=1826) to work on /home/airflow/.local/lib/python3.12/site-packages/airflow/example_dags/example_params_ui_tutorial.py
[2026-03-16T16:14:52.615+0000] {processor.py:830} INFO - Processing file /home/airflow/.local/lib/python3.12/site-packages/airflow/example_dags/example_params_ui_tutorial.py for tasks to queue
[2026-03-16T16:14:52.618+0000] {logging_mixin.py:188} INFO - [2026-03-16T16:14:52.618+0000] {dagbag.py:545} INFO - Filling up the DagBag from /home/airflow/.local/lib/python3.12/site-packages/airflow/example_dags/example_params_ui_tutorial.py
[2026-03-16T16:14:52.637+0000] {processor.py:840} INFO - DAG(s) 'example_params_ui_tutorial' retrieved from /home/airflow/.local/lib/python3.12/site-packages/airflow/example_dags/example_params_ui_tutorial.py
[2026-03-16T16:14:52.718+0000] {logging_mixin.py:188} INFO - [2026-03-16T16:14:52.718+0000] {dag.py:3096} INFO - Sync 1 DAGs
[2026-03-16T16:14:52.742+0000] {logging_mixin.py:188} INFO - [2026-03-16T16:14:52.742+0000] {dag.py:3954} INFO - Setting next_dagrun for example_params_ui_tutorial to None, run_after=None
[2026-03-16T16:14:52.770+0000] {processor.py:183} INFO - Processing /home/airflow/.local/lib/python3.12/site-packages/airflow/example_dags/example_params_ui_tutorial.py took 0.164 seconds
[2026-03-16T16:15:23.150+0000] {processor.py:161} INFO - Started process (PID=1885) to work on /home/airflow/.local/lib/python3.12/site-packages/airflow/example_dags/example_params_ui_tutorial.py
[2026-03-16T16:15:23.152+0000] {processor.py:830} INFO - Processing file /home/airflow/.local/lib/python3.12/site-packages/airflow/example_dags/example_params_ui_tutorial.py for tasks to queue
[2026-03-16T16:15:23.155+0000] {logging_mixin.py:188} INFO - [2026-03-16T16:15:23.154+0000] {dagbag.py:545} INFO - Filling up the DagBag from /home/airflow/.local/lib/python3.12/site-packages/airflow/example_dags/example_params_ui_tutorial.py
[2026-03-16T16:15:23.177+0000] {processor.py:840} INFO - DAG(s) 'example_params_ui_tutorial' retrieved from /home/airflow/.local/lib/python3.12/site-packages/airflow/example_dags/example_params_ui_tutorial.py
[2026-03-16T16:15:23.280+0000] {logging_mixin.py:188} INFO - [2026-03-16T16:15:23.280+0000] {dag.py:3096} INFO - Sync 1 DAGs
[2026-03-16T16:15:23.303+0000] {logging_mixin.py:188} INFO - [2026-03-16T16:15:23.303+0000] {dag.py:3954} INFO - Setting next_dagrun for example_params_ui_tutorial to None, run_after=None
[2026-03-16T16:15:23.336+0000] {processor.py:183} INFO - Processing /home/airflow/.local/lib/python3.12/site-packages/airflow/example_dags/example_params_ui_tutorial.py took 0.198 seconds
[2026-03-16T16:15:53.489+0000] {processor.py:161} INFO - Started process (PID=1944) to work on /home/airflow/.local/lib/python3.12/site-packages/airflow/example_dags/example_params_ui_tutorial.py
[2026-03-16T16:15:53.491+0000] {processor.py:830} INFO - Processing file /home/airflow/.local/lib/python3.12/site-packages/airflow/example_dags/example_params_ui_tutorial.py for tasks to queue
[2026-03-16T16:15:53.497+0000] {logging_mixin.py:188} INFO - [2026-03-16T16:15:53.497+0000] {dagbag.py:545} INFO - Filling up the DagBag from /home/airflow/.local/lib/python3.12/site-packages/airflow/example_dags/example_params_ui_tutorial.py
[2026-03-16T16:15:53.516+0000] {processor.py:840} INFO - DAG(s) 'example_params_ui_tutorial' retrieved from /home/airflow/.local/lib/python3.12/site-packages/airflow/example_dags/example_params_ui_tutorial.py
[2026-03-16T16:15:53.592+0000] {logging_mixin.py:188} INFO - [2026-03-16T16:15:53.591+0000] {dag.py:3096} INFO - Sync 1 DAGs
[2026-03-16T16:15:53.613+0000] {logging_mixin.py:188} INFO - [2026-03-16T16:15:53.612+0000] {dag.py:3954} INFO - Setting next_dagrun for example_params_ui_tutorial to None, run_after=None
[2026-03-16T16:15:53.658+0000] {processor.py:183} INFO - Processing /home/airflow/.local/lib/python3.12/site-packages/airflow/example_dags/example_params_ui_tutorial.py took 0.179 seconds
[2026-03-16T16:16:23.858+0000] {processor.py:161} INFO - Started process (PID=2003) to work on /home/airflow/.local/lib/python3.12/site-packages/airflow/example_dags/example_params_ui_tutorial.py
[2026-03-16T16:16:23.859+0000] {processor.py:830} INFO - Processing file /home/airflow/.local/lib/python3.12/site-packages/airflow/example_dags/example_params_ui_tutorial.py for tasks to queue
[2026-03-16T16:16:23.861+0000] {logging_mixin.py:188} INFO - [2026-03-16T16:16:23.861+0000] {dagbag.py:545} INFO - Filling up the DagBag from /home/airflow/.local/lib/python3.12/site-packages/airflow/example_dags/example_params_ui_tutorial.py
[2026-03-16T16:16:23.877+0000] {processor.py:840} INFO - DAG(s) 'example_params_ui_tutorial' retrieved from /home/airflow/.local/lib/python3.12/site-packages/airflow/example_dags/example_params_ui_tutorial.py
[2026-03-16T16:16:23.949+0000] {logging_mixin.py:188} INFO - [2026-03-16T16:16:23.949+0000] {dag.py:3096} INFO - Sync 1 DAGs
[2026-03-16T16:16:23.968+0000] {logging_mixin.py:188} INFO - [2026-03-16T16:16:23.968+0000] {dag.py:3954} INFO - Setting next_dagrun for example_params_ui_tutorial to None, run_after=None
[2026-03-16T16:16:24.004+0000] {processor.py:183} INFO - Processing /home/airflow/.local/lib/python3.12/site-packages/airflow/example_dags/example_params_ui_tutorial.py took 0.153 seconds
[2026-03-16T16:16:54.894+0000] {processor.py:161} INFO - Started process (PID=2062) to work on /home/airflow/.local/lib/python3.12/site-packages/airflow/example_dags/example_params_ui_tutorial.py
[2026-03-16T16:16:54.896+0000] {processor.py:830} INFO - Processing file /home/airflow/.local/lib/python3.12/site-packages/airflow/example_dags/example_params_ui_tutorial.py for tasks to queue
[2026-03-16T16:16:54.899+0000] {logging_mixin.py:188} INFO - [2026-03-16T16:16:54.898+0000] {dagbag.py:545} INFO - Filling up the DagBag from /home/airflow/.local/lib/python3.12/site-packages/airflow/example_dags/example_params_ui_tutorial.py
[2026-03-16T16:16:54.916+0000] {processor.py:840} INFO - DAG(s) 'example_params_ui_tutorial' retrieved from /home/airflow/.local/lib/python3.12/site-packages/airflow/example_dags/example_params_ui_tutorial.py
[2026-03-16T16:16:54.979+0000] {logging_mixin.py:188} INFO - [2026-03-16T16:16:54.978+0000] {dag.py:3096} INFO - Sync 1 DAGs
[2026-03-16T16:16:54.996+0000] {logging_mixin.py:188} INFO - [2026-03-16T16:16:54.996+0000] {dag.py:3954} INFO - Setting next_dagrun for example_params_ui_tutorial to None, run_after=None
[2026-03-16T16:16:55.026+0000] {processor.py:183} INFO - Processing /home/airflow/.local/lib/python3.12/site-packages/airflow/example_dags/example_params_ui_tutorial.py took 0.141 seconds
[2026-03-16T16:17:25.795+0000] {processor.py:161} INFO - Started process (PID=2121) to work on /home/airflow/.local/lib/python3.12/site-packages/airflow/example_dags/example_params_ui_tutorial.py
[2026-03-16T16:17:25.797+0000] {processor.py:830} INFO - Processing file /home/airflow/.local/lib/python3.12/site-packages/airflow/example_dags/example_params_ui_tutorial.py for tasks to queue
[2026-03-16T16:17:25.805+0000] {logging_mixin.py:188} INFO - [2026-03-16T16:17:25.805+0000] {dagbag.py:545} INFO - Filling up the DagBag from /home/airflow/.local/lib/python3.12/site-packages/airflow/example_dags/example_params_ui_tutorial.py
[2026-03-16T16:17:25.823+0000] {processor.py:840} INFO - DAG(s) 'example_params_ui_tutorial' retrieved from /home/airflow/.local/lib/python3.12/site-packages/airflow/example_dags/example_params_ui_tutorial.py
[2026-03-16T16:17:25.895+0000] {logging_mixin.py:188} INFO - [2026-03-16T16:17:25.895+0000] {dag.py:3096} INFO - Sync 1 DAGs
[2026-03-16T16:17:25.911+0000] {logging_mixin.py:188} INFO - [2026-03-16T16:17:25.911+0000] {dag.py:3954} INFO - Setting next_dagrun for example_params_ui_tutorial to None, run_after=None
[2026-03-16T16:17:25.942+0000] {processor.py:183} INFO - Processing /home/airflow/.local/lib/python3.12/site-packages/airflow/example_dags/example_params_ui_tutorial.py took 0.159 seconds
[2026-03-16T16:17:56.320+0000] {processor.py:161} INFO - Started process (PID=2180) to work on /home/airflow/.local/lib/python3.12/site-packages/airflow/example_dags/example_params_ui_tutorial.py
[2026-03-16T16:17:56.322+0000] {processor.py:830} INFO - Processing file /home/airflow/.local/lib/python3.12/site-packages/airflow/example_dags/example_params_ui_tutorial.py for tasks to queue
[2026-03-16T16:17:56.325+0000] {logging_mixin.py:188} INFO - [2026-03-16T16:17:56.325+0000] {dagbag.py:545} INFO - Filling up the DagBag from /home/airflow/.local/lib/python3.12/site-packages/airflow/example_dags/example_params_ui_tutorial.py
[2026-03-16T16:17:56.342+0000] {processor.py:840} INFO - DAG(s) 'example_params_ui_tutorial' retrieved from /home/airflow/.local/lib/python3.12/site-packages/airflow/example_dags/example_params_ui_tutorial.py
[2026-03-16T16:17:56.414+0000] {logging_mixin.py:188} INFO - [2026-03-16T16:17:56.413+0000] {dag.py:3096} INFO - Sync 1 DAGs
[2026-03-16T16:17:56.430+0000] {logging_mixin.py:188} INFO - [2026-03-16T16:17:56.430+0000] {dag.py:3954} INFO - Setting next_dagrun for example_params_ui_tutorial to None, run_after=None
[2026-03-16T16:17:56.456+0000] {processor.py:183} INFO - Processing /home/airflow/.local/lib/python3.12/site-packages/airflow/example_dags/example_params_ui_tutorial.py took 0.145 seconds
[2026-03-16T16:18:27.363+0000] {processor.py:161} INFO - Started process (PID=2239) to work on /home/airflow/.local/lib/python3.12/site-packages/airflow/example_dags/example_params_ui_tutorial.py
[2026-03-16T16:18:27.365+0000] {processor.py:830} INFO - Processing file /home/airflow/.local/lib/python3.12/site-packages/airflow/example_dags/example_params_ui_tutorial.py for tasks to queue
[2026-03-16T16:18:27.368+0000] {logging_mixin.py:188} INFO - [2026-03-16T16:18:27.367+0000] {dagbag.py:545} INFO - Filling up the DagBag from /home/airflow/.local/lib/python3.12/site-packages/airflow/example_dags/example_params_ui_tutorial.py
[2026-03-16T16:18:27.385+0000] {processor.py:840} INFO - DAG(s) 'example_params_ui_tutorial' retrieved from /home/airflow/.local/lib/python3.12/site-packages/airflow/example_dags/example_params_ui_tutorial.py
[2026-03-16T16:18:27.457+0000] {logging_mixin.py:188} INFO - [2026-03-16T16:18:27.457+0000] {dag.py:3096} INFO - Sync 1 DAGs
[2026-03-16T16:18:27.474+0000] {logging_mixin.py:188} INFO - [2026-03-16T16:18:27.474+0000] {dag.py:3954} INFO - Setting next_dagrun for example_params_ui_tutorial to None, run_after=None
[2026-03-16T16:18:27.499+0000] {processor.py:183} INFO - Processing /home/airflow/.local/lib/python3.12/site-packages/airflow/example_dags/example_params_ui_tutorial.py took 0.144 seconds
[2026-03-16T16:18:57.865+0000] {processor.py:161} INFO - Started process (PID=2297) to work on /home/airflow/.local/lib/python3.12/site-packages/airflow/example_dags/example_params_ui_tutorial.py
[2026-03-16T16:18:57.866+0000] {processor.py:830} INFO - Processing file /home/airflow/.local/lib/python3.12/site-packages/airflow/example_dags/example_params_ui_tutorial.py for tasks to queue
[2026-03-16T16:18:57.873+0000] {logging_mixin.py:188} INFO - [2026-03-16T16:18:57.872+0000] {dagbag.py:545} INFO - Filling up the DagBag from /home/airflow/.local/lib/python3.12/site-packages/airflow/example_dags/example_params_ui_tutorial.py
[2026-03-16T16:18:57.891+0000] {processor.py:840} INFO - DAG(s) 'example_params_ui_tutorial' retrieved from /home/airflow/.local/lib/python3.12/site-packages/airflow/example_dags/example_params_ui_tutorial.py
[2026-03-16T16:18:57.960+0000] {logging_mixin.py:188} INFO - [2026-03-16T16:18:57.959+0000] {dag.py:3096} INFO - Sync 1 DAGs
[2026-03-16T16:18:57.977+0000] {logging_mixin.py:188} INFO - [2026-03-16T16:18:57.977+0000] {dag.py:3954} INFO - Setting next_dagrun for example_params_ui_tutorial to None, run_after=None
[2026-03-16T16:18:58.005+0000] {processor.py:183} INFO - Processing /home/airflow/.local/lib/python3.12/site-packages/airflow/example_dags/example_params_ui_tutorial.py took 0.159 seconds
[2026-03-16T16:19:28.268+0000] {processor.py:161} INFO - Started process (PID=2355) to work on /home/airflow/.local/lib/python3.12/site-packages/airflow/example_dags/example_params_ui_tutorial.py
[2026-03-16T16:19:28.271+0000] {processor.py:830} INFO - Processing file /home/airflow/.local/lib/python3.12/site-packages/airflow/example_dags/example_params_ui_tutorial.py for tasks to queue
[2026-03-16T16:19:28.274+0000] {logging_mixin.py:188} INFO - [2026-03-16T16:19:28.273+0000] {dagbag.py:545} INFO - Filling up the DagBag from /home/airflow/.local/lib/python3.12/site-packages/airflow/example_dags/example_params_ui_tutorial.py
[2026-03-16T16:19:28.291+0000] {processor.py:840} INFO - DAG(s) 'example_params_ui_tutorial' retrieved from /home/airflow/.local/lib/python3.12/site-packages/airflow/example_dags/example_params_ui_tutorial.py
[2026-03-16T16:19:28.347+0000] {logging_mixin.py:188} INFO - [2026-03-16T16:19:28.347+0000] {dag.py:3096} INFO - Sync 1 DAGs
[2026-03-16T16:19:28.361+0000] {logging_mixin.py:188} INFO - [2026-03-16T16:19:28.361+0000] {dag.py:3954} INFO - Setting next_dagrun for example_params_ui_tutorial to None, run_after=None
[2026-03-16T16:19:28.387+0000] {processor.py:183} INFO - Processing /home/airflow/.local/lib/python3.12/site-packages/airflow/example_dags/example_params_ui_tutorial.py took 0.127 seconds
[2026-03-16T16:19:58.692+0000] {processor.py:161} INFO - Started process (PID=2414) to work on /home/airflow/.local/lib/python3.12/site-packages/airflow/example_dags/example_params_ui_tutorial.py
[2026-03-16T16:19:58.694+0000] {processor.py:830} INFO - Processing file /home/airflow/.local/lib/python3.12/site-packages/airflow/example_dags/example_params_ui_tutorial.py for tasks to queue
[2026-03-16T16:19:58.711+0000] {logging_mixin.py:188} INFO - [2026-03-16T16:19:58.710+0000] {dagbag.py:545} INFO - Filling up the DagBag from /home/airflow/.local/lib/python3.12/site-packages/airflow/example_dags/example_params_ui_tutorial.py
[2026-03-16T16:19:58.783+0000] {processor.py:840} INFO - DAG(s) 'example_params_ui_tutorial' retrieved from /home/airflow/.local/lib/python3.12/site-packages/airflow/example_dags/example_params_ui_tutorial.py
[2026-03-16T16:19:58.885+0000] {logging_mixin.py:188} INFO - [2026-03-16T16:19:58.885+0000] {dag.py:3096} INFO - Sync 1 DAGs
[2026-03-16T16:19:58.919+0000] {logging_mixin.py:188} INFO - [2026-03-16T16:19:58.918+0000] {dag.py:3954} INFO - Setting next_dagrun for example_params_ui_tutorial to None, run_after=None
[2026-03-16T16:19:58.976+0000] {processor.py:183} INFO - Processing /home/airflow/.local/lib/python3.12/site-packages/airflow/example_dags/example_params_ui_tutorial.py took 0.314 seconds
[2026-03-16T16:20:30.031+0000] {processor.py:161} INFO - Started process (PID=2473) to work on /home/airflow/.local/lib/python3.12/site-packages/airflow/example_dags/example_params_ui_tutorial.py
[2026-03-16T16:20:30.033+0000] {processor.py:830} INFO - Processing file /home/airflow/.local/lib/python3.12/site-packages/airflow/example_dags/example_params_ui_tutorial.py for tasks to queue
[2026-03-16T16:20:30.040+0000] {logging_mixin.py:188} INFO - [2026-03-16T16:20:30.039+0000] {dagbag.py:545} INFO - Filling up the DagBag from /home/airflow/.local/lib/python3.12/site-packages/airflow/example_dags/example_params_ui_tutorial.py
[2026-03-16T16:20:30.067+0000] {processor.py:840} INFO - DAG(s) 'example_params_ui_tutorial' retrieved from /home/airflow/.local/lib/python3.12/site-packages/airflow/example_dags/example_params_ui_tutorial.py
[2026-03-16T16:20:30.207+0000] {logging_mixin.py:188} INFO - [2026-03-16T16:20:30.206+0000] {dag.py:3096} INFO - Sync 1 DAGs
[2026-03-16T16:20:30.282+0000] {logging_mixin.py:188} INFO - [2026-03-16T16:20:30.281+0000] {dag.py:3954} INFO - Setting next_dagrun for example_params_ui_tutorial to None, run_after=None
[2026-03-16T16:20:30.354+0000] {processor.py:183} INFO - Processing /home/airflow/.local/lib/python3.12/site-packages/airflow/example_dags/example_params_ui_tutorial.py took 0.340 seconds
[2026-03-16T16:21:00.978+0000] {processor.py:161} INFO - Started process (PID=2533) to work on /home/airflow/.local/lib/python3.12/site-packages/airflow/example_dags/example_params_ui_tutorial.py
[2026-03-16T16:21:00.979+0000] {processor.py:830} INFO - Processing file /home/airflow/.local/lib/python3.12/site-packages/airflow/example_dags/example_params_ui_tutorial.py for tasks to queue
[2026-03-16T16:21:00.982+0000] {logging_mixin.py:188} INFO - [2026-03-16T16:21:00.981+0000] {dagbag.py:545} INFO - Filling up the DagBag from /home/airflow/.local/lib/python3.12/site-packages/airflow/example_dags/example_params_ui_tutorial.py
[2026-03-16T16:21:00.996+0000] {processor.py:840} INFO - DAG(s) 'example_params_ui_tutorial' retrieved from /home/airflow/.local/lib/python3.12/site-packages/airflow/example_dags/example_params_ui_tutorial.py
[2026-03-16T16:21:01.062+0000] {logging_mixin.py:188} INFO - [2026-03-16T16:21:01.062+0000] {dag.py:3096} INFO - Sync 1 DAGs
[2026-03-16T16:21:01.083+0000] {logging_mixin.py:188} INFO - [2026-03-16T16:21:01.083+0000] {dag.py:3954} INFO - Setting next_dagrun for example_params_ui_tutorial to None, run_after=None
[2026-03-16T16:21:01.118+0000] {processor.py:183} INFO - Processing /home/airflow/.local/lib/python3.12/site-packages/airflow/example_dags/example_params_ui_tutorial.py took 0.147 seconds
[2026-03-16T16:21:31.194+0000] {processor.py:161} INFO - Started process (PID=2592) to work on /home/airflow/.local/lib/python3.12/site-packages/airflow/example_dags/example_params_ui_tutorial.py
[2026-03-16T16:21:31.196+0000] {processor.py:830} INFO - Processing file /home/airflow/.local/lib/python3.12/site-packages/airflow/example_dags/example_params_ui_tutorial.py for tasks to queue
[2026-03-16T16:21:31.202+0000] {logging_mixin.py:188} INFO - [2026-03-16T16:21:31.201+0000] {dagbag.py:545} INFO - Filling up the DagBag from /home/airflow/.local/lib/python3.12/site-packages/airflow/example_dags/example_params_ui_tutorial.py
[2026-03-16T16:21:31.230+0000] {processor.py:840} INFO - DAG(s) 'example_params_ui_tutorial' retrieved from /home/airflow/.local/lib/python3.12/site-packages/airflow/example_dags/example_params_ui_tutorial.py
[2026-03-16T16:21:31.327+0000] {logging_mixin.py:188} INFO - [2026-03-16T16:21:31.327+0000] {dag.py:3096} INFO - Sync 1 DAGs
[2026-03-16T16:21:31.356+0000] {logging_mixin.py:188} INFO - [2026-03-16T16:21:31.356+0000] {dag.py:3954} INFO - Setting next_dagrun for example_params_ui_tutorial to None, run_after=None
[2026-03-16T16:21:31.399+0000] {processor.py:183} INFO - Processing /home/airflow/.local/lib/python3.12/site-packages/airflow/example_dags/example_params_ui_tutorial.py took 0.216 seconds
[2026-03-16T16:22:01.539+0000] {processor.py:161} INFO - Started process (PID=2652) to work on /home/airflow/.local/lib/python3.12/site-packages/airflow/example_dags/example_params_ui_tutorial.py
[2026-03-16T16:22:01.540+0000] {processor.py:830} INFO - Processing file /home/airflow/.local/lib/python3.12/site-packages/airflow/example_dags/example_params_ui_tutorial.py for tasks to queue
[2026-03-16T16:22:01.543+0000] {logging_mixin.py:188} INFO - [2026-03-16T16:22:01.543+0000] {dagbag.py:545} INFO - Filling up the DagBag from /home/airflow/.local/lib/python3.12/site-packages/airflow/example_dags/example_params_ui_tutorial.py
[2026-03-16T16:22:01.558+0000] {processor.py:840} INFO - DAG(s) 'example_params_ui_tutorial' retrieved from /home/airflow/.local/lib/python3.12/site-packages/airflow/example_dags/example_params_ui_tutorial.py
[2026-03-16T16:22:01.612+0000] {logging_mixin.py:188} INFO - [2026-03-16T16:22:01.612+0000] {dag.py:3096} INFO - Sync 1 DAGs
[2026-03-16T16:22:01.626+0000] {logging_mixin.py:188} INFO - [2026-03-16T16:22:01.626+0000] {dag.py:3954} INFO - Setting next_dagrun for example_params_ui_tutorial to None, run_after=None
[2026-03-16T16:22:01.651+0000] {processor.py:183} INFO - Processing /home/airflow/.local/lib/python3.12/site-packages/airflow/example_dags/example_params_ui_tutorial.py took 0.120 seconds
[2026-03-16T16:22:32.021+0000] {processor.py:161} INFO - Started process (PID=2709) to work on /home/airflow/.local/lib/python3.12/site-packages/airflow/example_dags/example_params_ui_tutorial.py
[2026-03-16T16:22:32.022+0000] {processor.py:830} INFO - Processing file /home/airflow/.local/lib/python3.12/site-packages/airflow/example_dags/example_params_ui_tutorial.py for tasks to queue
[2026-03-16T16:22:32.026+0000] {logging_mixin.py:188} INFO - [2026-03-16T16:22:32.025+0000] {dagbag.py:545} INFO - Filling up the DagBag from /home/airflow/.local/lib/python3.12/site-packages/airflow/example_dags/example_params_ui_tutorial.py
[2026-03-16T16:22:32.054+0000] {processor.py:840} INFO - DAG(s) 'example_params_ui_tutorial' retrieved from /home/airflow/.local/lib/python3.12/site-packages/airflow/example_dags/example_params_ui_tutorial.py
[2026-03-16T16:22:32.182+0000] {logging_mixin.py:188} INFO - [2026-03-16T16:22:32.181+0000] {dag.py:3096} INFO - Sync 1 DAGs
[2026-03-16T16:22:32.213+0000] {logging_mixin.py:188} INFO - [2026-03-16T16:22:32.213+0000] {dag.py:3954} INFO - Setting next_dagrun for example_params_ui_tutorial to None, run_after=None
[2026-03-16T16:22:32.263+0000] {processor.py:183} INFO - Processing /home/airflow/.local/lib/python3.12/site-packages/airflow/example_dags/example_params_ui_tutorial.py took 0.265 seconds
[2026-03-16T16:23:02.401+0000] {processor.py:161} INFO - Started process (PID=2769) to work on /home/airflow/.local/lib/python3.12/site-packages/airflow/example_dags/example_params_ui_tutorial.py
[2026-03-16T16:23:02.402+0000] {processor.py:830} INFO - Processing file /home/airflow/.local/lib/python3.12/site-packages/airflow/example_dags/example_params_ui_tutorial.py for tasks to queue
[2026-03-16T16:23:02.405+0000] {logging_mixin.py:188} INFO - [2026-03-16T16:23:02.404+0000] {dagbag.py:545} INFO - Filling up the DagBag from /home/airflow/.local/lib/python3.12/site-packages/airflow/example_dags/example_params_ui_tutorial.py
[2026-03-16T16:23:02.417+0000] {processor.py:840} INFO - DAG(s) 'example_params_ui_tutorial' retrieved from /home/airflow/.local/lib/python3.12/site-packages/airflow/example_dags/example_params_ui_tutorial.py
[2026-03-16T16:23:02.469+0000] {logging_mixin.py:188} INFO - [2026-03-16T16:23:02.469+0000] {dag.py:3096} INFO - Sync 1 DAGs
[2026-03-16T16:23:02.483+0000] {logging_mixin.py:188} INFO - [2026-03-16T16:23:02.483+0000] {dag.py:3954} INFO - Setting next_dagrun for example_params_ui_tutorial to None, run_after=None
[2026-03-16T16:23:02.509+0000] {processor.py:183} INFO - Processing /home/airflow/.local/lib/python3.12/site-packages/airflow/example_dags/example_params_ui_tutorial.py took 0.114 seconds
[2026-03-16T16:23:32.837+0000] {processor.py:161} INFO - Started process (PID=2827) to work on /home/airflow/.local/lib/python3.12/site-packages/airflow/example_dags/example_params_ui_tutorial.py
[2026-03-16T16:23:32.839+0000] {processor.py:830} INFO - Processing file /home/airflow/.local/lib/python3.12/site-packages/airflow/example_dags/example_params_ui_tutorial.py for tasks to queue
[2026-03-16T16:23:32.845+0000] {logging_mixin.py:188} INFO - [2026-03-16T16:23:32.844+0000] {dagbag.py:545} INFO - Filling up the DagBag from /home/airflow/.local/lib/python3.12/site-packages/airflow/example_dags/example_params_ui_tutorial.py
[2026-03-16T16:23:32.866+0000] {processor.py:840} INFO - DAG(s) 'example_params_ui_tutorial' retrieved from /home/airflow/.local/lib/python3.12/site-packages/airflow/example_dags/example_params_ui_tutorial.py
[2026-03-16T16:23:32.978+0000] {logging_mixin.py:188} INFO - [2026-03-16T16:23:32.978+0000] {dag.py:3096} INFO - Sync 1 DAGs
[2026-03-16T16:23:33.002+0000] {logging_mixin.py:188} INFO - [2026-03-16T16:23:33.002+0000] {dag.py:3954} INFO - Setting next_dagrun for example_params_ui_tutorial to None, run_after=None
[2026-03-16T16:23:33.049+0000] {processor.py:183} INFO - Processing /home/airflow/.local/lib/python3.12/site-packages/airflow/example_dags/example_params_ui_tutorial.py took 0.222 seconds
[2026-03-16T16:24:03.121+0000] {processor.py:161} INFO - Started process (PID=2886) to work on /home/airflow/.local/lib/python3.12/site-packages/airflow/example_dags/example_params_ui_tutorial.py
[2026-03-16T16:24:03.122+0000] {processor.py:830} INFO - Processing file /home/airflow/.local/lib/python3.12/site-packages/airflow/example_dags/example_params_ui_tutorial.py for tasks to queue
[2026-03-16T16:24:03.125+0000] {logging_mixin.py:188} INFO - [2026-03-16T16:24:03.124+0000] {dagbag.py:545} INFO - Filling up the DagBag from /home/airflow/.local/lib/python3.12/site-packages/airflow/example_dags/example_params_ui_tutorial.py
[2026-03-16T16:24:03.138+0000] {processor.py:840} INFO - DAG(s) 'example_params_ui_tutorial' retrieved from /home/airflow/.local/lib/python3.12/site-packages/airflow/example_dags/example_params_ui_tutorial.py
[2026-03-16T16:24:03.201+0000] {logging_mixin.py:188} INFO - [2026-03-16T16:24:03.201+0000] {dag.py:3096} INFO - Sync 1 DAGs
[2026-03-16T16:24:03.222+0000] {logging_mixin.py:188} INFO - [2026-03-16T16:24:03.221+0000] {dag.py:3954} INFO - Setting next_dagrun for example_params_ui_tutorial to None, run_after=None
[2026-03-16T16:24:03.248+0000] {processor.py:183} INFO - Processing /home/airflow/.local/lib/python3.12/site-packages/airflow/example_dags/example_params_ui_tutorial.py took 0.137 seconds
[2026-03-16T16:24:33.384+0000] {processor.py:161} INFO - Started process (PID=2945) to work on /home/airflow/.local/lib/python3.12/site-packages/airflow/example_dags/example_params_ui_tutorial.py
[2026-03-16T16:24:33.385+0000] {processor.py:830} INFO - Processing file /home/airflow/.local/lib/python3.12/site-packages/airflow/example_dags/example_params_ui_tutorial.py for tasks to queue
[2026-03-16T16:24:33.387+0000] {logging_mixin.py:188} INFO - [2026-03-16T16:24:33.387+0000] {dagbag.py:545} INFO - Filling up the DagBag from /home/airflow/.local/lib/python3.12/site-packages/airflow/example_dags/example_params_ui_tutorial.py
[2026-03-16T16:24:33.401+0000] {processor.py:840} INFO - DAG(s) 'example_params_ui_tutorial' retrieved from /home/airflow/.local/lib/python3.12/site-packages/airflow/example_dags/example_params_ui_tutorial.py
[2026-03-16T16:24:33.476+0000] {logging_mixin.py:188} INFO - [2026-03-16T16:24:33.475+0000] {dag.py:3096} INFO - Sync 1 DAGs
[2026-03-16T16:24:33.496+0000] {logging_mixin.py:188} INFO - [2026-03-16T16:24:33.495+0000] {dag.py:3954} INFO - Setting next_dagrun for example_params_ui_tutorial to None, run_after=None
[2026-03-16T16:24:33.525+0000] {processor.py:183} INFO - Processing /home/airflow/.local/lib/python3.12/site-packages/airflow/example_dags/example_params_ui_tutorial.py took 0.149 seconds
[2026-03-16T16:25:03.788+0000] {processor.py:161} INFO - Started process (PID=3004) to work on /home/airflow/.local/lib/python3.12/site-packages/airflow/example_dags/example_params_ui_tutorial.py
[2026-03-16T16:25:03.790+0000] {processor.py:830} INFO - Processing file /home/airflow/.local/lib/python3.12/site-packages/airflow/example_dags/example_params_ui_tutorial.py for tasks to queue
[2026-03-16T16:25:03.793+0000] {logging_mixin.py:188} INFO - [2026-03-16T16:25:03.793+0000] {dagbag.py:545} INFO - Filling up the DagBag from /home/airflow/.local/lib/python3.12/site-packages/airflow/example_dags/example_params_ui_tutorial.py
[2026-03-16T16:25:03.814+0000] {processor.py:840} INFO - DAG(s) 'example_params_ui_tutorial' retrieved from /home/airflow/.local/lib/python3.12/site-packages/airflow/example_dags/example_params_ui_tutorial.py
[2026-03-16T16:25:03.992+0000] {logging_mixin.py:188} INFO - [2026-03-16T16:25:03.992+0000] {dag.py:3096} INFO - Sync 1 DAGs
[2026-03-16T16:25:04.025+0000] {logging_mixin.py:188} INFO - [2026-03-16T16:25:04.024+0000] {dag.py:3954} INFO - Setting next_dagrun for example_params_ui_tutorial to None, run_after=None
[2026-03-16T16:25:04.056+0000] {processor.py:183} INFO - Processing /home/airflow/.local/lib/python3.12/site-packages/airflow/example_dags/example_params_ui_tutorial.py took 0.279 seconds
[2026-03-16T16:25:34.299+0000] {processor.py:161} INFO - Started process (PID=3063) to work on /home/airflow/.local/lib/python3.12/site-packages/airflow/example_dags/example_params_ui_tutorial.py
[2026-03-16T16:25:34.300+0000] {processor.py:830} INFO - Processing file /home/airflow/.local/lib/python3.12/site-packages/airflow/example_dags/example_params_ui_tutorial.py for tasks to queue
[2026-03-16T16:25:34.306+0000] {logging_mixin.py:188} INFO - [2026-03-16T16:25:34.305+0000] {dagbag.py:545} INFO - Filling up the DagBag from /home/airflow/.local/lib/python3.12/site-packages/airflow/example_dags/example_params_ui_tutorial.py
[2026-03-16T16:25:34.323+0000] {processor.py:840} INFO - DAG(s) 'example_params_ui_tutorial' retrieved from /home/airflow/.local/lib/python3.12/site-packages/airflow/example_dags/example_params_ui_tutorial.py
[2026-03-16T16:25:34.425+0000] {logging_mixin.py:188} INFO - [2026-03-16T16:25:34.424+0000] {dag.py:3096} INFO - Sync 1 DAGs
[2026-03-16T16:25:34.460+0000] {logging_mixin.py:188} INFO - [2026-03-16T16:25:34.454+0000] {dag.py:3954} INFO - Setting next_dagrun for example_params_ui_tutorial to None, run_after=None
[2026-03-16T16:25:34.516+0000] {processor.py:183} INFO - Processing /home/airflow/.local/lib/python3.12/site-packages/airflow/example_dags/example_params_ui_tutorial.py took 0.225 seconds
[2026-03-16T16:26:04.730+0000] {processor.py:161} INFO - Started process (PID=3122) to work on /home/airflow/.local/lib/python3.12/site-packages/airflow/example_dags/example_params_ui_tutorial.py
[2026-03-16T16:26:04.732+0000] {processor.py:830} INFO - Processing file /home/airflow/.local/lib/python3.12/site-packages/airflow/example_dags/example_params_ui_tutorial.py for tasks to queue
[2026-03-16T16:26:04.734+0000] {logging_mixin.py:188} INFO - [2026-03-16T16:26:04.734+0000] {dagbag.py:545} INFO - Filling up the DagBag from /home/airflow/.local/lib/python3.12/site-packages/airflow/example_dags/example_params_ui_tutorial.py
[2026-03-16T16:26:04.750+0000] {processor.py:840} INFO - DAG(s) 'example_params_ui_tutorial' retrieved from /home/airflow/.local/lib/python3.12/site-packages/airflow/example_dags/example_params_ui_tutorial.py
[2026-03-16T16:26:04.818+0000] {logging_mixin.py:188} INFO - [2026-03-16T16:26:04.818+0000] {dag.py:3096} INFO - Sync 1 DAGs
[2026-03-16T16:26:04.839+0000] {logging_mixin.py:188} INFO - [2026-03-16T16:26:04.839+0000] {dag.py:3954} INFO - Setting next_dagrun for example_params_ui_tutorial to None, run_after=None
[2026-03-16T16:26:04.868+0000] {processor.py:183} INFO - Processing /home/airflow/.local/lib/python3.12/site-packages/airflow/example_dags/example_params_ui_tutorial.py took 0.147 seconds
[2026-03-16T16:26:35.002+0000] {processor.py:161} INFO - Started process (PID=3181) to work on /home/airflow/.local/lib/python3.12/site-packages/airflow/example_dags/example_params_ui_tutorial.py
[2026-03-16T16:26:35.005+0000] {processor.py:830} INFO - Processing file /home/airflow/.local/lib/python3.12/site-packages/airflow/example_dags/example_params_ui_tutorial.py for tasks to queue
[2026-03-16T16:26:35.008+0000] {logging_mixin.py:188} INFO - [2026-03-16T16:26:35.008+0000] {dagbag.py:545} INFO - Filling up the DagBag from /home/airflow/.local/lib/python3.12/site-packages/airflow/example_dags/example_params_ui_tutorial.py
[2026-03-16T16:26:35.027+0000] {processor.py:840} INFO - DAG(s) 'example_params_ui_tutorial' retrieved from /home/airflow/.local/lib/python3.12/site-packages/airflow/example_dags/example_params_ui_tutorial.py
[2026-03-16T16:26:35.116+0000] {logging_mixin.py:188} INFO - [2026-03-16T16:26:35.116+0000] {dag.py:3096} INFO - Sync 1 DAGs
[2026-03-16T16:26:35.134+0000] {logging_mixin.py:188} INFO - [2026-03-16T16:26:35.134+0000] {dag.py:3954} INFO - Setting next_dagrun for example_params_ui_tutorial to None, run_after=None
[2026-03-16T16:26:35.166+0000] {processor.py:183} INFO - Processing /home/airflow/.local/lib/python3.12/site-packages/airflow/example_dags/example_params_ui_tutorial.py took 0.173 seconds
[2026-03-16T16:27:05.442+0000] {processor.py:161} INFO - Started process (PID=3240) to work on /home/airflow/.local/lib/python3.12/site-packages/airflow/example_dags/example_params_ui_tutorial.py
[2026-03-16T16:27:05.445+0000] {processor.py:830} INFO - Processing file /home/airflow/.local/lib/python3.12/site-packages/airflow/example_dags/example_params_ui_tutorial.py for tasks to queue
[2026-03-16T16:27:05.452+0000] {logging_mixin.py:188} INFO - [2026-03-16T16:27:05.451+0000] {dagbag.py:545} INFO - Filling up the DagBag from /home/airflow/.local/lib/python3.12/site-packages/airflow/example_dags/example_params_ui_tutorial.py
[2026-03-16T16:27:05.474+0000] {processor.py:840} INFO - DAG(s) 'example_params_ui_tutorial' retrieved from /home/airflow/.local/lib/python3.12/site-packages/airflow/example_dags/example_params_ui_tutorial.py
[2026-03-16T16:27:05.608+0000] {logging_mixin.py:188} INFO - [2026-03-16T16:27:05.607+0000] {dag.py:3096} INFO - Sync 1 DAGs
[2026-03-16T16:27:05.635+0000] {logging_mixin.py:188} INFO - [2026-03-16T16:27:05.634+0000] {dag.py:3954} INFO - Setting next_dagrun for example_params_ui_tutorial to None, run_after=None
[2026-03-16T16:27:05.668+0000] {processor.py:183} INFO - Processing /home/airflow/.local/lib/python3.12/site-packages/airflow/example_dags/example_params_ui_tutorial.py took 0.236 seconds
[2026-03-16T16:27:35.868+0000] {processor.py:161} INFO - Started process (PID=3299) to work on /home/airflow/.local/lib/python3.12/site-packages/airflow/example_dags/example_params_ui_tutorial.py
[2026-03-16T16:27:35.958+0000] {processor.py:830} INFO - Processing file /home/airflow/.local/lib/python3.12/site-packages/airflow/example_dags/example_params_ui_tutorial.py for tasks to queue
[2026-03-16T16:27:35.982+0000] {logging_mixin.py:188} INFO - [2026-03-16T16:27:35.981+0000] {dagbag.py:545} INFO - Filling up the DagBag from /home/airflow/.local/lib/python3.12/site-packages/airflow/example_dags/example_params_ui_tutorial.py
[2026-03-16T16:27:36.030+0000] {processor.py:840} INFO - DAG(s) 'example_params_ui_tutorial' retrieved from /home/airflow/.local/lib/python3.12/site-packages/airflow/example_dags/example_params_ui_tutorial.py
[2026-03-16T16:27:36.314+0000] {logging_mixin.py:188} INFO - [2026-03-16T16:27:36.313+0000] {dag.py:3096} INFO - Sync 1 DAGs
[2026-03-16T16:27:36.372+0000] {logging_mixin.py:188} INFO - [2026-03-16T16:27:36.371+0000] {dag.py:3954} INFO - Setting next_dagrun for example_params_ui_tutorial to None, run_after=None
[2026-03-16T16:27:36.426+0000] {processor.py:183} INFO - Processing /home/airflow/.local/lib/python3.12/site-packages/airflow/example_dags/example_params_ui_tutorial.py took 0.577 seconds
[2026-03-16T16:28:06.946+0000] {processor.py:161} INFO - Started process (PID=3359) to work on /home/airflow/.local/lib/python3.12/site-packages/airflow/example_dags/example_params_ui_tutorial.py
[2026-03-16T16:28:06.948+0000] {processor.py:830} INFO - Processing file /home/airflow/.local/lib/python3.12/site-packages/airflow/example_dags/example_params_ui_tutorial.py for tasks to queue
[2026-03-16T16:28:06.950+0000] {logging_mixin.py:188} INFO - [2026-03-16T16:28:06.950+0000] {dagbag.py:545} INFO - Filling up the DagBag from /home/airflow/.local/lib/python3.12/site-packages/airflow/example_dags/example_params_ui_tutorial.py
[2026-03-16T16:28:06.965+0000] {processor.py:840} INFO - DAG(s) 'example_params_ui_tutorial' retrieved from /home/airflow/.local/lib/python3.12/site-packages/airflow/example_dags/example_params_ui_tutorial.py
[2026-03-16T16:28:07.035+0000] {logging_mixin.py:188} INFO - [2026-03-16T16:28:07.034+0000] {dag.py:3096} INFO - Sync 1 DAGs
[2026-03-16T16:28:07.056+0000] {logging_mixin.py:188} INFO - [2026-03-16T16:28:07.056+0000] {dag.py:3954} INFO - Setting next_dagrun for example_params_ui_tutorial to None, run_after=None
[2026-03-16T16:28:07.092+0000] {processor.py:183} INFO - Processing /home/airflow/.local/lib/python3.12/site-packages/airflow/example_dags/example_params_ui_tutorial.py took 0.156 seconds
[2026-03-16T16:28:37.750+0000] {processor.py:161} INFO - Started process (PID=3418) to work on /home/airflow/.local/lib/python3.12/site-packages/airflow/example_dags/example_params_ui_tutorial.py
[2026-03-16T16:28:37.751+0000] {processor.py:830} INFO - Processing file /home/airflow/.local/lib/python3.12/site-packages/airflow/example_dags/example_params_ui_tutorial.py for tasks to queue
[2026-03-16T16:28:37.754+0000] {logging_mixin.py:188} INFO - [2026-03-16T16:28:37.754+0000] {dagbag.py:545} INFO - Filling up the DagBag from /home/airflow/.local/lib/python3.12/site-packages/airflow/example_dags/example_params_ui_tutorial.py
[2026-03-16T16:28:37.773+0000] {processor.py:840} INFO - DAG(s) 'example_params_ui_tutorial' retrieved from /home/airflow/.local/lib/python3.12/site-packages/airflow/example_dags/example_params_ui_tutorial.py
[2026-03-16T16:28:37.861+0000] {logging_mixin.py:188} INFO - [2026-03-16T16:28:37.860+0000] {dag.py:3096} INFO - Sync 1 DAGs
[2026-03-16T16:28:37.884+0000] {logging_mixin.py:188} INFO - [2026-03-16T16:28:37.883+0000] {dag.py:3954} INFO - Setting next_dagrun for example_params_ui_tutorial to None, run_after=None
[2026-03-16T16:28:37.920+0000] {processor.py:183} INFO - Processing /home/airflow/.local/lib/python3.12/site-packages/airflow/example_dags/example_params_ui_tutorial.py took 0.179 seconds
[2026-03-16T16:29:08.133+0000] {processor.py:161} INFO - Started process (PID=3477) to work on /home/airflow/.local/lib/python3.12/site-packages/airflow/example_dags/example_params_ui_tutorial.py
[2026-03-16T16:29:08.135+0000] {processor.py:830} INFO - Processing file /home/airflow/.local/lib/python3.12/site-packages/airflow/example_dags/example_params_ui_tutorial.py for tasks to queue
[2026-03-16T16:29:08.139+0000] {logging_mixin.py:188} INFO - [2026-03-16T16:29:08.138+0000] {dagbag.py:545} INFO - Filling up the DagBag from /home/airflow/.local/lib/python3.12/site-packages/airflow/example_dags/example_params_ui_tutorial.py
[2026-03-16T16:29:08.160+0000] {processor.py:840} INFO - DAG(s) 'example_params_ui_tutorial' retrieved from /home/airflow/.local/lib/python3.12/site-packages/airflow/example_dags/example_params_ui_tutorial.py
[2026-03-16T16:29:08.237+0000] {logging_mixin.py:188} INFO - [2026-03-16T16:29:08.237+0000] {dag.py:3096} INFO - Sync 1 DAGs
[2026-03-16T16:29:08.264+0000] {logging_mixin.py:188} INFO - [2026-03-16T16:29:08.263+0000] {dag.py:3954} INFO - Setting next_dagrun for example_params_ui_tutorial to None, run_after=None
[2026-03-16T16:29:08.297+0000] {processor.py:183} INFO - Processing /home/airflow/.local/lib/python3.12/site-packages/airflow/example_dags/example_params_ui_tutorial.py took 0.175 seconds
[2026-03-16T16:29:38.773+0000] {processor.py:161} INFO - Started process (PID=3536) to work on /home/airflow/.local/lib/python3.12/site-packages/airflow/example_dags/example_params_ui_tutorial.py
[2026-03-16T16:29:38.775+0000] {processor.py:830} INFO - Processing file /home/airflow/.local/lib/python3.12/site-packages/airflow/example_dags/example_params_ui_tutorial.py for tasks to queue
[2026-03-16T16:29:38.778+0000] {logging_mixin.py:188} INFO - [2026-03-16T16:29:38.778+0000] {dagbag.py:545} INFO - Filling up the DagBag from /home/airflow/.local/lib/python3.12/site-packages/airflow/example_dags/example_params_ui_tutorial.py
[2026-03-16T16:29:38.795+0000] {processor.py:840} INFO - DAG(s) 'example_params_ui_tutorial' retrieved from /home/airflow/.local/lib/python3.12/site-packages/airflow/example_dags/example_params_ui_tutorial.py
[2026-03-16T16:29:38.865+0000] {logging_mixin.py:188} INFO - [2026-03-16T16:29:38.864+0000] {dag.py:3096} INFO - Sync 1 DAGs
[2026-03-16T16:29:38.902+0000] {logging_mixin.py:188} INFO - [2026-03-16T16:29:38.902+0000] {dag.py:3954} INFO - Setting next_dagrun for example_params_ui_tutorial to None, run_after=None
[2026-03-16T16:29:38.951+0000] {processor.py:183} INFO - Processing /home/airflow/.local/lib/python3.12/site-packages/airflow/example_dags/example_params_ui_tutorial.py took 0.187 seconds
[2026-03-16T16:30:09.304+0000] {processor.py:161} INFO - Started process (PID=3595) to work on /home/airflow/.local/lib/python3.12/site-packages/airflow/example_dags/example_params_ui_tutorial.py
[2026-03-16T16:30:09.305+0000] {processor.py:830} INFO - Processing file /home/airflow/.local/lib/python3.12/site-packages/airflow/example_dags/example_params_ui_tutorial.py for tasks to queue
[2026-03-16T16:30:09.308+0000] {logging_mixin.py:188} INFO - [2026-03-16T16:30:09.308+0000] {dagbag.py:545} INFO - Filling up the DagBag from /home/airflow/.local/lib/python3.12/site-packages/airflow/example_dags/example_params_ui_tutorial.py
[2026-03-16T16:30:09.332+0000] {processor.py:840} INFO - DAG(s) 'example_params_ui_tutorial' retrieved from /home/airflow/.local/lib/python3.12/site-packages/airflow/example_dags/example_params_ui_tutorial.py
[2026-03-16T16:30:09.405+0000] {logging_mixin.py:188} INFO - [2026-03-16T16:30:09.405+0000] {dag.py:3096} INFO - Sync 1 DAGs
[2026-03-16T16:30:09.423+0000] {logging_mixin.py:188} INFO - [2026-03-16T16:30:09.423+0000] {dag.py:3954} INFO - Setting next_dagrun for example_params_ui_tutorial to None, run_after=None
[2026-03-16T16:30:09.451+0000] {processor.py:183} INFO - Processing /home/airflow/.local/lib/python3.12/site-packages/airflow/example_dags/example_params_ui_tutorial.py took 0.161 seconds
[2026-03-16T16:30:39.639+0000] {processor.py:161} INFO - Started process (PID=3653) to work on /home/airflow/.local/lib/python3.12/site-packages/airflow/example_dags/example_params_ui_tutorial.py
[2026-03-16T16:30:39.640+0000] {processor.py:830} INFO - Processing file /home/airflow/.local/lib/python3.12/site-packages/airflow/example_dags/example_params_ui_tutorial.py for tasks to queue
[2026-03-16T16:30:39.642+0000] {logging_mixin.py:188} INFO - [2026-03-16T16:30:39.642+0000] {dagbag.py:545} INFO - Filling up the DagBag from /home/airflow/.local/lib/python3.12/site-packages/airflow/example_dags/example_params_ui_tutorial.py
[2026-03-16T16:30:39.662+0000] {processor.py:840} INFO - DAG(s) 'example_params_ui_tutorial' retrieved from /home/airflow/.local/lib/python3.12/site-packages/airflow/example_dags/example_params_ui_tutorial.py
[2026-03-16T16:30:39.750+0000] {logging_mixin.py:188} INFO - [2026-03-16T16:30:39.749+0000] {dag.py:3096} INFO - Sync 1 DAGs
[2026-03-16T16:30:39.774+0000] {logging_mixin.py:188} INFO - [2026-03-16T16:30:39.774+0000] {dag.py:3954} INFO - Setting next_dagrun for example_params_ui_tutorial to None, run_after=None
[2026-03-16T16:30:39.807+0000] {processor.py:183} INFO - Processing /home/airflow/.local/lib/python3.12/site-packages/airflow/example_dags/example_params_ui_tutorial.py took 0.178 seconds
[2026-03-16T16:31:10.098+0000] {processor.py:161} INFO - Started process (PID=3712) to work on /home/airflow/.local/lib/python3.12/site-packages/airflow/example_dags/example_params_ui_tutorial.py
[2026-03-16T16:31:10.099+0000] {processor.py:830} INFO - Processing file /home/airflow/.local/lib/python3.12/site-packages/airflow/example_dags/example_params_ui_tutorial.py for tasks to queue
[2026-03-16T16:31:10.102+0000] {logging_mixin.py:188} INFO - [2026-03-16T16:31:10.102+0000] {dagbag.py:545} INFO - Filling up the DagBag from /home/airflow/.local/lib/python3.12/site-packages/airflow/example_dags/example_params_ui_tutorial.py
[2026-03-16T16:31:10.120+0000] {processor.py:840} INFO - DAG(s) 'example_params_ui_tutorial' retrieved from /home/airflow/.local/lib/python3.12/site-packages/airflow/example_dags/example_params_ui_tutorial.py
[2026-03-16T16:31:10.201+0000] {logging_mixin.py:188} INFO - [2026-03-16T16:31:10.201+0000] {dag.py:3096} INFO - Sync 1 DAGs
[2026-03-16T16:31:10.225+0000] {logging_mixin.py:188} INFO - [2026-03-16T16:31:10.225+0000] {dag.py:3954} INFO - Setting next_dagrun for example_params_ui_tutorial to None, run_after=None
[2026-03-16T16:31:10.260+0000] {processor.py:183} INFO - Processing /home/airflow/.local/lib/python3.12/site-packages/airflow/example_dags/example_params_ui_tutorial.py took 0.171 seconds
[2026-03-16T16:31:40.432+0000] {processor.py:161} INFO - Started process (PID=3770) to work on /home/airflow/.local/lib/python3.12/site-packages/airflow/example_dags/example_params_ui_tutorial.py
[2026-03-16T16:31:40.433+0000] {processor.py:830} INFO - Processing file /home/airflow/.local/lib/python3.12/site-packages/airflow/example_dags/example_params_ui_tutorial.py for tasks to queue
[2026-03-16T16:31:40.437+0000] {logging_mixin.py:188} INFO - [2026-03-16T16:31:40.436+0000] {dagbag.py:545} INFO - Filling up the DagBag from /home/airflow/.local/lib/python3.12/site-packages/airflow/example_dags/example_params_ui_tutorial.py
[2026-03-16T16:31:40.459+0000] {processor.py:840} INFO - DAG(s) 'example_params_ui_tutorial' retrieved from /home/airflow/.local/lib/python3.12/site-packages/airflow/example_dags/example_params_ui_tutorial.py
[2026-03-16T16:31:40.595+0000] {logging_mixin.py:188} INFO - [2026-03-16T16:31:40.594+0000] {dag.py:3096} INFO - Sync 1 DAGs
[2026-03-16T16:31:40.624+0000] {logging_mixin.py:188} INFO - [2026-03-16T16:31:40.623+0000] {dag.py:3954} INFO - Setting next_dagrun for example_params_ui_tutorial to None, run_after=None
[2026-03-16T16:31:40.683+0000] {processor.py:183} INFO - Processing /home/airflow/.local/lib/python3.12/site-packages/airflow/example_dags/example_params_ui_tutorial.py took 0.266 seconds
[2026-03-16T16:32:11.128+0000] {processor.py:161} INFO - Started process (PID=3829) to work on /home/airflow/.local/lib/python3.12/site-packages/airflow/example_dags/example_params_ui_tutorial.py
[2026-03-16T16:32:11.130+0000] {processor.py:830} INFO - Processing file /home/airflow/.local/lib/python3.12/site-packages/airflow/example_dags/example_params_ui_tutorial.py for tasks to queue
[2026-03-16T16:32:11.133+0000] {logging_mixin.py:188} INFO - [2026-03-16T16:32:11.133+0000] {dagbag.py:545} INFO - Filling up the DagBag from /home/airflow/.local/lib/python3.12/site-packages/airflow/example_dags/example_params_ui_tutorial.py
[2026-03-16T16:32:11.149+0000] {processor.py:840} INFO - DAG(s) 'example_params_ui_tutorial' retrieved from /home/airflow/.local/lib/python3.12/site-packages/airflow/example_dags/example_params_ui_tutorial.py
[2026-03-16T16:32:11.239+0000] {logging_mixin.py:188} INFO - [2026-03-16T16:32:11.239+0000] {dag.py:3096} INFO - Sync 1 DAGs
[2026-03-16T16:32:11.258+0000] {logging_mixin.py:188} INFO - [2026-03-16T16:32:11.258+0000] {dag.py:3954} INFO - Setting next_dagrun for example_params_ui_tutorial to None, run_after=None
[2026-03-16T16:32:11.288+0000] {processor.py:183} INFO - Processing /home/airflow/.local/lib/python3.12/site-packages/airflow/example_dags/example_params_ui_tutorial.py took 0.170 seconds
[2026-03-16T16:32:41.506+0000] {processor.py:161} INFO - Started process (PID=3888) to work on /home/airflow/.local/lib/python3.12/site-packages/airflow/example_dags/example_params_ui_tutorial.py
[2026-03-16T16:32:41.507+0000] {processor.py:830} INFO - Processing file /home/airflow/.local/lib/python3.12/site-packages/airflow/example_dags/example_params_ui_tutorial.py for tasks to queue
[2026-03-16T16:32:41.510+0000] {logging_mixin.py:188} INFO - [2026-03-16T16:32:41.510+0000] {dagbag.py:545} INFO - Filling up the DagBag from /home/airflow/.local/lib/python3.12/site-packages/airflow/example_dags/example_params_ui_tutorial.py
[2026-03-16T16:32:41.524+0000] {processor.py:840} INFO - DAG(s) 'example_params_ui_tutorial' retrieved from /home/airflow/.local/lib/python3.12/site-packages/airflow/example_dags/example_params_ui_tutorial.py
[2026-03-16T16:32:41.605+0000] {logging_mixin.py:188} INFO - [2026-03-16T16:32:41.604+0000] {dag.py:3096} INFO - Sync 1 DAGs
[2026-03-16T16:32:41.624+0000] {logging_mixin.py:188} INFO - [2026-03-16T16:32:41.624+0000] {dag.py:3954} INFO - Setting next_dagrun for example_params_ui_tutorial to None, run_after=None
[2026-03-16T16:32:41.656+0000] {processor.py:183} INFO - Processing /home/airflow/.local/lib/python3.12/site-packages/airflow/example_dags/example_params_ui_tutorial.py took 0.157 seconds
[2026-03-16T16:33:12.068+0000] {processor.py:161} INFO - Started process (PID=3947) to work on /home/airflow/.local/lib/python3.12/site-packages/airflow/example_dags/example_params_ui_tutorial.py
[2026-03-16T16:33:12.070+0000] {processor.py:830} INFO - Processing file /home/airflow/.local/lib/python3.12/site-packages/airflow/example_dags/example_params_ui_tutorial.py for tasks to queue
[2026-03-16T16:33:12.073+0000] {logging_mixin.py:188} INFO - [2026-03-16T16:33:12.072+0000] {dagbag.py:545} INFO - Filling up the DagBag from /home/airflow/.local/lib/python3.12/site-packages/airflow/example_dags/example_params_ui_tutorial.py
[2026-03-16T16:33:12.090+0000] {processor.py:840} INFO - DAG(s) 'example_params_ui_tutorial' retrieved from /home/airflow/.local/lib/python3.12/site-packages/airflow/example_dags/example_params_ui_tutorial.py
[2026-03-16T16:33:12.162+0000] {logging_mixin.py:188} INFO - [2026-03-16T16:33:12.161+0000] {dag.py:3096} INFO - Sync 1 DAGs
[2026-03-16T16:33:12.182+0000] {logging_mixin.py:188} INFO - [2026-03-16T16:33:12.182+0000] {dag.py:3954} INFO - Setting next_dagrun for example_params_ui_tutorial to None, run_after=None
[2026-03-16T16:33:12.216+0000] {processor.py:183} INFO - Processing /home/airflow/.local/lib/python3.12/site-packages/airflow/example_dags/example_params_ui_tutorial.py took 0.158 seconds
[2026-03-16T16:33:42.641+0000] {processor.py:161} INFO - Started process (PID=4006) to work on /home/airflow/.local/lib/python3.12/site-packages/airflow/example_dags/example_params_ui_tutorial.py
[2026-03-16T16:33:42.643+0000] {processor.py:830} INFO - Processing file /home/airflow/.local/lib/python3.12/site-packages/airflow/example_dags/example_params_ui_tutorial.py for tasks to queue
[2026-03-16T16:33:42.649+0000] {logging_mixin.py:188} INFO - [2026-03-16T16:33:42.648+0000] {dagbag.py:545} INFO - Filling up the DagBag from /home/airflow/.local/lib/python3.12/site-packages/airflow/example_dags/example_params_ui_tutorial.py
[2026-03-16T16:33:42.700+0000] {processor.py:840} INFO - DAG(s) 'example_params_ui_tutorial' retrieved from /home/airflow/.local/lib/python3.12/site-packages/airflow/example_dags/example_params_ui_tutorial.py
[2026-03-16T16:33:42.927+0000] {logging_mixin.py:188} INFO - [2026-03-16T16:33:42.926+0000] {dag.py:3096} INFO - Sync 1 DAGs
[2026-03-16T16:33:42.998+0000] {logging_mixin.py:188} INFO - [2026-03-16T16:33:42.998+0000] {dag.py:3954} INFO - Setting next_dagrun for example_params_ui_tutorial to None, run_after=None
[2026-03-16T16:33:43.062+0000] {processor.py:183} INFO - Processing /home/airflow/.local/lib/python3.12/site-packages/airflow/example_dags/example_params_ui_tutorial.py took 0.457 seconds
[2026-03-16T16:34:13.275+0000] {processor.py:161} INFO - Started process (PID=4065) to work on /home/airflow/.local/lib/python3.12/site-packages/airflow/example_dags/example_params_ui_tutorial.py
[2026-03-16T16:34:13.276+0000] {processor.py:830} INFO - Processing file /home/airflow/.local/lib/python3.12/site-packages/airflow/example_dags/example_params_ui_tutorial.py for tasks to queue
[2026-03-16T16:34:13.280+0000] {logging_mixin.py:188} INFO - [2026-03-16T16:34:13.279+0000] {dagbag.py:545} INFO - Filling up the DagBag from /home/airflow/.local/lib/python3.12/site-packages/airflow/example_dags/example_params_ui_tutorial.py
[2026-03-16T16:34:13.299+0000] {processor.py:840} INFO - DAG(s) 'example_params_ui_tutorial' retrieved from /home/airflow/.local/lib/python3.12/site-packages/airflow/example_dags/example_params_ui_tutorial.py
[2026-03-16T16:34:13.385+0000] {logging_mixin.py:188} INFO - [2026-03-16T16:34:13.385+0000] {dag.py:3096} INFO - Sync 1 DAGs
[2026-03-16T16:34:13.406+0000] {logging_mixin.py:188} INFO - [2026-03-16T16:34:13.405+0000] {dag.py:3954} INFO - Setting next_dagrun for example_params_ui_tutorial to None, run_after=None
[2026-03-16T16:34:13.456+0000] {processor.py:183} INFO - Processing /home/airflow/.local/lib/python3.12/site-packages/airflow/example_dags/example_params_ui_tutorial.py took 0.190 seconds
[2026-03-16T16:34:43.571+0000] {processor.py:161} INFO - Started process (PID=4122) to work on /home/airflow/.local/lib/python3.12/site-packages/airflow/example_dags/example_params_ui_tutorial.py
[2026-03-16T16:34:43.573+0000] {processor.py:830} INFO - Processing file /home/airflow/.local/lib/python3.12/site-packages/airflow/example_dags/example_params_ui_tutorial.py for tasks to queue
[2026-03-16T16:34:43.576+0000] {logging_mixin.py:188} INFO - [2026-03-16T16:34:43.575+0000] {dagbag.py:545} INFO - Filling up the DagBag from /home/airflow/.local/lib/python3.12/site-packages/airflow/example_dags/example_params_ui_tutorial.py
[2026-03-16T16:34:43.592+0000] {processor.py:840} INFO - DAG(s) 'example_params_ui_tutorial' retrieved from /home/airflow/.local/lib/python3.12/site-packages/airflow/example_dags/example_params_ui_tutorial.py
[2026-03-16T16:34:43.653+0000] {logging_mixin.py:188} INFO - [2026-03-16T16:34:43.653+0000] {dag.py:3096} INFO - Sync 1 DAGs
[2026-03-16T16:34:43.673+0000] {logging_mixin.py:188} INFO - [2026-03-16T16:34:43.672+0000] {dag.py:3954} INFO - Setting next_dagrun for example_params_ui_tutorial to None, run_after=None
[2026-03-16T16:34:43.702+0000] {processor.py:183} INFO - Processing /home/airflow/.local/lib/python3.12/site-packages/airflow/example_dags/example_params_ui_tutorial.py took 0.139 seconds
[2026-03-16T16:35:14.108+0000] {processor.py:161} INFO - Started process (PID=4181) to work on /home/airflow/.local/lib/python3.12/site-packages/airflow/example_dags/example_params_ui_tutorial.py
[2026-03-16T16:35:14.109+0000] {processor.py:830} INFO - Processing file /home/airflow/.local/lib/python3.12/site-packages/airflow/example_dags/example_params_ui_tutorial.py for tasks to queue
[2026-03-16T16:35:14.112+0000] {logging_mixin.py:188} INFO - [2026-03-16T16:35:14.112+0000] {dagbag.py:545} INFO - Filling up the DagBag from /home/airflow/.local/lib/python3.12/site-packages/airflow/example_dags/example_params_ui_tutorial.py
[2026-03-16T16:35:14.128+0000] {processor.py:840} INFO - DAG(s) 'example_params_ui_tutorial' retrieved from /home/airflow/.local/lib/python3.12/site-packages/airflow/example_dags/example_params_ui_tutorial.py
[2026-03-16T16:35:14.196+0000] {logging_mixin.py:188} INFO - [2026-03-16T16:35:14.195+0000] {dag.py:3096} INFO - Sync 1 DAGs
[2026-03-16T16:35:14.216+0000] {logging_mixin.py:188} INFO - [2026-03-16T16:35:14.215+0000] {dag.py:3954} INFO - Setting next_dagrun for example_params_ui_tutorial to None, run_after=None
[2026-03-16T16:35:14.246+0000] {processor.py:183} INFO - Processing /home/airflow/.local/lib/python3.12/site-packages/airflow/example_dags/example_params_ui_tutorial.py took 0.146 seconds
[2026-03-16T16:35:44.748+0000] {processor.py:161} INFO - Started process (PID=4246) to work on /home/airflow/.local/lib/python3.12/site-packages/airflow/example_dags/example_params_ui_tutorial.py
[2026-03-16T16:35:44.749+0000] {processor.py:830} INFO - Processing file /home/airflow/.local/lib/python3.12/site-packages/airflow/example_dags/example_params_ui_tutorial.py for tasks to queue
[2026-03-16T16:35:44.752+0000] {logging_mixin.py:188} INFO - [2026-03-16T16:35:44.751+0000] {dagbag.py:545} INFO - Filling up the DagBag from /home/airflow/.local/lib/python3.12/site-packages/airflow/example_dags/example_params_ui_tutorial.py
[2026-03-16T16:35:44.769+0000] {processor.py:840} INFO - DAG(s) 'example_params_ui_tutorial' retrieved from /home/airflow/.local/lib/python3.12/site-packages/airflow/example_dags/example_params_ui_tutorial.py
[2026-03-16T16:35:44.835+0000] {logging_mixin.py:188} INFO - [2026-03-16T16:35:44.835+0000] {dag.py:3096} INFO - Sync 1 DAGs
[2026-03-16T16:35:44.852+0000] {logging_mixin.py:188} INFO - [2026-03-16T16:35:44.851+0000] {dag.py:3954} INFO - Setting next_dagrun for example_params_ui_tutorial to None, run_after=None
[2026-03-16T16:35:44.885+0000] {processor.py:183} INFO - Processing /home/airflow/.local/lib/python3.12/site-packages/airflow/example_dags/example_params_ui_tutorial.py took 0.145 seconds
[2026-03-16T16:36:15.612+0000] {processor.py:161} INFO - Started process (PID=4305) to work on /home/airflow/.local/lib/python3.12/site-packages/airflow/example_dags/example_params_ui_tutorial.py
[2026-03-16T16:36:15.614+0000] {processor.py:830} INFO - Processing file /home/airflow/.local/lib/python3.12/site-packages/airflow/example_dags/example_params_ui_tutorial.py for tasks to queue
[2026-03-16T16:36:15.616+0000] {logging_mixin.py:188} INFO - [2026-03-16T16:36:15.616+0000] {dagbag.py:545} INFO - Filling up the DagBag from /home/airflow/.local/lib/python3.12/site-packages/airflow/example_dags/example_params_ui_tutorial.py
[2026-03-16T16:36:15.629+0000] {processor.py:840} INFO - DAG(s) 'example_params_ui_tutorial' retrieved from /home/airflow/.local/lib/python3.12/site-packages/airflow/example_dags/example_params_ui_tutorial.py
[2026-03-16T16:36:15.730+0000] {logging_mixin.py:188} INFO - [2026-03-16T16:36:15.729+0000] {dag.py:3096} INFO - Sync 1 DAGs
[2026-03-16T16:36:15.747+0000] {logging_mixin.py:188} INFO - [2026-03-16T16:36:15.747+0000] {dag.py:3954} INFO - Setting next_dagrun for example_params_ui_tutorial to None, run_after=None
[2026-03-16T16:36:15.779+0000] {processor.py:183} INFO - Processing /home/airflow/.local/lib/python3.12/site-packages/airflow/example_dags/example_params_ui_tutorial.py took 0.174 seconds
