[2026-03-16T15:59:42.618+0000] {processor.py:161} INFO - Started process (PID=92) to work on /home/airflow/.local/lib/python3.12/site-packages/airflow/example_dags/example_bash_operator.py
[2026-03-16T15:59:42.620+0000] {processor.py:830} INFO - Processing file /home/airflow/.local/lib/python3.12/site-packages/airflow/example_dags/example_bash_operator.py for tasks to queue
[2026-03-16T15:59:42.625+0000] {logging_mixin.py:188} INFO - [2026-03-16T15:59:42.625+0000] {dagbag.py:545} INFO - Filling up the DagBag from /home/airflow/.local/lib/python3.12/site-packages/airflow/example_dags/example_bash_operator.py
[2026-03-16T15:59:42.648+0000] {processor.py:840} INFO - DAG(s) 'example_bash_operator' retrieved from /home/airflow/.local/lib/python3.12/site-packages/airflow/example_dags/example_bash_operator.py
[2026-03-16T15:59:42.826+0000] {logging_mixin.py:188} INFO - [2026-03-16T15:59:42.825+0000] {dag.py:3096} INFO - Sync 1 DAGs
[2026-03-16T15:59:42.860+0000] {logging_mixin.py:188} INFO - [2026-03-16T15:59:42.859+0000] {dag.py:3954} INFO - Setting next_dagrun for example_bash_operator to 2026-03-15 00:00:00+00:00, run_after=2026-03-16 00:00:00+00:00
[2026-03-16T15:59:42.898+0000] {processor.py:183} INFO - Processing /home/airflow/.local/lib/python3.12/site-packages/airflow/example_dags/example_bash_operator.py took 0.290 seconds
[2026-03-16T16:00:13.459+0000] {processor.py:161} INFO - Started process (PID=151) to work on /home/airflow/.local/lib/python3.12/site-packages/airflow/example_dags/example_bash_operator.py
[2026-03-16T16:00:13.461+0000] {processor.py:830} INFO - Processing file /home/airflow/.local/lib/python3.12/site-packages/airflow/example_dags/example_bash_operator.py for tasks to queue
[2026-03-16T16:00:13.463+0000] {logging_mixin.py:188} INFO - [2026-03-16T16:00:13.463+0000] {dagbag.py:545} INFO - Filling up the DagBag from /home/airflow/.local/lib/python3.12/site-packages/airflow/example_dags/example_bash_operator.py
[2026-03-16T16:00:13.478+0000] {processor.py:840} INFO - DAG(s) 'example_bash_operator' retrieved from /home/airflow/.local/lib/python3.12/site-packages/airflow/example_dags/example_bash_operator.py
[2026-03-16T16:00:13.514+0000] {logging_mixin.py:188} INFO - [2026-03-16T16:00:13.514+0000] {dag.py:3096} INFO - Sync 1 DAGs
[2026-03-16T16:00:13.553+0000] {logging_mixin.py:188} INFO - [2026-03-16T16:00:13.552+0000] {dag.py:3954} INFO - Setting next_dagrun for example_bash_operator to 2026-03-15 00:00:00+00:00, run_after=2026-03-16 00:00:00+00:00
[2026-03-16T16:00:13.584+0000] {processor.py:183} INFO - Processing /home/airflow/.local/lib/python3.12/site-packages/airflow/example_dags/example_bash_operator.py took 0.132 seconds
[2026-03-16T16:00:44.776+0000] {processor.py:161} INFO - Started process (PID=210) to work on /home/airflow/.local/lib/python3.12/site-packages/airflow/example_dags/example_bash_operator.py
[2026-03-16T16:00:44.779+0000] {processor.py:830} INFO - Processing file /home/airflow/.local/lib/python3.12/site-packages/airflow/example_dags/example_bash_operator.py for tasks to queue
[2026-03-16T16:00:44.793+0000] {logging_mixin.py:188} INFO - [2026-03-16T16:00:44.783+0000] {dagbag.py:545} INFO - Filling up the DagBag from /home/airflow/.local/lib/python3.12/site-packages/airflow/example_dags/example_bash_operator.py
[2026-03-16T16:00:44.857+0000] {processor.py:840} INFO - DAG(s) 'example_bash_operator' retrieved from /home/airflow/.local/lib/python3.12/site-packages/airflow/example_dags/example_bash_operator.py
[2026-03-16T16:00:44.988+0000] {logging_mixin.py:188} INFO - [2026-03-16T16:00:44.988+0000] {dag.py:3096} INFO - Sync 1 DAGs
[2026-03-16T16:00:45.122+0000] {logging_mixin.py:188} INFO - [2026-03-16T16:00:45.121+0000] {dag.py:3954} INFO - Setting next_dagrun for example_bash_operator to 2026-03-15 00:00:00+00:00, run_after=2026-03-16 00:00:00+00:00
[2026-03-16T16:00:45.209+0000] {processor.py:183} INFO - Processing /home/airflow/.local/lib/python3.12/site-packages/airflow/example_dags/example_bash_operator.py took 0.459 seconds
[2026-03-16T16:01:16.001+0000] {processor.py:161} INFO - Started process (PID=269) to work on /home/airflow/.local/lib/python3.12/site-packages/airflow/example_dags/example_bash_operator.py
[2026-03-16T16:01:16.006+0000] {processor.py:830} INFO - Processing file /home/airflow/.local/lib/python3.12/site-packages/airflow/example_dags/example_bash_operator.py for tasks to queue
[2026-03-16T16:01:16.011+0000] {logging_mixin.py:188} INFO - [2026-03-16T16:01:16.010+0000] {dagbag.py:545} INFO - Filling up the DagBag from /home/airflow/.local/lib/python3.12/site-packages/airflow/example_dags/example_bash_operator.py
[2026-03-16T16:01:16.034+0000] {processor.py:840} INFO - DAG(s) 'example_bash_operator' retrieved from /home/airflow/.local/lib/python3.12/site-packages/airflow/example_dags/example_bash_operator.py
[2026-03-16T16:01:16.091+0000] {logging_mixin.py:188} INFO - [2026-03-16T16:01:16.091+0000] {dag.py:3096} INFO - Sync 1 DAGs
[2026-03-16T16:01:16.134+0000] {logging_mixin.py:188} INFO - [2026-03-16T16:01:16.133+0000] {dag.py:3954} INFO - Setting next_dagrun for example_bash_operator to 2026-03-15 00:00:00+00:00, run_after=2026-03-16 00:00:00+00:00
[2026-03-16T16:01:16.173+0000] {processor.py:183} INFO - Processing /home/airflow/.local/lib/python3.12/site-packages/airflow/example_dags/example_bash_operator.py took 0.181 seconds
[2026-03-16T16:01:46.600+0000] {processor.py:161} INFO - Started process (PID=328) to work on /home/airflow/.local/lib/python3.12/site-packages/airflow/example_dags/example_bash_operator.py
[2026-03-16T16:01:46.602+0000] {processor.py:830} INFO - Processing file /home/airflow/.local/lib/python3.12/site-packages/airflow/example_dags/example_bash_operator.py for tasks to queue
[2026-03-16T16:01:46.606+0000] {logging_mixin.py:188} INFO - [2026-03-16T16:01:46.606+0000] {dagbag.py:545} INFO - Filling up the DagBag from /home/airflow/.local/lib/python3.12/site-packages/airflow/example_dags/example_bash_operator.py
[2026-03-16T16:01:46.631+0000] {processor.py:840} INFO - DAG(s) 'example_bash_operator' retrieved from /home/airflow/.local/lib/python3.12/site-packages/airflow/example_dags/example_bash_operator.py
[2026-03-16T16:01:46.679+0000] {logging_mixin.py:188} INFO - [2026-03-16T16:01:46.678+0000] {dag.py:3096} INFO - Sync 1 DAGs
[2026-03-16T16:01:46.720+0000] {logging_mixin.py:188} INFO - [2026-03-16T16:01:46.720+0000] {dag.py:3954} INFO - Setting next_dagrun for example_bash_operator to 2026-03-15 00:00:00+00:00, run_after=2026-03-16 00:00:00+00:00
[2026-03-16T16:01:46.754+0000] {processor.py:183} INFO - Processing /home/airflow/.local/lib/python3.12/site-packages/airflow/example_dags/example_bash_operator.py took 0.166 seconds
[2026-03-16T16:02:16.804+0000] {processor.py:161} INFO - Started process (PID=386) to work on /home/airflow/.local/lib/python3.12/site-packages/airflow/example_dags/example_bash_operator.py
[2026-03-16T16:02:16.806+0000] {processor.py:830} INFO - Processing file /home/airflow/.local/lib/python3.12/site-packages/airflow/example_dags/example_bash_operator.py for tasks to queue
[2026-03-16T16:02:16.808+0000] {logging_mixin.py:188} INFO - [2026-03-16T16:02:16.808+0000] {dagbag.py:545} INFO - Filling up the DagBag from /home/airflow/.local/lib/python3.12/site-packages/airflow/example_dags/example_bash_operator.py
[2026-03-16T16:02:16.822+0000] {processor.py:840} INFO - DAG(s) 'example_bash_operator' retrieved from /home/airflow/.local/lib/python3.12/site-packages/airflow/example_dags/example_bash_operator.py
[2026-03-16T16:02:16.853+0000] {logging_mixin.py:188} INFO - [2026-03-16T16:02:16.853+0000] {dag.py:3096} INFO - Sync 1 DAGs
[2026-03-16T16:02:16.877+0000] {logging_mixin.py:188} INFO - [2026-03-16T16:02:16.877+0000] {dag.py:3954} INFO - Setting next_dagrun for example_bash_operator to 2026-03-15 00:00:00+00:00, run_after=2026-03-16 00:00:00+00:00
[2026-03-16T16:02:16.904+0000] {processor.py:183} INFO - Processing /home/airflow/.local/lib/python3.12/site-packages/airflow/example_dags/example_bash_operator.py took 0.108 seconds
[2026-03-16T16:02:47.534+0000] {processor.py:161} INFO - Started process (PID=445) to work on /home/airflow/.local/lib/python3.12/site-packages/airflow/example_dags/example_bash_operator.py
[2026-03-16T16:02:47.536+0000] {processor.py:830} INFO - Processing file /home/airflow/.local/lib/python3.12/site-packages/airflow/example_dags/example_bash_operator.py for tasks to queue
[2026-03-16T16:02:47.538+0000] {logging_mixin.py:188} INFO - [2026-03-16T16:02:47.538+0000] {dagbag.py:545} INFO - Filling up the DagBag from /home/airflow/.local/lib/python3.12/site-packages/airflow/example_dags/example_bash_operator.py
[2026-03-16T16:02:47.551+0000] {processor.py:840} INFO - DAG(s) 'example_bash_operator' retrieved from /home/airflow/.local/lib/python3.12/site-packages/airflow/example_dags/example_bash_operator.py
[2026-03-16T16:02:47.582+0000] {logging_mixin.py:188} INFO - [2026-03-16T16:02:47.582+0000] {dag.py:3096} INFO - Sync 1 DAGs
[2026-03-16T16:02:47.608+0000] {logging_mixin.py:188} INFO - [2026-03-16T16:02:47.608+0000] {dag.py:3954} INFO - Setting next_dagrun for example_bash_operator to 2026-03-15 00:00:00+00:00, run_after=2026-03-16 00:00:00+00:00
[2026-03-16T16:02:47.641+0000] {processor.py:183} INFO - Processing /home/airflow/.local/lib/python3.12/site-packages/airflow/example_dags/example_bash_operator.py took 0.114 seconds
[2026-03-16T16:03:17.745+0000] {processor.py:161} INFO - Started process (PID=504) to work on /home/airflow/.local/lib/python3.12/site-packages/airflow/example_dags/example_bash_operator.py
[2026-03-16T16:03:17.746+0000] {processor.py:830} INFO - Processing file /home/airflow/.local/lib/python3.12/site-packages/airflow/example_dags/example_bash_operator.py for tasks to queue
[2026-03-16T16:03:17.749+0000] {logging_mixin.py:188} INFO - [2026-03-16T16:03:17.748+0000] {dagbag.py:545} INFO - Filling up the DagBag from /home/airflow/.local/lib/python3.12/site-packages/airflow/example_dags/example_bash_operator.py
[2026-03-16T16:03:17.762+0000] {processor.py:840} INFO - DAG(s) 'example_bash_operator' retrieved from /home/airflow/.local/lib/python3.12/site-packages/airflow/example_dags/example_bash_operator.py
[2026-03-16T16:03:17.808+0000] {logging_mixin.py:188} INFO - [2026-03-16T16:03:17.807+0000] {dag.py:3096} INFO - Sync 1 DAGs
[2026-03-16T16:03:17.867+0000] {logging_mixin.py:188} INFO - [2026-03-16T16:03:17.867+0000] {dag.py:3954} INFO - Setting next_dagrun for example_bash_operator to 2026-03-15 00:00:00+00:00, run_after=2026-03-16 00:00:00+00:00
[2026-03-16T16:03:17.930+0000] {processor.py:183} INFO - Processing /home/airflow/.local/lib/python3.12/site-packages/airflow/example_dags/example_bash_operator.py took 0.191 seconds
[2026-03-16T16:03:48.311+0000] {processor.py:161} INFO - Started process (PID=563) to work on /home/airflow/.local/lib/python3.12/site-packages/airflow/example_dags/example_bash_operator.py
[2026-03-16T16:03:48.313+0000] {processor.py:830} INFO - Processing file /home/airflow/.local/lib/python3.12/site-packages/airflow/example_dags/example_bash_operator.py for tasks to queue
[2026-03-16T16:03:48.316+0000] {logging_mixin.py:188} INFO - [2026-03-16T16:03:48.316+0000] {dagbag.py:545} INFO - Filling up the DagBag from /home/airflow/.local/lib/python3.12/site-packages/airflow/example_dags/example_bash_operator.py
[2026-03-16T16:03:48.330+0000] {processor.py:840} INFO - DAG(s) 'example_bash_operator' retrieved from /home/airflow/.local/lib/python3.12/site-packages/airflow/example_dags/example_bash_operator.py
[2026-03-16T16:03:48.360+0000] {logging_mixin.py:188} INFO - [2026-03-16T16:03:48.360+0000] {dag.py:3096} INFO - Sync 1 DAGs
[2026-03-16T16:03:48.385+0000] {logging_mixin.py:188} INFO - [2026-03-16T16:03:48.384+0000] {dag.py:3954} INFO - Setting next_dagrun for example_bash_operator to 2026-03-15 00:00:00+00:00, run_after=2026-03-16 00:00:00+00:00
[2026-03-16T16:03:48.409+0000] {processor.py:183} INFO - Processing /home/airflow/.local/lib/python3.12/site-packages/airflow/example_dags/example_bash_operator.py took 0.105 seconds
[2026-03-16T16:04:19.121+0000] {processor.py:161} INFO - Started process (PID=622) to work on /home/airflow/.local/lib/python3.12/site-packages/airflow/example_dags/example_bash_operator.py
[2026-03-16T16:04:19.122+0000] {processor.py:830} INFO - Processing file /home/airflow/.local/lib/python3.12/site-packages/airflow/example_dags/example_bash_operator.py for tasks to queue
[2026-03-16T16:04:19.124+0000] {logging_mixin.py:188} INFO - [2026-03-16T16:04:19.124+0000] {dagbag.py:545} INFO - Filling up the DagBag from /home/airflow/.local/lib/python3.12/site-packages/airflow/example_dags/example_bash_operator.py
[2026-03-16T16:04:19.142+0000] {processor.py:840} INFO - DAG(s) 'example_bash_operator' retrieved from /home/airflow/.local/lib/python3.12/site-packages/airflow/example_dags/example_bash_operator.py
[2026-03-16T16:04:19.174+0000] {logging_mixin.py:188} INFO - [2026-03-16T16:04:19.174+0000] {dag.py:3096} INFO - Sync 1 DAGs
[2026-03-16T16:04:19.206+0000] {logging_mixin.py:188} INFO - [2026-03-16T16:04:19.206+0000] {dag.py:3954} INFO - Setting next_dagrun for example_bash_operator to 2026-03-15 00:00:00+00:00, run_after=2026-03-16 00:00:00+00:00
[2026-03-16T16:04:19.274+0000] {processor.py:183} INFO - Processing /home/airflow/.local/lib/python3.12/site-packages/airflow/example_dags/example_bash_operator.py took 0.159 seconds
[2026-03-16T16:04:49.354+0000] {processor.py:161} INFO - Started process (PID=681) to work on /home/airflow/.local/lib/python3.12/site-packages/airflow/example_dags/example_bash_operator.py
[2026-03-16T16:04:49.357+0000] {processor.py:830} INFO - Processing file /home/airflow/.local/lib/python3.12/site-packages/airflow/example_dags/example_bash_operator.py for tasks to queue
[2026-03-16T16:04:49.360+0000] {logging_mixin.py:188} INFO - [2026-03-16T16:04:49.360+0000] {dagbag.py:545} INFO - Filling up the DagBag from /home/airflow/.local/lib/python3.12/site-packages/airflow/example_dags/example_bash_operator.py
[2026-03-16T16:04:49.382+0000] {processor.py:840} INFO - DAG(s) 'example_bash_operator' retrieved from /home/airflow/.local/lib/python3.12/site-packages/airflow/example_dags/example_bash_operator.py
[2026-03-16T16:04:49.444+0000] {logging_mixin.py:188} INFO - [2026-03-16T16:04:49.444+0000] {dag.py:3096} INFO - Sync 1 DAGs
[2026-03-16T16:04:49.488+0000] {logging_mixin.py:188} INFO - [2026-03-16T16:04:49.487+0000] {dag.py:3954} INFO - Setting next_dagrun for example_bash_operator to 2026-03-15 00:00:00+00:00, run_after=2026-03-16 00:00:00+00:00
[2026-03-16T16:04:49.526+0000] {processor.py:183} INFO - Processing /home/airflow/.local/lib/python3.12/site-packages/airflow/example_dags/example_bash_operator.py took 0.187 seconds
[2026-03-16T16:05:20.404+0000] {processor.py:161} INFO - Started process (PID=740) to work on /home/airflow/.local/lib/python3.12/site-packages/airflow/example_dags/example_bash_operator.py
[2026-03-16T16:05:20.405+0000] {processor.py:830} INFO - Processing file /home/airflow/.local/lib/python3.12/site-packages/airflow/example_dags/example_bash_operator.py for tasks to queue
[2026-03-16T16:05:20.408+0000] {logging_mixin.py:188} INFO - [2026-03-16T16:05:20.408+0000] {dagbag.py:545} INFO - Filling up the DagBag from /home/airflow/.local/lib/python3.12/site-packages/airflow/example_dags/example_bash_operator.py
[2026-03-16T16:05:20.422+0000] {processor.py:840} INFO - DAG(s) 'example_bash_operator' retrieved from /home/airflow/.local/lib/python3.12/site-packages/airflow/example_dags/example_bash_operator.py
[2026-03-16T16:05:20.452+0000] {logging_mixin.py:188} INFO - [2026-03-16T16:05:20.452+0000] {dag.py:3096} INFO - Sync 1 DAGs
[2026-03-16T16:05:20.477+0000] {logging_mixin.py:188} INFO - [2026-03-16T16:05:20.477+0000] {dag.py:3954} INFO - Setting next_dagrun for example_bash_operator to 2026-03-15 00:00:00+00:00, run_after=2026-03-16 00:00:00+00:00
[2026-03-16T16:05:20.533+0000] {processor.py:183} INFO - Processing /home/airflow/.local/lib/python3.12/site-packages/airflow/example_dags/example_bash_operator.py took 0.137 seconds
[2026-03-16T16:05:51.134+0000] {processor.py:161} INFO - Started process (PID=799) to work on /home/airflow/.local/lib/python3.12/site-packages/airflow/example_dags/example_bash_operator.py
[2026-03-16T16:05:51.135+0000] {processor.py:830} INFO - Processing file /home/airflow/.local/lib/python3.12/site-packages/airflow/example_dags/example_bash_operator.py for tasks to queue
[2026-03-16T16:05:51.139+0000] {logging_mixin.py:188} INFO - [2026-03-16T16:05:51.138+0000] {dagbag.py:545} INFO - Filling up the DagBag from /home/airflow/.local/lib/python3.12/site-packages/airflow/example_dags/example_bash_operator.py
[2026-03-16T16:05:51.152+0000] {processor.py:840} INFO - DAG(s) 'example_bash_operator' retrieved from /home/airflow/.local/lib/python3.12/site-packages/airflow/example_dags/example_bash_operator.py
[2026-03-16T16:05:51.212+0000] {logging_mixin.py:188} INFO - [2026-03-16T16:05:51.211+0000] {dag.py:3096} INFO - Sync 1 DAGs
[2026-03-16T16:05:51.248+0000] {logging_mixin.py:188} INFO - [2026-03-16T16:05:51.247+0000] {dag.py:3954} INFO - Setting next_dagrun for example_bash_operator to 2026-03-15 00:00:00+00:00, run_after=2026-03-16 00:00:00+00:00
[2026-03-16T16:05:51.278+0000] {processor.py:183} INFO - Processing /home/airflow/.local/lib/python3.12/site-packages/airflow/example_dags/example_bash_operator.py took 0.152 seconds
[2026-03-16T16:06:22.105+0000] {processor.py:161} INFO - Started process (PID=858) to work on /home/airflow/.local/lib/python3.12/site-packages/airflow/example_dags/example_bash_operator.py
[2026-03-16T16:06:22.107+0000] {processor.py:830} INFO - Processing file /home/airflow/.local/lib/python3.12/site-packages/airflow/example_dags/example_bash_operator.py for tasks to queue
[2026-03-16T16:06:22.109+0000] {logging_mixin.py:188} INFO - [2026-03-16T16:06:22.109+0000] {dagbag.py:545} INFO - Filling up the DagBag from /home/airflow/.local/lib/python3.12/site-packages/airflow/example_dags/example_bash_operator.py
[2026-03-16T16:06:22.122+0000] {processor.py:840} INFO - DAG(s) 'example_bash_operator' retrieved from /home/airflow/.local/lib/python3.12/site-packages/airflow/example_dags/example_bash_operator.py
[2026-03-16T16:06:22.154+0000] {logging_mixin.py:188} INFO - [2026-03-16T16:06:22.153+0000] {dag.py:3096} INFO - Sync 1 DAGs
[2026-03-16T16:06:22.183+0000] {logging_mixin.py:188} INFO - [2026-03-16T16:06:22.183+0000] {dag.py:3954} INFO - Setting next_dagrun for example_bash_operator to 2026-03-15 00:00:00+00:00, run_after=2026-03-16 00:00:00+00:00
[2026-03-16T16:06:22.251+0000] {processor.py:183} INFO - Processing /home/airflow/.local/lib/python3.12/site-packages/airflow/example_dags/example_bash_operator.py took 0.154 seconds
[2026-03-16T16:06:52.495+0000] {processor.py:161} INFO - Started process (PID=918) to work on /home/airflow/.local/lib/python3.12/site-packages/airflow/example_dags/example_bash_operator.py
[2026-03-16T16:06:52.497+0000] {processor.py:830} INFO - Processing file /home/airflow/.local/lib/python3.12/site-packages/airflow/example_dags/example_bash_operator.py for tasks to queue
[2026-03-16T16:06:52.499+0000] {logging_mixin.py:188} INFO - [2026-03-16T16:06:52.499+0000] {dagbag.py:545} INFO - Filling up the DagBag from /home/airflow/.local/lib/python3.12/site-packages/airflow/example_dags/example_bash_operator.py
[2026-03-16T16:06:52.511+0000] {processor.py:840} INFO - DAG(s) 'example_bash_operator' retrieved from /home/airflow/.local/lib/python3.12/site-packages/airflow/example_dags/example_bash_operator.py
[2026-03-16T16:06:52.549+0000] {logging_mixin.py:188} INFO - [2026-03-16T16:06:52.549+0000] {dag.py:3096} INFO - Sync 1 DAGs
[2026-03-16T16:06:52.579+0000] {logging_mixin.py:188} INFO - [2026-03-16T16:06:52.579+0000] {dag.py:3954} INFO - Setting next_dagrun for example_bash_operator to 2026-03-15 00:00:00+00:00, run_after=2026-03-16 00:00:00+00:00
[2026-03-16T16:06:52.606+0000] {processor.py:183} INFO - Processing /home/airflow/.local/lib/python3.12/site-packages/airflow/example_dags/example_bash_operator.py took 0.116 seconds
[2026-03-16T16:07:22.863+0000] {processor.py:161} INFO - Started process (PID=977) to work on /home/airflow/.local/lib/python3.12/site-packages/airflow/example_dags/example_bash_operator.py
[2026-03-16T16:07:22.864+0000] {processor.py:830} INFO - Processing file /home/airflow/.local/lib/python3.12/site-packages/airflow/example_dags/example_bash_operator.py for tasks to queue
[2026-03-16T16:07:22.866+0000] {logging_mixin.py:188} INFO - [2026-03-16T16:07:22.866+0000] {dagbag.py:545} INFO - Filling up the DagBag from /home/airflow/.local/lib/python3.12/site-packages/airflow/example_dags/example_bash_operator.py
[2026-03-16T16:07:22.882+0000] {processor.py:840} INFO - DAG(s) 'example_bash_operator' retrieved from /home/airflow/.local/lib/python3.12/site-packages/airflow/example_dags/example_bash_operator.py
[2026-03-16T16:07:22.920+0000] {logging_mixin.py:188} INFO - [2026-03-16T16:07:22.920+0000] {dag.py:3096} INFO - Sync 1 DAGs
[2026-03-16T16:07:22.961+0000] {logging_mixin.py:188} INFO - [2026-03-16T16:07:22.961+0000] {dag.py:3954} INFO - Setting next_dagrun for example_bash_operator to 2026-03-15 00:00:00+00:00, run_after=2026-03-16 00:00:00+00:00
[2026-03-16T16:07:22.995+0000] {processor.py:183} INFO - Processing /home/airflow/.local/lib/python3.12/site-packages/airflow/example_dags/example_bash_operator.py took 0.139 seconds
[2026-03-16T16:07:53.179+0000] {processor.py:161} INFO - Started process (PID=1037) to work on /home/airflow/.local/lib/python3.12/site-packages/airflow/example_dags/example_bash_operator.py
[2026-03-16T16:07:53.181+0000] {processor.py:830} INFO - Processing file /home/airflow/.local/lib/python3.12/site-packages/airflow/example_dags/example_bash_operator.py for tasks to queue
[2026-03-16T16:07:53.184+0000] {logging_mixin.py:188} INFO - [2026-03-16T16:07:53.184+0000] {dagbag.py:545} INFO - Filling up the DagBag from /home/airflow/.local/lib/python3.12/site-packages/airflow/example_dags/example_bash_operator.py
[2026-03-16T16:07:53.198+0000] {processor.py:840} INFO - DAG(s) 'example_bash_operator' retrieved from /home/airflow/.local/lib/python3.12/site-packages/airflow/example_dags/example_bash_operator.py
[2026-03-16T16:07:53.236+0000] {logging_mixin.py:188} INFO - [2026-03-16T16:07:53.236+0000] {dag.py:3096} INFO - Sync 1 DAGs
[2026-03-16T16:07:53.267+0000] {logging_mixin.py:188} INFO - [2026-03-16T16:07:53.266+0000] {dag.py:3954} INFO - Setting next_dagrun for example_bash_operator to 2026-03-15 00:00:00+00:00, run_after=2026-03-16 00:00:00+00:00
[2026-03-16T16:07:53.325+0000] {processor.py:183} INFO - Processing /home/airflow/.local/lib/python3.12/site-packages/airflow/example_dags/example_bash_operator.py took 0.154 seconds
[2026-03-16T16:08:24.214+0000] {processor.py:161} INFO - Started process (PID=1097) to work on /home/airflow/.local/lib/python3.12/site-packages/airflow/example_dags/example_bash_operator.py
[2026-03-16T16:08:24.216+0000] {processor.py:830} INFO - Processing file /home/airflow/.local/lib/python3.12/site-packages/airflow/example_dags/example_bash_operator.py for tasks to queue
[2026-03-16T16:08:24.221+0000] {logging_mixin.py:188} INFO - [2026-03-16T16:08:24.220+0000] {dagbag.py:545} INFO - Filling up the DagBag from /home/airflow/.local/lib/python3.12/site-packages/airflow/example_dags/example_bash_operator.py
[2026-03-16T16:08:24.237+0000] {processor.py:840} INFO - DAG(s) 'example_bash_operator' retrieved from /home/airflow/.local/lib/python3.12/site-packages/airflow/example_dags/example_bash_operator.py
[2026-03-16T16:08:24.288+0000] {logging_mixin.py:188} INFO - [2026-03-16T16:08:24.287+0000] {dag.py:3096} INFO - Sync 1 DAGs
[2026-03-16T16:08:24.327+0000] {logging_mixin.py:188} INFO - [2026-03-16T16:08:24.326+0000] {dag.py:3954} INFO - Setting next_dagrun for example_bash_operator to 2026-03-15 00:00:00+00:00, run_after=2026-03-16 00:00:00+00:00
[2026-03-16T16:08:24.355+0000] {processor.py:183} INFO - Processing /home/airflow/.local/lib/python3.12/site-packages/airflow/example_dags/example_bash_operator.py took 0.151 seconds
[2026-03-16T16:08:56.024+0000] {processor.py:161} INFO - Started process (PID=1156) to work on /home/airflow/.local/lib/python3.12/site-packages/airflow/example_dags/example_bash_operator.py
[2026-03-16T16:08:56.032+0000] {processor.py:830} INFO - Processing file /home/airflow/.local/lib/python3.12/site-packages/airflow/example_dags/example_bash_operator.py for tasks to queue
[2026-03-16T16:08:56.036+0000] {logging_mixin.py:188} INFO - [2026-03-16T16:08:56.035+0000] {dagbag.py:545} INFO - Filling up the DagBag from /home/airflow/.local/lib/python3.12/site-packages/airflow/example_dags/example_bash_operator.py
[2026-03-16T16:08:56.059+0000] {processor.py:840} INFO - DAG(s) 'example_bash_operator' retrieved from /home/airflow/.local/lib/python3.12/site-packages/airflow/example_dags/example_bash_operator.py
[2026-03-16T16:08:56.133+0000] {logging_mixin.py:188} INFO - [2026-03-16T16:08:56.132+0000] {dag.py:3096} INFO - Sync 1 DAGs
[2026-03-16T16:08:56.206+0000] {logging_mixin.py:188} INFO - [2026-03-16T16:08:56.206+0000] {dag.py:3954} INFO - Setting next_dagrun for example_bash_operator to 2026-03-15 00:00:00+00:00, run_after=2026-03-16 00:00:00+00:00
[2026-03-16T16:08:56.262+0000] {processor.py:183} INFO - Processing /home/airflow/.local/lib/python3.12/site-packages/airflow/example_dags/example_bash_operator.py took 0.266 seconds
[2026-03-16T16:09:28.781+0000] {processor.py:161} INFO - Started process (PID=1215) to work on /home/airflow/.local/lib/python3.12/site-packages/airflow/example_dags/example_bash_operator.py
[2026-03-16T16:09:28.783+0000] {processor.py:830} INFO - Processing file /home/airflow/.local/lib/python3.12/site-packages/airflow/example_dags/example_bash_operator.py for tasks to queue
[2026-03-16T16:09:28.787+0000] {logging_mixin.py:188} INFO - [2026-03-16T16:09:28.786+0000] {dagbag.py:545} INFO - Filling up the DagBag from /home/airflow/.local/lib/python3.12/site-packages/airflow/example_dags/example_bash_operator.py
[2026-03-16T16:09:28.846+0000] {processor.py:840} INFO - DAG(s) 'example_bash_operator' retrieved from /home/airflow/.local/lib/python3.12/site-packages/airflow/example_dags/example_bash_operator.py
[2026-03-16T16:09:28.914+0000] {logging_mixin.py:188} INFO - [2026-03-16T16:09:28.913+0000] {dag.py:3096} INFO - Sync 1 DAGs
[2026-03-16T16:09:29.123+0000] {logging_mixin.py:188} INFO - [2026-03-16T16:09:29.123+0000] {dag.py:3954} INFO - Setting next_dagrun for example_bash_operator to 2026-03-15 00:00:00+00:00, run_after=2026-03-16 00:00:00+00:00
[2026-03-16T16:09:29.152+0000] {processor.py:183} INFO - Processing /home/airflow/.local/lib/python3.12/site-packages/airflow/example_dags/example_bash_operator.py took 0.393 seconds
[2026-03-16T16:09:59.746+0000] {processor.py:161} INFO - Started process (PID=1274) to work on /home/airflow/.local/lib/python3.12/site-packages/airflow/example_dags/example_bash_operator.py
[2026-03-16T16:09:59.752+0000] {processor.py:830} INFO - Processing file /home/airflow/.local/lib/python3.12/site-packages/airflow/example_dags/example_bash_operator.py for tasks to queue
[2026-03-16T16:09:59.760+0000] {logging_mixin.py:188} INFO - [2026-03-16T16:09:59.760+0000] {dagbag.py:545} INFO - Filling up the DagBag from /home/airflow/.local/lib/python3.12/site-packages/airflow/example_dags/example_bash_operator.py
[2026-03-16T16:09:59.782+0000] {processor.py:840} INFO - DAG(s) 'example_bash_operator' retrieved from /home/airflow/.local/lib/python3.12/site-packages/airflow/example_dags/example_bash_operator.py
[2026-03-16T16:09:59.819+0000] {logging_mixin.py:188} INFO - [2026-03-16T16:09:59.819+0000] {dag.py:3096} INFO - Sync 1 DAGs
[2026-03-16T16:10:00.039+0000] {logging_mixin.py:188} INFO - [2026-03-16T16:10:00.038+0000] {dag.py:3954} INFO - Setting next_dagrun for example_bash_operator to 2026-03-15 00:00:00+00:00, run_after=2026-03-16 00:00:00+00:00
[2026-03-16T16:10:00.072+0000] {processor.py:183} INFO - Processing /home/airflow/.local/lib/python3.12/site-packages/airflow/example_dags/example_bash_operator.py took 0.344 seconds
[2026-03-16T16:10:30.919+0000] {processor.py:161} INFO - Started process (PID=1333) to work on /home/airflow/.local/lib/python3.12/site-packages/airflow/example_dags/example_bash_operator.py
[2026-03-16T16:10:30.921+0000] {processor.py:830} INFO - Processing file /home/airflow/.local/lib/python3.12/site-packages/airflow/example_dags/example_bash_operator.py for tasks to queue
[2026-03-16T16:10:30.925+0000] {logging_mixin.py:188} INFO - [2026-03-16T16:10:30.924+0000] {dagbag.py:545} INFO - Filling up the DagBag from /home/airflow/.local/lib/python3.12/site-packages/airflow/example_dags/example_bash_operator.py
[2026-03-16T16:10:30.947+0000] {processor.py:840} INFO - DAG(s) 'example_bash_operator' retrieved from /home/airflow/.local/lib/python3.12/site-packages/airflow/example_dags/example_bash_operator.py
[2026-03-16T16:10:30.994+0000] {logging_mixin.py:188} INFO - [2026-03-16T16:10:30.994+0000] {dag.py:3096} INFO - Sync 1 DAGs
[2026-03-16T16:10:31.038+0000] {logging_mixin.py:188} INFO - [2026-03-16T16:10:31.037+0000] {dag.py:3954} INFO - Setting next_dagrun for example_bash_operator to 2026-03-15 00:00:00+00:00, run_after=2026-03-16 00:00:00+00:00
[2026-03-16T16:10:31.070+0000] {processor.py:183} INFO - Processing /home/airflow/.local/lib/python3.12/site-packages/airflow/example_dags/example_bash_operator.py took 0.162 seconds
[2026-03-16T16:11:01.338+0000] {processor.py:161} INFO - Started process (PID=1392) to work on /home/airflow/.local/lib/python3.12/site-packages/airflow/example_dags/example_bash_operator.py
[2026-03-16T16:11:01.339+0000] {processor.py:830} INFO - Processing file /home/airflow/.local/lib/python3.12/site-packages/airflow/example_dags/example_bash_operator.py for tasks to queue
[2026-03-16T16:11:01.343+0000] {logging_mixin.py:188} INFO - [2026-03-16T16:11:01.343+0000] {dagbag.py:545} INFO - Filling up the DagBag from /home/airflow/.local/lib/python3.12/site-packages/airflow/example_dags/example_bash_operator.py
[2026-03-16T16:11:01.367+0000] {processor.py:840} INFO - DAG(s) 'example_bash_operator' retrieved from /home/airflow/.local/lib/python3.12/site-packages/airflow/example_dags/example_bash_operator.py
[2026-03-16T16:11:01.428+0000] {logging_mixin.py:188} INFO - [2026-03-16T16:11:01.428+0000] {dag.py:3096} INFO - Sync 1 DAGs
[2026-03-16T16:11:01.481+0000] {logging_mixin.py:188} INFO - [2026-03-16T16:11:01.481+0000] {dag.py:3954} INFO - Setting next_dagrun for example_bash_operator to 2026-03-15 00:00:00+00:00, run_after=2026-03-16 00:00:00+00:00
[2026-03-16T16:11:01.545+0000] {processor.py:183} INFO - Processing /home/airflow/.local/lib/python3.12/site-packages/airflow/example_dags/example_bash_operator.py took 0.218 seconds
[2026-03-16T16:11:32.156+0000] {processor.py:161} INFO - Started process (PID=1451) to work on /home/airflow/.local/lib/python3.12/site-packages/airflow/example_dags/example_bash_operator.py
[2026-03-16T16:11:32.158+0000] {processor.py:830} INFO - Processing file /home/airflow/.local/lib/python3.12/site-packages/airflow/example_dags/example_bash_operator.py for tasks to queue
[2026-03-16T16:11:32.166+0000] {logging_mixin.py:188} INFO - [2026-03-16T16:11:32.165+0000] {dagbag.py:545} INFO - Filling up the DagBag from /home/airflow/.local/lib/python3.12/site-packages/airflow/example_dags/example_bash_operator.py
[2026-03-16T16:11:32.186+0000] {processor.py:840} INFO - DAG(s) 'example_bash_operator' retrieved from /home/airflow/.local/lib/python3.12/site-packages/airflow/example_dags/example_bash_operator.py
[2026-03-16T16:11:32.234+0000] {logging_mixin.py:188} INFO - [2026-03-16T16:11:32.234+0000] {dag.py:3096} INFO - Sync 1 DAGs
[2026-03-16T16:11:32.281+0000] {logging_mixin.py:188} INFO - [2026-03-16T16:11:32.280+0000] {dag.py:3954} INFO - Setting next_dagrun for example_bash_operator to 2026-03-15 00:00:00+00:00, run_after=2026-03-16 00:00:00+00:00
[2026-03-16T16:11:32.317+0000] {processor.py:183} INFO - Processing /home/airflow/.local/lib/python3.12/site-packages/airflow/example_dags/example_bash_operator.py took 0.173 seconds
[2026-03-16T16:12:03.111+0000] {processor.py:161} INFO - Started process (PID=1510) to work on /home/airflow/.local/lib/python3.12/site-packages/airflow/example_dags/example_bash_operator.py
[2026-03-16T16:12:03.112+0000] {processor.py:830} INFO - Processing file /home/airflow/.local/lib/python3.12/site-packages/airflow/example_dags/example_bash_operator.py for tasks to queue
[2026-03-16T16:12:03.116+0000] {logging_mixin.py:188} INFO - [2026-03-16T16:12:03.115+0000] {dagbag.py:545} INFO - Filling up the DagBag from /home/airflow/.local/lib/python3.12/site-packages/airflow/example_dags/example_bash_operator.py
[2026-03-16T16:12:03.131+0000] {processor.py:840} INFO - DAG(s) 'example_bash_operator' retrieved from /home/airflow/.local/lib/python3.12/site-packages/airflow/example_dags/example_bash_operator.py
[2026-03-16T16:12:03.174+0000] {logging_mixin.py:188} INFO - [2026-03-16T16:12:03.173+0000] {dag.py:3096} INFO - Sync 1 DAGs
[2026-03-16T16:12:03.212+0000] {logging_mixin.py:188} INFO - [2026-03-16T16:12:03.212+0000] {dag.py:3954} INFO - Setting next_dagrun for example_bash_operator to 2026-03-15 00:00:00+00:00, run_after=2026-03-16 00:00:00+00:00
[2026-03-16T16:12:03.248+0000] {processor.py:183} INFO - Processing /home/airflow/.local/lib/python3.12/site-packages/airflow/example_dags/example_bash_operator.py took 0.145 seconds
[2026-03-16T16:12:33.752+0000] {processor.py:161} INFO - Started process (PID=1569) to work on /home/airflow/.local/lib/python3.12/site-packages/airflow/example_dags/example_bash_operator.py
[2026-03-16T16:12:33.755+0000] {processor.py:830} INFO - Processing file /home/airflow/.local/lib/python3.12/site-packages/airflow/example_dags/example_bash_operator.py for tasks to queue
[2026-03-16T16:12:33.758+0000] {logging_mixin.py:188} INFO - [2026-03-16T16:12:33.758+0000] {dagbag.py:545} INFO - Filling up the DagBag from /home/airflow/.local/lib/python3.12/site-packages/airflow/example_dags/example_bash_operator.py
[2026-03-16T16:12:33.781+0000] {processor.py:840} INFO - DAG(s) 'example_bash_operator' retrieved from /home/airflow/.local/lib/python3.12/site-packages/airflow/example_dags/example_bash_operator.py
[2026-03-16T16:12:33.824+0000] {logging_mixin.py:188} INFO - [2026-03-16T16:12:33.823+0000] {dag.py:3096} INFO - Sync 1 DAGs
[2026-03-16T16:12:33.864+0000] {logging_mixin.py:188} INFO - [2026-03-16T16:12:33.863+0000] {dag.py:3954} INFO - Setting next_dagrun for example_bash_operator to 2026-03-15 00:00:00+00:00, run_after=2026-03-16 00:00:00+00:00
[2026-03-16T16:12:33.890+0000] {processor.py:183} INFO - Processing /home/airflow/.local/lib/python3.12/site-packages/airflow/example_dags/example_bash_operator.py took 0.149 seconds
[2026-03-16T16:13:04.292+0000] {processor.py:161} INFO - Started process (PID=1628) to work on /home/airflow/.local/lib/python3.12/site-packages/airflow/example_dags/example_bash_operator.py
[2026-03-16T16:13:04.293+0000] {processor.py:830} INFO - Processing file /home/airflow/.local/lib/python3.12/site-packages/airflow/example_dags/example_bash_operator.py for tasks to queue
[2026-03-16T16:13:04.296+0000] {logging_mixin.py:188} INFO - [2026-03-16T16:13:04.295+0000] {dagbag.py:545} INFO - Filling up the DagBag from /home/airflow/.local/lib/python3.12/site-packages/airflow/example_dags/example_bash_operator.py
[2026-03-16T16:13:04.309+0000] {processor.py:840} INFO - DAG(s) 'example_bash_operator' retrieved from /home/airflow/.local/lib/python3.12/site-packages/airflow/example_dags/example_bash_operator.py
[2026-03-16T16:13:04.342+0000] {logging_mixin.py:188} INFO - [2026-03-16T16:13:04.341+0000] {dag.py:3096} INFO - Sync 1 DAGs
[2026-03-16T16:13:04.373+0000] {logging_mixin.py:188} INFO - [2026-03-16T16:13:04.373+0000] {dag.py:3954} INFO - Setting next_dagrun for example_bash_operator to 2026-03-15 00:00:00+00:00, run_after=2026-03-16 00:00:00+00:00
[2026-03-16T16:13:04.417+0000] {processor.py:183} INFO - Processing /home/airflow/.local/lib/python3.12/site-packages/airflow/example_dags/example_bash_operator.py took 0.134 seconds
[2026-03-16T16:13:34.984+0000] {processor.py:161} INFO - Started process (PID=1688) to work on /home/airflow/.local/lib/python3.12/site-packages/airflow/example_dags/example_bash_operator.py
[2026-03-16T16:13:34.986+0000] {processor.py:830} INFO - Processing file /home/airflow/.local/lib/python3.12/site-packages/airflow/example_dags/example_bash_operator.py for tasks to queue
[2026-03-16T16:13:34.992+0000] {logging_mixin.py:188} INFO - [2026-03-16T16:13:34.991+0000] {dagbag.py:545} INFO - Filling up the DagBag from /home/airflow/.local/lib/python3.12/site-packages/airflow/example_dags/example_bash_operator.py
[2026-03-16T16:13:35.012+0000] {processor.py:840} INFO - DAG(s) 'example_bash_operator' retrieved from /home/airflow/.local/lib/python3.12/site-packages/airflow/example_dags/example_bash_operator.py
[2026-03-16T16:13:35.055+0000] {logging_mixin.py:188} INFO - [2026-03-16T16:13:35.055+0000] {dag.py:3096} INFO - Sync 1 DAGs
[2026-03-16T16:13:35.086+0000] {logging_mixin.py:188} INFO - [2026-03-16T16:13:35.086+0000] {dag.py:3954} INFO - Setting next_dagrun for example_bash_operator to 2026-03-15 00:00:00+00:00, run_after=2026-03-16 00:00:00+00:00
[2026-03-16T16:13:35.116+0000] {processor.py:183} INFO - Processing /home/airflow/.local/lib/python3.12/site-packages/airflow/example_dags/example_bash_operator.py took 0.142 seconds
[2026-03-16T16:14:05.873+0000] {processor.py:161} INFO - Started process (PID=1747) to work on /home/airflow/.local/lib/python3.12/site-packages/airflow/example_dags/example_bash_operator.py
[2026-03-16T16:14:05.875+0000] {processor.py:830} INFO - Processing file /home/airflow/.local/lib/python3.12/site-packages/airflow/example_dags/example_bash_operator.py for tasks to queue
[2026-03-16T16:14:05.877+0000] {logging_mixin.py:188} INFO - [2026-03-16T16:14:05.877+0000] {dagbag.py:545} INFO - Filling up the DagBag from /home/airflow/.local/lib/python3.12/site-packages/airflow/example_dags/example_bash_operator.py
[2026-03-16T16:14:05.893+0000] {processor.py:840} INFO - DAG(s) 'example_bash_operator' retrieved from /home/airflow/.local/lib/python3.12/site-packages/airflow/example_dags/example_bash_operator.py
[2026-03-16T16:14:05.929+0000] {logging_mixin.py:188} INFO - [2026-03-16T16:14:05.928+0000] {dag.py:3096} INFO - Sync 1 DAGs
[2026-03-16T16:14:05.958+0000] {logging_mixin.py:188} INFO - [2026-03-16T16:14:05.958+0000] {dag.py:3954} INFO - Setting next_dagrun for example_bash_operator to 2026-03-15 00:00:00+00:00, run_after=2026-03-16 00:00:00+00:00
[2026-03-16T16:14:05.999+0000] {processor.py:183} INFO - Processing /home/airflow/.local/lib/python3.12/site-packages/airflow/example_dags/example_bash_operator.py took 0.133 seconds
[2026-03-16T16:14:36.316+0000] {processor.py:161} INFO - Started process (PID=1806) to work on /home/airflow/.local/lib/python3.12/site-packages/airflow/example_dags/example_bash_operator.py
[2026-03-16T16:14:36.318+0000] {processor.py:830} INFO - Processing file /home/airflow/.local/lib/python3.12/site-packages/airflow/example_dags/example_bash_operator.py for tasks to queue
[2026-03-16T16:14:36.321+0000] {logging_mixin.py:188} INFO - [2026-03-16T16:14:36.321+0000] {dagbag.py:545} INFO - Filling up the DagBag from /home/airflow/.local/lib/python3.12/site-packages/airflow/example_dags/example_bash_operator.py
[2026-03-16T16:14:36.337+0000] {processor.py:840} INFO - DAG(s) 'example_bash_operator' retrieved from /home/airflow/.local/lib/python3.12/site-packages/airflow/example_dags/example_bash_operator.py
[2026-03-16T16:14:36.381+0000] {logging_mixin.py:188} INFO - [2026-03-16T16:14:36.381+0000] {dag.py:3096} INFO - Sync 1 DAGs
[2026-03-16T16:14:36.410+0000] {logging_mixin.py:188} INFO - [2026-03-16T16:14:36.410+0000] {dag.py:3954} INFO - Setting next_dagrun for example_bash_operator to 2026-03-15 00:00:00+00:00, run_after=2026-03-16 00:00:00+00:00
[2026-03-16T16:14:36.440+0000] {processor.py:183} INFO - Processing /home/airflow/.local/lib/python3.12/site-packages/airflow/example_dags/example_bash_operator.py took 0.135 seconds
[2026-03-16T16:15:07.055+0000] {processor.py:161} INFO - Started process (PID=1865) to work on /home/airflow/.local/lib/python3.12/site-packages/airflow/example_dags/example_bash_operator.py
[2026-03-16T16:15:07.056+0000] {processor.py:830} INFO - Processing file /home/airflow/.local/lib/python3.12/site-packages/airflow/example_dags/example_bash_operator.py for tasks to queue
[2026-03-16T16:15:07.059+0000] {logging_mixin.py:188} INFO - [2026-03-16T16:15:07.058+0000] {dagbag.py:545} INFO - Filling up the DagBag from /home/airflow/.local/lib/python3.12/site-packages/airflow/example_dags/example_bash_operator.py
[2026-03-16T16:15:07.072+0000] {processor.py:840} INFO - DAG(s) 'example_bash_operator' retrieved from /home/airflow/.local/lib/python3.12/site-packages/airflow/example_dags/example_bash_operator.py
[2026-03-16T16:15:07.104+0000] {logging_mixin.py:188} INFO - [2026-03-16T16:15:07.103+0000] {dag.py:3096} INFO - Sync 1 DAGs
[2026-03-16T16:15:07.131+0000] {logging_mixin.py:188} INFO - [2026-03-16T16:15:07.131+0000] {dag.py:3954} INFO - Setting next_dagrun for example_bash_operator to 2026-03-15 00:00:00+00:00, run_after=2026-03-16 00:00:00+00:00
[2026-03-16T16:15:07.161+0000] {processor.py:183} INFO - Processing /home/airflow/.local/lib/python3.12/site-packages/airflow/example_dags/example_bash_operator.py took 0.112 seconds
[2026-03-16T16:15:37.878+0000] {processor.py:161} INFO - Started process (PID=1924) to work on /home/airflow/.local/lib/python3.12/site-packages/airflow/example_dags/example_bash_operator.py
[2026-03-16T16:15:37.880+0000] {processor.py:830} INFO - Processing file /home/airflow/.local/lib/python3.12/site-packages/airflow/example_dags/example_bash_operator.py for tasks to queue
[2026-03-16T16:15:37.882+0000] {logging_mixin.py:188} INFO - [2026-03-16T16:15:37.882+0000] {dagbag.py:545} INFO - Filling up the DagBag from /home/airflow/.local/lib/python3.12/site-packages/airflow/example_dags/example_bash_operator.py
[2026-03-16T16:15:37.896+0000] {processor.py:840} INFO - DAG(s) 'example_bash_operator' retrieved from /home/airflow/.local/lib/python3.12/site-packages/airflow/example_dags/example_bash_operator.py
[2026-03-16T16:15:37.932+0000] {logging_mixin.py:188} INFO - [2026-03-16T16:15:37.932+0000] {dag.py:3096} INFO - Sync 1 DAGs
[2026-03-16T16:15:37.959+0000] {logging_mixin.py:188} INFO - [2026-03-16T16:15:37.959+0000] {dag.py:3954} INFO - Setting next_dagrun for example_bash_operator to 2026-03-15 00:00:00+00:00, run_after=2026-03-16 00:00:00+00:00
[2026-03-16T16:15:37.990+0000] {processor.py:183} INFO - Processing /home/airflow/.local/lib/python3.12/site-packages/airflow/example_dags/example_bash_operator.py took 0.120 seconds
[2026-03-16T16:16:08.097+0000] {processor.py:161} INFO - Started process (PID=1983) to work on /home/airflow/.local/lib/python3.12/site-packages/airflow/example_dags/example_bash_operator.py
[2026-03-16T16:16:08.099+0000] {processor.py:830} INFO - Processing file /home/airflow/.local/lib/python3.12/site-packages/airflow/example_dags/example_bash_operator.py for tasks to queue
[2026-03-16T16:16:08.102+0000] {logging_mixin.py:188} INFO - [2026-03-16T16:16:08.102+0000] {dagbag.py:545} INFO - Filling up the DagBag from /home/airflow/.local/lib/python3.12/site-packages/airflow/example_dags/example_bash_operator.py
[2026-03-16T16:16:08.118+0000] {processor.py:840} INFO - DAG(s) 'example_bash_operator' retrieved from /home/airflow/.local/lib/python3.12/site-packages/airflow/example_dags/example_bash_operator.py
[2026-03-16T16:16:08.162+0000] {logging_mixin.py:188} INFO - [2026-03-16T16:16:08.162+0000] {dag.py:3096} INFO - Sync 1 DAGs
[2026-03-16T16:16:08.201+0000] {logging_mixin.py:188} INFO - [2026-03-16T16:16:08.200+0000] {dag.py:3954} INFO - Setting next_dagrun for example_bash_operator to 2026-03-15 00:00:00+00:00, run_after=2026-03-16 00:00:00+00:00
[2026-03-16T16:16:08.237+0000] {processor.py:183} INFO - Processing /home/airflow/.local/lib/python3.12/site-packages/airflow/example_dags/example_bash_operator.py took 0.150 seconds
[2026-03-16T16:16:38.508+0000] {processor.py:161} INFO - Started process (PID=2042) to work on /home/airflow/.local/lib/python3.12/site-packages/airflow/example_dags/example_bash_operator.py
[2026-03-16T16:16:38.509+0000] {processor.py:830} INFO - Processing file /home/airflow/.local/lib/python3.12/site-packages/airflow/example_dags/example_bash_operator.py for tasks to queue
[2026-03-16T16:16:38.512+0000] {logging_mixin.py:188} INFO - [2026-03-16T16:16:38.512+0000] {dagbag.py:545} INFO - Filling up the DagBag from /home/airflow/.local/lib/python3.12/site-packages/airflow/example_dags/example_bash_operator.py
[2026-03-16T16:16:38.524+0000] {processor.py:840} INFO - DAG(s) 'example_bash_operator' retrieved from /home/airflow/.local/lib/python3.12/site-packages/airflow/example_dags/example_bash_operator.py
[2026-03-16T16:16:38.555+0000] {logging_mixin.py:188} INFO - [2026-03-16T16:16:38.555+0000] {dag.py:3096} INFO - Sync 1 DAGs
[2026-03-16T16:16:38.587+0000] {logging_mixin.py:188} INFO - [2026-03-16T16:16:38.587+0000] {dag.py:3954} INFO - Setting next_dagrun for example_bash_operator to 2026-03-15 00:00:00+00:00, run_after=2026-03-16 00:00:00+00:00
[2026-03-16T16:16:38.628+0000] {processor.py:183} INFO - Processing /home/airflow/.local/lib/python3.12/site-packages/airflow/example_dags/example_bash_operator.py took 0.129 seconds
[2026-03-16T16:17:09.244+0000] {processor.py:161} INFO - Started process (PID=2101) to work on /home/airflow/.local/lib/python3.12/site-packages/airflow/example_dags/example_bash_operator.py
[2026-03-16T16:17:09.246+0000] {processor.py:830} INFO - Processing file /home/airflow/.local/lib/python3.12/site-packages/airflow/example_dags/example_bash_operator.py for tasks to queue
[2026-03-16T16:17:09.249+0000] {logging_mixin.py:188} INFO - [2026-03-16T16:17:09.248+0000] {dagbag.py:545} INFO - Filling up the DagBag from /home/airflow/.local/lib/python3.12/site-packages/airflow/example_dags/example_bash_operator.py
[2026-03-16T16:17:09.263+0000] {processor.py:840} INFO - DAG(s) 'example_bash_operator' retrieved from /home/airflow/.local/lib/python3.12/site-packages/airflow/example_dags/example_bash_operator.py
[2026-03-16T16:17:09.311+0000] {logging_mixin.py:188} INFO - [2026-03-16T16:17:09.310+0000] {dag.py:3096} INFO - Sync 1 DAGs
[2026-03-16T16:17:09.352+0000] {logging_mixin.py:188} INFO - [2026-03-16T16:17:09.352+0000] {dag.py:3954} INFO - Setting next_dagrun for example_bash_operator to 2026-03-15 00:00:00+00:00, run_after=2026-03-16 00:00:00+00:00
[2026-03-16T16:17:09.386+0000] {processor.py:183} INFO - Processing /home/airflow/.local/lib/python3.12/site-packages/airflow/example_dags/example_bash_operator.py took 0.151 seconds
[2026-03-16T16:17:39.562+0000] {processor.py:161} INFO - Started process (PID=2160) to work on /home/airflow/.local/lib/python3.12/site-packages/airflow/example_dags/example_bash_operator.py
[2026-03-16T16:17:39.563+0000] {processor.py:830} INFO - Processing file /home/airflow/.local/lib/python3.12/site-packages/airflow/example_dags/example_bash_operator.py for tasks to queue
[2026-03-16T16:17:39.566+0000] {logging_mixin.py:188} INFO - [2026-03-16T16:17:39.565+0000] {dagbag.py:545} INFO - Filling up the DagBag from /home/airflow/.local/lib/python3.12/site-packages/airflow/example_dags/example_bash_operator.py
[2026-03-16T16:17:39.580+0000] {processor.py:840} INFO - DAG(s) 'example_bash_operator' retrieved from /home/airflow/.local/lib/python3.12/site-packages/airflow/example_dags/example_bash_operator.py
[2026-03-16T16:17:39.613+0000] {logging_mixin.py:188} INFO - [2026-03-16T16:17:39.612+0000] {dag.py:3096} INFO - Sync 1 DAGs
[2026-03-16T16:17:39.641+0000] {logging_mixin.py:188} INFO - [2026-03-16T16:17:39.641+0000] {dag.py:3954} INFO - Setting next_dagrun for example_bash_operator to 2026-03-15 00:00:00+00:00, run_after=2026-03-16 00:00:00+00:00
[2026-03-16T16:17:39.678+0000] {processor.py:183} INFO - Processing /home/airflow/.local/lib/python3.12/site-packages/airflow/example_dags/example_bash_operator.py took 0.124 seconds
[2026-03-16T16:18:09.743+0000] {processor.py:161} INFO - Started process (PID=2219) to work on /home/airflow/.local/lib/python3.12/site-packages/airflow/example_dags/example_bash_operator.py
[2026-03-16T16:18:09.746+0000] {processor.py:830} INFO - Processing file /home/airflow/.local/lib/python3.12/site-packages/airflow/example_dags/example_bash_operator.py for tasks to queue
[2026-03-16T16:18:09.749+0000] {logging_mixin.py:188} INFO - [2026-03-16T16:18:09.749+0000] {dagbag.py:545} INFO - Filling up the DagBag from /home/airflow/.local/lib/python3.12/site-packages/airflow/example_dags/example_bash_operator.py
[2026-03-16T16:18:09.768+0000] {processor.py:840} INFO - DAG(s) 'example_bash_operator' retrieved from /home/airflow/.local/lib/python3.12/site-packages/airflow/example_dags/example_bash_operator.py
[2026-03-16T16:18:09.820+0000] {logging_mixin.py:188} INFO - [2026-03-16T16:18:09.819+0000] {dag.py:3096} INFO - Sync 1 DAGs
[2026-03-16T16:18:09.931+0000] {logging_mixin.py:188} INFO - [2026-03-16T16:18:09.931+0000] {dag.py:3954} INFO - Setting next_dagrun for example_bash_operator to 2026-03-15 00:00:00+00:00, run_after=2026-03-16 00:00:00+00:00
[2026-03-16T16:18:09.999+0000] {processor.py:183} INFO - Processing /home/airflow/.local/lib/python3.12/site-packages/airflow/example_dags/example_bash_operator.py took 0.263 seconds
[2026-03-16T16:18:40.625+0000] {processor.py:161} INFO - Started process (PID=2283) to work on /home/airflow/.local/lib/python3.12/site-packages/airflow/example_dags/example_bash_operator.py
[2026-03-16T16:18:40.627+0000] {processor.py:830} INFO - Processing file /home/airflow/.local/lib/python3.12/site-packages/airflow/example_dags/example_bash_operator.py for tasks to queue
[2026-03-16T16:18:40.631+0000] {logging_mixin.py:188} INFO - [2026-03-16T16:18:40.630+0000] {dagbag.py:545} INFO - Filling up the DagBag from /home/airflow/.local/lib/python3.12/site-packages/airflow/example_dags/example_bash_operator.py
[2026-03-16T16:18:40.656+0000] {processor.py:840} INFO - DAG(s) 'example_bash_operator' retrieved from /home/airflow/.local/lib/python3.12/site-packages/airflow/example_dags/example_bash_operator.py
[2026-03-16T16:18:40.710+0000] {logging_mixin.py:188} INFO - [2026-03-16T16:18:40.710+0000] {dag.py:3096} INFO - Sync 1 DAGs
[2026-03-16T16:18:40.752+0000] {logging_mixin.py:188} INFO - [2026-03-16T16:18:40.752+0000] {dag.py:3954} INFO - Setting next_dagrun for example_bash_operator to 2026-03-15 00:00:00+00:00, run_after=2026-03-16 00:00:00+00:00
[2026-03-16T16:18:40.791+0000] {processor.py:183} INFO - Processing /home/airflow/.local/lib/python3.12/site-packages/airflow/example_dags/example_bash_operator.py took 0.176 seconds
[2026-03-16T16:19:11.614+0000] {processor.py:161} INFO - Started process (PID=2341) to work on /home/airflow/.local/lib/python3.12/site-packages/airflow/example_dags/example_bash_operator.py
[2026-03-16T16:19:11.617+0000] {processor.py:830} INFO - Processing file /home/airflow/.local/lib/python3.12/site-packages/airflow/example_dags/example_bash_operator.py for tasks to queue
[2026-03-16T16:19:11.619+0000] {logging_mixin.py:188} INFO - [2026-03-16T16:19:11.619+0000] {dagbag.py:545} INFO - Filling up the DagBag from /home/airflow/.local/lib/python3.12/site-packages/airflow/example_dags/example_bash_operator.py
[2026-03-16T16:19:11.632+0000] {processor.py:840} INFO - DAG(s) 'example_bash_operator' retrieved from /home/airflow/.local/lib/python3.12/site-packages/airflow/example_dags/example_bash_operator.py
[2026-03-16T16:19:11.667+0000] {logging_mixin.py:188} INFO - [2026-03-16T16:19:11.667+0000] {dag.py:3096} INFO - Sync 1 DAGs
[2026-03-16T16:19:11.720+0000] {logging_mixin.py:188} INFO - [2026-03-16T16:19:11.719+0000] {dag.py:3954} INFO - Setting next_dagrun for example_bash_operator to 2026-03-15 00:00:00+00:00, run_after=2026-03-16 00:00:00+00:00
[2026-03-16T16:19:11.775+0000] {processor.py:183} INFO - Processing /home/airflow/.local/lib/python3.12/site-packages/airflow/example_dags/example_bash_operator.py took 0.167 seconds
[2026-03-16T16:19:42.595+0000] {processor.py:161} INFO - Started process (PID=2400) to work on /home/airflow/.local/lib/python3.12/site-packages/airflow/example_dags/example_bash_operator.py
[2026-03-16T16:19:42.597+0000] {processor.py:830} INFO - Processing file /home/airflow/.local/lib/python3.12/site-packages/airflow/example_dags/example_bash_operator.py for tasks to queue
[2026-03-16T16:19:42.605+0000] {logging_mixin.py:188} INFO - [2026-03-16T16:19:42.604+0000] {dagbag.py:545} INFO - Filling up the DagBag from /home/airflow/.local/lib/python3.12/site-packages/airflow/example_dags/example_bash_operator.py
[2026-03-16T16:19:42.623+0000] {processor.py:840} INFO - DAG(s) 'example_bash_operator' retrieved from /home/airflow/.local/lib/python3.12/site-packages/airflow/example_dags/example_bash_operator.py
[2026-03-16T16:19:42.666+0000] {logging_mixin.py:188} INFO - [2026-03-16T16:19:42.666+0000] {dag.py:3096} INFO - Sync 1 DAGs
[2026-03-16T16:19:42.706+0000] {logging_mixin.py:188} INFO - [2026-03-16T16:19:42.706+0000] {dag.py:3954} INFO - Setting next_dagrun for example_bash_operator to 2026-03-15 00:00:00+00:00, run_after=2026-03-16 00:00:00+00:00
[2026-03-16T16:19:42.746+0000] {processor.py:183} INFO - Processing /home/airflow/.local/lib/python3.12/site-packages/airflow/example_dags/example_bash_operator.py took 0.161 seconds
[2026-03-16T16:20:13.632+0000] {processor.py:161} INFO - Started process (PID=2459) to work on /home/airflow/.local/lib/python3.12/site-packages/airflow/example_dags/example_bash_operator.py
[2026-03-16T16:20:13.633+0000] {processor.py:830} INFO - Processing file /home/airflow/.local/lib/python3.12/site-packages/airflow/example_dags/example_bash_operator.py for tasks to queue
[2026-03-16T16:20:13.636+0000] {logging_mixin.py:188} INFO - [2026-03-16T16:20:13.636+0000] {dagbag.py:545} INFO - Filling up the DagBag from /home/airflow/.local/lib/python3.12/site-packages/airflow/example_dags/example_bash_operator.py
[2026-03-16T16:20:13.649+0000] {processor.py:840} INFO - DAG(s) 'example_bash_operator' retrieved from /home/airflow/.local/lib/python3.12/site-packages/airflow/example_dags/example_bash_operator.py
[2026-03-16T16:20:13.686+0000] {logging_mixin.py:188} INFO - [2026-03-16T16:20:13.686+0000] {dag.py:3096} INFO - Sync 1 DAGs
[2026-03-16T16:20:13.716+0000] {logging_mixin.py:188} INFO - [2026-03-16T16:20:13.715+0000] {dag.py:3954} INFO - Setting next_dagrun for example_bash_operator to 2026-03-15 00:00:00+00:00, run_after=2026-03-16 00:00:00+00:00
[2026-03-16T16:20:13.746+0000] {processor.py:183} INFO - Processing /home/airflow/.local/lib/python3.12/site-packages/airflow/example_dags/example_bash_operator.py took 0.122 seconds
[2026-03-16T16:20:44.544+0000] {processor.py:161} INFO - Started process (PID=2519) to work on /home/airflow/.local/lib/python3.12/site-packages/airflow/example_dags/example_bash_operator.py
[2026-03-16T16:20:44.545+0000] {processor.py:830} INFO - Processing file /home/airflow/.local/lib/python3.12/site-packages/airflow/example_dags/example_bash_operator.py for tasks to queue
[2026-03-16T16:20:44.547+0000] {logging_mixin.py:188} INFO - [2026-03-16T16:20:44.547+0000] {dagbag.py:545} INFO - Filling up the DagBag from /home/airflow/.local/lib/python3.12/site-packages/airflow/example_dags/example_bash_operator.py
[2026-03-16T16:20:44.563+0000] {processor.py:840} INFO - DAG(s) 'example_bash_operator' retrieved from /home/airflow/.local/lib/python3.12/site-packages/airflow/example_dags/example_bash_operator.py
[2026-03-16T16:20:44.599+0000] {logging_mixin.py:188} INFO - [2026-03-16T16:20:44.599+0000] {dag.py:3096} INFO - Sync 1 DAGs
[2026-03-16T16:20:44.637+0000] {logging_mixin.py:188} INFO - [2026-03-16T16:20:44.637+0000] {dag.py:3954} INFO - Setting next_dagrun for example_bash_operator to 2026-03-15 00:00:00+00:00, run_after=2026-03-16 00:00:00+00:00
[2026-03-16T16:20:44.671+0000] {processor.py:183} INFO - Processing /home/airflow/.local/lib/python3.12/site-packages/airflow/example_dags/example_bash_operator.py took 0.136 seconds
[2026-03-16T16:21:15.631+0000] {processor.py:161} INFO - Started process (PID=2578) to work on /home/airflow/.local/lib/python3.12/site-packages/airflow/example_dags/example_bash_operator.py
[2026-03-16T16:21:15.632+0000] {processor.py:830} INFO - Processing file /home/airflow/.local/lib/python3.12/site-packages/airflow/example_dags/example_bash_operator.py for tasks to queue
[2026-03-16T16:21:15.635+0000] {logging_mixin.py:188} INFO - [2026-03-16T16:21:15.635+0000] {dagbag.py:545} INFO - Filling up the DagBag from /home/airflow/.local/lib/python3.12/site-packages/airflow/example_dags/example_bash_operator.py
[2026-03-16T16:21:15.648+0000] {processor.py:840} INFO - DAG(s) 'example_bash_operator' retrieved from /home/airflow/.local/lib/python3.12/site-packages/airflow/example_dags/example_bash_operator.py
[2026-03-16T16:21:15.685+0000] {logging_mixin.py:188} INFO - [2026-03-16T16:21:15.684+0000] {dag.py:3096} INFO - Sync 1 DAGs
[2026-03-16T16:21:15.714+0000] {logging_mixin.py:188} INFO - [2026-03-16T16:21:15.714+0000] {dag.py:3954} INFO - Setting next_dagrun for example_bash_operator to 2026-03-15 00:00:00+00:00, run_after=2026-03-16 00:00:00+00:00
[2026-03-16T16:21:15.763+0000] {processor.py:183} INFO - Processing /home/airflow/.local/lib/python3.12/site-packages/airflow/example_dags/example_bash_operator.py took 0.139 seconds
[2026-03-16T16:21:45.862+0000] {processor.py:161} INFO - Started process (PID=2637) to work on /home/airflow/.local/lib/python3.12/site-packages/airflow/example_dags/example_bash_operator.py
[2026-03-16T16:21:45.863+0000] {processor.py:830} INFO - Processing file /home/airflow/.local/lib/python3.12/site-packages/airflow/example_dags/example_bash_operator.py for tasks to queue
[2026-03-16T16:21:45.866+0000] {logging_mixin.py:188} INFO - [2026-03-16T16:21:45.866+0000] {dagbag.py:545} INFO - Filling up the DagBag from /home/airflow/.local/lib/python3.12/site-packages/airflow/example_dags/example_bash_operator.py
[2026-03-16T16:21:45.881+0000] {processor.py:840} INFO - DAG(s) 'example_bash_operator' retrieved from /home/airflow/.local/lib/python3.12/site-packages/airflow/example_dags/example_bash_operator.py
[2026-03-16T16:21:45.921+0000] {logging_mixin.py:188} INFO - [2026-03-16T16:21:45.921+0000] {dag.py:3096} INFO - Sync 1 DAGs
[2026-03-16T16:21:45.953+0000] {logging_mixin.py:188} INFO - [2026-03-16T16:21:45.953+0000] {dag.py:3954} INFO - Setting next_dagrun for example_bash_operator to 2026-03-15 00:00:00+00:00, run_after=2026-03-16 00:00:00+00:00
[2026-03-16T16:21:45.986+0000] {processor.py:183} INFO - Processing /home/airflow/.local/lib/python3.12/site-packages/airflow/example_dags/example_bash_operator.py took 0.133 seconds
[2026-03-16T16:22:16.063+0000] {processor.py:161} INFO - Started process (PID=2695) to work on /home/airflow/.local/lib/python3.12/site-packages/airflow/example_dags/example_bash_operator.py
[2026-03-16T16:22:16.064+0000] {processor.py:830} INFO - Processing file /home/airflow/.local/lib/python3.12/site-packages/airflow/example_dags/example_bash_operator.py for tasks to queue
[2026-03-16T16:22:16.067+0000] {logging_mixin.py:188} INFO - [2026-03-16T16:22:16.066+0000] {dagbag.py:545} INFO - Filling up the DagBag from /home/airflow/.local/lib/python3.12/site-packages/airflow/example_dags/example_bash_operator.py
[2026-03-16T16:22:16.082+0000] {processor.py:840} INFO - DAG(s) 'example_bash_operator' retrieved from /home/airflow/.local/lib/python3.12/site-packages/airflow/example_dags/example_bash_operator.py
[2026-03-16T16:22:16.118+0000] {logging_mixin.py:188} INFO - [2026-03-16T16:22:16.117+0000] {dag.py:3096} INFO - Sync 1 DAGs
[2026-03-16T16:22:16.157+0000] {logging_mixin.py:188} INFO - [2026-03-16T16:22:16.157+0000] {dag.py:3954} INFO - Setting next_dagrun for example_bash_operator to 2026-03-15 00:00:00+00:00, run_after=2026-03-16 00:00:00+00:00
[2026-03-16T16:22:16.184+0000] {processor.py:183} INFO - Processing /home/airflow/.local/lib/python3.12/site-packages/airflow/example_dags/example_bash_operator.py took 0.130 seconds
[2026-03-16T16:22:46.414+0000] {processor.py:161} INFO - Started process (PID=2754) to work on /home/airflow/.local/lib/python3.12/site-packages/airflow/example_dags/example_bash_operator.py
[2026-03-16T16:22:46.415+0000] {processor.py:830} INFO - Processing file /home/airflow/.local/lib/python3.12/site-packages/airflow/example_dags/example_bash_operator.py for tasks to queue
[2026-03-16T16:22:46.419+0000] {logging_mixin.py:188} INFO - [2026-03-16T16:22:46.418+0000] {dagbag.py:545} INFO - Filling up the DagBag from /home/airflow/.local/lib/python3.12/site-packages/airflow/example_dags/example_bash_operator.py
[2026-03-16T16:22:46.458+0000] {processor.py:840} INFO - DAG(s) 'example_bash_operator' retrieved from /home/airflow/.local/lib/python3.12/site-packages/airflow/example_dags/example_bash_operator.py
[2026-03-16T16:22:46.543+0000] {logging_mixin.py:188} INFO - [2026-03-16T16:22:46.542+0000] {dag.py:3096} INFO - Sync 1 DAGs
[2026-03-16T16:22:46.594+0000] {logging_mixin.py:188} INFO - [2026-03-16T16:22:46.594+0000] {dag.py:3954} INFO - Setting next_dagrun for example_bash_operator to 2026-03-15 00:00:00+00:00, run_after=2026-03-16 00:00:00+00:00
[2026-03-16T16:22:46.636+0000] {processor.py:183} INFO - Processing /home/airflow/.local/lib/python3.12/site-packages/airflow/example_dags/example_bash_operator.py took 0.234 seconds
[2026-03-16T16:23:17.289+0000] {processor.py:161} INFO - Started process (PID=2813) to work on /home/airflow/.local/lib/python3.12/site-packages/airflow/example_dags/example_bash_operator.py
[2026-03-16T16:23:17.291+0000] {processor.py:830} INFO - Processing file /home/airflow/.local/lib/python3.12/site-packages/airflow/example_dags/example_bash_operator.py for tasks to queue
[2026-03-16T16:23:17.294+0000] {logging_mixin.py:188} INFO - [2026-03-16T16:23:17.293+0000] {dagbag.py:545} INFO - Filling up the DagBag from /home/airflow/.local/lib/python3.12/site-packages/airflow/example_dags/example_bash_operator.py
[2026-03-16T16:23:17.308+0000] {processor.py:840} INFO - DAG(s) 'example_bash_operator' retrieved from /home/airflow/.local/lib/python3.12/site-packages/airflow/example_dags/example_bash_operator.py
[2026-03-16T16:23:17.351+0000] {logging_mixin.py:188} INFO - [2026-03-16T16:23:17.351+0000] {dag.py:3096} INFO - Sync 1 DAGs
[2026-03-16T16:23:17.384+0000] {logging_mixin.py:188} INFO - [2026-03-16T16:23:17.383+0000] {dag.py:3954} INFO - Setting next_dagrun for example_bash_operator to 2026-03-15 00:00:00+00:00, run_after=2026-03-16 00:00:00+00:00
[2026-03-16T16:23:17.422+0000] {processor.py:183} INFO - Processing /home/airflow/.local/lib/python3.12/site-packages/airflow/example_dags/example_bash_operator.py took 0.141 seconds
[2026-03-16T16:23:47.955+0000] {processor.py:161} INFO - Started process (PID=2872) to work on /home/airflow/.local/lib/python3.12/site-packages/airflow/example_dags/example_bash_operator.py
[2026-03-16T16:23:47.956+0000] {processor.py:830} INFO - Processing file /home/airflow/.local/lib/python3.12/site-packages/airflow/example_dags/example_bash_operator.py for tasks to queue
[2026-03-16T16:23:47.959+0000] {logging_mixin.py:188} INFO - [2026-03-16T16:23:47.959+0000] {dagbag.py:545} INFO - Filling up the DagBag from /home/airflow/.local/lib/python3.12/site-packages/airflow/example_dags/example_bash_operator.py
[2026-03-16T16:23:47.978+0000] {processor.py:840} INFO - DAG(s) 'example_bash_operator' retrieved from /home/airflow/.local/lib/python3.12/site-packages/airflow/example_dags/example_bash_operator.py
[2026-03-16T16:23:48.033+0000] {logging_mixin.py:188} INFO - [2026-03-16T16:23:48.033+0000] {dag.py:3096} INFO - Sync 1 DAGs
[2026-03-16T16:23:48.068+0000] {logging_mixin.py:188} INFO - [2026-03-16T16:23:48.068+0000] {dag.py:3954} INFO - Setting next_dagrun for example_bash_operator to 2026-03-15 00:00:00+00:00, run_after=2026-03-16 00:00:00+00:00
[2026-03-16T16:23:48.106+0000] {processor.py:183} INFO - Processing /home/airflow/.local/lib/python3.12/site-packages/airflow/example_dags/example_bash_operator.py took 0.163 seconds
[2026-03-16T16:24:18.330+0000] {processor.py:161} INFO - Started process (PID=2931) to work on /home/airflow/.local/lib/python3.12/site-packages/airflow/example_dags/example_bash_operator.py
[2026-03-16T16:24:18.332+0000] {processor.py:830} INFO - Processing file /home/airflow/.local/lib/python3.12/site-packages/airflow/example_dags/example_bash_operator.py for tasks to queue
[2026-03-16T16:24:18.334+0000] {logging_mixin.py:188} INFO - [2026-03-16T16:24:18.334+0000] {dagbag.py:545} INFO - Filling up the DagBag from /home/airflow/.local/lib/python3.12/site-packages/airflow/example_dags/example_bash_operator.py
[2026-03-16T16:24:18.348+0000] {processor.py:840} INFO - DAG(s) 'example_bash_operator' retrieved from /home/airflow/.local/lib/python3.12/site-packages/airflow/example_dags/example_bash_operator.py
[2026-03-16T16:24:18.395+0000] {logging_mixin.py:188} INFO - [2026-03-16T16:24:18.394+0000] {dag.py:3096} INFO - Sync 1 DAGs
[2026-03-16T16:24:18.433+0000] {logging_mixin.py:188} INFO - [2026-03-16T16:24:18.433+0000] {dag.py:3954} INFO - Setting next_dagrun for example_bash_operator to 2026-03-15 00:00:00+00:00, run_after=2026-03-16 00:00:00+00:00
[2026-03-16T16:24:18.476+0000] {processor.py:183} INFO - Processing /home/airflow/.local/lib/python3.12/site-packages/airflow/example_dags/example_bash_operator.py took 0.155 seconds
[2026-03-16T16:24:48.692+0000] {processor.py:161} INFO - Started process (PID=2990) to work on /home/airflow/.local/lib/python3.12/site-packages/airflow/example_dags/example_bash_operator.py
[2026-03-16T16:24:48.693+0000] {processor.py:830} INFO - Processing file /home/airflow/.local/lib/python3.12/site-packages/airflow/example_dags/example_bash_operator.py for tasks to queue
[2026-03-16T16:24:48.696+0000] {logging_mixin.py:188} INFO - [2026-03-16T16:24:48.696+0000] {dagbag.py:545} INFO - Filling up the DagBag from /home/airflow/.local/lib/python3.12/site-packages/airflow/example_dags/example_bash_operator.py
[2026-03-16T16:24:48.725+0000] {processor.py:840} INFO - DAG(s) 'example_bash_operator' retrieved from /home/airflow/.local/lib/python3.12/site-packages/airflow/example_dags/example_bash_operator.py
[2026-03-16T16:24:48.770+0000] {logging_mixin.py:188} INFO - [2026-03-16T16:24:48.770+0000] {dag.py:3096} INFO - Sync 1 DAGs
[2026-03-16T16:24:48.815+0000] {logging_mixin.py:188} INFO - [2026-03-16T16:24:48.815+0000] {dag.py:3954} INFO - Setting next_dagrun for example_bash_operator to 2026-03-15 00:00:00+00:00, run_after=2026-03-16 00:00:00+00:00
[2026-03-16T16:24:48.849+0000] {processor.py:183} INFO - Processing /home/airflow/.local/lib/python3.12/site-packages/airflow/example_dags/example_bash_operator.py took 0.166 seconds
[2026-03-16T16:25:18.981+0000] {processor.py:161} INFO - Started process (PID=3049) to work on /home/airflow/.local/lib/python3.12/site-packages/airflow/example_dags/example_bash_operator.py
[2026-03-16T16:25:18.983+0000] {processor.py:830} INFO - Processing file /home/airflow/.local/lib/python3.12/site-packages/airflow/example_dags/example_bash_operator.py for tasks to queue
[2026-03-16T16:25:18.986+0000] {logging_mixin.py:188} INFO - [2026-03-16T16:25:18.986+0000] {dagbag.py:545} INFO - Filling up the DagBag from /home/airflow/.local/lib/python3.12/site-packages/airflow/example_dags/example_bash_operator.py
[2026-03-16T16:25:18.999+0000] {processor.py:840} INFO - DAG(s) 'example_bash_operator' retrieved from /home/airflow/.local/lib/python3.12/site-packages/airflow/example_dags/example_bash_operator.py
[2026-03-16T16:25:19.029+0000] {logging_mixin.py:188} INFO - [2026-03-16T16:25:19.029+0000] {dag.py:3096} INFO - Sync 1 DAGs
[2026-03-16T16:25:19.054+0000] {logging_mixin.py:188} INFO - [2026-03-16T16:25:19.054+0000] {dag.py:3954} INFO - Setting next_dagrun for example_bash_operator to 2026-03-15 00:00:00+00:00, run_after=2026-03-16 00:00:00+00:00
[2026-03-16T16:25:19.079+0000] {processor.py:183} INFO - Processing /home/airflow/.local/lib/python3.12/site-packages/airflow/example_dags/example_bash_operator.py took 0.105 seconds
[2026-03-16T16:25:49.296+0000] {processor.py:161} INFO - Started process (PID=3108) to work on /home/airflow/.local/lib/python3.12/site-packages/airflow/example_dags/example_bash_operator.py
[2026-03-16T16:25:49.298+0000] {processor.py:830} INFO - Processing file /home/airflow/.local/lib/python3.12/site-packages/airflow/example_dags/example_bash_operator.py for tasks to queue
[2026-03-16T16:25:49.301+0000] {logging_mixin.py:188} INFO - [2026-03-16T16:25:49.300+0000] {dagbag.py:545} INFO - Filling up the DagBag from /home/airflow/.local/lib/python3.12/site-packages/airflow/example_dags/example_bash_operator.py
[2026-03-16T16:25:49.320+0000] {processor.py:840} INFO - DAG(s) 'example_bash_operator' retrieved from /home/airflow/.local/lib/python3.12/site-packages/airflow/example_dags/example_bash_operator.py
[2026-03-16T16:25:49.369+0000] {logging_mixin.py:188} INFO - [2026-03-16T16:25:49.368+0000] {dag.py:3096} INFO - Sync 1 DAGs
[2026-03-16T16:25:49.436+0000] {logging_mixin.py:188} INFO - [2026-03-16T16:25:49.435+0000] {dag.py:3954} INFO - Setting next_dagrun for example_bash_operator to 2026-03-15 00:00:00+00:00, run_after=2026-03-16 00:00:00+00:00
[2026-03-16T16:25:49.471+0000] {processor.py:183} INFO - Processing /home/airflow/.local/lib/python3.12/site-packages/airflow/example_dags/example_bash_operator.py took 0.186 seconds
[2026-03-16T16:26:19.632+0000] {processor.py:161} INFO - Started process (PID=3167) to work on /home/airflow/.local/lib/python3.12/site-packages/airflow/example_dags/example_bash_operator.py
[2026-03-16T16:26:19.633+0000] {processor.py:830} INFO - Processing file /home/airflow/.local/lib/python3.12/site-packages/airflow/example_dags/example_bash_operator.py for tasks to queue
[2026-03-16T16:26:19.635+0000] {logging_mixin.py:188} INFO - [2026-03-16T16:26:19.635+0000] {dagbag.py:545} INFO - Filling up the DagBag from /home/airflow/.local/lib/python3.12/site-packages/airflow/example_dags/example_bash_operator.py
[2026-03-16T16:26:19.648+0000] {processor.py:840} INFO - DAG(s) 'example_bash_operator' retrieved from /home/airflow/.local/lib/python3.12/site-packages/airflow/example_dags/example_bash_operator.py
[2026-03-16T16:26:19.678+0000] {logging_mixin.py:188} INFO - [2026-03-16T16:26:19.678+0000] {dag.py:3096} INFO - Sync 1 DAGs
[2026-03-16T16:26:19.703+0000] {logging_mixin.py:188} INFO - [2026-03-16T16:26:19.703+0000] {dag.py:3954} INFO - Setting next_dagrun for example_bash_operator to 2026-03-15 00:00:00+00:00, run_after=2026-03-16 00:00:00+00:00
[2026-03-16T16:26:19.730+0000] {processor.py:183} INFO - Processing /home/airflow/.local/lib/python3.12/site-packages/airflow/example_dags/example_bash_operator.py took 0.107 seconds
[2026-03-16T16:26:49.984+0000] {processor.py:161} INFO - Started process (PID=3226) to work on /home/airflow/.local/lib/python3.12/site-packages/airflow/example_dags/example_bash_operator.py
[2026-03-16T16:26:49.986+0000] {processor.py:830} INFO - Processing file /home/airflow/.local/lib/python3.12/site-packages/airflow/example_dags/example_bash_operator.py for tasks to queue
[2026-03-16T16:26:49.990+0000] {logging_mixin.py:188} INFO - [2026-03-16T16:26:49.989+0000] {dagbag.py:545} INFO - Filling up the DagBag from /home/airflow/.local/lib/python3.12/site-packages/airflow/example_dags/example_bash_operator.py
[2026-03-16T16:26:50.006+0000] {processor.py:840} INFO - DAG(s) 'example_bash_operator' retrieved from /home/airflow/.local/lib/python3.12/site-packages/airflow/example_dags/example_bash_operator.py
[2026-03-16T16:26:50.045+0000] {logging_mixin.py:188} INFO - [2026-03-16T16:26:50.044+0000] {dag.py:3096} INFO - Sync 1 DAGs
[2026-03-16T16:26:50.083+0000] {logging_mixin.py:188} INFO - [2026-03-16T16:26:50.082+0000] {dag.py:3954} INFO - Setting next_dagrun for example_bash_operator to 2026-03-15 00:00:00+00:00, run_after=2026-03-16 00:00:00+00:00
[2026-03-16T16:26:50.117+0000] {processor.py:183} INFO - Processing /home/airflow/.local/lib/python3.12/site-packages/airflow/example_dags/example_bash_operator.py took 0.141 seconds
[2026-03-16T16:27:20.748+0000] {processor.py:161} INFO - Started process (PID=3285) to work on /home/airflow/.local/lib/python3.12/site-packages/airflow/example_dags/example_bash_operator.py
[2026-03-16T16:27:20.750+0000] {processor.py:830} INFO - Processing file /home/airflow/.local/lib/python3.12/site-packages/airflow/example_dags/example_bash_operator.py for tasks to queue
[2026-03-16T16:27:20.753+0000] {logging_mixin.py:188} INFO - [2026-03-16T16:27:20.753+0000] {dagbag.py:545} INFO - Filling up the DagBag from /home/airflow/.local/lib/python3.12/site-packages/airflow/example_dags/example_bash_operator.py
[2026-03-16T16:27:20.774+0000] {processor.py:840} INFO - DAG(s) 'example_bash_operator' retrieved from /home/airflow/.local/lib/python3.12/site-packages/airflow/example_dags/example_bash_operator.py
[2026-03-16T16:27:20.824+0000] {logging_mixin.py:188} INFO - [2026-03-16T16:27:20.823+0000] {dag.py:3096} INFO - Sync 1 DAGs
[2026-03-16T16:27:20.863+0000] {logging_mixin.py:188} INFO - [2026-03-16T16:27:20.863+0000] {dag.py:3954} INFO - Setting next_dagrun for example_bash_operator to 2026-03-15 00:00:00+00:00, run_after=2026-03-16 00:00:00+00:00
[2026-03-16T16:27:20.896+0000] {processor.py:183} INFO - Processing /home/airflow/.local/lib/python3.12/site-packages/airflow/example_dags/example_bash_operator.py took 0.157 seconds
[2026-03-16T16:27:51.530+0000] {processor.py:161} INFO - Started process (PID=3345) to work on /home/airflow/.local/lib/python3.12/site-packages/airflow/example_dags/example_bash_operator.py
[2026-03-16T16:27:51.531+0000] {processor.py:830} INFO - Processing file /home/airflow/.local/lib/python3.12/site-packages/airflow/example_dags/example_bash_operator.py for tasks to queue
[2026-03-16T16:27:51.535+0000] {logging_mixin.py:188} INFO - [2026-03-16T16:27:51.534+0000] {dagbag.py:545} INFO - Filling up the DagBag from /home/airflow/.local/lib/python3.12/site-packages/airflow/example_dags/example_bash_operator.py
[2026-03-16T16:27:51.551+0000] {processor.py:840} INFO - DAG(s) 'example_bash_operator' retrieved from /home/airflow/.local/lib/python3.12/site-packages/airflow/example_dags/example_bash_operator.py
[2026-03-16T16:27:51.595+0000] {logging_mixin.py:188} INFO - [2026-03-16T16:27:51.595+0000] {dag.py:3096} INFO - Sync 1 DAGs
[2026-03-16T16:27:51.633+0000] {logging_mixin.py:188} INFO - [2026-03-16T16:27:51.632+0000] {dag.py:3954} INFO - Setting next_dagrun for example_bash_operator to 2026-03-15 00:00:00+00:00, run_after=2026-03-16 00:00:00+00:00
[2026-03-16T16:27:51.667+0000] {processor.py:183} INFO - Processing /home/airflow/.local/lib/python3.12/site-packages/airflow/example_dags/example_bash_operator.py took 0.145 seconds
[2026-03-16T16:28:29.583+0000] {processor.py:161} INFO - Started process (PID=3404) to work on /home/airflow/.local/lib/python3.12/site-packages/airflow/example_dags/example_bash_operator.py
[2026-03-16T16:28:29.591+0000] {processor.py:830} INFO - Processing file /home/airflow/.local/lib/python3.12/site-packages/airflow/example_dags/example_bash_operator.py for tasks to queue
[2026-03-16T16:28:29.599+0000] {logging_mixin.py:188} INFO - [2026-03-16T16:28:29.599+0000] {dagbag.py:545} INFO - Filling up the DagBag from /home/airflow/.local/lib/python3.12/site-packages/airflow/example_dags/example_bash_operator.py
[2026-03-16T16:28:29.664+0000] {processor.py:840} INFO - DAG(s) 'example_bash_operator' retrieved from /home/airflow/.local/lib/python3.12/site-packages/airflow/example_dags/example_bash_operator.py
[2026-03-16T16:28:29.880+0000] {logging_mixin.py:188} INFO - [2026-03-16T16:28:29.880+0000] {dag.py:3096} INFO - Sync 1 DAGs
[2026-03-16T16:28:30.025+0000] {logging_mixin.py:188} INFO - [2026-03-16T16:28:30.024+0000] {dag.py:3954} INFO - Setting next_dagrun for example_bash_operator to 2026-03-15 00:00:00+00:00, run_after=2026-03-16 00:00:00+00:00
[2026-03-16T16:28:30.173+0000] {processor.py:183} INFO - Processing /home/airflow/.local/lib/python3.12/site-packages/airflow/example_dags/example_bash_operator.py took 0.611 seconds
[2026-03-16T16:29:01.074+0000] {processor.py:161} INFO - Started process (PID=3463) to work on /home/airflow/.local/lib/python3.12/site-packages/airflow/example_dags/example_bash_operator.py
[2026-03-16T16:29:01.086+0000] {processor.py:830} INFO - Processing file /home/airflow/.local/lib/python3.12/site-packages/airflow/example_dags/example_bash_operator.py for tasks to queue
[2026-03-16T16:29:01.103+0000] {logging_mixin.py:188} INFO - [2026-03-16T16:29:01.102+0000] {dagbag.py:545} INFO - Filling up the DagBag from /home/airflow/.local/lib/python3.12/site-packages/airflow/example_dags/example_bash_operator.py
[2026-03-16T16:29:01.148+0000] {processor.py:840} INFO - DAG(s) 'example_bash_operator' retrieved from /home/airflow/.local/lib/python3.12/site-packages/airflow/example_dags/example_bash_operator.py
[2026-03-16T16:29:01.181+0000] {logging_mixin.py:188} INFO - [2026-03-16T16:29:01.180+0000] {dag.py:3096} INFO - Sync 1 DAGs
[2026-03-16T16:29:01.211+0000] {logging_mixin.py:188} INFO - [2026-03-16T16:29:01.211+0000] {dag.py:3954} INFO - Setting next_dagrun for example_bash_operator to 2026-03-15 00:00:00+00:00, run_after=2026-03-16 00:00:00+00:00
[2026-03-16T16:29:01.243+0000] {processor.py:183} INFO - Processing /home/airflow/.local/lib/python3.12/site-packages/airflow/example_dags/example_bash_operator.py took 0.180 seconds
[2026-03-16T16:29:31.711+0000] {processor.py:161} INFO - Started process (PID=3522) to work on /home/airflow/.local/lib/python3.12/site-packages/airflow/example_dags/example_bash_operator.py
[2026-03-16T16:29:31.713+0000] {processor.py:830} INFO - Processing file /home/airflow/.local/lib/python3.12/site-packages/airflow/example_dags/example_bash_operator.py for tasks to queue
[2026-03-16T16:29:31.715+0000] {logging_mixin.py:188} INFO - [2026-03-16T16:29:31.715+0000] {dagbag.py:545} INFO - Filling up the DagBag from /home/airflow/.local/lib/python3.12/site-packages/airflow/example_dags/example_bash_operator.py
[2026-03-16T16:29:31.733+0000] {processor.py:840} INFO - DAG(s) 'example_bash_operator' retrieved from /home/airflow/.local/lib/python3.12/site-packages/airflow/example_dags/example_bash_operator.py
[2026-03-16T16:29:31.772+0000] {logging_mixin.py:188} INFO - [2026-03-16T16:29:31.772+0000] {dag.py:3096} INFO - Sync 1 DAGs
[2026-03-16T16:29:31.801+0000] {logging_mixin.py:188} INFO - [2026-03-16T16:29:31.801+0000] {dag.py:3954} INFO - Setting next_dagrun for example_bash_operator to 2026-03-15 00:00:00+00:00, run_after=2026-03-16 00:00:00+00:00
[2026-03-16T16:29:31.833+0000] {processor.py:183} INFO - Processing /home/airflow/.local/lib/python3.12/site-packages/airflow/example_dags/example_bash_operator.py took 0.134 seconds
[2026-03-16T16:30:02.407+0000] {processor.py:161} INFO - Started process (PID=3581) to work on /home/airflow/.local/lib/python3.12/site-packages/airflow/example_dags/example_bash_operator.py
[2026-03-16T16:30:02.419+0000] {processor.py:830} INFO - Processing file /home/airflow/.local/lib/python3.12/site-packages/airflow/example_dags/example_bash_operator.py for tasks to queue
[2026-03-16T16:30:02.423+0000] {logging_mixin.py:188} INFO - [2026-03-16T16:30:02.422+0000] {dagbag.py:545} INFO - Filling up the DagBag from /home/airflow/.local/lib/python3.12/site-packages/airflow/example_dags/example_bash_operator.py
[2026-03-16T16:30:02.470+0000] {processor.py:840} INFO - DAG(s) 'example_bash_operator' retrieved from /home/airflow/.local/lib/python3.12/site-packages/airflow/example_dags/example_bash_operator.py
[2026-03-16T16:30:02.547+0000] {logging_mixin.py:188} INFO - [2026-03-16T16:30:02.546+0000] {dag.py:3096} INFO - Sync 1 DAGs
[2026-03-16T16:30:02.605+0000] {logging_mixin.py:188} INFO - [2026-03-16T16:30:02.605+0000] {dag.py:3954} INFO - Setting next_dagrun for example_bash_operator to 2026-03-15 00:00:00+00:00, run_after=2026-03-16 00:00:00+00:00
[2026-03-16T16:30:02.700+0000] {processor.py:183} INFO - Processing /home/airflow/.local/lib/python3.12/site-packages/airflow/example_dags/example_bash_operator.py took 0.306 seconds
[2026-03-16T16:30:32.758+0000] {processor.py:161} INFO - Started process (PID=3641) to work on /home/airflow/.local/lib/python3.12/site-packages/airflow/example_dags/example_bash_operator.py
[2026-03-16T16:30:32.759+0000] {processor.py:830} INFO - Processing file /home/airflow/.local/lib/python3.12/site-packages/airflow/example_dags/example_bash_operator.py for tasks to queue
[2026-03-16T16:30:32.761+0000] {logging_mixin.py:188} INFO - [2026-03-16T16:30:32.761+0000] {dagbag.py:545} INFO - Filling up the DagBag from /home/airflow/.local/lib/python3.12/site-packages/airflow/example_dags/example_bash_operator.py
[2026-03-16T16:30:32.774+0000] {processor.py:840} INFO - DAG(s) 'example_bash_operator' retrieved from /home/airflow/.local/lib/python3.12/site-packages/airflow/example_dags/example_bash_operator.py
[2026-03-16T16:30:32.807+0000] {logging_mixin.py:188} INFO - [2026-03-16T16:30:32.807+0000] {dag.py:3096} INFO - Sync 1 DAGs
[2026-03-16T16:30:32.832+0000] {logging_mixin.py:188} INFO - [2026-03-16T16:30:32.831+0000] {dag.py:3954} INFO - Setting next_dagrun for example_bash_operator to 2026-03-15 00:00:00+00:00, run_after=2026-03-16 00:00:00+00:00
[2026-03-16T16:30:32.856+0000] {processor.py:183} INFO - Processing /home/airflow/.local/lib/python3.12/site-packages/airflow/example_dags/example_bash_operator.py took 0.104 seconds
[2026-03-16T16:31:03.311+0000] {processor.py:161} INFO - Started process (PID=3700) to work on /home/airflow/.local/lib/python3.12/site-packages/airflow/example_dags/example_bash_operator.py
[2026-03-16T16:31:03.312+0000] {processor.py:830} INFO - Processing file /home/airflow/.local/lib/python3.12/site-packages/airflow/example_dags/example_bash_operator.py for tasks to queue
[2026-03-16T16:31:03.315+0000] {logging_mixin.py:188} INFO - [2026-03-16T16:31:03.314+0000] {dagbag.py:545} INFO - Filling up the DagBag from /home/airflow/.local/lib/python3.12/site-packages/airflow/example_dags/example_bash_operator.py
[2026-03-16T16:31:03.330+0000] {processor.py:840} INFO - DAG(s) 'example_bash_operator' retrieved from /home/airflow/.local/lib/python3.12/site-packages/airflow/example_dags/example_bash_operator.py
[2026-03-16T16:31:03.375+0000] {logging_mixin.py:188} INFO - [2026-03-16T16:31:03.375+0000] {dag.py:3096} INFO - Sync 1 DAGs
[2026-03-16T16:31:03.412+0000] {logging_mixin.py:188} INFO - [2026-03-16T16:31:03.412+0000] {dag.py:3954} INFO - Setting next_dagrun for example_bash_operator to 2026-03-15 00:00:00+00:00, run_after=2026-03-16 00:00:00+00:00
[2026-03-16T16:31:03.443+0000] {processor.py:183} INFO - Processing /home/airflow/.local/lib/python3.12/site-packages/airflow/example_dags/example_bash_operator.py took 0.141 seconds
[2026-03-16T16:31:33.545+0000] {processor.py:161} INFO - Started process (PID=3758) to work on /home/airflow/.local/lib/python3.12/site-packages/airflow/example_dags/example_bash_operator.py
[2026-03-16T16:31:33.546+0000] {processor.py:830} INFO - Processing file /home/airflow/.local/lib/python3.12/site-packages/airflow/example_dags/example_bash_operator.py for tasks to queue
[2026-03-16T16:31:33.548+0000] {logging_mixin.py:188} INFO - [2026-03-16T16:31:33.548+0000] {dagbag.py:545} INFO - Filling up the DagBag from /home/airflow/.local/lib/python3.12/site-packages/airflow/example_dags/example_bash_operator.py
[2026-03-16T16:31:33.560+0000] {processor.py:840} INFO - DAG(s) 'example_bash_operator' retrieved from /home/airflow/.local/lib/python3.12/site-packages/airflow/example_dags/example_bash_operator.py
[2026-03-16T16:31:33.596+0000] {logging_mixin.py:188} INFO - [2026-03-16T16:31:33.596+0000] {dag.py:3096} INFO - Sync 1 DAGs
[2026-03-16T16:31:33.620+0000] {logging_mixin.py:188} INFO - [2026-03-16T16:31:33.619+0000] {dag.py:3954} INFO - Setting next_dagrun for example_bash_operator to 2026-03-15 00:00:00+00:00, run_after=2026-03-16 00:00:00+00:00
[2026-03-16T16:31:33.644+0000] {processor.py:183} INFO - Processing /home/airflow/.local/lib/python3.12/site-packages/airflow/example_dags/example_bash_operator.py took 0.106 seconds
[2026-03-16T16:32:04.409+0000] {processor.py:161} INFO - Started process (PID=3817) to work on /home/airflow/.local/lib/python3.12/site-packages/airflow/example_dags/example_bash_operator.py
[2026-03-16T16:32:04.410+0000] {processor.py:830} INFO - Processing file /home/airflow/.local/lib/python3.12/site-packages/airflow/example_dags/example_bash_operator.py for tasks to queue
[2026-03-16T16:32:04.412+0000] {logging_mixin.py:188} INFO - [2026-03-16T16:32:04.412+0000] {dagbag.py:545} INFO - Filling up the DagBag from /home/airflow/.local/lib/python3.12/site-packages/airflow/example_dags/example_bash_operator.py
[2026-03-16T16:32:04.425+0000] {processor.py:840} INFO - DAG(s) 'example_bash_operator' retrieved from /home/airflow/.local/lib/python3.12/site-packages/airflow/example_dags/example_bash_operator.py
[2026-03-16T16:32:04.454+0000] {logging_mixin.py:188} INFO - [2026-03-16T16:32:04.453+0000] {dag.py:3096} INFO - Sync 1 DAGs
[2026-03-16T16:32:04.480+0000] {logging_mixin.py:188} INFO - [2026-03-16T16:32:04.479+0000] {dag.py:3954} INFO - Setting next_dagrun for example_bash_operator to 2026-03-15 00:00:00+00:00, run_after=2026-03-16 00:00:00+00:00
[2026-03-16T16:32:04.503+0000] {processor.py:183} INFO - Processing /home/airflow/.local/lib/python3.12/site-packages/airflow/example_dags/example_bash_operator.py took 0.101 seconds
[2026-03-16T16:32:35.516+0000] {processor.py:161} INFO - Started process (PID=3876) to work on /home/airflow/.local/lib/python3.12/site-packages/airflow/example_dags/example_bash_operator.py
[2026-03-16T16:32:35.518+0000] {processor.py:830} INFO - Processing file /home/airflow/.local/lib/python3.12/site-packages/airflow/example_dags/example_bash_operator.py for tasks to queue
[2026-03-16T16:32:35.521+0000] {logging_mixin.py:188} INFO - [2026-03-16T16:32:35.521+0000] {dagbag.py:545} INFO - Filling up the DagBag from /home/airflow/.local/lib/python3.12/site-packages/airflow/example_dags/example_bash_operator.py
[2026-03-16T16:32:35.539+0000] {processor.py:840} INFO - DAG(s) 'example_bash_operator' retrieved from /home/airflow/.local/lib/python3.12/site-packages/airflow/example_dags/example_bash_operator.py
[2026-03-16T16:32:35.578+0000] {logging_mixin.py:188} INFO - [2026-03-16T16:32:35.577+0000] {dag.py:3096} INFO - Sync 1 DAGs
[2026-03-16T16:32:35.607+0000] {logging_mixin.py:188} INFO - [2026-03-16T16:32:35.607+0000] {dag.py:3954} INFO - Setting next_dagrun for example_bash_operator to 2026-03-15 00:00:00+00:00, run_after=2026-03-16 00:00:00+00:00
[2026-03-16T16:32:35.643+0000] {processor.py:183} INFO - Processing /home/airflow/.local/lib/python3.12/site-packages/airflow/example_dags/example_bash_operator.py took 0.138 seconds
[2026-03-16T16:33:06.064+0000] {processor.py:161} INFO - Started process (PID=3935) to work on /home/airflow/.local/lib/python3.12/site-packages/airflow/example_dags/example_bash_operator.py
[2026-03-16T16:33:06.065+0000] {processor.py:830} INFO - Processing file /home/airflow/.local/lib/python3.12/site-packages/airflow/example_dags/example_bash_operator.py for tasks to queue
[2026-03-16T16:33:06.069+0000] {logging_mixin.py:188} INFO - [2026-03-16T16:33:06.068+0000] {dagbag.py:545} INFO - Filling up the DagBag from /home/airflow/.local/lib/python3.12/site-packages/airflow/example_dags/example_bash_operator.py
[2026-03-16T16:33:06.089+0000] {processor.py:840} INFO - DAG(s) 'example_bash_operator' retrieved from /home/airflow/.local/lib/python3.12/site-packages/airflow/example_dags/example_bash_operator.py
[2026-03-16T16:33:06.140+0000] {logging_mixin.py:188} INFO - [2026-03-16T16:33:06.139+0000] {dag.py:3096} INFO - Sync 1 DAGs
[2026-03-16T16:33:06.174+0000] {logging_mixin.py:188} INFO - [2026-03-16T16:33:06.173+0000] {dag.py:3954} INFO - Setting next_dagrun for example_bash_operator to 2026-03-15 00:00:00+00:00, run_after=2026-03-16 00:00:00+00:00
[2026-03-16T16:33:06.205+0000] {processor.py:183} INFO - Processing /home/airflow/.local/lib/python3.12/site-packages/airflow/example_dags/example_bash_operator.py took 0.150 seconds
[2026-03-16T16:33:36.539+0000] {processor.py:161} INFO - Started process (PID=3994) to work on /home/airflow/.local/lib/python3.12/site-packages/airflow/example_dags/example_bash_operator.py
[2026-03-16T16:33:36.541+0000] {processor.py:830} INFO - Processing file /home/airflow/.local/lib/python3.12/site-packages/airflow/example_dags/example_bash_operator.py for tasks to queue
[2026-03-16T16:33:36.543+0000] {logging_mixin.py:188} INFO - [2026-03-16T16:33:36.543+0000] {dagbag.py:545} INFO - Filling up the DagBag from /home/airflow/.local/lib/python3.12/site-packages/airflow/example_dags/example_bash_operator.py
[2026-03-16T16:33:36.557+0000] {processor.py:840} INFO - DAG(s) 'example_bash_operator' retrieved from /home/airflow/.local/lib/python3.12/site-packages/airflow/example_dags/example_bash_operator.py
[2026-03-16T16:33:36.586+0000] {logging_mixin.py:188} INFO - [2026-03-16T16:33:36.586+0000] {dag.py:3096} INFO - Sync 1 DAGs
[2026-03-16T16:33:36.623+0000] {logging_mixin.py:188} INFO - [2026-03-16T16:33:36.623+0000] {dag.py:3954} INFO - Setting next_dagrun for example_bash_operator to 2026-03-15 00:00:00+00:00, run_after=2026-03-16 00:00:00+00:00
[2026-03-16T16:33:36.649+0000] {processor.py:183} INFO - Processing /home/airflow/.local/lib/python3.12/site-packages/airflow/example_dags/example_bash_operator.py took 0.117 seconds
[2026-03-16T16:34:07.202+0000] {processor.py:161} INFO - Started process (PID=4053) to work on /home/airflow/.local/lib/python3.12/site-packages/airflow/example_dags/example_bash_operator.py
[2026-03-16T16:34:07.204+0000] {processor.py:830} INFO - Processing file /home/airflow/.local/lib/python3.12/site-packages/airflow/example_dags/example_bash_operator.py for tasks to queue
[2026-03-16T16:34:07.206+0000] {logging_mixin.py:188} INFO - [2026-03-16T16:34:07.206+0000] {dagbag.py:545} INFO - Filling up the DagBag from /home/airflow/.local/lib/python3.12/site-packages/airflow/example_dags/example_bash_operator.py
[2026-03-16T16:34:07.218+0000] {processor.py:840} INFO - DAG(s) 'example_bash_operator' retrieved from /home/airflow/.local/lib/python3.12/site-packages/airflow/example_dags/example_bash_operator.py
[2026-03-16T16:34:07.247+0000] {logging_mixin.py:188} INFO - [2026-03-16T16:34:07.247+0000] {dag.py:3096} INFO - Sync 1 DAGs
[2026-03-16T16:34:07.273+0000] {logging_mixin.py:188} INFO - [2026-03-16T16:34:07.273+0000] {dag.py:3954} INFO - Setting next_dagrun for example_bash_operator to 2026-03-15 00:00:00+00:00, run_after=2026-03-16 00:00:00+00:00
[2026-03-16T16:34:07.298+0000] {processor.py:183} INFO - Processing /home/airflow/.local/lib/python3.12/site-packages/airflow/example_dags/example_bash_operator.py took 0.102 seconds
[2026-03-16T16:34:37.817+0000] {processor.py:161} INFO - Started process (PID=4111) to work on /home/airflow/.local/lib/python3.12/site-packages/airflow/example_dags/example_bash_operator.py
[2026-03-16T16:34:37.818+0000] {processor.py:830} INFO - Processing file /home/airflow/.local/lib/python3.12/site-packages/airflow/example_dags/example_bash_operator.py for tasks to queue
[2026-03-16T16:34:37.821+0000] {logging_mixin.py:188} INFO - [2026-03-16T16:34:37.820+0000] {dagbag.py:545} INFO - Filling up the DagBag from /home/airflow/.local/lib/python3.12/site-packages/airflow/example_dags/example_bash_operator.py
[2026-03-16T16:34:37.833+0000] {processor.py:840} INFO - DAG(s) 'example_bash_operator' retrieved from /home/airflow/.local/lib/python3.12/site-packages/airflow/example_dags/example_bash_operator.py
[2026-03-16T16:34:37.865+0000] {logging_mixin.py:188} INFO - [2026-03-16T16:34:37.865+0000] {dag.py:3096} INFO - Sync 1 DAGs
[2026-03-16T16:34:37.890+0000] {logging_mixin.py:188} INFO - [2026-03-16T16:34:37.890+0000] {dag.py:3954} INFO - Setting next_dagrun for example_bash_operator to 2026-03-15 00:00:00+00:00, run_after=2026-03-16 00:00:00+00:00
[2026-03-16T16:34:37.923+0000] {processor.py:183} INFO - Processing /home/airflow/.local/lib/python3.12/site-packages/airflow/example_dags/example_bash_operator.py took 0.112 seconds
[2026-03-16T16:35:08.416+0000] {processor.py:161} INFO - Started process (PID=4170) to work on /home/airflow/.local/lib/python3.12/site-packages/airflow/example_dags/example_bash_operator.py
[2026-03-16T16:35:08.417+0000] {processor.py:830} INFO - Processing file /home/airflow/.local/lib/python3.12/site-packages/airflow/example_dags/example_bash_operator.py for tasks to queue
[2026-03-16T16:35:08.419+0000] {logging_mixin.py:188} INFO - [2026-03-16T16:35:08.419+0000] {dagbag.py:545} INFO - Filling up the DagBag from /home/airflow/.local/lib/python3.12/site-packages/airflow/example_dags/example_bash_operator.py
[2026-03-16T16:35:08.431+0000] {processor.py:840} INFO - DAG(s) 'example_bash_operator' retrieved from /home/airflow/.local/lib/python3.12/site-packages/airflow/example_dags/example_bash_operator.py
[2026-03-16T16:35:08.460+0000] {logging_mixin.py:188} INFO - [2026-03-16T16:35:08.459+0000] {dag.py:3096} INFO - Sync 1 DAGs
[2026-03-16T16:35:08.485+0000] {logging_mixin.py:188} INFO - [2026-03-16T16:35:08.485+0000] {dag.py:3954} INFO - Setting next_dagrun for example_bash_operator to 2026-03-15 00:00:00+00:00, run_after=2026-03-16 00:00:00+00:00
[2026-03-16T16:35:08.511+0000] {processor.py:183} INFO - Processing /home/airflow/.local/lib/python3.12/site-packages/airflow/example_dags/example_bash_operator.py took 0.103 seconds
[2026-03-16T16:35:38.822+0000] {processor.py:161} INFO - Started process (PID=4229) to work on /home/airflow/.local/lib/python3.12/site-packages/airflow/example_dags/example_bash_operator.py
[2026-03-16T16:35:38.824+0000] {processor.py:830} INFO - Processing file /home/airflow/.local/lib/python3.12/site-packages/airflow/example_dags/example_bash_operator.py for tasks to queue
[2026-03-16T16:35:38.827+0000] {logging_mixin.py:188} INFO - [2026-03-16T16:35:38.826+0000] {dagbag.py:545} INFO - Filling up the DagBag from /home/airflow/.local/lib/python3.12/site-packages/airflow/example_dags/example_bash_operator.py
[2026-03-16T16:35:38.842+0000] {processor.py:840} INFO - DAG(s) 'example_bash_operator' retrieved from /home/airflow/.local/lib/python3.12/site-packages/airflow/example_dags/example_bash_operator.py
[2026-03-16T16:35:38.881+0000] {logging_mixin.py:188} INFO - [2026-03-16T16:35:38.881+0000] {dag.py:3096} INFO - Sync 1 DAGs
[2026-03-16T16:35:38.912+0000] {logging_mixin.py:188} INFO - [2026-03-16T16:35:38.912+0000] {dag.py:3954} INFO - Setting next_dagrun for example_bash_operator to 2026-03-15 00:00:00+00:00, run_after=2026-03-16 00:00:00+00:00
[2026-03-16T16:35:38.938+0000] {processor.py:183} INFO - Processing /home/airflow/.local/lib/python3.12/site-packages/airflow/example_dags/example_bash_operator.py took 0.123 seconds
[2026-03-16T16:36:09.733+0000] {processor.py:161} INFO - Started process (PID=4288) to work on /home/airflow/.local/lib/python3.12/site-packages/airflow/example_dags/example_bash_operator.py
[2026-03-16T16:36:09.734+0000] {processor.py:830} INFO - Processing file /home/airflow/.local/lib/python3.12/site-packages/airflow/example_dags/example_bash_operator.py for tasks to queue
[2026-03-16T16:36:09.738+0000] {logging_mixin.py:188} INFO - [2026-03-16T16:36:09.737+0000] {dagbag.py:545} INFO - Filling up the DagBag from /home/airflow/.local/lib/python3.12/site-packages/airflow/example_dags/example_bash_operator.py
[2026-03-16T16:36:09.753+0000] {processor.py:840} INFO - DAG(s) 'example_bash_operator' retrieved from /home/airflow/.local/lib/python3.12/site-packages/airflow/example_dags/example_bash_operator.py
[2026-03-16T16:36:09.798+0000] {logging_mixin.py:188} INFO - [2026-03-16T16:36:09.798+0000] {dag.py:3096} INFO - Sync 1 DAGs
[2026-03-16T16:36:09.831+0000] {logging_mixin.py:188} INFO - [2026-03-16T16:36:09.831+0000] {dag.py:3954} INFO - Setting next_dagrun for example_bash_operator to 2026-03-15 00:00:00+00:00, run_after=2026-03-16 00:00:00+00:00
[2026-03-16T16:36:09.865+0000] {processor.py:183} INFO - Processing /home/airflow/.local/lib/python3.12/site-packages/airflow/example_dags/example_bash_operator.py took 0.141 seconds
