[2026-03-16T15:59:42.994+0000] {processor.py:161} INFO - Started process (PID=94) to work on /home/airflow/.local/lib/python3.12/site-packages/airflow/example_dags/tutorial_taskflow_api.py
[2026-03-16T15:59:42.996+0000] {processor.py:830} INFO - Processing file /home/airflow/.local/lib/python3.12/site-packages/airflow/example_dags/tutorial_taskflow_api.py for tasks to queue
[2026-03-16T15:59:43.000+0000] {logging_mixin.py:188} INFO - [2026-03-16T15:59:42.999+0000] {dagbag.py:545} INFO - Filling up the DagBag from /home/airflow/.local/lib/python3.12/site-packages/airflow/example_dags/tutorial_taskflow_api.py
[2026-03-16T15:59:43.015+0000] {processor.py:840} INFO - DAG(s) 'tutorial_taskflow_api' retrieved from /home/airflow/.local/lib/python3.12/site-packages/airflow/example_dags/tutorial_taskflow_api.py
[2026-03-16T15:59:43.194+0000] {logging_mixin.py:188} INFO - [2026-03-16T15:59:43.194+0000] {dag.py:3096} INFO - Sync 1 DAGs
[2026-03-16T15:59:43.213+0000] {logging_mixin.py:188} INFO - [2026-03-16T15:59:43.213+0000] {dag.py:3954} INFO - Setting next_dagrun for tutorial_taskflow_api to None, run_after=None
[2026-03-16T15:59:43.246+0000] {processor.py:183} INFO - Processing /home/airflow/.local/lib/python3.12/site-packages/airflow/example_dags/tutorial_taskflow_api.py took 0.265 seconds
[2026-03-16T16:00:13.624+0000] {processor.py:161} INFO - Started process (PID=153) to work on /home/airflow/.local/lib/python3.12/site-packages/airflow/example_dags/tutorial_taskflow_api.py
[2026-03-16T16:00:13.626+0000] {processor.py:830} INFO - Processing file /home/airflow/.local/lib/python3.12/site-packages/airflow/example_dags/tutorial_taskflow_api.py for tasks to queue
[2026-03-16T16:00:13.628+0000] {logging_mixin.py:188} INFO - [2026-03-16T16:00:13.628+0000] {dagbag.py:545} INFO - Filling up the DagBag from /home/airflow/.local/lib/python3.12/site-packages/airflow/example_dags/tutorial_taskflow_api.py
[2026-03-16T16:00:13.637+0000] {processor.py:840} INFO - DAG(s) 'tutorial_taskflow_api' retrieved from /home/airflow/.local/lib/python3.12/site-packages/airflow/example_dags/tutorial_taskflow_api.py
[2026-03-16T16:00:13.663+0000] {logging_mixin.py:188} INFO - [2026-03-16T16:00:13.662+0000] {dag.py:3096} INFO - Sync 1 DAGs
[2026-03-16T16:00:13.680+0000] {logging_mixin.py:188} INFO - [2026-03-16T16:00:13.680+0000] {dag.py:3954} INFO - Setting next_dagrun for tutorial_taskflow_api to None, run_after=None
[2026-03-16T16:00:13.713+0000] {processor.py:183} INFO - Processing /home/airflow/.local/lib/python3.12/site-packages/airflow/example_dags/tutorial_taskflow_api.py took 0.097 seconds
[2026-03-16T16:00:45.345+0000] {processor.py:161} INFO - Started process (PID=212) to work on /home/airflow/.local/lib/python3.12/site-packages/airflow/example_dags/tutorial_taskflow_api.py
[2026-03-16T16:00:45.352+0000] {processor.py:830} INFO - Processing file /home/airflow/.local/lib/python3.12/site-packages/airflow/example_dags/tutorial_taskflow_api.py for tasks to queue
[2026-03-16T16:00:45.364+0000] {logging_mixin.py:188} INFO - [2026-03-16T16:00:45.361+0000] {dagbag.py:545} INFO - Filling up the DagBag from /home/airflow/.local/lib/python3.12/site-packages/airflow/example_dags/tutorial_taskflow_api.py
[2026-03-16T16:00:45.403+0000] {processor.py:840} INFO - DAG(s) 'tutorial_taskflow_api' retrieved from /home/airflow/.local/lib/python3.12/site-packages/airflow/example_dags/tutorial_taskflow_api.py
[2026-03-16T16:00:45.481+0000] {logging_mixin.py:188} INFO - [2026-03-16T16:00:45.480+0000] {dag.py:3096} INFO - Sync 1 DAGs
[2026-03-16T16:00:45.526+0000] {logging_mixin.py:188} INFO - [2026-03-16T16:00:45.525+0000] {dag.py:3954} INFO - Setting next_dagrun for tutorial_taskflow_api to None, run_after=None
[2026-03-16T16:00:45.609+0000] {processor.py:183} INFO - Processing /home/airflow/.local/lib/python3.12/site-packages/airflow/example_dags/tutorial_taskflow_api.py took 0.286 seconds
[2026-03-16T16:01:16.399+0000] {processor.py:161} INFO - Started process (PID=271) to work on /home/airflow/.local/lib/python3.12/site-packages/airflow/example_dags/tutorial_taskflow_api.py
[2026-03-16T16:01:16.400+0000] {processor.py:830} INFO - Processing file /home/airflow/.local/lib/python3.12/site-packages/airflow/example_dags/tutorial_taskflow_api.py for tasks to queue
[2026-03-16T16:01:16.403+0000] {logging_mixin.py:188} INFO - [2026-03-16T16:01:16.402+0000] {dagbag.py:545} INFO - Filling up the DagBag from /home/airflow/.local/lib/python3.12/site-packages/airflow/example_dags/tutorial_taskflow_api.py
[2026-03-16T16:01:16.418+0000] {processor.py:840} INFO - DAG(s) 'tutorial_taskflow_api' retrieved from /home/airflow/.local/lib/python3.12/site-packages/airflow/example_dags/tutorial_taskflow_api.py
[2026-03-16T16:01:16.446+0000] {logging_mixin.py:188} INFO - [2026-03-16T16:01:16.445+0000] {dag.py:3096} INFO - Sync 1 DAGs
[2026-03-16T16:01:16.464+0000] {logging_mixin.py:188} INFO - [2026-03-16T16:01:16.463+0000] {dag.py:3954} INFO - Setting next_dagrun for tutorial_taskflow_api to None, run_after=None
[2026-03-16T16:01:16.492+0000] {processor.py:183} INFO - Processing /home/airflow/.local/lib/python3.12/site-packages/airflow/example_dags/tutorial_taskflow_api.py took 0.102 seconds
[2026-03-16T16:01:46.985+0000] {processor.py:161} INFO - Started process (PID=330) to work on /home/airflow/.local/lib/python3.12/site-packages/airflow/example_dags/tutorial_taskflow_api.py
[2026-03-16T16:01:46.987+0000] {processor.py:830} INFO - Processing file /home/airflow/.local/lib/python3.12/site-packages/airflow/example_dags/tutorial_taskflow_api.py for tasks to queue
[2026-03-16T16:01:46.991+0000] {logging_mixin.py:188} INFO - [2026-03-16T16:01:46.990+0000] {dagbag.py:545} INFO - Filling up the DagBag from /home/airflow/.local/lib/python3.12/site-packages/airflow/example_dags/tutorial_taskflow_api.py
[2026-03-16T16:01:47.002+0000] {processor.py:840} INFO - DAG(s) 'tutorial_taskflow_api' retrieved from /home/airflow/.local/lib/python3.12/site-packages/airflow/example_dags/tutorial_taskflow_api.py
[2026-03-16T16:01:47.047+0000] {logging_mixin.py:188} INFO - [2026-03-16T16:01:47.047+0000] {dag.py:3096} INFO - Sync 1 DAGs
[2026-03-16T16:01:47.076+0000] {logging_mixin.py:188} INFO - [2026-03-16T16:01:47.075+0000] {dag.py:3954} INFO - Setting next_dagrun for tutorial_taskflow_api to None, run_after=None
[2026-03-16T16:01:47.116+0000] {processor.py:183} INFO - Processing /home/airflow/.local/lib/python3.12/site-packages/airflow/example_dags/tutorial_taskflow_api.py took 0.140 seconds
[2026-03-16T16:02:18.044+0000] {processor.py:161} INFO - Started process (PID=389) to work on /home/airflow/.local/lib/python3.12/site-packages/airflow/example_dags/tutorial_taskflow_api.py
[2026-03-16T16:02:18.046+0000] {processor.py:830} INFO - Processing file /home/airflow/.local/lib/python3.12/site-packages/airflow/example_dags/tutorial_taskflow_api.py for tasks to queue
[2026-03-16T16:02:18.049+0000] {logging_mixin.py:188} INFO - [2026-03-16T16:02:18.048+0000] {dagbag.py:545} INFO - Filling up the DagBag from /home/airflow/.local/lib/python3.12/site-packages/airflow/example_dags/tutorial_taskflow_api.py
[2026-03-16T16:02:18.057+0000] {processor.py:840} INFO - DAG(s) 'tutorial_taskflow_api' retrieved from /home/airflow/.local/lib/python3.12/site-packages/airflow/example_dags/tutorial_taskflow_api.py
[2026-03-16T16:02:18.079+0000] {logging_mixin.py:188} INFO - [2026-03-16T16:02:18.079+0000] {dag.py:3096} INFO - Sync 1 DAGs
[2026-03-16T16:02:18.094+0000] {logging_mixin.py:188} INFO - [2026-03-16T16:02:18.094+0000] {dag.py:3954} INFO - Setting next_dagrun for tutorial_taskflow_api to None, run_after=None
[2026-03-16T16:02:18.119+0000] {processor.py:183} INFO - Processing /home/airflow/.local/lib/python3.12/site-packages/airflow/example_dags/tutorial_taskflow_api.py took 0.083 seconds
[2026-03-16T16:02:48.765+0000] {processor.py:161} INFO - Started process (PID=448) to work on /home/airflow/.local/lib/python3.12/site-packages/airflow/example_dags/tutorial_taskflow_api.py
[2026-03-16T16:02:48.767+0000] {processor.py:830} INFO - Processing file /home/airflow/.local/lib/python3.12/site-packages/airflow/example_dags/tutorial_taskflow_api.py for tasks to queue
[2026-03-16T16:02:48.774+0000] {logging_mixin.py:188} INFO - [2026-03-16T16:02:48.773+0000] {dagbag.py:545} INFO - Filling up the DagBag from /home/airflow/.local/lib/python3.12/site-packages/airflow/example_dags/tutorial_taskflow_api.py
[2026-03-16T16:02:48.781+0000] {processor.py:840} INFO - DAG(s) 'tutorial_taskflow_api' retrieved from /home/airflow/.local/lib/python3.12/site-packages/airflow/example_dags/tutorial_taskflow_api.py
[2026-03-16T16:02:48.812+0000] {logging_mixin.py:188} INFO - [2026-03-16T16:02:48.812+0000] {dag.py:3096} INFO - Sync 1 DAGs
[2026-03-16T16:02:48.832+0000] {logging_mixin.py:188} INFO - [2026-03-16T16:02:48.831+0000] {dag.py:3954} INFO - Setting next_dagrun for tutorial_taskflow_api to None, run_after=None
[2026-03-16T16:02:48.868+0000] {processor.py:183} INFO - Processing /home/airflow/.local/lib/python3.12/site-packages/airflow/example_dags/tutorial_taskflow_api.py took 0.110 seconds
[2026-03-16T16:03:19.062+0000] {processor.py:161} INFO - Started process (PID=507) to work on /home/airflow/.local/lib/python3.12/site-packages/airflow/example_dags/tutorial_taskflow_api.py
[2026-03-16T16:03:19.063+0000] {processor.py:830} INFO - Processing file /home/airflow/.local/lib/python3.12/site-packages/airflow/example_dags/tutorial_taskflow_api.py for tasks to queue
[2026-03-16T16:03:19.066+0000] {logging_mixin.py:188} INFO - [2026-03-16T16:03:19.066+0000] {dagbag.py:545} INFO - Filling up the DagBag from /home/airflow/.local/lib/python3.12/site-packages/airflow/example_dags/tutorial_taskflow_api.py
[2026-03-16T16:03:19.074+0000] {processor.py:840} INFO - DAG(s) 'tutorial_taskflow_api' retrieved from /home/airflow/.local/lib/python3.12/site-packages/airflow/example_dags/tutorial_taskflow_api.py
[2026-03-16T16:03:19.102+0000] {logging_mixin.py:188} INFO - [2026-03-16T16:03:19.101+0000] {dag.py:3096} INFO - Sync 1 DAGs
[2026-03-16T16:03:19.120+0000] {logging_mixin.py:188} INFO - [2026-03-16T16:03:19.119+0000] {dag.py:3954} INFO - Setting next_dagrun for tutorial_taskflow_api to None, run_after=None
[2026-03-16T16:03:19.151+0000] {processor.py:183} INFO - Processing /home/airflow/.local/lib/python3.12/site-packages/airflow/example_dags/tutorial_taskflow_api.py took 0.097 seconds
[2026-03-16T16:03:49.349+0000] {processor.py:161} INFO - Started process (PID=565) to work on /home/airflow/.local/lib/python3.12/site-packages/airflow/example_dags/tutorial_taskflow_api.py
[2026-03-16T16:03:49.356+0000] {processor.py:830} INFO - Processing file /home/airflow/.local/lib/python3.12/site-packages/airflow/example_dags/tutorial_taskflow_api.py for tasks to queue
[2026-03-16T16:03:49.359+0000] {logging_mixin.py:188} INFO - [2026-03-16T16:03:49.359+0000] {dagbag.py:545} INFO - Filling up the DagBag from /home/airflow/.local/lib/python3.12/site-packages/airflow/example_dags/tutorial_taskflow_api.py
[2026-03-16T16:03:49.377+0000] {processor.py:840} INFO - DAG(s) 'tutorial_taskflow_api' retrieved from /home/airflow/.local/lib/python3.12/site-packages/airflow/example_dags/tutorial_taskflow_api.py
[2026-03-16T16:03:49.420+0000] {logging_mixin.py:188} INFO - [2026-03-16T16:03:49.420+0000] {dag.py:3096} INFO - Sync 1 DAGs
[2026-03-16T16:03:49.447+0000] {logging_mixin.py:188} INFO - [2026-03-16T16:03:49.447+0000] {dag.py:3954} INFO - Setting next_dagrun for tutorial_taskflow_api to None, run_after=None
[2026-03-16T16:03:49.493+0000] {processor.py:183} INFO - Processing /home/airflow/.local/lib/python3.12/site-packages/airflow/example_dags/tutorial_taskflow_api.py took 0.156 seconds
[2026-03-16T16:04:20.152+0000] {processor.py:161} INFO - Started process (PID=624) to work on /home/airflow/.local/lib/python3.12/site-packages/airflow/example_dags/tutorial_taskflow_api.py
[2026-03-16T16:04:20.154+0000] {processor.py:830} INFO - Processing file /home/airflow/.local/lib/python3.12/site-packages/airflow/example_dags/tutorial_taskflow_api.py for tasks to queue
[2026-03-16T16:04:20.157+0000] {logging_mixin.py:188} INFO - [2026-03-16T16:04:20.156+0000] {dagbag.py:545} INFO - Filling up the DagBag from /home/airflow/.local/lib/python3.12/site-packages/airflow/example_dags/tutorial_taskflow_api.py
[2026-03-16T16:04:20.168+0000] {processor.py:840} INFO - DAG(s) 'tutorial_taskflow_api' retrieved from /home/airflow/.local/lib/python3.12/site-packages/airflow/example_dags/tutorial_taskflow_api.py
[2026-03-16T16:04:20.194+0000] {logging_mixin.py:188} INFO - [2026-03-16T16:04:20.194+0000] {dag.py:3096} INFO - Sync 1 DAGs
[2026-03-16T16:04:20.210+0000] {logging_mixin.py:188} INFO - [2026-03-16T16:04:20.210+0000] {dag.py:3954} INFO - Setting next_dagrun for tutorial_taskflow_api to None, run_after=None
[2026-03-16T16:04:20.242+0000] {processor.py:183} INFO - Processing /home/airflow/.local/lib/python3.12/site-packages/airflow/example_dags/tutorial_taskflow_api.py took 0.097 seconds
[2026-03-16T16:04:50.359+0000] {processor.py:161} INFO - Started process (PID=683) to work on /home/airflow/.local/lib/python3.12/site-packages/airflow/example_dags/tutorial_taskflow_api.py
[2026-03-16T16:04:50.361+0000] {processor.py:830} INFO - Processing file /home/airflow/.local/lib/python3.12/site-packages/airflow/example_dags/tutorial_taskflow_api.py for tasks to queue
[2026-03-16T16:04:50.365+0000] {logging_mixin.py:188} INFO - [2026-03-16T16:04:50.364+0000] {dagbag.py:545} INFO - Filling up the DagBag from /home/airflow/.local/lib/python3.12/site-packages/airflow/example_dags/tutorial_taskflow_api.py
[2026-03-16T16:04:50.377+0000] {processor.py:840} INFO - DAG(s) 'tutorial_taskflow_api' retrieved from /home/airflow/.local/lib/python3.12/site-packages/airflow/example_dags/tutorial_taskflow_api.py
[2026-03-16T16:04:50.413+0000] {logging_mixin.py:188} INFO - [2026-03-16T16:04:50.413+0000] {dag.py:3096} INFO - Sync 1 DAGs
[2026-03-16T16:04:50.438+0000] {logging_mixin.py:188} INFO - [2026-03-16T16:04:50.438+0000] {dag.py:3954} INFO - Setting next_dagrun for tutorial_taskflow_api to None, run_after=None
[2026-03-16T16:04:50.474+0000] {processor.py:183} INFO - Processing /home/airflow/.local/lib/python3.12/site-packages/airflow/example_dags/tutorial_taskflow_api.py took 0.127 seconds
[2026-03-16T16:05:20.583+0000] {processor.py:161} INFO - Started process (PID=742) to work on /home/airflow/.local/lib/python3.12/site-packages/airflow/example_dags/tutorial_taskflow_api.py
[2026-03-16T16:05:20.584+0000] {processor.py:830} INFO - Processing file /home/airflow/.local/lib/python3.12/site-packages/airflow/example_dags/tutorial_taskflow_api.py for tasks to queue
[2026-03-16T16:05:20.587+0000] {logging_mixin.py:188} INFO - [2026-03-16T16:05:20.586+0000] {dagbag.py:545} INFO - Filling up the DagBag from /home/airflow/.local/lib/python3.12/site-packages/airflow/example_dags/tutorial_taskflow_api.py
[2026-03-16T16:05:20.594+0000] {processor.py:840} INFO - DAG(s) 'tutorial_taskflow_api' retrieved from /home/airflow/.local/lib/python3.12/site-packages/airflow/example_dags/tutorial_taskflow_api.py
[2026-03-16T16:05:20.621+0000] {logging_mixin.py:188} INFO - [2026-03-16T16:05:20.620+0000] {dag.py:3096} INFO - Sync 1 DAGs
[2026-03-16T16:05:20.636+0000] {logging_mixin.py:188} INFO - [2026-03-16T16:05:20.636+0000] {dag.py:3954} INFO - Setting next_dagrun for tutorial_taskflow_api to None, run_after=None
[2026-03-16T16:05:20.664+0000] {processor.py:183} INFO - Processing /home/airflow/.local/lib/python3.12/site-packages/airflow/example_dags/tutorial_taskflow_api.py took 0.089 seconds
[2026-03-16T16:05:51.345+0000] {processor.py:161} INFO - Started process (PID=801) to work on /home/airflow/.local/lib/python3.12/site-packages/airflow/example_dags/tutorial_taskflow_api.py
[2026-03-16T16:05:51.346+0000] {processor.py:830} INFO - Processing file /home/airflow/.local/lib/python3.12/site-packages/airflow/example_dags/tutorial_taskflow_api.py for tasks to queue
[2026-03-16T16:05:51.349+0000] {logging_mixin.py:188} INFO - [2026-03-16T16:05:51.348+0000] {dagbag.py:545} INFO - Filling up the DagBag from /home/airflow/.local/lib/python3.12/site-packages/airflow/example_dags/tutorial_taskflow_api.py
[2026-03-16T16:05:51.357+0000] {processor.py:840} INFO - DAG(s) 'tutorial_taskflow_api' retrieved from /home/airflow/.local/lib/python3.12/site-packages/airflow/example_dags/tutorial_taskflow_api.py
[2026-03-16T16:05:51.380+0000] {logging_mixin.py:188} INFO - [2026-03-16T16:05:51.380+0000] {dag.py:3096} INFO - Sync 1 DAGs
[2026-03-16T16:05:51.399+0000] {logging_mixin.py:188} INFO - [2026-03-16T16:05:51.398+0000] {dag.py:3954} INFO - Setting next_dagrun for tutorial_taskflow_api to None, run_after=None
[2026-03-16T16:05:51.428+0000] {processor.py:183} INFO - Processing /home/airflow/.local/lib/python3.12/site-packages/airflow/example_dags/tutorial_taskflow_api.py took 0.091 seconds
[2026-03-16T16:06:22.307+0000] {processor.py:161} INFO - Started process (PID=860) to work on /home/airflow/.local/lib/python3.12/site-packages/airflow/example_dags/tutorial_taskflow_api.py
[2026-03-16T16:06:22.308+0000] {processor.py:830} INFO - Processing file /home/airflow/.local/lib/python3.12/site-packages/airflow/example_dags/tutorial_taskflow_api.py for tasks to queue
[2026-03-16T16:06:22.311+0000] {logging_mixin.py:188} INFO - [2026-03-16T16:06:22.310+0000] {dagbag.py:545} INFO - Filling up the DagBag from /home/airflow/.local/lib/python3.12/site-packages/airflow/example_dags/tutorial_taskflow_api.py
[2026-03-16T16:06:22.318+0000] {processor.py:840} INFO - DAG(s) 'tutorial_taskflow_api' retrieved from /home/airflow/.local/lib/python3.12/site-packages/airflow/example_dags/tutorial_taskflow_api.py
[2026-03-16T16:06:22.339+0000] {logging_mixin.py:188} INFO - [2026-03-16T16:06:22.338+0000] {dag.py:3096} INFO - Sync 1 DAGs
[2026-03-16T16:06:22.353+0000] {logging_mixin.py:188} INFO - [2026-03-16T16:06:22.352+0000] {dag.py:3954} INFO - Setting next_dagrun for tutorial_taskflow_api to None, run_after=None
[2026-03-16T16:06:22.377+0000] {processor.py:183} INFO - Processing /home/airflow/.local/lib/python3.12/site-packages/airflow/example_dags/tutorial_taskflow_api.py took 0.076 seconds
[2026-03-16T16:06:52.646+0000] {processor.py:161} INFO - Started process (PID=920) to work on /home/airflow/.local/lib/python3.12/site-packages/airflow/example_dags/tutorial_taskflow_api.py
[2026-03-16T16:06:52.647+0000] {processor.py:830} INFO - Processing file /home/airflow/.local/lib/python3.12/site-packages/airflow/example_dags/tutorial_taskflow_api.py for tasks to queue
[2026-03-16T16:06:52.649+0000] {logging_mixin.py:188} INFO - [2026-03-16T16:06:52.649+0000] {dagbag.py:545} INFO - Filling up the DagBag from /home/airflow/.local/lib/python3.12/site-packages/airflow/example_dags/tutorial_taskflow_api.py
[2026-03-16T16:06:52.656+0000] {processor.py:840} INFO - DAG(s) 'tutorial_taskflow_api' retrieved from /home/airflow/.local/lib/python3.12/site-packages/airflow/example_dags/tutorial_taskflow_api.py
[2026-03-16T16:06:52.679+0000] {logging_mixin.py:188} INFO - [2026-03-16T16:06:52.678+0000] {dag.py:3096} INFO - Sync 1 DAGs
[2026-03-16T16:06:52.696+0000] {logging_mixin.py:188} INFO - [2026-03-16T16:06:52.695+0000] {dag.py:3954} INFO - Setting next_dagrun for tutorial_taskflow_api to None, run_after=None
[2026-03-16T16:06:52.732+0000] {processor.py:183} INFO - Processing /home/airflow/.local/lib/python3.12/site-packages/airflow/example_dags/tutorial_taskflow_api.py took 0.093 seconds
[2026-03-16T16:07:23.046+0000] {processor.py:161} INFO - Started process (PID=979) to work on /home/airflow/.local/lib/python3.12/site-packages/airflow/example_dags/tutorial_taskflow_api.py
[2026-03-16T16:07:23.047+0000] {processor.py:830} INFO - Processing file /home/airflow/.local/lib/python3.12/site-packages/airflow/example_dags/tutorial_taskflow_api.py for tasks to queue
[2026-03-16T16:07:23.050+0000] {logging_mixin.py:188} INFO - [2026-03-16T16:07:23.050+0000] {dagbag.py:545} INFO - Filling up the DagBag from /home/airflow/.local/lib/python3.12/site-packages/airflow/example_dags/tutorial_taskflow_api.py
[2026-03-16T16:07:23.058+0000] {processor.py:840} INFO - DAG(s) 'tutorial_taskflow_api' retrieved from /home/airflow/.local/lib/python3.12/site-packages/airflow/example_dags/tutorial_taskflow_api.py
[2026-03-16T16:07:23.082+0000] {logging_mixin.py:188} INFO - [2026-03-16T16:07:23.081+0000] {dag.py:3096} INFO - Sync 1 DAGs
[2026-03-16T16:07:23.098+0000] {logging_mixin.py:188} INFO - [2026-03-16T16:07:23.098+0000] {dag.py:3954} INFO - Setting next_dagrun for tutorial_taskflow_api to None, run_after=None
[2026-03-16T16:07:23.126+0000] {processor.py:183} INFO - Processing /home/airflow/.local/lib/python3.12/site-packages/airflow/example_dags/tutorial_taskflow_api.py took 0.087 seconds
[2026-03-16T16:07:53.367+0000] {processor.py:161} INFO - Started process (PID=1039) to work on /home/airflow/.local/lib/python3.12/site-packages/airflow/example_dags/tutorial_taskflow_api.py
[2026-03-16T16:07:53.368+0000] {processor.py:830} INFO - Processing file /home/airflow/.local/lib/python3.12/site-packages/airflow/example_dags/tutorial_taskflow_api.py for tasks to queue
[2026-03-16T16:07:53.371+0000] {logging_mixin.py:188} INFO - [2026-03-16T16:07:53.370+0000] {dagbag.py:545} INFO - Filling up the DagBag from /home/airflow/.local/lib/python3.12/site-packages/airflow/example_dags/tutorial_taskflow_api.py
[2026-03-16T16:07:53.378+0000] {processor.py:840} INFO - DAG(s) 'tutorial_taskflow_api' retrieved from /home/airflow/.local/lib/python3.12/site-packages/airflow/example_dags/tutorial_taskflow_api.py
[2026-03-16T16:07:53.400+0000] {logging_mixin.py:188} INFO - [2026-03-16T16:07:53.400+0000] {dag.py:3096} INFO - Sync 1 DAGs
[2026-03-16T16:07:53.415+0000] {logging_mixin.py:188} INFO - [2026-03-16T16:07:53.414+0000] {dag.py:3954} INFO - Setting next_dagrun for tutorial_taskflow_api to None, run_after=None
[2026-03-16T16:07:53.441+0000] {processor.py:183} INFO - Processing /home/airflow/.local/lib/python3.12/site-packages/airflow/example_dags/tutorial_taskflow_api.py took 0.081 seconds
[2026-03-16T16:08:24.414+0000] {processor.py:161} INFO - Started process (PID=1099) to work on /home/airflow/.local/lib/python3.12/site-packages/airflow/example_dags/tutorial_taskflow_api.py
[2026-03-16T16:08:24.416+0000] {processor.py:830} INFO - Processing file /home/airflow/.local/lib/python3.12/site-packages/airflow/example_dags/tutorial_taskflow_api.py for tasks to queue
[2026-03-16T16:08:24.420+0000] {logging_mixin.py:188} INFO - [2026-03-16T16:08:24.419+0000] {dagbag.py:545} INFO - Filling up the DagBag from /home/airflow/.local/lib/python3.12/site-packages/airflow/example_dags/tutorial_taskflow_api.py
[2026-03-16T16:08:24.431+0000] {processor.py:840} INFO - DAG(s) 'tutorial_taskflow_api' retrieved from /home/airflow/.local/lib/python3.12/site-packages/airflow/example_dags/tutorial_taskflow_api.py
[2026-03-16T16:08:24.474+0000] {logging_mixin.py:188} INFO - [2026-03-16T16:08:24.474+0000] {dag.py:3096} INFO - Sync 1 DAGs
[2026-03-16T16:08:24.499+0000] {logging_mixin.py:188} INFO - [2026-03-16T16:08:24.498+0000] {dag.py:3954} INFO - Setting next_dagrun for tutorial_taskflow_api to None, run_after=None
[2026-03-16T16:08:24.530+0000] {processor.py:183} INFO - Processing /home/airflow/.local/lib/python3.12/site-packages/airflow/example_dags/tutorial_taskflow_api.py took 0.127 seconds
[2026-03-16T16:08:56.392+0000] {processor.py:161} INFO - Started process (PID=1158) to work on /home/airflow/.local/lib/python3.12/site-packages/airflow/example_dags/tutorial_taskflow_api.py
[2026-03-16T16:08:56.397+0000] {processor.py:830} INFO - Processing file /home/airflow/.local/lib/python3.12/site-packages/airflow/example_dags/tutorial_taskflow_api.py for tasks to queue
[2026-03-16T16:08:56.401+0000] {logging_mixin.py:188} INFO - [2026-03-16T16:08:56.400+0000] {dagbag.py:545} INFO - Filling up the DagBag from /home/airflow/.local/lib/python3.12/site-packages/airflow/example_dags/tutorial_taskflow_api.py
[2026-03-16T16:08:56.426+0000] {processor.py:840} INFO - DAG(s) 'tutorial_taskflow_api' retrieved from /home/airflow/.local/lib/python3.12/site-packages/airflow/example_dags/tutorial_taskflow_api.py
[2026-03-16T16:08:56.473+0000] {logging_mixin.py:188} INFO - [2026-03-16T16:08:56.472+0000] {dag.py:3096} INFO - Sync 1 DAGs
[2026-03-16T16:08:56.507+0000] {logging_mixin.py:188} INFO - [2026-03-16T16:08:56.507+0000] {dag.py:3954} INFO - Setting next_dagrun for tutorial_taskflow_api to None, run_after=None
[2026-03-16T16:08:56.564+0000] {processor.py:183} INFO - Processing /home/airflow/.local/lib/python3.12/site-packages/airflow/example_dags/tutorial_taskflow_api.py took 0.190 seconds
[2026-03-16T16:09:29.209+0000] {processor.py:161} INFO - Started process (PID=1217) to work on /home/airflow/.local/lib/python3.12/site-packages/airflow/example_dags/tutorial_taskflow_api.py
[2026-03-16T16:09:29.210+0000] {processor.py:830} INFO - Processing file /home/airflow/.local/lib/python3.12/site-packages/airflow/example_dags/tutorial_taskflow_api.py for tasks to queue
[2026-03-16T16:09:29.213+0000] {logging_mixin.py:188} INFO - [2026-03-16T16:09:29.212+0000] {dagbag.py:545} INFO - Filling up the DagBag from /home/airflow/.local/lib/python3.12/site-packages/airflow/example_dags/tutorial_taskflow_api.py
[2026-03-16T16:09:29.221+0000] {processor.py:840} INFO - DAG(s) 'tutorial_taskflow_api' retrieved from /home/airflow/.local/lib/python3.12/site-packages/airflow/example_dags/tutorial_taskflow_api.py
[2026-03-16T16:09:29.250+0000] {logging_mixin.py:188} INFO - [2026-03-16T16:09:29.250+0000] {dag.py:3096} INFO - Sync 1 DAGs
[2026-03-16T16:09:29.596+0000] {logging_mixin.py:188} INFO - [2026-03-16T16:09:29.595+0000] {dag.py:3954} INFO - Setting next_dagrun for tutorial_taskflow_api to None, run_after=None
[2026-03-16T16:09:29.635+0000] {processor.py:183} INFO - Processing /home/airflow/.local/lib/python3.12/site-packages/airflow/example_dags/tutorial_taskflow_api.py took 0.434 seconds
[2026-03-16T16:10:00.126+0000] {processor.py:161} INFO - Started process (PID=1276) to work on /home/airflow/.local/lib/python3.12/site-packages/airflow/example_dags/tutorial_taskflow_api.py
[2026-03-16T16:10:00.127+0000] {processor.py:830} INFO - Processing file /home/airflow/.local/lib/python3.12/site-packages/airflow/example_dags/tutorial_taskflow_api.py for tasks to queue
[2026-03-16T16:10:00.130+0000] {logging_mixin.py:188} INFO - [2026-03-16T16:10:00.129+0000] {dagbag.py:545} INFO - Filling up the DagBag from /home/airflow/.local/lib/python3.12/site-packages/airflow/example_dags/tutorial_taskflow_api.py
[2026-03-16T16:10:00.141+0000] {processor.py:840} INFO - DAG(s) 'tutorial_taskflow_api' retrieved from /home/airflow/.local/lib/python3.12/site-packages/airflow/example_dags/tutorial_taskflow_api.py
[2026-03-16T16:10:00.171+0000] {logging_mixin.py:188} INFO - [2026-03-16T16:10:00.170+0000] {dag.py:3096} INFO - Sync 1 DAGs
[2026-03-16T16:10:00.202+0000] {logging_mixin.py:188} INFO - [2026-03-16T16:10:00.202+0000] {dag.py:3954} INFO - Setting next_dagrun for tutorial_taskflow_api to None, run_after=None
[2026-03-16T16:10:00.430+0000] {processor.py:183} INFO - Processing /home/airflow/.local/lib/python3.12/site-packages/airflow/example_dags/tutorial_taskflow_api.py took 0.314 seconds
[2026-03-16T16:10:31.280+0000] {processor.py:161} INFO - Started process (PID=1335) to work on /home/airflow/.local/lib/python3.12/site-packages/airflow/example_dags/tutorial_taskflow_api.py
[2026-03-16T16:10:31.281+0000] {processor.py:830} INFO - Processing file /home/airflow/.local/lib/python3.12/site-packages/airflow/example_dags/tutorial_taskflow_api.py for tasks to queue
[2026-03-16T16:10:31.284+0000] {logging_mixin.py:188} INFO - [2026-03-16T16:10:31.283+0000] {dagbag.py:545} INFO - Filling up the DagBag from /home/airflow/.local/lib/python3.12/site-packages/airflow/example_dags/tutorial_taskflow_api.py
[2026-03-16T16:10:31.295+0000] {processor.py:840} INFO - DAG(s) 'tutorial_taskflow_api' retrieved from /home/airflow/.local/lib/python3.12/site-packages/airflow/example_dags/tutorial_taskflow_api.py
[2026-03-16T16:10:31.328+0000] {logging_mixin.py:188} INFO - [2026-03-16T16:10:31.327+0000] {dag.py:3096} INFO - Sync 1 DAGs
[2026-03-16T16:10:31.348+0000] {logging_mixin.py:188} INFO - [2026-03-16T16:10:31.348+0000] {dag.py:3954} INFO - Setting next_dagrun for tutorial_taskflow_api to None, run_after=None
[2026-03-16T16:10:31.377+0000] {processor.py:183} INFO - Processing /home/airflow/.local/lib/python3.12/site-packages/airflow/example_dags/tutorial_taskflow_api.py took 0.105 seconds
[2026-03-16T16:11:01.603+0000] {processor.py:161} INFO - Started process (PID=1394) to work on /home/airflow/.local/lib/python3.12/site-packages/airflow/example_dags/tutorial_taskflow_api.py
[2026-03-16T16:11:01.604+0000] {processor.py:830} INFO - Processing file /home/airflow/.local/lib/python3.12/site-packages/airflow/example_dags/tutorial_taskflow_api.py for tasks to queue
[2026-03-16T16:11:01.606+0000] {logging_mixin.py:188} INFO - [2026-03-16T16:11:01.606+0000] {dagbag.py:545} INFO - Filling up the DagBag from /home/airflow/.local/lib/python3.12/site-packages/airflow/example_dags/tutorial_taskflow_api.py
[2026-03-16T16:11:01.615+0000] {processor.py:840} INFO - DAG(s) 'tutorial_taskflow_api' retrieved from /home/airflow/.local/lib/python3.12/site-packages/airflow/example_dags/tutorial_taskflow_api.py
[2026-03-16T16:11:01.639+0000] {logging_mixin.py:188} INFO - [2026-03-16T16:11:01.639+0000] {dag.py:3096} INFO - Sync 1 DAGs
[2026-03-16T16:11:01.659+0000] {logging_mixin.py:188} INFO - [2026-03-16T16:11:01.658+0000] {dag.py:3954} INFO - Setting next_dagrun for tutorial_taskflow_api to None, run_after=None
[2026-03-16T16:11:01.688+0000] {processor.py:183} INFO - Processing /home/airflow/.local/lib/python3.12/site-packages/airflow/example_dags/tutorial_taskflow_api.py took 0.092 seconds
[2026-03-16T16:11:32.376+0000] {processor.py:161} INFO - Started process (PID=1453) to work on /home/airflow/.local/lib/python3.12/site-packages/airflow/example_dags/tutorial_taskflow_api.py
[2026-03-16T16:11:32.377+0000] {processor.py:830} INFO - Processing file /home/airflow/.local/lib/python3.12/site-packages/airflow/example_dags/tutorial_taskflow_api.py for tasks to queue
[2026-03-16T16:11:32.379+0000] {logging_mixin.py:188} INFO - [2026-03-16T16:11:32.379+0000] {dagbag.py:545} INFO - Filling up the DagBag from /home/airflow/.local/lib/python3.12/site-packages/airflow/example_dags/tutorial_taskflow_api.py
[2026-03-16T16:11:32.388+0000] {processor.py:840} INFO - DAG(s) 'tutorial_taskflow_api' retrieved from /home/airflow/.local/lib/python3.12/site-packages/airflow/example_dags/tutorial_taskflow_api.py
[2026-03-16T16:11:32.415+0000] {logging_mixin.py:188} INFO - [2026-03-16T16:11:32.415+0000] {dag.py:3096} INFO - Sync 1 DAGs
[2026-03-16T16:11:32.439+0000] {logging_mixin.py:188} INFO - [2026-03-16T16:11:32.439+0000] {dag.py:3954} INFO - Setting next_dagrun for tutorial_taskflow_api to None, run_after=None
[2026-03-16T16:11:32.471+0000] {processor.py:183} INFO - Processing /home/airflow/.local/lib/python3.12/site-packages/airflow/example_dags/tutorial_taskflow_api.py took 0.105 seconds
[2026-03-16T16:12:03.463+0000] {processor.py:161} INFO - Started process (PID=1512) to work on /home/airflow/.local/lib/python3.12/site-packages/airflow/example_dags/tutorial_taskflow_api.py
[2026-03-16T16:12:03.464+0000] {processor.py:830} INFO - Processing file /home/airflow/.local/lib/python3.12/site-packages/airflow/example_dags/tutorial_taskflow_api.py for tasks to queue
[2026-03-16T16:12:03.468+0000] {logging_mixin.py:188} INFO - [2026-03-16T16:12:03.467+0000] {dagbag.py:545} INFO - Filling up the DagBag from /home/airflow/.local/lib/python3.12/site-packages/airflow/example_dags/tutorial_taskflow_api.py
[2026-03-16T16:12:03.478+0000] {processor.py:840} INFO - DAG(s) 'tutorial_taskflow_api' retrieved from /home/airflow/.local/lib/python3.12/site-packages/airflow/example_dags/tutorial_taskflow_api.py
[2026-03-16T16:12:03.505+0000] {logging_mixin.py:188} INFO - [2026-03-16T16:12:03.505+0000] {dag.py:3096} INFO - Sync 1 DAGs
[2026-03-16T16:12:03.522+0000] {logging_mixin.py:188} INFO - [2026-03-16T16:12:03.522+0000] {dag.py:3954} INFO - Setting next_dagrun for tutorial_taskflow_api to None, run_after=None
[2026-03-16T16:12:03.553+0000] {processor.py:183} INFO - Processing /home/airflow/.local/lib/python3.12/site-packages/airflow/example_dags/tutorial_taskflow_api.py took 0.099 seconds
[2026-03-16T16:12:34.079+0000] {processor.py:161} INFO - Started process (PID=1571) to work on /home/airflow/.local/lib/python3.12/site-packages/airflow/example_dags/tutorial_taskflow_api.py
[2026-03-16T16:12:34.082+0000] {processor.py:830} INFO - Processing file /home/airflow/.local/lib/python3.12/site-packages/airflow/example_dags/tutorial_taskflow_api.py for tasks to queue
[2026-03-16T16:12:34.085+0000] {logging_mixin.py:188} INFO - [2026-03-16T16:12:34.085+0000] {dagbag.py:545} INFO - Filling up the DagBag from /home/airflow/.local/lib/python3.12/site-packages/airflow/example_dags/tutorial_taskflow_api.py
[2026-03-16T16:12:34.094+0000] {processor.py:840} INFO - DAG(s) 'tutorial_taskflow_api' retrieved from /home/airflow/.local/lib/python3.12/site-packages/airflow/example_dags/tutorial_taskflow_api.py
[2026-03-16T16:12:34.117+0000] {logging_mixin.py:188} INFO - [2026-03-16T16:12:34.117+0000] {dag.py:3096} INFO - Sync 1 DAGs
[2026-03-16T16:12:34.134+0000] {logging_mixin.py:188} INFO - [2026-03-16T16:12:34.133+0000] {dag.py:3954} INFO - Setting next_dagrun for tutorial_taskflow_api to None, run_after=None
[2026-03-16T16:12:34.160+0000] {processor.py:183} INFO - Processing /home/airflow/.local/lib/python3.12/site-packages/airflow/example_dags/tutorial_taskflow_api.py took 0.087 seconds
[2026-03-16T16:13:04.632+0000] {processor.py:161} INFO - Started process (PID=1630) to work on /home/airflow/.local/lib/python3.12/site-packages/airflow/example_dags/tutorial_taskflow_api.py
[2026-03-16T16:13:04.634+0000] {processor.py:830} INFO - Processing file /home/airflow/.local/lib/python3.12/site-packages/airflow/example_dags/tutorial_taskflow_api.py for tasks to queue
[2026-03-16T16:13:04.637+0000] {logging_mixin.py:188} INFO - [2026-03-16T16:13:04.637+0000] {dagbag.py:545} INFO - Filling up the DagBag from /home/airflow/.local/lib/python3.12/site-packages/airflow/example_dags/tutorial_taskflow_api.py
[2026-03-16T16:13:04.652+0000] {processor.py:840} INFO - DAG(s) 'tutorial_taskflow_api' retrieved from /home/airflow/.local/lib/python3.12/site-packages/airflow/example_dags/tutorial_taskflow_api.py
[2026-03-16T16:13:04.689+0000] {logging_mixin.py:188} INFO - [2026-03-16T16:13:04.686+0000] {dag.py:3096} INFO - Sync 1 DAGs
[2026-03-16T16:13:04.712+0000] {logging_mixin.py:188} INFO - [2026-03-16T16:13:04.711+0000] {dag.py:3954} INFO - Setting next_dagrun for tutorial_taskflow_api to None, run_after=None
[2026-03-16T16:13:04.747+0000] {processor.py:183} INFO - Processing /home/airflow/.local/lib/python3.12/site-packages/airflow/example_dags/tutorial_taskflow_api.py took 0.127 seconds
[2026-03-16T16:13:35.321+0000] {processor.py:161} INFO - Started process (PID=1690) to work on /home/airflow/.local/lib/python3.12/site-packages/airflow/example_dags/tutorial_taskflow_api.py
[2026-03-16T16:13:35.322+0000] {processor.py:830} INFO - Processing file /home/airflow/.local/lib/python3.12/site-packages/airflow/example_dags/tutorial_taskflow_api.py for tasks to queue
[2026-03-16T16:13:35.325+0000] {logging_mixin.py:188} INFO - [2026-03-16T16:13:35.325+0000] {dagbag.py:545} INFO - Filling up the DagBag from /home/airflow/.local/lib/python3.12/site-packages/airflow/example_dags/tutorial_taskflow_api.py
[2026-03-16T16:13:35.335+0000] {processor.py:840} INFO - DAG(s) 'tutorial_taskflow_api' retrieved from /home/airflow/.local/lib/python3.12/site-packages/airflow/example_dags/tutorial_taskflow_api.py
[2026-03-16T16:13:35.363+0000] {logging_mixin.py:188} INFO - [2026-03-16T16:13:35.363+0000] {dag.py:3096} INFO - Sync 1 DAGs
[2026-03-16T16:13:35.382+0000] {logging_mixin.py:188} INFO - [2026-03-16T16:13:35.382+0000] {dag.py:3954} INFO - Setting next_dagrun for tutorial_taskflow_api to None, run_after=None
[2026-03-16T16:13:35.413+0000] {processor.py:183} INFO - Processing /home/airflow/.local/lib/python3.12/site-packages/airflow/example_dags/tutorial_taskflow_api.py took 0.101 seconds
[2026-03-16T16:14:06.191+0000] {processor.py:161} INFO - Started process (PID=1749) to work on /home/airflow/.local/lib/python3.12/site-packages/airflow/example_dags/tutorial_taskflow_api.py
[2026-03-16T16:14:06.192+0000] {processor.py:830} INFO - Processing file /home/airflow/.local/lib/python3.12/site-packages/airflow/example_dags/tutorial_taskflow_api.py for tasks to queue
[2026-03-16T16:14:06.195+0000] {logging_mixin.py:188} INFO - [2026-03-16T16:14:06.194+0000] {dagbag.py:545} INFO - Filling up the DagBag from /home/airflow/.local/lib/python3.12/site-packages/airflow/example_dags/tutorial_taskflow_api.py
[2026-03-16T16:14:06.204+0000] {processor.py:840} INFO - DAG(s) 'tutorial_taskflow_api' retrieved from /home/airflow/.local/lib/python3.12/site-packages/airflow/example_dags/tutorial_taskflow_api.py
[2026-03-16T16:14:06.231+0000] {logging_mixin.py:188} INFO - [2026-03-16T16:14:06.231+0000] {dag.py:3096} INFO - Sync 1 DAGs
[2026-03-16T16:14:06.247+0000] {logging_mixin.py:188} INFO - [2026-03-16T16:14:06.246+0000] {dag.py:3954} INFO - Setting next_dagrun for tutorial_taskflow_api to None, run_after=None
[2026-03-16T16:14:06.278+0000] {processor.py:183} INFO - Processing /home/airflow/.local/lib/python3.12/site-packages/airflow/example_dags/tutorial_taskflow_api.py took 0.095 seconds
[2026-03-16T16:14:36.486+0000] {processor.py:161} INFO - Started process (PID=1808) to work on /home/airflow/.local/lib/python3.12/site-packages/airflow/example_dags/tutorial_taskflow_api.py
[2026-03-16T16:14:36.487+0000] {processor.py:830} INFO - Processing file /home/airflow/.local/lib/python3.12/site-packages/airflow/example_dags/tutorial_taskflow_api.py for tasks to queue
[2026-03-16T16:14:36.494+0000] {logging_mixin.py:188} INFO - [2026-03-16T16:14:36.493+0000] {dagbag.py:545} INFO - Filling up the DagBag from /home/airflow/.local/lib/python3.12/site-packages/airflow/example_dags/tutorial_taskflow_api.py
[2026-03-16T16:14:36.503+0000] {processor.py:840} INFO - DAG(s) 'tutorial_taskflow_api' retrieved from /home/airflow/.local/lib/python3.12/site-packages/airflow/example_dags/tutorial_taskflow_api.py
[2026-03-16T16:14:36.544+0000] {logging_mixin.py:188} INFO - [2026-03-16T16:14:36.543+0000] {dag.py:3096} INFO - Sync 1 DAGs
[2026-03-16T16:14:36.562+0000] {logging_mixin.py:188} INFO - [2026-03-16T16:14:36.562+0000] {dag.py:3954} INFO - Setting next_dagrun for tutorial_taskflow_api to None, run_after=None
[2026-03-16T16:14:36.589+0000] {processor.py:183} INFO - Processing /home/airflow/.local/lib/python3.12/site-packages/airflow/example_dags/tutorial_taskflow_api.py took 0.111 seconds
[2026-03-16T16:15:07.203+0000] {processor.py:161} INFO - Started process (PID=1867) to work on /home/airflow/.local/lib/python3.12/site-packages/airflow/example_dags/tutorial_taskflow_api.py
[2026-03-16T16:15:07.205+0000] {processor.py:830} INFO - Processing file /home/airflow/.local/lib/python3.12/site-packages/airflow/example_dags/tutorial_taskflow_api.py for tasks to queue
[2026-03-16T16:15:07.207+0000] {logging_mixin.py:188} INFO - [2026-03-16T16:15:07.206+0000] {dagbag.py:545} INFO - Filling up the DagBag from /home/airflow/.local/lib/python3.12/site-packages/airflow/example_dags/tutorial_taskflow_api.py
[2026-03-16T16:15:07.215+0000] {processor.py:840} INFO - DAG(s) 'tutorial_taskflow_api' retrieved from /home/airflow/.local/lib/python3.12/site-packages/airflow/example_dags/tutorial_taskflow_api.py
[2026-03-16T16:15:07.239+0000] {logging_mixin.py:188} INFO - [2026-03-16T16:15:07.238+0000] {dag.py:3096} INFO - Sync 1 DAGs
[2026-03-16T16:15:07.260+0000] {logging_mixin.py:188} INFO - [2026-03-16T16:15:07.259+0000] {dag.py:3954} INFO - Setting next_dagrun for tutorial_taskflow_api to None, run_after=None
[2026-03-16T16:15:07.300+0000] {processor.py:183} INFO - Processing /home/airflow/.local/lib/python3.12/site-packages/airflow/example_dags/tutorial_taskflow_api.py took 0.104 seconds
[2026-03-16T16:15:38.031+0000] {processor.py:161} INFO - Started process (PID=1926) to work on /home/airflow/.local/lib/python3.12/site-packages/airflow/example_dags/tutorial_taskflow_api.py
[2026-03-16T16:15:38.032+0000] {processor.py:830} INFO - Processing file /home/airflow/.local/lib/python3.12/site-packages/airflow/example_dags/tutorial_taskflow_api.py for tasks to queue
[2026-03-16T16:15:38.035+0000] {logging_mixin.py:188} INFO - [2026-03-16T16:15:38.034+0000] {dagbag.py:545} INFO - Filling up the DagBag from /home/airflow/.local/lib/python3.12/site-packages/airflow/example_dags/tutorial_taskflow_api.py
[2026-03-16T16:15:38.044+0000] {processor.py:840} INFO - DAG(s) 'tutorial_taskflow_api' retrieved from /home/airflow/.local/lib/python3.12/site-packages/airflow/example_dags/tutorial_taskflow_api.py
[2026-03-16T16:15:38.072+0000] {logging_mixin.py:188} INFO - [2026-03-16T16:15:38.072+0000] {dag.py:3096} INFO - Sync 1 DAGs
[2026-03-16T16:15:38.091+0000] {logging_mixin.py:188} INFO - [2026-03-16T16:15:38.090+0000] {dag.py:3954} INFO - Setting next_dagrun for tutorial_taskflow_api to None, run_after=None
[2026-03-16T16:15:38.117+0000] {processor.py:183} INFO - Processing /home/airflow/.local/lib/python3.12/site-packages/airflow/example_dags/tutorial_taskflow_api.py took 0.093 seconds
[2026-03-16T16:16:08.327+0000] {processor.py:161} INFO - Started process (PID=1985) to work on /home/airflow/.local/lib/python3.12/site-packages/airflow/example_dags/tutorial_taskflow_api.py
[2026-03-16T16:16:08.342+0000] {processor.py:830} INFO - Processing file /home/airflow/.local/lib/python3.12/site-packages/airflow/example_dags/tutorial_taskflow_api.py for tasks to queue
[2026-03-16T16:16:08.350+0000] {logging_mixin.py:188} INFO - [2026-03-16T16:16:08.350+0000] {dagbag.py:545} INFO - Filling up the DagBag from /home/airflow/.local/lib/python3.12/site-packages/airflow/example_dags/tutorial_taskflow_api.py
[2026-03-16T16:16:08.363+0000] {processor.py:840} INFO - DAG(s) 'tutorial_taskflow_api' retrieved from /home/airflow/.local/lib/python3.12/site-packages/airflow/example_dags/tutorial_taskflow_api.py
[2026-03-16T16:16:08.413+0000] {logging_mixin.py:188} INFO - [2026-03-16T16:16:08.412+0000] {dag.py:3096} INFO - Sync 1 DAGs
[2026-03-16T16:16:08.440+0000] {logging_mixin.py:188} INFO - [2026-03-16T16:16:08.440+0000] {dag.py:3954} INFO - Setting next_dagrun for tutorial_taskflow_api to None, run_after=None
[2026-03-16T16:16:08.492+0000] {processor.py:183} INFO - Processing /home/airflow/.local/lib/python3.12/site-packages/airflow/example_dags/tutorial_taskflow_api.py took 0.179 seconds
[2026-03-16T16:16:38.817+0000] {processor.py:161} INFO - Started process (PID=2044) to work on /home/airflow/.local/lib/python3.12/site-packages/airflow/example_dags/tutorial_taskflow_api.py
[2026-03-16T16:16:38.818+0000] {processor.py:830} INFO - Processing file /home/airflow/.local/lib/python3.12/site-packages/airflow/example_dags/tutorial_taskflow_api.py for tasks to queue
[2026-03-16T16:16:38.820+0000] {logging_mixin.py:188} INFO - [2026-03-16T16:16:38.820+0000] {dagbag.py:545} INFO - Filling up the DagBag from /home/airflow/.local/lib/python3.12/site-packages/airflow/example_dags/tutorial_taskflow_api.py
[2026-03-16T16:16:38.827+0000] {processor.py:840} INFO - DAG(s) 'tutorial_taskflow_api' retrieved from /home/airflow/.local/lib/python3.12/site-packages/airflow/example_dags/tutorial_taskflow_api.py
[2026-03-16T16:16:38.849+0000] {logging_mixin.py:188} INFO - [2026-03-16T16:16:38.849+0000] {dag.py:3096} INFO - Sync 1 DAGs
[2026-03-16T16:16:38.863+0000] {logging_mixin.py:188} INFO - [2026-03-16T16:16:38.863+0000] {dag.py:3954} INFO - Setting next_dagrun for tutorial_taskflow_api to None, run_after=None
[2026-03-16T16:16:38.888+0000] {processor.py:183} INFO - Processing /home/airflow/.local/lib/python3.12/site-packages/airflow/example_dags/tutorial_taskflow_api.py took 0.079 seconds
[2026-03-16T16:17:09.434+0000] {processor.py:161} INFO - Started process (PID=2103) to work on /home/airflow/.local/lib/python3.12/site-packages/airflow/example_dags/tutorial_taskflow_api.py
[2026-03-16T16:17:09.436+0000] {processor.py:830} INFO - Processing file /home/airflow/.local/lib/python3.12/site-packages/airflow/example_dags/tutorial_taskflow_api.py for tasks to queue
[2026-03-16T16:17:09.439+0000] {logging_mixin.py:188} INFO - [2026-03-16T16:17:09.439+0000] {dagbag.py:545} INFO - Filling up the DagBag from /home/airflow/.local/lib/python3.12/site-packages/airflow/example_dags/tutorial_taskflow_api.py
[2026-03-16T16:17:09.447+0000] {processor.py:840} INFO - DAG(s) 'tutorial_taskflow_api' retrieved from /home/airflow/.local/lib/python3.12/site-packages/airflow/example_dags/tutorial_taskflow_api.py
[2026-03-16T16:17:09.482+0000] {logging_mixin.py:188} INFO - [2026-03-16T16:17:09.482+0000] {dag.py:3096} INFO - Sync 1 DAGs
[2026-03-16T16:17:09.504+0000] {logging_mixin.py:188} INFO - [2026-03-16T16:17:09.504+0000] {dag.py:3954} INFO - Setting next_dagrun for tutorial_taskflow_api to None, run_after=None
[2026-03-16T16:17:09.536+0000] {processor.py:183} INFO - Processing /home/airflow/.local/lib/python3.12/site-packages/airflow/example_dags/tutorial_taskflow_api.py took 0.111 seconds
[2026-03-16T16:17:39.721+0000] {processor.py:161} INFO - Started process (PID=2162) to work on /home/airflow/.local/lib/python3.12/site-packages/airflow/example_dags/tutorial_taskflow_api.py
[2026-03-16T16:17:39.722+0000] {processor.py:830} INFO - Processing file /home/airflow/.local/lib/python3.12/site-packages/airflow/example_dags/tutorial_taskflow_api.py for tasks to queue
[2026-03-16T16:17:39.725+0000] {logging_mixin.py:188} INFO - [2026-03-16T16:17:39.725+0000] {dagbag.py:545} INFO - Filling up the DagBag from /home/airflow/.local/lib/python3.12/site-packages/airflow/example_dags/tutorial_taskflow_api.py
[2026-03-16T16:17:39.735+0000] {processor.py:840} INFO - DAG(s) 'tutorial_taskflow_api' retrieved from /home/airflow/.local/lib/python3.12/site-packages/airflow/example_dags/tutorial_taskflow_api.py
[2026-03-16T16:17:39.766+0000] {logging_mixin.py:188} INFO - [2026-03-16T16:17:39.766+0000] {dag.py:3096} INFO - Sync 1 DAGs
[2026-03-16T16:17:39.784+0000] {logging_mixin.py:188} INFO - [2026-03-16T16:17:39.783+0000] {dag.py:3954} INFO - Setting next_dagrun for tutorial_taskflow_api to None, run_after=None
[2026-03-16T16:17:39.823+0000] {processor.py:183} INFO - Processing /home/airflow/.local/lib/python3.12/site-packages/airflow/example_dags/tutorial_taskflow_api.py took 0.109 seconds
[2026-03-16T16:18:10.368+0000] {processor.py:161} INFO - Started process (PID=2227) to work on /home/airflow/.local/lib/python3.12/site-packages/airflow/example_dags/tutorial_taskflow_api.py
[2026-03-16T16:18:10.369+0000] {processor.py:830} INFO - Processing file /home/airflow/.local/lib/python3.12/site-packages/airflow/example_dags/tutorial_taskflow_api.py for tasks to queue
[2026-03-16T16:18:10.372+0000] {logging_mixin.py:188} INFO - [2026-03-16T16:18:10.372+0000] {dagbag.py:545} INFO - Filling up the DagBag from /home/airflow/.local/lib/python3.12/site-packages/airflow/example_dags/tutorial_taskflow_api.py
[2026-03-16T16:18:10.380+0000] {processor.py:840} INFO - DAG(s) 'tutorial_taskflow_api' retrieved from /home/airflow/.local/lib/python3.12/site-packages/airflow/example_dags/tutorial_taskflow_api.py
[2026-03-16T16:18:10.404+0000] {logging_mixin.py:188} INFO - [2026-03-16T16:18:10.404+0000] {dag.py:3096} INFO - Sync 1 DAGs
[2026-03-16T16:18:10.420+0000] {logging_mixin.py:188} INFO - [2026-03-16T16:18:10.420+0000] {dag.py:3954} INFO - Setting next_dagrun for tutorial_taskflow_api to None, run_after=None
[2026-03-16T16:18:10.451+0000] {processor.py:183} INFO - Processing /home/airflow/.local/lib/python3.12/site-packages/airflow/example_dags/tutorial_taskflow_api.py took 0.091 seconds
[2026-03-16T16:18:40.839+0000] {processor.py:161} INFO - Started process (PID=2285) to work on /home/airflow/.local/lib/python3.12/site-packages/airflow/example_dags/tutorial_taskflow_api.py
[2026-03-16T16:18:40.840+0000] {processor.py:830} INFO - Processing file /home/airflow/.local/lib/python3.12/site-packages/airflow/example_dags/tutorial_taskflow_api.py for tasks to queue
[2026-03-16T16:18:40.842+0000] {logging_mixin.py:188} INFO - [2026-03-16T16:18:40.842+0000] {dagbag.py:545} INFO - Filling up the DagBag from /home/airflow/.local/lib/python3.12/site-packages/airflow/example_dags/tutorial_taskflow_api.py
[2026-03-16T16:18:40.851+0000] {processor.py:840} INFO - DAG(s) 'tutorial_taskflow_api' retrieved from /home/airflow/.local/lib/python3.12/site-packages/airflow/example_dags/tutorial_taskflow_api.py
[2026-03-16T16:18:40.877+0000] {logging_mixin.py:188} INFO - [2026-03-16T16:18:40.877+0000] {dag.py:3096} INFO - Sync 1 DAGs
[2026-03-16T16:18:40.894+0000] {logging_mixin.py:188} INFO - [2026-03-16T16:18:40.894+0000] {dag.py:3954} INFO - Setting next_dagrun for tutorial_taskflow_api to None, run_after=None
[2026-03-16T16:18:40.923+0000] {processor.py:183} INFO - Processing /home/airflow/.local/lib/python3.12/site-packages/airflow/example_dags/tutorial_taskflow_api.py took 0.093 seconds
[2026-03-16T16:19:11.833+0000] {processor.py:161} INFO - Started process (PID=2343) to work on /home/airflow/.local/lib/python3.12/site-packages/airflow/example_dags/tutorial_taskflow_api.py
[2026-03-16T16:19:11.835+0000] {processor.py:830} INFO - Processing file /home/airflow/.local/lib/python3.12/site-packages/airflow/example_dags/tutorial_taskflow_api.py for tasks to queue
[2026-03-16T16:19:11.839+0000] {logging_mixin.py:188} INFO - [2026-03-16T16:19:11.838+0000] {dagbag.py:545} INFO - Filling up the DagBag from /home/airflow/.local/lib/python3.12/site-packages/airflow/example_dags/tutorial_taskflow_api.py
[2026-03-16T16:19:11.855+0000] {processor.py:840} INFO - DAG(s) 'tutorial_taskflow_api' retrieved from /home/airflow/.local/lib/python3.12/site-packages/airflow/example_dags/tutorial_taskflow_api.py
[2026-03-16T16:19:11.910+0000] {logging_mixin.py:188} INFO - [2026-03-16T16:19:11.910+0000] {dag.py:3096} INFO - Sync 1 DAGs
[2026-03-16T16:19:11.941+0000] {logging_mixin.py:188} INFO - [2026-03-16T16:19:11.940+0000] {dag.py:3954} INFO - Setting next_dagrun for tutorial_taskflow_api to None, run_after=None
[2026-03-16T16:19:12.011+0000] {processor.py:183} INFO - Processing /home/airflow/.local/lib/python3.12/site-packages/airflow/example_dags/tutorial_taskflow_api.py took 0.191 seconds
[2026-03-16T16:19:42.802+0000] {processor.py:161} INFO - Started process (PID=2402) to work on /home/airflow/.local/lib/python3.12/site-packages/airflow/example_dags/tutorial_taskflow_api.py
[2026-03-16T16:19:42.804+0000] {processor.py:830} INFO - Processing file /home/airflow/.local/lib/python3.12/site-packages/airflow/example_dags/tutorial_taskflow_api.py for tasks to queue
[2026-03-16T16:19:42.807+0000] {logging_mixin.py:188} INFO - [2026-03-16T16:19:42.806+0000] {dagbag.py:545} INFO - Filling up the DagBag from /home/airflow/.local/lib/python3.12/site-packages/airflow/example_dags/tutorial_taskflow_api.py
[2026-03-16T16:19:42.815+0000] {processor.py:840} INFO - DAG(s) 'tutorial_taskflow_api' retrieved from /home/airflow/.local/lib/python3.12/site-packages/airflow/example_dags/tutorial_taskflow_api.py
[2026-03-16T16:19:42.844+0000] {logging_mixin.py:188} INFO - [2026-03-16T16:19:42.843+0000] {dag.py:3096} INFO - Sync 1 DAGs
[2026-03-16T16:19:42.861+0000] {logging_mixin.py:188} INFO - [2026-03-16T16:19:42.861+0000] {dag.py:3954} INFO - Setting next_dagrun for tutorial_taskflow_api to None, run_after=None
[2026-03-16T16:19:42.888+0000] {processor.py:183} INFO - Processing /home/airflow/.local/lib/python3.12/site-packages/airflow/example_dags/tutorial_taskflow_api.py took 0.096 seconds
[2026-03-16T16:20:13.791+0000] {processor.py:161} INFO - Started process (PID=2461) to work on /home/airflow/.local/lib/python3.12/site-packages/airflow/example_dags/tutorial_taskflow_api.py
[2026-03-16T16:20:13.793+0000] {processor.py:830} INFO - Processing file /home/airflow/.local/lib/python3.12/site-packages/airflow/example_dags/tutorial_taskflow_api.py for tasks to queue
[2026-03-16T16:20:13.795+0000] {logging_mixin.py:188} INFO - [2026-03-16T16:20:13.795+0000] {dagbag.py:545} INFO - Filling up the DagBag from /home/airflow/.local/lib/python3.12/site-packages/airflow/example_dags/tutorial_taskflow_api.py
[2026-03-16T16:20:13.804+0000] {processor.py:840} INFO - DAG(s) 'tutorial_taskflow_api' retrieved from /home/airflow/.local/lib/python3.12/site-packages/airflow/example_dags/tutorial_taskflow_api.py
[2026-03-16T16:20:13.829+0000] {logging_mixin.py:188} INFO - [2026-03-16T16:20:13.829+0000] {dag.py:3096} INFO - Sync 1 DAGs
[2026-03-16T16:20:13.849+0000] {logging_mixin.py:188} INFO - [2026-03-16T16:20:13.849+0000] {dag.py:3954} INFO - Setting next_dagrun for tutorial_taskflow_api to None, run_after=None
[2026-03-16T16:20:13.878+0000] {processor.py:183} INFO - Processing /home/airflow/.local/lib/python3.12/site-packages/airflow/example_dags/tutorial_taskflow_api.py took 0.095 seconds
[2026-03-16T16:20:44.850+0000] {processor.py:161} INFO - Started process (PID=2521) to work on /home/airflow/.local/lib/python3.12/site-packages/airflow/example_dags/tutorial_taskflow_api.py
[2026-03-16T16:20:44.851+0000] {processor.py:830} INFO - Processing file /home/airflow/.local/lib/python3.12/site-packages/airflow/example_dags/tutorial_taskflow_api.py for tasks to queue
[2026-03-16T16:20:44.854+0000] {logging_mixin.py:188} INFO - [2026-03-16T16:20:44.854+0000] {dagbag.py:545} INFO - Filling up the DagBag from /home/airflow/.local/lib/python3.12/site-packages/airflow/example_dags/tutorial_taskflow_api.py
[2026-03-16T16:20:44.864+0000] {processor.py:840} INFO - DAG(s) 'tutorial_taskflow_api' retrieved from /home/airflow/.local/lib/python3.12/site-packages/airflow/example_dags/tutorial_taskflow_api.py
[2026-03-16T16:20:44.891+0000] {logging_mixin.py:188} INFO - [2026-03-16T16:20:44.890+0000] {dag.py:3096} INFO - Sync 1 DAGs
[2026-03-16T16:20:44.915+0000] {logging_mixin.py:188} INFO - [2026-03-16T16:20:44.914+0000] {dag.py:3954} INFO - Setting next_dagrun for tutorial_taskflow_api to None, run_after=None
[2026-03-16T16:20:44.949+0000] {processor.py:183} INFO - Processing /home/airflow/.local/lib/python3.12/site-packages/airflow/example_dags/tutorial_taskflow_api.py took 0.106 seconds
[2026-03-16T16:21:15.975+0000] {processor.py:161} INFO - Started process (PID=2580) to work on /home/airflow/.local/lib/python3.12/site-packages/airflow/example_dags/tutorial_taskflow_api.py
[2026-03-16T16:21:15.977+0000] {processor.py:830} INFO - Processing file /home/airflow/.local/lib/python3.12/site-packages/airflow/example_dags/tutorial_taskflow_api.py for tasks to queue
[2026-03-16T16:21:15.979+0000] {logging_mixin.py:188} INFO - [2026-03-16T16:21:15.979+0000] {dagbag.py:545} INFO - Filling up the DagBag from /home/airflow/.local/lib/python3.12/site-packages/airflow/example_dags/tutorial_taskflow_api.py
[2026-03-16T16:21:15.989+0000] {processor.py:840} INFO - DAG(s) 'tutorial_taskflow_api' retrieved from /home/airflow/.local/lib/python3.12/site-packages/airflow/example_dags/tutorial_taskflow_api.py
[2026-03-16T16:21:16.016+0000] {logging_mixin.py:188} INFO - [2026-03-16T16:21:16.016+0000] {dag.py:3096} INFO - Sync 1 DAGs
[2026-03-16T16:21:16.034+0000] {logging_mixin.py:188} INFO - [2026-03-16T16:21:16.034+0000] {dag.py:3954} INFO - Setting next_dagrun for tutorial_taskflow_api to None, run_after=None
[2026-03-16T16:21:16.069+0000] {processor.py:183} INFO - Processing /home/airflow/.local/lib/python3.12/site-packages/airflow/example_dags/tutorial_taskflow_api.py took 0.101 seconds
[2026-03-16T16:21:46.165+0000] {processor.py:161} INFO - Started process (PID=2639) to work on /home/airflow/.local/lib/python3.12/site-packages/airflow/example_dags/tutorial_taskflow_api.py
[2026-03-16T16:21:46.167+0000] {processor.py:830} INFO - Processing file /home/airflow/.local/lib/python3.12/site-packages/airflow/example_dags/tutorial_taskflow_api.py for tasks to queue
[2026-03-16T16:21:46.171+0000] {logging_mixin.py:188} INFO - [2026-03-16T16:21:46.170+0000] {dagbag.py:545} INFO - Filling up the DagBag from /home/airflow/.local/lib/python3.12/site-packages/airflow/example_dags/tutorial_taskflow_api.py
[2026-03-16T16:21:46.182+0000] {processor.py:840} INFO - DAG(s) 'tutorial_taskflow_api' retrieved from /home/airflow/.local/lib/python3.12/site-packages/airflow/example_dags/tutorial_taskflow_api.py
[2026-03-16T16:21:46.214+0000] {logging_mixin.py:188} INFO - [2026-03-16T16:21:46.214+0000] {dag.py:3096} INFO - Sync 1 DAGs
[2026-03-16T16:21:46.232+0000] {logging_mixin.py:188} INFO - [2026-03-16T16:21:46.232+0000] {dag.py:3954} INFO - Setting next_dagrun for tutorial_taskflow_api to None, run_after=None
[2026-03-16T16:21:46.263+0000] {processor.py:183} INFO - Processing /home/airflow/.local/lib/python3.12/site-packages/airflow/example_dags/tutorial_taskflow_api.py took 0.109 seconds
[2026-03-16T16:22:16.441+0000] {processor.py:161} INFO - Started process (PID=2698) to work on /home/airflow/.local/lib/python3.12/site-packages/airflow/example_dags/tutorial_taskflow_api.py
[2026-03-16T16:22:16.442+0000] {processor.py:830} INFO - Processing file /home/airflow/.local/lib/python3.12/site-packages/airflow/example_dags/tutorial_taskflow_api.py for tasks to queue
[2026-03-16T16:22:16.444+0000] {logging_mixin.py:188} INFO - [2026-03-16T16:22:16.444+0000] {dagbag.py:545} INFO - Filling up the DagBag from /home/airflow/.local/lib/python3.12/site-packages/airflow/example_dags/tutorial_taskflow_api.py
[2026-03-16T16:22:16.453+0000] {processor.py:840} INFO - DAG(s) 'tutorial_taskflow_api' retrieved from /home/airflow/.local/lib/python3.12/site-packages/airflow/example_dags/tutorial_taskflow_api.py
[2026-03-16T16:22:16.481+0000] {logging_mixin.py:188} INFO - [2026-03-16T16:22:16.481+0000] {dag.py:3096} INFO - Sync 1 DAGs
[2026-03-16T16:22:16.504+0000] {logging_mixin.py:188} INFO - [2026-03-16T16:22:16.504+0000] {dag.py:3954} INFO - Setting next_dagrun for tutorial_taskflow_api to None, run_after=None
[2026-03-16T16:22:16.531+0000] {processor.py:183} INFO - Processing /home/airflow/.local/lib/python3.12/site-packages/airflow/example_dags/tutorial_taskflow_api.py took 0.098 seconds
[2026-03-16T16:22:46.702+0000] {processor.py:161} INFO - Started process (PID=2756) to work on /home/airflow/.local/lib/python3.12/site-packages/airflow/example_dags/tutorial_taskflow_api.py
[2026-03-16T16:22:46.704+0000] {processor.py:830} INFO - Processing file /home/airflow/.local/lib/python3.12/site-packages/airflow/example_dags/tutorial_taskflow_api.py for tasks to queue
[2026-03-16T16:22:46.713+0000] {logging_mixin.py:188} INFO - [2026-03-16T16:22:46.712+0000] {dagbag.py:545} INFO - Filling up the DagBag from /home/airflow/.local/lib/python3.12/site-packages/airflow/example_dags/tutorial_taskflow_api.py
[2026-03-16T16:22:46.727+0000] {processor.py:840} INFO - DAG(s) 'tutorial_taskflow_api' retrieved from /home/airflow/.local/lib/python3.12/site-packages/airflow/example_dags/tutorial_taskflow_api.py
[2026-03-16T16:22:46.762+0000] {logging_mixin.py:188} INFO - [2026-03-16T16:22:46.762+0000] {dag.py:3096} INFO - Sync 1 DAGs
[2026-03-16T16:22:46.788+0000] {logging_mixin.py:188} INFO - [2026-03-16T16:22:46.788+0000] {dag.py:3954} INFO - Setting next_dagrun for tutorial_taskflow_api to None, run_after=None
[2026-03-16T16:22:46.837+0000] {processor.py:183} INFO - Processing /home/airflow/.local/lib/python3.12/site-packages/airflow/example_dags/tutorial_taskflow_api.py took 0.143 seconds
[2026-03-16T16:23:17.599+0000] {processor.py:161} INFO - Started process (PID=2815) to work on /home/airflow/.local/lib/python3.12/site-packages/airflow/example_dags/tutorial_taskflow_api.py
[2026-03-16T16:23:17.600+0000] {processor.py:830} INFO - Processing file /home/airflow/.local/lib/python3.12/site-packages/airflow/example_dags/tutorial_taskflow_api.py for tasks to queue
[2026-03-16T16:23:17.602+0000] {logging_mixin.py:188} INFO - [2026-03-16T16:23:17.602+0000] {dagbag.py:545} INFO - Filling up the DagBag from /home/airflow/.local/lib/python3.12/site-packages/airflow/example_dags/tutorial_taskflow_api.py
[2026-03-16T16:23:17.612+0000] {processor.py:840} INFO - DAG(s) 'tutorial_taskflow_api' retrieved from /home/airflow/.local/lib/python3.12/site-packages/airflow/example_dags/tutorial_taskflow_api.py
[2026-03-16T16:23:17.638+0000] {logging_mixin.py:188} INFO - [2026-03-16T16:23:17.638+0000] {dag.py:3096} INFO - Sync 1 DAGs
[2026-03-16T16:23:17.655+0000] {logging_mixin.py:188} INFO - [2026-03-16T16:23:17.655+0000] {dag.py:3954} INFO - Setting next_dagrun for tutorial_taskflow_api to None, run_after=None
[2026-03-16T16:23:17.686+0000] {processor.py:183} INFO - Processing /home/airflow/.local/lib/python3.12/site-packages/airflow/example_dags/tutorial_taskflow_api.py took 0.094 seconds
[2026-03-16T16:23:48.155+0000] {processor.py:161} INFO - Started process (PID=2874) to work on /home/airflow/.local/lib/python3.12/site-packages/airflow/example_dags/tutorial_taskflow_api.py
[2026-03-16T16:23:48.157+0000] {processor.py:830} INFO - Processing file /home/airflow/.local/lib/python3.12/site-packages/airflow/example_dags/tutorial_taskflow_api.py for tasks to queue
[2026-03-16T16:23:48.160+0000] {logging_mixin.py:188} INFO - [2026-03-16T16:23:48.160+0000] {dagbag.py:545} INFO - Filling up the DagBag from /home/airflow/.local/lib/python3.12/site-packages/airflow/example_dags/tutorial_taskflow_api.py
[2026-03-16T16:23:48.169+0000] {processor.py:840} INFO - DAG(s) 'tutorial_taskflow_api' retrieved from /home/airflow/.local/lib/python3.12/site-packages/airflow/example_dags/tutorial_taskflow_api.py
[2026-03-16T16:23:48.201+0000] {logging_mixin.py:188} INFO - [2026-03-16T16:23:48.200+0000] {dag.py:3096} INFO - Sync 1 DAGs
[2026-03-16T16:23:48.231+0000] {logging_mixin.py:188} INFO - [2026-03-16T16:23:48.230+0000] {dag.py:3954} INFO - Setting next_dagrun for tutorial_taskflow_api to None, run_after=None
[2026-03-16T16:23:48.276+0000] {processor.py:183} INFO - Processing /home/airflow/.local/lib/python3.12/site-packages/airflow/example_dags/tutorial_taskflow_api.py took 0.129 seconds
[2026-03-16T16:24:18.829+0000] {processor.py:161} INFO - Started process (PID=2933) to work on /home/airflow/.local/lib/python3.12/site-packages/airflow/example_dags/tutorial_taskflow_api.py
[2026-03-16T16:24:18.844+0000] {processor.py:830} INFO - Processing file /home/airflow/.local/lib/python3.12/site-packages/airflow/example_dags/tutorial_taskflow_api.py for tasks to queue
[2026-03-16T16:24:18.852+0000] {logging_mixin.py:188} INFO - [2026-03-16T16:24:18.851+0000] {dagbag.py:545} INFO - Filling up the DagBag from /home/airflow/.local/lib/python3.12/site-packages/airflow/example_dags/tutorial_taskflow_api.py
[2026-03-16T16:24:18.866+0000] {processor.py:840} INFO - DAG(s) 'tutorial_taskflow_api' retrieved from /home/airflow/.local/lib/python3.12/site-packages/airflow/example_dags/tutorial_taskflow_api.py
[2026-03-16T16:24:19.001+0000] {logging_mixin.py:188} INFO - [2026-03-16T16:24:19.000+0000] {dag.py:3096} INFO - Sync 1 DAGs
[2026-03-16T16:24:19.037+0000] {logging_mixin.py:188} INFO - [2026-03-16T16:24:19.036+0000] {dag.py:3954} INFO - Setting next_dagrun for tutorial_taskflow_api to None, run_after=None
[2026-03-16T16:24:19.082+0000] {processor.py:183} INFO - Processing /home/airflow/.local/lib/python3.12/site-packages/airflow/example_dags/tutorial_taskflow_api.py took 0.305 seconds
[2026-03-16T16:24:49.917+0000] {processor.py:161} INFO - Started process (PID=2992) to work on /home/airflow/.local/lib/python3.12/site-packages/airflow/example_dags/tutorial_taskflow_api.py
[2026-03-16T16:24:49.919+0000] {processor.py:830} INFO - Processing file /home/airflow/.local/lib/python3.12/site-packages/airflow/example_dags/tutorial_taskflow_api.py for tasks to queue
[2026-03-16T16:24:49.922+0000] {logging_mixin.py:188} INFO - [2026-03-16T16:24:49.921+0000] {dagbag.py:545} INFO - Filling up the DagBag from /home/airflow/.local/lib/python3.12/site-packages/airflow/example_dags/tutorial_taskflow_api.py
[2026-03-16T16:24:49.931+0000] {processor.py:840} INFO - DAG(s) 'tutorial_taskflow_api' retrieved from /home/airflow/.local/lib/python3.12/site-packages/airflow/example_dags/tutorial_taskflow_api.py
[2026-03-16T16:24:49.959+0000] {logging_mixin.py:188} INFO - [2026-03-16T16:24:49.959+0000] {dag.py:3096} INFO - Sync 1 DAGs
[2026-03-16T16:24:49.990+0000] {logging_mixin.py:188} INFO - [2026-03-16T16:24:49.990+0000] {dag.py:3954} INFO - Setting next_dagrun for tutorial_taskflow_api to None, run_after=None
[2026-03-16T16:24:50.040+0000] {processor.py:183} INFO - Processing /home/airflow/.local/lib/python3.12/site-packages/airflow/example_dags/tutorial_taskflow_api.py took 0.132 seconds
[2026-03-16T16:25:20.180+0000] {processor.py:161} INFO - Started process (PID=3051) to work on /home/airflow/.local/lib/python3.12/site-packages/airflow/example_dags/tutorial_taskflow_api.py
[2026-03-16T16:25:20.185+0000] {processor.py:830} INFO - Processing file /home/airflow/.local/lib/python3.12/site-packages/airflow/example_dags/tutorial_taskflow_api.py for tasks to queue
[2026-03-16T16:25:20.190+0000] {logging_mixin.py:188} INFO - [2026-03-16T16:25:20.189+0000] {dagbag.py:545} INFO - Filling up the DagBag from /home/airflow/.local/lib/python3.12/site-packages/airflow/example_dags/tutorial_taskflow_api.py
[2026-03-16T16:25:20.206+0000] {processor.py:840} INFO - DAG(s) 'tutorial_taskflow_api' retrieved from /home/airflow/.local/lib/python3.12/site-packages/airflow/example_dags/tutorial_taskflow_api.py
[2026-03-16T16:25:20.255+0000] {logging_mixin.py:188} INFO - [2026-03-16T16:25:20.254+0000] {dag.py:3096} INFO - Sync 1 DAGs
[2026-03-16T16:25:20.278+0000] {logging_mixin.py:188} INFO - [2026-03-16T16:25:20.278+0000] {dag.py:3954} INFO - Setting next_dagrun for tutorial_taskflow_api to None, run_after=None
[2026-03-16T16:25:20.350+0000] {processor.py:183} INFO - Processing /home/airflow/.local/lib/python3.12/site-packages/airflow/example_dags/tutorial_taskflow_api.py took 0.181 seconds
[2026-03-16T16:25:50.564+0000] {processor.py:161} INFO - Started process (PID=3110) to work on /home/airflow/.local/lib/python3.12/site-packages/airflow/example_dags/tutorial_taskflow_api.py
[2026-03-16T16:25:50.566+0000] {processor.py:830} INFO - Processing file /home/airflow/.local/lib/python3.12/site-packages/airflow/example_dags/tutorial_taskflow_api.py for tasks to queue
[2026-03-16T16:25:50.568+0000] {logging_mixin.py:188} INFO - [2026-03-16T16:25:50.568+0000] {dagbag.py:545} INFO - Filling up the DagBag from /home/airflow/.local/lib/python3.12/site-packages/airflow/example_dags/tutorial_taskflow_api.py
[2026-03-16T16:25:50.580+0000] {processor.py:840} INFO - DAG(s) 'tutorial_taskflow_api' retrieved from /home/airflow/.local/lib/python3.12/site-packages/airflow/example_dags/tutorial_taskflow_api.py
[2026-03-16T16:25:50.612+0000] {logging_mixin.py:188} INFO - [2026-03-16T16:25:50.612+0000] {dag.py:3096} INFO - Sync 1 DAGs
[2026-03-16T16:25:50.631+0000] {logging_mixin.py:188} INFO - [2026-03-16T16:25:50.630+0000] {dag.py:3954} INFO - Setting next_dagrun for tutorial_taskflow_api to None, run_after=None
[2026-03-16T16:25:50.710+0000] {processor.py:183} INFO - Processing /home/airflow/.local/lib/python3.12/site-packages/airflow/example_dags/tutorial_taskflow_api.py took 0.159 seconds
[2026-03-16T16:26:20.842+0000] {processor.py:161} INFO - Started process (PID=3169) to work on /home/airflow/.local/lib/python3.12/site-packages/airflow/example_dags/tutorial_taskflow_api.py
[2026-03-16T16:26:20.844+0000] {processor.py:830} INFO - Processing file /home/airflow/.local/lib/python3.12/site-packages/airflow/example_dags/tutorial_taskflow_api.py for tasks to queue
[2026-03-16T16:26:20.847+0000] {logging_mixin.py:188} INFO - [2026-03-16T16:26:20.847+0000] {dagbag.py:545} INFO - Filling up the DagBag from /home/airflow/.local/lib/python3.12/site-packages/airflow/example_dags/tutorial_taskflow_api.py
[2026-03-16T16:26:20.855+0000] {processor.py:840} INFO - DAG(s) 'tutorial_taskflow_api' retrieved from /home/airflow/.local/lib/python3.12/site-packages/airflow/example_dags/tutorial_taskflow_api.py
[2026-03-16T16:26:20.887+0000] {logging_mixin.py:188} INFO - [2026-03-16T16:26:20.887+0000] {dag.py:3096} INFO - Sync 1 DAGs
[2026-03-16T16:26:20.912+0000] {logging_mixin.py:188} INFO - [2026-03-16T16:26:20.912+0000] {dag.py:3954} INFO - Setting next_dagrun for tutorial_taskflow_api to None, run_after=None
[2026-03-16T16:26:20.966+0000] {processor.py:183} INFO - Processing /home/airflow/.local/lib/python3.12/site-packages/airflow/example_dags/tutorial_taskflow_api.py took 0.133 seconds
[2026-03-16T16:26:51.202+0000] {processor.py:161} INFO - Started process (PID=3228) to work on /home/airflow/.local/lib/python3.12/site-packages/airflow/example_dags/tutorial_taskflow_api.py
[2026-03-16T16:26:51.203+0000] {processor.py:830} INFO - Processing file /home/airflow/.local/lib/python3.12/site-packages/airflow/example_dags/tutorial_taskflow_api.py for tasks to queue
[2026-03-16T16:26:51.206+0000] {logging_mixin.py:188} INFO - [2026-03-16T16:26:51.205+0000] {dagbag.py:545} INFO - Filling up the DagBag from /home/airflow/.local/lib/python3.12/site-packages/airflow/example_dags/tutorial_taskflow_api.py
[2026-03-16T16:26:51.215+0000] {processor.py:840} INFO - DAG(s) 'tutorial_taskflow_api' retrieved from /home/airflow/.local/lib/python3.12/site-packages/airflow/example_dags/tutorial_taskflow_api.py
[2026-03-16T16:26:51.240+0000] {logging_mixin.py:188} INFO - [2026-03-16T16:26:51.240+0000] {dag.py:3096} INFO - Sync 1 DAGs
[2026-03-16T16:26:51.261+0000] {logging_mixin.py:188} INFO - [2026-03-16T16:26:51.261+0000] {dag.py:3954} INFO - Setting next_dagrun for tutorial_taskflow_api to None, run_after=None
[2026-03-16T16:26:51.333+0000] {processor.py:183} INFO - Processing /home/airflow/.local/lib/python3.12/site-packages/airflow/example_dags/tutorial_taskflow_api.py took 0.140 seconds
[2026-03-16T16:27:21.977+0000] {processor.py:161} INFO - Started process (PID=3287) to work on /home/airflow/.local/lib/python3.12/site-packages/airflow/example_dags/tutorial_taskflow_api.py
[2026-03-16T16:27:21.981+0000] {processor.py:830} INFO - Processing file /home/airflow/.local/lib/python3.12/site-packages/airflow/example_dags/tutorial_taskflow_api.py for tasks to queue
[2026-03-16T16:27:21.985+0000] {logging_mixin.py:188} INFO - [2026-03-16T16:27:21.985+0000] {dagbag.py:545} INFO - Filling up the DagBag from /home/airflow/.local/lib/python3.12/site-packages/airflow/example_dags/tutorial_taskflow_api.py
[2026-03-16T16:27:21.996+0000] {processor.py:840} INFO - DAG(s) 'tutorial_taskflow_api' retrieved from /home/airflow/.local/lib/python3.12/site-packages/airflow/example_dags/tutorial_taskflow_api.py
[2026-03-16T16:27:22.026+0000] {logging_mixin.py:188} INFO - [2026-03-16T16:27:22.026+0000] {dag.py:3096} INFO - Sync 1 DAGs
[2026-03-16T16:27:22.043+0000] {logging_mixin.py:188} INFO - [2026-03-16T16:27:22.043+0000] {dag.py:3954} INFO - Setting next_dagrun for tutorial_taskflow_api to None, run_after=None
[2026-03-16T16:27:22.108+0000] {processor.py:183} INFO - Processing /home/airflow/.local/lib/python3.12/site-packages/airflow/example_dags/tutorial_taskflow_api.py took 0.138 seconds
[2026-03-16T16:27:52.565+0000] {processor.py:161} INFO - Started process (PID=3347) to work on /home/airflow/.local/lib/python3.12/site-packages/airflow/example_dags/tutorial_taskflow_api.py
[2026-03-16T16:27:52.567+0000] {processor.py:830} INFO - Processing file /home/airflow/.local/lib/python3.12/site-packages/airflow/example_dags/tutorial_taskflow_api.py for tasks to queue
[2026-03-16T16:27:52.569+0000] {logging_mixin.py:188} INFO - [2026-03-16T16:27:52.569+0000] {dagbag.py:545} INFO - Filling up the DagBag from /home/airflow/.local/lib/python3.12/site-packages/airflow/example_dags/tutorial_taskflow_api.py
[2026-03-16T16:27:52.579+0000] {processor.py:840} INFO - DAG(s) 'tutorial_taskflow_api' retrieved from /home/airflow/.local/lib/python3.12/site-packages/airflow/example_dags/tutorial_taskflow_api.py
[2026-03-16T16:27:52.603+0000] {logging_mixin.py:188} INFO - [2026-03-16T16:27:52.602+0000] {dag.py:3096} INFO - Sync 1 DAGs
[2026-03-16T16:27:52.627+0000] {logging_mixin.py:188} INFO - [2026-03-16T16:27:52.626+0000] {dag.py:3954} INFO - Setting next_dagrun for tutorial_taskflow_api to None, run_after=None
[2026-03-16T16:27:52.692+0000] {processor.py:183} INFO - Processing /home/airflow/.local/lib/python3.12/site-packages/airflow/example_dags/tutorial_taskflow_api.py took 0.133 seconds
[2026-03-16T16:28:30.720+0000] {processor.py:161} INFO - Started process (PID=3406) to work on /home/airflow/.local/lib/python3.12/site-packages/airflow/example_dags/tutorial_taskflow_api.py
[2026-03-16T16:28:30.740+0000] {processor.py:830} INFO - Processing file /home/airflow/.local/lib/python3.12/site-packages/airflow/example_dags/tutorial_taskflow_api.py for tasks to queue
[2026-03-16T16:28:30.761+0000] {logging_mixin.py:188} INFO - [2026-03-16T16:28:30.756+0000] {dagbag.py:545} INFO - Filling up the DagBag from /home/airflow/.local/lib/python3.12/site-packages/airflow/example_dags/tutorial_taskflow_api.py
[2026-03-16T16:28:30.841+0000] {processor.py:840} INFO - DAG(s) 'tutorial_taskflow_api' retrieved from /home/airflow/.local/lib/python3.12/site-packages/airflow/example_dags/tutorial_taskflow_api.py
[2026-03-16T16:28:31.097+0000] {logging_mixin.py:188} INFO - [2026-03-16T16:28:31.096+0000] {dag.py:3096} INFO - Sync 1 DAGs
[2026-03-16T16:28:31.241+0000] {logging_mixin.py:188} INFO - [2026-03-16T16:28:31.240+0000] {dag.py:3954} INFO - Setting next_dagrun for tutorial_taskflow_api to None, run_after=None
[2026-03-16T16:28:31.376+0000] {processor.py:183} INFO - Processing /home/airflow/.local/lib/python3.12/site-packages/airflow/example_dags/tutorial_taskflow_api.py took 0.713 seconds
[2026-03-16T16:29:01.461+0000] {processor.py:161} INFO - Started process (PID=3465) to work on /home/airflow/.local/lib/python3.12/site-packages/airflow/example_dags/tutorial_taskflow_api.py
[2026-03-16T16:29:01.463+0000] {processor.py:830} INFO - Processing file /home/airflow/.local/lib/python3.12/site-packages/airflow/example_dags/tutorial_taskflow_api.py for tasks to queue
[2026-03-16T16:29:01.466+0000] {logging_mixin.py:188} INFO - [2026-03-16T16:29:01.466+0000] {dagbag.py:545} INFO - Filling up the DagBag from /home/airflow/.local/lib/python3.12/site-packages/airflow/example_dags/tutorial_taskflow_api.py
[2026-03-16T16:29:01.477+0000] {processor.py:840} INFO - DAG(s) 'tutorial_taskflow_api' retrieved from /home/airflow/.local/lib/python3.12/site-packages/airflow/example_dags/tutorial_taskflow_api.py
[2026-03-16T16:29:01.502+0000] {logging_mixin.py:188} INFO - [2026-03-16T16:29:01.502+0000] {dag.py:3096} INFO - Sync 1 DAGs
[2026-03-16T16:29:01.520+0000] {logging_mixin.py:188} INFO - [2026-03-16T16:29:01.520+0000] {dag.py:3954} INFO - Setting next_dagrun for tutorial_taskflow_api to None, run_after=None
[2026-03-16T16:29:01.549+0000] {processor.py:183} INFO - Processing /home/airflow/.local/lib/python3.12/site-packages/airflow/example_dags/tutorial_taskflow_api.py took 0.097 seconds
[2026-03-16T16:29:32.164+0000] {processor.py:161} INFO - Started process (PID=3524) to work on /home/airflow/.local/lib/python3.12/site-packages/airflow/example_dags/tutorial_taskflow_api.py
[2026-03-16T16:29:32.167+0000] {processor.py:830} INFO - Processing file /home/airflow/.local/lib/python3.12/site-packages/airflow/example_dags/tutorial_taskflow_api.py for tasks to queue
[2026-03-16T16:29:32.171+0000] {logging_mixin.py:188} INFO - [2026-03-16T16:29:32.170+0000] {dagbag.py:545} INFO - Filling up the DagBag from /home/airflow/.local/lib/python3.12/site-packages/airflow/example_dags/tutorial_taskflow_api.py
[2026-03-16T16:29:32.185+0000] {processor.py:840} INFO - DAG(s) 'tutorial_taskflow_api' retrieved from /home/airflow/.local/lib/python3.12/site-packages/airflow/example_dags/tutorial_taskflow_api.py
[2026-03-16T16:29:32.214+0000] {logging_mixin.py:188} INFO - [2026-03-16T16:29:32.214+0000] {dag.py:3096} INFO - Sync 1 DAGs
[2026-03-16T16:29:32.229+0000] {logging_mixin.py:188} INFO - [2026-03-16T16:29:32.229+0000] {dag.py:3954} INFO - Setting next_dagrun for tutorial_taskflow_api to None, run_after=None
[2026-03-16T16:29:32.261+0000] {processor.py:183} INFO - Processing /home/airflow/.local/lib/python3.12/site-packages/airflow/example_dags/tutorial_taskflow_api.py took 0.110 seconds
[2026-03-16T16:30:02.793+0000] {processor.py:161} INFO - Started process (PID=3583) to work on /home/airflow/.local/lib/python3.12/site-packages/airflow/example_dags/tutorial_taskflow_api.py
[2026-03-16T16:30:02.798+0000] {processor.py:830} INFO - Processing file /home/airflow/.local/lib/python3.12/site-packages/airflow/example_dags/tutorial_taskflow_api.py for tasks to queue
[2026-03-16T16:30:02.804+0000] {logging_mixin.py:188} INFO - [2026-03-16T16:30:02.803+0000] {dagbag.py:545} INFO - Filling up the DagBag from /home/airflow/.local/lib/python3.12/site-packages/airflow/example_dags/tutorial_taskflow_api.py
[2026-03-16T16:30:02.820+0000] {processor.py:840} INFO - DAG(s) 'tutorial_taskflow_api' retrieved from /home/airflow/.local/lib/python3.12/site-packages/airflow/example_dags/tutorial_taskflow_api.py
[2026-03-16T16:30:02.903+0000] {logging_mixin.py:188} INFO - [2026-03-16T16:30:02.903+0000] {dag.py:3096} INFO - Sync 1 DAGs
[2026-03-16T16:30:02.966+0000] {logging_mixin.py:188} INFO - [2026-03-16T16:30:02.965+0000] {dag.py:3954} INFO - Setting next_dagrun for tutorial_taskflow_api to None, run_after=None
[2026-03-16T16:30:03.043+0000] {processor.py:183} INFO - Processing /home/airflow/.local/lib/python3.12/site-packages/airflow/example_dags/tutorial_taskflow_api.py took 0.261 seconds
[2026-03-16T16:30:33.788+0000] {processor.py:161} INFO - Started process (PID=3643) to work on /home/airflow/.local/lib/python3.12/site-packages/airflow/example_dags/tutorial_taskflow_api.py
[2026-03-16T16:30:33.789+0000] {processor.py:830} INFO - Processing file /home/airflow/.local/lib/python3.12/site-packages/airflow/example_dags/tutorial_taskflow_api.py for tasks to queue
[2026-03-16T16:30:33.792+0000] {logging_mixin.py:188} INFO - [2026-03-16T16:30:33.791+0000] {dagbag.py:545} INFO - Filling up the DagBag from /home/airflow/.local/lib/python3.12/site-packages/airflow/example_dags/tutorial_taskflow_api.py
[2026-03-16T16:30:33.799+0000] {processor.py:840} INFO - DAG(s) 'tutorial_taskflow_api' retrieved from /home/airflow/.local/lib/python3.12/site-packages/airflow/example_dags/tutorial_taskflow_api.py
[2026-03-16T16:30:33.826+0000] {logging_mixin.py:188} INFO - [2026-03-16T16:30:33.826+0000] {dag.py:3096} INFO - Sync 1 DAGs
[2026-03-16T16:30:33.846+0000] {logging_mixin.py:188} INFO - [2026-03-16T16:30:33.846+0000] {dag.py:3954} INFO - Setting next_dagrun for tutorial_taskflow_api to None, run_after=None
[2026-03-16T16:30:33.876+0000] {processor.py:183} INFO - Processing /home/airflow/.local/lib/python3.12/site-packages/airflow/example_dags/tutorial_taskflow_api.py took 0.095 seconds
[2026-03-16T16:31:04.359+0000] {processor.py:161} INFO - Started process (PID=3702) to work on /home/airflow/.local/lib/python3.12/site-packages/airflow/example_dags/tutorial_taskflow_api.py
[2026-03-16T16:31:04.361+0000] {processor.py:830} INFO - Processing file /home/airflow/.local/lib/python3.12/site-packages/airflow/example_dags/tutorial_taskflow_api.py for tasks to queue
[2026-03-16T16:31:04.366+0000] {logging_mixin.py:188} INFO - [2026-03-16T16:31:04.365+0000] {dagbag.py:545} INFO - Filling up the DagBag from /home/airflow/.local/lib/python3.12/site-packages/airflow/example_dags/tutorial_taskflow_api.py
[2026-03-16T16:31:04.378+0000] {processor.py:840} INFO - DAG(s) 'tutorial_taskflow_api' retrieved from /home/airflow/.local/lib/python3.12/site-packages/airflow/example_dags/tutorial_taskflow_api.py
[2026-03-16T16:31:04.415+0000] {logging_mixin.py:188} INFO - [2026-03-16T16:31:04.415+0000] {dag.py:3096} INFO - Sync 1 DAGs
[2026-03-16T16:31:04.439+0000] {logging_mixin.py:188} INFO - [2026-03-16T16:31:04.439+0000] {dag.py:3954} INFO - Setting next_dagrun for tutorial_taskflow_api to None, run_after=None
[2026-03-16T16:31:04.475+0000] {processor.py:183} INFO - Processing /home/airflow/.local/lib/python3.12/site-packages/airflow/example_dags/tutorial_taskflow_api.py took 0.127 seconds
[2026-03-16T16:31:34.574+0000] {processor.py:161} INFO - Started process (PID=3760) to work on /home/airflow/.local/lib/python3.12/site-packages/airflow/example_dags/tutorial_taskflow_api.py
[2026-03-16T16:31:34.575+0000] {processor.py:830} INFO - Processing file /home/airflow/.local/lib/python3.12/site-packages/airflow/example_dags/tutorial_taskflow_api.py for tasks to queue
[2026-03-16T16:31:34.578+0000] {logging_mixin.py:188} INFO - [2026-03-16T16:31:34.578+0000] {dagbag.py:545} INFO - Filling up the DagBag from /home/airflow/.local/lib/python3.12/site-packages/airflow/example_dags/tutorial_taskflow_api.py
[2026-03-16T16:31:34.588+0000] {processor.py:840} INFO - DAG(s) 'tutorial_taskflow_api' retrieved from /home/airflow/.local/lib/python3.12/site-packages/airflow/example_dags/tutorial_taskflow_api.py
[2026-03-16T16:31:34.614+0000] {logging_mixin.py:188} INFO - [2026-03-16T16:31:34.613+0000] {dag.py:3096} INFO - Sync 1 DAGs
[2026-03-16T16:31:34.631+0000] {logging_mixin.py:188} INFO - [2026-03-16T16:31:34.631+0000] {dag.py:3954} INFO - Setting next_dagrun for tutorial_taskflow_api to None, run_after=None
[2026-03-16T16:31:34.690+0000] {processor.py:183} INFO - Processing /home/airflow/.local/lib/python3.12/site-packages/airflow/example_dags/tutorial_taskflow_api.py took 0.125 seconds
[2026-03-16T16:32:05.437+0000] {processor.py:161} INFO - Started process (PID=3819) to work on /home/airflow/.local/lib/python3.12/site-packages/airflow/example_dags/tutorial_taskflow_api.py
[2026-03-16T16:32:05.439+0000] {processor.py:830} INFO - Processing file /home/airflow/.local/lib/python3.12/site-packages/airflow/example_dags/tutorial_taskflow_api.py for tasks to queue
[2026-03-16T16:32:05.441+0000] {logging_mixin.py:188} INFO - [2026-03-16T16:32:05.441+0000] {dagbag.py:545} INFO - Filling up the DagBag from /home/airflow/.local/lib/python3.12/site-packages/airflow/example_dags/tutorial_taskflow_api.py
[2026-03-16T16:32:05.448+0000] {processor.py:840} INFO - DAG(s) 'tutorial_taskflow_api' retrieved from /home/airflow/.local/lib/python3.12/site-packages/airflow/example_dags/tutorial_taskflow_api.py
[2026-03-16T16:32:05.475+0000] {logging_mixin.py:188} INFO - [2026-03-16T16:32:05.474+0000] {dag.py:3096} INFO - Sync 1 DAGs
[2026-03-16T16:32:05.490+0000] {logging_mixin.py:188} INFO - [2026-03-16T16:32:05.490+0000] {dag.py:3954} INFO - Setting next_dagrun for tutorial_taskflow_api to None, run_after=None
[2026-03-16T16:32:05.544+0000] {processor.py:183} INFO - Processing /home/airflow/.local/lib/python3.12/site-packages/airflow/example_dags/tutorial_taskflow_api.py took 0.114 seconds
[2026-03-16T16:32:35.697+0000] {processor.py:161} INFO - Started process (PID=3878) to work on /home/airflow/.local/lib/python3.12/site-packages/airflow/example_dags/tutorial_taskflow_api.py
[2026-03-16T16:32:35.699+0000] {processor.py:830} INFO - Processing file /home/airflow/.local/lib/python3.12/site-packages/airflow/example_dags/tutorial_taskflow_api.py for tasks to queue
[2026-03-16T16:32:35.701+0000] {logging_mixin.py:188} INFO - [2026-03-16T16:32:35.701+0000] {dagbag.py:545} INFO - Filling up the DagBag from /home/airflow/.local/lib/python3.12/site-packages/airflow/example_dags/tutorial_taskflow_api.py
[2026-03-16T16:32:35.709+0000] {processor.py:840} INFO - DAG(s) 'tutorial_taskflow_api' retrieved from /home/airflow/.local/lib/python3.12/site-packages/airflow/example_dags/tutorial_taskflow_api.py
[2026-03-16T16:32:35.737+0000] {logging_mixin.py:188} INFO - [2026-03-16T16:32:35.737+0000] {dag.py:3096} INFO - Sync 1 DAGs
[2026-03-16T16:32:35.757+0000] {logging_mixin.py:188} INFO - [2026-03-16T16:32:35.757+0000] {dag.py:3954} INFO - Setting next_dagrun for tutorial_taskflow_api to None, run_after=None
[2026-03-16T16:32:35.785+0000] {processor.py:183} INFO - Processing /home/airflow/.local/lib/python3.12/site-packages/airflow/example_dags/tutorial_taskflow_api.py took 0.097 seconds
[2026-03-16T16:33:06.268+0000] {processor.py:161} INFO - Started process (PID=3937) to work on /home/airflow/.local/lib/python3.12/site-packages/airflow/example_dags/tutorial_taskflow_api.py
[2026-03-16T16:33:06.270+0000] {processor.py:830} INFO - Processing file /home/airflow/.local/lib/python3.12/site-packages/airflow/example_dags/tutorial_taskflow_api.py for tasks to queue
[2026-03-16T16:33:06.274+0000] {logging_mixin.py:188} INFO - [2026-03-16T16:33:06.273+0000] {dagbag.py:545} INFO - Filling up the DagBag from /home/airflow/.local/lib/python3.12/site-packages/airflow/example_dags/tutorial_taskflow_api.py
[2026-03-16T16:33:06.289+0000] {processor.py:840} INFO - DAG(s) 'tutorial_taskflow_api' retrieved from /home/airflow/.local/lib/python3.12/site-packages/airflow/example_dags/tutorial_taskflow_api.py
[2026-03-16T16:33:06.332+0000] {logging_mixin.py:188} INFO - [2026-03-16T16:33:06.332+0000] {dag.py:3096} INFO - Sync 1 DAGs
[2026-03-16T16:33:06.363+0000] {logging_mixin.py:188} INFO - [2026-03-16T16:33:06.363+0000] {dag.py:3954} INFO - Setting next_dagrun for tutorial_taskflow_api to None, run_after=None
[2026-03-16T16:33:06.406+0000] {processor.py:183} INFO - Processing /home/airflow/.local/lib/python3.12/site-packages/airflow/example_dags/tutorial_taskflow_api.py took 0.149 seconds
[2026-03-16T16:33:36.697+0000] {processor.py:161} INFO - Started process (PID=3996) to work on /home/airflow/.local/lib/python3.12/site-packages/airflow/example_dags/tutorial_taskflow_api.py
[2026-03-16T16:33:36.698+0000] {processor.py:830} INFO - Processing file /home/airflow/.local/lib/python3.12/site-packages/airflow/example_dags/tutorial_taskflow_api.py for tasks to queue
[2026-03-16T16:33:36.701+0000] {logging_mixin.py:188} INFO - [2026-03-16T16:33:36.700+0000] {dagbag.py:545} INFO - Filling up the DagBag from /home/airflow/.local/lib/python3.12/site-packages/airflow/example_dags/tutorial_taskflow_api.py
[2026-03-16T16:33:36.710+0000] {processor.py:840} INFO - DAG(s) 'tutorial_taskflow_api' retrieved from /home/airflow/.local/lib/python3.12/site-packages/airflow/example_dags/tutorial_taskflow_api.py
[2026-03-16T16:33:36.742+0000] {logging_mixin.py:188} INFO - [2026-03-16T16:33:36.741+0000] {dag.py:3096} INFO - Sync 1 DAGs
[2026-03-16T16:33:36.758+0000] {logging_mixin.py:188} INFO - [2026-03-16T16:33:36.758+0000] {dag.py:3954} INFO - Setting next_dagrun for tutorial_taskflow_api to None, run_after=None
[2026-03-16T16:33:36.788+0000] {processor.py:183} INFO - Processing /home/airflow/.local/lib/python3.12/site-packages/airflow/example_dags/tutorial_taskflow_api.py took 0.098 seconds
[2026-03-16T16:34:07.348+0000] {processor.py:161} INFO - Started process (PID=4055) to work on /home/airflow/.local/lib/python3.12/site-packages/airflow/example_dags/tutorial_taskflow_api.py
[2026-03-16T16:34:07.350+0000] {processor.py:830} INFO - Processing file /home/airflow/.local/lib/python3.12/site-packages/airflow/example_dags/tutorial_taskflow_api.py for tasks to queue
[2026-03-16T16:34:07.352+0000] {logging_mixin.py:188} INFO - [2026-03-16T16:34:07.352+0000] {dagbag.py:545} INFO - Filling up the DagBag from /home/airflow/.local/lib/python3.12/site-packages/airflow/example_dags/tutorial_taskflow_api.py
[2026-03-16T16:34:07.359+0000] {processor.py:840} INFO - DAG(s) 'tutorial_taskflow_api' retrieved from /home/airflow/.local/lib/python3.12/site-packages/airflow/example_dags/tutorial_taskflow_api.py
[2026-03-16T16:34:07.386+0000] {logging_mixin.py:188} INFO - [2026-03-16T16:34:07.386+0000] {dag.py:3096} INFO - Sync 1 DAGs
[2026-03-16T16:34:07.402+0000] {logging_mixin.py:188} INFO - [2026-03-16T16:34:07.402+0000] {dag.py:3954} INFO - Setting next_dagrun for tutorial_taskflow_api to None, run_after=None
[2026-03-16T16:34:07.429+0000] {processor.py:183} INFO - Processing /home/airflow/.local/lib/python3.12/site-packages/airflow/example_dags/tutorial_taskflow_api.py took 0.091 seconds
[2026-03-16T16:34:37.975+0000] {processor.py:161} INFO - Started process (PID=4113) to work on /home/airflow/.local/lib/python3.12/site-packages/airflow/example_dags/tutorial_taskflow_api.py
[2026-03-16T16:34:37.976+0000] {processor.py:830} INFO - Processing file /home/airflow/.local/lib/python3.12/site-packages/airflow/example_dags/tutorial_taskflow_api.py for tasks to queue
[2026-03-16T16:34:37.979+0000] {logging_mixin.py:188} INFO - [2026-03-16T16:34:37.979+0000] {dagbag.py:545} INFO - Filling up the DagBag from /home/airflow/.local/lib/python3.12/site-packages/airflow/example_dags/tutorial_taskflow_api.py
[2026-03-16T16:34:37.986+0000] {processor.py:840} INFO - DAG(s) 'tutorial_taskflow_api' retrieved from /home/airflow/.local/lib/python3.12/site-packages/airflow/example_dags/tutorial_taskflow_api.py
[2026-03-16T16:34:38.011+0000] {logging_mixin.py:188} INFO - [2026-03-16T16:34:38.011+0000] {dag.py:3096} INFO - Sync 1 DAGs
[2026-03-16T16:34:38.030+0000] {logging_mixin.py:188} INFO - [2026-03-16T16:34:38.030+0000] {dag.py:3954} INFO - Setting next_dagrun for tutorial_taskflow_api to None, run_after=None
[2026-03-16T16:34:38.058+0000] {processor.py:183} INFO - Processing /home/airflow/.local/lib/python3.12/site-packages/airflow/example_dags/tutorial_taskflow_api.py took 0.092 seconds
[2026-03-16T16:35:08.559+0000] {processor.py:161} INFO - Started process (PID=4172) to work on /home/airflow/.local/lib/python3.12/site-packages/airflow/example_dags/tutorial_taskflow_api.py
[2026-03-16T16:35:08.560+0000] {processor.py:830} INFO - Processing file /home/airflow/.local/lib/python3.12/site-packages/airflow/example_dags/tutorial_taskflow_api.py for tasks to queue
[2026-03-16T16:35:08.563+0000] {logging_mixin.py:188} INFO - [2026-03-16T16:35:08.562+0000] {dagbag.py:545} INFO - Filling up the DagBag from /home/airflow/.local/lib/python3.12/site-packages/airflow/example_dags/tutorial_taskflow_api.py
[2026-03-16T16:35:08.570+0000] {processor.py:840} INFO - DAG(s) 'tutorial_taskflow_api' retrieved from /home/airflow/.local/lib/python3.12/site-packages/airflow/example_dags/tutorial_taskflow_api.py
[2026-03-16T16:35:08.595+0000] {logging_mixin.py:188} INFO - [2026-03-16T16:35:08.594+0000] {dag.py:3096} INFO - Sync 1 DAGs
[2026-03-16T16:35:08.609+0000] {logging_mixin.py:188} INFO - [2026-03-16T16:35:08.609+0000] {dag.py:3954} INFO - Setting next_dagrun for tutorial_taskflow_api to None, run_after=None
[2026-03-16T16:35:08.639+0000] {processor.py:183} INFO - Processing /home/airflow/.local/lib/python3.12/site-packages/airflow/example_dags/tutorial_taskflow_api.py took 0.087 seconds
[2026-03-16T16:35:38.989+0000] {processor.py:161} INFO - Started process (PID=4231) to work on /home/airflow/.local/lib/python3.12/site-packages/airflow/example_dags/tutorial_taskflow_api.py
[2026-03-16T16:35:38.990+0000] {processor.py:830} INFO - Processing file /home/airflow/.local/lib/python3.12/site-packages/airflow/example_dags/tutorial_taskflow_api.py for tasks to queue
[2026-03-16T16:35:38.992+0000] {logging_mixin.py:188} INFO - [2026-03-16T16:35:38.992+0000] {dagbag.py:545} INFO - Filling up the DagBag from /home/airflow/.local/lib/python3.12/site-packages/airflow/example_dags/tutorial_taskflow_api.py
[2026-03-16T16:35:39.002+0000] {processor.py:840} INFO - DAG(s) 'tutorial_taskflow_api' retrieved from /home/airflow/.local/lib/python3.12/site-packages/airflow/example_dags/tutorial_taskflow_api.py
[2026-03-16T16:35:39.034+0000] {logging_mixin.py:188} INFO - [2026-03-16T16:35:39.033+0000] {dag.py:3096} INFO - Sync 1 DAGs
[2026-03-16T16:35:39.058+0000] {logging_mixin.py:188} INFO - [2026-03-16T16:35:39.057+0000] {dag.py:3954} INFO - Setting next_dagrun for tutorial_taskflow_api to None, run_after=None
[2026-03-16T16:35:39.092+0000] {processor.py:183} INFO - Processing /home/airflow/.local/lib/python3.12/site-packages/airflow/example_dags/tutorial_taskflow_api.py took 0.110 seconds
[2026-03-16T16:36:09.952+0000] {processor.py:161} INFO - Started process (PID=4290) to work on /home/airflow/.local/lib/python3.12/site-packages/airflow/example_dags/tutorial_taskflow_api.py
[2026-03-16T16:36:09.954+0000] {processor.py:830} INFO - Processing file /home/airflow/.local/lib/python3.12/site-packages/airflow/example_dags/tutorial_taskflow_api.py for tasks to queue
[2026-03-16T16:36:09.960+0000] {logging_mixin.py:188} INFO - [2026-03-16T16:36:09.958+0000] {dagbag.py:545} INFO - Filling up the DagBag from /home/airflow/.local/lib/python3.12/site-packages/airflow/example_dags/tutorial_taskflow_api.py
[2026-03-16T16:36:09.978+0000] {processor.py:840} INFO - DAG(s) 'tutorial_taskflow_api' retrieved from /home/airflow/.local/lib/python3.12/site-packages/airflow/example_dags/tutorial_taskflow_api.py
[2026-03-16T16:36:10.009+0000] {logging_mixin.py:188} INFO - [2026-03-16T16:36:10.009+0000] {dag.py:3096} INFO - Sync 1 DAGs
[2026-03-16T16:36:10.037+0000] {logging_mixin.py:188} INFO - [2026-03-16T16:36:10.036+0000] {dag.py:3954} INFO - Setting next_dagrun for tutorial_taskflow_api to None, run_after=None
[2026-03-16T16:36:10.082+0000] {processor.py:183} INFO - Processing /home/airflow/.local/lib/python3.12/site-packages/airflow/example_dags/tutorial_taskflow_api.py took 0.142 seconds
