[2026-03-16T15:59:40.435+0000] {processor.py:161} INFO - Started process (PID=84) to work on /home/airflow/.local/lib/python3.12/site-packages/airflow/example_dags/tutorial_dag.py
[2026-03-16T15:59:40.437+0000] {processor.py:830} INFO - Processing file /home/airflow/.local/lib/python3.12/site-packages/airflow/example_dags/tutorial_dag.py for tasks to queue
[2026-03-16T15:59:40.441+0000] {logging_mixin.py:188} INFO - [2026-03-16T15:59:40.440+0000] {dagbag.py:545} INFO - Filling up the DagBag from /home/airflow/.local/lib/python3.12/site-packages/airflow/example_dags/tutorial_dag.py
[2026-03-16T15:59:40.455+0000] {processor.py:840} INFO - DAG(s) 'tutorial_dag' retrieved from /home/airflow/.local/lib/python3.12/site-packages/airflow/example_dags/tutorial_dag.py
[2026-03-16T15:59:40.706+0000] {logging_mixin.py:188} INFO - [2026-03-16T15:59:40.706+0000] {dag.py:3096} INFO - Sync 1 DAGs
[2026-03-16T15:59:40.732+0000] {logging_mixin.py:188} INFO - [2026-03-16T15:59:40.731+0000] {dag.py:3954} INFO - Setting next_dagrun for tutorial_dag to None, run_after=None
[2026-03-16T15:59:40.774+0000] {processor.py:183} INFO - Processing /home/airflow/.local/lib/python3.12/site-packages/airflow/example_dags/tutorial_dag.py took 0.351 seconds
[2026-03-16T16:00:11.698+0000] {processor.py:161} INFO - Started process (PID=143) to work on /home/airflow/.local/lib/python3.12/site-packages/airflow/example_dags/tutorial_dag.py
[2026-03-16T16:00:11.700+0000] {processor.py:830} INFO - Processing file /home/airflow/.local/lib/python3.12/site-packages/airflow/example_dags/tutorial_dag.py for tasks to queue
[2026-03-16T16:00:11.702+0000] {logging_mixin.py:188} INFO - [2026-03-16T16:00:11.702+0000] {dagbag.py:545} INFO - Filling up the DagBag from /home/airflow/.local/lib/python3.12/site-packages/airflow/example_dags/tutorial_dag.py
[2026-03-16T16:00:11.709+0000] {processor.py:840} INFO - DAG(s) 'tutorial_dag' retrieved from /home/airflow/.local/lib/python3.12/site-packages/airflow/example_dags/tutorial_dag.py
[2026-03-16T16:00:11.733+0000] {logging_mixin.py:188} INFO - [2026-03-16T16:00:11.733+0000] {dag.py:3096} INFO - Sync 1 DAGs
[2026-03-16T16:00:11.750+0000] {logging_mixin.py:188} INFO - [2026-03-16T16:00:11.750+0000] {dag.py:3954} INFO - Setting next_dagrun for tutorial_dag to None, run_after=None
[2026-03-16T16:00:11.782+0000] {processor.py:183} INFO - Processing /home/airflow/.local/lib/python3.12/site-packages/airflow/example_dags/tutorial_dag.py took 0.091 seconds
[2026-03-16T16:00:42.303+0000] {processor.py:161} INFO - Started process (PID=202) to work on /home/airflow/.local/lib/python3.12/site-packages/airflow/example_dags/tutorial_dag.py
[2026-03-16T16:00:42.305+0000] {processor.py:830} INFO - Processing file /home/airflow/.local/lib/python3.12/site-packages/airflow/example_dags/tutorial_dag.py for tasks to queue
[2026-03-16T16:00:42.312+0000] {logging_mixin.py:188} INFO - [2026-03-16T16:00:42.311+0000] {dagbag.py:545} INFO - Filling up the DagBag from /home/airflow/.local/lib/python3.12/site-packages/airflow/example_dags/tutorial_dag.py
[2026-03-16T16:00:42.324+0000] {processor.py:840} INFO - DAG(s) 'tutorial_dag' retrieved from /home/airflow/.local/lib/python3.12/site-packages/airflow/example_dags/tutorial_dag.py
[2026-03-16T16:00:42.359+0000] {logging_mixin.py:188} INFO - [2026-03-16T16:00:42.359+0000] {dag.py:3096} INFO - Sync 1 DAGs
[2026-03-16T16:00:42.390+0000] {logging_mixin.py:188} INFO - [2026-03-16T16:00:42.389+0000] {dag.py:3954} INFO - Setting next_dagrun for tutorial_dag to None, run_after=None
[2026-03-16T16:00:42.442+0000] {processor.py:183} INFO - Processing /home/airflow/.local/lib/python3.12/site-packages/airflow/example_dags/tutorial_dag.py took 0.150 seconds
[2026-03-16T16:01:13.414+0000] {processor.py:161} INFO - Started process (PID=261) to work on /home/airflow/.local/lib/python3.12/site-packages/airflow/example_dags/tutorial_dag.py
[2026-03-16T16:01:13.416+0000] {processor.py:830} INFO - Processing file /home/airflow/.local/lib/python3.12/site-packages/airflow/example_dags/tutorial_dag.py for tasks to queue
[2026-03-16T16:01:13.426+0000] {logging_mixin.py:188} INFO - [2026-03-16T16:01:13.424+0000] {dagbag.py:545} INFO - Filling up the DagBag from /home/airflow/.local/lib/python3.12/site-packages/airflow/example_dags/tutorial_dag.py
[2026-03-16T16:01:13.438+0000] {processor.py:840} INFO - DAG(s) 'tutorial_dag' retrieved from /home/airflow/.local/lib/python3.12/site-packages/airflow/example_dags/tutorial_dag.py
[2026-03-16T16:01:13.466+0000] {logging_mixin.py:188} INFO - [2026-03-16T16:01:13.465+0000] {dag.py:3096} INFO - Sync 1 DAGs
[2026-03-16T16:01:13.484+0000] {logging_mixin.py:188} INFO - [2026-03-16T16:01:13.484+0000] {dag.py:3954} INFO - Setting next_dagrun for tutorial_dag to None, run_after=None
[2026-03-16T16:01:13.512+0000] {processor.py:183} INFO - Processing /home/airflow/.local/lib/python3.12/site-packages/airflow/example_dags/tutorial_dag.py took 0.111 seconds
[2026-03-16T16:01:43.811+0000] {processor.py:161} INFO - Started process (PID=320) to work on /home/airflow/.local/lib/python3.12/site-packages/airflow/example_dags/tutorial_dag.py
[2026-03-16T16:01:43.813+0000] {processor.py:830} INFO - Processing file /home/airflow/.local/lib/python3.12/site-packages/airflow/example_dags/tutorial_dag.py for tasks to queue
[2026-03-16T16:01:43.816+0000] {logging_mixin.py:188} INFO - [2026-03-16T16:01:43.815+0000] {dagbag.py:545} INFO - Filling up the DagBag from /home/airflow/.local/lib/python3.12/site-packages/airflow/example_dags/tutorial_dag.py
[2026-03-16T16:01:43.825+0000] {processor.py:840} INFO - DAG(s) 'tutorial_dag' retrieved from /home/airflow/.local/lib/python3.12/site-packages/airflow/example_dags/tutorial_dag.py
[2026-03-16T16:01:43.852+0000] {logging_mixin.py:188} INFO - [2026-03-16T16:01:43.851+0000] {dag.py:3096} INFO - Sync 1 DAGs
[2026-03-16T16:01:43.872+0000] {logging_mixin.py:188} INFO - [2026-03-16T16:01:43.871+0000] {dag.py:3954} INFO - Setting next_dagrun for tutorial_dag to None, run_after=None
[2026-03-16T16:01:43.903+0000] {processor.py:183} INFO - Processing /home/airflow/.local/lib/python3.12/site-packages/airflow/example_dags/tutorial_dag.py took 0.101 seconds
[2026-03-16T16:02:14.128+0000] {processor.py:161} INFO - Started process (PID=379) to work on /home/airflow/.local/lib/python3.12/site-packages/airflow/example_dags/tutorial_dag.py
[2026-03-16T16:02:14.129+0000] {processor.py:830} INFO - Processing file /home/airflow/.local/lib/python3.12/site-packages/airflow/example_dags/tutorial_dag.py for tasks to queue
[2026-03-16T16:02:14.133+0000] {logging_mixin.py:188} INFO - [2026-03-16T16:02:14.133+0000] {dagbag.py:545} INFO - Filling up the DagBag from /home/airflow/.local/lib/python3.12/site-packages/airflow/example_dags/tutorial_dag.py
[2026-03-16T16:02:14.144+0000] {processor.py:840} INFO - DAG(s) 'tutorial_dag' retrieved from /home/airflow/.local/lib/python3.12/site-packages/airflow/example_dags/tutorial_dag.py
[2026-03-16T16:02:14.179+0000] {logging_mixin.py:188} INFO - [2026-03-16T16:02:14.178+0000] {dag.py:3096} INFO - Sync 1 DAGs
[2026-03-16T16:02:14.198+0000] {logging_mixin.py:188} INFO - [2026-03-16T16:02:14.197+0000] {dag.py:3954} INFO - Setting next_dagrun for tutorial_dag to None, run_after=None
[2026-03-16T16:02:14.230+0000] {processor.py:183} INFO - Processing /home/airflow/.local/lib/python3.12/site-packages/airflow/example_dags/tutorial_dag.py took 0.113 seconds
[2026-03-16T16:02:44.909+0000] {processor.py:161} INFO - Started process (PID=438) to work on /home/airflow/.local/lib/python3.12/site-packages/airflow/example_dags/tutorial_dag.py
[2026-03-16T16:02:44.911+0000] {processor.py:830} INFO - Processing file /home/airflow/.local/lib/python3.12/site-packages/airflow/example_dags/tutorial_dag.py for tasks to queue
[2026-03-16T16:02:44.914+0000] {logging_mixin.py:188} INFO - [2026-03-16T16:02:44.913+0000] {dagbag.py:545} INFO - Filling up the DagBag from /home/airflow/.local/lib/python3.12/site-packages/airflow/example_dags/tutorial_dag.py
[2026-03-16T16:02:44.926+0000] {processor.py:840} INFO - DAG(s) 'tutorial_dag' retrieved from /home/airflow/.local/lib/python3.12/site-packages/airflow/example_dags/tutorial_dag.py
[2026-03-16T16:02:44.963+0000] {logging_mixin.py:188} INFO - [2026-03-16T16:02:44.962+0000] {dag.py:3096} INFO - Sync 1 DAGs
[2026-03-16T16:02:44.981+0000] {logging_mixin.py:188} INFO - [2026-03-16T16:02:44.980+0000] {dag.py:3954} INFO - Setting next_dagrun for tutorial_dag to None, run_after=None
[2026-03-16T16:02:45.013+0000] {processor.py:183} INFO - Processing /home/airflow/.local/lib/python3.12/site-packages/airflow/example_dags/tutorial_dag.py took 0.113 seconds
[2026-03-16T16:03:15.153+0000] {processor.py:161} INFO - Started process (PID=497) to work on /home/airflow/.local/lib/python3.12/site-packages/airflow/example_dags/tutorial_dag.py
[2026-03-16T16:03:15.155+0000] {processor.py:830} INFO - Processing file /home/airflow/.local/lib/python3.12/site-packages/airflow/example_dags/tutorial_dag.py for tasks to queue
[2026-03-16T16:03:15.158+0000] {logging_mixin.py:188} INFO - [2026-03-16T16:03:15.157+0000] {dagbag.py:545} INFO - Filling up the DagBag from /home/airflow/.local/lib/python3.12/site-packages/airflow/example_dags/tutorial_dag.py
[2026-03-16T16:03:15.167+0000] {processor.py:840} INFO - DAG(s) 'tutorial_dag' retrieved from /home/airflow/.local/lib/python3.12/site-packages/airflow/example_dags/tutorial_dag.py
[2026-03-16T16:03:15.190+0000] {logging_mixin.py:188} INFO - [2026-03-16T16:03:15.189+0000] {dag.py:3096} INFO - Sync 1 DAGs
[2026-03-16T16:03:15.206+0000] {logging_mixin.py:188} INFO - [2026-03-16T16:03:15.205+0000] {dag.py:3954} INFO - Setting next_dagrun for tutorial_dag to None, run_after=None
[2026-03-16T16:03:15.233+0000] {processor.py:183} INFO - Processing /home/airflow/.local/lib/python3.12/site-packages/airflow/example_dags/tutorial_dag.py took 0.090 seconds
[2026-03-16T16:03:45.698+0000] {processor.py:161} INFO - Started process (PID=556) to work on /home/airflow/.local/lib/python3.12/site-packages/airflow/example_dags/tutorial_dag.py
[2026-03-16T16:03:45.700+0000] {processor.py:830} INFO - Processing file /home/airflow/.local/lib/python3.12/site-packages/airflow/example_dags/tutorial_dag.py for tasks to queue
[2026-03-16T16:03:45.703+0000] {logging_mixin.py:188} INFO - [2026-03-16T16:03:45.702+0000] {dagbag.py:545} INFO - Filling up the DagBag from /home/airflow/.local/lib/python3.12/site-packages/airflow/example_dags/tutorial_dag.py
[2026-03-16T16:03:45.712+0000] {processor.py:840} INFO - DAG(s) 'tutorial_dag' retrieved from /home/airflow/.local/lib/python3.12/site-packages/airflow/example_dags/tutorial_dag.py
[2026-03-16T16:03:45.741+0000] {logging_mixin.py:188} INFO - [2026-03-16T16:03:45.741+0000] {dag.py:3096} INFO - Sync 1 DAGs
[2026-03-16T16:03:45.759+0000] {logging_mixin.py:188} INFO - [2026-03-16T16:03:45.759+0000] {dag.py:3954} INFO - Setting next_dagrun for tutorial_dag to None, run_after=None
[2026-03-16T16:03:45.791+0000] {processor.py:183} INFO - Processing /home/airflow/.local/lib/python3.12/site-packages/airflow/example_dags/tutorial_dag.py took 0.100 seconds
[2026-03-16T16:04:16.395+0000] {processor.py:161} INFO - Started process (PID=615) to work on /home/airflow/.local/lib/python3.12/site-packages/airflow/example_dags/tutorial_dag.py
[2026-03-16T16:04:16.397+0000] {processor.py:830} INFO - Processing file /home/airflow/.local/lib/python3.12/site-packages/airflow/example_dags/tutorial_dag.py for tasks to queue
[2026-03-16T16:04:16.400+0000] {logging_mixin.py:188} INFO - [2026-03-16T16:04:16.399+0000] {dagbag.py:545} INFO - Filling up the DagBag from /home/airflow/.local/lib/python3.12/site-packages/airflow/example_dags/tutorial_dag.py
[2026-03-16T16:04:16.410+0000] {processor.py:840} INFO - DAG(s) 'tutorial_dag' retrieved from /home/airflow/.local/lib/python3.12/site-packages/airflow/example_dags/tutorial_dag.py
[2026-03-16T16:04:16.438+0000] {logging_mixin.py:188} INFO - [2026-03-16T16:04:16.438+0000] {dag.py:3096} INFO - Sync 1 DAGs
[2026-03-16T16:04:16.461+0000] {logging_mixin.py:188} INFO - [2026-03-16T16:04:16.461+0000] {dag.py:3954} INFO - Setting next_dagrun for tutorial_dag to None, run_after=None
[2026-03-16T16:04:16.496+0000] {processor.py:183} INFO - Processing /home/airflow/.local/lib/python3.12/site-packages/airflow/example_dags/tutorial_dag.py took 0.111 seconds
[2026-03-16T16:04:46.604+0000] {processor.py:161} INFO - Started process (PID=674) to work on /home/airflow/.local/lib/python3.12/site-packages/airflow/example_dags/tutorial_dag.py
[2026-03-16T16:04:46.606+0000] {processor.py:830} INFO - Processing file /home/airflow/.local/lib/python3.12/site-packages/airflow/example_dags/tutorial_dag.py for tasks to queue
[2026-03-16T16:04:46.608+0000] {logging_mixin.py:188} INFO - [2026-03-16T16:04:46.608+0000] {dagbag.py:545} INFO - Filling up the DagBag from /home/airflow/.local/lib/python3.12/site-packages/airflow/example_dags/tutorial_dag.py
[2026-03-16T16:04:46.615+0000] {processor.py:840} INFO - DAG(s) 'tutorial_dag' retrieved from /home/airflow/.local/lib/python3.12/site-packages/airflow/example_dags/tutorial_dag.py
[2026-03-16T16:04:46.642+0000] {logging_mixin.py:188} INFO - [2026-03-16T16:04:46.641+0000] {dag.py:3096} INFO - Sync 1 DAGs
[2026-03-16T16:04:46.657+0000] {logging_mixin.py:188} INFO - [2026-03-16T16:04:46.657+0000] {dag.py:3954} INFO - Setting next_dagrun for tutorial_dag to None, run_after=None
[2026-03-16T16:04:46.686+0000] {processor.py:183} INFO - Processing /home/airflow/.local/lib/python3.12/site-packages/airflow/example_dags/tutorial_dag.py took 0.090 seconds
[2026-03-16T16:05:16.933+0000] {processor.py:161} INFO - Started process (PID=733) to work on /home/airflow/.local/lib/python3.12/site-packages/airflow/example_dags/tutorial_dag.py
[2026-03-16T16:05:16.934+0000] {processor.py:830} INFO - Processing file /home/airflow/.local/lib/python3.12/site-packages/airflow/example_dags/tutorial_dag.py for tasks to queue
[2026-03-16T16:05:16.936+0000] {logging_mixin.py:188} INFO - [2026-03-16T16:05:16.936+0000] {dagbag.py:545} INFO - Filling up the DagBag from /home/airflow/.local/lib/python3.12/site-packages/airflow/example_dags/tutorial_dag.py
[2026-03-16T16:05:16.944+0000] {processor.py:840} INFO - DAG(s) 'tutorial_dag' retrieved from /home/airflow/.local/lib/python3.12/site-packages/airflow/example_dags/tutorial_dag.py
[2026-03-16T16:05:16.968+0000] {logging_mixin.py:188} INFO - [2026-03-16T16:05:16.967+0000] {dag.py:3096} INFO - Sync 1 DAGs
[2026-03-16T16:05:16.985+0000] {logging_mixin.py:188} INFO - [2026-03-16T16:05:16.985+0000] {dag.py:3954} INFO - Setting next_dagrun for tutorial_dag to None, run_after=None
[2026-03-16T16:05:17.014+0000] {processor.py:183} INFO - Processing /home/airflow/.local/lib/python3.12/site-packages/airflow/example_dags/tutorial_dag.py took 0.088 seconds
[2026-03-16T16:05:48.197+0000] {processor.py:161} INFO - Started process (PID=792) to work on /home/airflow/.local/lib/python3.12/site-packages/airflow/example_dags/tutorial_dag.py
[2026-03-16T16:05:48.198+0000] {processor.py:830} INFO - Processing file /home/airflow/.local/lib/python3.12/site-packages/airflow/example_dags/tutorial_dag.py for tasks to queue
[2026-03-16T16:05:48.201+0000] {logging_mixin.py:188} INFO - [2026-03-16T16:05:48.201+0000] {dagbag.py:545} INFO - Filling up the DagBag from /home/airflow/.local/lib/python3.12/site-packages/airflow/example_dags/tutorial_dag.py
[2026-03-16T16:05:48.209+0000] {processor.py:840} INFO - DAG(s) 'tutorial_dag' retrieved from /home/airflow/.local/lib/python3.12/site-packages/airflow/example_dags/tutorial_dag.py
[2026-03-16T16:05:48.238+0000] {logging_mixin.py:188} INFO - [2026-03-16T16:05:48.237+0000] {dag.py:3096} INFO - Sync 1 DAGs
[2026-03-16T16:05:48.256+0000] {logging_mixin.py:188} INFO - [2026-03-16T16:05:48.256+0000] {dag.py:3954} INFO - Setting next_dagrun for tutorial_dag to None, run_after=None
[2026-03-16T16:05:48.289+0000] {processor.py:183} INFO - Processing /home/airflow/.local/lib/python3.12/site-packages/airflow/example_dags/tutorial_dag.py took 0.101 seconds
[2026-03-16T16:06:18.539+0000] {processor.py:161} INFO - Started process (PID=851) to work on /home/airflow/.local/lib/python3.12/site-packages/airflow/example_dags/tutorial_dag.py
[2026-03-16T16:06:18.540+0000] {processor.py:830} INFO - Processing file /home/airflow/.local/lib/python3.12/site-packages/airflow/example_dags/tutorial_dag.py for tasks to queue
[2026-03-16T16:06:18.542+0000] {logging_mixin.py:188} INFO - [2026-03-16T16:06:18.542+0000] {dagbag.py:545} INFO - Filling up the DagBag from /home/airflow/.local/lib/python3.12/site-packages/airflow/example_dags/tutorial_dag.py
[2026-03-16T16:06:18.548+0000] {processor.py:840} INFO - DAG(s) 'tutorial_dag' retrieved from /home/airflow/.local/lib/python3.12/site-packages/airflow/example_dags/tutorial_dag.py
[2026-03-16T16:06:18.571+0000] {logging_mixin.py:188} INFO - [2026-03-16T16:06:18.570+0000] {dag.py:3096} INFO - Sync 1 DAGs
[2026-03-16T16:06:18.585+0000] {logging_mixin.py:188} INFO - [2026-03-16T16:06:18.584+0000] {dag.py:3954} INFO - Setting next_dagrun for tutorial_dag to None, run_after=None
[2026-03-16T16:06:18.615+0000] {processor.py:183} INFO - Processing /home/airflow/.local/lib/python3.12/site-packages/airflow/example_dags/tutorial_dag.py took 0.083 seconds
[2026-03-16T16:06:48.820+0000] {processor.py:161} INFO - Started process (PID=911) to work on /home/airflow/.local/lib/python3.12/site-packages/airflow/example_dags/tutorial_dag.py
[2026-03-16T16:06:48.821+0000] {processor.py:830} INFO - Processing file /home/airflow/.local/lib/python3.12/site-packages/airflow/example_dags/tutorial_dag.py for tasks to queue
[2026-03-16T16:06:48.824+0000] {logging_mixin.py:188} INFO - [2026-03-16T16:06:48.823+0000] {dagbag.py:545} INFO - Filling up the DagBag from /home/airflow/.local/lib/python3.12/site-packages/airflow/example_dags/tutorial_dag.py
[2026-03-16T16:06:48.831+0000] {processor.py:840} INFO - DAG(s) 'tutorial_dag' retrieved from /home/airflow/.local/lib/python3.12/site-packages/airflow/example_dags/tutorial_dag.py
[2026-03-16T16:06:48.858+0000] {logging_mixin.py:188} INFO - [2026-03-16T16:06:48.857+0000] {dag.py:3096} INFO - Sync 1 DAGs
[2026-03-16T16:06:48.877+0000] {logging_mixin.py:188} INFO - [2026-03-16T16:06:48.877+0000] {dag.py:3954} INFO - Setting next_dagrun for tutorial_dag to None, run_after=None
[2026-03-16T16:06:48.906+0000] {processor.py:183} INFO - Processing /home/airflow/.local/lib/python3.12/site-packages/airflow/example_dags/tutorial_dag.py took 0.093 seconds
[2026-03-16T16:07:19.821+0000] {processor.py:161} INFO - Started process (PID=970) to work on /home/airflow/.local/lib/python3.12/site-packages/airflow/example_dags/tutorial_dag.py
[2026-03-16T16:07:19.823+0000] {processor.py:830} INFO - Processing file /home/airflow/.local/lib/python3.12/site-packages/airflow/example_dags/tutorial_dag.py for tasks to queue
[2026-03-16T16:07:19.827+0000] {logging_mixin.py:188} INFO - [2026-03-16T16:07:19.826+0000] {dagbag.py:545} INFO - Filling up the DagBag from /home/airflow/.local/lib/python3.12/site-packages/airflow/example_dags/tutorial_dag.py
[2026-03-16T16:07:19.835+0000] {processor.py:840} INFO - DAG(s) 'tutorial_dag' retrieved from /home/airflow/.local/lib/python3.12/site-packages/airflow/example_dags/tutorial_dag.py
[2026-03-16T16:07:19.862+0000] {logging_mixin.py:188} INFO - [2026-03-16T16:07:19.862+0000] {dag.py:3096} INFO - Sync 1 DAGs
[2026-03-16T16:07:19.880+0000] {logging_mixin.py:188} INFO - [2026-03-16T16:07:19.879+0000] {dag.py:3954} INFO - Setting next_dagrun for tutorial_dag to None, run_after=None
[2026-03-16T16:07:19.907+0000] {processor.py:183} INFO - Processing /home/airflow/.local/lib/python3.12/site-packages/airflow/example_dags/tutorial_dag.py took 0.098 seconds
[2026-03-16T16:07:50.485+0000] {processor.py:161} INFO - Started process (PID=1030) to work on /home/airflow/.local/lib/python3.12/site-packages/airflow/example_dags/tutorial_dag.py
[2026-03-16T16:07:50.486+0000] {processor.py:830} INFO - Processing file /home/airflow/.local/lib/python3.12/site-packages/airflow/example_dags/tutorial_dag.py for tasks to queue
[2026-03-16T16:07:50.488+0000] {logging_mixin.py:188} INFO - [2026-03-16T16:07:50.488+0000] {dagbag.py:545} INFO - Filling up the DagBag from /home/airflow/.local/lib/python3.12/site-packages/airflow/example_dags/tutorial_dag.py
[2026-03-16T16:07:50.495+0000] {processor.py:840} INFO - DAG(s) 'tutorial_dag' retrieved from /home/airflow/.local/lib/python3.12/site-packages/airflow/example_dags/tutorial_dag.py
[2026-03-16T16:07:50.516+0000] {logging_mixin.py:188} INFO - [2026-03-16T16:07:50.516+0000] {dag.py:3096} INFO - Sync 1 DAGs
[2026-03-16T16:07:50.531+0000] {logging_mixin.py:188} INFO - [2026-03-16T16:07:50.531+0000] {dag.py:3954} INFO - Setting next_dagrun for tutorial_dag to None, run_after=None
[2026-03-16T16:07:50.566+0000] {processor.py:183} INFO - Processing /home/airflow/.local/lib/python3.12/site-packages/airflow/example_dags/tutorial_dag.py took 0.087 seconds
[2026-03-16T16:08:21.594+0000] {processor.py:161} INFO - Started process (PID=1090) to work on /home/airflow/.local/lib/python3.12/site-packages/airflow/example_dags/tutorial_dag.py
[2026-03-16T16:08:21.595+0000] {processor.py:830} INFO - Processing file /home/airflow/.local/lib/python3.12/site-packages/airflow/example_dags/tutorial_dag.py for tasks to queue
[2026-03-16T16:08:21.597+0000] {logging_mixin.py:188} INFO - [2026-03-16T16:08:21.597+0000] {dagbag.py:545} INFO - Filling up the DagBag from /home/airflow/.local/lib/python3.12/site-packages/airflow/example_dags/tutorial_dag.py
[2026-03-16T16:08:21.604+0000] {processor.py:840} INFO - DAG(s) 'tutorial_dag' retrieved from /home/airflow/.local/lib/python3.12/site-packages/airflow/example_dags/tutorial_dag.py
[2026-03-16T16:08:21.631+0000] {logging_mixin.py:188} INFO - [2026-03-16T16:08:21.631+0000] {dag.py:3096} INFO - Sync 1 DAGs
[2026-03-16T16:08:21.649+0000] {logging_mixin.py:188} INFO - [2026-03-16T16:08:21.649+0000] {dag.py:3954} INFO - Setting next_dagrun for tutorial_dag to None, run_after=None
[2026-03-16T16:08:21.675+0000] {processor.py:183} INFO - Processing /home/airflow/.local/lib/python3.12/site-packages/airflow/example_dags/tutorial_dag.py took 0.090 seconds
[2026-03-16T16:08:54.588+0000] {processor.py:161} INFO - Started process (PID=1149) to work on /home/airflow/.local/lib/python3.12/site-packages/airflow/example_dags/tutorial_dag.py
[2026-03-16T16:08:54.590+0000] {processor.py:830} INFO - Processing file /home/airflow/.local/lib/python3.12/site-packages/airflow/example_dags/tutorial_dag.py for tasks to queue
[2026-03-16T16:08:54.593+0000] {logging_mixin.py:188} INFO - [2026-03-16T16:08:54.592+0000] {dagbag.py:545} INFO - Filling up the DagBag from /home/airflow/.local/lib/python3.12/site-packages/airflow/example_dags/tutorial_dag.py
[2026-03-16T16:08:54.603+0000] {processor.py:840} INFO - DAG(s) 'tutorial_dag' retrieved from /home/airflow/.local/lib/python3.12/site-packages/airflow/example_dags/tutorial_dag.py
[2026-03-16T16:08:54.643+0000] {logging_mixin.py:188} INFO - [2026-03-16T16:08:54.643+0000] {dag.py:3096} INFO - Sync 1 DAGs
[2026-03-16T16:08:54.670+0000] {logging_mixin.py:188} INFO - [2026-03-16T16:08:54.669+0000] {dag.py:3954} INFO - Setting next_dagrun for tutorial_dag to None, run_after=None
[2026-03-16T16:08:54.723+0000] {processor.py:183} INFO - Processing /home/airflow/.local/lib/python3.12/site-packages/airflow/example_dags/tutorial_dag.py took 0.146 seconds
[2026-03-16T16:09:26.357+0000] {processor.py:161} INFO - Started process (PID=1208) to work on /home/airflow/.local/lib/python3.12/site-packages/airflow/example_dags/tutorial_dag.py
[2026-03-16T16:09:26.363+0000] {processor.py:830} INFO - Processing file /home/airflow/.local/lib/python3.12/site-packages/airflow/example_dags/tutorial_dag.py for tasks to queue
[2026-03-16T16:09:26.367+0000] {logging_mixin.py:188} INFO - [2026-03-16T16:09:26.366+0000] {dagbag.py:545} INFO - Filling up the DagBag from /home/airflow/.local/lib/python3.12/site-packages/airflow/example_dags/tutorial_dag.py
[2026-03-16T16:09:26.383+0000] {processor.py:840} INFO - DAG(s) 'tutorial_dag' retrieved from /home/airflow/.local/lib/python3.12/site-packages/airflow/example_dags/tutorial_dag.py
[2026-03-16T16:09:26.423+0000] {logging_mixin.py:188} INFO - [2026-03-16T16:09:26.423+0000] {dag.py:3096} INFO - Sync 1 DAGs
[2026-03-16T16:09:26.451+0000] {logging_mixin.py:188} INFO - [2026-03-16T16:09:26.450+0000] {dag.py:3954} INFO - Setting next_dagrun for tutorial_dag to None, run_after=None
[2026-03-16T16:09:26.718+0000] {processor.py:183} INFO - Processing /home/airflow/.local/lib/python3.12/site-packages/airflow/example_dags/tutorial_dag.py took 0.374 seconds
[2026-03-16T16:09:56.965+0000] {processor.py:161} INFO - Started process (PID=1267) to work on /home/airflow/.local/lib/python3.12/site-packages/airflow/example_dags/tutorial_dag.py
[2026-03-16T16:09:56.967+0000] {processor.py:830} INFO - Processing file /home/airflow/.local/lib/python3.12/site-packages/airflow/example_dags/tutorial_dag.py for tasks to queue
[2026-03-16T16:09:56.971+0000] {logging_mixin.py:188} INFO - [2026-03-16T16:09:56.971+0000] {dagbag.py:545} INFO - Filling up the DagBag from /home/airflow/.local/lib/python3.12/site-packages/airflow/example_dags/tutorial_dag.py
[2026-03-16T16:09:56.978+0000] {processor.py:840} INFO - DAG(s) 'tutorial_dag' retrieved from /home/airflow/.local/lib/python3.12/site-packages/airflow/example_dags/tutorial_dag.py
[2026-03-16T16:09:57.007+0000] {logging_mixin.py:188} INFO - [2026-03-16T16:09:57.006+0000] {dag.py:3096} INFO - Sync 1 DAGs
[2026-03-16T16:09:57.025+0000] {logging_mixin.py:188} INFO - [2026-03-16T16:09:57.025+0000] {dag.py:3954} INFO - Setting next_dagrun for tutorial_dag to None, run_after=None
[2026-03-16T16:09:57.056+0000] {processor.py:183} INFO - Processing /home/airflow/.local/lib/python3.12/site-packages/airflow/example_dags/tutorial_dag.py took 0.100 seconds
[2026-03-16T16:10:27.280+0000] {processor.py:161} INFO - Started process (PID=1326) to work on /home/airflow/.local/lib/python3.12/site-packages/airflow/example_dags/tutorial_dag.py
[2026-03-16T16:10:27.281+0000] {processor.py:830} INFO - Processing file /home/airflow/.local/lib/python3.12/site-packages/airflow/example_dags/tutorial_dag.py for tasks to queue
[2026-03-16T16:10:27.283+0000] {logging_mixin.py:188} INFO - [2026-03-16T16:10:27.282+0000] {dagbag.py:545} INFO - Filling up the DagBag from /home/airflow/.local/lib/python3.12/site-packages/airflow/example_dags/tutorial_dag.py
[2026-03-16T16:10:27.289+0000] {processor.py:840} INFO - DAG(s) 'tutorial_dag' retrieved from /home/airflow/.local/lib/python3.12/site-packages/airflow/example_dags/tutorial_dag.py
[2026-03-16T16:10:27.315+0000] {logging_mixin.py:188} INFO - [2026-03-16T16:10:27.315+0000] {dag.py:3096} INFO - Sync 1 DAGs
[2026-03-16T16:10:27.334+0000] {logging_mixin.py:188} INFO - [2026-03-16T16:10:27.334+0000] {dag.py:3954} INFO - Setting next_dagrun for tutorial_dag to None, run_after=None
[2026-03-16T16:10:27.364+0000] {processor.py:183} INFO - Processing /home/airflow/.local/lib/python3.12/site-packages/airflow/example_dags/tutorial_dag.py took 0.091 seconds
[2026-03-16T16:10:57.486+0000] {processor.py:161} INFO - Started process (PID=1385) to work on /home/airflow/.local/lib/python3.12/site-packages/airflow/example_dags/tutorial_dag.py
[2026-03-16T16:10:57.488+0000] {processor.py:830} INFO - Processing file /home/airflow/.local/lib/python3.12/site-packages/airflow/example_dags/tutorial_dag.py for tasks to queue
[2026-03-16T16:10:57.491+0000] {logging_mixin.py:188} INFO - [2026-03-16T16:10:57.490+0000] {dagbag.py:545} INFO - Filling up the DagBag from /home/airflow/.local/lib/python3.12/site-packages/airflow/example_dags/tutorial_dag.py
[2026-03-16T16:10:57.500+0000] {processor.py:840} INFO - DAG(s) 'tutorial_dag' retrieved from /home/airflow/.local/lib/python3.12/site-packages/airflow/example_dags/tutorial_dag.py
[2026-03-16T16:10:57.525+0000] {logging_mixin.py:188} INFO - [2026-03-16T16:10:57.524+0000] {dag.py:3096} INFO - Sync 1 DAGs
[2026-03-16T16:10:57.548+0000] {logging_mixin.py:188} INFO - [2026-03-16T16:10:57.547+0000] {dag.py:3954} INFO - Setting next_dagrun for tutorial_dag to None, run_after=None
[2026-03-16T16:10:57.582+0000] {processor.py:183} INFO - Processing /home/airflow/.local/lib/python3.12/site-packages/airflow/example_dags/tutorial_dag.py took 0.103 seconds
[2026-03-16T16:11:28.394+0000] {processor.py:161} INFO - Started process (PID=1444) to work on /home/airflow/.local/lib/python3.12/site-packages/airflow/example_dags/tutorial_dag.py
[2026-03-16T16:11:28.395+0000] {processor.py:830} INFO - Processing file /home/airflow/.local/lib/python3.12/site-packages/airflow/example_dags/tutorial_dag.py for tasks to queue
[2026-03-16T16:11:28.398+0000] {logging_mixin.py:188} INFO - [2026-03-16T16:11:28.398+0000] {dagbag.py:545} INFO - Filling up the DagBag from /home/airflow/.local/lib/python3.12/site-packages/airflow/example_dags/tutorial_dag.py
[2026-03-16T16:11:28.404+0000] {processor.py:840} INFO - DAG(s) 'tutorial_dag' retrieved from /home/airflow/.local/lib/python3.12/site-packages/airflow/example_dags/tutorial_dag.py
[2026-03-16T16:11:28.427+0000] {logging_mixin.py:188} INFO - [2026-03-16T16:11:28.427+0000] {dag.py:3096} INFO - Sync 1 DAGs
[2026-03-16T16:11:28.442+0000] {logging_mixin.py:188} INFO - [2026-03-16T16:11:28.441+0000] {dag.py:3954} INFO - Setting next_dagrun for tutorial_dag to None, run_after=None
[2026-03-16T16:11:28.469+0000] {processor.py:183} INFO - Processing /home/airflow/.local/lib/python3.12/site-packages/airflow/example_dags/tutorial_dag.py took 0.081 seconds
[2026-03-16T16:11:58.766+0000] {processor.py:161} INFO - Started process (PID=1503) to work on /home/airflow/.local/lib/python3.12/site-packages/airflow/example_dags/tutorial_dag.py
[2026-03-16T16:11:58.768+0000] {processor.py:830} INFO - Processing file /home/airflow/.local/lib/python3.12/site-packages/airflow/example_dags/tutorial_dag.py for tasks to queue
[2026-03-16T16:11:58.770+0000] {logging_mixin.py:188} INFO - [2026-03-16T16:11:58.770+0000] {dagbag.py:545} INFO - Filling up the DagBag from /home/airflow/.local/lib/python3.12/site-packages/airflow/example_dags/tutorial_dag.py
[2026-03-16T16:11:58.776+0000] {processor.py:840} INFO - DAG(s) 'tutorial_dag' retrieved from /home/airflow/.local/lib/python3.12/site-packages/airflow/example_dags/tutorial_dag.py
[2026-03-16T16:11:58.799+0000] {logging_mixin.py:188} INFO - [2026-03-16T16:11:58.799+0000] {dag.py:3096} INFO - Sync 1 DAGs
[2026-03-16T16:11:58.816+0000] {logging_mixin.py:188} INFO - [2026-03-16T16:11:58.816+0000] {dag.py:3954} INFO - Setting next_dagrun for tutorial_dag to None, run_after=None
[2026-03-16T16:11:58.848+0000] {processor.py:183} INFO - Processing /home/airflow/.local/lib/python3.12/site-packages/airflow/example_dags/tutorial_dag.py took 0.089 seconds
[2026-03-16T16:12:29.260+0000] {processor.py:161} INFO - Started process (PID=1562) to work on /home/airflow/.local/lib/python3.12/site-packages/airflow/example_dags/tutorial_dag.py
[2026-03-16T16:12:29.261+0000] {processor.py:830} INFO - Processing file /home/airflow/.local/lib/python3.12/site-packages/airflow/example_dags/tutorial_dag.py for tasks to queue
[2026-03-16T16:12:29.264+0000] {logging_mixin.py:188} INFO - [2026-03-16T16:12:29.263+0000] {dagbag.py:545} INFO - Filling up the DagBag from /home/airflow/.local/lib/python3.12/site-packages/airflow/example_dags/tutorial_dag.py
[2026-03-16T16:12:29.270+0000] {processor.py:840} INFO - DAG(s) 'tutorial_dag' retrieved from /home/airflow/.local/lib/python3.12/site-packages/airflow/example_dags/tutorial_dag.py
[2026-03-16T16:12:29.292+0000] {logging_mixin.py:188} INFO - [2026-03-16T16:12:29.291+0000] {dag.py:3096} INFO - Sync 1 DAGs
[2026-03-16T16:12:29.307+0000] {logging_mixin.py:188} INFO - [2026-03-16T16:12:29.306+0000] {dag.py:3954} INFO - Setting next_dagrun for tutorial_dag to None, run_after=None
[2026-03-16T16:12:29.330+0000] {processor.py:183} INFO - Processing /home/airflow/.local/lib/python3.12/site-packages/airflow/example_dags/tutorial_dag.py took 0.081 seconds
[2026-03-16T16:12:59.824+0000] {processor.py:161} INFO - Started process (PID=1621) to work on /home/airflow/.local/lib/python3.12/site-packages/airflow/example_dags/tutorial_dag.py
[2026-03-16T16:12:59.825+0000] {processor.py:830} INFO - Processing file /home/airflow/.local/lib/python3.12/site-packages/airflow/example_dags/tutorial_dag.py for tasks to queue
[2026-03-16T16:12:59.828+0000] {logging_mixin.py:188} INFO - [2026-03-16T16:12:59.827+0000] {dagbag.py:545} INFO - Filling up the DagBag from /home/airflow/.local/lib/python3.12/site-packages/airflow/example_dags/tutorial_dag.py
[2026-03-16T16:12:59.835+0000] {processor.py:840} INFO - DAG(s) 'tutorial_dag' retrieved from /home/airflow/.local/lib/python3.12/site-packages/airflow/example_dags/tutorial_dag.py
[2026-03-16T16:12:59.861+0000] {logging_mixin.py:188} INFO - [2026-03-16T16:12:59.860+0000] {dag.py:3096} INFO - Sync 1 DAGs
[2026-03-16T16:12:59.880+0000] {logging_mixin.py:188} INFO - [2026-03-16T16:12:59.879+0000] {dag.py:3954} INFO - Setting next_dagrun for tutorial_dag to None, run_after=None
[2026-03-16T16:12:59.908+0000] {processor.py:183} INFO - Processing /home/airflow/.local/lib/python3.12/site-packages/airflow/example_dags/tutorial_dag.py took 0.095 seconds
[2026-03-16T16:13:30.466+0000] {processor.py:161} INFO - Started process (PID=1681) to work on /home/airflow/.local/lib/python3.12/site-packages/airflow/example_dags/tutorial_dag.py
[2026-03-16T16:13:30.467+0000] {processor.py:830} INFO - Processing file /home/airflow/.local/lib/python3.12/site-packages/airflow/example_dags/tutorial_dag.py for tasks to queue
[2026-03-16T16:13:30.470+0000] {logging_mixin.py:188} INFO - [2026-03-16T16:13:30.470+0000] {dagbag.py:545} INFO - Filling up the DagBag from /home/airflow/.local/lib/python3.12/site-packages/airflow/example_dags/tutorial_dag.py
[2026-03-16T16:13:30.476+0000] {processor.py:840} INFO - DAG(s) 'tutorial_dag' retrieved from /home/airflow/.local/lib/python3.12/site-packages/airflow/example_dags/tutorial_dag.py
[2026-03-16T16:13:30.498+0000] {logging_mixin.py:188} INFO - [2026-03-16T16:13:30.498+0000] {dag.py:3096} INFO - Sync 1 DAGs
[2026-03-16T16:13:30.512+0000] {logging_mixin.py:188} INFO - [2026-03-16T16:13:30.512+0000] {dag.py:3954} INFO - Setting next_dagrun for tutorial_dag to None, run_after=None
[2026-03-16T16:13:30.539+0000] {processor.py:183} INFO - Processing /home/airflow/.local/lib/python3.12/site-packages/airflow/example_dags/tutorial_dag.py took 0.082 seconds
[2026-03-16T16:14:01.313+0000] {processor.py:161} INFO - Started process (PID=1740) to work on /home/airflow/.local/lib/python3.12/site-packages/airflow/example_dags/tutorial_dag.py
[2026-03-16T16:14:01.315+0000] {processor.py:830} INFO - Processing file /home/airflow/.local/lib/python3.12/site-packages/airflow/example_dags/tutorial_dag.py for tasks to queue
[2026-03-16T16:14:01.318+0000] {logging_mixin.py:188} INFO - [2026-03-16T16:14:01.317+0000] {dagbag.py:545} INFO - Filling up the DagBag from /home/airflow/.local/lib/python3.12/site-packages/airflow/example_dags/tutorial_dag.py
[2026-03-16T16:14:01.326+0000] {processor.py:840} INFO - DAG(s) 'tutorial_dag' retrieved from /home/airflow/.local/lib/python3.12/site-packages/airflow/example_dags/tutorial_dag.py
[2026-03-16T16:14:01.359+0000] {logging_mixin.py:188} INFO - [2026-03-16T16:14:01.358+0000] {dag.py:3096} INFO - Sync 1 DAGs
[2026-03-16T16:14:01.390+0000] {logging_mixin.py:188} INFO - [2026-03-16T16:14:01.390+0000] {dag.py:3954} INFO - Setting next_dagrun for tutorial_dag to None, run_after=None
[2026-03-16T16:14:01.440+0000] {processor.py:183} INFO - Processing /home/airflow/.local/lib/python3.12/site-packages/airflow/example_dags/tutorial_dag.py took 0.138 seconds
[2026-03-16T16:14:31.795+0000] {processor.py:161} INFO - Started process (PID=1799) to work on /home/airflow/.local/lib/python3.12/site-packages/airflow/example_dags/tutorial_dag.py
[2026-03-16T16:14:31.796+0000] {processor.py:830} INFO - Processing file /home/airflow/.local/lib/python3.12/site-packages/airflow/example_dags/tutorial_dag.py for tasks to queue
[2026-03-16T16:14:31.800+0000] {logging_mixin.py:188} INFO - [2026-03-16T16:14:31.799+0000] {dagbag.py:545} INFO - Filling up the DagBag from /home/airflow/.local/lib/python3.12/site-packages/airflow/example_dags/tutorial_dag.py
[2026-03-16T16:14:31.808+0000] {processor.py:840} INFO - DAG(s) 'tutorial_dag' retrieved from /home/airflow/.local/lib/python3.12/site-packages/airflow/example_dags/tutorial_dag.py
[2026-03-16T16:14:31.834+0000] {logging_mixin.py:188} INFO - [2026-03-16T16:14:31.834+0000] {dag.py:3096} INFO - Sync 1 DAGs
[2026-03-16T16:14:31.851+0000] {logging_mixin.py:188} INFO - [2026-03-16T16:14:31.851+0000] {dag.py:3954} INFO - Setting next_dagrun for tutorial_dag to None, run_after=None
[2026-03-16T16:14:31.882+0000] {processor.py:183} INFO - Processing /home/airflow/.local/lib/python3.12/site-packages/airflow/example_dags/tutorial_dag.py took 0.094 seconds
[2026-03-16T16:15:02.590+0000] {processor.py:161} INFO - Started process (PID=1858) to work on /home/airflow/.local/lib/python3.12/site-packages/airflow/example_dags/tutorial_dag.py
[2026-03-16T16:15:02.591+0000] {processor.py:830} INFO - Processing file /home/airflow/.local/lib/python3.12/site-packages/airflow/example_dags/tutorial_dag.py for tasks to queue
[2026-03-16T16:15:02.595+0000] {logging_mixin.py:188} INFO - [2026-03-16T16:15:02.595+0000] {dagbag.py:545} INFO - Filling up the DagBag from /home/airflow/.local/lib/python3.12/site-packages/airflow/example_dags/tutorial_dag.py
[2026-03-16T16:15:02.601+0000] {processor.py:840} INFO - DAG(s) 'tutorial_dag' retrieved from /home/airflow/.local/lib/python3.12/site-packages/airflow/example_dags/tutorial_dag.py
[2026-03-16T16:15:02.627+0000] {logging_mixin.py:188} INFO - [2026-03-16T16:15:02.626+0000] {dag.py:3096} INFO - Sync 1 DAGs
[2026-03-16T16:15:02.641+0000] {logging_mixin.py:188} INFO - [2026-03-16T16:15:02.641+0000] {dag.py:3954} INFO - Setting next_dagrun for tutorial_dag to None, run_after=None
[2026-03-16T16:15:02.668+0000] {processor.py:183} INFO - Processing /home/airflow/.local/lib/python3.12/site-packages/airflow/example_dags/tutorial_dag.py took 0.087 seconds
[2026-03-16T16:15:33.345+0000] {processor.py:161} INFO - Started process (PID=1917) to work on /home/airflow/.local/lib/python3.12/site-packages/airflow/example_dags/tutorial_dag.py
[2026-03-16T16:15:33.346+0000] {processor.py:830} INFO - Processing file /home/airflow/.local/lib/python3.12/site-packages/airflow/example_dags/tutorial_dag.py for tasks to queue
[2026-03-16T16:15:33.348+0000] {logging_mixin.py:188} INFO - [2026-03-16T16:15:33.348+0000] {dagbag.py:545} INFO - Filling up the DagBag from /home/airflow/.local/lib/python3.12/site-packages/airflow/example_dags/tutorial_dag.py
[2026-03-16T16:15:33.355+0000] {processor.py:840} INFO - DAG(s) 'tutorial_dag' retrieved from /home/airflow/.local/lib/python3.12/site-packages/airflow/example_dags/tutorial_dag.py
[2026-03-16T16:15:33.382+0000] {logging_mixin.py:188} INFO - [2026-03-16T16:15:33.382+0000] {dag.py:3096} INFO - Sync 1 DAGs
[2026-03-16T16:15:33.397+0000] {logging_mixin.py:188} INFO - [2026-03-16T16:15:33.397+0000] {dag.py:3954} INFO - Setting next_dagrun for tutorial_dag to None, run_after=None
[2026-03-16T16:15:33.428+0000] {processor.py:183} INFO - Processing /home/airflow/.local/lib/python3.12/site-packages/airflow/example_dags/tutorial_dag.py took 0.089 seconds
[2026-03-16T16:16:04.248+0000] {processor.py:161} INFO - Started process (PID=1976) to work on /home/airflow/.local/lib/python3.12/site-packages/airflow/example_dags/tutorial_dag.py
[2026-03-16T16:16:04.255+0000] {processor.py:830} INFO - Processing file /home/airflow/.local/lib/python3.12/site-packages/airflow/example_dags/tutorial_dag.py for tasks to queue
[2026-03-16T16:16:04.262+0000] {logging_mixin.py:188} INFO - [2026-03-16T16:16:04.262+0000] {dagbag.py:545} INFO - Filling up the DagBag from /home/airflow/.local/lib/python3.12/site-packages/airflow/example_dags/tutorial_dag.py
[2026-03-16T16:16:04.276+0000] {processor.py:840} INFO - DAG(s) 'tutorial_dag' retrieved from /home/airflow/.local/lib/python3.12/site-packages/airflow/example_dags/tutorial_dag.py
[2026-03-16T16:16:04.308+0000] {logging_mixin.py:188} INFO - [2026-03-16T16:16:04.307+0000] {dag.py:3096} INFO - Sync 1 DAGs
[2026-03-16T16:16:04.327+0000] {logging_mixin.py:188} INFO - [2026-03-16T16:16:04.327+0000] {dag.py:3954} INFO - Setting next_dagrun for tutorial_dag to None, run_after=None
[2026-03-16T16:16:04.359+0000] {processor.py:183} INFO - Processing /home/airflow/.local/lib/python3.12/site-packages/airflow/example_dags/tutorial_dag.py took 0.134 seconds
[2026-03-16T16:16:34.962+0000] {processor.py:161} INFO - Started process (PID=2035) to work on /home/airflow/.local/lib/python3.12/site-packages/airflow/example_dags/tutorial_dag.py
[2026-03-16T16:16:34.963+0000] {processor.py:830} INFO - Processing file /home/airflow/.local/lib/python3.12/site-packages/airflow/example_dags/tutorial_dag.py for tasks to queue
[2026-03-16T16:16:34.965+0000] {logging_mixin.py:188} INFO - [2026-03-16T16:16:34.965+0000] {dagbag.py:545} INFO - Filling up the DagBag from /home/airflow/.local/lib/python3.12/site-packages/airflow/example_dags/tutorial_dag.py
[2026-03-16T16:16:34.973+0000] {processor.py:840} INFO - DAG(s) 'tutorial_dag' retrieved from /home/airflow/.local/lib/python3.12/site-packages/airflow/example_dags/tutorial_dag.py
[2026-03-16T16:16:34.997+0000] {logging_mixin.py:188} INFO - [2026-03-16T16:16:34.997+0000] {dag.py:3096} INFO - Sync 1 DAGs
[2026-03-16T16:16:35.023+0000] {logging_mixin.py:188} INFO - [2026-03-16T16:16:35.023+0000] {dag.py:3954} INFO - Setting next_dagrun for tutorial_dag to None, run_after=None
[2026-03-16T16:16:35.082+0000] {processor.py:183} INFO - Processing /home/airflow/.local/lib/python3.12/site-packages/airflow/example_dags/tutorial_dag.py took 0.126 seconds
[2026-03-16T16:17:05.781+0000] {processor.py:161} INFO - Started process (PID=2094) to work on /home/airflow/.local/lib/python3.12/site-packages/airflow/example_dags/tutorial_dag.py
[2026-03-16T16:17:05.782+0000] {processor.py:830} INFO - Processing file /home/airflow/.local/lib/python3.12/site-packages/airflow/example_dags/tutorial_dag.py for tasks to queue
[2026-03-16T16:17:05.784+0000] {logging_mixin.py:188} INFO - [2026-03-16T16:17:05.783+0000] {dagbag.py:545} INFO - Filling up the DagBag from /home/airflow/.local/lib/python3.12/site-packages/airflow/example_dags/tutorial_dag.py
[2026-03-16T16:17:05.790+0000] {processor.py:840} INFO - DAG(s) 'tutorial_dag' retrieved from /home/airflow/.local/lib/python3.12/site-packages/airflow/example_dags/tutorial_dag.py
[2026-03-16T16:17:05.812+0000] {logging_mixin.py:188} INFO - [2026-03-16T16:17:05.812+0000] {dag.py:3096} INFO - Sync 1 DAGs
[2026-03-16T16:17:05.826+0000] {logging_mixin.py:188} INFO - [2026-03-16T16:17:05.825+0000] {dag.py:3954} INFO - Setting next_dagrun for tutorial_dag to None, run_after=None
[2026-03-16T16:17:05.855+0000] {processor.py:183} INFO - Processing /home/airflow/.local/lib/python3.12/site-packages/airflow/example_dags/tutorial_dag.py took 0.081 seconds
[2026-03-16T16:17:36.899+0000] {processor.py:161} INFO - Started process (PID=2153) to work on /home/airflow/.local/lib/python3.12/site-packages/airflow/example_dags/tutorial_dag.py
[2026-03-16T16:17:36.901+0000] {processor.py:830} INFO - Processing file /home/airflow/.local/lib/python3.12/site-packages/airflow/example_dags/tutorial_dag.py for tasks to queue
[2026-03-16T16:17:36.904+0000] {logging_mixin.py:188} INFO - [2026-03-16T16:17:36.904+0000] {dagbag.py:545} INFO - Filling up the DagBag from /home/airflow/.local/lib/python3.12/site-packages/airflow/example_dags/tutorial_dag.py
[2026-03-16T16:17:36.912+0000] {processor.py:840} INFO - DAG(s) 'tutorial_dag' retrieved from /home/airflow/.local/lib/python3.12/site-packages/airflow/example_dags/tutorial_dag.py
[2026-03-16T16:17:36.948+0000] {logging_mixin.py:188} INFO - [2026-03-16T16:17:36.947+0000] {dag.py:3096} INFO - Sync 1 DAGs
[2026-03-16T16:17:36.977+0000] {logging_mixin.py:188} INFO - [2026-03-16T16:17:36.976+0000] {dag.py:3954} INFO - Setting next_dagrun for tutorial_dag to None, run_after=None
[2026-03-16T16:17:37.009+0000] {processor.py:183} INFO - Processing /home/airflow/.local/lib/python3.12/site-packages/airflow/example_dags/tutorial_dag.py took 0.121 seconds
[2026-03-16T16:18:07.156+0000] {processor.py:161} INFO - Started process (PID=2212) to work on /home/airflow/.local/lib/python3.12/site-packages/airflow/example_dags/tutorial_dag.py
[2026-03-16T16:18:07.157+0000] {processor.py:830} INFO - Processing file /home/airflow/.local/lib/python3.12/site-packages/airflow/example_dags/tutorial_dag.py for tasks to queue
[2026-03-16T16:18:07.161+0000] {logging_mixin.py:188} INFO - [2026-03-16T16:18:07.160+0000] {dagbag.py:545} INFO - Filling up the DagBag from /home/airflow/.local/lib/python3.12/site-packages/airflow/example_dags/tutorial_dag.py
[2026-03-16T16:18:07.175+0000] {processor.py:840} INFO - DAG(s) 'tutorial_dag' retrieved from /home/airflow/.local/lib/python3.12/site-packages/airflow/example_dags/tutorial_dag.py
[2026-03-16T16:18:07.206+0000] {logging_mixin.py:188} INFO - [2026-03-16T16:18:07.206+0000] {dag.py:3096} INFO - Sync 1 DAGs
[2026-03-16T16:18:07.225+0000] {logging_mixin.py:188} INFO - [2026-03-16T16:18:07.225+0000] {dag.py:3954} INFO - Setting next_dagrun for tutorial_dag to None, run_after=None
[2026-03-16T16:18:07.254+0000] {processor.py:183} INFO - Processing /home/airflow/.local/lib/python3.12/site-packages/airflow/example_dags/tutorial_dag.py took 0.105 seconds
[2026-03-16T16:18:38.454+0000] {processor.py:161} INFO - Started process (PID=2271) to work on /home/airflow/.local/lib/python3.12/site-packages/airflow/example_dags/tutorial_dag.py
[2026-03-16T16:18:38.517+0000] {processor.py:830} INFO - Processing file /home/airflow/.local/lib/python3.12/site-packages/airflow/example_dags/tutorial_dag.py for tasks to queue
[2026-03-16T16:18:38.593+0000] {logging_mixin.py:188} INFO - [2026-03-16T16:18:38.592+0000] {dagbag.py:545} INFO - Filling up the DagBag from /home/airflow/.local/lib/python3.12/site-packages/airflow/example_dags/tutorial_dag.py
[2026-03-16T16:18:38.668+0000] {processor.py:840} INFO - DAG(s) 'tutorial_dag' retrieved from /home/airflow/.local/lib/python3.12/site-packages/airflow/example_dags/tutorial_dag.py
[2026-03-16T16:18:38.766+0000] {logging_mixin.py:188} INFO - [2026-03-16T16:18:38.765+0000] {dag.py:3096} INFO - Sync 1 DAGs
[2026-03-16T16:18:38.834+0000] {logging_mixin.py:188} INFO - [2026-03-16T16:18:38.833+0000] {dag.py:3954} INFO - Setting next_dagrun for tutorial_dag to None, run_after=None
[2026-03-16T16:18:38.962+0000] {processor.py:183} INFO - Processing /home/airflow/.local/lib/python3.12/site-packages/airflow/example_dags/tutorial_dag.py took 0.529 seconds
[2026-03-16T16:19:09.877+0000] {processor.py:161} INFO - Started process (PID=2329) to work on /home/airflow/.local/lib/python3.12/site-packages/airflow/example_dags/tutorial_dag.py
[2026-03-16T16:19:09.884+0000] {processor.py:830} INFO - Processing file /home/airflow/.local/lib/python3.12/site-packages/airflow/example_dags/tutorial_dag.py for tasks to queue
[2026-03-16T16:19:09.888+0000] {logging_mixin.py:188} INFO - [2026-03-16T16:19:09.888+0000] {dagbag.py:545} INFO - Filling up the DagBag from /home/airflow/.local/lib/python3.12/site-packages/airflow/example_dags/tutorial_dag.py
[2026-03-16T16:19:09.913+0000] {processor.py:840} INFO - DAG(s) 'tutorial_dag' retrieved from /home/airflow/.local/lib/python3.12/site-packages/airflow/example_dags/tutorial_dag.py
[2026-03-16T16:19:09.980+0000] {logging_mixin.py:188} INFO - [2026-03-16T16:19:09.979+0000] {dag.py:3096} INFO - Sync 1 DAGs
[2026-03-16T16:19:10.024+0000] {logging_mixin.py:188} INFO - [2026-03-16T16:19:10.024+0000] {dag.py:3954} INFO - Setting next_dagrun for tutorial_dag to None, run_after=None
[2026-03-16T16:19:10.086+0000] {processor.py:183} INFO - Processing /home/airflow/.local/lib/python3.12/site-packages/airflow/example_dags/tutorial_dag.py took 0.228 seconds
[2026-03-16T16:19:40.173+0000] {processor.py:161} INFO - Started process (PID=2387) to work on /home/airflow/.local/lib/python3.12/site-packages/airflow/example_dags/tutorial_dag.py
[2026-03-16T16:19:40.174+0000] {processor.py:830} INFO - Processing file /home/airflow/.local/lib/python3.12/site-packages/airflow/example_dags/tutorial_dag.py for tasks to queue
[2026-03-16T16:19:40.177+0000] {logging_mixin.py:188} INFO - [2026-03-16T16:19:40.176+0000] {dagbag.py:545} INFO - Filling up the DagBag from /home/airflow/.local/lib/python3.12/site-packages/airflow/example_dags/tutorial_dag.py
[2026-03-16T16:19:40.185+0000] {processor.py:840} INFO - DAG(s) 'tutorial_dag' retrieved from /home/airflow/.local/lib/python3.12/site-packages/airflow/example_dags/tutorial_dag.py
[2026-03-16T16:19:40.209+0000] {logging_mixin.py:188} INFO - [2026-03-16T16:19:40.209+0000] {dag.py:3096} INFO - Sync 1 DAGs
[2026-03-16T16:19:40.227+0000] {logging_mixin.py:188} INFO - [2026-03-16T16:19:40.226+0000] {dag.py:3954} INFO - Setting next_dagrun for tutorial_dag to None, run_after=None
[2026-03-16T16:19:40.298+0000] {processor.py:183} INFO - Processing /home/airflow/.local/lib/python3.12/site-packages/airflow/example_dags/tutorial_dag.py took 0.133 seconds
[2026-03-16T16:20:11.179+0000] {processor.py:161} INFO - Started process (PID=2452) to work on /home/airflow/.local/lib/python3.12/site-packages/airflow/example_dags/tutorial_dag.py
[2026-03-16T16:20:11.180+0000] {processor.py:830} INFO - Processing file /home/airflow/.local/lib/python3.12/site-packages/airflow/example_dags/tutorial_dag.py for tasks to queue
[2026-03-16T16:20:11.182+0000] {logging_mixin.py:188} INFO - [2026-03-16T16:20:11.182+0000] {dagbag.py:545} INFO - Filling up the DagBag from /home/airflow/.local/lib/python3.12/site-packages/airflow/example_dags/tutorial_dag.py
[2026-03-16T16:20:11.191+0000] {processor.py:840} INFO - DAG(s) 'tutorial_dag' retrieved from /home/airflow/.local/lib/python3.12/site-packages/airflow/example_dags/tutorial_dag.py
[2026-03-16T16:20:11.222+0000] {logging_mixin.py:188} INFO - [2026-03-16T16:20:11.222+0000] {dag.py:3096} INFO - Sync 1 DAGs
[2026-03-16T16:20:11.243+0000] {logging_mixin.py:188} INFO - [2026-03-16T16:20:11.243+0000] {dag.py:3954} INFO - Setting next_dagrun for tutorial_dag to None, run_after=None
[2026-03-16T16:20:11.271+0000] {processor.py:183} INFO - Processing /home/airflow/.local/lib/python3.12/site-packages/airflow/example_dags/tutorial_dag.py took 0.099 seconds
[2026-03-16T16:20:42.098+0000] {processor.py:161} INFO - Started process (PID=2512) to work on /home/airflow/.local/lib/python3.12/site-packages/airflow/example_dags/tutorial_dag.py
[2026-03-16T16:20:42.099+0000] {processor.py:830} INFO - Processing file /home/airflow/.local/lib/python3.12/site-packages/airflow/example_dags/tutorial_dag.py for tasks to queue
[2026-03-16T16:20:42.102+0000] {logging_mixin.py:188} INFO - [2026-03-16T16:20:42.102+0000] {dagbag.py:545} INFO - Filling up the DagBag from /home/airflow/.local/lib/python3.12/site-packages/airflow/example_dags/tutorial_dag.py
[2026-03-16T16:20:42.109+0000] {processor.py:840} INFO - DAG(s) 'tutorial_dag' retrieved from /home/airflow/.local/lib/python3.12/site-packages/airflow/example_dags/tutorial_dag.py
[2026-03-16T16:20:42.136+0000] {logging_mixin.py:188} INFO - [2026-03-16T16:20:42.135+0000] {dag.py:3096} INFO - Sync 1 DAGs
[2026-03-16T16:20:42.151+0000] {logging_mixin.py:188} INFO - [2026-03-16T16:20:42.150+0000] {dag.py:3954} INFO - Setting next_dagrun for tutorial_dag to None, run_after=None
[2026-03-16T16:20:42.179+0000] {processor.py:183} INFO - Processing /home/airflow/.local/lib/python3.12/site-packages/airflow/example_dags/tutorial_dag.py took 0.087 seconds
[2026-03-16T16:21:13.147+0000] {processor.py:161} INFO - Started process (PID=2571) to work on /home/airflow/.local/lib/python3.12/site-packages/airflow/example_dags/tutorial_dag.py
[2026-03-16T16:21:13.149+0000] {processor.py:830} INFO - Processing file /home/airflow/.local/lib/python3.12/site-packages/airflow/example_dags/tutorial_dag.py for tasks to queue
[2026-03-16T16:21:13.152+0000] {logging_mixin.py:188} INFO - [2026-03-16T16:21:13.152+0000] {dagbag.py:545} INFO - Filling up the DagBag from /home/airflow/.local/lib/python3.12/site-packages/airflow/example_dags/tutorial_dag.py
[2026-03-16T16:21:13.172+0000] {processor.py:840} INFO - DAG(s) 'tutorial_dag' retrieved from /home/airflow/.local/lib/python3.12/site-packages/airflow/example_dags/tutorial_dag.py
[2026-03-16T16:21:13.210+0000] {logging_mixin.py:188} INFO - [2026-03-16T16:21:13.210+0000] {dag.py:3096} INFO - Sync 1 DAGs
[2026-03-16T16:21:13.229+0000] {logging_mixin.py:188} INFO - [2026-03-16T16:21:13.228+0000] {dag.py:3954} INFO - Setting next_dagrun for tutorial_dag to None, run_after=None
[2026-03-16T16:21:13.291+0000] {processor.py:183} INFO - Processing /home/airflow/.local/lib/python3.12/site-packages/airflow/example_dags/tutorial_dag.py took 0.165 seconds
[2026-03-16T16:21:43.361+0000] {processor.py:161} INFO - Started process (PID=2630) to work on /home/airflow/.local/lib/python3.12/site-packages/airflow/example_dags/tutorial_dag.py
[2026-03-16T16:21:43.362+0000] {processor.py:830} INFO - Processing file /home/airflow/.local/lib/python3.12/site-packages/airflow/example_dags/tutorial_dag.py for tasks to queue
[2026-03-16T16:21:43.364+0000] {logging_mixin.py:188} INFO - [2026-03-16T16:21:43.364+0000] {dagbag.py:545} INFO - Filling up the DagBag from /home/airflow/.local/lib/python3.12/site-packages/airflow/example_dags/tutorial_dag.py
[2026-03-16T16:21:43.370+0000] {processor.py:840} INFO - DAG(s) 'tutorial_dag' retrieved from /home/airflow/.local/lib/python3.12/site-packages/airflow/example_dags/tutorial_dag.py
[2026-03-16T16:21:43.392+0000] {logging_mixin.py:188} INFO - [2026-03-16T16:21:43.392+0000] {dag.py:3096} INFO - Sync 1 DAGs
[2026-03-16T16:21:43.406+0000] {logging_mixin.py:188} INFO - [2026-03-16T16:21:43.406+0000] {dag.py:3954} INFO - Setting next_dagrun for tutorial_dag to None, run_after=None
[2026-03-16T16:21:43.433+0000] {processor.py:183} INFO - Processing /home/airflow/.local/lib/python3.12/site-packages/airflow/example_dags/tutorial_dag.py took 0.079 seconds
[2026-03-16T16:22:13.540+0000] {processor.py:161} INFO - Started process (PID=2688) to work on /home/airflow/.local/lib/python3.12/site-packages/airflow/example_dags/tutorial_dag.py
[2026-03-16T16:22:13.541+0000] {processor.py:830} INFO - Processing file /home/airflow/.local/lib/python3.12/site-packages/airflow/example_dags/tutorial_dag.py for tasks to queue
[2026-03-16T16:22:13.545+0000] {logging_mixin.py:188} INFO - [2026-03-16T16:22:13.544+0000] {dagbag.py:545} INFO - Filling up the DagBag from /home/airflow/.local/lib/python3.12/site-packages/airflow/example_dags/tutorial_dag.py
[2026-03-16T16:22:13.553+0000] {processor.py:840} INFO - DAG(s) 'tutorial_dag' retrieved from /home/airflow/.local/lib/python3.12/site-packages/airflow/example_dags/tutorial_dag.py
[2026-03-16T16:22:13.578+0000] {logging_mixin.py:188} INFO - [2026-03-16T16:22:13.577+0000] {dag.py:3096} INFO - Sync 1 DAGs
[2026-03-16T16:22:13.594+0000] {logging_mixin.py:188} INFO - [2026-03-16T16:22:13.593+0000] {dag.py:3954} INFO - Setting next_dagrun for tutorial_dag to None, run_after=None
[2026-03-16T16:22:13.650+0000] {processor.py:183} INFO - Processing /home/airflow/.local/lib/python3.12/site-packages/airflow/example_dags/tutorial_dag.py took 0.120 seconds
[2026-03-16T16:22:44.658+0000] {processor.py:161} INFO - Started process (PID=2747) to work on /home/airflow/.local/lib/python3.12/site-packages/airflow/example_dags/tutorial_dag.py
[2026-03-16T16:22:44.661+0000] {processor.py:830} INFO - Processing file /home/airflow/.local/lib/python3.12/site-packages/airflow/example_dags/tutorial_dag.py for tasks to queue
[2026-03-16T16:22:44.664+0000] {logging_mixin.py:188} INFO - [2026-03-16T16:22:44.664+0000] {dagbag.py:545} INFO - Filling up the DagBag from /home/airflow/.local/lib/python3.12/site-packages/airflow/example_dags/tutorial_dag.py
[2026-03-16T16:22:44.677+0000] {processor.py:840} INFO - DAG(s) 'tutorial_dag' retrieved from /home/airflow/.local/lib/python3.12/site-packages/airflow/example_dags/tutorial_dag.py
[2026-03-16T16:22:44.730+0000] {logging_mixin.py:188} INFO - [2026-03-16T16:22:44.729+0000] {dag.py:3096} INFO - Sync 1 DAGs
[2026-03-16T16:22:44.758+0000] {logging_mixin.py:188} INFO - [2026-03-16T16:22:44.758+0000] {dag.py:3954} INFO - Setting next_dagrun for tutorial_dag to None, run_after=None
[2026-03-16T16:22:44.798+0000] {processor.py:183} INFO - Processing /home/airflow/.local/lib/python3.12/site-packages/airflow/example_dags/tutorial_dag.py took 0.155 seconds
[2026-03-16T16:23:15.788+0000] {processor.py:161} INFO - Started process (PID=2806) to work on /home/airflow/.local/lib/python3.12/site-packages/airflow/example_dags/tutorial_dag.py
[2026-03-16T16:23:15.790+0000] {processor.py:830} INFO - Processing file /home/airflow/.local/lib/python3.12/site-packages/airflow/example_dags/tutorial_dag.py for tasks to queue
[2026-03-16T16:23:15.793+0000] {logging_mixin.py:188} INFO - [2026-03-16T16:23:15.793+0000] {dagbag.py:545} INFO - Filling up the DagBag from /home/airflow/.local/lib/python3.12/site-packages/airflow/example_dags/tutorial_dag.py
[2026-03-16T16:23:15.801+0000] {processor.py:840} INFO - DAG(s) 'tutorial_dag' retrieved from /home/airflow/.local/lib/python3.12/site-packages/airflow/example_dags/tutorial_dag.py
[2026-03-16T16:23:15.828+0000] {logging_mixin.py:188} INFO - [2026-03-16T16:23:15.827+0000] {dag.py:3096} INFO - Sync 1 DAGs
[2026-03-16T16:23:15.847+0000] {logging_mixin.py:188} INFO - [2026-03-16T16:23:15.847+0000] {dag.py:3954} INFO - Setting next_dagrun for tutorial_dag to None, run_after=None
[2026-03-16T16:23:15.903+0000] {processor.py:183} INFO - Processing /home/airflow/.local/lib/python3.12/site-packages/airflow/example_dags/tutorial_dag.py took 0.124 seconds
[2026-03-16T16:23:46.214+0000] {processor.py:161} INFO - Started process (PID=2865) to work on /home/airflow/.local/lib/python3.12/site-packages/airflow/example_dags/tutorial_dag.py
[2026-03-16T16:23:46.224+0000] {processor.py:830} INFO - Processing file /home/airflow/.local/lib/python3.12/site-packages/airflow/example_dags/tutorial_dag.py for tasks to queue
[2026-03-16T16:23:46.230+0000] {logging_mixin.py:188} INFO - [2026-03-16T16:23:46.229+0000] {dagbag.py:545} INFO - Filling up the DagBag from /home/airflow/.local/lib/python3.12/site-packages/airflow/example_dags/tutorial_dag.py
[2026-03-16T16:23:46.245+0000] {processor.py:840} INFO - DAG(s) 'tutorial_dag' retrieved from /home/airflow/.local/lib/python3.12/site-packages/airflow/example_dags/tutorial_dag.py
[2026-03-16T16:23:46.295+0000] {logging_mixin.py:188} INFO - [2026-03-16T16:23:46.294+0000] {dag.py:3096} INFO - Sync 1 DAGs
[2026-03-16T16:23:46.326+0000] {logging_mixin.py:188} INFO - [2026-03-16T16:23:46.326+0000] {dag.py:3954} INFO - Setting next_dagrun for tutorial_dag to None, run_after=None
[2026-03-16T16:23:46.385+0000] {processor.py:183} INFO - Processing /home/airflow/.local/lib/python3.12/site-packages/airflow/example_dags/tutorial_dag.py took 0.195 seconds
[2026-03-16T16:24:16.469+0000] {processor.py:161} INFO - Started process (PID=2924) to work on /home/airflow/.local/lib/python3.12/site-packages/airflow/example_dags/tutorial_dag.py
[2026-03-16T16:24:16.470+0000] {processor.py:830} INFO - Processing file /home/airflow/.local/lib/python3.12/site-packages/airflow/example_dags/tutorial_dag.py for tasks to queue
[2026-03-16T16:24:16.472+0000] {logging_mixin.py:188} INFO - [2026-03-16T16:24:16.472+0000] {dagbag.py:545} INFO - Filling up the DagBag from /home/airflow/.local/lib/python3.12/site-packages/airflow/example_dags/tutorial_dag.py
[2026-03-16T16:24:16.478+0000] {processor.py:840} INFO - DAG(s) 'tutorial_dag' retrieved from /home/airflow/.local/lib/python3.12/site-packages/airflow/example_dags/tutorial_dag.py
[2026-03-16T16:24:16.502+0000] {logging_mixin.py:188} INFO - [2026-03-16T16:24:16.502+0000] {dag.py:3096} INFO - Sync 1 DAGs
[2026-03-16T16:24:16.517+0000] {logging_mixin.py:188} INFO - [2026-03-16T16:24:16.517+0000] {dag.py:3954} INFO - Setting next_dagrun for tutorial_dag to None, run_after=None
[2026-03-16T16:24:16.573+0000] {processor.py:183} INFO - Processing /home/airflow/.local/lib/python3.12/site-packages/airflow/example_dags/tutorial_dag.py took 0.112 seconds
[2026-03-16T16:24:46.822+0000] {processor.py:161} INFO - Started process (PID=2983) to work on /home/airflow/.local/lib/python3.12/site-packages/airflow/example_dags/tutorial_dag.py
[2026-03-16T16:24:46.824+0000] {processor.py:830} INFO - Processing file /home/airflow/.local/lib/python3.12/site-packages/airflow/example_dags/tutorial_dag.py for tasks to queue
[2026-03-16T16:24:46.831+0000] {logging_mixin.py:188} INFO - [2026-03-16T16:24:46.830+0000] {dagbag.py:545} INFO - Filling up the DagBag from /home/airflow/.local/lib/python3.12/site-packages/airflow/example_dags/tutorial_dag.py
[2026-03-16T16:24:46.854+0000] {processor.py:840} INFO - DAG(s) 'tutorial_dag' retrieved from /home/airflow/.local/lib/python3.12/site-packages/airflow/example_dags/tutorial_dag.py
[2026-03-16T16:24:46.912+0000] {logging_mixin.py:188} INFO - [2026-03-16T16:24:46.911+0000] {dag.py:3096} INFO - Sync 1 DAGs
[2026-03-16T16:24:46.956+0000] {logging_mixin.py:188} INFO - [2026-03-16T16:24:46.955+0000] {dag.py:3954} INFO - Setting next_dagrun for tutorial_dag to None, run_after=None
[2026-03-16T16:24:47.033+0000] {processor.py:183} INFO - Processing /home/airflow/.local/lib/python3.12/site-packages/airflow/example_dags/tutorial_dag.py took 0.233 seconds
[2026-03-16T16:25:17.313+0000] {processor.py:161} INFO - Started process (PID=3042) to work on /home/airflow/.local/lib/python3.12/site-packages/airflow/example_dags/tutorial_dag.py
[2026-03-16T16:25:17.314+0000] {processor.py:830} INFO - Processing file /home/airflow/.local/lib/python3.12/site-packages/airflow/example_dags/tutorial_dag.py for tasks to queue
[2026-03-16T16:25:17.317+0000] {logging_mixin.py:188} INFO - [2026-03-16T16:25:17.316+0000] {dagbag.py:545} INFO - Filling up the DagBag from /home/airflow/.local/lib/python3.12/site-packages/airflow/example_dags/tutorial_dag.py
[2026-03-16T16:25:17.324+0000] {processor.py:840} INFO - DAG(s) 'tutorial_dag' retrieved from /home/airflow/.local/lib/python3.12/site-packages/airflow/example_dags/tutorial_dag.py
[2026-03-16T16:25:17.348+0000] {logging_mixin.py:188} INFO - [2026-03-16T16:25:17.347+0000] {dag.py:3096} INFO - Sync 1 DAGs
[2026-03-16T16:25:17.363+0000] {logging_mixin.py:188} INFO - [2026-03-16T16:25:17.363+0000] {dag.py:3954} INFO - Setting next_dagrun for tutorial_dag to None, run_after=None
[2026-03-16T16:25:17.421+0000] {processor.py:183} INFO - Processing /home/airflow/.local/lib/python3.12/site-packages/airflow/example_dags/tutorial_dag.py took 0.115 seconds
[2026-03-16T16:25:47.643+0000] {processor.py:161} INFO - Started process (PID=3101) to work on /home/airflow/.local/lib/python3.12/site-packages/airflow/example_dags/tutorial_dag.py
[2026-03-16T16:25:47.645+0000] {processor.py:830} INFO - Processing file /home/airflow/.local/lib/python3.12/site-packages/airflow/example_dags/tutorial_dag.py for tasks to queue
[2026-03-16T16:25:47.648+0000] {logging_mixin.py:188} INFO - [2026-03-16T16:25:47.647+0000] {dagbag.py:545} INFO - Filling up the DagBag from /home/airflow/.local/lib/python3.12/site-packages/airflow/example_dags/tutorial_dag.py
[2026-03-16T16:25:47.655+0000] {processor.py:840} INFO - DAG(s) 'tutorial_dag' retrieved from /home/airflow/.local/lib/python3.12/site-packages/airflow/example_dags/tutorial_dag.py
[2026-03-16T16:25:47.684+0000] {logging_mixin.py:188} INFO - [2026-03-16T16:25:47.684+0000] {dag.py:3096} INFO - Sync 1 DAGs
[2026-03-16T16:25:47.702+0000] {logging_mixin.py:188} INFO - [2026-03-16T16:25:47.702+0000] {dag.py:3954} INFO - Setting next_dagrun for tutorial_dag to None, run_after=None
[2026-03-16T16:25:47.781+0000] {processor.py:183} INFO - Processing /home/airflow/.local/lib/python3.12/site-packages/airflow/example_dags/tutorial_dag.py took 0.150 seconds
[2026-03-16T16:26:17.906+0000] {processor.py:161} INFO - Started process (PID=3160) to work on /home/airflow/.local/lib/python3.12/site-packages/airflow/example_dags/tutorial_dag.py
[2026-03-16T16:26:17.912+0000] {processor.py:830} INFO - Processing file /home/airflow/.local/lib/python3.12/site-packages/airflow/example_dags/tutorial_dag.py for tasks to queue
[2026-03-16T16:26:17.918+0000] {logging_mixin.py:188} INFO - [2026-03-16T16:26:17.918+0000] {dagbag.py:545} INFO - Filling up the DagBag from /home/airflow/.local/lib/python3.12/site-packages/airflow/example_dags/tutorial_dag.py
[2026-03-16T16:26:17.927+0000] {processor.py:840} INFO - DAG(s) 'tutorial_dag' retrieved from /home/airflow/.local/lib/python3.12/site-packages/airflow/example_dags/tutorial_dag.py
[2026-03-16T16:26:17.989+0000] {logging_mixin.py:188} INFO - [2026-03-16T16:26:17.989+0000] {dag.py:3096} INFO - Sync 1 DAGs
[2026-03-16T16:26:18.008+0000] {logging_mixin.py:188} INFO - [2026-03-16T16:26:18.007+0000] {dag.py:3954} INFO - Setting next_dagrun for tutorial_dag to None, run_after=None
[2026-03-16T16:26:18.056+0000] {processor.py:183} INFO - Processing /home/airflow/.local/lib/python3.12/site-packages/airflow/example_dags/tutorial_dag.py took 0.159 seconds
[2026-03-16T16:26:48.421+0000] {processor.py:161} INFO - Started process (PID=3219) to work on /home/airflow/.local/lib/python3.12/site-packages/airflow/example_dags/tutorial_dag.py
[2026-03-16T16:26:48.422+0000] {processor.py:830} INFO - Processing file /home/airflow/.local/lib/python3.12/site-packages/airflow/example_dags/tutorial_dag.py for tasks to queue
[2026-03-16T16:26:48.426+0000] {logging_mixin.py:188} INFO - [2026-03-16T16:26:48.426+0000] {dagbag.py:545} INFO - Filling up the DagBag from /home/airflow/.local/lib/python3.12/site-packages/airflow/example_dags/tutorial_dag.py
[2026-03-16T16:26:48.433+0000] {processor.py:840} INFO - DAG(s) 'tutorial_dag' retrieved from /home/airflow/.local/lib/python3.12/site-packages/airflow/example_dags/tutorial_dag.py
[2026-03-16T16:26:48.456+0000] {logging_mixin.py:188} INFO - [2026-03-16T16:26:48.455+0000] {dag.py:3096} INFO - Sync 1 DAGs
[2026-03-16T16:26:48.474+0000] {logging_mixin.py:188} INFO - [2026-03-16T16:26:48.474+0000] {dag.py:3954} INFO - Setting next_dagrun for tutorial_dag to None, run_after=None
[2026-03-16T16:26:48.541+0000] {processor.py:183} INFO - Processing /home/airflow/.local/lib/python3.12/site-packages/airflow/example_dags/tutorial_dag.py took 0.131 seconds
[2026-03-16T16:27:18.745+0000] {processor.py:161} INFO - Started process (PID=3278) to work on /home/airflow/.local/lib/python3.12/site-packages/airflow/example_dags/tutorial_dag.py
[2026-03-16T16:27:18.746+0000] {processor.py:830} INFO - Processing file /home/airflow/.local/lib/python3.12/site-packages/airflow/example_dags/tutorial_dag.py for tasks to queue
[2026-03-16T16:27:18.752+0000] {logging_mixin.py:188} INFO - [2026-03-16T16:27:18.750+0000] {dagbag.py:545} INFO - Filling up the DagBag from /home/airflow/.local/lib/python3.12/site-packages/airflow/example_dags/tutorial_dag.py
[2026-03-16T16:27:18.761+0000] {processor.py:840} INFO - DAG(s) 'tutorial_dag' retrieved from /home/airflow/.local/lib/python3.12/site-packages/airflow/example_dags/tutorial_dag.py
[2026-03-16T16:27:18.807+0000] {logging_mixin.py:188} INFO - [2026-03-16T16:27:18.806+0000] {dag.py:3096} INFO - Sync 1 DAGs
[2026-03-16T16:27:18.835+0000] {logging_mixin.py:188} INFO - [2026-03-16T16:27:18.834+0000] {dag.py:3954} INFO - Setting next_dagrun for tutorial_dag to None, run_after=None
[2026-03-16T16:27:18.898+0000] {processor.py:183} INFO - Processing /home/airflow/.local/lib/python3.12/site-packages/airflow/example_dags/tutorial_dag.py took 0.164 seconds
[2026-03-16T16:27:49.857+0000] {processor.py:161} INFO - Started process (PID=3338) to work on /home/airflow/.local/lib/python3.12/site-packages/airflow/example_dags/tutorial_dag.py
[2026-03-16T16:27:49.859+0000] {processor.py:830} INFO - Processing file /home/airflow/.local/lib/python3.12/site-packages/airflow/example_dags/tutorial_dag.py for tasks to queue
[2026-03-16T16:27:49.866+0000] {logging_mixin.py:188} INFO - [2026-03-16T16:27:49.865+0000] {dagbag.py:545} INFO - Filling up the DagBag from /home/airflow/.local/lib/python3.12/site-packages/airflow/example_dags/tutorial_dag.py
[2026-03-16T16:27:49.873+0000] {processor.py:840} INFO - DAG(s) 'tutorial_dag' retrieved from /home/airflow/.local/lib/python3.12/site-packages/airflow/example_dags/tutorial_dag.py
[2026-03-16T16:27:49.905+0000] {logging_mixin.py:188} INFO - [2026-03-16T16:27:49.905+0000] {dag.py:3096} INFO - Sync 1 DAGs
[2026-03-16T16:27:49.923+0000] {logging_mixin.py:188} INFO - [2026-03-16T16:27:49.922+0000] {dag.py:3954} INFO - Setting next_dagrun for tutorial_dag to None, run_after=None
[2026-03-16T16:27:49.952+0000] {processor.py:183} INFO - Processing /home/airflow/.local/lib/python3.12/site-packages/airflow/example_dags/tutorial_dag.py took 0.105 seconds
[2026-03-16T16:28:26.413+0000] {processor.py:161} INFO - Started process (PID=3397) to work on /home/airflow/.local/lib/python3.12/site-packages/airflow/example_dags/tutorial_dag.py
[2026-03-16T16:28:26.415+0000] {processor.py:830} INFO - Processing file /home/airflow/.local/lib/python3.12/site-packages/airflow/example_dags/tutorial_dag.py for tasks to queue
[2026-03-16T16:28:26.431+0000] {logging_mixin.py:188} INFO - [2026-03-16T16:28:26.430+0000] {dagbag.py:545} INFO - Filling up the DagBag from /home/airflow/.local/lib/python3.12/site-packages/airflow/example_dags/tutorial_dag.py
[2026-03-16T16:28:26.484+0000] {processor.py:840} INFO - DAG(s) 'tutorial_dag' retrieved from /home/airflow/.local/lib/python3.12/site-packages/airflow/example_dags/tutorial_dag.py
[2026-03-16T16:28:26.636+0000] {logging_mixin.py:188} INFO - [2026-03-16T16:28:26.636+0000] {dag.py:3096} INFO - Sync 1 DAGs
[2026-03-16T16:28:26.732+0000] {logging_mixin.py:188} INFO - [2026-03-16T16:28:26.732+0000] {dag.py:3954} INFO - Setting next_dagrun for tutorial_dag to None, run_after=None
[2026-03-16T16:28:26.858+0000] {processor.py:183} INFO - Processing /home/airflow/.local/lib/python3.12/site-packages/airflow/example_dags/tutorial_dag.py took 0.477 seconds
[2026-03-16T16:28:57.704+0000] {processor.py:161} INFO - Started process (PID=3456) to work on /home/airflow/.local/lib/python3.12/site-packages/airflow/example_dags/tutorial_dag.py
[2026-03-16T16:28:57.706+0000] {processor.py:830} INFO - Processing file /home/airflow/.local/lib/python3.12/site-packages/airflow/example_dags/tutorial_dag.py for tasks to queue
[2026-03-16T16:28:57.710+0000] {logging_mixin.py:188} INFO - [2026-03-16T16:28:57.709+0000] {dagbag.py:545} INFO - Filling up the DagBag from /home/airflow/.local/lib/python3.12/site-packages/airflow/example_dags/tutorial_dag.py
[2026-03-16T16:28:57.717+0000] {processor.py:840} INFO - DAG(s) 'tutorial_dag' retrieved from /home/airflow/.local/lib/python3.12/site-packages/airflow/example_dags/tutorial_dag.py
[2026-03-16T16:28:57.751+0000] {logging_mixin.py:188} INFO - [2026-03-16T16:28:57.750+0000] {dag.py:3096} INFO - Sync 1 DAGs
[2026-03-16T16:28:57.783+0000] {logging_mixin.py:188} INFO - [2026-03-16T16:28:57.782+0000] {dag.py:3954} INFO - Setting next_dagrun for tutorial_dag to None, run_after=None
[2026-03-16T16:28:57.815+0000] {processor.py:183} INFO - Processing /home/airflow/.local/lib/python3.12/site-packages/airflow/example_dags/tutorial_dag.py took 0.122 seconds
[2026-03-16T16:29:28.104+0000] {processor.py:161} INFO - Started process (PID=3515) to work on /home/airflow/.local/lib/python3.12/site-packages/airflow/example_dags/tutorial_dag.py
[2026-03-16T16:29:28.106+0000] {processor.py:830} INFO - Processing file /home/airflow/.local/lib/python3.12/site-packages/airflow/example_dags/tutorial_dag.py for tasks to queue
[2026-03-16T16:29:28.111+0000] {logging_mixin.py:188} INFO - [2026-03-16T16:29:28.110+0000] {dagbag.py:545} INFO - Filling up the DagBag from /home/airflow/.local/lib/python3.12/site-packages/airflow/example_dags/tutorial_dag.py
[2026-03-16T16:29:28.120+0000] {processor.py:840} INFO - DAG(s) 'tutorial_dag' retrieved from /home/airflow/.local/lib/python3.12/site-packages/airflow/example_dags/tutorial_dag.py
[2026-03-16T16:29:28.154+0000] {logging_mixin.py:188} INFO - [2026-03-16T16:29:28.153+0000] {dag.py:3096} INFO - Sync 1 DAGs
[2026-03-16T16:29:28.176+0000] {logging_mixin.py:188} INFO - [2026-03-16T16:29:28.176+0000] {dag.py:3954} INFO - Setting next_dagrun for tutorial_dag to None, run_after=None
[2026-03-16T16:29:28.206+0000] {processor.py:183} INFO - Processing /home/airflow/.local/lib/python3.12/site-packages/airflow/example_dags/tutorial_dag.py took 0.112 seconds
[2026-03-16T16:29:58.675+0000] {processor.py:161} INFO - Started process (PID=3574) to work on /home/airflow/.local/lib/python3.12/site-packages/airflow/example_dags/tutorial_dag.py
[2026-03-16T16:29:58.676+0000] {processor.py:830} INFO - Processing file /home/airflow/.local/lib/python3.12/site-packages/airflow/example_dags/tutorial_dag.py for tasks to queue
[2026-03-16T16:29:58.680+0000] {logging_mixin.py:188} INFO - [2026-03-16T16:29:58.679+0000] {dagbag.py:545} INFO - Filling up the DagBag from /home/airflow/.local/lib/python3.12/site-packages/airflow/example_dags/tutorial_dag.py
[2026-03-16T16:29:58.686+0000] {processor.py:840} INFO - DAG(s) 'tutorial_dag' retrieved from /home/airflow/.local/lib/python3.12/site-packages/airflow/example_dags/tutorial_dag.py
[2026-03-16T16:29:58.711+0000] {logging_mixin.py:188} INFO - [2026-03-16T16:29:58.711+0000] {dag.py:3096} INFO - Sync 1 DAGs
[2026-03-16T16:29:58.727+0000] {logging_mixin.py:188} INFO - [2026-03-16T16:29:58.727+0000] {dag.py:3954} INFO - Setting next_dagrun for tutorial_dag to None, run_after=None
[2026-03-16T16:29:58.805+0000] {processor.py:183} INFO - Processing /home/airflow/.local/lib/python3.12/site-packages/airflow/example_dags/tutorial_dag.py took 0.138 seconds
[2026-03-16T16:30:29.047+0000] {processor.py:161} INFO - Started process (PID=3634) to work on /home/airflow/.local/lib/python3.12/site-packages/airflow/example_dags/tutorial_dag.py
[2026-03-16T16:30:29.049+0000] {processor.py:830} INFO - Processing file /home/airflow/.local/lib/python3.12/site-packages/airflow/example_dags/tutorial_dag.py for tasks to queue
[2026-03-16T16:30:29.054+0000] {logging_mixin.py:188} INFO - [2026-03-16T16:30:29.054+0000] {dagbag.py:545} INFO - Filling up the DagBag from /home/airflow/.local/lib/python3.12/site-packages/airflow/example_dags/tutorial_dag.py
[2026-03-16T16:30:29.069+0000] {processor.py:840} INFO - DAG(s) 'tutorial_dag' retrieved from /home/airflow/.local/lib/python3.12/site-packages/airflow/example_dags/tutorial_dag.py
[2026-03-16T16:30:29.112+0000] {logging_mixin.py:188} INFO - [2026-03-16T16:30:29.112+0000] {dag.py:3096} INFO - Sync 1 DAGs
[2026-03-16T16:30:29.150+0000] {logging_mixin.py:188} INFO - [2026-03-16T16:30:29.150+0000] {dag.py:3954} INFO - Setting next_dagrun for tutorial_dag to None, run_after=None
[2026-03-16T16:30:29.189+0000] {processor.py:183} INFO - Processing /home/airflow/.local/lib/python3.12/site-packages/airflow/example_dags/tutorial_dag.py took 0.152 seconds
[2026-03-16T16:30:59.392+0000] {processor.py:161} INFO - Started process (PID=3693) to work on /home/airflow/.local/lib/python3.12/site-packages/airflow/example_dags/tutorial_dag.py
[2026-03-16T16:30:59.404+0000] {processor.py:830} INFO - Processing file /home/airflow/.local/lib/python3.12/site-packages/airflow/example_dags/tutorial_dag.py for tasks to queue
[2026-03-16T16:30:59.407+0000] {logging_mixin.py:188} INFO - [2026-03-16T16:30:59.407+0000] {dagbag.py:545} INFO - Filling up the DagBag from /home/airflow/.local/lib/python3.12/site-packages/airflow/example_dags/tutorial_dag.py
[2026-03-16T16:30:59.416+0000] {processor.py:840} INFO - DAG(s) 'tutorial_dag' retrieved from /home/airflow/.local/lib/python3.12/site-packages/airflow/example_dags/tutorial_dag.py
[2026-03-16T16:30:59.456+0000] {logging_mixin.py:188} INFO - [2026-03-16T16:30:59.455+0000] {dag.py:3096} INFO - Sync 1 DAGs
[2026-03-16T16:30:59.485+0000] {logging_mixin.py:188} INFO - [2026-03-16T16:30:59.485+0000] {dag.py:3954} INFO - Setting next_dagrun for tutorial_dag to None, run_after=None
[2026-03-16T16:30:59.546+0000] {processor.py:183} INFO - Processing /home/airflow/.local/lib/python3.12/site-packages/airflow/example_dags/tutorial_dag.py took 0.163 seconds
[2026-03-16T16:31:29.968+0000] {processor.py:161} INFO - Started process (PID=3751) to work on /home/airflow/.local/lib/python3.12/site-packages/airflow/example_dags/tutorial_dag.py
[2026-03-16T16:31:29.969+0000] {processor.py:830} INFO - Processing file /home/airflow/.local/lib/python3.12/site-packages/airflow/example_dags/tutorial_dag.py for tasks to queue
[2026-03-16T16:31:29.972+0000] {logging_mixin.py:188} INFO - [2026-03-16T16:31:29.972+0000] {dagbag.py:545} INFO - Filling up the DagBag from /home/airflow/.local/lib/python3.12/site-packages/airflow/example_dags/tutorial_dag.py
[2026-03-16T16:31:29.980+0000] {processor.py:840} INFO - DAG(s) 'tutorial_dag' retrieved from /home/airflow/.local/lib/python3.12/site-packages/airflow/example_dags/tutorial_dag.py
[2026-03-16T16:31:30.005+0000] {logging_mixin.py:188} INFO - [2026-03-16T16:31:30.005+0000] {dag.py:3096} INFO - Sync 1 DAGs
[2026-03-16T16:31:30.020+0000] {logging_mixin.py:188} INFO - [2026-03-16T16:31:30.020+0000] {dag.py:3954} INFO - Setting next_dagrun for tutorial_dag to None, run_after=None
[2026-03-16T16:31:30.048+0000] {processor.py:183} INFO - Processing /home/airflow/.local/lib/python3.12/site-packages/airflow/example_dags/tutorial_dag.py took 0.090 seconds
[2026-03-16T16:32:00.917+0000] {processor.py:161} INFO - Started process (PID=3810) to work on /home/airflow/.local/lib/python3.12/site-packages/airflow/example_dags/tutorial_dag.py
[2026-03-16T16:32:00.918+0000] {processor.py:830} INFO - Processing file /home/airflow/.local/lib/python3.12/site-packages/airflow/example_dags/tutorial_dag.py for tasks to queue
[2026-03-16T16:32:00.921+0000] {logging_mixin.py:188} INFO - [2026-03-16T16:32:00.921+0000] {dagbag.py:545} INFO - Filling up the DagBag from /home/airflow/.local/lib/python3.12/site-packages/airflow/example_dags/tutorial_dag.py
[2026-03-16T16:32:00.928+0000] {processor.py:840} INFO - DAG(s) 'tutorial_dag' retrieved from /home/airflow/.local/lib/python3.12/site-packages/airflow/example_dags/tutorial_dag.py
[2026-03-16T16:32:00.951+0000] {logging_mixin.py:188} INFO - [2026-03-16T16:32:00.951+0000] {dag.py:3096} INFO - Sync 1 DAGs
[2026-03-16T16:32:00.969+0000] {logging_mixin.py:188} INFO - [2026-03-16T16:32:00.969+0000] {dag.py:3954} INFO - Setting next_dagrun for tutorial_dag to None, run_after=None
[2026-03-16T16:32:00.996+0000] {processor.py:183} INFO - Processing /home/airflow/.local/lib/python3.12/site-packages/airflow/example_dags/tutorial_dag.py took 0.090 seconds
[2026-03-16T16:32:31.857+0000] {processor.py:161} INFO - Started process (PID=3869) to work on /home/airflow/.local/lib/python3.12/site-packages/airflow/example_dags/tutorial_dag.py
[2026-03-16T16:32:31.858+0000] {processor.py:830} INFO - Processing file /home/airflow/.local/lib/python3.12/site-packages/airflow/example_dags/tutorial_dag.py for tasks to queue
[2026-03-16T16:32:31.861+0000] {logging_mixin.py:188} INFO - [2026-03-16T16:32:31.861+0000] {dagbag.py:545} INFO - Filling up the DagBag from /home/airflow/.local/lib/python3.12/site-packages/airflow/example_dags/tutorial_dag.py
[2026-03-16T16:32:31.869+0000] {processor.py:840} INFO - DAG(s) 'tutorial_dag' retrieved from /home/airflow/.local/lib/python3.12/site-packages/airflow/example_dags/tutorial_dag.py
[2026-03-16T16:32:31.900+0000] {logging_mixin.py:188} INFO - [2026-03-16T16:32:31.900+0000] {dag.py:3096} INFO - Sync 1 DAGs
[2026-03-16T16:32:31.919+0000] {logging_mixin.py:188} INFO - [2026-03-16T16:32:31.919+0000] {dag.py:3954} INFO - Setting next_dagrun for tutorial_dag to None, run_after=None
[2026-03-16T16:32:31.952+0000] {processor.py:183} INFO - Processing /home/airflow/.local/lib/python3.12/site-packages/airflow/example_dags/tutorial_dag.py took 0.105 seconds
[2026-03-16T16:33:02.107+0000] {processor.py:161} INFO - Started process (PID=3928) to work on /home/airflow/.local/lib/python3.12/site-packages/airflow/example_dags/tutorial_dag.py
[2026-03-16T16:33:02.109+0000] {processor.py:830} INFO - Processing file /home/airflow/.local/lib/python3.12/site-packages/airflow/example_dags/tutorial_dag.py for tasks to queue
[2026-03-16T16:33:02.111+0000] {logging_mixin.py:188} INFO - [2026-03-16T16:33:02.111+0000] {dagbag.py:545} INFO - Filling up the DagBag from /home/airflow/.local/lib/python3.12/site-packages/airflow/example_dags/tutorial_dag.py
[2026-03-16T16:33:02.120+0000] {processor.py:840} INFO - DAG(s) 'tutorial_dag' retrieved from /home/airflow/.local/lib/python3.12/site-packages/airflow/example_dags/tutorial_dag.py
[2026-03-16T16:33:02.150+0000] {logging_mixin.py:188} INFO - [2026-03-16T16:33:02.150+0000] {dag.py:3096} INFO - Sync 1 DAGs
[2026-03-16T16:33:02.165+0000] {logging_mixin.py:188} INFO - [2026-03-16T16:33:02.164+0000] {dag.py:3954} INFO - Setting next_dagrun for tutorial_dag to None, run_after=None
[2026-03-16T16:33:02.193+0000] {processor.py:183} INFO - Processing /home/airflow/.local/lib/python3.12/site-packages/airflow/example_dags/tutorial_dag.py took 0.095 seconds
[2026-03-16T16:33:32.927+0000] {processor.py:161} INFO - Started process (PID=3987) to work on /home/airflow/.local/lib/python3.12/site-packages/airflow/example_dags/tutorial_dag.py
[2026-03-16T16:33:32.928+0000] {processor.py:830} INFO - Processing file /home/airflow/.local/lib/python3.12/site-packages/airflow/example_dags/tutorial_dag.py for tasks to queue
[2026-03-16T16:33:32.930+0000] {logging_mixin.py:188} INFO - [2026-03-16T16:33:32.930+0000] {dagbag.py:545} INFO - Filling up the DagBag from /home/airflow/.local/lib/python3.12/site-packages/airflow/example_dags/tutorial_dag.py
[2026-03-16T16:33:32.939+0000] {processor.py:840} INFO - DAG(s) 'tutorial_dag' retrieved from /home/airflow/.local/lib/python3.12/site-packages/airflow/example_dags/tutorial_dag.py
[2026-03-16T16:33:32.973+0000] {logging_mixin.py:188} INFO - [2026-03-16T16:33:32.972+0000] {dag.py:3096} INFO - Sync 1 DAGs
[2026-03-16T16:33:32.992+0000] {logging_mixin.py:188} INFO - [2026-03-16T16:33:32.992+0000] {dag.py:3954} INFO - Setting next_dagrun for tutorial_dag to None, run_after=None
[2026-03-16T16:33:33.025+0000] {processor.py:183} INFO - Processing /home/airflow/.local/lib/python3.12/site-packages/airflow/example_dags/tutorial_dag.py took 0.105 seconds
[2026-03-16T16:34:03.552+0000] {processor.py:161} INFO - Started process (PID=4046) to work on /home/airflow/.local/lib/python3.12/site-packages/airflow/example_dags/tutorial_dag.py
[2026-03-16T16:34:03.553+0000] {processor.py:830} INFO - Processing file /home/airflow/.local/lib/python3.12/site-packages/airflow/example_dags/tutorial_dag.py for tasks to queue
[2026-03-16T16:34:03.559+0000] {logging_mixin.py:188} INFO - [2026-03-16T16:34:03.558+0000] {dagbag.py:545} INFO - Filling up the DagBag from /home/airflow/.local/lib/python3.12/site-packages/airflow/example_dags/tutorial_dag.py
[2026-03-16T16:34:03.570+0000] {processor.py:840} INFO - DAG(s) 'tutorial_dag' retrieved from /home/airflow/.local/lib/python3.12/site-packages/airflow/example_dags/tutorial_dag.py
[2026-03-16T16:34:03.604+0000] {logging_mixin.py:188} INFO - [2026-03-16T16:34:03.603+0000] {dag.py:3096} INFO - Sync 1 DAGs
[2026-03-16T16:34:03.627+0000] {logging_mixin.py:188} INFO - [2026-03-16T16:34:03.626+0000] {dag.py:3954} INFO - Setting next_dagrun for tutorial_dag to None, run_after=None
[2026-03-16T16:34:03.660+0000] {processor.py:183} INFO - Processing /home/airflow/.local/lib/python3.12/site-packages/airflow/example_dags/tutorial_dag.py took 0.123 seconds
[2026-03-16T16:34:34.217+0000] {processor.py:161} INFO - Started process (PID=4104) to work on /home/airflow/.local/lib/python3.12/site-packages/airflow/example_dags/tutorial_dag.py
[2026-03-16T16:34:34.218+0000] {processor.py:830} INFO - Processing file /home/airflow/.local/lib/python3.12/site-packages/airflow/example_dags/tutorial_dag.py for tasks to queue
[2026-03-16T16:34:34.221+0000] {logging_mixin.py:188} INFO - [2026-03-16T16:34:34.220+0000] {dagbag.py:545} INFO - Filling up the DagBag from /home/airflow/.local/lib/python3.12/site-packages/airflow/example_dags/tutorial_dag.py
[2026-03-16T16:34:34.228+0000] {processor.py:840} INFO - DAG(s) 'tutorial_dag' retrieved from /home/airflow/.local/lib/python3.12/site-packages/airflow/example_dags/tutorial_dag.py
[2026-03-16T16:34:34.253+0000] {logging_mixin.py:188} INFO - [2026-03-16T16:34:34.253+0000] {dag.py:3096} INFO - Sync 1 DAGs
[2026-03-16T16:34:34.271+0000] {logging_mixin.py:188} INFO - [2026-03-16T16:34:34.270+0000] {dag.py:3954} INFO - Setting next_dagrun for tutorial_dag to None, run_after=None
[2026-03-16T16:34:34.296+0000] {processor.py:183} INFO - Processing /home/airflow/.local/lib/python3.12/site-packages/airflow/example_dags/tutorial_dag.py took 0.089 seconds
[2026-03-16T16:35:04.905+0000] {processor.py:161} INFO - Started process (PID=4163) to work on /home/airflow/.local/lib/python3.12/site-packages/airflow/example_dags/tutorial_dag.py
[2026-03-16T16:35:04.907+0000] {processor.py:830} INFO - Processing file /home/airflow/.local/lib/python3.12/site-packages/airflow/example_dags/tutorial_dag.py for tasks to queue
[2026-03-16T16:35:04.910+0000] {logging_mixin.py:188} INFO - [2026-03-16T16:35:04.909+0000] {dagbag.py:545} INFO - Filling up the DagBag from /home/airflow/.local/lib/python3.12/site-packages/airflow/example_dags/tutorial_dag.py
[2026-03-16T16:35:04.918+0000] {processor.py:840} INFO - DAG(s) 'tutorial_dag' retrieved from /home/airflow/.local/lib/python3.12/site-packages/airflow/example_dags/tutorial_dag.py
[2026-03-16T16:35:04.943+0000] {logging_mixin.py:188} INFO - [2026-03-16T16:35:04.942+0000] {dag.py:3096} INFO - Sync 1 DAGs
[2026-03-16T16:35:04.963+0000] {logging_mixin.py:188} INFO - [2026-03-16T16:35:04.963+0000] {dag.py:3954} INFO - Setting next_dagrun for tutorial_dag to None, run_after=None
[2026-03-16T16:35:04.993+0000] {processor.py:183} INFO - Processing /home/airflow/.local/lib/python3.12/site-packages/airflow/example_dags/tutorial_dag.py took 0.098 seconds
[2026-03-16T16:35:36.571+0000] {processor.py:161} INFO - Started process (PID=4222) to work on /home/airflow/.local/lib/python3.12/site-packages/airflow/example_dags/tutorial_dag.py
[2026-03-16T16:35:36.573+0000] {processor.py:830} INFO - Processing file /home/airflow/.local/lib/python3.12/site-packages/airflow/example_dags/tutorial_dag.py for tasks to queue
[2026-03-16T16:35:36.576+0000] {logging_mixin.py:188} INFO - [2026-03-16T16:35:36.575+0000] {dagbag.py:545} INFO - Filling up the DagBag from /home/airflow/.local/lib/python3.12/site-packages/airflow/example_dags/tutorial_dag.py
[2026-03-16T16:35:36.587+0000] {processor.py:840} INFO - DAG(s) 'tutorial_dag' retrieved from /home/airflow/.local/lib/python3.12/site-packages/airflow/example_dags/tutorial_dag.py
[2026-03-16T16:35:36.630+0000] {logging_mixin.py:188} INFO - [2026-03-16T16:35:36.629+0000] {dag.py:3096} INFO - Sync 1 DAGs
[2026-03-16T16:35:36.675+0000] {logging_mixin.py:188} INFO - [2026-03-16T16:35:36.674+0000] {dag.py:3954} INFO - Setting next_dagrun for tutorial_dag to None, run_after=None
[2026-03-16T16:35:36.756+0000] {processor.py:183} INFO - Processing /home/airflow/.local/lib/python3.12/site-packages/airflow/example_dags/tutorial_dag.py took 0.198 seconds
[2026-03-16T16:36:07.770+0000] {processor.py:161} INFO - Started process (PID=4281) to work on /home/airflow/.local/lib/python3.12/site-packages/airflow/example_dags/tutorial_dag.py
[2026-03-16T16:36:07.772+0000] {processor.py:830} INFO - Processing file /home/airflow/.local/lib/python3.12/site-packages/airflow/example_dags/tutorial_dag.py for tasks to queue
[2026-03-16T16:36:07.775+0000] {logging_mixin.py:188} INFO - [2026-03-16T16:36:07.774+0000] {dagbag.py:545} INFO - Filling up the DagBag from /home/airflow/.local/lib/python3.12/site-packages/airflow/example_dags/tutorial_dag.py
[2026-03-16T16:36:07.782+0000] {processor.py:840} INFO - DAG(s) 'tutorial_dag' retrieved from /home/airflow/.local/lib/python3.12/site-packages/airflow/example_dags/tutorial_dag.py
[2026-03-16T16:36:07.809+0000] {logging_mixin.py:188} INFO - [2026-03-16T16:36:07.808+0000] {dag.py:3096} INFO - Sync 1 DAGs
[2026-03-16T16:36:07.825+0000] {logging_mixin.py:188} INFO - [2026-03-16T16:36:07.825+0000] {dag.py:3954} INFO - Setting next_dagrun for tutorial_dag to None, run_after=None
[2026-03-16T16:36:07.882+0000] {processor.py:183} INFO - Processing /home/airflow/.local/lib/python3.12/site-packages/airflow/example_dags/tutorial_dag.py took 0.121 seconds
