[2026-03-23T12:20:16.933+0000] {local_task_job_runner.py:120} INFO - ::group::Pre task execution logs
[2026-03-23T12:20:17.149+0000] {taskinstance.py:2076} INFO - Dependencies all met for dep_context=non-requeueable deps ti=<TaskInstance: deployment_workflow.simulate_postcheck_error manual__2026-03-23T12:18:47.066450 map_index=0 [queued]>
[2026-03-23T12:20:17.199+0000] {taskinstance.py:2076} INFO - Dependencies all met for dep_context=requeueable deps ti=<TaskInstance: deployment_workflow.simulate_postcheck_error manual__2026-03-23T12:18:47.066450 map_index=0 [queued]>
[2026-03-23T12:20:17.251+0000] {taskinstance.py:2306} INFO - Starting attempt 1 of 1
[2026-03-23T12:20:17.399+0000] {taskinstance.py:2330} INFO - Executing <Mapped(SSHOperator): simulate_postcheck_error> on 2026-03-23 12:18:56.757054+00:00
[2026-03-23T12:20:17.479+0000] {warnings.py:110} WARNING - /home/***/.local/lib/python3.12/site-packages/***/task/task_runner/standard_task_runner.py:61: DeprecationWarning: This process (pid=122) is multi-threaded, use of fork() may lead to deadlocks in the child.
  pid = os.fork()

[2026-03-23T12:20:17.495+0000] {standard_task_runner.py:63} INFO - Started process 130 to run task
[2026-03-23T12:20:17.511+0000] {standard_task_runner.py:90} INFO - Running: ['***', 'tasks', 'run', 'deployment_workflow', 'simulate_postcheck_error', 'manual__2026-03-23T12:18:47.066450', '--job-id', '316', '--raw', '--subdir', 'DAGS_FOLDER/deployment_workflow.py', '--cfg-path', '/tmp/tmpmle8n17c', '--map-index', '0']
[2026-03-23T12:20:17.555+0000] {standard_task_runner.py:91} INFO - Job 316: Subtask simulate_postcheck_error
[2026-03-23T12:20:18.540+0000] {task_command.py:426} INFO - Running <TaskInstance: deployment_workflow.simulate_postcheck_error manual__2026-03-23T12:18:47.066450 map_index=0 [running]> on host 7ee527dcce31
[2026-03-23T12:20:19.707+0000] {taskinstance.py:2648} INFO - Exporting env vars: AIRFLOW_CTX_DAG_OWNER='***' AIRFLOW_CTX_DAG_ID='deployment_workflow' AIRFLOW_CTX_TASK_ID='simulate_postcheck_error' AIRFLOW_CTX_EXECUTION_DATE='2026-03-23T12:18:56.757054+00:00' AIRFLOW_CTX_TRY_NUMBER='1' AIRFLOW_CTX_DAG_RUN_ID='manual__2026-03-23T12:18:47.066450'
[2026-03-23T12:20:19.815+0000] {taskinstance.py:430} INFO - ::endgroup::
[2026-03-23T12:20:19.868+0000] {ssh.py:151} INFO - Creating ssh_client
[2026-03-23T12:20:19.886+0000] {ssh.py:124} INFO - ssh_hook is not provided or invalid. Trying ssh_conn_id to create SSHHook.
[2026-03-23T12:20:19.957+0000] {base.py:84} INFO - Using connection ID 'worker_node_192_168_1_2' for task execution.
[2026-03-23T12:20:19.997+0000] {ssh.py:301} WARNING - No Host Key Verification. This won't protect against Man-In-The-Middle attacks
[2026-03-23T12:20:20.134+0000] {transport.py:1909} INFO - Connected (version 2.0, client OpenSSH_8.9p1)
[2026-03-23T12:20:20.636+0000] {transport.py:1909} INFO - Authentication (password) successful!
[2026-03-23T12:20:20.718+0000] {ssh.py:480} INFO - Running command: set -e; echo 'Simulating realistic post-deployment validation failure...'; curl -fsS http://127.0.0.1:9005/minio/health/live
[2026-03-23T12:20:23.198+0000] {ssh.py:526} INFO - curl: (7) Failed to connect to 127.0.0.1 port 9005 after 0 ms: Connection refused
[2026-03-23T12:20:23.709+0000] {taskinstance.py:441} INFO - ::group::Post task execution logs
[2026-03-23T12:20:23.943+0000] {taskinstance.py:2905} ERROR - Task failed with exception
Traceback (most recent call last):
  File "/home/airflow/.local/lib/python3.12/site-packages/airflow/models/taskinstance.py", line 465, in _execute_task
    result = _execute_callable(context=context, **execute_callable_kwargs)
             ^^^^^^^^^^^^^^^^^^^^^^^^^^^^^^^^^^^^^^^^^^^^^^^^^^^^^^^^^^^^^
  File "/home/airflow/.local/lib/python3.12/site-packages/airflow/models/taskinstance.py", line 432, in _execute_callable
    return execute_callable(context=context, **execute_callable_kwargs)
           ^^^^^^^^^^^^^^^^^^^^^^^^^^^^^^^^^^^^^^^^^^^^^^^^^^^^^^^^^^^^
  File "/home/airflow/.local/lib/python3.12/site-packages/airflow/models/baseoperator.py", line 400, in wrapper
    return func(self, *args, **kwargs)
           ^^^^^^^^^^^^^^^^^^^^^^^^^^^
  File "/home/airflow/.local/lib/python3.12/site-packages/airflow/providers/ssh/operators/ssh.py", line 191, in execute
    result = self.run_ssh_client_command(ssh_client, self.command, context=context)
             ^^^^^^^^^^^^^^^^^^^^^^^^^^^^^^^^^^^^^^^^^^^^^^^^^^^^^^^^^^^^^^^^^^^^^^
  File "/home/airflow/.local/lib/python3.12/site-packages/airflow/providers/ssh/operators/ssh.py", line 179, in run_ssh_client_command
    self.raise_for_status(exit_status, agg_stderr, context=context)
  File "/home/airflow/.local/lib/python3.12/site-packages/airflow/providers/ssh/operators/ssh.py", line 173, in raise_for_status
    raise AirflowException(f"SSH operator error: exit status = {exit_status}")
airflow.exceptions.AirflowException: SSH operator error: exit status = 7
[2026-03-23T12:20:24.009+0000] {taskinstance.py:1206} INFO - Marking task as FAILED. dag_id=deployment_workflow, task_id=simulate_postcheck_error, run_id=manual__2026-03-23T12:18:47.066450, map_index=0, execution_date=20260323T121856, start_date=20260323T122017, end_date=20260323T122024
[2026-03-23T12:20:24.260+0000] {standard_task_runner.py:110} ERROR - Failed to execute job 316 for task simulate_postcheck_error (SSH operator error: exit status = 7; 130)
[2026-03-23T12:20:24.436+0000] {local_task_job_runner.py:240} INFO - Task exited with return code 1
[2026-03-23T12:20:25.066+0000] {taskinstance.py:3498} INFO - 0 downstream tasks scheduled from follow-on schedule check
[2026-03-23T12:20:25.167+0000] {local_task_job_runner.py:222} INFO - ::endgroup::
