[2026-03-06T12:53:56.570+0000] {local_task_job_runner.py:120} INFO - ::group::Pre task execution logs
[2026-03-06T12:53:56.658+0000] {taskinstance.py:2076} INFO - Dependencies all met for dep_context=non-requeueable deps ti=<TaskInstance: deployment_workflow.get_worker_nodes manual__2026-03-06T12:53:45.223480+00:00 [queued]>
[2026-03-06T12:53:56.694+0000] {taskinstance.py:2076} INFO - Dependencies all met for dep_context=requeueable deps ti=<TaskInstance: deployment_workflow.get_worker_nodes manual__2026-03-06T12:53:45.223480+00:00 [queued]>
[2026-03-06T12:53:56.704+0000] {taskinstance.py:2306} INFO - Starting attempt 1 of 1
[2026-03-06T12:53:56.777+0000] {taskinstance.py:2330} INFO - Executing <Task(PythonOperator): get_worker_nodes> on 2026-03-06 12:53:45.223480+00:00
[2026-03-06T12:53:56.838+0000] {warnings.py:110} WARNING - /home/***/.local/lib/python3.12/site-packages/***/task/task_runner/standard_task_runner.py:61: DeprecationWarning: This process (pid=421) is multi-threaded, use of fork() may lead to deadlocks in the child.
  pid = os.fork()

[2026-03-06T12:53:56.849+0000] {standard_task_runner.py:63} INFO - Started process 430 to run task
[2026-03-06T12:53:56.841+0000] {standard_task_runner.py:90} INFO - Running: ['***', 'tasks', 'run', 'deployment_workflow', 'get_worker_nodes', 'manual__2026-03-06T12:53:45.223480+00:00', '--job-id', '109', '--raw', '--subdir', 'DAGS_FOLDER/deployment_workflow.py', '--cfg-path', '/tmp/tmpld4q63r2']
[2026-03-06T12:53:56.862+0000] {standard_task_runner.py:91} INFO - Job 109: Subtask get_worker_nodes
[2026-03-06T12:53:57.097+0000] {task_command.py:426} INFO - Running <TaskInstance: deployment_workflow.get_worker_nodes manual__2026-03-06T12:53:45.223480+00:00 [running]> on host 7ab5aef854fa
[2026-03-06T12:53:57.528+0000] {taskinstance.py:2648} INFO - Exporting env vars: AIRFLOW_CTX_DAG_OWNER='***' AIRFLOW_CTX_DAG_ID='deployment_workflow' AIRFLOW_CTX_TASK_ID='get_worker_nodes' AIRFLOW_CTX_EXECUTION_DATE='2026-03-06T12:53:45.223480+00:00' AIRFLOW_CTX_TRY_NUMBER='1' AIRFLOW_CTX_DAG_RUN_ID='manual__2026-03-06T12:53:45.223480+00:00'
[2026-03-06T12:53:57.545+0000] {taskinstance.py:430} INFO - ::endgroup::
[2026-03-06T12:53:57.659+0000] {logging_mixin.py:188} INFO - Found 1 reachable nodes
[2026-03-06T12:53:57.680+0000] {logging_mixin.py:188} INFO -   - 192.168.1.5 (sshuser)
[2026-03-06T12:53:57.684+0000] {python.py:237} INFO - Done. Returned value was: [{'ip': '192.168.1.5', 'username': 'sshuser', 'password': '***', 'status': 'reachable', 'last_checked': '2026-03-06T12:27:26.353808'}]
[2026-03-06T12:53:57.696+0000] {taskinstance.py:441} INFO - ::group::Post task execution logs
[2026-03-06T12:53:57.865+0000] {taskinstance.py:1206} INFO - Marking task as SUCCESS. dag_id=deployment_workflow, task_id=get_worker_nodes, run_id=manual__2026-03-06T12:53:45.223480+00:00, execution_date=20260306T125345, start_date=20260306T125356, end_date=20260306T125357
[2026-03-06T12:53:58.108+0000] {local_task_job_runner.py:240} INFO - Task exited with return code 0
[2026-03-06T12:53:58.297+0000] {taskinstance.py:3498} INFO - 1 downstream tasks scheduled from follow-on schedule check
[2026-03-06T12:53:58.306+0000] {local_task_job_runner.py:222} INFO - ::endgroup::
