[2026-03-16T16:07:25.614+0000] {local_task_job_runner.py:120} INFO - ::group::Pre task execution logs
[2026-03-16T16:07:25.636+0000] {taskinstance.py:2076} INFO - Dependencies all met for dep_context=non-requeueable deps ti=<TaskInstance: deployment_workflow.get_worker_nodes manual__2026-03-16T16:07:22.866897 [queued]>
[2026-03-16T16:07:25.654+0000] {taskinstance.py:2076} INFO - Dependencies all met for dep_context=requeueable deps ti=<TaskInstance: deployment_workflow.get_worker_nodes manual__2026-03-16T16:07:22.866897 [queued]>
[2026-03-16T16:07:25.657+0000] {taskinstance.py:2306} INFO - Starting attempt 1 of 1
[2026-03-16T16:07:25.680+0000] {taskinstance.py:2330} INFO - Executing <Task(PythonOperator): get_worker_nodes> on 2026-03-16 16:07:23.546954+00:00
[2026-03-16T16:07:25.691+0000] {warnings.py:110} WARNING - /home/***/.local/lib/python3.12/site-packages/***/task/task_runner/standard_task_runner.py:61: DeprecationWarning: This process (pid=174) is multi-threaded, use of fork() may lead to deadlocks in the child.
  pid = os.fork()

[2026-03-16T16:07:25.694+0000] {standard_task_runner.py:63} INFO - Started process 176 to run task
[2026-03-16T16:07:25.694+0000] {standard_task_runner.py:90} INFO - Running: ['***', 'tasks', 'run', 'deployment_workflow', 'get_worker_nodes', 'manual__2026-03-16T16:07:22.866897', '--job-id', '196', '--raw', '--subdir', 'DAGS_FOLDER/deployment_workflow.py', '--cfg-path', '/tmp/tmpnd2sp9kn']
[2026-03-16T16:07:25.699+0000] {standard_task_runner.py:91} INFO - Job 196: Subtask get_worker_nodes
[2026-03-16T16:07:25.780+0000] {task_command.py:426} INFO - Running <TaskInstance: deployment_workflow.get_worker_nodes manual__2026-03-16T16:07:22.866897 [running]> on host 7ee527dcce31
[2026-03-16T16:07:25.909+0000] {taskinstance.py:2648} INFO - Exporting env vars: AIRFLOW_CTX_DAG_OWNER='***' AIRFLOW_CTX_DAG_ID='deployment_workflow' AIRFLOW_CTX_TASK_ID='get_worker_nodes' AIRFLOW_CTX_EXECUTION_DATE='2026-03-16T16:07:23.546954+00:00' AIRFLOW_CTX_TRY_NUMBER='1' AIRFLOW_CTX_DAG_RUN_ID='manual__2026-03-16T16:07:22.866897'
[2026-03-16T16:07:25.912+0000] {taskinstance.py:430} INFO - ::endgroup::
[2026-03-16T16:07:25.929+0000] {logging_mixin.py:188} INFO - Found 1 reachable nodes
[2026-03-16T16:07:25.930+0000] {logging_mixin.py:188} INFO -  - 192.168.1.2 (ubuntuworkervm)
[2026-03-16T16:07:25.930+0000] {python.py:237} INFO - Done. Returned value was: [{'ip': '192.168.1.2', 'username': 'ubuntuworkervm', 'password': '***', 'status': 'reachable', 'last_checked': '2026-03-16T16:01:11.712717'}]
[2026-03-16T16:07:25.931+0000] {taskinstance.py:441} INFO - ::group::Post task execution logs
[2026-03-16T16:07:25.967+0000] {taskinstance.py:1206} INFO - Marking task as SUCCESS. dag_id=deployment_workflow, task_id=get_worker_nodes, run_id=manual__2026-03-16T16:07:22.866897, execution_date=20260316T160723, start_date=20260316T160725, end_date=20260316T160725
[2026-03-16T16:07:26.027+0000] {local_task_job_runner.py:240} INFO - Task exited with return code 0
[2026-03-16T16:07:26.122+0000] {taskinstance.py:3498} INFO - 1 downstream tasks scheduled from follow-on schedule check
[2026-03-16T16:07:26.129+0000] {local_task_job_runner.py:222} INFO - ::endgroup::
