[2026-03-20T18:04:08.835+0530] {taskinstance.py:1979} INFO - Dependencies all met for dep_context=non-requeueable deps ti=<TaskInstance: distributed_minio_deployment_error_injected.deploy_minio_worker2 manual__2026-03-20T12:33:48.627221+00:00 [queued]>
[2026-03-20T18:04:08.841+0530] {taskinstance.py:1979} INFO - Dependencies all met for dep_context=requeueable deps ti=<TaskInstance: distributed_minio_deployment_error_injected.deploy_minio_worker2 manual__2026-03-20T12:33:48.627221+00:00 [queued]>
[2026-03-20T18:04:08.842+0530] {taskinstance.py:2193} INFO - Starting attempt 1 of 2
[2026-03-20T18:04:08.895+0530] {taskinstance.py:2214} INFO - Executing <Task(SSHOperator): deploy_minio_worker2> on 2026-03-20 12:33:48.627221+00:00
[2026-03-20T18:04:08.906+0530] {standard_task_runner.py:60} INFO - Started process 40414 to run task
[2026-03-20T18:04:08.915+0530] {standard_task_runner.py:87} INFO - Running: ['airflow', 'tasks', 'run', 'distributed_minio_deployment_error_injected', 'deploy_minio_worker2', 'manual__2026-03-20T12:33:48.627221+00:00', '--job-id', '128', '--raw', '--subdir', 'DAGS_FOLDER/distributed_minio_deployment_error_injected.py', '--cfg-path', '/tmp/tmpsg2ow5p0']
[2026-03-20T18:04:08.917+0530] {standard_task_runner.py:88} INFO - Job 128: Subtask deploy_minio_worker2
[2026-03-20T18:04:08.996+0530] {task_command.py:423} INFO - Running <TaskInstance: distributed_minio_deployment_error_injected.deploy_minio_worker2 manual__2026-03-20T12:33:48.627221+00:00 [running]> on host tejasvi-Vostro-15-3515
[2026-03-20T18:04:09.151+0530] {taskinstance.py:2510} INFO - Exporting env vars: AIRFLOW_CTX_DAG_OWNER='airflow' AIRFLOW_CTX_DAG_ID='distributed_minio_deployment_error_injected' AIRFLOW_CTX_TASK_ID='deploy_minio_worker2' AIRFLOW_CTX_EXECUTION_DATE='2026-03-20T12:33:48.627221+00:00' AIRFLOW_CTX_TRY_NUMBER='1' AIRFLOW_CTX_DAG_RUN_ID='manual__2026-03-20T12:33:48.627221+00:00'
[2026-03-20T18:04:09.153+0530] {ssh.py:151} INFO - Creating ssh_client
[2026-03-20T18:04:09.153+0530] {ssh.py:124} INFO - ssh_hook is not provided or invalid. Trying ssh_conn_id to create SSHHook.
[2026-03-20T18:04:09.168+0530] {base.py:83} INFO - Using connection ID 'worker2' for task execution.
[2026-03-20T18:04:09.170+0530] {ssh.py:301} WARNING - No Host Key Verification. This won't protect against Man-In-The-Middle attacks
[2026-03-20T18:04:09.186+0530] {transport.py:1909} INFO - Connected (version 2.0, client OpenSSH_8.9p1)
[2026-03-20T18:04:09.388+0530] {transport.py:1909} INFO - Authentication (publickey) successful!
[2026-03-20T18:04:09.389+0530] {ssh.py:480} INFO - Running command: 
docker rm -f minio_worker2 || true
docker run -d \
--name minio_worker2 \
-p 9200:9000 \
-p 9201:9001 \
-e MINIO_ROOT_USER=admin \
-e MINIO_ROOT_PASSWORD=password123 \
-v /tmp/minio-data-worker2:/data \
minio/minio server /data --console-address ":9001"
        
[2026-03-20T18:04:09.555+0530] {ssh.py:531} WARNING - Error response from daemon: No such container: minio_worker2
[2026-03-20T18:04:09.832+0530] {ssh.py:526} INFO - 7a228d583e1758f8cf1dc2d98773b81442932e4e62e73b7603a9fa5c210c391e
[2026-03-20T18:04:10.689+0530] {taskinstance.py:1149} INFO - Marking task as SUCCESS. dag_id=distributed_minio_deployment_error_injected, task_id=deploy_minio_worker2, execution_date=20260320T123348, start_date=20260320T123408, end_date=20260320T123410
[2026-03-20T18:04:10.772+0530] {local_task_job_runner.py:234} INFO - Task exited with return code 0
[2026-03-20T18:04:10.850+0530] {taskinstance.py:3309} INFO - 1 downstream tasks scheduled from follow-on schedule check
