[2026-03-20T12:49:34.132+0000] {local_task_job_runner.py:120} INFO - ::group::Pre task execution logs
[2026-03-20T12:49:34.156+0000] {taskinstance.py:2076} INFO - Dependencies all met for dep_context=non-requeueable deps ti=<TaskInstance: deployment_workflow.create_airflow_connections manual__2026-03-20T12:49:27.475694 [queued]>
[2026-03-20T12:49:34.167+0000] {taskinstance.py:2076} INFO - Dependencies all met for dep_context=requeueable deps ti=<TaskInstance: deployment_workflow.create_airflow_connections manual__2026-03-20T12:49:27.475694 [queued]>
[2026-03-20T12:49:34.169+0000] {taskinstance.py:2306} INFO - Starting attempt 1 of 1
[2026-03-20T12:49:34.195+0000] {taskinstance.py:2330} INFO - Executing <Task(PythonOperator): create_airflow_connections> on 2026-03-20 12:49:28.462212+00:00
[2026-03-20T12:49:34.214+0000] {warnings.py:110} WARNING - /home/***/.local/lib/python3.12/site-packages/***/task/task_runner/standard_task_runner.py:61: DeprecationWarning: This process (pid=250) is multi-threaded, use of fork() may lead to deadlocks in the child.
  pid = os.fork()

[2026-03-20T12:49:34.218+0000] {standard_task_runner.py:63} INFO - Started process 252 to run task
[2026-03-20T12:49:34.220+0000] {standard_task_runner.py:90} INFO - Running: ['***', 'tasks', 'run', 'deployment_workflow', 'create_***_connections', 'manual__2026-03-20T12:49:27.475694', '--job-id', '281', '--raw', '--subdir', 'DAGS_FOLDER/deployment_workflow.py', '--cfg-path', '/tmp/tmpdc8k5meg']
[2026-03-20T12:49:34.225+0000] {standard_task_runner.py:91} INFO - Job 281: Subtask create_***_connections
[2026-03-20T12:49:34.301+0000] {task_command.py:426} INFO - Running <TaskInstance: deployment_workflow.create_airflow_connections manual__2026-03-20T12:49:27.475694 [running]> on host 7ee527dcce31
[2026-03-20T12:49:34.409+0000] {taskinstance.py:2648} INFO - Exporting env vars: AIRFLOW_CTX_DAG_OWNER='***' AIRFLOW_CTX_DAG_ID='deployment_workflow' AIRFLOW_CTX_TASK_ID='create_***_connections' AIRFLOW_CTX_EXECUTION_DATE='2026-03-20T12:49:28.462212+00:00' AIRFLOW_CTX_TRY_NUMBER='1' AIRFLOW_CTX_DAG_RUN_ID='manual__2026-03-20T12:49:27.475694'
[2026-03-20T12:49:34.413+0000] {taskinstance.py:430} INFO - ::endgroup::
[2026-03-20T12:49:34.445+0000] {logging_mixin.py:188} INFO - Connection already exists: worker_node_192_168_1_2
[2026-03-20T12:49:34.446+0000] {python.py:237} INFO - Done. Returned value was: ['worker_node_192_168_1_2']
[2026-03-20T12:49:34.448+0000] {taskinstance.py:441} INFO - ::group::Post task execution logs
[2026-03-20T12:49:34.480+0000] {taskinstance.py:1206} INFO - Marking task as SUCCESS. dag_id=deployment_workflow, task_id=create_***_connections, run_id=manual__2026-03-20T12:49:27.475694, execution_date=20260320T124928, start_date=20260320T124934, end_date=20260320T124934
[2026-03-20T12:49:34.517+0000] {local_task_job_runner.py:240} INFO - Task exited with return code 0
[2026-03-20T12:49:34.659+0000] {taskinstance.py:3498} INFO - 4 downstream tasks scheduled from follow-on schedule check
[2026-03-20T12:49:34.664+0000] {local_task_job_runner.py:222} INFO - ::endgroup::
