[2026-03-20T12:09:04.903+0000] {local_task_job_runner.py:120} INFO - ::group::Pre task execution logs
[2026-03-20T12:09:04.919+0000] {taskinstance.py:2076} INFO - Dependencies all met for dep_context=non-requeueable deps ti=<TaskInstance: deployment_workflow.create_airflow_connections manual__2026-03-20T12:08:58.370543 [queued]>
[2026-03-20T12:09:04.928+0000] {taskinstance.py:2076} INFO - Dependencies all met for dep_context=requeueable deps ti=<TaskInstance: deployment_workflow.create_airflow_connections manual__2026-03-20T12:08:58.370543 [queued]>
[2026-03-20T12:09:04.930+0000] {taskinstance.py:2306} INFO - Starting attempt 1 of 1
[2026-03-20T12:09:04.949+0000] {taskinstance.py:2330} INFO - Executing <Task(PythonOperator): create_airflow_connections> on 2026-03-20 12:08:59.387317+00:00
[2026-03-20T12:09:04.955+0000] {warnings.py:110} WARNING - /home/***/.local/lib/python3.12/site-packages/***/task/task_runner/standard_task_runner.py:61: DeprecationWarning: This process (pid=368) is multi-threaded, use of fork() may lead to deadlocks in the child.
  pid = os.fork()

[2026-03-20T12:09:04.957+0000] {standard_task_runner.py:63} INFO - Started process 370 to run task
[2026-03-20T12:09:04.957+0000] {standard_task_runner.py:90} INFO - Running: ['***', 'tasks', 'run', 'deployment_workflow', 'create_***_connections', 'manual__2026-03-20T12:08:58.370543', '--job-id', '247', '--raw', '--subdir', 'DAGS_FOLDER/deployment_workflow.py', '--cfg-path', '/tmp/tmpli3gozz9']
[2026-03-20T12:09:04.960+0000] {standard_task_runner.py:91} INFO - Job 247: Subtask create_***_connections
[2026-03-20T12:09:05.034+0000] {task_command.py:426} INFO - Running <TaskInstance: deployment_workflow.create_airflow_connections manual__2026-03-20T12:08:58.370543 [running]> on host 7ee527dcce31
[2026-03-20T12:09:05.143+0000] {taskinstance.py:2648} INFO - Exporting env vars: AIRFLOW_CTX_DAG_OWNER='***' AIRFLOW_CTX_DAG_ID='deployment_workflow' AIRFLOW_CTX_TASK_ID='create_***_connections' AIRFLOW_CTX_EXECUTION_DATE='2026-03-20T12:08:59.387317+00:00' AIRFLOW_CTX_TRY_NUMBER='1' AIRFLOW_CTX_DAG_RUN_ID='manual__2026-03-20T12:08:58.370543'
[2026-03-20T12:09:05.148+0000] {taskinstance.py:430} INFO - ::endgroup::
[2026-03-20T12:09:05.174+0000] {logging_mixin.py:188} INFO - Connection already exists: worker_node_192_168_1_2
[2026-03-20T12:09:05.175+0000] {python.py:237} INFO - Done. Returned value was: ['worker_node_192_168_1_2']
[2026-03-20T12:09:05.176+0000] {taskinstance.py:441} INFO - ::group::Post task execution logs
[2026-03-20T12:09:05.209+0000] {taskinstance.py:1206} INFO - Marking task as SUCCESS. dag_id=deployment_workflow, task_id=create_***_connections, run_id=manual__2026-03-20T12:08:58.370543, execution_date=20260320T120859, start_date=20260320T120904, end_date=20260320T120905
[2026-03-20T12:09:05.253+0000] {local_task_job_runner.py:240} INFO - Task exited with return code 0
[2026-03-20T12:09:05.421+0000] {taskinstance.py:3498} INFO - 4 downstream tasks scheduled from follow-on schedule check
[2026-03-20T12:09:05.426+0000] {local_task_job_runner.py:222} INFO - ::endgroup::
