[2026-03-17T23:59:45.598+0530] {taskinstance.py:1979} INFO - Dependencies all met for dep_context=non-requeueable deps ti=<TaskInstance: distributed_minio_cleanup.remove_storage_worker2 manual__2026-03-17T18:29:22.737516+00:00 [queued]>
[2026-03-17T23:59:45.605+0530] {taskinstance.py:1979} INFO - Dependencies all met for dep_context=requeueable deps ti=<TaskInstance: distributed_minio_cleanup.remove_storage_worker2 manual__2026-03-17T18:29:22.737516+00:00 [queued]>
[2026-03-17T23:59:45.605+0530] {taskinstance.py:2193} INFO - Starting attempt 1 of 2
[2026-03-17T23:59:45.632+0530] {taskinstance.py:2214} INFO - Executing <Task(SSHOperator): remove_storage_worker2> on 2026-03-17 18:29:22.737516+00:00
[2026-03-17T23:59:45.639+0530] {standard_task_runner.py:60} INFO - Started process 168205 to run task
[2026-03-17T23:59:45.646+0530] {standard_task_runner.py:87} INFO - Running: ['airflow', 'tasks', 'run', 'distributed_minio_cleanup', 'remove_storage_worker2', 'manual__2026-03-17T18:29:22.737516+00:00', '--job-id', '14', '--raw', '--subdir', 'DAGS_FOLDER/distributed_minio_cleanup.py', '--cfg-path', '/tmp/tmpdhcjxsti']
[2026-03-17T23:59:45.647+0530] {standard_task_runner.py:88} INFO - Job 14: Subtask remove_storage_worker2
[2026-03-17T23:59:45.703+0530] {task_command.py:423} INFO - Running <TaskInstance: distributed_minio_cleanup.remove_storage_worker2 manual__2026-03-17T18:29:22.737516+00:00 [running]> on host tejasvi-Vostro-15-3515
[2026-03-17T23:59:45.786+0530] {taskinstance.py:2510} INFO - Exporting env vars: AIRFLOW_CTX_DAG_OWNER='airflow' AIRFLOW_CTX_DAG_ID='distributed_minio_cleanup' AIRFLOW_CTX_TASK_ID='remove_storage_worker2' AIRFLOW_CTX_EXECUTION_DATE='2026-03-17T18:29:22.737516+00:00' AIRFLOW_CTX_TRY_NUMBER='1' AIRFLOW_CTX_DAG_RUN_ID='manual__2026-03-17T18:29:22.737516+00:00'
[2026-03-17T23:59:45.787+0530] {ssh.py:151} INFO - Creating ssh_client
[2026-03-17T23:59:45.787+0530] {ssh.py:124} INFO - ssh_hook is not provided or invalid. Trying ssh_conn_id to create SSHHook.
[2026-03-17T23:59:45.795+0530] {base.py:83} INFO - Using connection ID 'worker2' for task execution.
[2026-03-17T23:59:45.797+0530] {ssh.py:301} WARNING - No Host Key Verification. This won't protect against Man-In-The-Middle attacks
[2026-03-17T23:59:45.818+0530] {transport.py:1909} INFO - Connected (version 2.0, client OpenSSH_8.9p1)
[2026-03-17T23:59:46.025+0530] {transport.py:1909} INFO - Authentication (publickey) successful!
[2026-03-17T23:59:46.027+0530] {ssh.py:480} INFO - Running command: rm -rf /tmp/minio-data-worker2 || true
[2026-03-17T23:59:46.158+0530] {ssh.py:531} WARNING - rm: cannot remove '/tmp/minio-data-worker2/.minio.sys/pool.bin/xl.meta': Permission denied
[2026-03-17T23:59:46.159+0530] {ssh.py:531} WARNING - rm: cannot remove '/tmp/minio-data-worker2/.minio.sys/config/config.json/xl.meta': Permission denied
[2026-03-17T23:59:46.160+0530] {ssh.py:531} WARNING - rm: cannot remove '/tmp/minio-data-worker2/.minio.sys/config/iam/format.json/xl.meta': Permission denied
[2026-03-17T23:59:46.160+0530] {ssh.py:531} WARNING - rm: cannot remove '/tmp/minio-data-worker2/.minio.sys/buckets/.heal/mrf/list.bin': Permission denied
[2026-03-17T23:59:46.160+0530] {ssh.py:531} WARNING - rm: cannot remove '/tmp/minio-data-worker2/.minio.sys/buckets/.usage.json/xl.meta': Permission denied
[2026-03-17T23:59:46.161+0530] {ssh.py:531} WARNING - rm: cannot remove '/tmp/minio-data-worker2/.minio.sys/buckets/.bloomcycle.bin/xl.meta': Permission denied
[2026-03-17T23:59:46.161+0530] {ssh.py:531} WARNING - rm: cannot remove '/tmp/minio-data-worker2/.minio.sys/tmp/.trash/a5a36216-a5d3-4328-b46e-f13b96de0dee/xl.meta.bkp': Permission denied
[2026-03-17T23:59:46.162+0530] {ssh.py:531} WARNING - rm: cannot remove '/tmp/minio-data-worker2/.minio.sys/tmp/.trash/abc8affd-d051-4303-abe9-9b179862b75f/xl.meta.bkp': Permission denied
[2026-03-17T23:59:46.162+0530] {ssh.py:531} WARNING - rm: cannot remove '/tmp/minio-data-worker2/.minio.sys/tmp/f8cab107-eb10-4e22-b838-4553ea404c78': Permission denied
[2026-03-17T23:59:46.162+0530] {ssh.py:531} WARNING - rm: cannot remove '/tmp/minio-data-worker2/.minio.sys/format.json': Permission denied
[2026-03-17T23:59:46.163+0530] {ssh.py:531} WARNING - rm: cannot remove '/tmp/minio-data-worker2/.minio.sys/multipart': Permission denied
[2026-03-17T23:59:46.208+0530] {taskinstance.py:1149} INFO - Marking task as SUCCESS. dag_id=distributed_minio_cleanup, task_id=remove_storage_worker2, execution_date=20260317T182922, start_date=20260317T182945, end_date=20260317T182946
[2026-03-17T23:59:46.256+0530] {local_task_job_runner.py:234} INFO - Task exited with return code 0
[2026-03-17T23:59:46.283+0530] {taskinstance.py:3309} INFO - 0 downstream tasks scheduled from follow-on schedule check
