[2026-03-23T21:45:48.598+0530] {taskinstance.py:1979} INFO - Dependencies all met for dep_context=non-requeueable deps ti=<TaskInstance: distributed_minio_deployment_error_injected_deploy_worker1.deploy_minio_worker1 manual__2026-03-23T16:14:35.656947+00:00 [queued]>
[2026-03-23T21:45:48.604+0530] {taskinstance.py:1979} INFO - Dependencies all met for dep_context=requeueable deps ti=<TaskInstance: distributed_minio_deployment_error_injected_deploy_worker1.deploy_minio_worker1 manual__2026-03-23T16:14:35.656947+00:00 [queued]>
[2026-03-23T21:45:48.604+0530] {taskinstance.py:2193} INFO - Starting attempt 2 of 2
[2026-03-23T21:45:48.740+0530] {taskinstance.py:2214} INFO - Executing <Task(SSHOperator): deploy_minio_worker1> on 2026-03-23 16:14:35.656947+00:00
[2026-03-23T21:45:48.746+0530] {standard_task_runner.py:60} INFO - Started process 135668 to run task
[2026-03-23T21:45:48.753+0530] {standard_task_runner.py:87} INFO - Running: ['airflow', 'tasks', 'run', 'distributed_minio_deployment_error_injected_deploy_worker1', 'deploy_minio_worker1', 'manual__2026-03-23T16:14:35.656947+00:00', '--job-id', '175', '--raw', '--subdir', 'DAGS_FOLDER/distributed_minio_deployment_error_injected_deploy_worker1.py', '--cfg-path', '/tmp/tmpcxj_3sew']
[2026-03-23T21:45:48.754+0530] {standard_task_runner.py:88} INFO - Job 175: Subtask deploy_minio_worker1
[2026-03-23T21:45:48.827+0530] {task_command.py:423} INFO - Running <TaskInstance: distributed_minio_deployment_error_injected_deploy_worker1.deploy_minio_worker1 manual__2026-03-23T16:14:35.656947+00:00 [running]> on host tejasvi-Vostro-15-3515
[2026-03-23T21:45:49.223+0530] {taskinstance.py:2510} INFO - Exporting env vars: AIRFLOW_CTX_DAG_OWNER='airflow' AIRFLOW_CTX_DAG_ID='distributed_minio_deployment_error_injected_deploy_worker1' AIRFLOW_CTX_TASK_ID='deploy_minio_worker1' AIRFLOW_CTX_EXECUTION_DATE='2026-03-23T16:14:35.656947+00:00' AIRFLOW_CTX_TRY_NUMBER='2' AIRFLOW_CTX_DAG_RUN_ID='manual__2026-03-23T16:14:35.656947+00:00'
[2026-03-23T21:45:49.225+0530] {ssh.py:151} INFO - Creating ssh_client
[2026-03-23T21:45:49.225+0530] {ssh.py:124} INFO - ssh_hook is not provided or invalid. Trying ssh_conn_id to create SSHHook.
[2026-03-23T21:45:49.305+0530] {base.py:83} INFO - Using connection ID 'worker1' for task execution.
[2026-03-23T21:45:49.311+0530] {ssh.py:301} WARNING - No Host Key Verification. This won't protect against Man-In-The-Middle attacks
[2026-03-23T21:45:49.341+0530] {transport.py:1909} INFO - Connected (version 2.0, client OpenSSH_8.9p1)
[2026-03-23T21:45:49.802+0530] {transport.py:1909} INFO - Authentication (publickey) successful!
[2026-03-23T21:45:49.804+0530] {ssh.py:480} INFO - Running command: 
docker rm -f minio_worker1 || true
docker run -d \
--name minio_worker1 \
-p 9100:9000 \
-p 9101:9001 \
-e MINIO_ROOT_USER=admin \
-e MINIO_ROOT_PASSWORD=password123 \
-v /tmp/minio-data-worker1:/data \
minio/minio server /data --console-address ":9001"
echo "INJECTED_ERROR: forcing failure in deploy_minio_worker1" >&2
exit 31
        
[2026-03-23T21:45:51.735+0530] {ssh.py:526} INFO - minio_worker1
[2026-03-23T21:45:52.054+0530] {ssh.py:526} INFO - 69a3948f15373ea9483b64b6c1ccdbf0a3756ab1126b04c490d070336457cf91
[2026-03-23T21:45:52.830+0530] {ssh.py:531} WARNING - INJECTED_ERROR: forcing failure in deploy_minio_worker1
[2026-03-23T21:45:52.878+0530] {taskinstance.py:2728} ERROR - Task failed with exception
Traceback (most recent call last):
  File "/home/tejasvi/Desktop/airflow_ssh_simulation/venv/lib/python3.10/site-packages/airflow/models/taskinstance.py", line 444, in _execute_task
    result = _execute_callable(context=context, **execute_callable_kwargs)
  File "/home/tejasvi/Desktop/airflow_ssh_simulation/venv/lib/python3.10/site-packages/airflow/models/taskinstance.py", line 414, in _execute_callable
    return execute_callable(context=context, **execute_callable_kwargs)
  File "/home/tejasvi/Desktop/airflow_ssh_simulation/venv/lib/python3.10/site-packages/airflow/providers/ssh/operators/ssh.py", line 191, in execute
    result = self.run_ssh_client_command(ssh_client, self.command, context=context)
  File "/home/tejasvi/Desktop/airflow_ssh_simulation/venv/lib/python3.10/site-packages/airflow/providers/ssh/operators/ssh.py", line 179, in run_ssh_client_command
    self.raise_for_status(exit_status, agg_stderr, context=context)
  File "/home/tejasvi/Desktop/airflow_ssh_simulation/venv/lib/python3.10/site-packages/airflow/providers/ssh/operators/ssh.py", line 173, in raise_for_status
    raise AirflowException(f"SSH operator error: exit status = {exit_status}")
airflow.exceptions.AirflowException: SSH operator error: exit status = 31
[2026-03-23T21:45:52.882+0530] {taskinstance.py:1149} INFO - Marking task as FAILED. dag_id=distributed_minio_deployment_error_injected_deploy_worker1, task_id=deploy_minio_worker1, execution_date=20260323T161435, start_date=20260323T161548, end_date=20260323T161552
[2026-03-23T21:45:52.920+0530] {standard_task_runner.py:107} ERROR - Failed to execute job 175 for task deploy_minio_worker1 (SSH operator error: exit status = 31; 135668)
[2026-03-23T21:45:52.974+0530] {local_task_job_runner.py:234} INFO - Task exited with return code 1
[2026-03-23T21:45:52.996+0530] {taskinstance.py:3309} INFO - 0 downstream tasks scheduled from follow-on schedule check
