[2026-03-25T23:42:07.651+0530] {taskinstance.py:1979} INFO - Dependencies all met for dep_context=non-requeueable deps ti=<TaskInstance: minio_worker1_error_sim_shell_syntax_error.configure_buckets_and_lifecycle manual__2026-03-25T18:11:04.553147+00:00 [queued]>
[2026-03-25T23:42:07.658+0530] {taskinstance.py:1979} INFO - Dependencies all met for dep_context=requeueable deps ti=<TaskInstance: minio_worker1_error_sim_shell_syntax_error.configure_buckets_and_lifecycle manual__2026-03-25T18:11:04.553147+00:00 [queued]>
[2026-03-25T23:42:07.658+0530] {taskinstance.py:2193} INFO - Starting attempt 2 of 2
[2026-03-25T23:42:07.688+0530] {taskinstance.py:2214} INFO - Executing <Task(SSHOperator): configure_buckets_and_lifecycle> on 2026-03-25 18:11:04.553147+00:00
[2026-03-25T23:42:07.695+0530] {standard_task_runner.py:60} INFO - Started process 134182 to run task
[2026-03-25T23:42:07.702+0530] {standard_task_runner.py:87} INFO - Running: ['airflow', 'tasks', 'run', 'minio_worker1_error_sim_shell_syntax_error', 'configure_buckets_and_lifecycle', 'manual__2026-03-25T18:11:04.553147+00:00', '--job-id', '249', '--raw', '--subdir', 'DAGS_FOLDER/minio_worker1_error_simulation_suite.py', '--cfg-path', '/tmp/tmp72oxl3_7']
[2026-03-25T23:42:07.704+0530] {standard_task_runner.py:88} INFO - Job 249: Subtask configure_buckets_and_lifecycle
[2026-03-25T23:42:07.763+0530] {task_command.py:423} INFO - Running <TaskInstance: minio_worker1_error_sim_shell_syntax_error.configure_buckets_and_lifecycle manual__2026-03-25T18:11:04.553147+00:00 [running]> on host tejasvi-Vostro-15-3515
[2026-03-25T23:42:07.847+0530] {taskinstance.py:2510} INFO - Exporting env vars: AIRFLOW_CTX_DAG_OWNER='airflow' AIRFLOW_CTX_DAG_ID='minio_worker1_error_sim_shell_syntax_error' AIRFLOW_CTX_TASK_ID='configure_buckets_and_lifecycle' AIRFLOW_CTX_EXECUTION_DATE='2026-03-25T18:11:04.553147+00:00' AIRFLOW_CTX_TRY_NUMBER='2' AIRFLOW_CTX_DAG_RUN_ID='manual__2026-03-25T18:11:04.553147+00:00'
[2026-03-25T23:42:07.848+0530] {ssh.py:151} INFO - Creating ssh_client
[2026-03-25T23:42:07.848+0530] {ssh.py:124} INFO - ssh_hook is not provided or invalid. Trying ssh_conn_id to create SSHHook.
[2026-03-25T23:42:07.856+0530] {base.py:83} INFO - Using connection ID 'worker1' for task execution.
[2026-03-25T23:42:07.858+0530] {ssh.py:301} WARNING - No Host Key Verification. This won't protect against Man-In-The-Middle attacks
[2026-03-25T23:42:07.880+0530] {transport.py:1909} INFO - Connected (version 2.0, client OpenSSH_8.9p1)
[2026-03-25T23:42:08.088+0530] {transport.py:1909} INFO - Authentication (publickey) successful!
[2026-03-25T23:42:08.089+0530] {ssh.py:480} INFO - Running command: 
if [ -f /tmp/minio-worker1/policies/custom-readonly.json ]
then
  echo "Policy exists"
# missing fi on purpose
        
[2026-03-25T23:42:08.227+0530] {ssh.py:531} WARNING - bash: -c: line 7: syntax error: unexpected end of file
[2026-03-25T23:42:08.267+0530] {taskinstance.py:2728} ERROR - Task failed with exception
Traceback (most recent call last):
  File "/home/tejasvi/Desktop/airflow_ssh_simulation/venv/lib/python3.10/site-packages/airflow/models/taskinstance.py", line 444, in _execute_task
    result = _execute_callable(context=context, **execute_callable_kwargs)
  File "/home/tejasvi/Desktop/airflow_ssh_simulation/venv/lib/python3.10/site-packages/airflow/models/taskinstance.py", line 414, in _execute_callable
    return execute_callable(context=context, **execute_callable_kwargs)
  File "/home/tejasvi/Desktop/airflow_ssh_simulation/venv/lib/python3.10/site-packages/airflow/providers/ssh/operators/ssh.py", line 191, in execute
    result = self.run_ssh_client_command(ssh_client, self.command, context=context)
  File "/home/tejasvi/Desktop/airflow_ssh_simulation/venv/lib/python3.10/site-packages/airflow/providers/ssh/operators/ssh.py", line 179, in run_ssh_client_command
    self.raise_for_status(exit_status, agg_stderr, context=context)
  File "/home/tejasvi/Desktop/airflow_ssh_simulation/venv/lib/python3.10/site-packages/airflow/providers/ssh/operators/ssh.py", line 173, in raise_for_status
    raise AirflowException(f"SSH operator error: exit status = {exit_status}")
airflow.exceptions.AirflowException: SSH operator error: exit status = 2
[2026-03-25T23:42:08.273+0530] {taskinstance.py:1149} INFO - Marking task as FAILED. dag_id=minio_worker1_error_sim_shell_syntax_error, task_id=configure_buckets_and_lifecycle, execution_date=20260325T181104, start_date=20260325T181207, end_date=20260325T181208
[2026-03-25T23:42:08.305+0530] {standard_task_runner.py:107} ERROR - Failed to execute job 249 for task configure_buckets_and_lifecycle (SSH operator error: exit status = 2; 134182)
[2026-03-25T23:42:08.352+0530] {local_task_job_runner.py:234} INFO - Task exited with return code 1
[2026-03-25T23:42:08.373+0530] {taskinstance.py:3309} INFO - 0 downstream tasks scheduled from follow-on schedule check
