[2026-03-25T23:39:01.617+0530] {taskinstance.py:1979} INFO - Dependencies all met for dep_context=non-requeueable deps ti=<TaskInstance: minio_worker1_error_sim_policy_auth_failure.configure_access_policies manual__2026-03-25T18:08:02.197173+00:00 [queued]>
[2026-03-25T23:39:01.624+0530] {taskinstance.py:1979} INFO - Dependencies all met for dep_context=requeueable deps ti=<TaskInstance: minio_worker1_error_sim_policy_auth_failure.configure_access_policies manual__2026-03-25T18:08:02.197173+00:00 [queued]>
[2026-03-25T23:39:01.624+0530] {taskinstance.py:2193} INFO - Starting attempt 2 of 2
[2026-03-25T23:39:01.652+0530] {taskinstance.py:2214} INFO - Executing <Task(SSHOperator): configure_access_policies> on 2026-03-25 18:08:02.197173+00:00
[2026-03-25T23:39:01.658+0530] {standard_task_runner.py:60} INFO - Started process 131564 to run task
[2026-03-25T23:39:01.666+0530] {standard_task_runner.py:87} INFO - Running: ['airflow', 'tasks', 'run', 'minio_worker1_error_sim_policy_auth_failure', 'configure_access_policies', 'manual__2026-03-25T18:08:02.197173+00:00', '--job-id', '236', '--raw', '--subdir', 'DAGS_FOLDER/minio_worker1_error_simulation_suite.py', '--cfg-path', '/tmp/tmpoddf3x0q']
[2026-03-25T23:39:01.667+0530] {standard_task_runner.py:88} INFO - Job 236: Subtask configure_access_policies
[2026-03-25T23:39:01.722+0530] {task_command.py:423} INFO - Running <TaskInstance: minio_worker1_error_sim_policy_auth_failure.configure_access_policies manual__2026-03-25T18:08:02.197173+00:00 [running]> on host tejasvi-Vostro-15-3515
[2026-03-25T23:39:01.801+0530] {taskinstance.py:2510} INFO - Exporting env vars: AIRFLOW_CTX_DAG_OWNER='airflow' AIRFLOW_CTX_DAG_ID='minio_worker1_error_sim_policy_auth_failure' AIRFLOW_CTX_TASK_ID='configure_access_policies' AIRFLOW_CTX_EXECUTION_DATE='2026-03-25T18:08:02.197173+00:00' AIRFLOW_CTX_TRY_NUMBER='2' AIRFLOW_CTX_DAG_RUN_ID='manual__2026-03-25T18:08:02.197173+00:00'
[2026-03-25T23:39:01.802+0530] {ssh.py:151} INFO - Creating ssh_client
[2026-03-25T23:39:01.803+0530] {ssh.py:124} INFO - ssh_hook is not provided or invalid. Trying ssh_conn_id to create SSHHook.
[2026-03-25T23:39:01.809+0530] {base.py:83} INFO - Using connection ID 'worker1' for task execution.
[2026-03-25T23:39:01.812+0530] {ssh.py:301} WARNING - No Host Key Verification. This won't protect against Man-In-The-Middle attacks
[2026-03-25T23:39:01.829+0530] {transport.py:1909} INFO - Connected (version 2.0, client OpenSSH_8.9p1)
[2026-03-25T23:39:02.036+0530] {transport.py:1909} INFO - Authentication (publickey) successful!
[2026-03-25T23:39:02.037+0530] {ssh.py:480} INFO - Running command: 
docker run --rm --network host --entrypoint /bin/sh minio/mc -c '
  mc --insecure alias set local https://127.0.0.1:9100 admin wrong-password &&
  mc --insecure admin user add local readonly_user readonly123
'
        
[2026-03-25T23:39:02.572+0530] {ssh.py:531} WARNING - mc: <ERROR> Unable to initialize new alias from the provided credentials. The request signature we calculated does not match the signature you provided. Check your key and signing method.
[2026-03-25T23:39:02.752+0530] {taskinstance.py:2728} ERROR - Task failed with exception
Traceback (most recent call last):
  File "/home/tejasvi/Desktop/airflow_ssh_simulation/venv/lib/python3.10/site-packages/airflow/models/taskinstance.py", line 444, in _execute_task
    result = _execute_callable(context=context, **execute_callable_kwargs)
  File "/home/tejasvi/Desktop/airflow_ssh_simulation/venv/lib/python3.10/site-packages/airflow/models/taskinstance.py", line 414, in _execute_callable
    return execute_callable(context=context, **execute_callable_kwargs)
  File "/home/tejasvi/Desktop/airflow_ssh_simulation/venv/lib/python3.10/site-packages/airflow/providers/ssh/operators/ssh.py", line 191, in execute
    result = self.run_ssh_client_command(ssh_client, self.command, context=context)
  File "/home/tejasvi/Desktop/airflow_ssh_simulation/venv/lib/python3.10/site-packages/airflow/providers/ssh/operators/ssh.py", line 179, in run_ssh_client_command
    self.raise_for_status(exit_status, agg_stderr, context=context)
  File "/home/tejasvi/Desktop/airflow_ssh_simulation/venv/lib/python3.10/site-packages/airflow/providers/ssh/operators/ssh.py", line 173, in raise_for_status
    raise AirflowException(f"SSH operator error: exit status = {exit_status}")
airflow.exceptions.AirflowException: SSH operator error: exit status = 1
[2026-03-25T23:39:02.757+0530] {taskinstance.py:1149} INFO - Marking task as FAILED. dag_id=minio_worker1_error_sim_policy_auth_failure, task_id=configure_access_policies, execution_date=20260325T180802, start_date=20260325T180901, end_date=20260325T180902
[2026-03-25T23:39:02.788+0530] {standard_task_runner.py:107} ERROR - Failed to execute job 236 for task configure_access_policies (SSH operator error: exit status = 1; 131564)
[2026-03-25T23:39:02.837+0530] {local_task_job_runner.py:234} INFO - Task exited with return code 1
[2026-03-25T23:39:02.857+0530] {taskinstance.py:3309} INFO - 0 downstream tasks scheduled from follow-on schedule check
