[2026-03-25T23:26:34.008+0530] {taskinstance.py:1979} INFO - Dependencies all met for dep_context=non-requeueable deps ti=<TaskInstance: minio_worker1_error_sim_docker_invalid_image.deploy_minio manual__2026-03-25T17:56:22.919992+00:00 [queued]>
[2026-03-25T23:26:34.016+0530] {taskinstance.py:1979} INFO - Dependencies all met for dep_context=requeueable deps ti=<TaskInstance: minio_worker1_error_sim_docker_invalid_image.deploy_minio manual__2026-03-25T17:56:22.919992+00:00 [queued]>
[2026-03-25T23:26:34.017+0530] {taskinstance.py:2193} INFO - Starting attempt 1 of 2
[2026-03-25T23:26:34.049+0530] {taskinstance.py:2214} INFO - Executing <Task(SSHOperator): deploy_minio> on 2026-03-25 17:56:22.919992+00:00
[2026-03-25T23:26:34.056+0530] {standard_task_runner.py:60} INFO - Started process 123129 to run task
[2026-03-25T23:26:34.063+0530] {standard_task_runner.py:87} INFO - Running: ['airflow', 'tasks', 'run', 'minio_worker1_error_sim_docker_invalid_image', 'deploy_minio', 'manual__2026-03-25T17:56:22.919992+00:00', '--job-id', '201', '--raw', '--subdir', 'DAGS_FOLDER/minio_worker1_error_simulation_suite.py', '--cfg-path', '/tmp/tmpqdbqqhsw']
[2026-03-25T23:26:34.064+0530] {standard_task_runner.py:88} INFO - Job 201: Subtask deploy_minio
[2026-03-25T23:26:34.125+0530] {task_command.py:423} INFO - Running <TaskInstance: minio_worker1_error_sim_docker_invalid_image.deploy_minio manual__2026-03-25T17:56:22.919992+00:00 [running]> on host tejasvi-Vostro-15-3515
[2026-03-25T23:26:34.211+0530] {taskinstance.py:2510} INFO - Exporting env vars: AIRFLOW_CTX_DAG_OWNER='airflow' AIRFLOW_CTX_DAG_ID='minio_worker1_error_sim_docker_invalid_image' AIRFLOW_CTX_TASK_ID='deploy_minio' AIRFLOW_CTX_EXECUTION_DATE='2026-03-25T17:56:22.919992+00:00' AIRFLOW_CTX_TRY_NUMBER='1' AIRFLOW_CTX_DAG_RUN_ID='manual__2026-03-25T17:56:22.919992+00:00'
[2026-03-25T23:26:34.212+0530] {ssh.py:151} INFO - Creating ssh_client
[2026-03-25T23:26:34.213+0530] {ssh.py:124} INFO - ssh_hook is not provided or invalid. Trying ssh_conn_id to create SSHHook.
[2026-03-25T23:26:34.221+0530] {base.py:83} INFO - Using connection ID 'worker1' for task execution.
[2026-03-25T23:26:34.224+0530] {ssh.py:301} WARNING - No Host Key Verification. This won't protect against Man-In-The-Middle attacks
[2026-03-25T23:26:34.241+0530] {transport.py:1909} INFO - Connected (version 2.0, client OpenSSH_8.9p1)
[2026-03-25T23:26:34.440+0530] {transport.py:1909} INFO - Authentication (publickey) successful!
[2026-03-25T23:26:34.441+0530] {ssh.py:480} INFO - Running command: 
docker rm -f minio_worker1 || true
docker run -d   --name minio_worker1   -p 9100:9000   -p 9101:9001   -e MINIO_ROOT_USER=admin   -e MINIO_ROOT_PASSWORD=password123   -v /tmp/minio-worker1/data1:/data   minio/minio:this-tag-does-not-exist server /data --console-address ":9001"
        
[2026-03-25T23:26:35.204+0530] {ssh.py:526} INFO - minio_worker1
[2026-03-25T23:26:35.243+0530] {ssh.py:531} WARNING - Unable to find image 'minio/minio:this-tag-does-not-exist' locally
[2026-03-25T23:26:38.585+0530] {ssh.py:531} WARNING - docker: Error response from daemon: manifest for minio/minio:this-tag-does-not-exist not found: manifest unknown: manifest unknown
[2026-03-25T23:26:38.585+0530] {ssh.py:531} WARNING - 
[2026-03-25T23:26:38.586+0530] {ssh.py:531} WARNING - Run 'docker run --help' for more information
[2026-03-25T23:26:38.634+0530] {taskinstance.py:2728} ERROR - Task failed with exception
Traceback (most recent call last):
  File "/home/tejasvi/Desktop/airflow_ssh_simulation/venv/lib/python3.10/site-packages/airflow/models/taskinstance.py", line 444, in _execute_task
    result = _execute_callable(context=context, **execute_callable_kwargs)
  File "/home/tejasvi/Desktop/airflow_ssh_simulation/venv/lib/python3.10/site-packages/airflow/models/taskinstance.py", line 414, in _execute_callable
    return execute_callable(context=context, **execute_callable_kwargs)
  File "/home/tejasvi/Desktop/airflow_ssh_simulation/venv/lib/python3.10/site-packages/airflow/providers/ssh/operators/ssh.py", line 191, in execute
    result = self.run_ssh_client_command(ssh_client, self.command, context=context)
  File "/home/tejasvi/Desktop/airflow_ssh_simulation/venv/lib/python3.10/site-packages/airflow/providers/ssh/operators/ssh.py", line 179, in run_ssh_client_command
    self.raise_for_status(exit_status, agg_stderr, context=context)
  File "/home/tejasvi/Desktop/airflow_ssh_simulation/venv/lib/python3.10/site-packages/airflow/providers/ssh/operators/ssh.py", line 173, in raise_for_status
    raise AirflowException(f"SSH operator error: exit status = {exit_status}")
airflow.exceptions.AirflowException: SSH operator error: exit status = 125
[2026-03-25T23:26:38.639+0530] {taskinstance.py:1149} INFO - Marking task as UP_FOR_RETRY. dag_id=minio_worker1_error_sim_docker_invalid_image, task_id=deploy_minio, execution_date=20260325T175622, start_date=20260325T175634, end_date=20260325T175638
[2026-03-25T23:26:38.672+0530] {standard_task_runner.py:107} ERROR - Failed to execute job 201 for task deploy_minio (SSH operator error: exit status = 125; 123129)
[2026-03-25T23:26:38.686+0530] {local_task_job_runner.py:234} INFO - Task exited with return code 1
[2026-03-25T23:26:38.708+0530] {taskinstance.py:3309} INFO - 0 downstream tasks scheduled from follow-on schedule check
