[2026-03-25T23:44:17.128+0530] {taskinstance.py:1979} INFO - Dependencies all met for dep_context=non-requeueable deps ti=<TaskInstance: minio_worker1_error_sim_tls_bad_flag.create_tls_certs manual__2026-03-25T18:14:08.200590+00:00 [queued]>
[2026-03-25T23:44:17.134+0530] {taskinstance.py:1979} INFO - Dependencies all met for dep_context=requeueable deps ti=<TaskInstance: minio_worker1_error_sim_tls_bad_flag.create_tls_certs manual__2026-03-25T18:14:08.200590+00:00 [queued]>
[2026-03-25T23:44:17.135+0530] {taskinstance.py:2193} INFO - Starting attempt 1 of 2
[2026-03-25T23:44:17.169+0530] {taskinstance.py:2214} INFO - Executing <Task(SSHOperator): create_tls_certs> on 2026-03-25 18:14:08.200590+00:00
[2026-03-25T23:44:17.176+0530] {standard_task_runner.py:60} INFO - Started process 135130 to run task
[2026-03-25T23:44:17.183+0530] {standard_task_runner.py:87} INFO - Running: ['airflow', 'tasks', 'run', 'minio_worker1_error_sim_tls_bad_flag', 'create_tls_certs', 'manual__2026-03-25T18:14:08.200590+00:00', '--job-id', '251', '--raw', '--subdir', 'DAGS_FOLDER/minio_worker1_error_simulation_suite.py', '--cfg-path', '/tmp/tmp6sbnex2y']
[2026-03-25T23:44:17.185+0530] {standard_task_runner.py:88} INFO - Job 251: Subtask create_tls_certs
[2026-03-25T23:44:17.239+0530] {task_command.py:423} INFO - Running <TaskInstance: minio_worker1_error_sim_tls_bad_flag.create_tls_certs manual__2026-03-25T18:14:08.200590+00:00 [running]> on host tejasvi-Vostro-15-3515
[2026-03-25T23:44:17.316+0530] {taskinstance.py:2510} INFO - Exporting env vars: AIRFLOW_CTX_DAG_OWNER='airflow' AIRFLOW_CTX_DAG_ID='minio_worker1_error_sim_tls_bad_flag' AIRFLOW_CTX_TASK_ID='create_tls_certs' AIRFLOW_CTX_EXECUTION_DATE='2026-03-25T18:14:08.200590+00:00' AIRFLOW_CTX_TRY_NUMBER='1' AIRFLOW_CTX_DAG_RUN_ID='manual__2026-03-25T18:14:08.200590+00:00'
[2026-03-25T23:44:17.318+0530] {ssh.py:151} INFO - Creating ssh_client
[2026-03-25T23:44:17.318+0530] {ssh.py:124} INFO - ssh_hook is not provided or invalid. Trying ssh_conn_id to create SSHHook.
[2026-03-25T23:44:17.324+0530] {base.py:83} INFO - Using connection ID 'worker1' for task execution.
[2026-03-25T23:44:17.327+0530] {ssh.py:301} WARNING - No Host Key Verification. This won't protect against Man-In-The-Middle attacks
[2026-03-25T23:44:17.348+0530] {transport.py:1909} INFO - Connected (version 2.0, client OpenSSH_8.9p1)
[2026-03-25T23:44:17.562+0530] {transport.py:1909} INFO - Authentication (publickey) successful!
[2026-03-25T23:44:17.563+0530] {ssh.py:480} INFO - Running command: 
openssl req --definitely-invalid-flag -x509 -nodes -newkey rsa:2048   -keyout /tmp/minio-worker1/certs/private.key   -out /tmp/minio-worker1/certs/public.crt   -days 365   -subj "/CN=worker1-minio"
        
[2026-03-25T23:44:17.724+0530] {ssh.py:531} WARNING - req: Unknown option or message digest: definitely-invalid-flag
[2026-03-25T23:44:17.725+0530] {ssh.py:531} WARNING - req: Use -help for summary.
[2026-03-25T23:44:17.765+0530] {taskinstance.py:2728} ERROR - Task failed with exception
Traceback (most recent call last):
  File "/home/tejasvi/Desktop/airflow_ssh_simulation/venv/lib/python3.10/site-packages/airflow/models/taskinstance.py", line 444, in _execute_task
    result = _execute_callable(context=context, **execute_callable_kwargs)
  File "/home/tejasvi/Desktop/airflow_ssh_simulation/venv/lib/python3.10/site-packages/airflow/models/taskinstance.py", line 414, in _execute_callable
    return execute_callable(context=context, **execute_callable_kwargs)
  File "/home/tejasvi/Desktop/airflow_ssh_simulation/venv/lib/python3.10/site-packages/airflow/providers/ssh/operators/ssh.py", line 191, in execute
    result = self.run_ssh_client_command(ssh_client, self.command, context=context)
  File "/home/tejasvi/Desktop/airflow_ssh_simulation/venv/lib/python3.10/site-packages/airflow/providers/ssh/operators/ssh.py", line 179, in run_ssh_client_command
    self.raise_for_status(exit_status, agg_stderr, context=context)
  File "/home/tejasvi/Desktop/airflow_ssh_simulation/venv/lib/python3.10/site-packages/airflow/providers/ssh/operators/ssh.py", line 173, in raise_for_status
    raise AirflowException(f"SSH operator error: exit status = {exit_status}")
airflow.exceptions.AirflowException: SSH operator error: exit status = 1
[2026-03-25T23:44:17.770+0530] {taskinstance.py:1149} INFO - Marking task as UP_FOR_RETRY. dag_id=minio_worker1_error_sim_tls_bad_flag, task_id=create_tls_certs, execution_date=20260325T181408, start_date=20260325T181417, end_date=20260325T181417
[2026-03-25T23:44:17.803+0530] {standard_task_runner.py:107} ERROR - Failed to execute job 251 for task create_tls_certs (SSH operator error: exit status = 1; 135130)
[2026-03-25T23:44:17.833+0530] {local_task_job_runner.py:234} INFO - Task exited with return code 1
[2026-03-25T23:44:17.854+0530] {taskinstance.py:3309} INFO - 0 downstream tasks scheduled from follow-on schedule check
