[2026-03-20T18:06:30.900+0530] {taskinstance.py:1979} INFO - Dependencies all met for dep_context=non-requeueable deps ti=<TaskInstance: nfs_dynamic_roles_deployment_error_injected.wait_for_server_boot manual__2026-03-20T12:36:07.276741+00:00 [queued]>
[2026-03-20T18:06:30.907+0530] {taskinstance.py:1979} INFO - Dependencies all met for dep_context=requeueable deps ti=<TaskInstance: nfs_dynamic_roles_deployment_error_injected.wait_for_server_boot manual__2026-03-20T12:36:07.276741+00:00 [queued]>
[2026-03-20T18:06:30.908+0530] {taskinstance.py:2193} INFO - Starting attempt 1 of 2
[2026-03-20T18:06:31.015+0530] {taskinstance.py:2214} INFO - Executing <Task(DynamicSSHOperator): wait_for_server_boot> on 2026-03-20 12:36:07.276741+00:00
[2026-03-20T18:06:31.024+0530] {standard_task_runner.py:60} INFO - Started process 42233 to run task
[2026-03-20T18:06:31.031+0530] {standard_task_runner.py:87} INFO - Running: ['airflow', 'tasks', 'run', 'nfs_dynamic_roles_deployment_error_injected', 'wait_for_server_boot', 'manual__2026-03-20T12:36:07.276741+00:00', '--job-id', '135', '--raw', '--subdir', 'DAGS_FOLDER/nfs_dynamic_roles_deployment_error_injected.py', '--cfg-path', '/tmp/tmpla_16f5r']
[2026-03-20T18:06:31.032+0530] {standard_task_runner.py:88} INFO - Job 135: Subtask wait_for_server_boot
[2026-03-20T18:06:31.097+0530] {task_command.py:423} INFO - Running <TaskInstance: nfs_dynamic_roles_deployment_error_injected.wait_for_server_boot manual__2026-03-20T12:36:07.276741+00:00 [running]> on host tejasvi-Vostro-15-3515
[2026-03-20T18:06:31.211+0530] {taskinstance.py:2510} INFO - Exporting env vars: AIRFLOW_CTX_DAG_OWNER='airflow' AIRFLOW_CTX_DAG_ID='nfs_dynamic_roles_deployment_error_injected' AIRFLOW_CTX_TASK_ID='wait_for_server_boot' AIRFLOW_CTX_EXECUTION_DATE='2026-03-20T12:36:07.276741+00:00' AIRFLOW_CTX_TRY_NUMBER='1' AIRFLOW_CTX_DAG_RUN_ID='manual__2026-03-20T12:36:07.276741+00:00'
[2026-03-20T18:06:31.213+0530] {ssh.py:151} INFO - Creating ssh_client
[2026-03-20T18:06:31.213+0530] {ssh.py:124} INFO - ssh_hook is not provided or invalid. Trying ssh_conn_id to create SSHHook.
[2026-03-20T18:06:31.224+0530] {base.py:83} INFO - Using connection ID 'worker2' for task execution.
[2026-03-20T18:06:31.226+0530] {ssh.py:301} WARNING - No Host Key Verification. This won't protect against Man-In-The-Middle attacks
[2026-03-20T18:06:31.242+0530] {transport.py:1909} INFO - Connected (version 2.0, client OpenSSH_8.9p1)
[2026-03-20T18:06:31.451+0530] {transport.py:1909} INFO - Authentication (publickey) successful!
[2026-03-20T18:06:31.453+0530] {ssh.py:480} INFO - Running command: 
for i in $(seq 1 15); do
  if docker ps -q -f name=nfs_server -f status=running | grep -q .; then
    echo "NFS server container is running (attempt $i)"
    if ss -tln | grep -q ':2049'; then
      echo "NFS port 2049 is listening - server is ready!"
      exit 0
    fi
  fi
  echo "Waiting for NFS server... (attempt $i/15)"
  sleep 2
done
echo "ERROR: NFS server failed to start. Logs:"
docker logs nfs_server 2>&1
exit 1
        
[2026-03-20T18:06:31.722+0530] {ssh.py:526} INFO - Waiting for NFS server... (attempt 1/15)
[2026-03-20T18:06:33.770+0530] {ssh.py:526} INFO - Waiting for NFS server... (attempt 2/15)
[2026-03-20T18:06:35.808+0530] {ssh.py:526} INFO - Waiting for NFS server... (attempt 3/15)
[2026-03-20T18:06:38.493+0530] {ssh.py:526} INFO - Waiting for NFS server... (attempt 4/15)
[2026-03-20T18:06:40.732+0530] {ssh.py:526} INFO - Waiting for NFS server... (attempt 5/15)
[2026-03-20T18:06:42.862+0530] {ssh.py:526} INFO - Waiting for NFS server... (attempt 6/15)
[2026-03-20T18:06:44.920+0530] {ssh.py:526} INFO - Waiting for NFS server... (attempt 7/15)
[2026-03-20T18:06:46.962+0530] {ssh.py:526} INFO - Waiting for NFS server... (attempt 8/15)
[2026-03-20T18:06:49.025+0530] {ssh.py:526} INFO - Waiting for NFS server... (attempt 9/15)
[2026-03-20T18:06:51.111+0530] {ssh.py:526} INFO - Waiting for NFS server... (attempt 10/15)
[2026-03-20T18:06:53.142+0530] {ssh.py:526} INFO - Waiting for NFS server... (attempt 11/15)
[2026-03-20T18:06:55.176+0530] {ssh.py:526} INFO - Waiting for NFS server... (attempt 12/15)
[2026-03-20T18:06:57.208+0530] {ssh.py:526} INFO - Waiting for NFS server... (attempt 13/15)
[2026-03-20T18:06:59.242+0530] {ssh.py:526} INFO - Waiting for NFS server... (attempt 14/15)
[2026-03-20T18:07:01.276+0530] {ssh.py:526} INFO - Waiting for NFS server... (attempt 15/15)
[2026-03-20T18:07:03.278+0530] {ssh.py:526} INFO - ERROR: NFS server failed to start. Logs:
[2026-03-20T18:07:03.328+0530] {ssh.py:526} INFO - ==================================================================
[2026-03-20T18:07:03.329+0530] {ssh.py:526} INFO -       SETTING UP ...
[2026-03-20T18:07:03.330+0530] {ssh.py:526} INFO - ==================================================================
[2026-03-20T18:07:03.330+0530] {ssh.py:526} INFO - ----> building /etc/exports from environment variables
[2026-03-20T18:07:03.330+0530] {ssh.py:526} INFO - ----> collected 1 valid export(s) from NFS_EXPORT_* environment variables
[2026-03-20T18:07:03.331+0530] {ssh.py:526} INFO - ----> kernel module nfs is missing
[2026-03-20T18:07:03.331+0530] {ssh.py:526} INFO - ----> 
[2026-03-20T18:07:03.332+0530] {ssh.py:526} INFO - ----> ERROR: nfs module is not loaded in the Docker host's kernel (try: modprobe nfs)
[2026-03-20T18:07:03.332+0530] {ssh.py:526} INFO - ----> 
[2026-03-20T18:07:03.465+0530] {taskinstance.py:2728} ERROR - Task failed with exception
Traceback (most recent call last):
  File "/home/tejasvi/Desktop/airflow_ssh_simulation/venv/lib/python3.10/site-packages/airflow/models/taskinstance.py", line 444, in _execute_task
    result = _execute_callable(context=context, **execute_callable_kwargs)
  File "/home/tejasvi/Desktop/airflow_ssh_simulation/venv/lib/python3.10/site-packages/airflow/models/taskinstance.py", line 414, in _execute_callable
    return execute_callable(context=context, **execute_callable_kwargs)
  File "/home/tejasvi/Desktop/airflow_ssh_simulation/venv/lib/python3.10/site-packages/airflow/providers/ssh/operators/ssh.py", line 191, in execute
    result = self.run_ssh_client_command(ssh_client, self.command, context=context)
  File "/home/tejasvi/Desktop/airflow_ssh_simulation/venv/lib/python3.10/site-packages/airflow/providers/ssh/operators/ssh.py", line 179, in run_ssh_client_command
    self.raise_for_status(exit_status, agg_stderr, context=context)
  File "/home/tejasvi/Desktop/airflow_ssh_simulation/venv/lib/python3.10/site-packages/airflow/providers/ssh/operators/ssh.py", line 173, in raise_for_status
    raise AirflowException(f"SSH operator error: exit status = {exit_status}")
airflow.exceptions.AirflowException: SSH operator error: exit status = 1
[2026-03-20T18:07:03.471+0530] {taskinstance.py:1149} INFO - Marking task as UP_FOR_RETRY. dag_id=nfs_dynamic_roles_deployment_error_injected, task_id=wait_for_server_boot, execution_date=20260320T123607, start_date=20260320T123630, end_date=20260320T123703
[2026-03-20T18:07:03.598+0530] {standard_task_runner.py:107} ERROR - Failed to execute job 135 for task wait_for_server_boot (SSH operator error: exit status = 1; 42233)
[2026-03-20T18:07:03.615+0530] {local_task_job_runner.py:234} INFO - Task exited with return code 1
[2026-03-20T18:07:03.633+0530] {taskinstance.py:3309} INFO - 0 downstream tasks scheduled from follow-on schedule check
