[2026-03-23T21:48:22.212+0530] {taskinstance.py:1979} INFO - Dependencies all met for dep_context=non-requeueable deps ti=<TaskInstance: nfs_dynamic_roles_deployment_error_injected_create_client_volume.wait_for_server_boot manual__2026-03-23T16:17:45.451189+00:00 [queued]>
[2026-03-23T21:48:22.218+0530] {taskinstance.py:1979} INFO - Dependencies all met for dep_context=requeueable deps ti=<TaskInstance: nfs_dynamic_roles_deployment_error_injected_create_client_volume.wait_for_server_boot manual__2026-03-23T16:17:45.451189+00:00 [queued]>
[2026-03-23T21:48:22.218+0530] {taskinstance.py:2193} INFO - Starting attempt 1 of 2
[2026-03-23T21:48:22.325+0530] {taskinstance.py:2214} INFO - Executing <Task(DynamicSSHOperator): wait_for_server_boot> on 2026-03-23 16:17:45.451189+00:00
[2026-03-23T21:48:22.335+0530] {standard_task_runner.py:60} INFO - Started process 137858 to run task
[2026-03-23T21:48:22.342+0530] {standard_task_runner.py:87} INFO - Running: ['airflow', 'tasks', 'run', 'nfs_dynamic_roles_deployment_error_injected_create_client_volume', 'wait_for_server_boot', 'manual__2026-03-23T16:17:45.451189+00:00', '--job-id', '179', '--raw', '--subdir', 'DAGS_FOLDER/nfs_dynamic_roles_deployment_error_injected_create_client_volume.py', '--cfg-path', '/tmp/tmpcujq4pda']
[2026-03-23T21:48:22.344+0530] {standard_task_runner.py:88} INFO - Job 179: Subtask wait_for_server_boot
[2026-03-23T21:48:22.547+0530] {task_command.py:423} INFO - Running <TaskInstance: nfs_dynamic_roles_deployment_error_injected_create_client_volume.wait_for_server_boot manual__2026-03-23T16:17:45.451189+00:00 [running]> on host tejasvi-Vostro-15-3515
[2026-03-23T21:48:22.804+0530] {taskinstance.py:2510} INFO - Exporting env vars: AIRFLOW_CTX_DAG_OWNER='airflow' AIRFLOW_CTX_DAG_ID='nfs_dynamic_roles_deployment_error_injected_create_client_volume' AIRFLOW_CTX_TASK_ID='wait_for_server_boot' AIRFLOW_CTX_EXECUTION_DATE='2026-03-23T16:17:45.451189+00:00' AIRFLOW_CTX_TRY_NUMBER='1' AIRFLOW_CTX_DAG_RUN_ID='manual__2026-03-23T16:17:45.451189+00:00'
[2026-03-23T21:48:22.806+0530] {ssh.py:151} INFO - Creating ssh_client
[2026-03-23T21:48:22.807+0530] {ssh.py:124} INFO - ssh_hook is not provided or invalid. Trying ssh_conn_id to create SSHHook.
[2026-03-23T21:48:22.821+0530] {base.py:83} INFO - Using connection ID 'worker1' for task execution.
[2026-03-23T21:48:22.829+0530] {ssh.py:301} WARNING - No Host Key Verification. This won't protect against Man-In-The-Middle attacks
[2026-03-23T21:48:22.880+0530] {transport.py:1909} INFO - Connected (version 2.0, client OpenSSH_8.9p1)
[2026-03-23T21:48:23.097+0530] {transport.py:1909} INFO - Authentication (publickey) successful!
[2026-03-23T21:48:23.098+0530] {ssh.py:480} INFO - Running command: 
for i in $(seq 1 15); do
  if docker ps -q -f name=nfs_server -f status=running | grep -q .; then
    echo "NFS server container is running (attempt $i)"
    if ss -tln | grep -q ':2049'; then
      echo "NFS port 2049 is listening - server is ready!"
      exit 0
    fi
  fi
  echo "Waiting for NFS server... (attempt $i/15)"
  sleep 2
done
echo "ERROR: NFS server failed to start. Logs:"
docker logs nfs_server 2>&1
exit 1
        
[2026-03-23T21:48:23.476+0530] {ssh.py:526} INFO - Waiting for NFS server... (attempt 1/15)
[2026-03-23T21:48:25.511+0530] {ssh.py:526} INFO - Waiting for NFS server... (attempt 2/15)
[2026-03-23T21:48:27.583+0530] {ssh.py:526} INFO - Waiting for NFS server... (attempt 3/15)
[2026-03-23T21:48:29.616+0530] {ssh.py:526} INFO - Waiting for NFS server... (attempt 4/15)
[2026-03-23T21:48:31.679+0530] {ssh.py:526} INFO - Waiting for NFS server... (attempt 5/15)
[2026-03-23T21:48:33.712+0530] {ssh.py:526} INFO - Waiting for NFS server... (attempt 6/15)
[2026-03-23T21:48:35.856+0530] {ssh.py:526} INFO - Waiting for NFS server... (attempt 7/15)
[2026-03-23T21:48:37.909+0530] {ssh.py:526} INFO - Waiting for NFS server... (attempt 8/15)
[2026-03-23T21:48:40.242+0530] {ssh.py:526} INFO - Waiting for NFS server... (attempt 9/15)
[2026-03-23T21:48:42.331+0530] {ssh.py:526} INFO - Waiting for NFS server... (attempt 10/15)
[2026-03-23T21:48:44.382+0530] {ssh.py:526} INFO - Waiting for NFS server... (attempt 11/15)
[2026-03-23T21:48:46.418+0530] {ssh.py:526} INFO - Waiting for NFS server... (attempt 12/15)
[2026-03-23T21:48:48.741+0530] {ssh.py:526} INFO - Waiting for NFS server... (attempt 13/15)
[2026-03-23T21:48:50.779+0530] {ssh.py:526} INFO - Waiting for NFS server... (attempt 14/15)
[2026-03-23T21:48:52.813+0530] {ssh.py:526} INFO - Waiting for NFS server... (attempt 15/15)
[2026-03-23T21:48:54.853+0530] {ssh.py:526} INFO - ERROR: NFS server failed to start. Logs:
[2026-03-23T21:48:55.179+0530] {ssh.py:526} INFO - ==================================================================
[2026-03-23T21:48:55.179+0530] {ssh.py:526} INFO -       SETTING UP ...
[2026-03-23T21:48:55.180+0530] {ssh.py:526} INFO - ==================================================================
[2026-03-23T21:48:55.180+0530] {ssh.py:526} INFO - ----> building /etc/exports from environment variables
[2026-03-23T21:48:55.180+0530] {ssh.py:526} INFO - ----> collected 1 valid export(s) from NFS_EXPORT_* environment variables
[2026-03-23T21:48:55.180+0530] {ssh.py:526} INFO - ----> kernel module nfs is missing
[2026-03-23T21:48:55.180+0530] {ssh.py:526} INFO - ----> 
[2026-03-23T21:48:55.181+0530] {ssh.py:526} INFO - ----> ERROR: nfs module is not loaded in the Docker host's kernel (try: modprobe nfs)
[2026-03-23T21:48:55.181+0530] {ssh.py:526} INFO - ----> 
[2026-03-23T21:48:55.251+0530] {taskinstance.py:2728} ERROR - Task failed with exception
Traceback (most recent call last):
  File "/home/tejasvi/Desktop/airflow_ssh_simulation/venv/lib/python3.10/site-packages/airflow/models/taskinstance.py", line 444, in _execute_task
    result = _execute_callable(context=context, **execute_callable_kwargs)
  File "/home/tejasvi/Desktop/airflow_ssh_simulation/venv/lib/python3.10/site-packages/airflow/models/taskinstance.py", line 414, in _execute_callable
    return execute_callable(context=context, **execute_callable_kwargs)
  File "/home/tejasvi/Desktop/airflow_ssh_simulation/venv/lib/python3.10/site-packages/airflow/providers/ssh/operators/ssh.py", line 191, in execute
    result = self.run_ssh_client_command(ssh_client, self.command, context=context)
  File "/home/tejasvi/Desktop/airflow_ssh_simulation/venv/lib/python3.10/site-packages/airflow/providers/ssh/operators/ssh.py", line 179, in run_ssh_client_command
    self.raise_for_status(exit_status, agg_stderr, context=context)
  File "/home/tejasvi/Desktop/airflow_ssh_simulation/venv/lib/python3.10/site-packages/airflow/providers/ssh/operators/ssh.py", line 173, in raise_for_status
    raise AirflowException(f"SSH operator error: exit status = {exit_status}")
airflow.exceptions.AirflowException: SSH operator error: exit status = 1
[2026-03-23T21:48:55.263+0530] {taskinstance.py:1149} INFO - Marking task as UP_FOR_RETRY. dag_id=nfs_dynamic_roles_deployment_error_injected_create_client_volume, task_id=wait_for_server_boot, execution_date=20260323T161745, start_date=20260323T161822, end_date=20260323T161855
[2026-03-23T21:48:55.324+0530] {standard_task_runner.py:107} ERROR - Failed to execute job 179 for task wait_for_server_boot (SSH operator error: exit status = 1; 137858)
[2026-03-23T21:48:55.356+0530] {local_task_job_runner.py:234} INFO - Task exited with return code 1
[2026-03-23T21:48:55.412+0530] {taskinstance.py:3309} INFO - 0 downstream tasks scheduled from follow-on schedule check
