[2026-03-23T22:00:06.976+0530] {taskinstance.py:1979} INFO - Dependencies all met for dep_context=non-requeueable deps ti=<TaskInstance: nfs_dynamic_roles_deployment_error_injected_deploy_server.deploy_server manual__2026-03-23T16:29:53.070470+00:00 [queued]>
[2026-03-23T22:00:06.982+0530] {taskinstance.py:1979} INFO - Dependencies all met for dep_context=requeueable deps ti=<TaskInstance: nfs_dynamic_roles_deployment_error_injected_deploy_server.deploy_server manual__2026-03-23T16:29:53.070470+00:00 [queued]>
[2026-03-23T22:00:06.982+0530] {taskinstance.py:2193} INFO - Starting attempt 1 of 2
[2026-03-23T22:00:07.068+0530] {taskinstance.py:2214} INFO - Executing <Task(DynamicSSHOperator): deploy_server> on 2026-03-23 16:29:53.070470+00:00
[2026-03-23T22:00:07.077+0530] {standard_task_runner.py:60} INFO - Started process 145325 to run task
[2026-03-23T22:00:07.085+0530] {standard_task_runner.py:87} INFO - Running: ['airflow', 'tasks', 'run', 'nfs_dynamic_roles_deployment_error_injected_deploy_server', 'deploy_server', 'manual__2026-03-23T16:29:53.070470+00:00', '--job-id', '183', '--raw', '--subdir', 'DAGS_FOLDER/nfs_dynamic_roles_deployment_error_injected_deploy_server.py', '--cfg-path', '/tmp/tmpm7ok06eo']
[2026-03-23T22:00:07.086+0530] {standard_task_runner.py:88} INFO - Job 183: Subtask deploy_server
[2026-03-23T22:00:07.205+0530] {task_command.py:423} INFO - Running <TaskInstance: nfs_dynamic_roles_deployment_error_injected_deploy_server.deploy_server manual__2026-03-23T16:29:53.070470+00:00 [running]> on host tejasvi-Vostro-15-3515
[2026-03-23T22:00:07.420+0530] {taskinstance.py:2510} INFO - Exporting env vars: AIRFLOW_CTX_DAG_OWNER='airflow' AIRFLOW_CTX_DAG_ID='nfs_dynamic_roles_deployment_error_injected_deploy_server' AIRFLOW_CTX_TASK_ID='deploy_server' AIRFLOW_CTX_EXECUTION_DATE='2026-03-23T16:29:53.070470+00:00' AIRFLOW_CTX_TRY_NUMBER='1' AIRFLOW_CTX_DAG_RUN_ID='manual__2026-03-23T16:29:53.070470+00:00'
[2026-03-23T22:00:07.422+0530] {ssh.py:151} INFO - Creating ssh_client
[2026-03-23T22:00:07.423+0530] {ssh.py:124} INFO - ssh_hook is not provided or invalid. Trying ssh_conn_id to create SSHHook.
[2026-03-23T22:00:07.437+0530] {base.py:83} INFO - Using connection ID 'worker1' for task execution.
[2026-03-23T22:00:07.441+0530] {ssh.py:301} WARNING - No Host Key Verification. This won't protect against Man-In-The-Middle attacks
[2026-03-23T22:00:07.463+0530] {transport.py:1909} INFO - Connected (version 2.0, client OpenSSH_8.9p1)
[2026-03-23T22:00:07.684+0530] {transport.py:1909} INFO - Authentication (publickey) successful!
[2026-03-23T22:00:07.685+0530] {ssh.py:480} INFO - Running command: 
docker rm -f nfs_server || true
docker run -d \
--name nfs_server \
--privileged \
--network host \
-v /tmp/nfs-server-data:/data \
-e NFS_EXPORT_0='/data *(rw,sync,no_subtree_check,no_root_squash)' \
erichough/nfs-server
echo "INJECTED_ERROR: forcing failure in deploy_server" >&2
exit 45
        
[2026-03-23T22:00:08.176+0530] {ssh.py:526} INFO - nfs_server
[2026-03-23T22:00:08.701+0530] {ssh.py:526} INFO - 9640e2c23c6e9c8fe6f2f999a630f2f2e346be3d383f3a6a398ccc0371dc11d6
[2026-03-23T22:00:09.960+0530] {ssh.py:531} WARNING - INJECTED_ERROR: forcing failure in deploy_server
[2026-03-23T22:00:10.027+0530] {taskinstance.py:2728} ERROR - Task failed with exception
Traceback (most recent call last):
  File "/home/tejasvi/Desktop/airflow_ssh_simulation/venv/lib/python3.10/site-packages/airflow/models/taskinstance.py", line 444, in _execute_task
    result = _execute_callable(context=context, **execute_callable_kwargs)
  File "/home/tejasvi/Desktop/airflow_ssh_simulation/venv/lib/python3.10/site-packages/airflow/models/taskinstance.py", line 414, in _execute_callable
    return execute_callable(context=context, **execute_callable_kwargs)
  File "/home/tejasvi/Desktop/airflow_ssh_simulation/venv/lib/python3.10/site-packages/airflow/providers/ssh/operators/ssh.py", line 191, in execute
    result = self.run_ssh_client_command(ssh_client, self.command, context=context)
  File "/home/tejasvi/Desktop/airflow_ssh_simulation/venv/lib/python3.10/site-packages/airflow/providers/ssh/operators/ssh.py", line 179, in run_ssh_client_command
    self.raise_for_status(exit_status, agg_stderr, context=context)
  File "/home/tejasvi/Desktop/airflow_ssh_simulation/venv/lib/python3.10/site-packages/airflow/providers/ssh/operators/ssh.py", line 173, in raise_for_status
    raise AirflowException(f"SSH operator error: exit status = {exit_status}")
airflow.exceptions.AirflowException: SSH operator error: exit status = 45
[2026-03-23T22:00:10.035+0530] {taskinstance.py:1149} INFO - Marking task as UP_FOR_RETRY. dag_id=nfs_dynamic_roles_deployment_error_injected_deploy_server, task_id=deploy_server, execution_date=20260323T162953, start_date=20260323T163006, end_date=20260323T163010
[2026-03-23T22:00:10.099+0530] {standard_task_runner.py:107} ERROR - Failed to execute job 183 for task deploy_server (SSH operator error: exit status = 45; 145325)
[2026-03-23T22:00:10.145+0530] {local_task_job_runner.py:234} INFO - Task exited with return code 1
[2026-03-23T22:00:10.171+0530] {taskinstance.py:3309} INFO - 0 downstream tasks scheduled from follow-on schedule check
