[2026-05-18T17:26:13.925+0000] {local_task_job_runner.py:120} INFO - ::group::Pre task execution logs
[2026-05-18T17:26:13.940+0000] {taskinstance.py:2076} INFO - Dependencies all met for dep_context=non-requeueable deps ti=<TaskInstance: OS_error_03_iso_download_404.download_os_image manual__2026-05-18T17:25:48.905931 [queued]>
[2026-05-18T17:26:13.947+0000] {taskinstance.py:2076} INFO - Dependencies all met for dep_context=requeueable deps ti=<TaskInstance: OS_error_03_iso_download_404.download_os_image manual__2026-05-18T17:25:48.905931 [queued]>
[2026-05-18T17:26:13.947+0000] {taskinstance.py:2306} INFO - Starting attempt 1 of 1
[2026-05-18T17:26:13.960+0000] {taskinstance.py:2330} INFO - Executing <Task(DynamicSSHOperator): download_os_image> on 2026-05-18 17:25:49.471934+00:00
[2026-05-18T17:26:13.966+0000] {warnings.py:110} WARNING - /home/***/.local/lib/python3.12/site-packages/***/task/task_runner/standard_task_runner.py:61: DeprecationWarning: This process (pid=2587) is multi-threaded, use of fork() may lead to deadlocks in the child.
  pid = os.fork()

[2026-05-18T17:26:13.968+0000] {standard_task_runner.py:63} INFO - Started process 2589 to run task
[2026-05-18T17:26:13.968+0000] {standard_task_runner.py:90} INFO - Running: ['***', 'tasks', 'run', 'OS_error_03_iso_download_404', 'download_os_image', 'manual__2026-05-18T17:25:48.905931', '--job-id', '858', '--raw', '--subdir', 'DAGS_FOLDER/OS_installation_errors.py', '--cfg-path', '/tmp/tmp1yqaqbl8']
[2026-05-18T17:26:13.970+0000] {standard_task_runner.py:91} INFO - Job 858: Subtask download_os_image
[2026-05-18T17:26:14.026+0000] {task_command.py:426} INFO - Running <TaskInstance: OS_error_03_iso_download_404.download_os_image manual__2026-05-18T17:25:48.905931 [running]> on host ae79589fcbfe
[2026-05-18T17:26:14.107+0000] {taskinstance.py:2648} INFO - Exporting env vars: AIRFLOW_CTX_DAG_OWNER='infra-team' AIRFLOW_CTX_DAG_ID='OS_error_03_iso_download_404' AIRFLOW_CTX_TASK_ID='download_os_image' AIRFLOW_CTX_EXECUTION_DATE='2026-05-18T17:25:49.471934+00:00' AIRFLOW_CTX_TRY_NUMBER='1' AIRFLOW_CTX_DAG_RUN_ID='manual__2026-05-18T17:25:48.905931'
[2026-05-18T17:26:14.109+0000] {taskinstance.py:430} INFO - ::endgroup::
[2026-05-18T17:26:14.110+0000] {ssh.py:151} INFO - Creating ssh_client
[2026-05-18T17:26:14.110+0000] {ssh.py:124} INFO - ssh_hook is not provided or invalid. Trying ssh_conn_id to create SSHHook.
[2026-05-18T17:26:14.117+0000] {base.py:84} INFO - Using connection ID 'worker_node_192_168_0_27' for task execution.
[2026-05-18T17:26:14.118+0000] {ssh.py:301} WARNING - No Host Key Verification. This won't protect against Man-In-The-Middle attacks
[2026-05-18T17:26:14.198+0000] {transport.py:1909} INFO - Connected (version 2.0, client OpenSSH_8.9p1)
[2026-05-18T17:26:14.430+0000] {transport.py:1909} INFO - Authentication (password) successful!
[2026-05-18T17:26:14.432+0000] {ssh.py:480} INFO - Running command: set -e; echo '[INFO] Downloading from invalid URL...'; wget -q -O /tmp/alpine-virt.iso https://dl-cdn.alpinelinux.org/invalid_path/alpine.iso
[2026-05-18T17:26:14.601+0000] {ssh.py:526} INFO - [INFO] Downloading from invalid URL...
[2026-05-18T17:26:15.015+0000] {taskinstance.py:441} INFO - ::group::Post task execution logs
[2026-05-18T17:26:15.029+0000] {taskinstance.py:2905} ERROR - Task failed with exception
Traceback (most recent call last):
  File "/home/airflow/.local/lib/python3.12/site-packages/airflow/models/taskinstance.py", line 460, in _execute_task
    result = _execute_callable(context=context, **execute_callable_kwargs)
             ^^^^^^^^^^^^^^^^^^^^^^^^^^^^^^^^^^^^^^^^^^^^^^^^^^^^^^^^^^^^^
  File "/home/airflow/.local/lib/python3.12/site-packages/airflow/models/taskinstance.py", line 432, in _execute_callable
    return execute_callable(context=context, **execute_callable_kwargs)
           ^^^^^^^^^^^^^^^^^^^^^^^^^^^^^^^^^^^^^^^^^^^^^^^^^^^^^^^^^^^^
  File "/home/airflow/.local/lib/python3.12/site-packages/airflow/models/baseoperator.py", line 400, in wrapper
    return func(self, *args, **kwargs)
           ^^^^^^^^^^^^^^^^^^^^^^^^^^^
  File "/home/airflow/.local/lib/python3.12/site-packages/airflow/providers/ssh/operators/ssh.py", line 191, in execute
    result = self.run_ssh_client_command(ssh_client, self.command, context=context)
             ^^^^^^^^^^^^^^^^^^^^^^^^^^^^^^^^^^^^^^^^^^^^^^^^^^^^^^^^^^^^^^^^^^^^^^
  File "/home/airflow/.local/lib/python3.12/site-packages/airflow/providers/ssh/operators/ssh.py", line 179, in run_ssh_client_command
    self.raise_for_status(exit_status, agg_stderr, context=context)
  File "/home/airflow/.local/lib/python3.12/site-packages/airflow/providers/ssh/operators/ssh.py", line 173, in raise_for_status
    raise AirflowException(f"SSH operator error: exit status = {exit_status}")
airflow.exceptions.AirflowException: SSH operator error: exit status = 8
[2026-05-18T17:26:15.035+0000] {taskinstance.py:1206} INFO - Marking task as FAILED. dag_id=OS_error_03_iso_download_404, task_id=download_os_image, run_id=manual__2026-05-18T17:25:48.905931, execution_date=20260518T172549, start_date=20260518T172613, end_date=20260518T172615
[2026-05-18T17:26:15.058+0000] {standard_task_runner.py:110} ERROR - Failed to execute job 858 for task download_os_image (SSH operator error: exit status = 8; 2589)
[2026-05-18T17:26:15.066+0000] {local_task_job_runner.py:240} INFO - Task exited with return code 1
[2026-05-18T17:26:15.087+0000] {taskinstance.py:3498} INFO - 0 downstream tasks scheduled from follow-on schedule check
[2026-05-18T17:26:15.092+0000] {local_task_job_runner.py:222} INFO - ::endgroup::
