[2026-05-18T17:28:04.298+0000] {local_task_job_runner.py:120} INFO - ::group::Pre task execution logs
[2026-05-18T17:28:04.311+0000] {taskinstance.py:2076} INFO - Dependencies all met for dep_context=non-requeueable deps ti=<TaskInstance: OS_error_06_virt_install_missing_iso.provision_target_vm manual__2026-05-18T17:27:41.687953 [queued]>
[2026-05-18T17:28:04.318+0000] {taskinstance.py:2076} INFO - Dependencies all met for dep_context=requeueable deps ti=<TaskInstance: OS_error_06_virt_install_missing_iso.provision_target_vm manual__2026-05-18T17:27:41.687953 [queued]>
[2026-05-18T17:28:04.319+0000] {taskinstance.py:2306} INFO - Starting attempt 1 of 1
[2026-05-18T17:28:04.330+0000] {taskinstance.py:2330} INFO - Executing <Task(DynamicSSHOperator): provision_target_vm> on 2026-05-18 17:27:42.426732+00:00
[2026-05-18T17:28:04.335+0000] {warnings.py:110} WARNING - /home/***/.local/lib/python3.12/site-packages/***/task/task_runner/standard_task_runner.py:61: DeprecationWarning: This process (pid=2697) is multi-threaded, use of fork() may lead to deadlocks in the child.
  pid = os.fork()

[2026-05-18T17:28:04.337+0000] {standard_task_runner.py:63} INFO - Started process 2699 to run task
[2026-05-18T17:28:04.337+0000] {standard_task_runner.py:90} INFO - Running: ['***', 'tasks', 'run', 'OS_error_06_virt_install_missing_iso', 'provision_target_vm', 'manual__2026-05-18T17:27:41.687953', '--job-id', '878', '--raw', '--subdir', 'DAGS_FOLDER/OS_installation_errors.py', '--cfg-path', '/tmp/tmpc1egiwex']
[2026-05-18T17:28:04.339+0000] {standard_task_runner.py:91} INFO - Job 878: Subtask provision_target_vm
[2026-05-18T17:28:04.397+0000] {task_command.py:426} INFO - Running <TaskInstance: OS_error_06_virt_install_missing_iso.provision_target_vm manual__2026-05-18T17:27:41.687953 [running]> on host ae79589fcbfe
[2026-05-18T17:28:04.477+0000] {taskinstance.py:2648} INFO - Exporting env vars: AIRFLOW_CTX_DAG_OWNER='infra-team' AIRFLOW_CTX_DAG_ID='OS_error_06_virt_install_missing_iso' AIRFLOW_CTX_TASK_ID='provision_target_vm' AIRFLOW_CTX_EXECUTION_DATE='2026-05-18T17:27:42.426732+00:00' AIRFLOW_CTX_TRY_NUMBER='1' AIRFLOW_CTX_DAG_RUN_ID='manual__2026-05-18T17:27:41.687953'
[2026-05-18T17:28:04.479+0000] {taskinstance.py:430} INFO - ::endgroup::
[2026-05-18T17:28:04.482+0000] {ssh.py:151} INFO - Creating ssh_client
[2026-05-18T17:28:04.482+0000] {ssh.py:124} INFO - ssh_hook is not provided or invalid. Trying ssh_conn_id to create SSHHook.
[2026-05-18T17:28:04.489+0000] {base.py:84} INFO - Using connection ID 'worker_node_192_168_0_27' for task execution.
[2026-05-18T17:28:04.490+0000] {ssh.py:301} WARNING - No Host Key Verification. This won't protect against Man-In-The-Middle attacks
[2026-05-18T17:28:04.518+0000] {transport.py:1909} INFO - Connected (version 2.0, client OpenSSH_8.9p1)
[2026-05-18T17:28:04.613+0000] {transport.py:1909} INFO - Authentication (password) successful!
[2026-05-18T17:28:04.614+0000] {ssh.py:480} INFO - Running command: set -e; echo '[BUILD] Provisioning with missing ISO...'; sudo virt-install --name ilo-sim-vm --memory 1024 --vcpus 1 --disk size=2,format=qcow2,bus=virtio --cdrom /tmp/missing-alpine-virt.iso --os-variant alpinelinux3.18 --network default --graphics vnc --noautoconsole
[2026-05-18T17:28:04.767+0000] {ssh.py:526} INFO - [BUILD] Provisioning with missing ISO...
[2026-05-18T17:28:05.455+0000] {ssh.py:526} INFO - ERROR    Validating install media '/tmp/missing-alpine-virt.iso' failed: Must specify storage creation parameters for non-existent path '/tmp/missing-alpine-virt.iso'.
[2026-05-18T17:28:05.563+0000] {taskinstance.py:441} INFO - ::group::Post task execution logs
[2026-05-18T17:28:05.577+0000] {taskinstance.py:2905} ERROR - Task failed with exception
Traceback (most recent call last):
  File "/home/airflow/.local/lib/python3.12/site-packages/airflow/models/taskinstance.py", line 460, in _execute_task
    result = _execute_callable(context=context, **execute_callable_kwargs)
             ^^^^^^^^^^^^^^^^^^^^^^^^^^^^^^^^^^^^^^^^^^^^^^^^^^^^^^^^^^^^^
  File "/home/airflow/.local/lib/python3.12/site-packages/airflow/models/taskinstance.py", line 432, in _execute_callable
    return execute_callable(context=context, **execute_callable_kwargs)
           ^^^^^^^^^^^^^^^^^^^^^^^^^^^^^^^^^^^^^^^^^^^^^^^^^^^^^^^^^^^^
  File "/home/airflow/.local/lib/python3.12/site-packages/airflow/models/baseoperator.py", line 400, in wrapper
    return func(self, *args, **kwargs)
           ^^^^^^^^^^^^^^^^^^^^^^^^^^^
  File "/home/airflow/.local/lib/python3.12/site-packages/airflow/providers/ssh/operators/ssh.py", line 191, in execute
    result = self.run_ssh_client_command(ssh_client, self.command, context=context)
             ^^^^^^^^^^^^^^^^^^^^^^^^^^^^^^^^^^^^^^^^^^^^^^^^^^^^^^^^^^^^^^^^^^^^^^
  File "/home/airflow/.local/lib/python3.12/site-packages/airflow/providers/ssh/operators/ssh.py", line 179, in run_ssh_client_command
    self.raise_for_status(exit_status, agg_stderr, context=context)
  File "/home/airflow/.local/lib/python3.12/site-packages/airflow/providers/ssh/operators/ssh.py", line 173, in raise_for_status
    raise AirflowException(f"SSH operator error: exit status = {exit_status}")
airflow.exceptions.AirflowException: SSH operator error: exit status = 1
[2026-05-18T17:28:05.584+0000] {taskinstance.py:1206} INFO - Marking task as FAILED. dag_id=OS_error_06_virt_install_missing_iso, task_id=provision_target_vm, run_id=manual__2026-05-18T17:27:41.687953, execution_date=20260518T172742, start_date=20260518T172804, end_date=20260518T172805
[2026-05-18T17:28:05.607+0000] {standard_task_runner.py:110} ERROR - Failed to execute job 878 for task provision_target_vm (SSH operator error: exit status = 1; 2699)
[2026-05-18T17:28:05.636+0000] {local_task_job_runner.py:240} INFO - Task exited with return code 1
[2026-05-18T17:28:05.669+0000] {taskinstance.py:3498} INFO - 0 downstream tasks scheduled from follow-on schedule check
[2026-05-18T17:28:05.678+0000] {local_task_job_runner.py:222} INFO - ::endgroup::
