[2026-03-18T12:43:47.353+0000] {local_task_job_runner.py:120} INFO - ::group::Pre task execution logs
[2026-03-18T12:43:47.419+0000] {taskinstance.py:2076} INFO - Dependencies all met for dep_context=non-requeueable deps ti=<TaskInstance: deployment_workflow.prepare_nfs_share manual__2026-03-18T12:42:53.528791 map_index=0 [queued]>
[2026-03-18T12:43:47.443+0000] {taskinstance.py:2076} INFO - Dependencies all met for dep_context=requeueable deps ti=<TaskInstance: deployment_workflow.prepare_nfs_share manual__2026-03-18T12:42:53.528791 map_index=0 [queued]>
[2026-03-18T12:43:47.449+0000] {taskinstance.py:2306} INFO - Starting attempt 1 of 1
[2026-03-18T12:43:47.478+0000] {taskinstance.py:2330} INFO - Executing <Mapped(SSHOperator): prepare_nfs_share> on 2026-03-18 12:42:55.045696+00:00
[2026-03-18T12:43:47.490+0000] {warnings.py:110} WARNING - /home/***/.local/lib/python3.12/site-packages/***/task/task_runner/standard_task_runner.py:61: DeprecationWarning: This process (pid=282) is multi-threaded, use of fork() may lead to deadlocks in the child.
  pid = os.fork()

[2026-03-18T12:43:47.492+0000] {standard_task_runner.py:63} INFO - Started process 284 to run task
[2026-03-18T12:43:47.493+0000] {standard_task_runner.py:90} INFO - Running: ['***', 'tasks', 'run', 'deployment_workflow', 'prepare_nfs_share', 'manual__2026-03-18T12:42:53.528791', '--job-id', '234', '--raw', '--subdir', 'DAGS_FOLDER/deployment_workflow.py', '--cfg-path', '/tmp/tmpyl3w9dae', '--map-index', '0']
[2026-03-18T12:43:47.497+0000] {standard_task_runner.py:91} INFO - Job 234: Subtask prepare_nfs_share
[2026-03-18T12:43:47.589+0000] {task_command.py:426} INFO - Running <TaskInstance: deployment_workflow.prepare_nfs_share manual__2026-03-18T12:42:53.528791 map_index=0 [running]> on host 7ee527dcce31
[2026-03-18T12:43:47.839+0000] {taskinstance.py:2648} INFO - Exporting env vars: AIRFLOW_CTX_DAG_OWNER='***' AIRFLOW_CTX_DAG_ID='deployment_workflow' AIRFLOW_CTX_TASK_ID='prepare_nfs_share' AIRFLOW_CTX_EXECUTION_DATE='2026-03-18T12:42:55.045696+00:00' AIRFLOW_CTX_TRY_NUMBER='1' AIRFLOW_CTX_DAG_RUN_ID='manual__2026-03-18T12:42:53.528791'
[2026-03-18T12:43:47.864+0000] {taskinstance.py:430} INFO - ::endgroup::
[2026-03-18T12:43:47.869+0000] {ssh.py:151} INFO - Creating ssh_client
[2026-03-18T12:43:47.873+0000] {ssh.py:124} INFO - ssh_hook is not provided or invalid. Trying ssh_conn_id to create SSHHook.
[2026-03-18T12:43:47.906+0000] {base.py:84} INFO - Using connection ID 'worker_node_192_168_1_2' for task execution.
[2026-03-18T12:43:47.915+0000] {ssh.py:301} WARNING - No Host Key Verification. This won't protect against Man-In-The-Middle attacks
[2026-03-18T12:43:47.987+0000] {transport.py:1909} INFO - Connected (version 2.0, client OpenSSH_8.9p1)
[2026-03-18T12:43:48.135+0000] {transport.py:1909} INFO - Authentication (password) successful!
[2026-03-18T12:43:48.141+0000] {ssh.py:480} INFO - Running command: set -e; sudo mkdir -p /srv/nfs/share; sudo chown nobody:nogroup /srv/nfs/share; sudo chmod 0777 /srv/nfs/share; ls -ld /srv/nfs/share
[2026-03-18T12:43:48.506+0000] {ssh.py:526} INFO - drwxrwxrwx 2 nobody nogroup 4096 Mar 16 16:08 /srv/nfs/share
[2026-03-18T12:43:48.551+0000] {taskinstance.py:441} INFO - ::group::Post task execution logs
[2026-03-18T12:43:48.592+0000] {taskinstance.py:1206} INFO - Marking task as SUCCESS. dag_id=deployment_workflow, task_id=prepare_nfs_share, run_id=manual__2026-03-18T12:42:53.528791, map_index=0, execution_date=20260318T124255, start_date=20260318T124347, end_date=20260318T124348
[2026-03-18T12:43:48.676+0000] {local_task_job_runner.py:240} INFO - Task exited with return code 0
[2026-03-18T12:43:48.783+0000] {taskinstance.py:3498} INFO - 1 downstream tasks scheduled from follow-on schedule check
[2026-03-18T12:43:48.789+0000] {local_task_job_runner.py:222} INFO - ::endgroup::
