[2026-03-17T22:31:20.736+0530] {processor.py:161} INFO - Started process (PID=156520) to work on /home/tejasvi/Desktop/airflow_ssh_simulation/dags/distributed_minio_deployment.py
[2026-03-17T22:31:20.738+0530] {processor.py:830} INFO - Processing file /home/tejasvi/Desktop/airflow_ssh_simulation/dags/distributed_minio_deployment.py for tasks to queue
[2026-03-17T22:31:20.741+0530] {logging_mixin.py:188} INFO - [2026-03-17T22:31:20.740+0530] {dagbag.py:540} INFO - Filling up the DagBag from /home/tejasvi/Desktop/airflow_ssh_simulation/dags/distributed_minio_deployment.py
[2026-03-17T22:31:20.869+0530] {processor.py:840} INFO - DAG(s) 'distributed_minio_deployment' retrieved from /home/tejasvi/Desktop/airflow_ssh_simulation/dags/distributed_minio_deployment.py
[2026-03-17T22:31:20.984+0530] {logging_mixin.py:188} INFO - [2026-03-17T22:31:20.984+0530] {override.py:1769} INFO - Created Permission View: can read on DAG:distributed_minio_deployment
[2026-03-17T22:31:21.012+0530] {logging_mixin.py:188} INFO - [2026-03-17T22:31:21.012+0530] {override.py:1769} INFO - Created Permission View: can delete on DAG:distributed_minio_deployment
[2026-03-17T22:31:21.033+0530] {logging_mixin.py:188} INFO - [2026-03-17T22:31:21.032+0530] {override.py:1769} INFO - Created Permission View: can edit on DAG:distributed_minio_deployment
[2026-03-17T22:31:21.034+0530] {logging_mixin.py:188} INFO - [2026-03-17T22:31:21.033+0530] {dag.py:3047} INFO - Sync 1 DAGs
[2026-03-17T22:31:21.054+0530] {logging_mixin.py:188} INFO - [2026-03-17T22:31:21.053+0530] {dag.py:3069} INFO - Creating ORM DAG for distributed_minio_deployment
[2026-03-17T22:31:21.055+0530] {logging_mixin.py:188} INFO - [2026-03-17T22:31:21.054+0530] {dag.py:3834} INFO - Setting next_dagrun for distributed_minio_deployment to None, run_after=None
[2026-03-17T22:31:21.093+0530] {processor.py:183} INFO - Processing /home/tejasvi/Desktop/airflow_ssh_simulation/dags/distributed_minio_deployment.py took 0.363 seconds
[2026-03-17T22:32:33.717+0530] {processor.py:161} INFO - Started process (PID=156632) to work on /home/tejasvi/Desktop/airflow_ssh_simulation/dags/distributed_minio_deployment.py
[2026-03-17T22:32:33.719+0530] {processor.py:830} INFO - Processing file /home/tejasvi/Desktop/airflow_ssh_simulation/dags/distributed_minio_deployment.py for tasks to queue
[2026-03-17T22:32:33.724+0530] {logging_mixin.py:188} INFO - [2026-03-17T22:32:33.722+0530] {dagbag.py:540} INFO - Filling up the DagBag from /home/tejasvi/Desktop/airflow_ssh_simulation/dags/distributed_minio_deployment.py
[2026-03-17T22:32:33.733+0530] {processor.py:840} INFO - DAG(s) 'distributed_minio_deployment' retrieved from /home/tejasvi/Desktop/airflow_ssh_simulation/dags/distributed_minio_deployment.py
[2026-03-17T22:32:33.751+0530] {logging_mixin.py:188} INFO - [2026-03-17T22:32:33.750+0530] {dag.py:3047} INFO - Sync 1 DAGs
[2026-03-17T22:32:33.764+0530] {logging_mixin.py:188} INFO - [2026-03-17T22:32:33.763+0530] {dag.py:3834} INFO - Setting next_dagrun for distributed_minio_deployment to None, run_after=None
[2026-03-17T22:32:33.800+0530] {processor.py:183} INFO - Processing /home/tejasvi/Desktop/airflow_ssh_simulation/dags/distributed_minio_deployment.py took 0.091 seconds
[2026-03-17T22:34:05.697+0530] {processor.py:161} INFO - Started process (PID=156812) to work on /home/tejasvi/Desktop/airflow_ssh_simulation/dags/distributed_minio_deployment.py
[2026-03-17T22:34:05.797+0530] {processor.py:830} INFO - Processing file /home/tejasvi/Desktop/airflow_ssh_simulation/dags/distributed_minio_deployment.py for tasks to queue
[2026-03-17T22:34:05.801+0530] {logging_mixin.py:188} INFO - [2026-03-17T22:34:05.800+0530] {dagbag.py:540} INFO - Filling up the DagBag from /home/tejasvi/Desktop/airflow_ssh_simulation/dags/distributed_minio_deployment.py
[2026-03-17T22:34:05.817+0530] {processor.py:840} INFO - DAG(s) 'distributed_minio_deployment' retrieved from /home/tejasvi/Desktop/airflow_ssh_simulation/dags/distributed_minio_deployment.py
[2026-03-17T22:34:05.849+0530] {logging_mixin.py:188} INFO - [2026-03-17T22:34:05.848+0530] {dag.py:3047} INFO - Sync 1 DAGs
[2026-03-17T22:34:05.861+0530] {logging_mixin.py:188} INFO - [2026-03-17T22:34:05.861+0530] {dag.py:3834} INFO - Setting next_dagrun for distributed_minio_deployment to None, run_after=None
[2026-03-17T22:34:05.956+0530] {processor.py:183} INFO - Processing /home/tejasvi/Desktop/airflow_ssh_simulation/dags/distributed_minio_deployment.py took 0.265 seconds
[2026-03-17T22:35:39.304+0530] {processor.py:161} INFO - Started process (PID=158133) to work on /home/tejasvi/Desktop/airflow_ssh_simulation/dags/distributed_minio_deployment.py
[2026-03-17T22:35:39.334+0530] {processor.py:830} INFO - Processing file /home/tejasvi/Desktop/airflow_ssh_simulation/dags/distributed_minio_deployment.py for tasks to queue
[2026-03-17T22:35:39.337+0530] {logging_mixin.py:188} INFO - [2026-03-17T22:35:39.336+0530] {dagbag.py:540} INFO - Filling up the DagBag from /home/tejasvi/Desktop/airflow_ssh_simulation/dags/distributed_minio_deployment.py
[2026-03-17T22:35:39.345+0530] {processor.py:840} INFO - DAG(s) 'distributed_minio_deployment' retrieved from /home/tejasvi/Desktop/airflow_ssh_simulation/dags/distributed_minio_deployment.py
[2026-03-17T22:35:39.362+0530] {logging_mixin.py:188} INFO - [2026-03-17T22:35:39.362+0530] {dag.py:3047} INFO - Sync 1 DAGs
[2026-03-17T22:35:39.374+0530] {logging_mixin.py:188} INFO - [2026-03-17T22:35:39.374+0530] {dag.py:3834} INFO - Setting next_dagrun for distributed_minio_deployment to None, run_after=None
[2026-03-17T22:35:39.533+0530] {processor.py:183} INFO - Processing /home/tejasvi/Desktop/airflow_ssh_simulation/dags/distributed_minio_deployment.py took 0.236 seconds
[2026-03-17T22:36:39.759+0530] {processor.py:161} INFO - Started process (PID=158259) to work on /home/tejasvi/Desktop/airflow_ssh_simulation/dags/distributed_minio_deployment.py
[2026-03-17T22:36:39.814+0530] {processor.py:830} INFO - Processing file /home/tejasvi/Desktop/airflow_ssh_simulation/dags/distributed_minio_deployment.py for tasks to queue
[2026-03-17T22:36:39.817+0530] {logging_mixin.py:188} INFO - [2026-03-17T22:36:39.816+0530] {dagbag.py:540} INFO - Filling up the DagBag from /home/tejasvi/Desktop/airflow_ssh_simulation/dags/distributed_minio_deployment.py
[2026-03-17T22:36:39.825+0530] {processor.py:840} INFO - DAG(s) 'distributed_minio_deployment' retrieved from /home/tejasvi/Desktop/airflow_ssh_simulation/dags/distributed_minio_deployment.py
[2026-03-17T22:36:39.843+0530] {logging_mixin.py:188} INFO - [2026-03-17T22:36:39.842+0530] {dag.py:3047} INFO - Sync 1 DAGs
[2026-03-17T22:36:39.855+0530] {logging_mixin.py:188} INFO - [2026-03-17T22:36:39.855+0530] {dag.py:3834} INFO - Setting next_dagrun for distributed_minio_deployment to None, run_after=None
[2026-03-17T22:36:40.010+0530] {processor.py:183} INFO - Processing /home/tejasvi/Desktop/airflow_ssh_simulation/dags/distributed_minio_deployment.py took 0.258 seconds
[2026-03-17T22:37:47.599+0530] {processor.py:161} INFO - Started process (PID=158504) to work on /home/tejasvi/Desktop/airflow_ssh_simulation/dags/distributed_minio_deployment.py
[2026-03-17T22:37:47.603+0530] {processor.py:830} INFO - Processing file /home/tejasvi/Desktop/airflow_ssh_simulation/dags/distributed_minio_deployment.py for tasks to queue
[2026-03-17T22:37:47.608+0530] {logging_mixin.py:188} INFO - [2026-03-17T22:37:47.606+0530] {dagbag.py:540} INFO - Filling up the DagBag from /home/tejasvi/Desktop/airflow_ssh_simulation/dags/distributed_minio_deployment.py
[2026-03-17T22:37:47.704+0530] {processor.py:840} INFO - DAG(s) 'distributed_minio_deployment' retrieved from /home/tejasvi/Desktop/airflow_ssh_simulation/dags/distributed_minio_deployment.py
[2026-03-17T22:37:47.743+0530] {logging_mixin.py:188} INFO - [2026-03-17T22:37:47.742+0530] {dag.py:3047} INFO - Sync 1 DAGs
[2026-03-17T22:37:47.768+0530] {logging_mixin.py:188} INFO - [2026-03-17T22:37:47.768+0530] {dag.py:3834} INFO - Setting next_dagrun for distributed_minio_deployment to None, run_after=None
[2026-03-17T22:37:47.820+0530] {processor.py:183} INFO - Processing /home/tejasvi/Desktop/airflow_ssh_simulation/dags/distributed_minio_deployment.py took 0.226 seconds
[2026-03-17T22:38:49.606+0530] {processor.py:161} INFO - Started process (PID=158589) to work on /home/tejasvi/Desktop/airflow_ssh_simulation/dags/distributed_minio_deployment.py
[2026-03-17T22:38:49.613+0530] {processor.py:830} INFO - Processing file /home/tejasvi/Desktop/airflow_ssh_simulation/dags/distributed_minio_deployment.py for tasks to queue
[2026-03-17T22:38:49.617+0530] {logging_mixin.py:188} INFO - [2026-03-17T22:38:49.616+0530] {dagbag.py:540} INFO - Filling up the DagBag from /home/tejasvi/Desktop/airflow_ssh_simulation/dags/distributed_minio_deployment.py
[2026-03-17T22:38:49.626+0530] {processor.py:840} INFO - DAG(s) 'distributed_minio_deployment' retrieved from /home/tejasvi/Desktop/airflow_ssh_simulation/dags/distributed_minio_deployment.py
[2026-03-17T22:38:49.643+0530] {logging_mixin.py:188} INFO - [2026-03-17T22:38:49.642+0530] {dag.py:3047} INFO - Sync 1 DAGs
[2026-03-17T22:38:49.655+0530] {logging_mixin.py:188} INFO - [2026-03-17T22:38:49.655+0530] {dag.py:3834} INFO - Setting next_dagrun for distributed_minio_deployment to None, run_after=None
[2026-03-17T22:38:49.772+0530] {processor.py:183} INFO - Processing /home/tejasvi/Desktop/airflow_ssh_simulation/dags/distributed_minio_deployment.py took 0.171 seconds
[2026-03-17T22:39:52.476+0530] {processor.py:161} INFO - Started process (PID=158677) to work on /home/tejasvi/Desktop/airflow_ssh_simulation/dags/distributed_minio_deployment.py
[2026-03-17T22:39:52.548+0530] {processor.py:830} INFO - Processing file /home/tejasvi/Desktop/airflow_ssh_simulation/dags/distributed_minio_deployment.py for tasks to queue
[2026-03-17T22:39:52.553+0530] {logging_mixin.py:188} INFO - [2026-03-17T22:39:52.552+0530] {dagbag.py:540} INFO - Filling up the DagBag from /home/tejasvi/Desktop/airflow_ssh_simulation/dags/distributed_minio_deployment.py
[2026-03-17T22:39:52.568+0530] {processor.py:840} INFO - DAG(s) 'distributed_minio_deployment' retrieved from /home/tejasvi/Desktop/airflow_ssh_simulation/dags/distributed_minio_deployment.py
[2026-03-17T22:39:52.590+0530] {logging_mixin.py:188} INFO - [2026-03-17T22:39:52.589+0530] {dag.py:3047} INFO - Sync 1 DAGs
[2026-03-17T22:39:52.603+0530] {logging_mixin.py:188} INFO - [2026-03-17T22:39:52.603+0530] {dag.py:3834} INFO - Setting next_dagrun for distributed_minio_deployment to None, run_after=None
[2026-03-17T22:39:52.683+0530] {processor.py:183} INFO - Processing /home/tejasvi/Desktop/airflow_ssh_simulation/dags/distributed_minio_deployment.py took 0.213 seconds
[2026-03-17T22:40:51.996+0530] {processor.py:161} INFO - Started process (PID=158753) to work on /home/tejasvi/Desktop/airflow_ssh_simulation/dags/distributed_minio_deployment.py
[2026-03-17T22:40:52.079+0530] {processor.py:830} INFO - Processing file /home/tejasvi/Desktop/airflow_ssh_simulation/dags/distributed_minio_deployment.py for tasks to queue
[2026-03-17T22:40:52.083+0530] {logging_mixin.py:188} INFO - [2026-03-17T22:40:52.082+0530] {dagbag.py:540} INFO - Filling up the DagBag from /home/tejasvi/Desktop/airflow_ssh_simulation/dags/distributed_minio_deployment.py
[2026-03-17T22:40:52.093+0530] {processor.py:840} INFO - DAG(s) 'distributed_minio_deployment' retrieved from /home/tejasvi/Desktop/airflow_ssh_simulation/dags/distributed_minio_deployment.py
[2026-03-17T22:40:52.112+0530] {logging_mixin.py:188} INFO - [2026-03-17T22:40:52.112+0530] {dag.py:3047} INFO - Sync 1 DAGs
[2026-03-17T22:40:52.125+0530] {logging_mixin.py:188} INFO - [2026-03-17T22:40:52.125+0530] {dag.py:3834} INFO - Setting next_dagrun for distributed_minio_deployment to None, run_after=None
[2026-03-17T22:40:52.223+0530] {processor.py:183} INFO - Processing /home/tejasvi/Desktop/airflow_ssh_simulation/dags/distributed_minio_deployment.py took 0.235 seconds
[2026-03-17T22:41:52.555+0530] {processor.py:161} INFO - Started process (PID=158874) to work on /home/tejasvi/Desktop/airflow_ssh_simulation/dags/distributed_minio_deployment.py
[2026-03-17T22:41:52.605+0530] {processor.py:830} INFO - Processing file /home/tejasvi/Desktop/airflow_ssh_simulation/dags/distributed_minio_deployment.py for tasks to queue
[2026-03-17T22:41:52.609+0530] {logging_mixin.py:188} INFO - [2026-03-17T22:41:52.608+0530] {dagbag.py:540} INFO - Filling up the DagBag from /home/tejasvi/Desktop/airflow_ssh_simulation/dags/distributed_minio_deployment.py
[2026-03-17T22:41:52.616+0530] {processor.py:840} INFO - DAG(s) 'distributed_minio_deployment' retrieved from /home/tejasvi/Desktop/airflow_ssh_simulation/dags/distributed_minio_deployment.py
[2026-03-17T22:41:52.631+0530] {logging_mixin.py:188} INFO - [2026-03-17T22:41:52.631+0530] {dag.py:3047} INFO - Sync 1 DAGs
[2026-03-17T22:41:52.643+0530] {logging_mixin.py:188} INFO - [2026-03-17T22:41:52.642+0530] {dag.py:3834} INFO - Setting next_dagrun for distributed_minio_deployment to None, run_after=None
[2026-03-17T22:41:52.741+0530] {processor.py:183} INFO - Processing /home/tejasvi/Desktop/airflow_ssh_simulation/dags/distributed_minio_deployment.py took 0.193 seconds
[2026-03-17T22:42:52.566+0530] {processor.py:161} INFO - Started process (PID=158949) to work on /home/tejasvi/Desktop/airflow_ssh_simulation/dags/distributed_minio_deployment.py
[2026-03-17T22:42:52.625+0530] {processor.py:830} INFO - Processing file /home/tejasvi/Desktop/airflow_ssh_simulation/dags/distributed_minio_deployment.py for tasks to queue
[2026-03-17T22:42:52.628+0530] {logging_mixin.py:188} INFO - [2026-03-17T22:42:52.627+0530] {dagbag.py:540} INFO - Filling up the DagBag from /home/tejasvi/Desktop/airflow_ssh_simulation/dags/distributed_minio_deployment.py
[2026-03-17T22:42:52.636+0530] {processor.py:840} INFO - DAG(s) 'distributed_minio_deployment' retrieved from /home/tejasvi/Desktop/airflow_ssh_simulation/dags/distributed_minio_deployment.py
[2026-03-17T22:42:52.651+0530] {logging_mixin.py:188} INFO - [2026-03-17T22:42:52.651+0530] {dag.py:3047} INFO - Sync 1 DAGs
[2026-03-17T22:42:52.663+0530] {logging_mixin.py:188} INFO - [2026-03-17T22:42:52.663+0530] {dag.py:3834} INFO - Setting next_dagrun for distributed_minio_deployment to None, run_after=None
[2026-03-17T22:42:52.765+0530] {processor.py:183} INFO - Processing /home/tejasvi/Desktop/airflow_ssh_simulation/dags/distributed_minio_deployment.py took 0.207 seconds
[2026-03-17T22:44:18.689+0530] {processor.py:161} INFO - Started process (PID=159069) to work on /home/tejasvi/Desktop/airflow_ssh_simulation/dags/distributed_minio_deployment.py
[2026-03-17T22:44:18.711+0530] {processor.py:830} INFO - Processing file /home/tejasvi/Desktop/airflow_ssh_simulation/dags/distributed_minio_deployment.py for tasks to queue
[2026-03-17T22:44:18.715+0530] {logging_mixin.py:188} INFO - [2026-03-17T22:44:18.714+0530] {dagbag.py:540} INFO - Filling up the DagBag from /home/tejasvi/Desktop/airflow_ssh_simulation/dags/distributed_minio_deployment.py
[2026-03-17T22:44:18.723+0530] {processor.py:840} INFO - DAG(s) 'distributed_minio_deployment' retrieved from /home/tejasvi/Desktop/airflow_ssh_simulation/dags/distributed_minio_deployment.py
[2026-03-17T22:44:18.739+0530] {logging_mixin.py:188} INFO - [2026-03-17T22:44:18.739+0530] {dag.py:3047} INFO - Sync 1 DAGs
[2026-03-17T22:44:18.751+0530] {logging_mixin.py:188} INFO - [2026-03-17T22:44:18.751+0530] {dag.py:3834} INFO - Setting next_dagrun for distributed_minio_deployment to None, run_after=None
[2026-03-17T22:44:18.804+0530] {processor.py:183} INFO - Processing /home/tejasvi/Desktop/airflow_ssh_simulation/dags/distributed_minio_deployment.py took 0.123 seconds
[2026-03-17T22:45:19.756+0530] {processor.py:161} INFO - Started process (PID=159159) to work on /home/tejasvi/Desktop/airflow_ssh_simulation/dags/distributed_minio_deployment.py
[2026-03-17T22:45:19.828+0530] {processor.py:830} INFO - Processing file /home/tejasvi/Desktop/airflow_ssh_simulation/dags/distributed_minio_deployment.py for tasks to queue
[2026-03-17T22:45:19.831+0530] {logging_mixin.py:188} INFO - [2026-03-17T22:45:19.831+0530] {dagbag.py:540} INFO - Filling up the DagBag from /home/tejasvi/Desktop/airflow_ssh_simulation/dags/distributed_minio_deployment.py
[2026-03-17T22:45:19.839+0530] {processor.py:840} INFO - DAG(s) 'distributed_minio_deployment' retrieved from /home/tejasvi/Desktop/airflow_ssh_simulation/dags/distributed_minio_deployment.py
[2026-03-17T22:45:19.855+0530] {logging_mixin.py:188} INFO - [2026-03-17T22:45:19.854+0530] {dag.py:3047} INFO - Sync 1 DAGs
[2026-03-17T22:45:19.866+0530] {logging_mixin.py:188} INFO - [2026-03-17T22:45:19.866+0530] {dag.py:3834} INFO - Setting next_dagrun for distributed_minio_deployment to None, run_after=None
[2026-03-17T22:45:19.971+0530] {processor.py:183} INFO - Processing /home/tejasvi/Desktop/airflow_ssh_simulation/dags/distributed_minio_deployment.py took 0.223 seconds
[2026-03-17T22:46:20.216+0530] {processor.py:161} INFO - Started process (PID=159274) to work on /home/tejasvi/Desktop/airflow_ssh_simulation/dags/distributed_minio_deployment.py
[2026-03-17T22:46:20.241+0530] {processor.py:830} INFO - Processing file /home/tejasvi/Desktop/airflow_ssh_simulation/dags/distributed_minio_deployment.py for tasks to queue
[2026-03-17T22:46:20.245+0530] {logging_mixin.py:188} INFO - [2026-03-17T22:46:20.244+0530] {dagbag.py:540} INFO - Filling up the DagBag from /home/tejasvi/Desktop/airflow_ssh_simulation/dags/distributed_minio_deployment.py
[2026-03-17T22:46:20.261+0530] {processor.py:840} INFO - DAG(s) 'distributed_minio_deployment' retrieved from /home/tejasvi/Desktop/airflow_ssh_simulation/dags/distributed_minio_deployment.py
[2026-03-17T22:46:20.280+0530] {logging_mixin.py:188} INFO - [2026-03-17T22:46:20.280+0530] {dag.py:3047} INFO - Sync 1 DAGs
[2026-03-17T22:46:20.293+0530] {logging_mixin.py:188} INFO - [2026-03-17T22:46:20.293+0530] {dag.py:3834} INFO - Setting next_dagrun for distributed_minio_deployment to None, run_after=None
[2026-03-17T22:46:20.365+0530] {processor.py:183} INFO - Processing /home/tejasvi/Desktop/airflow_ssh_simulation/dags/distributed_minio_deployment.py took 0.157 seconds
[2026-03-17T22:47:23.633+0530] {processor.py:161} INFO - Started process (PID=159452) to work on /home/tejasvi/Desktop/airflow_ssh_simulation/dags/distributed_minio_deployment.py
[2026-03-17T22:47:23.681+0530] {processor.py:830} INFO - Processing file /home/tejasvi/Desktop/airflow_ssh_simulation/dags/distributed_minio_deployment.py for tasks to queue
[2026-03-17T22:47:23.685+0530] {logging_mixin.py:188} INFO - [2026-03-17T22:47:23.684+0530] {dagbag.py:540} INFO - Filling up the DagBag from /home/tejasvi/Desktop/airflow_ssh_simulation/dags/distributed_minio_deployment.py
[2026-03-17T22:47:23.698+0530] {processor.py:840} INFO - DAG(s) 'distributed_minio_deployment' retrieved from /home/tejasvi/Desktop/airflow_ssh_simulation/dags/distributed_minio_deployment.py
[2026-03-17T22:47:23.723+0530] {logging_mixin.py:188} INFO - [2026-03-17T22:47:23.722+0530] {dag.py:3047} INFO - Sync 1 DAGs
[2026-03-17T22:47:23.736+0530] {logging_mixin.py:188} INFO - [2026-03-17T22:47:23.735+0530] {dag.py:3834} INFO - Setting next_dagrun for distributed_minio_deployment to None, run_after=None
[2026-03-17T22:47:23.844+0530] {processor.py:183} INFO - Processing /home/tejasvi/Desktop/airflow_ssh_simulation/dags/distributed_minio_deployment.py took 0.218 seconds
[2026-03-17T22:48:29.548+0530] {processor.py:161} INFO - Started process (PID=159562) to work on /home/tejasvi/Desktop/airflow_ssh_simulation/dags/distributed_minio_deployment.py
[2026-03-17T22:48:29.597+0530] {processor.py:830} INFO - Processing file /home/tejasvi/Desktop/airflow_ssh_simulation/dags/distributed_minio_deployment.py for tasks to queue
[2026-03-17T22:48:29.601+0530] {logging_mixin.py:188} INFO - [2026-03-17T22:48:29.600+0530] {dagbag.py:540} INFO - Filling up the DagBag from /home/tejasvi/Desktop/airflow_ssh_simulation/dags/distributed_minio_deployment.py
[2026-03-17T22:48:29.618+0530] {processor.py:840} INFO - DAG(s) 'distributed_minio_deployment' retrieved from /home/tejasvi/Desktop/airflow_ssh_simulation/dags/distributed_minio_deployment.py
[2026-03-17T22:48:29.647+0530] {logging_mixin.py:188} INFO - [2026-03-17T22:48:29.647+0530] {dag.py:3047} INFO - Sync 1 DAGs
[2026-03-17T22:48:29.661+0530] {logging_mixin.py:188} INFO - [2026-03-17T22:48:29.660+0530] {dag.py:3834} INFO - Setting next_dagrun for distributed_minio_deployment to None, run_after=None
[2026-03-17T22:48:29.734+0530] {processor.py:183} INFO - Processing /home/tejasvi/Desktop/airflow_ssh_simulation/dags/distributed_minio_deployment.py took 0.193 seconds
[2026-03-17T22:49:29.868+0530] {processor.py:161} INFO - Started process (PID=159640) to work on /home/tejasvi/Desktop/airflow_ssh_simulation/dags/distributed_minio_deployment.py
[2026-03-17T22:49:29.892+0530] {processor.py:830} INFO - Processing file /home/tejasvi/Desktop/airflow_ssh_simulation/dags/distributed_minio_deployment.py for tasks to queue
[2026-03-17T22:49:29.895+0530] {logging_mixin.py:188} INFO - [2026-03-17T22:49:29.895+0530] {dagbag.py:540} INFO - Filling up the DagBag from /home/tejasvi/Desktop/airflow_ssh_simulation/dags/distributed_minio_deployment.py
[2026-03-17T22:49:29.905+0530] {processor.py:840} INFO - DAG(s) 'distributed_minio_deployment' retrieved from /home/tejasvi/Desktop/airflow_ssh_simulation/dags/distributed_minio_deployment.py
[2026-03-17T22:49:29.923+0530] {logging_mixin.py:188} INFO - [2026-03-17T22:49:29.922+0530] {dag.py:3047} INFO - Sync 1 DAGs
[2026-03-17T22:49:29.935+0530] {logging_mixin.py:188} INFO - [2026-03-17T22:49:29.935+0530] {dag.py:3834} INFO - Setting next_dagrun for distributed_minio_deployment to None, run_after=None
[2026-03-17T22:49:30.052+0530] {processor.py:183} INFO - Processing /home/tejasvi/Desktop/airflow_ssh_simulation/dags/distributed_minio_deployment.py took 0.187 seconds
[2026-03-17T22:50:40.210+0530] {processor.py:161} INFO - Started process (PID=159850) to work on /home/tejasvi/Desktop/airflow_ssh_simulation/dags/distributed_minio_deployment.py
[2026-03-17T22:50:40.247+0530] {processor.py:830} INFO - Processing file /home/tejasvi/Desktop/airflow_ssh_simulation/dags/distributed_minio_deployment.py for tasks to queue
[2026-03-17T22:50:40.250+0530] {logging_mixin.py:188} INFO - [2026-03-17T22:50:40.250+0530] {dagbag.py:540} INFO - Filling up the DagBag from /home/tejasvi/Desktop/airflow_ssh_simulation/dags/distributed_minio_deployment.py
[2026-03-17T22:50:40.265+0530] {processor.py:840} INFO - DAG(s) 'distributed_minio_deployment' retrieved from /home/tejasvi/Desktop/airflow_ssh_simulation/dags/distributed_minio_deployment.py
[2026-03-17T22:50:40.290+0530] {logging_mixin.py:188} INFO - [2026-03-17T22:50:40.290+0530] {dag.py:3047} INFO - Sync 1 DAGs
[2026-03-17T22:50:40.303+0530] {logging_mixin.py:188} INFO - [2026-03-17T22:50:40.303+0530] {dag.py:3834} INFO - Setting next_dagrun for distributed_minio_deployment to None, run_after=None
[2026-03-17T22:50:40.365+0530] {processor.py:183} INFO - Processing /home/tejasvi/Desktop/airflow_ssh_simulation/dags/distributed_minio_deployment.py took 0.163 seconds
[2026-03-17T22:51:43.955+0530] {processor.py:161} INFO - Started process (PID=160254) to work on /home/tejasvi/Desktop/airflow_ssh_simulation/dags/distributed_minio_deployment.py
[2026-03-17T22:51:43.958+0530] {processor.py:830} INFO - Processing file /home/tejasvi/Desktop/airflow_ssh_simulation/dags/distributed_minio_deployment.py for tasks to queue
[2026-03-17T22:51:43.962+0530] {logging_mixin.py:188} INFO - [2026-03-17T22:51:43.962+0530] {dagbag.py:540} INFO - Filling up the DagBag from /home/tejasvi/Desktop/airflow_ssh_simulation/dags/distributed_minio_deployment.py
[2026-03-17T22:51:43.979+0530] {processor.py:840} INFO - DAG(s) 'distributed_minio_deployment' retrieved from /home/tejasvi/Desktop/airflow_ssh_simulation/dags/distributed_minio_deployment.py
[2026-03-17T22:51:44.010+0530] {logging_mixin.py:188} INFO - [2026-03-17T22:51:44.010+0530] {dag.py:3047} INFO - Sync 1 DAGs
[2026-03-17T22:51:44.029+0530] {logging_mixin.py:188} INFO - [2026-03-17T22:51:44.028+0530] {dag.py:3834} INFO - Setting next_dagrun for distributed_minio_deployment to None, run_after=None
[2026-03-17T22:51:44.171+0530] {processor.py:183} INFO - Processing /home/tejasvi/Desktop/airflow_ssh_simulation/dags/distributed_minio_deployment.py took 0.224 seconds
[2026-03-17T22:52:51.301+0530] {processor.py:161} INFO - Started process (PID=160550) to work on /home/tejasvi/Desktop/airflow_ssh_simulation/dags/distributed_minio_deployment.py
[2026-03-17T22:52:51.373+0530] {processor.py:830} INFO - Processing file /home/tejasvi/Desktop/airflow_ssh_simulation/dags/distributed_minio_deployment.py for tasks to queue
[2026-03-17T22:52:51.377+0530] {logging_mixin.py:188} INFO - [2026-03-17T22:52:51.376+0530] {dagbag.py:540} INFO - Filling up the DagBag from /home/tejasvi/Desktop/airflow_ssh_simulation/dags/distributed_minio_deployment.py
[2026-03-17T22:52:51.392+0530] {processor.py:840} INFO - DAG(s) 'distributed_minio_deployment' retrieved from /home/tejasvi/Desktop/airflow_ssh_simulation/dags/distributed_minio_deployment.py
[2026-03-17T22:52:51.416+0530] {logging_mixin.py:188} INFO - [2026-03-17T22:52:51.416+0530] {dag.py:3047} INFO - Sync 1 DAGs
[2026-03-17T22:52:51.433+0530] {logging_mixin.py:188} INFO - [2026-03-17T22:52:51.433+0530] {dag.py:3834} INFO - Setting next_dagrun for distributed_minio_deployment to None, run_after=None
[2026-03-17T22:52:51.516+0530] {processor.py:183} INFO - Processing /home/tejasvi/Desktop/airflow_ssh_simulation/dags/distributed_minio_deployment.py took 0.219 seconds
[2026-03-17T22:53:52.160+0530] {processor.py:161} INFO - Started process (PID=160782) to work on /home/tejasvi/Desktop/airflow_ssh_simulation/dags/distributed_minio_deployment.py
[2026-03-17T22:53:52.238+0530] {processor.py:830} INFO - Processing file /home/tejasvi/Desktop/airflow_ssh_simulation/dags/distributed_minio_deployment.py for tasks to queue
[2026-03-17T22:53:52.243+0530] {logging_mixin.py:188} INFO - [2026-03-17T22:53:52.241+0530] {dagbag.py:540} INFO - Filling up the DagBag from /home/tejasvi/Desktop/airflow_ssh_simulation/dags/distributed_minio_deployment.py
[2026-03-17T22:53:52.259+0530] {processor.py:840} INFO - DAG(s) 'distributed_minio_deployment' retrieved from /home/tejasvi/Desktop/airflow_ssh_simulation/dags/distributed_minio_deployment.py
[2026-03-17T22:53:52.289+0530] {logging_mixin.py:188} INFO - [2026-03-17T22:53:52.289+0530] {dag.py:3047} INFO - Sync 1 DAGs
[2026-03-17T22:53:52.303+0530] {logging_mixin.py:188} INFO - [2026-03-17T22:53:52.302+0530] {dag.py:3834} INFO - Setting next_dagrun for distributed_minio_deployment to None, run_after=None
[2026-03-17T22:53:52.393+0530] {processor.py:183} INFO - Processing /home/tejasvi/Desktop/airflow_ssh_simulation/dags/distributed_minio_deployment.py took 0.241 seconds
[2026-03-17T22:55:12.837+0530] {processor.py:161} INFO - Started process (PID=161222) to work on /home/tejasvi/Desktop/airflow_ssh_simulation/dags/distributed_minio_deployment.py
[2026-03-17T22:55:12.839+0530] {processor.py:830} INFO - Processing file /home/tejasvi/Desktop/airflow_ssh_simulation/dags/distributed_minio_deployment.py for tasks to queue
[2026-03-17T22:55:12.843+0530] {logging_mixin.py:188} INFO - [2026-03-17T22:55:12.842+0530] {dagbag.py:540} INFO - Filling up the DagBag from /home/tejasvi/Desktop/airflow_ssh_simulation/dags/distributed_minio_deployment.py
[2026-03-17T22:55:12.852+0530] {processor.py:840} INFO - DAG(s) 'distributed_minio_deployment' retrieved from /home/tejasvi/Desktop/airflow_ssh_simulation/dags/distributed_minio_deployment.py
[2026-03-17T22:55:12.874+0530] {logging_mixin.py:188} INFO - [2026-03-17T22:55:12.873+0530] {dag.py:3047} INFO - Sync 1 DAGs
[2026-03-17T22:55:12.890+0530] {logging_mixin.py:188} INFO - [2026-03-17T22:55:12.889+0530] {dag.py:3834} INFO - Setting next_dagrun for distributed_minio_deployment to None, run_after=None
[2026-03-17T22:55:12.927+0530] {processor.py:183} INFO - Processing /home/tejasvi/Desktop/airflow_ssh_simulation/dags/distributed_minio_deployment.py took 0.093 seconds
[2026-03-17T22:56:14.494+0530] {processor.py:161} INFO - Started process (PID=161329) to work on /home/tejasvi/Desktop/airflow_ssh_simulation/dags/distributed_minio_deployment.py
[2026-03-17T22:56:14.605+0530] {processor.py:830} INFO - Processing file /home/tejasvi/Desktop/airflow_ssh_simulation/dags/distributed_minio_deployment.py for tasks to queue
[2026-03-17T22:56:14.608+0530] {logging_mixin.py:188} INFO - [2026-03-17T22:56:14.607+0530] {dagbag.py:540} INFO - Filling up the DagBag from /home/tejasvi/Desktop/airflow_ssh_simulation/dags/distributed_minio_deployment.py
[2026-03-17T22:56:14.619+0530] {processor.py:840} INFO - DAG(s) 'distributed_minio_deployment' retrieved from /home/tejasvi/Desktop/airflow_ssh_simulation/dags/distributed_minio_deployment.py
[2026-03-17T22:56:14.636+0530] {logging_mixin.py:188} INFO - [2026-03-17T22:56:14.635+0530] {dag.py:3047} INFO - Sync 1 DAGs
[2026-03-17T22:56:14.649+0530] {logging_mixin.py:188} INFO - [2026-03-17T22:56:14.648+0530] {dag.py:3834} INFO - Setting next_dagrun for distributed_minio_deployment to None, run_after=None
[2026-03-17T22:56:14.815+0530] {processor.py:183} INFO - Processing /home/tejasvi/Desktop/airflow_ssh_simulation/dags/distributed_minio_deployment.py took 0.325 seconds
[2026-03-17T22:57:14.544+0530] {processor.py:161} INFO - Started process (PID=161458) to work on /home/tejasvi/Desktop/airflow_ssh_simulation/dags/distributed_minio_deployment.py
[2026-03-17T22:57:14.611+0530] {processor.py:830} INFO - Processing file /home/tejasvi/Desktop/airflow_ssh_simulation/dags/distributed_minio_deployment.py for tasks to queue
[2026-03-17T22:57:14.615+0530] {logging_mixin.py:188} INFO - [2026-03-17T22:57:14.614+0530] {dagbag.py:540} INFO - Filling up the DagBag from /home/tejasvi/Desktop/airflow_ssh_simulation/dags/distributed_minio_deployment.py
[2026-03-17T22:57:14.631+0530] {processor.py:840} INFO - DAG(s) 'distributed_minio_deployment' retrieved from /home/tejasvi/Desktop/airflow_ssh_simulation/dags/distributed_minio_deployment.py
[2026-03-17T22:57:14.657+0530] {logging_mixin.py:188} INFO - [2026-03-17T22:57:14.656+0530] {dag.py:3047} INFO - Sync 1 DAGs
[2026-03-17T22:57:14.670+0530] {logging_mixin.py:188} INFO - [2026-03-17T22:57:14.670+0530] {dag.py:3834} INFO - Setting next_dagrun for distributed_minio_deployment to None, run_after=None
[2026-03-17T22:57:14.740+0530] {processor.py:183} INFO - Processing /home/tejasvi/Desktop/airflow_ssh_simulation/dags/distributed_minio_deployment.py took 0.202 seconds
[2026-03-17T22:58:39.366+0530] {processor.py:161} INFO - Started process (PID=161571) to work on /home/tejasvi/Desktop/airflow_ssh_simulation/dags/distributed_minio_deployment.py
[2026-03-17T22:58:39.384+0530] {processor.py:830} INFO - Processing file /home/tejasvi/Desktop/airflow_ssh_simulation/dags/distributed_minio_deployment.py for tasks to queue
[2026-03-17T22:58:39.386+0530] {logging_mixin.py:188} INFO - [2026-03-17T22:58:39.385+0530] {dagbag.py:540} INFO - Filling up the DagBag from /home/tejasvi/Desktop/airflow_ssh_simulation/dags/distributed_minio_deployment.py
[2026-03-17T22:58:39.394+0530] {processor.py:840} INFO - DAG(s) 'distributed_minio_deployment' retrieved from /home/tejasvi/Desktop/airflow_ssh_simulation/dags/distributed_minio_deployment.py
[2026-03-17T22:58:39.411+0530] {logging_mixin.py:188} INFO - [2026-03-17T22:58:39.410+0530] {dag.py:3047} INFO - Sync 1 DAGs
[2026-03-17T22:58:39.423+0530] {logging_mixin.py:188} INFO - [2026-03-17T22:58:39.422+0530] {dag.py:3834} INFO - Setting next_dagrun for distributed_minio_deployment to None, run_after=None
[2026-03-17T22:58:39.456+0530] {processor.py:183} INFO - Processing /home/tejasvi/Desktop/airflow_ssh_simulation/dags/distributed_minio_deployment.py took 0.097 seconds
[2026-03-17T23:17:08.637+0530] {processor.py:161} INFO - Started process (PID=162832) to work on /home/tejasvi/Desktop/airflow_ssh_simulation/dags/distributed_minio_deployment.py
[2026-03-17T23:17:08.666+0530] {processor.py:830} INFO - Processing file /home/tejasvi/Desktop/airflow_ssh_simulation/dags/distributed_minio_deployment.py for tasks to queue
[2026-03-17T23:17:08.670+0530] {logging_mixin.py:188} INFO - [2026-03-17T23:17:08.669+0530] {dagbag.py:540} INFO - Filling up the DagBag from /home/tejasvi/Desktop/airflow_ssh_simulation/dags/distributed_minio_deployment.py
[2026-03-17T23:17:08.684+0530] {processor.py:840} INFO - DAG(s) 'distributed_minio_deployment' retrieved from /home/tejasvi/Desktop/airflow_ssh_simulation/dags/distributed_minio_deployment.py
[2026-03-17T23:17:08.787+0530] {logging_mixin.py:188} INFO - [2026-03-17T23:17:08.786+0530] {dag.py:3047} INFO - Sync 1 DAGs
[2026-03-17T23:17:08.796+0530] {logging_mixin.py:188} INFO - [2026-03-17T23:17:08.796+0530] {dag.py:3834} INFO - Setting next_dagrun for distributed_minio_deployment to None, run_after=None
[2026-03-17T23:17:08.886+0530] {processor.py:183} INFO - Processing /home/tejasvi/Desktop/airflow_ssh_simulation/dags/distributed_minio_deployment.py took 0.253 seconds
[2026-03-17T23:18:24.051+0530] {processor.py:161} INFO - Started process (PID=162923) to work on /home/tejasvi/Desktop/airflow_ssh_simulation/dags/distributed_minio_deployment.py
[2026-03-17T23:18:24.071+0530] {processor.py:830} INFO - Processing file /home/tejasvi/Desktop/airflow_ssh_simulation/dags/distributed_minio_deployment.py for tasks to queue
[2026-03-17T23:18:24.075+0530] {logging_mixin.py:188} INFO - [2026-03-17T23:18:24.074+0530] {dagbag.py:540} INFO - Filling up the DagBag from /home/tejasvi/Desktop/airflow_ssh_simulation/dags/distributed_minio_deployment.py
[2026-03-17T23:18:24.090+0530] {processor.py:840} INFO - DAG(s) 'distributed_minio_deployment' retrieved from /home/tejasvi/Desktop/airflow_ssh_simulation/dags/distributed_minio_deployment.py
[2026-03-17T23:18:24.110+0530] {logging_mixin.py:188} INFO - [2026-03-17T23:18:24.110+0530] {dag.py:3047} INFO - Sync 1 DAGs
[2026-03-17T23:18:24.123+0530] {logging_mixin.py:188} INFO - [2026-03-17T23:18:24.122+0530] {dag.py:3834} INFO - Setting next_dagrun for distributed_minio_deployment to None, run_after=None
[2026-03-17T23:18:24.211+0530] {processor.py:183} INFO - Processing /home/tejasvi/Desktop/airflow_ssh_simulation/dags/distributed_minio_deployment.py took 0.167 seconds
[2026-03-17T23:19:25.668+0530] {processor.py:161} INFO - Started process (PID=162998) to work on /home/tejasvi/Desktop/airflow_ssh_simulation/dags/distributed_minio_deployment.py
[2026-03-17T23:19:25.730+0530] {processor.py:830} INFO - Processing file /home/tejasvi/Desktop/airflow_ssh_simulation/dags/distributed_minio_deployment.py for tasks to queue
[2026-03-17T23:19:25.733+0530] {logging_mixin.py:188} INFO - [2026-03-17T23:19:25.733+0530] {dagbag.py:540} INFO - Filling up the DagBag from /home/tejasvi/Desktop/airflow_ssh_simulation/dags/distributed_minio_deployment.py
[2026-03-17T23:19:25.742+0530] {processor.py:840} INFO - DAG(s) 'distributed_minio_deployment' retrieved from /home/tejasvi/Desktop/airflow_ssh_simulation/dags/distributed_minio_deployment.py
[2026-03-17T23:19:25.760+0530] {logging_mixin.py:188} INFO - [2026-03-17T23:19:25.759+0530] {dag.py:3047} INFO - Sync 1 DAGs
[2026-03-17T23:19:25.773+0530] {logging_mixin.py:188} INFO - [2026-03-17T23:19:25.773+0530] {dag.py:3834} INFO - Setting next_dagrun for distributed_minio_deployment to None, run_after=None
[2026-03-17T23:19:25.864+0530] {processor.py:183} INFO - Processing /home/tejasvi/Desktop/airflow_ssh_simulation/dags/distributed_minio_deployment.py took 0.203 seconds
[2026-03-17T23:20:53.929+0530] {processor.py:161} INFO - Started process (PID=163107) to work on /home/tejasvi/Desktop/airflow_ssh_simulation/dags/distributed_minio_deployment.py
[2026-03-17T23:20:53.952+0530] {processor.py:830} INFO - Processing file /home/tejasvi/Desktop/airflow_ssh_simulation/dags/distributed_minio_deployment.py for tasks to queue
[2026-03-17T23:20:53.955+0530] {logging_mixin.py:188} INFO - [2026-03-17T23:20:53.955+0530] {dagbag.py:540} INFO - Filling up the DagBag from /home/tejasvi/Desktop/airflow_ssh_simulation/dags/distributed_minio_deployment.py
[2026-03-17T23:20:53.968+0530] {processor.py:840} INFO - DAG(s) 'distributed_minio_deployment' retrieved from /home/tejasvi/Desktop/airflow_ssh_simulation/dags/distributed_minio_deployment.py
[2026-03-17T23:20:53.990+0530] {logging_mixin.py:188} INFO - [2026-03-17T23:20:53.990+0530] {dag.py:3047} INFO - Sync 1 DAGs
[2026-03-17T23:20:54.003+0530] {logging_mixin.py:188} INFO - [2026-03-17T23:20:54.003+0530] {dag.py:3834} INFO - Setting next_dagrun for distributed_minio_deployment to None, run_after=None
[2026-03-17T23:20:54.085+0530] {processor.py:183} INFO - Processing /home/tejasvi/Desktop/airflow_ssh_simulation/dags/distributed_minio_deployment.py took 0.164 seconds
[2026-03-17T23:21:58.893+0530] {processor.py:161} INFO - Started process (PID=163208) to work on /home/tejasvi/Desktop/airflow_ssh_simulation/dags/distributed_minio_deployment.py
[2026-03-17T23:21:58.962+0530] {processor.py:830} INFO - Processing file /home/tejasvi/Desktop/airflow_ssh_simulation/dags/distributed_minio_deployment.py for tasks to queue
[2026-03-17T23:21:58.966+0530] {logging_mixin.py:188} INFO - [2026-03-17T23:21:58.965+0530] {dagbag.py:540} INFO - Filling up the DagBag from /home/tejasvi/Desktop/airflow_ssh_simulation/dags/distributed_minio_deployment.py
[2026-03-17T23:21:58.980+0530] {processor.py:840} INFO - DAG(s) 'distributed_minio_deployment' retrieved from /home/tejasvi/Desktop/airflow_ssh_simulation/dags/distributed_minio_deployment.py
[2026-03-17T23:21:59.010+0530] {logging_mixin.py:188} INFO - [2026-03-17T23:21:59.010+0530] {dag.py:3047} INFO - Sync 1 DAGs
[2026-03-17T23:21:59.023+0530] {logging_mixin.py:188} INFO - [2026-03-17T23:21:59.022+0530] {dag.py:3834} INFO - Setting next_dagrun for distributed_minio_deployment to None, run_after=None
[2026-03-17T23:21:59.139+0530] {processor.py:183} INFO - Processing /home/tejasvi/Desktop/airflow_ssh_simulation/dags/distributed_minio_deployment.py took 0.254 seconds
[2026-03-17T23:23:07.183+0530] {processor.py:161} INFO - Started process (PID=163298) to work on /home/tejasvi/Desktop/airflow_ssh_simulation/dags/distributed_minio_deployment.py
[2026-03-17T23:23:07.216+0530] {processor.py:830} INFO - Processing file /home/tejasvi/Desktop/airflow_ssh_simulation/dags/distributed_minio_deployment.py for tasks to queue
[2026-03-17T23:23:07.218+0530] {logging_mixin.py:188} INFO - [2026-03-17T23:23:07.218+0530] {dagbag.py:540} INFO - Filling up the DagBag from /home/tejasvi/Desktop/airflow_ssh_simulation/dags/distributed_minio_deployment.py
[2026-03-17T23:23:07.226+0530] {processor.py:840} INFO - DAG(s) 'distributed_minio_deployment' retrieved from /home/tejasvi/Desktop/airflow_ssh_simulation/dags/distributed_minio_deployment.py
[2026-03-17T23:23:07.243+0530] {logging_mixin.py:188} INFO - [2026-03-17T23:23:07.243+0530] {dag.py:3047} INFO - Sync 1 DAGs
[2026-03-17T23:23:07.256+0530] {logging_mixin.py:188} INFO - [2026-03-17T23:23:07.256+0530] {dag.py:3834} INFO - Setting next_dagrun for distributed_minio_deployment to None, run_after=None
[2026-03-17T23:23:07.355+0530] {processor.py:183} INFO - Processing /home/tejasvi/Desktop/airflow_ssh_simulation/dags/distributed_minio_deployment.py took 0.180 seconds
[2026-03-17T23:24:23.706+0530] {processor.py:161} INFO - Started process (PID=163387) to work on /home/tejasvi/Desktop/airflow_ssh_simulation/dags/distributed_minio_deployment.py
[2026-03-17T23:24:23.780+0530] {processor.py:830} INFO - Processing file /home/tejasvi/Desktop/airflow_ssh_simulation/dags/distributed_minio_deployment.py for tasks to queue
[2026-03-17T23:24:23.784+0530] {logging_mixin.py:188} INFO - [2026-03-17T23:24:23.783+0530] {dagbag.py:540} INFO - Filling up the DagBag from /home/tejasvi/Desktop/airflow_ssh_simulation/dags/distributed_minio_deployment.py
[2026-03-17T23:24:23.800+0530] {processor.py:840} INFO - DAG(s) 'distributed_minio_deployment' retrieved from /home/tejasvi/Desktop/airflow_ssh_simulation/dags/distributed_minio_deployment.py
[2026-03-17T23:24:23.830+0530] {logging_mixin.py:188} INFO - [2026-03-17T23:24:23.830+0530] {dag.py:3047} INFO - Sync 1 DAGs
[2026-03-17T23:24:23.842+0530] {logging_mixin.py:188} INFO - [2026-03-17T23:24:23.842+0530] {dag.py:3834} INFO - Setting next_dagrun for distributed_minio_deployment to None, run_after=None
[2026-03-17T23:24:24.002+0530] {processor.py:183} INFO - Processing /home/tejasvi/Desktop/airflow_ssh_simulation/dags/distributed_minio_deployment.py took 0.302 seconds
[2026-03-17T23:25:38.163+0530] {processor.py:161} INFO - Started process (PID=163482) to work on /home/tejasvi/Desktop/airflow_ssh_simulation/dags/distributed_minio_deployment.py
[2026-03-17T23:25:38.239+0530] {processor.py:830} INFO - Processing file /home/tejasvi/Desktop/airflow_ssh_simulation/dags/distributed_minio_deployment.py for tasks to queue
[2026-03-17T23:25:38.242+0530] {logging_mixin.py:188} INFO - [2026-03-17T23:25:38.241+0530] {dagbag.py:540} INFO - Filling up the DagBag from /home/tejasvi/Desktop/airflow_ssh_simulation/dags/distributed_minio_deployment.py
[2026-03-17T23:25:38.251+0530] {processor.py:840} INFO - DAG(s) 'distributed_minio_deployment' retrieved from /home/tejasvi/Desktop/airflow_ssh_simulation/dags/distributed_minio_deployment.py
[2026-03-17T23:25:38.268+0530] {logging_mixin.py:188} INFO - [2026-03-17T23:25:38.268+0530] {dag.py:3047} INFO - Sync 1 DAGs
[2026-03-17T23:25:38.281+0530] {logging_mixin.py:188} INFO - [2026-03-17T23:25:38.280+0530] {dag.py:3834} INFO - Setting next_dagrun for distributed_minio_deployment to None, run_after=None
[2026-03-17T23:25:38.395+0530] {processor.py:183} INFO - Processing /home/tejasvi/Desktop/airflow_ssh_simulation/dags/distributed_minio_deployment.py took 0.240 seconds
[2026-03-17T23:26:44.356+0530] {processor.py:161} INFO - Started process (PID=163637) to work on /home/tejasvi/Desktop/airflow_ssh_simulation/dags/distributed_minio_deployment.py
[2026-03-17T23:26:44.358+0530] {processor.py:830} INFO - Processing file /home/tejasvi/Desktop/airflow_ssh_simulation/dags/distributed_minio_deployment.py for tasks to queue
[2026-03-17T23:26:44.360+0530] {logging_mixin.py:188} INFO - [2026-03-17T23:26:44.360+0530] {dagbag.py:540} INFO - Filling up the DagBag from /home/tejasvi/Desktop/airflow_ssh_simulation/dags/distributed_minio_deployment.py
[2026-03-17T23:26:44.368+0530] {processor.py:840} INFO - DAG(s) 'distributed_minio_deployment' retrieved from /home/tejasvi/Desktop/airflow_ssh_simulation/dags/distributed_minio_deployment.py
[2026-03-17T23:26:44.386+0530] {logging_mixin.py:188} INFO - [2026-03-17T23:26:44.385+0530] {dag.py:3047} INFO - Sync 1 DAGs
[2026-03-17T23:26:44.399+0530] {logging_mixin.py:188} INFO - [2026-03-17T23:26:44.399+0530] {dag.py:3834} INFO - Setting next_dagrun for distributed_minio_deployment to None, run_after=None
[2026-03-17T23:26:44.679+0530] {processor.py:183} INFO - Processing /home/tejasvi/Desktop/airflow_ssh_simulation/dags/distributed_minio_deployment.py took 0.331 seconds
[2026-03-17T23:27:49.276+0530] {processor.py:161} INFO - Started process (PID=163893) to work on /home/tejasvi/Desktop/airflow_ssh_simulation/dags/distributed_minio_deployment.py
[2026-03-17T23:27:49.413+0530] {processor.py:830} INFO - Processing file /home/tejasvi/Desktop/airflow_ssh_simulation/dags/distributed_minio_deployment.py for tasks to queue
[2026-03-17T23:27:49.417+0530] {logging_mixin.py:188} INFO - [2026-03-17T23:27:49.416+0530] {dagbag.py:540} INFO - Filling up the DagBag from /home/tejasvi/Desktop/airflow_ssh_simulation/dags/distributed_minio_deployment.py
[2026-03-17T23:27:49.431+0530] {processor.py:840} INFO - DAG(s) 'distributed_minio_deployment' retrieved from /home/tejasvi/Desktop/airflow_ssh_simulation/dags/distributed_minio_deployment.py
[2026-03-17T23:27:49.465+0530] {logging_mixin.py:188} INFO - [2026-03-17T23:27:49.464+0530] {dag.py:3047} INFO - Sync 1 DAGs
[2026-03-17T23:27:49.477+0530] {logging_mixin.py:188} INFO - [2026-03-17T23:27:49.477+0530] {dag.py:3834} INFO - Setting next_dagrun for distributed_minio_deployment to None, run_after=None
[2026-03-17T23:27:49.531+0530] {processor.py:183} INFO - Processing /home/tejasvi/Desktop/airflow_ssh_simulation/dags/distributed_minio_deployment.py took 0.262 seconds
[2026-03-17T23:28:54.516+0530] {processor.py:161} INFO - Started process (PID=164110) to work on /home/tejasvi/Desktop/airflow_ssh_simulation/dags/distributed_minio_deployment.py
[2026-03-17T23:28:54.583+0530] {processor.py:830} INFO - Processing file /home/tejasvi/Desktop/airflow_ssh_simulation/dags/distributed_minio_deployment.py for tasks to queue
[2026-03-17T23:28:54.588+0530] {logging_mixin.py:188} INFO - [2026-03-17T23:28:54.587+0530] {dagbag.py:540} INFO - Filling up the DagBag from /home/tejasvi/Desktop/airflow_ssh_simulation/dags/distributed_minio_deployment.py
[2026-03-17T23:28:54.607+0530] {processor.py:840} INFO - DAG(s) 'distributed_minio_deployment' retrieved from /home/tejasvi/Desktop/airflow_ssh_simulation/dags/distributed_minio_deployment.py
[2026-03-17T23:28:54.637+0530] {logging_mixin.py:188} INFO - [2026-03-17T23:28:54.636+0530] {dag.py:3047} INFO - Sync 1 DAGs
[2026-03-17T23:28:54.651+0530] {logging_mixin.py:188} INFO - [2026-03-17T23:28:54.651+0530] {dag.py:3834} INFO - Setting next_dagrun for distributed_minio_deployment to None, run_after=None
[2026-03-17T23:28:54.717+0530] {processor.py:183} INFO - Processing /home/tejasvi/Desktop/airflow_ssh_simulation/dags/distributed_minio_deployment.py took 0.208 seconds
[2026-03-17T23:30:15.167+0530] {processor.py:161} INFO - Started process (PID=164194) to work on /home/tejasvi/Desktop/airflow_ssh_simulation/dags/distributed_minio_deployment.py
[2026-03-17T23:30:15.236+0530] {processor.py:830} INFO - Processing file /home/tejasvi/Desktop/airflow_ssh_simulation/dags/distributed_minio_deployment.py for tasks to queue
[2026-03-17T23:30:15.238+0530] {logging_mixin.py:188} INFO - [2026-03-17T23:30:15.238+0530] {dagbag.py:540} INFO - Filling up the DagBag from /home/tejasvi/Desktop/airflow_ssh_simulation/dags/distributed_minio_deployment.py
[2026-03-17T23:30:15.246+0530] {processor.py:840} INFO - DAG(s) 'distributed_minio_deployment' retrieved from /home/tejasvi/Desktop/airflow_ssh_simulation/dags/distributed_minio_deployment.py
[2026-03-17T23:30:15.262+0530] {logging_mixin.py:188} INFO - [2026-03-17T23:30:15.261+0530] {dag.py:3047} INFO - Sync 1 DAGs
[2026-03-17T23:30:15.273+0530] {logging_mixin.py:188} INFO - [2026-03-17T23:30:15.273+0530] {dag.py:3834} INFO - Setting next_dagrun for distributed_minio_deployment to None, run_after=None
[2026-03-17T23:30:15.400+0530] {processor.py:183} INFO - Processing /home/tejasvi/Desktop/airflow_ssh_simulation/dags/distributed_minio_deployment.py took 0.239 seconds
[2026-03-17T23:31:35.048+0530] {processor.py:161} INFO - Started process (PID=164344) to work on /home/tejasvi/Desktop/airflow_ssh_simulation/dags/distributed_minio_deployment.py
[2026-03-17T23:31:35.049+0530] {processor.py:830} INFO - Processing file /home/tejasvi/Desktop/airflow_ssh_simulation/dags/distributed_minio_deployment.py for tasks to queue
[2026-03-17T23:31:35.051+0530] {logging_mixin.py:188} INFO - [2026-03-17T23:31:35.051+0530] {dagbag.py:540} INFO - Filling up the DagBag from /home/tejasvi/Desktop/airflow_ssh_simulation/dags/distributed_minio_deployment.py
[2026-03-17T23:31:35.059+0530] {processor.py:840} INFO - DAG(s) 'distributed_minio_deployment' retrieved from /home/tejasvi/Desktop/airflow_ssh_simulation/dags/distributed_minio_deployment.py
[2026-03-17T23:31:35.077+0530] {logging_mixin.py:188} INFO - [2026-03-17T23:31:35.077+0530] {dag.py:3047} INFO - Sync 1 DAGs
[2026-03-17T23:31:35.089+0530] {logging_mixin.py:188} INFO - [2026-03-17T23:31:35.089+0530] {dag.py:3834} INFO - Setting next_dagrun for distributed_minio_deployment to None, run_after=None
[2026-03-17T23:31:35.166+0530] {processor.py:183} INFO - Processing /home/tejasvi/Desktop/airflow_ssh_simulation/dags/distributed_minio_deployment.py took 0.126 seconds
[2026-03-17T23:33:01.429+0530] {processor.py:161} INFO - Started process (PID=164448) to work on /home/tejasvi/Desktop/airflow_ssh_simulation/dags/distributed_minio_deployment.py
[2026-03-17T23:33:01.496+0530] {processor.py:830} INFO - Processing file /home/tejasvi/Desktop/airflow_ssh_simulation/dags/distributed_minio_deployment.py for tasks to queue
[2026-03-17T23:33:01.501+0530] {logging_mixin.py:188} INFO - [2026-03-17T23:33:01.500+0530] {dagbag.py:540} INFO - Filling up the DagBag from /home/tejasvi/Desktop/airflow_ssh_simulation/dags/distributed_minio_deployment.py
[2026-03-17T23:33:01.515+0530] {processor.py:840} INFO - DAG(s) 'distributed_minio_deployment' retrieved from /home/tejasvi/Desktop/airflow_ssh_simulation/dags/distributed_minio_deployment.py
[2026-03-17T23:33:01.546+0530] {logging_mixin.py:188} INFO - [2026-03-17T23:33:01.546+0530] {dag.py:3047} INFO - Sync 1 DAGs
[2026-03-17T23:33:01.558+0530] {logging_mixin.py:188} INFO - [2026-03-17T23:33:01.558+0530] {dag.py:3834} INFO - Setting next_dagrun for distributed_minio_deployment to None, run_after=None
[2026-03-17T23:33:01.597+0530] {processor.py:183} INFO - Processing /home/tejasvi/Desktop/airflow_ssh_simulation/dags/distributed_minio_deployment.py took 0.175 seconds
[2026-03-17T23:34:17.136+0530] {processor.py:161} INFO - Started process (PID=164512) to work on /home/tejasvi/Desktop/airflow_ssh_simulation/dags/distributed_minio_deployment.py
[2026-03-17T23:34:17.207+0530] {processor.py:830} INFO - Processing file /home/tejasvi/Desktop/airflow_ssh_simulation/dags/distributed_minio_deployment.py for tasks to queue
[2026-03-17T23:34:17.211+0530] {logging_mixin.py:188} INFO - [2026-03-17T23:34:17.210+0530] {dagbag.py:540} INFO - Filling up the DagBag from /home/tejasvi/Desktop/airflow_ssh_simulation/dags/distributed_minio_deployment.py
[2026-03-17T23:34:17.224+0530] {processor.py:840} INFO - DAG(s) 'distributed_minio_deployment' retrieved from /home/tejasvi/Desktop/airflow_ssh_simulation/dags/distributed_minio_deployment.py
[2026-03-17T23:34:17.254+0530] {logging_mixin.py:188} INFO - [2026-03-17T23:34:17.254+0530] {dag.py:3047} INFO - Sync 1 DAGs
[2026-03-17T23:34:17.266+0530] {logging_mixin.py:188} INFO - [2026-03-17T23:34:17.266+0530] {dag.py:3834} INFO - Setting next_dagrun for distributed_minio_deployment to None, run_after=None
[2026-03-17T23:34:17.367+0530] {processor.py:183} INFO - Processing /home/tejasvi/Desktop/airflow_ssh_simulation/dags/distributed_minio_deployment.py took 0.237 seconds
[2026-03-17T23:35:28.917+0530] {processor.py:161} INFO - Started process (PID=164574) to work on /home/tejasvi/Desktop/airflow_ssh_simulation/dags/distributed_minio_deployment.py
[2026-03-17T23:35:30.030+0530] {processor.py:830} INFO - Processing file /home/tejasvi/Desktop/airflow_ssh_simulation/dags/distributed_minio_deployment.py for tasks to queue
[2026-03-17T23:35:30.035+0530] {logging_mixin.py:188} INFO - [2026-03-17T23:35:30.034+0530] {dagbag.py:540} INFO - Filling up the DagBag from /home/tejasvi/Desktop/airflow_ssh_simulation/dags/distributed_minio_deployment.py
[2026-03-17T23:35:30.051+0530] {processor.py:840} INFO - DAG(s) 'distributed_minio_deployment' retrieved from /home/tejasvi/Desktop/airflow_ssh_simulation/dags/distributed_minio_deployment.py
[2026-03-17T23:35:30.085+0530] {logging_mixin.py:188} INFO - [2026-03-17T23:35:30.085+0530] {dag.py:3047} INFO - Sync 1 DAGs
[2026-03-17T23:35:30.099+0530] {logging_mixin.py:188} INFO - [2026-03-17T23:35:30.098+0530] {dag.py:3834} INFO - Setting next_dagrun for distributed_minio_deployment to None, run_after=None
[2026-03-17T23:35:30.251+0530] {processor.py:183} INFO - Processing /home/tejasvi/Desktop/airflow_ssh_simulation/dags/distributed_minio_deployment.py took 1.340 seconds
[2026-03-17T23:36:44.715+0530] {processor.py:161} INFO - Started process (PID=164698) to work on /home/tejasvi/Desktop/airflow_ssh_simulation/dags/distributed_minio_deployment.py
[2026-03-17T23:36:44.758+0530] {processor.py:830} INFO - Processing file /home/tejasvi/Desktop/airflow_ssh_simulation/dags/distributed_minio_deployment.py for tasks to queue
[2026-03-17T23:36:44.762+0530] {logging_mixin.py:188} INFO - [2026-03-17T23:36:44.761+0530] {dagbag.py:540} INFO - Filling up the DagBag from /home/tejasvi/Desktop/airflow_ssh_simulation/dags/distributed_minio_deployment.py
[2026-03-17T23:36:44.775+0530] {processor.py:840} INFO - DAG(s) 'distributed_minio_deployment' retrieved from /home/tejasvi/Desktop/airflow_ssh_simulation/dags/distributed_minio_deployment.py
[2026-03-17T23:36:44.801+0530] {logging_mixin.py:188} INFO - [2026-03-17T23:36:44.800+0530] {dag.py:3047} INFO - Sync 1 DAGs
[2026-03-17T23:36:44.812+0530] {logging_mixin.py:188} INFO - [2026-03-17T23:36:44.812+0530] {dag.py:3834} INFO - Setting next_dagrun for distributed_minio_deployment to None, run_after=None
[2026-03-17T23:36:44.890+0530] {processor.py:183} INFO - Processing /home/tejasvi/Desktop/airflow_ssh_simulation/dags/distributed_minio_deployment.py took 0.182 seconds
[2026-03-17T23:37:46.557+0530] {processor.py:161} INFO - Started process (PID=164870) to work on /home/tejasvi/Desktop/airflow_ssh_simulation/dags/distributed_minio_deployment.py
[2026-03-17T23:37:46.619+0530] {processor.py:830} INFO - Processing file /home/tejasvi/Desktop/airflow_ssh_simulation/dags/distributed_minio_deployment.py for tasks to queue
[2026-03-17T23:37:46.623+0530] {logging_mixin.py:188} INFO - [2026-03-17T23:37:46.622+0530] {dagbag.py:540} INFO - Filling up the DagBag from /home/tejasvi/Desktop/airflow_ssh_simulation/dags/distributed_minio_deployment.py
[2026-03-17T23:37:46.635+0530] {processor.py:840} INFO - DAG(s) 'distributed_minio_deployment' retrieved from /home/tejasvi/Desktop/airflow_ssh_simulation/dags/distributed_minio_deployment.py
[2026-03-17T23:37:46.659+0530] {logging_mixin.py:188} INFO - [2026-03-17T23:37:46.658+0530] {dag.py:3047} INFO - Sync 1 DAGs
[2026-03-17T23:37:46.671+0530] {logging_mixin.py:188} INFO - [2026-03-17T23:37:46.670+0530] {dag.py:3834} INFO - Setting next_dagrun for distributed_minio_deployment to None, run_after=None
[2026-03-17T23:37:46.746+0530] {processor.py:183} INFO - Processing /home/tejasvi/Desktop/airflow_ssh_simulation/dags/distributed_minio_deployment.py took 0.193 seconds
[2026-03-17T23:38:56.477+0530] {processor.py:161} INFO - Started process (PID=164980) to work on /home/tejasvi/Desktop/airflow_ssh_simulation/dags/distributed_minio_deployment.py
[2026-03-17T23:38:56.509+0530] {processor.py:830} INFO - Processing file /home/tejasvi/Desktop/airflow_ssh_simulation/dags/distributed_minio_deployment.py for tasks to queue
[2026-03-17T23:38:56.511+0530] {logging_mixin.py:188} INFO - [2026-03-17T23:38:56.510+0530] {dagbag.py:540} INFO - Filling up the DagBag from /home/tejasvi/Desktop/airflow_ssh_simulation/dags/distributed_minio_deployment.py
[2026-03-17T23:38:56.519+0530] {processor.py:840} INFO - DAG(s) 'distributed_minio_deployment' retrieved from /home/tejasvi/Desktop/airflow_ssh_simulation/dags/distributed_minio_deployment.py
[2026-03-17T23:38:56.536+0530] {logging_mixin.py:188} INFO - [2026-03-17T23:38:56.536+0530] {dag.py:3047} INFO - Sync 1 DAGs
[2026-03-17T23:38:56.549+0530] {logging_mixin.py:188} INFO - [2026-03-17T23:38:56.549+0530] {dag.py:3834} INFO - Setting next_dagrun for distributed_minio_deployment to None, run_after=None
[2026-03-17T23:38:56.587+0530] {processor.py:183} INFO - Processing /home/tejasvi/Desktop/airflow_ssh_simulation/dags/distributed_minio_deployment.py took 0.116 seconds
[2026-03-17T23:40:06.407+0530] {processor.py:161} INFO - Started process (PID=165059) to work on /home/tejasvi/Desktop/airflow_ssh_simulation/dags/distributed_minio_deployment.py
[2026-03-17T23:40:06.487+0530] {processor.py:830} INFO - Processing file /home/tejasvi/Desktop/airflow_ssh_simulation/dags/distributed_minio_deployment.py for tasks to queue
[2026-03-17T23:40:06.490+0530] {logging_mixin.py:188} INFO - [2026-03-17T23:40:06.490+0530] {dagbag.py:540} INFO - Filling up the DagBag from /home/tejasvi/Desktop/airflow_ssh_simulation/dags/distributed_minio_deployment.py
[2026-03-17T23:40:06.505+0530] {processor.py:840} INFO - DAG(s) 'distributed_minio_deployment' retrieved from /home/tejasvi/Desktop/airflow_ssh_simulation/dags/distributed_minio_deployment.py
[2026-03-17T23:40:06.535+0530] {logging_mixin.py:188} INFO - [2026-03-17T23:40:06.535+0530] {dag.py:3047} INFO - Sync 1 DAGs
[2026-03-17T23:40:06.547+0530] {logging_mixin.py:188} INFO - [2026-03-17T23:40:06.547+0530] {dag.py:3834} INFO - Setting next_dagrun for distributed_minio_deployment to None, run_after=None
[2026-03-17T23:40:06.614+0530] {processor.py:183} INFO - Processing /home/tejasvi/Desktop/airflow_ssh_simulation/dags/distributed_minio_deployment.py took 0.213 seconds
[2026-03-17T23:41:34.122+0530] {processor.py:161} INFO - Started process (PID=165237) to work on /home/tejasvi/Desktop/airflow_ssh_simulation/dags/distributed_minio_deployment.py
[2026-03-17T23:41:34.391+0530] {processor.py:830} INFO - Processing file /home/tejasvi/Desktop/airflow_ssh_simulation/dags/distributed_minio_deployment.py for tasks to queue
[2026-03-17T23:41:34.394+0530] {logging_mixin.py:188} INFO - [2026-03-17T23:41:34.393+0530] {dagbag.py:540} INFO - Filling up the DagBag from /home/tejasvi/Desktop/airflow_ssh_simulation/dags/distributed_minio_deployment.py
[2026-03-17T23:41:34.401+0530] {processor.py:840} INFO - DAG(s) 'distributed_minio_deployment' retrieved from /home/tejasvi/Desktop/airflow_ssh_simulation/dags/distributed_minio_deployment.py
[2026-03-17T23:41:34.433+0530] {logging_mixin.py:188} INFO - [2026-03-17T23:41:34.432+0530] {dag.py:3047} INFO - Sync 1 DAGs
[2026-03-17T23:41:34.449+0530] {logging_mixin.py:188} INFO - [2026-03-17T23:41:34.449+0530] {dag.py:3834} INFO - Setting next_dagrun for distributed_minio_deployment to None, run_after=None
[2026-03-17T23:41:34.504+0530] {processor.py:183} INFO - Processing /home/tejasvi/Desktop/airflow_ssh_simulation/dags/distributed_minio_deployment.py took 0.388 seconds
[2026-03-17T23:42:35.984+0530] {processor.py:161} INFO - Started process (PID=165341) to work on /home/tejasvi/Desktop/airflow_ssh_simulation/dags/distributed_minio_deployment.py
[2026-03-17T23:42:36.036+0530] {processor.py:830} INFO - Processing file /home/tejasvi/Desktop/airflow_ssh_simulation/dags/distributed_minio_deployment.py for tasks to queue
[2026-03-17T23:42:36.038+0530] {logging_mixin.py:188} INFO - [2026-03-17T23:42:36.038+0530] {dagbag.py:540} INFO - Filling up the DagBag from /home/tejasvi/Desktop/airflow_ssh_simulation/dags/distributed_minio_deployment.py
[2026-03-17T23:42:36.045+0530] {processor.py:840} INFO - DAG(s) 'distributed_minio_deployment' retrieved from /home/tejasvi/Desktop/airflow_ssh_simulation/dags/distributed_minio_deployment.py
[2026-03-17T23:42:36.060+0530] {logging_mixin.py:188} INFO - [2026-03-17T23:42:36.060+0530] {dag.py:3047} INFO - Sync 1 DAGs
[2026-03-17T23:42:36.071+0530] {logging_mixin.py:188} INFO - [2026-03-17T23:42:36.071+0530] {dag.py:3834} INFO - Setting next_dagrun for distributed_minio_deployment to None, run_after=None
[2026-03-17T23:42:36.104+0530] {processor.py:183} INFO - Processing /home/tejasvi/Desktop/airflow_ssh_simulation/dags/distributed_minio_deployment.py took 0.124 seconds
[2026-03-17T23:43:40.882+0530] {processor.py:161} INFO - Started process (PID=165428) to work on /home/tejasvi/Desktop/airflow_ssh_simulation/dags/distributed_minio_deployment.py
[2026-03-17T23:43:40.900+0530] {processor.py:830} INFO - Processing file /home/tejasvi/Desktop/airflow_ssh_simulation/dags/distributed_minio_deployment.py for tasks to queue
[2026-03-17T23:43:40.902+0530] {logging_mixin.py:188} INFO - [2026-03-17T23:43:40.902+0530] {dagbag.py:540} INFO - Filling up the DagBag from /home/tejasvi/Desktop/airflow_ssh_simulation/dags/distributed_minio_deployment.py
[2026-03-17T23:43:40.910+0530] {processor.py:840} INFO - DAG(s) 'distributed_minio_deployment' retrieved from /home/tejasvi/Desktop/airflow_ssh_simulation/dags/distributed_minio_deployment.py
[2026-03-17T23:43:40.925+0530] {logging_mixin.py:188} INFO - [2026-03-17T23:43:40.925+0530] {dag.py:3047} INFO - Sync 1 DAGs
[2026-03-17T23:43:40.936+0530] {logging_mixin.py:188} INFO - [2026-03-17T23:43:40.936+0530] {dag.py:3834} INFO - Setting next_dagrun for distributed_minio_deployment to None, run_after=None
[2026-03-17T23:43:40.969+0530] {processor.py:183} INFO - Processing /home/tejasvi/Desktop/airflow_ssh_simulation/dags/distributed_minio_deployment.py took 0.094 seconds
[2026-03-17T23:44:42.201+0530] {processor.py:161} INFO - Started process (PID=165503) to work on /home/tejasvi/Desktop/airflow_ssh_simulation/dags/distributed_minio_deployment.py
[2026-03-17T23:44:42.216+0530] {processor.py:830} INFO - Processing file /home/tejasvi/Desktop/airflow_ssh_simulation/dags/distributed_minio_deployment.py for tasks to queue
[2026-03-17T23:44:42.219+0530] {logging_mixin.py:188} INFO - [2026-03-17T23:44:42.218+0530] {dagbag.py:540} INFO - Filling up the DagBag from /home/tejasvi/Desktop/airflow_ssh_simulation/dags/distributed_minio_deployment.py
[2026-03-17T23:44:42.227+0530] {processor.py:840} INFO - DAG(s) 'distributed_minio_deployment' retrieved from /home/tejasvi/Desktop/airflow_ssh_simulation/dags/distributed_minio_deployment.py
[2026-03-17T23:44:42.242+0530] {logging_mixin.py:188} INFO - [2026-03-17T23:44:42.242+0530] {dag.py:3047} INFO - Sync 1 DAGs
[2026-03-17T23:44:42.254+0530] {logging_mixin.py:188} INFO - [2026-03-17T23:44:42.253+0530] {dag.py:3834} INFO - Setting next_dagrun for distributed_minio_deployment to None, run_after=None
[2026-03-17T23:44:42.288+0530] {processor.py:183} INFO - Processing /home/tejasvi/Desktop/airflow_ssh_simulation/dags/distributed_minio_deployment.py took 0.095 seconds
[2026-03-17T23:45:43.334+0530] {processor.py:161} INFO - Started process (PID=165585) to work on /home/tejasvi/Desktop/airflow_ssh_simulation/dags/distributed_minio_deployment.py
[2026-03-17T23:45:43.346+0530] {processor.py:830} INFO - Processing file /home/tejasvi/Desktop/airflow_ssh_simulation/dags/distributed_minio_deployment.py for tasks to queue
[2026-03-17T23:45:43.349+0530] {logging_mixin.py:188} INFO - [2026-03-17T23:45:43.349+0530] {dagbag.py:540} INFO - Filling up the DagBag from /home/tejasvi/Desktop/airflow_ssh_simulation/dags/distributed_minio_deployment.py
[2026-03-17T23:45:43.358+0530] {processor.py:840} INFO - DAG(s) 'distributed_minio_deployment' retrieved from /home/tejasvi/Desktop/airflow_ssh_simulation/dags/distributed_minio_deployment.py
[2026-03-17T23:45:43.375+0530] {logging_mixin.py:188} INFO - [2026-03-17T23:45:43.374+0530] {dag.py:3047} INFO - Sync 1 DAGs
[2026-03-17T23:45:43.387+0530] {logging_mixin.py:188} INFO - [2026-03-17T23:45:43.386+0530] {dag.py:3834} INFO - Setting next_dagrun for distributed_minio_deployment to None, run_after=None
[2026-03-17T23:45:43.424+0530] {processor.py:183} INFO - Processing /home/tejasvi/Desktop/airflow_ssh_simulation/dags/distributed_minio_deployment.py took 0.097 seconds
[2026-03-17T23:46:54.525+0530] {processor.py:161} INFO - Started process (PID=165712) to work on /home/tejasvi/Desktop/airflow_ssh_simulation/dags/distributed_minio_deployment.py
[2026-03-17T23:46:54.527+0530] {processor.py:830} INFO - Processing file /home/tejasvi/Desktop/airflow_ssh_simulation/dags/distributed_minio_deployment.py for tasks to queue
[2026-03-17T23:46:54.530+0530] {logging_mixin.py:188} INFO - [2026-03-17T23:46:54.530+0530] {dagbag.py:540} INFO - Filling up the DagBag from /home/tejasvi/Desktop/airflow_ssh_simulation/dags/distributed_minio_deployment.py
[2026-03-17T23:46:54.537+0530] {processor.py:840} INFO - DAG(s) 'distributed_minio_deployment' retrieved from /home/tejasvi/Desktop/airflow_ssh_simulation/dags/distributed_minio_deployment.py
[2026-03-17T23:46:54.552+0530] {logging_mixin.py:188} INFO - [2026-03-17T23:46:54.552+0530] {dag.py:3047} INFO - Sync 1 DAGs
[2026-03-17T23:46:54.563+0530] {logging_mixin.py:188} INFO - [2026-03-17T23:46:54.563+0530] {dag.py:3834} INFO - Setting next_dagrun for distributed_minio_deployment to None, run_after=None
[2026-03-17T23:46:54.601+0530] {processor.py:183} INFO - Processing /home/tejasvi/Desktop/airflow_ssh_simulation/dags/distributed_minio_deployment.py took 0.084 seconds
[2026-03-17T23:47:56.389+0530] {processor.py:161} INFO - Started process (PID=165797) to work on /home/tejasvi/Desktop/airflow_ssh_simulation/dags/distributed_minio_deployment.py
[2026-03-17T23:47:56.392+0530] {processor.py:830} INFO - Processing file /home/tejasvi/Desktop/airflow_ssh_simulation/dags/distributed_minio_deployment.py for tasks to queue
[2026-03-17T23:47:56.394+0530] {logging_mixin.py:188} INFO - [2026-03-17T23:47:56.393+0530] {dagbag.py:540} INFO - Filling up the DagBag from /home/tejasvi/Desktop/airflow_ssh_simulation/dags/distributed_minio_deployment.py
[2026-03-17T23:47:56.400+0530] {processor.py:840} INFO - DAG(s) 'distributed_minio_deployment' retrieved from /home/tejasvi/Desktop/airflow_ssh_simulation/dags/distributed_minio_deployment.py
[2026-03-17T23:47:56.415+0530] {logging_mixin.py:188} INFO - [2026-03-17T23:47:56.414+0530] {dag.py:3047} INFO - Sync 1 DAGs
[2026-03-17T23:47:56.425+0530] {logging_mixin.py:188} INFO - [2026-03-17T23:47:56.425+0530] {dag.py:3834} INFO - Setting next_dagrun for distributed_minio_deployment to None, run_after=None
[2026-03-17T23:47:56.459+0530] {processor.py:183} INFO - Processing /home/tejasvi/Desktop/airflow_ssh_simulation/dags/distributed_minio_deployment.py took 0.076 seconds
[2026-03-17T23:48:59.675+0530] {processor.py:161} INFO - Started process (PID=165894) to work on /home/tejasvi/Desktop/airflow_ssh_simulation/dags/distributed_minio_deployment.py
[2026-03-17T23:48:59.677+0530] {processor.py:830} INFO - Processing file /home/tejasvi/Desktop/airflow_ssh_simulation/dags/distributed_minio_deployment.py for tasks to queue
[2026-03-17T23:48:59.679+0530] {logging_mixin.py:188} INFO - [2026-03-17T23:48:59.679+0530] {dagbag.py:540} INFO - Filling up the DagBag from /home/tejasvi/Desktop/airflow_ssh_simulation/dags/distributed_minio_deployment.py
[2026-03-17T23:48:59.685+0530] {processor.py:840} INFO - DAG(s) 'distributed_minio_deployment' retrieved from /home/tejasvi/Desktop/airflow_ssh_simulation/dags/distributed_minio_deployment.py
[2026-03-17T23:48:59.701+0530] {logging_mixin.py:188} INFO - [2026-03-17T23:48:59.700+0530] {dag.py:3047} INFO - Sync 1 DAGs
[2026-03-17T23:48:59.711+0530] {logging_mixin.py:188} INFO - [2026-03-17T23:48:59.711+0530] {dag.py:3834} INFO - Setting next_dagrun for distributed_minio_deployment to None, run_after=None
[2026-03-17T23:48:59.744+0530] {processor.py:183} INFO - Processing /home/tejasvi/Desktop/airflow_ssh_simulation/dags/distributed_minio_deployment.py took 0.072 seconds
[2026-03-17T23:50:03.272+0530] {processor.py:161} INFO - Started process (PID=165990) to work on /home/tejasvi/Desktop/airflow_ssh_simulation/dags/distributed_minio_deployment.py
[2026-03-17T23:50:03.275+0530] {processor.py:830} INFO - Processing file /home/tejasvi/Desktop/airflow_ssh_simulation/dags/distributed_minio_deployment.py for tasks to queue
[2026-03-17T23:50:03.277+0530] {logging_mixin.py:188} INFO - [2026-03-17T23:50:03.277+0530] {dagbag.py:540} INFO - Filling up the DagBag from /home/tejasvi/Desktop/airflow_ssh_simulation/dags/distributed_minio_deployment.py
[2026-03-17T23:50:03.283+0530] {processor.py:840} INFO - DAG(s) 'distributed_minio_deployment' retrieved from /home/tejasvi/Desktop/airflow_ssh_simulation/dags/distributed_minio_deployment.py
[2026-03-17T23:50:03.298+0530] {logging_mixin.py:188} INFO - [2026-03-17T23:50:03.298+0530] {dag.py:3047} INFO - Sync 1 DAGs
[2026-03-17T23:50:03.309+0530] {logging_mixin.py:188} INFO - [2026-03-17T23:50:03.309+0530] {dag.py:3834} INFO - Setting next_dagrun for distributed_minio_deployment to None, run_after=None
[2026-03-17T23:50:03.343+0530] {processor.py:183} INFO - Processing /home/tejasvi/Desktop/airflow_ssh_simulation/dags/distributed_minio_deployment.py took 0.077 seconds
[2026-03-17T23:51:08.227+0530] {processor.py:161} INFO - Started process (PID=166109) to work on /home/tejasvi/Desktop/airflow_ssh_simulation/dags/distributed_minio_deployment.py
[2026-03-17T23:51:08.229+0530] {processor.py:830} INFO - Processing file /home/tejasvi/Desktop/airflow_ssh_simulation/dags/distributed_minio_deployment.py for tasks to queue
[2026-03-17T23:51:08.230+0530] {logging_mixin.py:188} INFO - [2026-03-17T23:51:08.230+0530] {dagbag.py:540} INFO - Filling up the DagBag from /home/tejasvi/Desktop/airflow_ssh_simulation/dags/distributed_minio_deployment.py
[2026-03-17T23:51:08.236+0530] {processor.py:840} INFO - DAG(s) 'distributed_minio_deployment' retrieved from /home/tejasvi/Desktop/airflow_ssh_simulation/dags/distributed_minio_deployment.py
[2026-03-17T23:51:08.253+0530] {logging_mixin.py:188} INFO - [2026-03-17T23:51:08.253+0530] {dag.py:3047} INFO - Sync 1 DAGs
[2026-03-17T23:51:08.265+0530] {logging_mixin.py:188} INFO - [2026-03-17T23:51:08.265+0530] {dag.py:3834} INFO - Setting next_dagrun for distributed_minio_deployment to None, run_after=None
[2026-03-17T23:51:08.299+0530] {processor.py:183} INFO - Processing /home/tejasvi/Desktop/airflow_ssh_simulation/dags/distributed_minio_deployment.py took 0.079 seconds
[2026-03-17T23:52:14.291+0530] {processor.py:161} INFO - Started process (PID=166207) to work on /home/tejasvi/Desktop/airflow_ssh_simulation/dags/distributed_minio_deployment.py
[2026-03-17T23:52:14.294+0530] {processor.py:830} INFO - Processing file /home/tejasvi/Desktop/airflow_ssh_simulation/dags/distributed_minio_deployment.py for tasks to queue
[2026-03-17T23:52:14.296+0530] {logging_mixin.py:188} INFO - [2026-03-17T23:52:14.296+0530] {dagbag.py:540} INFO - Filling up the DagBag from /home/tejasvi/Desktop/airflow_ssh_simulation/dags/distributed_minio_deployment.py
[2026-03-17T23:52:14.303+0530] {processor.py:840} INFO - DAG(s) 'distributed_minio_deployment' retrieved from /home/tejasvi/Desktop/airflow_ssh_simulation/dags/distributed_minio_deployment.py
[2026-03-17T23:52:14.318+0530] {logging_mixin.py:188} INFO - [2026-03-17T23:52:14.317+0530] {dag.py:3047} INFO - Sync 1 DAGs
[2026-03-17T23:52:14.328+0530] {logging_mixin.py:188} INFO - [2026-03-17T23:52:14.328+0530] {dag.py:3834} INFO - Setting next_dagrun for distributed_minio_deployment to None, run_after=None
[2026-03-17T23:52:14.362+0530] {processor.py:183} INFO - Processing /home/tejasvi/Desktop/airflow_ssh_simulation/dags/distributed_minio_deployment.py took 0.078 seconds
[2026-03-17T23:53:20.558+0530] {processor.py:161} INFO - Started process (PID=166294) to work on /home/tejasvi/Desktop/airflow_ssh_simulation/dags/distributed_minio_deployment.py
[2026-03-17T23:53:20.560+0530] {processor.py:830} INFO - Processing file /home/tejasvi/Desktop/airflow_ssh_simulation/dags/distributed_minio_deployment.py for tasks to queue
[2026-03-17T23:53:20.562+0530] {logging_mixin.py:188} INFO - [2026-03-17T23:53:20.561+0530] {dagbag.py:540} INFO - Filling up the DagBag from /home/tejasvi/Desktop/airflow_ssh_simulation/dags/distributed_minio_deployment.py
[2026-03-17T23:53:20.568+0530] {processor.py:840} INFO - DAG(s) 'distributed_minio_deployment' retrieved from /home/tejasvi/Desktop/airflow_ssh_simulation/dags/distributed_minio_deployment.py
[2026-03-17T23:53:20.583+0530] {logging_mixin.py:188} INFO - [2026-03-17T23:53:20.583+0530] {dag.py:3047} INFO - Sync 1 DAGs
[2026-03-17T23:53:20.594+0530] {logging_mixin.py:188} INFO - [2026-03-17T23:53:20.593+0530] {dag.py:3834} INFO - Setting next_dagrun for distributed_minio_deployment to None, run_after=None
[2026-03-17T23:53:20.627+0530] {processor.py:183} INFO - Processing /home/tejasvi/Desktop/airflow_ssh_simulation/dags/distributed_minio_deployment.py took 0.076 seconds
[2026-03-17T23:54:23.338+0530] {processor.py:161} INFO - Started process (PID=166382) to work on /home/tejasvi/Desktop/airflow_ssh_simulation/dags/distributed_minio_deployment.py
[2026-03-17T23:54:23.340+0530] {processor.py:830} INFO - Processing file /home/tejasvi/Desktop/airflow_ssh_simulation/dags/distributed_minio_deployment.py for tasks to queue
[2026-03-17T23:54:23.343+0530] {logging_mixin.py:188} INFO - [2026-03-17T23:54:23.343+0530] {dagbag.py:540} INFO - Filling up the DagBag from /home/tejasvi/Desktop/airflow_ssh_simulation/dags/distributed_minio_deployment.py
[2026-03-17T23:54:23.350+0530] {processor.py:840} INFO - DAG(s) 'distributed_minio_deployment' retrieved from /home/tejasvi/Desktop/airflow_ssh_simulation/dags/distributed_minio_deployment.py
[2026-03-17T23:54:23.367+0530] {logging_mixin.py:188} INFO - [2026-03-17T23:54:23.366+0530] {dag.py:3047} INFO - Sync 1 DAGs
[2026-03-17T23:54:23.378+0530] {logging_mixin.py:188} INFO - [2026-03-17T23:54:23.378+0530] {dag.py:3834} INFO - Setting next_dagrun for distributed_minio_deployment to None, run_after=None
[2026-03-17T23:54:23.412+0530] {processor.py:183} INFO - Processing /home/tejasvi/Desktop/airflow_ssh_simulation/dags/distributed_minio_deployment.py took 0.080 seconds
[2026-03-17T23:55:25.794+0530] {processor.py:161} INFO - Started process (PID=166467) to work on /home/tejasvi/Desktop/airflow_ssh_simulation/dags/distributed_minio_deployment.py
[2026-03-17T23:55:25.796+0530] {processor.py:830} INFO - Processing file /home/tejasvi/Desktop/airflow_ssh_simulation/dags/distributed_minio_deployment.py for tasks to queue
[2026-03-17T23:55:25.799+0530] {logging_mixin.py:188} INFO - [2026-03-17T23:55:25.798+0530] {dagbag.py:540} INFO - Filling up the DagBag from /home/tejasvi/Desktop/airflow_ssh_simulation/dags/distributed_minio_deployment.py
[2026-03-17T23:55:25.807+0530] {processor.py:840} INFO - DAG(s) 'distributed_minio_deployment' retrieved from /home/tejasvi/Desktop/airflow_ssh_simulation/dags/distributed_minio_deployment.py
[2026-03-17T23:55:25.826+0530] {logging_mixin.py:188} INFO - [2026-03-17T23:55:25.825+0530] {dag.py:3047} INFO - Sync 1 DAGs
[2026-03-17T23:55:25.839+0530] {logging_mixin.py:188} INFO - [2026-03-17T23:55:25.839+0530] {dag.py:3834} INFO - Setting next_dagrun for distributed_minio_deployment to None, run_after=None
[2026-03-17T23:55:25.877+0530] {processor.py:183} INFO - Processing /home/tejasvi/Desktop/airflow_ssh_simulation/dags/distributed_minio_deployment.py took 0.087 seconds
[2026-03-17T23:56:34.104+0530] {processor.py:161} INFO - Started process (PID=166611) to work on /home/tejasvi/Desktop/airflow_ssh_simulation/dags/distributed_minio_deployment.py
[2026-03-17T23:56:34.107+0530] {processor.py:830} INFO - Processing file /home/tejasvi/Desktop/airflow_ssh_simulation/dags/distributed_minio_deployment.py for tasks to queue
[2026-03-17T23:56:34.110+0530] {logging_mixin.py:188} INFO - [2026-03-17T23:56:34.109+0530] {dagbag.py:540} INFO - Filling up the DagBag from /home/tejasvi/Desktop/airflow_ssh_simulation/dags/distributed_minio_deployment.py
[2026-03-17T23:56:34.117+0530] {processor.py:840} INFO - DAG(s) 'distributed_minio_deployment' retrieved from /home/tejasvi/Desktop/airflow_ssh_simulation/dags/distributed_minio_deployment.py
[2026-03-17T23:56:34.135+0530] {logging_mixin.py:188} INFO - [2026-03-17T23:56:34.134+0530] {dag.py:3047} INFO - Sync 1 DAGs
[2026-03-17T23:56:34.147+0530] {logging_mixin.py:188} INFO - [2026-03-17T23:56:34.147+0530] {dag.py:3834} INFO - Setting next_dagrun for distributed_minio_deployment to None, run_after=None
[2026-03-17T23:56:34.182+0530] {processor.py:183} INFO - Processing /home/tejasvi/Desktop/airflow_ssh_simulation/dags/distributed_minio_deployment.py took 0.084 seconds
[2026-03-17T23:58:37.650+0530] {processor.py:161} INFO - Started process (PID=167753) to work on /home/tejasvi/Desktop/airflow_ssh_simulation/dags/distributed_minio_deployment.py
[2026-03-17T23:58:37.652+0530] {processor.py:830} INFO - Processing file /home/tejasvi/Desktop/airflow_ssh_simulation/dags/distributed_minio_deployment.py for tasks to queue
[2026-03-17T23:58:37.654+0530] {logging_mixin.py:188} INFO - [2026-03-17T23:58:37.653+0530] {dagbag.py:540} INFO - Filling up the DagBag from /home/tejasvi/Desktop/airflow_ssh_simulation/dags/distributed_minio_deployment.py
[2026-03-17T23:58:37.665+0530] {processor.py:840} INFO - DAG(s) 'distributed_minio_deployment' retrieved from /home/tejasvi/Desktop/airflow_ssh_simulation/dags/distributed_minio_deployment.py
[2026-03-17T23:58:37.684+0530] {logging_mixin.py:188} INFO - [2026-03-17T23:58:37.684+0530] {dag.py:3047} INFO - Sync 1 DAGs
[2026-03-17T23:58:37.700+0530] {logging_mixin.py:188} INFO - [2026-03-17T23:58:37.700+0530] {dag.py:3834} INFO - Setting next_dagrun for distributed_minio_deployment to None, run_after=None
[2026-03-17T23:58:37.740+0530] {processor.py:183} INFO - Processing /home/tejasvi/Desktop/airflow_ssh_simulation/dags/distributed_minio_deployment.py took 0.097 seconds
[2026-03-18T00:00:06.640+0530] {processor.py:161} INFO - Started process (PID=168284) to work on /home/tejasvi/Desktop/airflow_ssh_simulation/dags/distributed_minio_deployment.py
[2026-03-18T00:00:06.642+0530] {processor.py:830} INFO - Processing file /home/tejasvi/Desktop/airflow_ssh_simulation/dags/distributed_minio_deployment.py for tasks to queue
[2026-03-18T00:00:06.644+0530] {logging_mixin.py:188} INFO - [2026-03-18T00:00:06.644+0530] {dagbag.py:540} INFO - Filling up the DagBag from /home/tejasvi/Desktop/airflow_ssh_simulation/dags/distributed_minio_deployment.py
[2026-03-18T00:00:06.654+0530] {processor.py:840} INFO - DAG(s) 'distributed_minio_deployment' retrieved from /home/tejasvi/Desktop/airflow_ssh_simulation/dags/distributed_minio_deployment.py
[2026-03-18T00:00:06.670+0530] {logging_mixin.py:188} INFO - [2026-03-18T00:00:06.670+0530] {dag.py:3047} INFO - Sync 1 DAGs
[2026-03-18T00:00:06.682+0530] {logging_mixin.py:188} INFO - [2026-03-18T00:00:06.682+0530] {dag.py:3834} INFO - Setting next_dagrun for distributed_minio_deployment to None, run_after=None
[2026-03-18T00:00:06.718+0530] {processor.py:183} INFO - Processing /home/tejasvi/Desktop/airflow_ssh_simulation/dags/distributed_minio_deployment.py took 0.084 seconds
[2026-03-18T00:01:01.662+0530] {processor.py:161} INFO - Started process (PID=168395) to work on /home/tejasvi/Desktop/airflow_ssh_simulation/dags/distributed_minio_deployment.py
[2026-03-18T00:01:01.664+0530] {processor.py:830} INFO - Processing file /home/tejasvi/Desktop/airflow_ssh_simulation/dags/distributed_minio_deployment.py for tasks to queue
[2026-03-18T00:01:01.666+0530] {logging_mixin.py:188} INFO - [2026-03-18T00:01:01.666+0530] {dagbag.py:540} INFO - Filling up the DagBag from /home/tejasvi/Desktop/airflow_ssh_simulation/dags/distributed_minio_deployment.py
[2026-03-18T00:01:01.673+0530] {processor.py:840} INFO - DAG(s) 'distributed_minio_deployment' retrieved from /home/tejasvi/Desktop/airflow_ssh_simulation/dags/distributed_minio_deployment.py
[2026-03-18T00:01:01.688+0530] {logging_mixin.py:188} INFO - [2026-03-18T00:01:01.688+0530] {dag.py:3047} INFO - Sync 1 DAGs
[2026-03-18T00:01:01.699+0530] {logging_mixin.py:188} INFO - [2026-03-18T00:01:01.699+0530] {dag.py:3834} INFO - Setting next_dagrun for distributed_minio_deployment to None, run_after=None
[2026-03-18T00:01:01.736+0530] {processor.py:183} INFO - Processing /home/tejasvi/Desktop/airflow_ssh_simulation/dags/distributed_minio_deployment.py took 0.082 seconds
[2026-03-18T00:02:10.608+0530] {processor.py:161} INFO - Started process (PID=168501) to work on /home/tejasvi/Desktop/airflow_ssh_simulation/dags/distributed_minio_deployment.py
[2026-03-18T00:02:10.610+0530] {processor.py:830} INFO - Processing file /home/tejasvi/Desktop/airflow_ssh_simulation/dags/distributed_minio_deployment.py for tasks to queue
[2026-03-18T00:02:10.612+0530] {logging_mixin.py:188} INFO - [2026-03-18T00:02:10.612+0530] {dagbag.py:540} INFO - Filling up the DagBag from /home/tejasvi/Desktop/airflow_ssh_simulation/dags/distributed_minio_deployment.py
[2026-03-18T00:02:10.619+0530] {processor.py:840} INFO - DAG(s) 'distributed_minio_deployment' retrieved from /home/tejasvi/Desktop/airflow_ssh_simulation/dags/distributed_minio_deployment.py
[2026-03-18T00:02:10.635+0530] {logging_mixin.py:188} INFO - [2026-03-18T00:02:10.634+0530] {dag.py:3047} INFO - Sync 1 DAGs
[2026-03-18T00:02:10.646+0530] {logging_mixin.py:188} INFO - [2026-03-18T00:02:10.645+0530] {dag.py:3834} INFO - Setting next_dagrun for distributed_minio_deployment to None, run_after=None
[2026-03-18T00:02:10.680+0530] {processor.py:183} INFO - Processing /home/tejasvi/Desktop/airflow_ssh_simulation/dags/distributed_minio_deployment.py took 0.079 seconds
[2026-03-18T00:03:17.751+0530] {processor.py:161} INFO - Started process (PID=168587) to work on /home/tejasvi/Desktop/airflow_ssh_simulation/dags/distributed_minio_deployment.py
[2026-03-18T00:03:17.753+0530] {processor.py:830} INFO - Processing file /home/tejasvi/Desktop/airflow_ssh_simulation/dags/distributed_minio_deployment.py for tasks to queue
[2026-03-18T00:03:17.755+0530] {logging_mixin.py:188} INFO - [2026-03-18T00:03:17.754+0530] {dagbag.py:540} INFO - Filling up the DagBag from /home/tejasvi/Desktop/airflow_ssh_simulation/dags/distributed_minio_deployment.py
[2026-03-18T00:03:17.761+0530] {processor.py:840} INFO - DAG(s) 'distributed_minio_deployment' retrieved from /home/tejasvi/Desktop/airflow_ssh_simulation/dags/distributed_minio_deployment.py
[2026-03-18T00:03:17.777+0530] {logging_mixin.py:188} INFO - [2026-03-18T00:03:17.776+0530] {dag.py:3047} INFO - Sync 1 DAGs
[2026-03-18T00:03:17.788+0530] {logging_mixin.py:188} INFO - [2026-03-18T00:03:17.788+0530] {dag.py:3834} INFO - Setting next_dagrun for distributed_minio_deployment to None, run_after=None
[2026-03-18T00:03:17.821+0530] {processor.py:183} INFO - Processing /home/tejasvi/Desktop/airflow_ssh_simulation/dags/distributed_minio_deployment.py took 0.078 seconds
[2026-03-18T00:04:21.989+0530] {processor.py:161} INFO - Started process (PID=168689) to work on /home/tejasvi/Desktop/airflow_ssh_simulation/dags/distributed_minio_deployment.py
[2026-03-18T00:04:21.991+0530] {processor.py:830} INFO - Processing file /home/tejasvi/Desktop/airflow_ssh_simulation/dags/distributed_minio_deployment.py for tasks to queue
[2026-03-18T00:04:21.993+0530] {logging_mixin.py:188} INFO - [2026-03-18T00:04:21.992+0530] {dagbag.py:540} INFO - Filling up the DagBag from /home/tejasvi/Desktop/airflow_ssh_simulation/dags/distributed_minio_deployment.py
[2026-03-18T00:04:22.000+0530] {processor.py:840} INFO - DAG(s) 'distributed_minio_deployment' retrieved from /home/tejasvi/Desktop/airflow_ssh_simulation/dags/distributed_minio_deployment.py
[2026-03-18T00:04:22.017+0530] {logging_mixin.py:188} INFO - [2026-03-18T00:04:22.017+0530] {dag.py:3047} INFO - Sync 1 DAGs
[2026-03-18T00:04:22.029+0530] {logging_mixin.py:188} INFO - [2026-03-18T00:04:22.029+0530] {dag.py:3834} INFO - Setting next_dagrun for distributed_minio_deployment to None, run_after=None
[2026-03-18T00:04:22.064+0530] {processor.py:183} INFO - Processing /home/tejasvi/Desktop/airflow_ssh_simulation/dags/distributed_minio_deployment.py took 0.082 seconds
[2026-03-18T00:05:27.699+0530] {processor.py:161} INFO - Started process (PID=168779) to work on /home/tejasvi/Desktop/airflow_ssh_simulation/dags/distributed_minio_deployment.py
[2026-03-18T00:05:27.702+0530] {processor.py:830} INFO - Processing file /home/tejasvi/Desktop/airflow_ssh_simulation/dags/distributed_minio_deployment.py for tasks to queue
[2026-03-18T00:05:27.704+0530] {logging_mixin.py:188} INFO - [2026-03-18T00:05:27.703+0530] {dagbag.py:540} INFO - Filling up the DagBag from /home/tejasvi/Desktop/airflow_ssh_simulation/dags/distributed_minio_deployment.py
[2026-03-18T00:05:27.711+0530] {processor.py:840} INFO - DAG(s) 'distributed_minio_deployment' retrieved from /home/tejasvi/Desktop/airflow_ssh_simulation/dags/distributed_minio_deployment.py
[2026-03-18T00:05:27.726+0530] {logging_mixin.py:188} INFO - [2026-03-18T00:05:27.725+0530] {dag.py:3047} INFO - Sync 1 DAGs
[2026-03-18T00:05:27.737+0530] {logging_mixin.py:188} INFO - [2026-03-18T00:05:27.737+0530] {dag.py:3834} INFO - Setting next_dagrun for distributed_minio_deployment to None, run_after=None
[2026-03-18T00:05:27.770+0530] {processor.py:183} INFO - Processing /home/tejasvi/Desktop/airflow_ssh_simulation/dags/distributed_minio_deployment.py took 0.078 seconds
[2026-03-18T00:06:31.994+0530] {processor.py:161} INFO - Started process (PID=168892) to work on /home/tejasvi/Desktop/airflow_ssh_simulation/dags/distributed_minio_deployment.py
[2026-03-18T00:06:31.997+0530] {processor.py:830} INFO - Processing file /home/tejasvi/Desktop/airflow_ssh_simulation/dags/distributed_minio_deployment.py for tasks to queue
[2026-03-18T00:06:31.999+0530] {logging_mixin.py:188} INFO - [2026-03-18T00:06:31.999+0530] {dagbag.py:540} INFO - Filling up the DagBag from /home/tejasvi/Desktop/airflow_ssh_simulation/dags/distributed_minio_deployment.py
[2026-03-18T00:06:32.007+0530] {processor.py:840} INFO - DAG(s) 'distributed_minio_deployment' retrieved from /home/tejasvi/Desktop/airflow_ssh_simulation/dags/distributed_minio_deployment.py
[2026-03-18T00:06:32.024+0530] {logging_mixin.py:188} INFO - [2026-03-18T00:06:32.023+0530] {dag.py:3047} INFO - Sync 1 DAGs
[2026-03-18T00:06:32.036+0530] {logging_mixin.py:188} INFO - [2026-03-18T00:06:32.036+0530] {dag.py:3834} INFO - Setting next_dagrun for distributed_minio_deployment to None, run_after=None
[2026-03-18T00:06:32.071+0530] {processor.py:183} INFO - Processing /home/tejasvi/Desktop/airflow_ssh_simulation/dags/distributed_minio_deployment.py took 0.084 seconds
[2026-03-18T00:07:42.655+0530] {processor.py:161} INFO - Started process (PID=168991) to work on /home/tejasvi/Desktop/airflow_ssh_simulation/dags/distributed_minio_deployment.py
[2026-03-18T00:07:42.658+0530] {processor.py:830} INFO - Processing file /home/tejasvi/Desktop/airflow_ssh_simulation/dags/distributed_minio_deployment.py for tasks to queue
[2026-03-18T00:07:42.660+0530] {logging_mixin.py:188} INFO - [2026-03-18T00:07:42.659+0530] {dagbag.py:540} INFO - Filling up the DagBag from /home/tejasvi/Desktop/airflow_ssh_simulation/dags/distributed_minio_deployment.py
[2026-03-18T00:07:42.667+0530] {processor.py:840} INFO - DAG(s) 'distributed_minio_deployment' retrieved from /home/tejasvi/Desktop/airflow_ssh_simulation/dags/distributed_minio_deployment.py
[2026-03-18T00:07:42.685+0530] {logging_mixin.py:188} INFO - [2026-03-18T00:07:42.684+0530] {dag.py:3047} INFO - Sync 1 DAGs
[2026-03-18T00:07:42.697+0530] {logging_mixin.py:188} INFO - [2026-03-18T00:07:42.697+0530] {dag.py:3834} INFO - Setting next_dagrun for distributed_minio_deployment to None, run_after=None
[2026-03-18T00:07:42.731+0530] {processor.py:183} INFO - Processing /home/tejasvi/Desktop/airflow_ssh_simulation/dags/distributed_minio_deployment.py took 0.084 seconds
