[2026-03-06T13:09:30.884+0000] {local_task_job_runner.py:120} INFO - ::group::Pre task execution logs
[2026-03-06T13:09:31.170+0000] {taskinstance.py:2076} INFO - Dependencies all met for dep_context=non-requeueable deps ti=<TaskInstance: deployment_workflow.create_airflow_connections manual__2026-03-06T13:08:37.940097 [queued]>
[2026-03-06T13:09:31.323+0000] {taskinstance.py:2076} INFO - Dependencies all met for dep_context=requeueable deps ti=<TaskInstance: deployment_workflow.create_airflow_connections manual__2026-03-06T13:08:37.940097 [queued]>
[2026-03-06T13:09:31.328+0000] {taskinstance.py:2306} INFO - Starting attempt 1 of 1
[2026-03-06T13:09:31.612+0000] {taskinstance.py:2330} INFO - Executing <Task(PythonOperator): create_airflow_connections> on 2026-03-06 13:08:43.673118+00:00
[2026-03-06T13:09:31.806+0000] {warnings.py:110} WARNING - /home/***/.local/lib/python3.12/site-packages/***/task/task_runner/standard_task_runner.py:61: DeprecationWarning: This process (pid=618) is multi-threaded, use of fork() may lead to deadlocks in the child.
  pid = os.fork()

[2026-03-06T13:09:31.837+0000] {standard_task_runner.py:63} INFO - Started process 620 to run task
[2026-03-06T13:09:31.794+0000] {standard_task_runner.py:90} INFO - Running: ['***', 'tasks', 'run', 'deployment_workflow', 'create_***_connections', 'manual__2026-03-06T13:08:37.940097', '--job-id', '114', '--raw', '--subdir', 'DAGS_FOLDER/deployment_workflow.py', '--cfg-path', '/tmp/tmpdnrjj4xm']
[2026-03-06T13:09:31.884+0000] {standard_task_runner.py:91} INFO - Job 114: Subtask create_***_connections
[2026-03-06T13:09:33.423+0000] {task_command.py:426} INFO - Running <TaskInstance: deployment_workflow.create_airflow_connections manual__2026-03-06T13:08:37.940097 [running]> on host 7ab5aef854fa
[2026-03-06T13:09:36.607+0000] {taskinstance.py:2648} INFO - Exporting env vars: AIRFLOW_CTX_DAG_OWNER='***' AIRFLOW_CTX_DAG_ID='deployment_workflow' AIRFLOW_CTX_TASK_ID='create_***_connections' AIRFLOW_CTX_EXECUTION_DATE='2026-03-06T13:08:43.673118+00:00' AIRFLOW_CTX_TRY_NUMBER='1' AIRFLOW_CTX_DAG_RUN_ID='manual__2026-03-06T13:08:37.940097'
[2026-03-06T13:09:36.671+0000] {taskinstance.py:430} INFO - ::endgroup::
[2026-03-06T13:09:37.311+0000] {logging_mixin.py:188} INFO - Connection already exists: worker_node_192_168_1_5
[2026-03-06T13:09:37.318+0000] {python.py:237} INFO - Done. Returned value was: ['worker_node_192_168_1_5']
[2026-03-06T13:09:37.346+0000] {taskinstance.py:441} INFO - ::group::Post task execution logs
[2026-03-06T13:09:37.842+0000] {taskinstance.py:1206} INFO - Marking task as SUCCESS. dag_id=deployment_workflow, task_id=create_***_connections, run_id=manual__2026-03-06T13:08:37.940097, execution_date=20260306T130843, start_date=20260306T130931, end_date=20260306T130937
[2026-03-06T13:09:38.164+0000] {local_task_job_runner.py:240} INFO - Task exited with return code 0
[2026-03-06T13:09:39.062+0000] {taskinstance.py:3498} INFO - 1 downstream tasks scheduled from follow-on schedule check
[2026-03-06T13:09:39.094+0000] {local_task_job_runner.py:222} INFO - ::endgroup::
