[2026-03-08T02:46:06.885+0000] {local_task_job_runner.py:120} INFO - ::group::Pre task execution logs
[2026-03-08T02:46:06.902+0000] {taskinstance.py:2076} INFO - Dependencies all met for dep_context=non-requeueable deps ti=<TaskInstance: deployment_workflow.create_airflow_connections manual__2026-03-08T02:45:59.184273 [queued]>
[2026-03-08T02:46:06.910+0000] {taskinstance.py:2076} INFO - Dependencies all met for dep_context=requeueable deps ti=<TaskInstance: deployment_workflow.create_airflow_connections manual__2026-03-08T02:45:59.184273 [queued]>
[2026-03-08T02:46:06.912+0000] {taskinstance.py:2306} INFO - Starting attempt 1 of 1
[2026-03-08T02:46:06.928+0000] {taskinstance.py:2330} INFO - Executing <Task(PythonOperator): create_airflow_connections> on 2026-03-08 02:46:00.390523+00:00
[2026-03-08T02:46:06.943+0000] {warnings.py:110} WARNING - /home/***/.local/lib/python3.12/site-packages/***/task/task_runner/standard_task_runner.py:61: DeprecationWarning: This process (pid=610) is multi-threaded, use of fork() may lead to deadlocks in the child.
  pid = os.fork()

[2026-03-08T02:46:06.948+0000] {standard_task_runner.py:63} INFO - Started process 612 to run task
[2026-03-08T02:46:06.947+0000] {standard_task_runner.py:90} INFO - Running: ['***', 'tasks', 'run', 'deployment_workflow', 'create_***_connections', 'manual__2026-03-08T02:45:59.184273', '--job-id', '156', '--raw', '--subdir', 'DAGS_FOLDER/deployment_workflow.py', '--cfg-path', '/tmp/tmp3p10m78r']
[2026-03-08T02:46:06.952+0000] {standard_task_runner.py:91} INFO - Job 156: Subtask create_***_connections
[2026-03-08T02:46:07.022+0000] {task_command.py:426} INFO - Running <TaskInstance: deployment_workflow.create_airflow_connections manual__2026-03-08T02:45:59.184273 [running]> on host 0ad8c9765a82
[2026-03-08T02:46:07.125+0000] {taskinstance.py:2648} INFO - Exporting env vars: AIRFLOW_CTX_DAG_OWNER='***' AIRFLOW_CTX_DAG_ID='deployment_workflow' AIRFLOW_CTX_TASK_ID='create_***_connections' AIRFLOW_CTX_EXECUTION_DATE='2026-03-08T02:46:00.390523+00:00' AIRFLOW_CTX_TRY_NUMBER='1' AIRFLOW_CTX_DAG_RUN_ID='manual__2026-03-08T02:45:59.184273'
[2026-03-08T02:46:07.128+0000] {taskinstance.py:430} INFO - ::endgroup::
[2026-03-08T02:46:07.151+0000] {crypto.py:82} WARNING - empty cryptography key - values will not be stored encrypted.
[2026-03-08T02:46:07.160+0000] {logging_mixin.py:188} INFO - Created connection for 192.168.1.5
[2026-03-08T02:46:07.161+0000] {python.py:237} INFO - Done. Returned value was: ['worker_node_192_168_1_5']
[2026-03-08T02:46:07.161+0000] {taskinstance.py:441} INFO - ::group::Post task execution logs
[2026-03-08T02:46:07.195+0000] {taskinstance.py:1206} INFO - Marking task as SUCCESS. dag_id=deployment_workflow, task_id=create_***_connections, run_id=manual__2026-03-08T02:45:59.184273, execution_date=20260308T024600, start_date=20260308T024606, end_date=20260308T024607
[2026-03-08T02:46:07.244+0000] {local_task_job_runner.py:240} INFO - Task exited with return code 0
[2026-03-08T02:46:07.311+0000] {taskinstance.py:3498} INFO - 1 downstream tasks scheduled from follow-on schedule check
[2026-03-08T02:46:07.316+0000] {local_task_job_runner.py:222} INFO - ::endgroup::
