[2026-03-17T23:59:26.496+0530] {taskinstance.py:1979} INFO - Dependencies all met for dep_context=non-requeueable deps ti=<TaskInstance: distributed_minio_cleanup.stop_worker1 manual__2026-03-17T18:29:22.737516+00:00 [queued]>
[2026-03-17T23:59:26.506+0530] {taskinstance.py:1979} INFO - Dependencies all met for dep_context=requeueable deps ti=<TaskInstance: distributed_minio_cleanup.stop_worker1 manual__2026-03-17T18:29:22.737516+00:00 [queued]>
[2026-03-17T23:59:26.507+0530] {taskinstance.py:2193} INFO - Starting attempt 1 of 2
[2026-03-17T23:59:26.830+0530] {taskinstance.py:2214} INFO - Executing <Task(SSHOperator): stop_worker1> on 2026-03-17 18:29:22.737516+00:00
[2026-03-17T23:59:26.836+0530] {standard_task_runner.py:60} INFO - Started process 167817 to run task
[2026-03-17T23:59:26.844+0530] {standard_task_runner.py:87} INFO - Running: ['airflow', 'tasks', 'run', 'distributed_minio_cleanup', 'stop_worker1', 'manual__2026-03-17T18:29:22.737516+00:00', '--job-id', '9', '--raw', '--subdir', 'DAGS_FOLDER/distributed_minio_cleanup.py', '--cfg-path', '/tmp/tmppe_gcdsq']
[2026-03-17T23:59:26.846+0530] {standard_task_runner.py:88} INFO - Job 9: Subtask stop_worker1
[2026-03-17T23:59:27.769+0530] {task_command.py:423} INFO - Running <TaskInstance: distributed_minio_cleanup.stop_worker1 manual__2026-03-17T18:29:22.737516+00:00 [running]> on host tejasvi-Vostro-15-3515
[2026-03-17T23:59:27.891+0530] {taskinstance.py:2510} INFO - Exporting env vars: AIRFLOW_CTX_DAG_OWNER='airflow' AIRFLOW_CTX_DAG_ID='distributed_minio_cleanup' AIRFLOW_CTX_TASK_ID='stop_worker1' AIRFLOW_CTX_EXECUTION_DATE='2026-03-17T18:29:22.737516+00:00' AIRFLOW_CTX_TRY_NUMBER='1' AIRFLOW_CTX_DAG_RUN_ID='manual__2026-03-17T18:29:22.737516+00:00'
[2026-03-17T23:59:27.894+0530] {ssh.py:151} INFO - Creating ssh_client
[2026-03-17T23:59:27.895+0530] {ssh.py:124} INFO - ssh_hook is not provided or invalid. Trying ssh_conn_id to create SSHHook.
[2026-03-17T23:59:27.909+0530] {base.py:83} INFO - Using connection ID 'worker1' for task execution.
[2026-03-17T23:59:27.914+0530] {ssh.py:301} WARNING - No Host Key Verification. This won't protect against Man-In-The-Middle attacks
[2026-03-17T23:59:27.955+0530] {transport.py:1909} INFO - Connected (version 2.0, client OpenSSH_8.9p1)
[2026-03-17T23:59:28.184+0530] {transport.py:1909} INFO - Authentication (publickey) successful!
[2026-03-17T23:59:28.185+0530] {ssh.py:480} INFO - Running command: docker stop minio_worker1 || true
[2026-03-17T23:59:28.910+0530] {ssh.py:526} INFO - minio_worker1
[2026-03-17T23:59:28.979+0530] {taskinstance.py:1149} INFO - Marking task as SUCCESS. dag_id=distributed_minio_cleanup, task_id=stop_worker1, execution_date=20260317T182922, start_date=20260317T182926, end_date=20260317T182928
[2026-03-17T23:59:29.060+0530] {local_task_job_runner.py:234} INFO - Task exited with return code 0
[2026-03-17T23:59:29.098+0530] {taskinstance.py:3309} INFO - 1 downstream tasks scheduled from follow-on schedule check
