[2026-03-06T14:25:10.473+0000] {local_task_job_runner.py:120} INFO - ::group::Pre task execution logs
[2026-03-06T14:25:10.568+0000] {taskinstance.py:2076} INFO - Dependencies all met for dep_context=non-requeueable deps ti=<TaskInstance: deployment_workflow.get_worker_nodes manual__2026-03-06T14:24:53.095729 [queued]>
[2026-03-06T14:25:10.633+0000] {taskinstance.py:2076} INFO - Dependencies all met for dep_context=requeueable deps ti=<TaskInstance: deployment_workflow.get_worker_nodes manual__2026-03-06T14:24:53.095729 [queued]>
[2026-03-06T14:25:10.635+0000] {taskinstance.py:2306} INFO - Starting attempt 1 of 1
[2026-03-06T14:25:10.683+0000] {taskinstance.py:2330} INFO - Executing <Task(PythonOperator): get_worker_nodes> on 2026-03-06 14:24:55.754940+00:00
[2026-03-06T14:25:10.768+0000] {warnings.py:110} WARNING - /home/***/.local/lib/python3.12/site-packages/***/task/task_runner/standard_task_runner.py:61: DeprecationWarning: This process (pid=625) is multi-threaded, use of fork() may lead to deadlocks in the child.
  pid = os.fork()

[2026-03-06T14:25:10.774+0000] {standard_task_runner.py:63} INFO - Started process 627 to run task
[2026-03-06T14:25:10.785+0000] {standard_task_runner.py:90} INFO - Running: ['***', 'tasks', 'run', 'deployment_workflow', 'get_worker_nodes', 'manual__2026-03-06T14:24:53.095729', '--job-id', '127', '--raw', '--subdir', 'DAGS_FOLDER/deployment_workflow.py', '--cfg-path', '/tmp/tmptzf_7n7b']
[2026-03-06T14:25:10.790+0000] {standard_task_runner.py:91} INFO - Job 127: Subtask get_worker_nodes
[2026-03-06T14:25:10.967+0000] {task_command.py:426} INFO - Running <TaskInstance: deployment_workflow.get_worker_nodes manual__2026-03-06T14:24:53.095729 [running]> on host 0ad8c9765a82
[2026-03-06T14:25:11.434+0000] {taskinstance.py:2648} INFO - Exporting env vars: AIRFLOW_CTX_DAG_OWNER='***' AIRFLOW_CTX_DAG_ID='deployment_workflow' AIRFLOW_CTX_TASK_ID='get_worker_nodes' AIRFLOW_CTX_EXECUTION_DATE='2026-03-06T14:24:55.754940+00:00' AIRFLOW_CTX_TRY_NUMBER='1' AIRFLOW_CTX_DAG_RUN_ID='manual__2026-03-06T14:24:53.095729'
[2026-03-06T14:25:11.454+0000] {taskinstance.py:430} INFO - ::endgroup::
[2026-03-06T14:25:11.857+0000] {logging_mixin.py:188} INFO - Found 1 reachable nodes
[2026-03-06T14:25:11.862+0000] {logging_mixin.py:188} INFO -  - 192.168.1.5 (sshuser)
[2026-03-06T14:25:11.878+0000] {python.py:237} INFO - Done. Returned value was: [{'ip': '192.168.1.5', 'username': 'sshuser', 'password': '***', 'status': 'reachable', 'last_checked': '2026-03-06T13:55:36.892523'}]
[2026-03-06T14:25:11.884+0000] {taskinstance.py:441} INFO - ::group::Post task execution logs
[2026-03-06T14:25:12.021+0000] {taskinstance.py:1206} INFO - Marking task as SUCCESS. dag_id=deployment_workflow, task_id=get_worker_nodes, run_id=manual__2026-03-06T14:24:53.095729, execution_date=20260306T142455, start_date=20260306T142510, end_date=20260306T142512
[2026-03-06T14:25:12.206+0000] {local_task_job_runner.py:240} INFO - Task exited with return code 0
[2026-03-06T14:25:12.544+0000] {taskinstance.py:3498} INFO - 1 downstream tasks scheduled from follow-on schedule check
[2026-03-06T14:25:12.582+0000] {local_task_job_runner.py:222} INFO - ::endgroup::
