[2026-03-05T18:08:29.839+0000] {local_task_job_runner.py:120} INFO - ::group::Pre task execution logs
[2026-03-05T18:08:30.052+0000] {taskinstance.py:2076} INFO - Dependencies all met for dep_context=non-requeueable deps ti=<TaskInstance: deployment_workflow.check_node manual__2026-03-05T18:07:05.922190 [queued]>
[2026-03-05T18:08:30.208+0000] {taskinstance.py:2076} INFO - Dependencies all met for dep_context=requeueable deps ti=<TaskInstance: deployment_workflow.check_node manual__2026-03-05T18:07:05.922190 [queued]>
[2026-03-05T18:08:30.221+0000] {taskinstance.py:2306} INFO - Starting attempt 1 of 1
[2026-03-05T18:08:30.568+0000] {taskinstance.py:2330} INFO - Executing <Task(SSHOperator): check_node> on 2026-03-05 18:07:17.130841+00:00
[2026-03-05T18:08:30.731+0000] {warnings.py:110} WARNING - /home/***/.local/lib/python3.12/site-packages/***/task/task_runner/standard_task_runner.py:61: DeprecationWarning: This process (pid=2119) is multi-threaded, use of fork() may lead to deadlocks in the child.
  pid = os.fork()

[2026-03-05T18:08:30.827+0000] {standard_task_runner.py:63} INFO - Started process 2129 to run task
[2026-03-05T18:08:30.756+0000] {standard_task_runner.py:90} INFO - Running: ['***', 'tasks', 'run', 'deployment_workflow', 'check_node', 'manual__2026-03-05T18:07:05.922190', '--job-id', '15', '--raw', '--subdir', 'DAGS_FOLDER/deployment_workflow.py', '--cfg-path', '/tmp/tmpxgjyf8jo']
[2026-03-05T18:08:30.879+0000] {standard_task_runner.py:91} INFO - Job 15: Subtask check_node
[2026-03-05T18:08:31.371+0000] {task_command.py:426} INFO - Running <TaskInstance: deployment_workflow.check_node manual__2026-03-05T18:07:05.922190 [running]> on host 7ab5aef854fa
[2026-03-05T18:08:32.291+0000] {taskinstance.py:2648} INFO - Exporting env vars: AIRFLOW_CTX_DAG_OWNER='***' AIRFLOW_CTX_DAG_ID='deployment_workflow' AIRFLOW_CTX_TASK_ID='check_node' AIRFLOW_CTX_EXECUTION_DATE='2026-03-05T18:07:17.130841+00:00' AIRFLOW_CTX_TRY_NUMBER='1' AIRFLOW_CTX_DAG_RUN_ID='manual__2026-03-05T18:07:05.922190'
[2026-03-05T18:08:32.316+0000] {taskinstance.py:430} INFO - ::endgroup::
[2026-03-05T18:08:32.330+0000] {ssh.py:151} INFO - Creating ssh_client
[2026-03-05T18:08:32.346+0000] {ssh.py:124} INFO - ssh_hook is not provided or invalid. Trying ssh_conn_id to create SSHHook.
[2026-03-05T18:08:32.483+0000] {base.py:84} INFO - Using connection ID 'worker_node' for task execution.
[2026-03-05T18:08:32.526+0000] {ssh.py:301} WARNING - No Host Key Verification. This won't protect against Man-In-The-Middle attacks
[2026-03-05T18:08:33.529+0000] {transport.py:1909} INFO - Connected (version 2.0, client OpenSSH_for_Windows_9.5)
[2026-03-05T18:08:35.332+0000] {transport.py:1909} INFO - Authentication (password) successful!
[2026-03-05T18:08:35.435+0000] {ssh.py:480} INFO - Running command: hostname
[2026-03-05T18:08:36.943+0000] {ssh.py:526} INFO - LAPTOP-9CCR53BI
[2026-03-05T18:08:37.123+0000] {taskinstance.py:441} INFO - ::group::Post task execution logs
[2026-03-05T18:08:37.236+0000] {taskinstance.py:1206} INFO - Marking task as SUCCESS. dag_id=deployment_workflow, task_id=check_node, run_id=manual__2026-03-05T18:07:05.922190, execution_date=20260305T180717, start_date=20260305T180830, end_date=20260305T180837
[2026-03-05T18:08:49.501+0000] {local_task_job_runner.py:240} INFO - Task exited with return code 0
[2026-03-05T18:08:49.585+0000] {taskinstance.py:3498} INFO - 0 downstream tasks scheduled from follow-on schedule check
[2026-03-05T18:08:49.613+0000] {local_task_job_runner.py:222} INFO - ::endgroup::
