[2026-03-20T13:15:12.529+0530] {taskinstance.py:1979} INFO - Dependencies all met for dep_context=non-requeueable deps ti=<TaskInstance: nfs_dynamic_roles_deployment.create_client_volume manual__2026-03-20T07:44:42.388010+00:00 [queued]>
[2026-03-20T13:15:12.537+0530] {taskinstance.py:1979} INFO - Dependencies all met for dep_context=requeueable deps ti=<TaskInstance: nfs_dynamic_roles_deployment.create_client_volume manual__2026-03-20T07:44:42.388010+00:00 [queued]>
[2026-03-20T13:15:12.538+0530] {taskinstance.py:2193} INFO - Starting attempt 1 of 2
[2026-03-20T13:15:12.587+0530] {taskinstance.py:2214} INFO - Executing <Task(DynamicSSHOperator): create_client_volume> on 2026-03-20 07:44:42.388010+00:00
[2026-03-20T13:15:12.597+0530] {standard_task_runner.py:60} INFO - Started process 20237 to run task
[2026-03-20T13:15:12.604+0530] {standard_task_runner.py:87} INFO - Running: ['airflow', 'tasks', 'run', 'nfs_dynamic_roles_deployment', 'create_client_volume', 'manual__2026-03-20T07:44:42.388010+00:00', '--job-id', '100', '--raw', '--subdir', 'DAGS_FOLDER/NFS.py', '--cfg-path', '/tmp/tmpl1n5n2b3']
[2026-03-20T13:15:12.606+0530] {standard_task_runner.py:88} INFO - Job 100: Subtask create_client_volume
[2026-03-20T13:15:12.679+0530] {task_command.py:423} INFO - Running <TaskInstance: nfs_dynamic_roles_deployment.create_client_volume manual__2026-03-20T07:44:42.388010+00:00 [running]> on host tejasvi-Vostro-15-3515
[2026-03-20T13:15:12.794+0530] {taskinstance.py:2510} INFO - Exporting env vars: AIRFLOW_CTX_DAG_OWNER='airflow' AIRFLOW_CTX_DAG_ID='nfs_dynamic_roles_deployment' AIRFLOW_CTX_TASK_ID='create_client_volume' AIRFLOW_CTX_EXECUTION_DATE='2026-03-20T07:44:42.388010+00:00' AIRFLOW_CTX_TRY_NUMBER='1' AIRFLOW_CTX_DAG_RUN_ID='manual__2026-03-20T07:44:42.388010+00:00'
[2026-03-20T13:15:12.795+0530] {ssh.py:151} INFO - Creating ssh_client
[2026-03-20T13:15:12.795+0530] {ssh.py:124} INFO - ssh_hook is not provided or invalid. Trying ssh_conn_id to create SSHHook.
[2026-03-20T13:15:12.803+0530] {base.py:83} INFO - Using connection ID 'worker1' for task execution.
[2026-03-20T13:15:12.806+0530] {ssh.py:301} WARNING - No Host Key Verification. This won't protect against Man-In-The-Middle attacks
[2026-03-20T13:15:12.824+0530] {transport.py:1909} INFO - Connected (version 2.0, client OpenSSH_8.9p1)
[2026-03-20T13:15:13.055+0530] {transport.py:1909} INFO - Authentication (publickey) successful!
[2026-03-20T13:15:13.057+0530] {ssh.py:480} INFO - Running command: 
# Crucial: Destroy the old client container first so the volume is unlocked and can be deleted!
docker rm -f nfs_client_test || true
docker volume rm nfs_client_vol || true

docker volume create --driver local \
  --opt type=nfs \
  --opt o=addr=127.0.0.1,rw,nolock,nfsvers=3 \
  --opt device=:/data \
  nfs_client_vol
        
[2026-03-20T13:15:13.231+0530] {ssh.py:526} INFO - nfs_client_test
[2026-03-20T13:15:13.259+0530] {ssh.py:526} INFO - nfs_client_vol
[2026-03-20T13:15:13.299+0530] {ssh.py:526} INFO - nfs_client_vol
[2026-03-20T13:15:13.395+0530] {taskinstance.py:1149} INFO - Marking task as SUCCESS. dag_id=nfs_dynamic_roles_deployment, task_id=create_client_volume, execution_date=20260320T074442, start_date=20260320T074512, end_date=20260320T074513
[2026-03-20T13:15:13.495+0530] {local_task_job_runner.py:234} INFO - Task exited with return code 0
[2026-03-20T13:15:13.518+0530] {taskinstance.py:3309} INFO - 1 downstream tasks scheduled from follow-on schedule check
