[2026-03-08T06:08:43.738+0000] {local_task_job_runner.py:120} INFO - ::group::Pre task execution logs
[2026-03-08T06:08:43.759+0000] {taskinstance.py:2076} INFO - Dependencies all met for dep_context=non-requeueable deps ti=<TaskInstance: deployment_workflow.create_airflow_connections manual__2026-03-08T06:08:34.917734 [queued]>
[2026-03-08T06:08:43.770+0000] {taskinstance.py:2076} INFO - Dependencies all met for dep_context=requeueable deps ti=<TaskInstance: deployment_workflow.create_airflow_connections manual__2026-03-08T06:08:34.917734 [queued]>
[2026-03-08T06:08:43.772+0000] {taskinstance.py:2306} INFO - Starting attempt 1 of 1
[2026-03-08T06:08:43.796+0000] {taskinstance.py:2330} INFO - Executing <Task(PythonOperator): create_airflow_connections> on 2026-03-08 06:08:36.315295+00:00
[2026-03-08T06:08:43.807+0000] {warnings.py:110} WARNING - /home/***/.local/lib/python3.12/site-packages/***/task/task_runner/standard_task_runner.py:61: DeprecationWarning: This process (pid=102) is multi-threaded, use of fork() may lead to deadlocks in the child.
  pid = os.fork()

[2026-03-08T06:08:43.810+0000] {standard_task_runner.py:63} INFO - Started process 111 to run task
[2026-03-08T06:08:43.809+0000] {standard_task_runner.py:90} INFO - Running: ['***', 'tasks', 'run', 'deployment_workflow', 'create_***_connections', 'manual__2026-03-08T06:08:34.917734', '--job-id', '167', '--raw', '--subdir', 'DAGS_FOLDER/deployment_workflow.py', '--cfg-path', '/tmp/tmp4dg3etxn']
[2026-03-08T06:08:43.814+0000] {standard_task_runner.py:91} INFO - Job 167: Subtask create_***_connections
[2026-03-08T06:08:43.931+0000] {task_command.py:426} INFO - Running <TaskInstance: deployment_workflow.create_airflow_connections manual__2026-03-08T06:08:34.917734 [running]> on host 0ad8c9765a82
[2026-03-08T06:08:44.059+0000] {taskinstance.py:2648} INFO - Exporting env vars: AIRFLOW_CTX_DAG_OWNER='***' AIRFLOW_CTX_DAG_ID='deployment_workflow' AIRFLOW_CTX_TASK_ID='create_***_connections' AIRFLOW_CTX_EXECUTION_DATE='2026-03-08T06:08:36.315295+00:00' AIRFLOW_CTX_TRY_NUMBER='1' AIRFLOW_CTX_DAG_RUN_ID='manual__2026-03-08T06:08:34.917734'
[2026-03-08T06:08:44.064+0000] {taskinstance.py:430} INFO - ::endgroup::
[2026-03-08T06:08:44.103+0000] {logging_mixin.py:188} INFO - Connection already exists: worker_node_192_168_1_5
[2026-03-08T06:08:44.104+0000] {python.py:237} INFO - Done. Returned value was: ['worker_node_192_168_1_5']
[2026-03-08T06:08:44.105+0000] {taskinstance.py:441} INFO - ::group::Post task execution logs
[2026-03-08T06:08:44.146+0000] {taskinstance.py:1206} INFO - Marking task as SUCCESS. dag_id=deployment_workflow, task_id=create_***_connections, run_id=manual__2026-03-08T06:08:34.917734, execution_date=20260308T060836, start_date=20260308T060843, end_date=20260308T060844
[2026-03-08T06:08:44.187+0000] {local_task_job_runner.py:240} INFO - Task exited with return code 0
[2026-03-08T06:08:44.281+0000] {taskinstance.py:3498} INFO - 1 downstream tasks scheduled from follow-on schedule check
[2026-03-08T06:08:44.286+0000] {local_task_job_runner.py:222} INFO - ::endgroup::
