[2026-03-18T12:43:14.790+0000] {local_task_job_runner.py:120} INFO - ::group::Pre task execution logs
[2026-03-18T12:43:14.922+0000] {taskinstance.py:2076} INFO - Dependencies all met for dep_context=non-requeueable deps ti=<TaskInstance: deployment_workflow.create_airflow_connections manual__2026-03-18T12:42:53.528791 [queued]>
[2026-03-18T12:43:15.012+0000] {taskinstance.py:2076} INFO - Dependencies all met for dep_context=requeueable deps ti=<TaskInstance: deployment_workflow.create_airflow_connections manual__2026-03-18T12:42:53.528791 [queued]>
[2026-03-18T12:43:15.036+0000] {taskinstance.py:2306} INFO - Starting attempt 1 of 1
[2026-03-18T12:43:15.165+0000] {taskinstance.py:2330} INFO - Executing <Task(PythonOperator): create_airflow_connections> on 2026-03-18 12:42:55.045696+00:00
[2026-03-18T12:43:15.198+0000] {warnings.py:110} WARNING - /home/***/.local/lib/python3.12/site-packages/***/task/task_runner/standard_task_runner.py:61: DeprecationWarning: This process (pid=261) is multi-threaded, use of fork() may lead to deadlocks in the child.
  pid = os.fork()

[2026-03-18T12:43:15.217+0000] {standard_task_runner.py:63} INFO - Started process 271 to run task
[2026-03-18T12:43:15.202+0000] {standard_task_runner.py:90} INFO - Running: ['***', 'tasks', 'run', 'deployment_workflow', 'create_***_connections', 'manual__2026-03-18T12:42:53.528791', '--job-id', '231', '--raw', '--subdir', 'DAGS_FOLDER/deployment_workflow.py', '--cfg-path', '/tmp/tmpczzuvbm0']
[2026-03-18T12:43:15.230+0000] {standard_task_runner.py:91} INFO - Job 231: Subtask create_***_connections
[2026-03-18T12:43:15.536+0000] {task_command.py:426} INFO - Running <TaskInstance: deployment_workflow.create_airflow_connections manual__2026-03-18T12:42:53.528791 [running]> on host 7ee527dcce31
[2026-03-18T12:43:16.035+0000] {taskinstance.py:2648} INFO - Exporting env vars: AIRFLOW_CTX_DAG_OWNER='***' AIRFLOW_CTX_DAG_ID='deployment_workflow' AIRFLOW_CTX_TASK_ID='create_***_connections' AIRFLOW_CTX_EXECUTION_DATE='2026-03-18T12:42:55.045696+00:00' AIRFLOW_CTX_TRY_NUMBER='1' AIRFLOW_CTX_DAG_RUN_ID='manual__2026-03-18T12:42:53.528791'
[2026-03-18T12:43:16.041+0000] {taskinstance.py:430} INFO - ::endgroup::
[2026-03-18T12:43:16.145+0000] {logging_mixin.py:188} INFO - Connection already exists: worker_node_192_168_1_2
[2026-03-18T12:43:16.155+0000] {python.py:237} INFO - Done. Returned value was: ['worker_node_192_168_1_2']
[2026-03-18T12:43:16.159+0000] {taskinstance.py:441} INFO - ::group::Post task execution logs
[2026-03-18T12:43:16.275+0000] {taskinstance.py:1206} INFO - Marking task as SUCCESS. dag_id=deployment_workflow, task_id=create_***_connections, run_id=manual__2026-03-18T12:42:53.528791, execution_date=20260318T124255, start_date=20260318T124314, end_date=20260318T124316
[2026-03-18T12:43:16.497+0000] {local_task_job_runner.py:240} INFO - Task exited with return code 0
[2026-03-18T12:43:16.883+0000] {taskinstance.py:3498} INFO - 1 downstream tasks scheduled from follow-on schedule check
[2026-03-18T12:43:16.917+0000] {local_task_job_runner.py:222} INFO - ::endgroup::
