[2026-03-18T12:43:01.440+0000] {local_task_job_runner.py:120} INFO - ::group::Pre task execution logs
[2026-03-18T12:43:01.504+0000] {taskinstance.py:2076} INFO - Dependencies all met for dep_context=non-requeueable deps ti=<TaskInstance: deployment_workflow.get_worker_nodes manual__2026-03-18T12:42:53.528791 [queued]>
[2026-03-18T12:43:01.536+0000] {taskinstance.py:2076} INFO - Dependencies all met for dep_context=requeueable deps ti=<TaskInstance: deployment_workflow.get_worker_nodes manual__2026-03-18T12:42:53.528791 [queued]>
[2026-03-18T12:43:01.545+0000] {taskinstance.py:2306} INFO - Starting attempt 1 of 1
[2026-03-18T12:43:01.601+0000] {taskinstance.py:2330} INFO - Executing <Task(PythonOperator): get_worker_nodes> on 2026-03-18 12:42:55.045696+00:00
[2026-03-18T12:43:01.645+0000] {warnings.py:110} WARNING - /home/***/.local/lib/python3.12/site-packages/***/task/task_runner/standard_task_runner.py:61: DeprecationWarning: This process (pid=258) is multi-threaded, use of fork() may lead to deadlocks in the child.
  pid = os.fork()

[2026-03-18T12:43:01.658+0000] {standard_task_runner.py:90} INFO - Running: ['***', 'tasks', 'run', 'deployment_workflow', 'get_worker_nodes', 'manual__2026-03-18T12:42:53.528791', '--job-id', '230', '--raw', '--subdir', 'DAGS_FOLDER/deployment_workflow.py', '--cfg-path', '/tmp/tmp50fh2gz5']
[2026-03-18T12:43:01.703+0000] {standard_task_runner.py:63} INFO - Started process 260 to run task
[2026-03-18T12:43:01.796+0000] {standard_task_runner.py:91} INFO - Job 230: Subtask get_worker_nodes
[2026-03-18T12:43:02.253+0000] {task_command.py:426} INFO - Running <TaskInstance: deployment_workflow.get_worker_nodes manual__2026-03-18T12:42:53.528791 [running]> on host 7ee527dcce31
[2026-03-18T12:43:02.989+0000] {taskinstance.py:2648} INFO - Exporting env vars: AIRFLOW_CTX_DAG_OWNER='***' AIRFLOW_CTX_DAG_ID='deployment_workflow' AIRFLOW_CTX_TASK_ID='get_worker_nodes' AIRFLOW_CTX_EXECUTION_DATE='2026-03-18T12:42:55.045696+00:00' AIRFLOW_CTX_TRY_NUMBER='1' AIRFLOW_CTX_DAG_RUN_ID='manual__2026-03-18T12:42:53.528791'
[2026-03-18T12:43:03.121+0000] {taskinstance.py:430} INFO - ::endgroup::
[2026-03-18T12:43:03.325+0000] {logging_mixin.py:188} INFO - Found 1 reachable nodes
[2026-03-18T12:43:03.337+0000] {logging_mixin.py:188} INFO -  - 192.168.1.2 (ubuntuworkervm)
[2026-03-18T12:43:03.344+0000] {python.py:237} INFO - Done. Returned value was: [{'ip': '192.168.1.2', 'username': 'ubuntuworkervm', 'password': '***', 'status': 'reachable', 'last_checked': '2026-03-18T12:30:38.171451'}]
[2026-03-18T12:43:03.354+0000] {taskinstance.py:441} INFO - ::group::Post task execution logs
[2026-03-18T12:43:03.515+0000] {taskinstance.py:1206} INFO - Marking task as SUCCESS. dag_id=deployment_workflow, task_id=get_worker_nodes, run_id=manual__2026-03-18T12:42:53.528791, execution_date=20260318T124255, start_date=20260318T124301, end_date=20260318T124303
[2026-03-18T12:43:03.631+0000] {local_task_job_runner.py:240} INFO - Task exited with return code 0
[2026-03-18T12:43:03.832+0000] {taskinstance.py:3498} INFO - 1 downstream tasks scheduled from follow-on schedule check
[2026-03-18T12:43:03.846+0000] {local_task_job_runner.py:222} INFO - ::endgroup::
