[2026-03-20T13:27:49.641+0000] {local_task_job_runner.py:120} INFO - ::group::Pre task execution logs
[2026-03-20T13:27:49.717+0000] {taskinstance.py:2076} INFO - Dependencies all met for dep_context=non-requeueable deps ti=<TaskInstance: deployment_workflow.simulate_nfs_configuration_error manual__2026-03-20T13:27:37.413696 map_index=0 [queued]>
[2026-03-20T13:27:49.773+0000] {taskinstance.py:2076} INFO - Dependencies all met for dep_context=requeueable deps ti=<TaskInstance: deployment_workflow.simulate_nfs_configuration_error manual__2026-03-20T13:27:37.413696 map_index=0 [queued]>
[2026-03-20T13:27:49.784+0000] {taskinstance.py:2306} INFO - Starting attempt 1 of 1
[2026-03-20T13:27:49.847+0000] {taskinstance.py:2330} INFO - Executing <Mapped(SSHOperator): simulate_nfs_configuration_error> on 2026-03-20 13:27:38.410491+00:00
[2026-03-20T13:27:49.876+0000] {warnings.py:110} WARNING - /home/***/.local/lib/python3.12/site-packages/***/task/task_runner/standard_task_runner.py:61: DeprecationWarning: This process (pid=801) is multi-threaded, use of fork() may lead to deadlocks in the child.
  pid = os.fork()

[2026-03-20T13:27:49.892+0000] {standard_task_runner.py:63} INFO - Started process 810 to run task
[2026-03-20T13:27:49.888+0000] {standard_task_runner.py:90} INFO - Running: ['***', 'tasks', 'run', 'deployment_workflow', 'simulate_nfs_configuration_error', 'manual__2026-03-20T13:27:37.413696', '--job-id', '303', '--raw', '--subdir', 'DAGS_FOLDER/deployment_workflow.py', '--cfg-path', '/tmp/tmpwtmnhd1d', '--map-index', '0']
[2026-03-20T13:27:49.908+0000] {standard_task_runner.py:91} INFO - Job 303: Subtask simulate_nfs_configuration_error
[2026-03-20T13:27:50.199+0000] {task_command.py:426} INFO - Running <TaskInstance: deployment_workflow.simulate_nfs_configuration_error manual__2026-03-20T13:27:37.413696 map_index=0 [running]> on host 7ee527dcce31
[2026-03-20T13:27:50.592+0000] {taskinstance.py:2648} INFO - Exporting env vars: AIRFLOW_CTX_DAG_OWNER='***' AIRFLOW_CTX_DAG_ID='deployment_workflow' AIRFLOW_CTX_TASK_ID='simulate_nfs_configuration_error' AIRFLOW_CTX_EXECUTION_DATE='2026-03-20T13:27:38.410491+00:00' AIRFLOW_CTX_TRY_NUMBER='1' AIRFLOW_CTX_DAG_RUN_ID='manual__2026-03-20T13:27:37.413696'
[2026-03-20T13:27:50.600+0000] {taskinstance.py:430} INFO - ::endgroup::
[2026-03-20T13:27:50.602+0000] {ssh.py:151} INFO - Creating ssh_client
[2026-03-20T13:27:50.607+0000] {ssh.py:124} INFO - ssh_hook is not provided or invalid. Trying ssh_conn_id to create SSHHook.
[2026-03-20T13:27:50.629+0000] {base.py:84} INFO - Using connection ID 'worker_node_192_168_1_2' for task execution.
[2026-03-20T13:27:50.633+0000] {ssh.py:301} WARNING - No Host Key Verification. This won't protect against Man-In-The-Middle attacks
[2026-03-20T13:27:50.944+0000] {transport.py:1909} INFO - Connected (version 2.0, client OpenSSH_8.9p1)
[2026-03-20T13:27:51.701+0000] {transport.py:1909} INFO - Authentication (password) successful!
[2026-03-20T13:27:51.703+0000] {ssh.py:480} INFO - Running command: set -e; echo 'Simulating realistic NFS configuration failure...'; sudo mkdir -p /srv/nfs/share; printf '%s
' '/srv/nfs/share *(rw,sync,broken_option)' | sudo tee /etc/exports >/dev/null; sudo exportfs -ra
[2026-03-20T13:27:54.720+0000] {ssh.py:526} INFO - Simulating realistic NFS configuration failure...
[2026-03-20T13:27:54.724+0000] {ssh.py:526} INFO - 
[2026-03-20T13:27:54.867+0000] {ssh.py:526} INFO - exportfs: /etc/exports:1: unknown keyword "broken_option"
[2026-03-20T13:27:54.870+0000] {ssh.py:526} INFO - 
[2026-03-20T13:27:54.899+0000] {taskinstance.py:441} INFO - ::group::Post task execution logs
[2026-03-20T13:27:54.917+0000] {taskinstance.py:2905} ERROR - Task failed with exception
Traceback (most recent call last):
  File "/home/airflow/.local/lib/python3.12/site-packages/airflow/models/taskinstance.py", line 465, in _execute_task
    result = _execute_callable(context=context, **execute_callable_kwargs)
             ^^^^^^^^^^^^^^^^^^^^^^^^^^^^^^^^^^^^^^^^^^^^^^^^^^^^^^^^^^^^^
  File "/home/airflow/.local/lib/python3.12/site-packages/airflow/models/taskinstance.py", line 432, in _execute_callable
    return execute_callable(context=context, **execute_callable_kwargs)
           ^^^^^^^^^^^^^^^^^^^^^^^^^^^^^^^^^^^^^^^^^^^^^^^^^^^^^^^^^^^^
  File "/home/airflow/.local/lib/python3.12/site-packages/airflow/models/baseoperator.py", line 400, in wrapper
    return func(self, *args, **kwargs)
           ^^^^^^^^^^^^^^^^^^^^^^^^^^^
  File "/home/airflow/.local/lib/python3.12/site-packages/airflow/providers/ssh/operators/ssh.py", line 191, in execute
    result = self.run_ssh_client_command(ssh_client, self.command, context=context)
             ^^^^^^^^^^^^^^^^^^^^^^^^^^^^^^^^^^^^^^^^^^^^^^^^^^^^^^^^^^^^^^^^^^^^^^
  File "/home/airflow/.local/lib/python3.12/site-packages/airflow/providers/ssh/operators/ssh.py", line 179, in run_ssh_client_command
    self.raise_for_status(exit_status, agg_stderr, context=context)
  File "/home/airflow/.local/lib/python3.12/site-packages/airflow/providers/ssh/operators/ssh.py", line 173, in raise_for_status
    raise AirflowException(f"SSH operator error: exit status = {exit_status}")
airflow.exceptions.AirflowException: SSH operator error: exit status = 1
[2026-03-20T13:27:54.931+0000] {taskinstance.py:1206} INFO - Marking task as FAILED. dag_id=deployment_workflow, task_id=simulate_nfs_configuration_error, run_id=manual__2026-03-20T13:27:37.413696, map_index=0, execution_date=20260320T132738, start_date=20260320T132749, end_date=20260320T132754
[2026-03-20T13:27:54.967+0000] {standard_task_runner.py:110} ERROR - Failed to execute job 303 for task simulate_nfs_configuration_error (SSH operator error: exit status = 1; 810)
[2026-03-20T13:27:55.002+0000] {local_task_job_runner.py:240} INFO - Task exited with return code 1
[2026-03-20T13:27:55.016+0000] {local_task_job_runner.py:222} INFO - ::endgroup::
