[2026-03-20T18:09:03.321+0530] {taskinstance.py:1979} INFO - Dependencies all met for dep_context=non-requeueable deps ti=<TaskInstance: distributed_minio_cleanup_error_injected.stop_worker2 manual__2026-03-20T12:38:40.300729+00:00 [queued]>
[2026-03-20T18:09:03.327+0530] {taskinstance.py:1979} INFO - Dependencies all met for dep_context=requeueable deps ti=<TaskInstance: distributed_minio_cleanup_error_injected.stop_worker2 manual__2026-03-20T12:38:40.300729+00:00 [queued]>
[2026-03-20T18:09:03.328+0530] {taskinstance.py:2193} INFO - Starting attempt 1 of 2
[2026-03-20T18:09:03.370+0530] {taskinstance.py:2214} INFO - Executing <Task(SSHOperator): stop_worker2> on 2026-03-20 12:38:40.300729+00:00
[2026-03-20T18:09:03.377+0530] {standard_task_runner.py:60} INFO - Started process 43839 to run task
[2026-03-20T18:09:03.385+0530] {standard_task_runner.py:87} INFO - Running: ['airflow', 'tasks', 'run', 'distributed_minio_cleanup_error_injected', 'stop_worker2', 'manual__2026-03-20T12:38:40.300729+00:00', '--job-id', '138', '--raw', '--subdir', 'DAGS_FOLDER/distributed_minio_cleanup_error_injected.py', '--cfg-path', '/tmp/tmp0h2dusqb']
[2026-03-20T18:09:03.386+0530] {standard_task_runner.py:88} INFO - Job 138: Subtask stop_worker2
[2026-03-20T18:09:03.466+0530] {task_command.py:423} INFO - Running <TaskInstance: distributed_minio_cleanup_error_injected.stop_worker2 manual__2026-03-20T12:38:40.300729+00:00 [running]> on host tejasvi-Vostro-15-3515
[2026-03-20T18:09:03.713+0530] {taskinstance.py:2510} INFO - Exporting env vars: AIRFLOW_CTX_DAG_OWNER='airflow' AIRFLOW_CTX_DAG_ID='distributed_minio_cleanup_error_injected' AIRFLOW_CTX_TASK_ID='stop_worker2' AIRFLOW_CTX_EXECUTION_DATE='2026-03-20T12:38:40.300729+00:00' AIRFLOW_CTX_TRY_NUMBER='1' AIRFLOW_CTX_DAG_RUN_ID='manual__2026-03-20T12:38:40.300729+00:00'
[2026-03-20T18:09:03.715+0530] {ssh.py:151} INFO - Creating ssh_client
[2026-03-20T18:09:03.715+0530] {ssh.py:124} INFO - ssh_hook is not provided or invalid. Trying ssh_conn_id to create SSHHook.
[2026-03-20T18:09:03.731+0530] {base.py:83} INFO - Using connection ID 'worker2' for task execution.
[2026-03-20T18:09:03.736+0530] {ssh.py:301} WARNING - No Host Key Verification. This won't protect against Man-In-The-Middle attacks
[2026-03-20T18:09:03.755+0530] {transport.py:1909} INFO - Connected (version 2.0, client OpenSSH_8.9p1)
[2026-03-20T18:09:03.958+0530] {transport.py:1909} INFO - Authentication (publickey) successful!
[2026-03-20T18:09:03.959+0530] {ssh.py:480} INFO - Running command: docker stop minio_worker2 || true
[2026-03-20T18:09:05.074+0530] {ssh.py:526} INFO - minio_worker2
[2026-03-20T18:09:05.166+0530] {taskinstance.py:1149} INFO - Marking task as SUCCESS. dag_id=distributed_minio_cleanup_error_injected, task_id=stop_worker2, execution_date=20260320T123840, start_date=20260320T123903, end_date=20260320T123905
[2026-03-20T18:09:05.239+0530] {local_task_job_runner.py:234} INFO - Task exited with return code 0
[2026-03-20T18:09:05.374+0530] {taskinstance.py:3309} INFO - 1 downstream tasks scheduled from follow-on schedule check
