[2026-03-18T17:39:40.174+0530] {processor.py:161} INFO - Started process (PID=5395) to work on /home/tejasvi/Desktop/airflow_ssh_simulation/venv/lib/python3.10/site-packages/airflow/example_dags/example_params_trigger_ui.py
[2026-03-18T17:39:40.176+0530] {processor.py:830} INFO - Processing file /home/tejasvi/Desktop/airflow_ssh_simulation/venv/lib/python3.10/site-packages/airflow/example_dags/example_params_trigger_ui.py for tasks to queue
[2026-03-18T17:39:40.178+0530] {logging_mixin.py:188} INFO - [2026-03-18T17:39:40.177+0530] {dagbag.py:540} INFO - Filling up the DagBag from /home/tejasvi/Desktop/airflow_ssh_simulation/venv/lib/python3.10/site-packages/airflow/example_dags/example_params_trigger_ui.py
[2026-03-18T17:39:40.264+0530] {processor.py:840} INFO - DAG(s) 'example_params_trigger_ui' retrieved from /home/tejasvi/Desktop/airflow_ssh_simulation/venv/lib/python3.10/site-packages/airflow/example_dags/example_params_trigger_ui.py
[2026-03-18T17:39:40.345+0530] {logging_mixin.py:188} INFO - [2026-03-18T17:39:40.345+0530] {dag.py:3047} INFO - Sync 1 DAGs
[2026-03-18T17:39:40.364+0530] {logging_mixin.py:188} INFO - [2026-03-18T17:39:40.364+0530] {dag.py:3834} INFO - Setting next_dagrun for example_params_trigger_ui to None, run_after=None
[2026-03-18T17:39:40.408+0530] {processor.py:183} INFO - Processing /home/tejasvi/Desktop/airflow_ssh_simulation/venv/lib/python3.10/site-packages/airflow/example_dags/example_params_trigger_ui.py took 0.240 seconds
[2026-03-18T17:40:57.741+0530] {processor.py:161} INFO - Started process (PID=5503) to work on /home/tejasvi/Desktop/airflow_ssh_simulation/venv/lib/python3.10/site-packages/airflow/example_dags/example_params_trigger_ui.py
[2026-03-18T17:40:57.873+0530] {processor.py:830} INFO - Processing file /home/tejasvi/Desktop/airflow_ssh_simulation/venv/lib/python3.10/site-packages/airflow/example_dags/example_params_trigger_ui.py for tasks to queue
[2026-03-18T17:40:57.878+0530] {logging_mixin.py:188} INFO - [2026-03-18T17:40:57.876+0530] {dagbag.py:540} INFO - Filling up the DagBag from /home/tejasvi/Desktop/airflow_ssh_simulation/venv/lib/python3.10/site-packages/airflow/example_dags/example_params_trigger_ui.py
[2026-03-18T17:40:57.911+0530] {processor.py:840} INFO - DAG(s) 'example_params_trigger_ui' retrieved from /home/tejasvi/Desktop/airflow_ssh_simulation/venv/lib/python3.10/site-packages/airflow/example_dags/example_params_trigger_ui.py
[2026-03-18T17:40:57.977+0530] {logging_mixin.py:188} INFO - [2026-03-18T17:40:57.976+0530] {dag.py:3047} INFO - Sync 1 DAGs
[2026-03-18T17:40:57.996+0530] {logging_mixin.py:188} INFO - [2026-03-18T17:40:57.996+0530] {dag.py:3834} INFO - Setting next_dagrun for example_params_trigger_ui to None, run_after=None
[2026-03-18T17:40:58.080+0530] {processor.py:183} INFO - Processing /home/tejasvi/Desktop/airflow_ssh_simulation/venv/lib/python3.10/site-packages/airflow/example_dags/example_params_trigger_ui.py took 0.346 seconds
[2026-03-18T17:42:06.827+0530] {processor.py:161} INFO - Started process (PID=5608) to work on /home/tejasvi/Desktop/airflow_ssh_simulation/venv/lib/python3.10/site-packages/airflow/example_dags/example_params_trigger_ui.py
[2026-03-18T17:42:06.896+0530] {processor.py:830} INFO - Processing file /home/tejasvi/Desktop/airflow_ssh_simulation/venv/lib/python3.10/site-packages/airflow/example_dags/example_params_trigger_ui.py for tasks to queue
[2026-03-18T17:42:06.899+0530] {logging_mixin.py:188} INFO - [2026-03-18T17:42:06.898+0530] {dagbag.py:540} INFO - Filling up the DagBag from /home/tejasvi/Desktop/airflow_ssh_simulation/venv/lib/python3.10/site-packages/airflow/example_dags/example_params_trigger_ui.py
[2026-03-18T17:42:06.922+0530] {processor.py:840} INFO - DAG(s) 'example_params_trigger_ui' retrieved from /home/tejasvi/Desktop/airflow_ssh_simulation/venv/lib/python3.10/site-packages/airflow/example_dags/example_params_trigger_ui.py
[2026-03-18T17:42:06.990+0530] {logging_mixin.py:188} INFO - [2026-03-18T17:42:06.989+0530] {dag.py:3047} INFO - Sync 1 DAGs
[2026-03-18T17:42:07.010+0530] {logging_mixin.py:188} INFO - [2026-03-18T17:42:07.009+0530] {dag.py:3834} INFO - Setting next_dagrun for example_params_trigger_ui to None, run_after=None
[2026-03-18T17:42:07.060+0530] {processor.py:183} INFO - Processing /home/tejasvi/Desktop/airflow_ssh_simulation/venv/lib/python3.10/site-packages/airflow/example_dags/example_params_trigger_ui.py took 0.240 seconds
[2026-03-18T17:43:17.070+0530] {processor.py:161} INFO - Started process (PID=5783) to work on /home/tejasvi/Desktop/airflow_ssh_simulation/venv/lib/python3.10/site-packages/airflow/example_dags/example_params_trigger_ui.py
[2026-03-18T17:43:17.135+0530] {processor.py:830} INFO - Processing file /home/tejasvi/Desktop/airflow_ssh_simulation/venv/lib/python3.10/site-packages/airflow/example_dags/example_params_trigger_ui.py for tasks to queue
[2026-03-18T17:43:17.139+0530] {logging_mixin.py:188} INFO - [2026-03-18T17:43:17.138+0530] {dagbag.py:540} INFO - Filling up the DagBag from /home/tejasvi/Desktop/airflow_ssh_simulation/venv/lib/python3.10/site-packages/airflow/example_dags/example_params_trigger_ui.py
[2026-03-18T17:43:17.173+0530] {processor.py:840} INFO - DAG(s) 'example_params_trigger_ui' retrieved from /home/tejasvi/Desktop/airflow_ssh_simulation/venv/lib/python3.10/site-packages/airflow/example_dags/example_params_trigger_ui.py
[2026-03-18T17:43:17.244+0530] {logging_mixin.py:188} INFO - [2026-03-18T17:43:17.243+0530] {dag.py:3047} INFO - Sync 1 DAGs
[2026-03-18T17:43:17.263+0530] {logging_mixin.py:188} INFO - [2026-03-18T17:43:17.262+0530] {dag.py:3834} INFO - Setting next_dagrun for example_params_trigger_ui to None, run_after=None
[2026-03-18T17:43:17.324+0530] {processor.py:183} INFO - Processing /home/tejasvi/Desktop/airflow_ssh_simulation/venv/lib/python3.10/site-packages/airflow/example_dags/example_params_trigger_ui.py took 0.261 seconds
[2026-03-18T17:44:30.580+0530] {processor.py:161} INFO - Started process (PID=7571) to work on /home/tejasvi/Desktop/airflow_ssh_simulation/venv/lib/python3.10/site-packages/airflow/example_dags/example_params_trigger_ui.py
[2026-03-18T17:44:30.584+0530] {processor.py:830} INFO - Processing file /home/tejasvi/Desktop/airflow_ssh_simulation/venv/lib/python3.10/site-packages/airflow/example_dags/example_params_trigger_ui.py for tasks to queue
[2026-03-18T17:44:30.592+0530] {logging_mixin.py:188} INFO - [2026-03-18T17:44:30.590+0530] {dagbag.py:540} INFO - Filling up the DagBag from /home/tejasvi/Desktop/airflow_ssh_simulation/venv/lib/python3.10/site-packages/airflow/example_dags/example_params_trigger_ui.py
[2026-03-18T17:44:30.653+0530] {processor.py:840} INFO - DAG(s) 'example_params_trigger_ui' retrieved from /home/tejasvi/Desktop/airflow_ssh_simulation/venv/lib/python3.10/site-packages/airflow/example_dags/example_params_trigger_ui.py
[2026-03-18T17:44:30.774+0530] {logging_mixin.py:188} INFO - [2026-03-18T17:44:30.773+0530] {dag.py:3047} INFO - Sync 1 DAGs
[2026-03-18T17:44:30.822+0530] {logging_mixin.py:188} INFO - [2026-03-18T17:44:30.822+0530] {dag.py:3834} INFO - Setting next_dagrun for example_params_trigger_ui to None, run_after=None
[2026-03-18T17:44:31.090+0530] {processor.py:183} INFO - Processing /home/tejasvi/Desktop/airflow_ssh_simulation/venv/lib/python3.10/site-packages/airflow/example_dags/example_params_trigger_ui.py took 0.520 seconds
[2026-03-18T17:45:38.306+0530] {processor.py:161} INFO - Started process (PID=8383) to work on /home/tejasvi/Desktop/airflow_ssh_simulation/venv/lib/python3.10/site-packages/airflow/example_dags/example_params_trigger_ui.py
[2026-03-18T17:45:38.348+0530] {processor.py:830} INFO - Processing file /home/tejasvi/Desktop/airflow_ssh_simulation/venv/lib/python3.10/site-packages/airflow/example_dags/example_params_trigger_ui.py for tasks to queue
[2026-03-18T17:45:38.353+0530] {logging_mixin.py:188} INFO - [2026-03-18T17:45:38.352+0530] {dagbag.py:540} INFO - Filling up the DagBag from /home/tejasvi/Desktop/airflow_ssh_simulation/venv/lib/python3.10/site-packages/airflow/example_dags/example_params_trigger_ui.py
[2026-03-18T17:45:38.379+0530] {processor.py:840} INFO - DAG(s) 'example_params_trigger_ui' retrieved from /home/tejasvi/Desktop/airflow_ssh_simulation/venv/lib/python3.10/site-packages/airflow/example_dags/example_params_trigger_ui.py
[2026-03-18T17:45:38.453+0530] {logging_mixin.py:188} INFO - [2026-03-18T17:45:38.452+0530] {dag.py:3047} INFO - Sync 1 DAGs
[2026-03-18T17:45:38.475+0530] {logging_mixin.py:188} INFO - [2026-03-18T17:45:38.475+0530] {dag.py:3834} INFO - Setting next_dagrun for example_params_trigger_ui to None, run_after=None
[2026-03-18T17:45:38.603+0530] {processor.py:183} INFO - Processing /home/tejasvi/Desktop/airflow_ssh_simulation/venv/lib/python3.10/site-packages/airflow/example_dags/example_params_trigger_ui.py took 0.305 seconds
[2026-03-18T17:46:51.672+0530] {processor.py:161} INFO - Started process (PID=9219) to work on /home/tejasvi/Desktop/airflow_ssh_simulation/venv/lib/python3.10/site-packages/airflow/example_dags/example_params_trigger_ui.py
[2026-03-18T17:46:51.675+0530] {processor.py:830} INFO - Processing file /home/tejasvi/Desktop/airflow_ssh_simulation/venv/lib/python3.10/site-packages/airflow/example_dags/example_params_trigger_ui.py for tasks to queue
[2026-03-18T17:46:51.679+0530] {logging_mixin.py:188} INFO - [2026-03-18T17:46:51.679+0530] {dagbag.py:540} INFO - Filling up the DagBag from /home/tejasvi/Desktop/airflow_ssh_simulation/venv/lib/python3.10/site-packages/airflow/example_dags/example_params_trigger_ui.py
[2026-03-18T17:46:51.702+0530] {processor.py:840} INFO - DAG(s) 'example_params_trigger_ui' retrieved from /home/tejasvi/Desktop/airflow_ssh_simulation/venv/lib/python3.10/site-packages/airflow/example_dags/example_params_trigger_ui.py
[2026-03-18T17:46:51.913+0530] {logging_mixin.py:188} INFO - [2026-03-18T17:46:51.912+0530] {dag.py:3047} INFO - Sync 1 DAGs
[2026-03-18T17:46:51.938+0530] {logging_mixin.py:188} INFO - [2026-03-18T17:46:51.938+0530] {dag.py:3834} INFO - Setting next_dagrun for example_params_trigger_ui to None, run_after=None
[2026-03-18T17:46:52.037+0530] {processor.py:183} INFO - Processing /home/tejasvi/Desktop/airflow_ssh_simulation/venv/lib/python3.10/site-packages/airflow/example_dags/example_params_trigger_ui.py took 0.370 seconds
[2026-03-18T17:48:04.187+0530] {processor.py:161} INFO - Started process (PID=9806) to work on /home/tejasvi/Desktop/airflow_ssh_simulation/venv/lib/python3.10/site-packages/airflow/example_dags/example_params_trigger_ui.py
[2026-03-18T17:48:04.210+0530] {processor.py:830} INFO - Processing file /home/tejasvi/Desktop/airflow_ssh_simulation/venv/lib/python3.10/site-packages/airflow/example_dags/example_params_trigger_ui.py for tasks to queue
[2026-03-18T17:48:04.214+0530] {logging_mixin.py:188} INFO - [2026-03-18T17:48:04.213+0530] {dagbag.py:540} INFO - Filling up the DagBag from /home/tejasvi/Desktop/airflow_ssh_simulation/venv/lib/python3.10/site-packages/airflow/example_dags/example_params_trigger_ui.py
[2026-03-18T17:48:04.248+0530] {processor.py:840} INFO - DAG(s) 'example_params_trigger_ui' retrieved from /home/tejasvi/Desktop/airflow_ssh_simulation/venv/lib/python3.10/site-packages/airflow/example_dags/example_params_trigger_ui.py
[2026-03-18T17:48:04.296+0530] {logging_mixin.py:188} INFO - [2026-03-18T17:48:04.295+0530] {dag.py:3047} INFO - Sync 1 DAGs
[2026-03-18T17:48:04.312+0530] {logging_mixin.py:188} INFO - [2026-03-18T17:48:04.312+0530] {dag.py:3834} INFO - Setting next_dagrun for example_params_trigger_ui to None, run_after=None
[2026-03-18T17:48:04.454+0530] {processor.py:183} INFO - Processing /home/tejasvi/Desktop/airflow_ssh_simulation/venv/lib/python3.10/site-packages/airflow/example_dags/example_params_trigger_ui.py took 0.271 seconds
[2026-03-18T17:49:05.566+0530] {processor.py:161} INFO - Started process (PID=10283) to work on /home/tejasvi/Desktop/airflow_ssh_simulation/venv/lib/python3.10/site-packages/airflow/example_dags/example_params_trigger_ui.py
[2026-03-18T17:49:05.598+0530] {processor.py:830} INFO - Processing file /home/tejasvi/Desktop/airflow_ssh_simulation/venv/lib/python3.10/site-packages/airflow/example_dags/example_params_trigger_ui.py for tasks to queue
[2026-03-18T17:49:05.601+0530] {logging_mixin.py:188} INFO - [2026-03-18T17:49:05.600+0530] {dagbag.py:540} INFO - Filling up the DagBag from /home/tejasvi/Desktop/airflow_ssh_simulation/venv/lib/python3.10/site-packages/airflow/example_dags/example_params_trigger_ui.py
[2026-03-18T17:49:05.618+0530] {processor.py:840} INFO - DAG(s) 'example_params_trigger_ui' retrieved from /home/tejasvi/Desktop/airflow_ssh_simulation/venv/lib/python3.10/site-packages/airflow/example_dags/example_params_trigger_ui.py
[2026-03-18T17:49:05.660+0530] {logging_mixin.py:188} INFO - [2026-03-18T17:49:05.660+0530] {dag.py:3047} INFO - Sync 1 DAGs
[2026-03-18T17:49:05.672+0530] {logging_mixin.py:188} INFO - [2026-03-18T17:49:05.671+0530] {dag.py:3834} INFO - Setting next_dagrun for example_params_trigger_ui to None, run_after=None
[2026-03-18T17:49:05.802+0530] {processor.py:183} INFO - Processing /home/tejasvi/Desktop/airflow_ssh_simulation/venv/lib/python3.10/site-packages/airflow/example_dags/example_params_trigger_ui.py took 0.243 seconds
[2026-03-18T17:50:09.536+0530] {processor.py:161} INFO - Started process (PID=10769) to work on /home/tejasvi/Desktop/airflow_ssh_simulation/venv/lib/python3.10/site-packages/airflow/example_dags/example_params_trigger_ui.py
[2026-03-18T17:50:09.590+0530] {processor.py:830} INFO - Processing file /home/tejasvi/Desktop/airflow_ssh_simulation/venv/lib/python3.10/site-packages/airflow/example_dags/example_params_trigger_ui.py for tasks to queue
[2026-03-18T17:50:09.594+0530] {logging_mixin.py:188} INFO - [2026-03-18T17:50:09.593+0530] {dagbag.py:540} INFO - Filling up the DagBag from /home/tejasvi/Desktop/airflow_ssh_simulation/venv/lib/python3.10/site-packages/airflow/example_dags/example_params_trigger_ui.py
[2026-03-18T17:50:09.618+0530] {processor.py:840} INFO - DAG(s) 'example_params_trigger_ui' retrieved from /home/tejasvi/Desktop/airflow_ssh_simulation/venv/lib/python3.10/site-packages/airflow/example_dags/example_params_trigger_ui.py
[2026-03-18T17:50:09.666+0530] {logging_mixin.py:188} INFO - [2026-03-18T17:50:09.666+0530] {dag.py:3047} INFO - Sync 1 DAGs
[2026-03-18T17:50:09.677+0530] {logging_mixin.py:188} INFO - [2026-03-18T17:50:09.677+0530] {dag.py:3834} INFO - Setting next_dagrun for example_params_trigger_ui to None, run_after=None
[2026-03-18T17:50:09.741+0530] {processor.py:183} INFO - Processing /home/tejasvi/Desktop/airflow_ssh_simulation/venv/lib/python3.10/site-packages/airflow/example_dags/example_params_trigger_ui.py took 0.210 seconds
[2026-03-18T17:51:19.106+0530] {processor.py:161} INFO - Started process (PID=11363) to work on /home/tejasvi/Desktop/airflow_ssh_simulation/venv/lib/python3.10/site-packages/airflow/example_dags/example_params_trigger_ui.py
[2026-03-18T17:51:19.123+0530] {processor.py:830} INFO - Processing file /home/tejasvi/Desktop/airflow_ssh_simulation/venv/lib/python3.10/site-packages/airflow/example_dags/example_params_trigger_ui.py for tasks to queue
[2026-03-18T17:51:19.126+0530] {logging_mixin.py:188} INFO - [2026-03-18T17:51:19.125+0530] {dagbag.py:540} INFO - Filling up the DagBag from /home/tejasvi/Desktop/airflow_ssh_simulation/venv/lib/python3.10/site-packages/airflow/example_dags/example_params_trigger_ui.py
[2026-03-18T17:51:19.144+0530] {processor.py:840} INFO - DAG(s) 'example_params_trigger_ui' retrieved from /home/tejasvi/Desktop/airflow_ssh_simulation/venv/lib/python3.10/site-packages/airflow/example_dags/example_params_trigger_ui.py
[2026-03-18T17:51:19.186+0530] {logging_mixin.py:188} INFO - [2026-03-18T17:51:19.185+0530] {dag.py:3047} INFO - Sync 1 DAGs
[2026-03-18T17:51:19.197+0530] {logging_mixin.py:188} INFO - [2026-03-18T17:51:19.197+0530] {dag.py:3834} INFO - Setting next_dagrun for example_params_trigger_ui to None, run_after=None
[2026-03-18T17:51:19.255+0530] {processor.py:183} INFO - Processing /home/tejasvi/Desktop/airflow_ssh_simulation/venv/lib/python3.10/site-packages/airflow/example_dags/example_params_trigger_ui.py took 0.157 seconds
[2026-03-18T17:52:20.736+0530] {processor.py:161} INFO - Started process (PID=11866) to work on /home/tejasvi/Desktop/airflow_ssh_simulation/venv/lib/python3.10/site-packages/airflow/example_dags/example_params_trigger_ui.py
[2026-03-18T17:52:20.788+0530] {processor.py:830} INFO - Processing file /home/tejasvi/Desktop/airflow_ssh_simulation/venv/lib/python3.10/site-packages/airflow/example_dags/example_params_trigger_ui.py for tasks to queue
[2026-03-18T17:52:20.792+0530] {logging_mixin.py:188} INFO - [2026-03-18T17:52:20.791+0530] {dagbag.py:540} INFO - Filling up the DagBag from /home/tejasvi/Desktop/airflow_ssh_simulation/venv/lib/python3.10/site-packages/airflow/example_dags/example_params_trigger_ui.py
[2026-03-18T17:52:20.809+0530] {processor.py:840} INFO - DAG(s) 'example_params_trigger_ui' retrieved from /home/tejasvi/Desktop/airflow_ssh_simulation/venv/lib/python3.10/site-packages/airflow/example_dags/example_params_trigger_ui.py
[2026-03-18T17:52:20.850+0530] {logging_mixin.py:188} INFO - [2026-03-18T17:52:20.850+0530] {dag.py:3047} INFO - Sync 1 DAGs
[2026-03-18T17:52:20.861+0530] {logging_mixin.py:188} INFO - [2026-03-18T17:52:20.861+0530] {dag.py:3834} INFO - Setting next_dagrun for example_params_trigger_ui to None, run_after=None
[2026-03-18T17:52:20.956+0530] {processor.py:183} INFO - Processing /home/tejasvi/Desktop/airflow_ssh_simulation/venv/lib/python3.10/site-packages/airflow/example_dags/example_params_trigger_ui.py took 0.228 seconds
[2026-03-18T17:53:29.848+0530] {processor.py:161} INFO - Started process (PID=12667) to work on /home/tejasvi/Desktop/airflow_ssh_simulation/venv/lib/python3.10/site-packages/airflow/example_dags/example_params_trigger_ui.py
[2026-03-18T17:53:29.885+0530] {processor.py:830} INFO - Processing file /home/tejasvi/Desktop/airflow_ssh_simulation/venv/lib/python3.10/site-packages/airflow/example_dags/example_params_trigger_ui.py for tasks to queue
[2026-03-18T17:53:29.889+0530] {logging_mixin.py:188} INFO - [2026-03-18T17:53:29.888+0530] {dagbag.py:540} INFO - Filling up the DagBag from /home/tejasvi/Desktop/airflow_ssh_simulation/venv/lib/python3.10/site-packages/airflow/example_dags/example_params_trigger_ui.py
[2026-03-18T17:53:29.935+0530] {processor.py:840} INFO - DAG(s) 'example_params_trigger_ui' retrieved from /home/tejasvi/Desktop/airflow_ssh_simulation/venv/lib/python3.10/site-packages/airflow/example_dags/example_params_trigger_ui.py
[2026-03-18T17:53:30.060+0530] {logging_mixin.py:188} INFO - [2026-03-18T17:53:30.060+0530] {dag.py:3047} INFO - Sync 1 DAGs
[2026-03-18T17:53:30.160+0530] {logging_mixin.py:188} INFO - [2026-03-18T17:53:30.159+0530] {dag.py:3834} INFO - Setting next_dagrun for example_params_trigger_ui to None, run_after=None
[2026-03-18T17:53:30.318+0530] {processor.py:183} INFO - Processing /home/tejasvi/Desktop/airflow_ssh_simulation/venv/lib/python3.10/site-packages/airflow/example_dags/example_params_trigger_ui.py took 0.475 seconds
[2026-03-18T17:54:34.914+0530] {processor.py:161} INFO - Started process (PID=13258) to work on /home/tejasvi/Desktop/airflow_ssh_simulation/venv/lib/python3.10/site-packages/airflow/example_dags/example_params_trigger_ui.py
[2026-03-18T17:54:35.003+0530] {processor.py:830} INFO - Processing file /home/tejasvi/Desktop/airflow_ssh_simulation/venv/lib/python3.10/site-packages/airflow/example_dags/example_params_trigger_ui.py for tasks to queue
[2026-03-18T17:54:35.007+0530] {logging_mixin.py:188} INFO - [2026-03-18T17:54:35.006+0530] {dagbag.py:540} INFO - Filling up the DagBag from /home/tejasvi/Desktop/airflow_ssh_simulation/venv/lib/python3.10/site-packages/airflow/example_dags/example_params_trigger_ui.py
[2026-03-18T17:54:35.025+0530] {processor.py:840} INFO - DAG(s) 'example_params_trigger_ui' retrieved from /home/tejasvi/Desktop/airflow_ssh_simulation/venv/lib/python3.10/site-packages/airflow/example_dags/example_params_trigger_ui.py
[2026-03-18T17:54:35.066+0530] {logging_mixin.py:188} INFO - [2026-03-18T17:54:35.066+0530] {dag.py:3047} INFO - Sync 1 DAGs
[2026-03-18T17:54:35.078+0530] {logging_mixin.py:188} INFO - [2026-03-18T17:54:35.078+0530] {dag.py:3834} INFO - Setting next_dagrun for example_params_trigger_ui to None, run_after=None
[2026-03-18T17:54:35.128+0530] {processor.py:183} INFO - Processing /home/tejasvi/Desktop/airflow_ssh_simulation/venv/lib/python3.10/site-packages/airflow/example_dags/example_params_trigger_ui.py took 0.222 seconds
[2026-03-18T17:55:37.794+0530] {processor.py:161} INFO - Started process (PID=13744) to work on /home/tejasvi/Desktop/airflow_ssh_simulation/venv/lib/python3.10/site-packages/airflow/example_dags/example_params_trigger_ui.py
[2026-03-18T17:55:37.903+0530] {processor.py:830} INFO - Processing file /home/tejasvi/Desktop/airflow_ssh_simulation/venv/lib/python3.10/site-packages/airflow/example_dags/example_params_trigger_ui.py for tasks to queue
[2026-03-18T17:55:37.906+0530] {logging_mixin.py:188} INFO - [2026-03-18T17:55:37.906+0530] {dagbag.py:540} INFO - Filling up the DagBag from /home/tejasvi/Desktop/airflow_ssh_simulation/venv/lib/python3.10/site-packages/airflow/example_dags/example_params_trigger_ui.py
[2026-03-18T17:55:37.924+0530] {processor.py:840} INFO - DAG(s) 'example_params_trigger_ui' retrieved from /home/tejasvi/Desktop/airflow_ssh_simulation/venv/lib/python3.10/site-packages/airflow/example_dags/example_params_trigger_ui.py
[2026-03-18T17:55:37.965+0530] {logging_mixin.py:188} INFO - [2026-03-18T17:55:37.965+0530] {dag.py:3047} INFO - Sync 1 DAGs
[2026-03-18T17:55:37.977+0530] {logging_mixin.py:188} INFO - [2026-03-18T17:55:37.977+0530] {dag.py:3834} INFO - Setting next_dagrun for example_params_trigger_ui to None, run_after=None
[2026-03-18T17:55:38.041+0530] {processor.py:183} INFO - Processing /home/tejasvi/Desktop/airflow_ssh_simulation/venv/lib/python3.10/site-packages/airflow/example_dags/example_params_trigger_ui.py took 0.254 seconds
[2026-03-18T17:56:47.102+0530] {processor.py:161} INFO - Started process (PID=14317) to work on /home/tejasvi/Desktop/airflow_ssh_simulation/venv/lib/python3.10/site-packages/airflow/example_dags/example_params_trigger_ui.py
[2026-03-18T17:56:47.257+0530] {processor.py:830} INFO - Processing file /home/tejasvi/Desktop/airflow_ssh_simulation/venv/lib/python3.10/site-packages/airflow/example_dags/example_params_trigger_ui.py for tasks to queue
[2026-03-18T17:56:47.262+0530] {logging_mixin.py:188} INFO - [2026-03-18T17:56:47.261+0530] {dagbag.py:540} INFO - Filling up the DagBag from /home/tejasvi/Desktop/airflow_ssh_simulation/venv/lib/python3.10/site-packages/airflow/example_dags/example_params_trigger_ui.py
[2026-03-18T17:56:47.294+0530] {processor.py:840} INFO - DAG(s) 'example_params_trigger_ui' retrieved from /home/tejasvi/Desktop/airflow_ssh_simulation/venv/lib/python3.10/site-packages/airflow/example_dags/example_params_trigger_ui.py
[2026-03-18T17:56:47.341+0530] {logging_mixin.py:188} INFO - [2026-03-18T17:56:47.341+0530] {dag.py:3047} INFO - Sync 1 DAGs
[2026-03-18T17:56:47.353+0530] {logging_mixin.py:188} INFO - [2026-03-18T17:56:47.353+0530] {dag.py:3834} INFO - Setting next_dagrun for example_params_trigger_ui to None, run_after=None
[2026-03-18T17:56:47.738+0530] {processor.py:183} INFO - Processing /home/tejasvi/Desktop/airflow_ssh_simulation/venv/lib/python3.10/site-packages/airflow/example_dags/example_params_trigger_ui.py took 0.644 seconds
[2026-03-18T17:57:58.983+0530] {processor.py:161} INFO - Started process (PID=14851) to work on /home/tejasvi/Desktop/airflow_ssh_simulation/venv/lib/python3.10/site-packages/airflow/example_dags/example_params_trigger_ui.py
[2026-03-18T17:57:59.109+0530] {processor.py:830} INFO - Processing file /home/tejasvi/Desktop/airflow_ssh_simulation/venv/lib/python3.10/site-packages/airflow/example_dags/example_params_trigger_ui.py for tasks to queue
[2026-03-18T17:57:59.113+0530] {logging_mixin.py:188} INFO - [2026-03-18T17:57:59.112+0530] {dagbag.py:540} INFO - Filling up the DagBag from /home/tejasvi/Desktop/airflow_ssh_simulation/venv/lib/python3.10/site-packages/airflow/example_dags/example_params_trigger_ui.py
[2026-03-18T17:57:59.130+0530] {processor.py:840} INFO - DAG(s) 'example_params_trigger_ui' retrieved from /home/tejasvi/Desktop/airflow_ssh_simulation/venv/lib/python3.10/site-packages/airflow/example_dags/example_params_trigger_ui.py
[2026-03-18T17:57:59.171+0530] {logging_mixin.py:188} INFO - [2026-03-18T17:57:59.171+0530] {dag.py:3047} INFO - Sync 1 DAGs
[2026-03-18T17:57:59.182+0530] {logging_mixin.py:188} INFO - [2026-03-18T17:57:59.182+0530] {dag.py:3834} INFO - Setting next_dagrun for example_params_trigger_ui to None, run_after=None
[2026-03-18T17:57:59.263+0530] {processor.py:183} INFO - Processing /home/tejasvi/Desktop/airflow_ssh_simulation/venv/lib/python3.10/site-packages/airflow/example_dags/example_params_trigger_ui.py took 0.288 seconds
[2026-03-18T17:58:59.644+0530] {processor.py:161} INFO - Started process (PID=15258) to work on /home/tejasvi/Desktop/airflow_ssh_simulation/venv/lib/python3.10/site-packages/airflow/example_dags/example_params_trigger_ui.py
[2026-03-18T17:58:59.646+0530] {processor.py:830} INFO - Processing file /home/tejasvi/Desktop/airflow_ssh_simulation/venv/lib/python3.10/site-packages/airflow/example_dags/example_params_trigger_ui.py for tasks to queue
[2026-03-18T17:58:59.650+0530] {logging_mixin.py:188} INFO - [2026-03-18T17:58:59.649+0530] {dagbag.py:540} INFO - Filling up the DagBag from /home/tejasvi/Desktop/airflow_ssh_simulation/venv/lib/python3.10/site-packages/airflow/example_dags/example_params_trigger_ui.py
[2026-03-18T17:58:59.677+0530] {processor.py:840} INFO - DAG(s) 'example_params_trigger_ui' retrieved from /home/tejasvi/Desktop/airflow_ssh_simulation/venv/lib/python3.10/site-packages/airflow/example_dags/example_params_trigger_ui.py
[2026-03-18T17:58:59.723+0530] {logging_mixin.py:188} INFO - [2026-03-18T17:58:59.723+0530] {dag.py:3047} INFO - Sync 1 DAGs
[2026-03-18T17:58:59.737+0530] {logging_mixin.py:188} INFO - [2026-03-18T17:58:59.737+0530] {dag.py:3834} INFO - Setting next_dagrun for example_params_trigger_ui to None, run_after=None
[2026-03-18T17:58:59.790+0530] {processor.py:183} INFO - Processing /home/tejasvi/Desktop/airflow_ssh_simulation/venv/lib/python3.10/site-packages/airflow/example_dags/example_params_trigger_ui.py took 0.152 seconds
[2026-03-18T18:00:02.750+0530] {processor.py:161} INFO - Started process (PID=15438) to work on /home/tejasvi/Desktop/airflow_ssh_simulation/venv/lib/python3.10/site-packages/airflow/example_dags/example_params_trigger_ui.py
[2026-03-18T18:00:02.817+0530] {processor.py:830} INFO - Processing file /home/tejasvi/Desktop/airflow_ssh_simulation/venv/lib/python3.10/site-packages/airflow/example_dags/example_params_trigger_ui.py for tasks to queue
[2026-03-18T18:00:02.820+0530] {logging_mixin.py:188} INFO - [2026-03-18T18:00:02.820+0530] {dagbag.py:540} INFO - Filling up the DagBag from /home/tejasvi/Desktop/airflow_ssh_simulation/venv/lib/python3.10/site-packages/airflow/example_dags/example_params_trigger_ui.py
[2026-03-18T18:00:02.841+0530] {processor.py:840} INFO - DAG(s) 'example_params_trigger_ui' retrieved from /home/tejasvi/Desktop/airflow_ssh_simulation/venv/lib/python3.10/site-packages/airflow/example_dags/example_params_trigger_ui.py
[2026-03-18T18:00:02.886+0530] {logging_mixin.py:188} INFO - [2026-03-18T18:00:02.885+0530] {dag.py:3047} INFO - Sync 1 DAGs
[2026-03-18T18:00:02.900+0530] {logging_mixin.py:188} INFO - [2026-03-18T18:00:02.900+0530] {dag.py:3834} INFO - Setting next_dagrun for example_params_trigger_ui to None, run_after=None
[2026-03-18T18:00:03.017+0530] {processor.py:183} INFO - Processing /home/tejasvi/Desktop/airflow_ssh_simulation/venv/lib/python3.10/site-packages/airflow/example_dags/example_params_trigger_ui.py took 0.276 seconds
[2026-03-18T18:01:05.076+0530] {processor.py:161} INFO - Started process (PID=16310) to work on /home/tejasvi/Desktop/airflow_ssh_simulation/venv/lib/python3.10/site-packages/airflow/example_dags/example_params_trigger_ui.py
[2026-03-18T18:01:05.077+0530] {processor.py:830} INFO - Processing file /home/tejasvi/Desktop/airflow_ssh_simulation/venv/lib/python3.10/site-packages/airflow/example_dags/example_params_trigger_ui.py for tasks to queue
[2026-03-18T18:01:05.080+0530] {logging_mixin.py:188} INFO - [2026-03-18T18:01:05.080+0530] {dagbag.py:540} INFO - Filling up the DagBag from /home/tejasvi/Desktop/airflow_ssh_simulation/venv/lib/python3.10/site-packages/airflow/example_dags/example_params_trigger_ui.py
[2026-03-18T18:01:05.107+0530] {processor.py:840} INFO - DAG(s) 'example_params_trigger_ui' retrieved from /home/tejasvi/Desktop/airflow_ssh_simulation/venv/lib/python3.10/site-packages/airflow/example_dags/example_params_trigger_ui.py
[2026-03-18T18:01:05.154+0530] {logging_mixin.py:188} INFO - [2026-03-18T18:01:05.154+0530] {dag.py:3047} INFO - Sync 1 DAGs
[2026-03-18T18:01:05.169+0530] {logging_mixin.py:188} INFO - [2026-03-18T18:01:05.169+0530] {dag.py:3834} INFO - Setting next_dagrun for example_params_trigger_ui to None, run_after=None
[2026-03-18T18:01:05.255+0530] {processor.py:183} INFO - Processing /home/tejasvi/Desktop/airflow_ssh_simulation/venv/lib/python3.10/site-packages/airflow/example_dags/example_params_trigger_ui.py took 0.261 seconds
[2026-03-18T18:02:13.713+0530] {processor.py:161} INFO - Started process (PID=17844) to work on /home/tejasvi/Desktop/airflow_ssh_simulation/venv/lib/python3.10/site-packages/airflow/example_dags/example_params_trigger_ui.py
[2026-03-18T18:02:13.715+0530] {processor.py:830} INFO - Processing file /home/tejasvi/Desktop/airflow_ssh_simulation/venv/lib/python3.10/site-packages/airflow/example_dags/example_params_trigger_ui.py for tasks to queue
[2026-03-18T18:02:13.717+0530] {logging_mixin.py:188} INFO - [2026-03-18T18:02:13.717+0530] {dagbag.py:540} INFO - Filling up the DagBag from /home/tejasvi/Desktop/airflow_ssh_simulation/venv/lib/python3.10/site-packages/airflow/example_dags/example_params_trigger_ui.py
[2026-03-18T18:02:13.734+0530] {processor.py:840} INFO - DAG(s) 'example_params_trigger_ui' retrieved from /home/tejasvi/Desktop/airflow_ssh_simulation/venv/lib/python3.10/site-packages/airflow/example_dags/example_params_trigger_ui.py
[2026-03-18T18:02:14.028+0530] {logging_mixin.py:188} INFO - [2026-03-18T18:02:14.027+0530] {dag.py:3047} INFO - Sync 1 DAGs
[2026-03-18T18:02:14.044+0530] {logging_mixin.py:188} INFO - [2026-03-18T18:02:14.044+0530] {dag.py:3834} INFO - Setting next_dagrun for example_params_trigger_ui to None, run_after=None
[2026-03-18T18:02:14.275+0530] {processor.py:183} INFO - Processing /home/tejasvi/Desktop/airflow_ssh_simulation/venv/lib/python3.10/site-packages/airflow/example_dags/example_params_trigger_ui.py took 0.570 seconds
[2026-03-18T18:03:26.623+0530] {processor.py:161} INFO - Started process (PID=18113) to work on /home/tejasvi/Desktop/airflow_ssh_simulation/venv/lib/python3.10/site-packages/airflow/example_dags/example_params_trigger_ui.py
[2026-03-18T18:03:26.669+0530] {processor.py:830} INFO - Processing file /home/tejasvi/Desktop/airflow_ssh_simulation/venv/lib/python3.10/site-packages/airflow/example_dags/example_params_trigger_ui.py for tasks to queue
[2026-03-18T18:03:26.672+0530] {logging_mixin.py:188} INFO - [2026-03-18T18:03:26.671+0530] {dagbag.py:540} INFO - Filling up the DagBag from /home/tejasvi/Desktop/airflow_ssh_simulation/venv/lib/python3.10/site-packages/airflow/example_dags/example_params_trigger_ui.py
[2026-03-18T18:03:26.694+0530] {processor.py:840} INFO - DAG(s) 'example_params_trigger_ui' retrieved from /home/tejasvi/Desktop/airflow_ssh_simulation/venv/lib/python3.10/site-packages/airflow/example_dags/example_params_trigger_ui.py
[2026-03-18T18:03:26.739+0530] {logging_mixin.py:188} INFO - [2026-03-18T18:03:26.738+0530] {dag.py:3047} INFO - Sync 1 DAGs
[2026-03-18T18:03:26.751+0530] {logging_mixin.py:188} INFO - [2026-03-18T18:03:26.751+0530] {dag.py:3834} INFO - Setting next_dagrun for example_params_trigger_ui to None, run_after=None
[2026-03-18T18:03:26.801+0530] {processor.py:183} INFO - Processing /home/tejasvi/Desktop/airflow_ssh_simulation/venv/lib/python3.10/site-packages/airflow/example_dags/example_params_trigger_ui.py took 0.183 seconds
[2026-03-18T18:04:32.942+0530] {processor.py:161} INFO - Started process (PID=18613) to work on /home/tejasvi/Desktop/airflow_ssh_simulation/venv/lib/python3.10/site-packages/airflow/example_dags/example_params_trigger_ui.py
[2026-03-18T18:04:32.964+0530] {processor.py:830} INFO - Processing file /home/tejasvi/Desktop/airflow_ssh_simulation/venv/lib/python3.10/site-packages/airflow/example_dags/example_params_trigger_ui.py for tasks to queue
[2026-03-18T18:04:32.969+0530] {logging_mixin.py:188} INFO - [2026-03-18T18:04:32.968+0530] {dagbag.py:540} INFO - Filling up the DagBag from /home/tejasvi/Desktop/airflow_ssh_simulation/venv/lib/python3.10/site-packages/airflow/example_dags/example_params_trigger_ui.py
[2026-03-18T18:04:32.996+0530] {processor.py:840} INFO - DAG(s) 'example_params_trigger_ui' retrieved from /home/tejasvi/Desktop/airflow_ssh_simulation/venv/lib/python3.10/site-packages/airflow/example_dags/example_params_trigger_ui.py
[2026-03-18T18:04:33.040+0530] {logging_mixin.py:188} INFO - [2026-03-18T18:04:33.039+0530] {dag.py:3047} INFO - Sync 1 DAGs
[2026-03-18T18:04:33.053+0530] {logging_mixin.py:188} INFO - [2026-03-18T18:04:33.052+0530] {dag.py:3834} INFO - Setting next_dagrun for example_params_trigger_ui to None, run_after=None
[2026-03-18T18:04:33.134+0530] {processor.py:183} INFO - Processing /home/tejasvi/Desktop/airflow_ssh_simulation/venv/lib/python3.10/site-packages/airflow/example_dags/example_params_trigger_ui.py took 0.201 seconds
[2026-03-18T18:05:40.311+0530] {processor.py:161} INFO - Started process (PID=18796) to work on /home/tejasvi/Desktop/airflow_ssh_simulation/venv/lib/python3.10/site-packages/airflow/example_dags/example_params_trigger_ui.py
[2026-03-18T18:05:40.336+0530] {processor.py:830} INFO - Processing file /home/tejasvi/Desktop/airflow_ssh_simulation/venv/lib/python3.10/site-packages/airflow/example_dags/example_params_trigger_ui.py for tasks to queue
[2026-03-18T18:05:40.341+0530] {logging_mixin.py:188} INFO - [2026-03-18T18:05:40.340+0530] {dagbag.py:540} INFO - Filling up the DagBag from /home/tejasvi/Desktop/airflow_ssh_simulation/venv/lib/python3.10/site-packages/airflow/example_dags/example_params_trigger_ui.py
[2026-03-18T18:05:40.361+0530] {processor.py:840} INFO - DAG(s) 'example_params_trigger_ui' retrieved from /home/tejasvi/Desktop/airflow_ssh_simulation/venv/lib/python3.10/site-packages/airflow/example_dags/example_params_trigger_ui.py
[2026-03-18T18:05:40.411+0530] {logging_mixin.py:188} INFO - [2026-03-18T18:05:40.411+0530] {dag.py:3047} INFO - Sync 1 DAGs
[2026-03-18T18:05:40.425+0530] {logging_mixin.py:188} INFO - [2026-03-18T18:05:40.425+0530] {dag.py:3834} INFO - Setting next_dagrun for example_params_trigger_ui to None, run_after=None
[2026-03-18T18:05:40.479+0530] {processor.py:183} INFO - Processing /home/tejasvi/Desktop/airflow_ssh_simulation/venv/lib/python3.10/site-packages/airflow/example_dags/example_params_trigger_ui.py took 0.173 seconds
[2026-03-18T18:06:40.339+0530] {processor.py:161} INFO - Started process (PID=18977) to work on /home/tejasvi/Desktop/airflow_ssh_simulation/venv/lib/python3.10/site-packages/airflow/example_dags/example_params_trigger_ui.py
[2026-03-18T18:06:40.375+0530] {processor.py:830} INFO - Processing file /home/tejasvi/Desktop/airflow_ssh_simulation/venv/lib/python3.10/site-packages/airflow/example_dags/example_params_trigger_ui.py for tasks to queue
[2026-03-18T18:06:40.380+0530] {logging_mixin.py:188} INFO - [2026-03-18T18:06:40.379+0530] {dagbag.py:540} INFO - Filling up the DagBag from /home/tejasvi/Desktop/airflow_ssh_simulation/venv/lib/python3.10/site-packages/airflow/example_dags/example_params_trigger_ui.py
[2026-03-18T18:06:40.399+0530] {processor.py:840} INFO - DAG(s) 'example_params_trigger_ui' retrieved from /home/tejasvi/Desktop/airflow_ssh_simulation/venv/lib/python3.10/site-packages/airflow/example_dags/example_params_trigger_ui.py
[2026-03-18T18:06:40.450+0530] {logging_mixin.py:188} INFO - [2026-03-18T18:06:40.449+0530] {dag.py:3047} INFO - Sync 1 DAGs
[2026-03-18T18:06:40.462+0530] {logging_mixin.py:188} INFO - [2026-03-18T18:06:40.462+0530] {dag.py:3834} INFO - Setting next_dagrun for example_params_trigger_ui to None, run_after=None
[2026-03-18T18:06:40.515+0530] {processor.py:183} INFO - Processing /home/tejasvi/Desktop/airflow_ssh_simulation/venv/lib/python3.10/site-packages/airflow/example_dags/example_params_trigger_ui.py took 0.181 seconds
[2026-03-18T18:07:40.440+0530] {processor.py:161} INFO - Started process (PID=19135) to work on /home/tejasvi/Desktop/airflow_ssh_simulation/venv/lib/python3.10/site-packages/airflow/example_dags/example_params_trigger_ui.py
[2026-03-18T18:07:40.462+0530] {processor.py:830} INFO - Processing file /home/tejasvi/Desktop/airflow_ssh_simulation/venv/lib/python3.10/site-packages/airflow/example_dags/example_params_trigger_ui.py for tasks to queue
[2026-03-18T18:07:40.467+0530] {logging_mixin.py:188} INFO - [2026-03-18T18:07:40.466+0530] {dagbag.py:540} INFO - Filling up the DagBag from /home/tejasvi/Desktop/airflow_ssh_simulation/venv/lib/python3.10/site-packages/airflow/example_dags/example_params_trigger_ui.py
[2026-03-18T18:07:40.490+0530] {processor.py:840} INFO - DAG(s) 'example_params_trigger_ui' retrieved from /home/tejasvi/Desktop/airflow_ssh_simulation/venv/lib/python3.10/site-packages/airflow/example_dags/example_params_trigger_ui.py
[2026-03-18T18:07:40.537+0530] {logging_mixin.py:188} INFO - [2026-03-18T18:07:40.536+0530] {dag.py:3047} INFO - Sync 1 DAGs
[2026-03-18T18:07:40.550+0530] {logging_mixin.py:188} INFO - [2026-03-18T18:07:40.549+0530] {dag.py:3834} INFO - Setting next_dagrun for example_params_trigger_ui to None, run_after=None
[2026-03-18T18:07:40.979+0530] {processor.py:183} INFO - Processing /home/tejasvi/Desktop/airflow_ssh_simulation/venv/lib/python3.10/site-packages/airflow/example_dags/example_params_trigger_ui.py took 0.544 seconds
[2026-03-18T18:08:46.525+0530] {processor.py:161} INFO - Started process (PID=19316) to work on /home/tejasvi/Desktop/airflow_ssh_simulation/venv/lib/python3.10/site-packages/airflow/example_dags/example_params_trigger_ui.py
[2026-03-18T18:08:46.538+0530] {processor.py:830} INFO - Processing file /home/tejasvi/Desktop/airflow_ssh_simulation/venv/lib/python3.10/site-packages/airflow/example_dags/example_params_trigger_ui.py for tasks to queue
[2026-03-18T18:08:46.541+0530] {logging_mixin.py:188} INFO - [2026-03-18T18:08:46.541+0530] {dagbag.py:540} INFO - Filling up the DagBag from /home/tejasvi/Desktop/airflow_ssh_simulation/venv/lib/python3.10/site-packages/airflow/example_dags/example_params_trigger_ui.py
[2026-03-18T18:08:46.560+0530] {processor.py:840} INFO - DAG(s) 'example_params_trigger_ui' retrieved from /home/tejasvi/Desktop/airflow_ssh_simulation/venv/lib/python3.10/site-packages/airflow/example_dags/example_params_trigger_ui.py
[2026-03-18T18:08:46.608+0530] {logging_mixin.py:188} INFO - [2026-03-18T18:08:46.608+0530] {dag.py:3047} INFO - Sync 1 DAGs
[2026-03-18T18:08:46.623+0530] {logging_mixin.py:188} INFO - [2026-03-18T18:08:46.623+0530] {dag.py:3834} INFO - Setting next_dagrun for example_params_trigger_ui to None, run_after=None
[2026-03-18T18:08:46.699+0530] {processor.py:183} INFO - Processing /home/tejasvi/Desktop/airflow_ssh_simulation/venv/lib/python3.10/site-packages/airflow/example_dags/example_params_trigger_ui.py took 0.178 seconds
[2026-03-18T18:09:44.451+0530] {processor.py:161} INFO - Started process (PID=19471) to work on /home/tejasvi/Desktop/airflow_ssh_simulation/venv/lib/python3.10/site-packages/airflow/example_dags/example_params_trigger_ui.py
[2026-03-18T18:09:44.525+0530] {processor.py:830} INFO - Processing file /home/tejasvi/Desktop/airflow_ssh_simulation/venv/lib/python3.10/site-packages/airflow/example_dags/example_params_trigger_ui.py for tasks to queue
[2026-03-18T18:09:44.529+0530] {logging_mixin.py:188} INFO - [2026-03-18T18:09:44.528+0530] {dagbag.py:540} INFO - Filling up the DagBag from /home/tejasvi/Desktop/airflow_ssh_simulation/venv/lib/python3.10/site-packages/airflow/example_dags/example_params_trigger_ui.py
[2026-03-18T18:09:44.553+0530] {processor.py:840} INFO - DAG(s) 'example_params_trigger_ui' retrieved from /home/tejasvi/Desktop/airflow_ssh_simulation/venv/lib/python3.10/site-packages/airflow/example_dags/example_params_trigger_ui.py
[2026-03-18T18:09:44.601+0530] {logging_mixin.py:188} INFO - [2026-03-18T18:09:44.600+0530] {dag.py:3047} INFO - Sync 1 DAGs
[2026-03-18T18:09:44.615+0530] {logging_mixin.py:188} INFO - [2026-03-18T18:09:44.615+0530] {dag.py:3834} INFO - Setting next_dagrun for example_params_trigger_ui to None, run_after=None
[2026-03-18T18:09:44.667+0530] {processor.py:183} INFO - Processing /home/tejasvi/Desktop/airflow_ssh_simulation/venv/lib/python3.10/site-packages/airflow/example_dags/example_params_trigger_ui.py took 0.222 seconds
[2026-03-18T18:10:43.132+0530] {processor.py:161} INFO - Started process (PID=19631) to work on /home/tejasvi/Desktop/airflow_ssh_simulation/venv/lib/python3.10/site-packages/airflow/example_dags/example_params_trigger_ui.py
[2026-03-18T18:10:43.243+0530] {processor.py:830} INFO - Processing file /home/tejasvi/Desktop/airflow_ssh_simulation/venv/lib/python3.10/site-packages/airflow/example_dags/example_params_trigger_ui.py for tasks to queue
[2026-03-18T18:10:43.250+0530] {logging_mixin.py:188} INFO - [2026-03-18T18:10:43.248+0530] {dagbag.py:540} INFO - Filling up the DagBag from /home/tejasvi/Desktop/airflow_ssh_simulation/venv/lib/python3.10/site-packages/airflow/example_dags/example_params_trigger_ui.py
[2026-03-18T18:10:43.294+0530] {processor.py:840} INFO - DAG(s) 'example_params_trigger_ui' retrieved from /home/tejasvi/Desktop/airflow_ssh_simulation/venv/lib/python3.10/site-packages/airflow/example_dags/example_params_trigger_ui.py
[2026-03-18T18:10:43.344+0530] {logging_mixin.py:188} INFO - [2026-03-18T18:10:43.344+0530] {dag.py:3047} INFO - Sync 1 DAGs
[2026-03-18T18:10:43.361+0530] {logging_mixin.py:188} INFO - [2026-03-18T18:10:43.361+0530] {dag.py:3834} INFO - Setting next_dagrun for example_params_trigger_ui to None, run_after=None
[2026-03-18T18:10:43.412+0530] {processor.py:183} INFO - Processing /home/tejasvi/Desktop/airflow_ssh_simulation/venv/lib/python3.10/site-packages/airflow/example_dags/example_params_trigger_ui.py took 0.284 seconds
[2026-03-18T18:11:48.442+0530] {processor.py:161} INFO - Started process (PID=19839) to work on /home/tejasvi/Desktop/airflow_ssh_simulation/venv/lib/python3.10/site-packages/airflow/example_dags/example_params_trigger_ui.py
[2026-03-18T18:11:48.501+0530] {processor.py:830} INFO - Processing file /home/tejasvi/Desktop/airflow_ssh_simulation/venv/lib/python3.10/site-packages/airflow/example_dags/example_params_trigger_ui.py for tasks to queue
[2026-03-18T18:11:48.507+0530] {logging_mixin.py:188} INFO - [2026-03-18T18:11:48.506+0530] {dagbag.py:540} INFO - Filling up the DagBag from /home/tejasvi/Desktop/airflow_ssh_simulation/venv/lib/python3.10/site-packages/airflow/example_dags/example_params_trigger_ui.py
[2026-03-18T18:11:48.549+0530] {processor.py:840} INFO - DAG(s) 'example_params_trigger_ui' retrieved from /home/tejasvi/Desktop/airflow_ssh_simulation/venv/lib/python3.10/site-packages/airflow/example_dags/example_params_trigger_ui.py
[2026-03-18T18:11:48.596+0530] {logging_mixin.py:188} INFO - [2026-03-18T18:11:48.596+0530] {dag.py:3047} INFO - Sync 1 DAGs
[2026-03-18T18:11:48.611+0530] {logging_mixin.py:188} INFO - [2026-03-18T18:11:48.610+0530] {dag.py:3834} INFO - Setting next_dagrun for example_params_trigger_ui to None, run_after=None
[2026-03-18T18:11:48.737+0530] {processor.py:183} INFO - Processing /home/tejasvi/Desktop/airflow_ssh_simulation/venv/lib/python3.10/site-packages/airflow/example_dags/example_params_trigger_ui.py took 0.300 seconds
[2026-03-18T18:13:00.730+0530] {processor.py:161} INFO - Started process (PID=20021) to work on /home/tejasvi/Desktop/airflow_ssh_simulation/venv/lib/python3.10/site-packages/airflow/example_dags/example_params_trigger_ui.py
[2026-03-18T18:13:00.773+0530] {processor.py:830} INFO - Processing file /home/tejasvi/Desktop/airflow_ssh_simulation/venv/lib/python3.10/site-packages/airflow/example_dags/example_params_trigger_ui.py for tasks to queue
[2026-03-18T18:13:00.776+0530] {logging_mixin.py:188} INFO - [2026-03-18T18:13:00.776+0530] {dagbag.py:540} INFO - Filling up the DagBag from /home/tejasvi/Desktop/airflow_ssh_simulation/venv/lib/python3.10/site-packages/airflow/example_dags/example_params_trigger_ui.py
[2026-03-18T18:13:00.803+0530] {processor.py:840} INFO - DAG(s) 'example_params_trigger_ui' retrieved from /home/tejasvi/Desktop/airflow_ssh_simulation/venv/lib/python3.10/site-packages/airflow/example_dags/example_params_trigger_ui.py
[2026-03-18T18:13:00.851+0530] {logging_mixin.py:188} INFO - [2026-03-18T18:13:00.851+0530] {dag.py:3047} INFO - Sync 1 DAGs
[2026-03-18T18:13:00.866+0530] {logging_mixin.py:188} INFO - [2026-03-18T18:13:00.866+0530] {dag.py:3834} INFO - Setting next_dagrun for example_params_trigger_ui to None, run_after=None
[2026-03-18T18:13:00.924+0530] {processor.py:183} INFO - Processing /home/tejasvi/Desktop/airflow_ssh_simulation/venv/lib/python3.10/site-packages/airflow/example_dags/example_params_trigger_ui.py took 0.198 seconds
[2026-03-18T18:14:13.816+0530] {processor.py:161} INFO - Started process (PID=20179) to work on /home/tejasvi/Desktop/airflow_ssh_simulation/venv/lib/python3.10/site-packages/airflow/example_dags/example_params_trigger_ui.py
[2026-03-18T18:14:13.844+0530] {processor.py:830} INFO - Processing file /home/tejasvi/Desktop/airflow_ssh_simulation/venv/lib/python3.10/site-packages/airflow/example_dags/example_params_trigger_ui.py for tasks to queue
[2026-03-18T18:14:13.847+0530] {logging_mixin.py:188} INFO - [2026-03-18T18:14:13.846+0530] {dagbag.py:540} INFO - Filling up the DagBag from /home/tejasvi/Desktop/airflow_ssh_simulation/venv/lib/python3.10/site-packages/airflow/example_dags/example_params_trigger_ui.py
[2026-03-18T18:14:13.871+0530] {processor.py:840} INFO - DAG(s) 'example_params_trigger_ui' retrieved from /home/tejasvi/Desktop/airflow_ssh_simulation/venv/lib/python3.10/site-packages/airflow/example_dags/example_params_trigger_ui.py
[2026-03-18T18:14:13.920+0530] {logging_mixin.py:188} INFO - [2026-03-18T18:14:13.920+0530] {dag.py:3047} INFO - Sync 1 DAGs
[2026-03-18T18:14:13.935+0530] {logging_mixin.py:188} INFO - [2026-03-18T18:14:13.935+0530] {dag.py:3834} INFO - Setting next_dagrun for example_params_trigger_ui to None, run_after=None
[2026-03-18T18:14:14.004+0530] {processor.py:183} INFO - Processing /home/tejasvi/Desktop/airflow_ssh_simulation/venv/lib/python3.10/site-packages/airflow/example_dags/example_params_trigger_ui.py took 0.194 seconds
[2026-03-18T18:15:35.787+0530] {processor.py:161} INFO - Started process (PID=20372) to work on /home/tejasvi/Desktop/airflow_ssh_simulation/venv/lib/python3.10/site-packages/airflow/example_dags/example_params_trigger_ui.py
[2026-03-18T18:15:35.829+0530] {processor.py:830} INFO - Processing file /home/tejasvi/Desktop/airflow_ssh_simulation/venv/lib/python3.10/site-packages/airflow/example_dags/example_params_trigger_ui.py for tasks to queue
[2026-03-18T18:15:35.832+0530] {logging_mixin.py:188} INFO - [2026-03-18T18:15:35.832+0530] {dagbag.py:540} INFO - Filling up the DagBag from /home/tejasvi/Desktop/airflow_ssh_simulation/venv/lib/python3.10/site-packages/airflow/example_dags/example_params_trigger_ui.py
[2026-03-18T18:15:35.853+0530] {processor.py:840} INFO - DAG(s) 'example_params_trigger_ui' retrieved from /home/tejasvi/Desktop/airflow_ssh_simulation/venv/lib/python3.10/site-packages/airflow/example_dags/example_params_trigger_ui.py
[2026-03-18T18:15:35.901+0530] {logging_mixin.py:188} INFO - [2026-03-18T18:15:35.900+0530] {dag.py:3047} INFO - Sync 1 DAGs
[2026-03-18T18:15:35.915+0530] {logging_mixin.py:188} INFO - [2026-03-18T18:15:35.915+0530] {dag.py:3834} INFO - Setting next_dagrun for example_params_trigger_ui to None, run_after=None
[2026-03-18T18:15:36.017+0530] {processor.py:183} INFO - Processing /home/tejasvi/Desktop/airflow_ssh_simulation/venv/lib/python3.10/site-packages/airflow/example_dags/example_params_trigger_ui.py took 0.236 seconds
[2026-03-18T18:16:38.094+0530] {processor.py:161} INFO - Started process (PID=20564) to work on /home/tejasvi/Desktop/airflow_ssh_simulation/venv/lib/python3.10/site-packages/airflow/example_dags/example_params_trigger_ui.py
[2026-03-18T18:16:38.188+0530] {processor.py:830} INFO - Processing file /home/tejasvi/Desktop/airflow_ssh_simulation/venv/lib/python3.10/site-packages/airflow/example_dags/example_params_trigger_ui.py for tasks to queue
[2026-03-18T18:16:38.193+0530] {logging_mixin.py:188} INFO - [2026-03-18T18:16:38.192+0530] {dagbag.py:540} INFO - Filling up the DagBag from /home/tejasvi/Desktop/airflow_ssh_simulation/venv/lib/python3.10/site-packages/airflow/example_dags/example_params_trigger_ui.py
[2026-03-18T18:16:38.213+0530] {processor.py:840} INFO - DAG(s) 'example_params_trigger_ui' retrieved from /home/tejasvi/Desktop/airflow_ssh_simulation/venv/lib/python3.10/site-packages/airflow/example_dags/example_params_trigger_ui.py
[2026-03-18T18:16:38.260+0530] {logging_mixin.py:188} INFO - [2026-03-18T18:16:38.260+0530] {dag.py:3047} INFO - Sync 1 DAGs
[2026-03-18T18:16:38.273+0530] {logging_mixin.py:188} INFO - [2026-03-18T18:16:38.273+0530] {dag.py:3834} INFO - Setting next_dagrun for example_params_trigger_ui to None, run_after=None
[2026-03-18T18:16:38.342+0530] {processor.py:183} INFO - Processing /home/tejasvi/Desktop/airflow_ssh_simulation/venv/lib/python3.10/site-packages/airflow/example_dags/example_params_trigger_ui.py took 0.253 seconds
[2026-03-18T18:17:57.388+0530] {processor.py:161} INFO - Started process (PID=21618) to work on /home/tejasvi/Desktop/airflow_ssh_simulation/venv/lib/python3.10/site-packages/airflow/example_dags/example_params_trigger_ui.py
[2026-03-18T18:17:57.390+0530] {processor.py:830} INFO - Processing file /home/tejasvi/Desktop/airflow_ssh_simulation/venv/lib/python3.10/site-packages/airflow/example_dags/example_params_trigger_ui.py for tasks to queue
[2026-03-18T18:17:57.393+0530] {logging_mixin.py:188} INFO - [2026-03-18T18:17:57.393+0530] {dagbag.py:540} INFO - Filling up the DagBag from /home/tejasvi/Desktop/airflow_ssh_simulation/venv/lib/python3.10/site-packages/airflow/example_dags/example_params_trigger_ui.py
[2026-03-18T18:17:57.414+0530] {processor.py:840} INFO - DAG(s) 'example_params_trigger_ui' retrieved from /home/tejasvi/Desktop/airflow_ssh_simulation/venv/lib/python3.10/site-packages/airflow/example_dags/example_params_trigger_ui.py
[2026-03-18T18:17:57.461+0530] {logging_mixin.py:188} INFO - [2026-03-18T18:17:57.460+0530] {dag.py:3047} INFO - Sync 1 DAGs
[2026-03-18T18:17:57.475+0530] {logging_mixin.py:188} INFO - [2026-03-18T18:17:57.474+0530] {dag.py:3834} INFO - Setting next_dagrun for example_params_trigger_ui to None, run_after=None
[2026-03-18T18:17:57.535+0530] {processor.py:183} INFO - Processing /home/tejasvi/Desktop/airflow_ssh_simulation/venv/lib/python3.10/site-packages/airflow/example_dags/example_params_trigger_ui.py took 0.155 seconds
[2026-03-18T18:19:01.137+0530] {processor.py:161} INFO - Started process (PID=22110) to work on /home/tejasvi/Desktop/airflow_ssh_simulation/venv/lib/python3.10/site-packages/airflow/example_dags/example_params_trigger_ui.py
[2026-03-18T18:19:01.255+0530] {processor.py:830} INFO - Processing file /home/tejasvi/Desktop/airflow_ssh_simulation/venv/lib/python3.10/site-packages/airflow/example_dags/example_params_trigger_ui.py for tasks to queue
[2026-03-18T18:19:01.260+0530] {logging_mixin.py:188} INFO - [2026-03-18T18:19:01.259+0530] {dagbag.py:540} INFO - Filling up the DagBag from /home/tejasvi/Desktop/airflow_ssh_simulation/venv/lib/python3.10/site-packages/airflow/example_dags/example_params_trigger_ui.py
[2026-03-18T18:19:01.283+0530] {processor.py:840} INFO - DAG(s) 'example_params_trigger_ui' retrieved from /home/tejasvi/Desktop/airflow_ssh_simulation/venv/lib/python3.10/site-packages/airflow/example_dags/example_params_trigger_ui.py
[2026-03-18T18:19:01.331+0530] {logging_mixin.py:188} INFO - [2026-03-18T18:19:01.330+0530] {dag.py:3047} INFO - Sync 1 DAGs
[2026-03-18T18:19:01.345+0530] {logging_mixin.py:188} INFO - [2026-03-18T18:19:01.345+0530] {dag.py:3834} INFO - Setting next_dagrun for example_params_trigger_ui to None, run_after=None
[2026-03-18T18:19:01.503+0530] {processor.py:183} INFO - Processing /home/tejasvi/Desktop/airflow_ssh_simulation/venv/lib/python3.10/site-packages/airflow/example_dags/example_params_trigger_ui.py took 0.370 seconds
[2026-03-18T18:20:19.980+0530] {processor.py:161} INFO - Started process (PID=22325) to work on /home/tejasvi/Desktop/airflow_ssh_simulation/venv/lib/python3.10/site-packages/airflow/example_dags/example_params_trigger_ui.py
[2026-03-18T18:20:20.027+0530] {processor.py:830} INFO - Processing file /home/tejasvi/Desktop/airflow_ssh_simulation/venv/lib/python3.10/site-packages/airflow/example_dags/example_params_trigger_ui.py for tasks to queue
[2026-03-18T18:20:20.033+0530] {logging_mixin.py:188} INFO - [2026-03-18T18:20:20.032+0530] {dagbag.py:540} INFO - Filling up the DagBag from /home/tejasvi/Desktop/airflow_ssh_simulation/venv/lib/python3.10/site-packages/airflow/example_dags/example_params_trigger_ui.py
[2026-03-18T18:20:20.070+0530] {processor.py:840} INFO - DAG(s) 'example_params_trigger_ui' retrieved from /home/tejasvi/Desktop/airflow_ssh_simulation/venv/lib/python3.10/site-packages/airflow/example_dags/example_params_trigger_ui.py
[2026-03-18T18:20:20.119+0530] {logging_mixin.py:188} INFO - [2026-03-18T18:20:20.118+0530] {dag.py:3047} INFO - Sync 1 DAGs
[2026-03-18T18:20:20.133+0530] {logging_mixin.py:188} INFO - [2026-03-18T18:20:20.133+0530] {dag.py:3834} INFO - Setting next_dagrun for example_params_trigger_ui to None, run_after=None
[2026-03-18T18:20:20.283+0530] {processor.py:183} INFO - Processing /home/tejasvi/Desktop/airflow_ssh_simulation/venv/lib/python3.10/site-packages/airflow/example_dags/example_params_trigger_ui.py took 0.312 seconds
[2026-03-18T18:21:26.258+0530] {processor.py:161} INFO - Started process (PID=22527) to work on /home/tejasvi/Desktop/airflow_ssh_simulation/venv/lib/python3.10/site-packages/airflow/example_dags/example_params_trigger_ui.py
[2026-03-18T18:21:26.358+0530] {processor.py:830} INFO - Processing file /home/tejasvi/Desktop/airflow_ssh_simulation/venv/lib/python3.10/site-packages/airflow/example_dags/example_params_trigger_ui.py for tasks to queue
[2026-03-18T18:21:26.362+0530] {logging_mixin.py:188} INFO - [2026-03-18T18:21:26.362+0530] {dagbag.py:540} INFO - Filling up the DagBag from /home/tejasvi/Desktop/airflow_ssh_simulation/venv/lib/python3.10/site-packages/airflow/example_dags/example_params_trigger_ui.py
[2026-03-18T18:21:26.390+0530] {processor.py:840} INFO - DAG(s) 'example_params_trigger_ui' retrieved from /home/tejasvi/Desktop/airflow_ssh_simulation/venv/lib/python3.10/site-packages/airflow/example_dags/example_params_trigger_ui.py
[2026-03-18T18:21:26.438+0530] {logging_mixin.py:188} INFO - [2026-03-18T18:21:26.438+0530] {dag.py:3047} INFO - Sync 1 DAGs
[2026-03-18T18:21:26.452+0530] {logging_mixin.py:188} INFO - [2026-03-18T18:21:26.452+0530] {dag.py:3834} INFO - Setting next_dagrun for example_params_trigger_ui to None, run_after=None
[2026-03-18T18:21:26.504+0530] {processor.py:183} INFO - Processing /home/tejasvi/Desktop/airflow_ssh_simulation/venv/lib/python3.10/site-packages/airflow/example_dags/example_params_trigger_ui.py took 0.250 seconds
[2026-03-18T18:22:29.881+0530] {processor.py:161} INFO - Started process (PID=22701) to work on /home/tejasvi/Desktop/airflow_ssh_simulation/venv/lib/python3.10/site-packages/airflow/example_dags/example_params_trigger_ui.py
[2026-03-18T18:22:29.925+0530] {processor.py:830} INFO - Processing file /home/tejasvi/Desktop/airflow_ssh_simulation/venv/lib/python3.10/site-packages/airflow/example_dags/example_params_trigger_ui.py for tasks to queue
[2026-03-18T18:22:29.931+0530] {logging_mixin.py:188} INFO - [2026-03-18T18:22:29.930+0530] {dagbag.py:540} INFO - Filling up the DagBag from /home/tejasvi/Desktop/airflow_ssh_simulation/venv/lib/python3.10/site-packages/airflow/example_dags/example_params_trigger_ui.py
[2026-03-18T18:22:29.952+0530] {processor.py:840} INFO - DAG(s) 'example_params_trigger_ui' retrieved from /home/tejasvi/Desktop/airflow_ssh_simulation/venv/lib/python3.10/site-packages/airflow/example_dags/example_params_trigger_ui.py
[2026-03-18T18:22:29.999+0530] {logging_mixin.py:188} INFO - [2026-03-18T18:22:29.998+0530] {dag.py:3047} INFO - Sync 1 DAGs
[2026-03-18T18:22:30.015+0530] {logging_mixin.py:188} INFO - [2026-03-18T18:22:30.014+0530] {dag.py:3834} INFO - Setting next_dagrun for example_params_trigger_ui to None, run_after=None
[2026-03-18T18:22:30.385+0530] {processor.py:183} INFO - Processing /home/tejasvi/Desktop/airflow_ssh_simulation/venv/lib/python3.10/site-packages/airflow/example_dags/example_params_trigger_ui.py took 0.508 seconds
[2026-03-18T18:23:41.436+0530] {processor.py:161} INFO - Started process (PID=22873) to work on /home/tejasvi/Desktop/airflow_ssh_simulation/venv/lib/python3.10/site-packages/airflow/example_dags/example_params_trigger_ui.py
[2026-03-18T18:23:41.511+0530] {processor.py:830} INFO - Processing file /home/tejasvi/Desktop/airflow_ssh_simulation/venv/lib/python3.10/site-packages/airflow/example_dags/example_params_trigger_ui.py for tasks to queue
[2026-03-18T18:23:41.516+0530] {logging_mixin.py:188} INFO - [2026-03-18T18:23:41.515+0530] {dagbag.py:540} INFO - Filling up the DagBag from /home/tejasvi/Desktop/airflow_ssh_simulation/venv/lib/python3.10/site-packages/airflow/example_dags/example_params_trigger_ui.py
[2026-03-18T18:23:41.535+0530] {processor.py:840} INFO - DAG(s) 'example_params_trigger_ui' retrieved from /home/tejasvi/Desktop/airflow_ssh_simulation/venv/lib/python3.10/site-packages/airflow/example_dags/example_params_trigger_ui.py
[2026-03-18T18:23:41.581+0530] {logging_mixin.py:188} INFO - [2026-03-18T18:23:41.581+0530] {dag.py:3047} INFO - Sync 1 DAGs
[2026-03-18T18:23:41.597+0530] {logging_mixin.py:188} INFO - [2026-03-18T18:23:41.597+0530] {dag.py:3834} INFO - Setting next_dagrun for example_params_trigger_ui to None, run_after=None
[2026-03-18T18:23:41.655+0530] {processor.py:183} INFO - Processing /home/tejasvi/Desktop/airflow_ssh_simulation/venv/lib/python3.10/site-packages/airflow/example_dags/example_params_trigger_ui.py took 0.224 seconds
[2026-03-18T18:24:48.240+0530] {processor.py:161} INFO - Started process (PID=23039) to work on /home/tejasvi/Desktop/airflow_ssh_simulation/venv/lib/python3.10/site-packages/airflow/example_dags/example_params_trigger_ui.py
[2026-03-18T18:24:48.398+0530] {processor.py:830} INFO - Processing file /home/tejasvi/Desktop/airflow_ssh_simulation/venv/lib/python3.10/site-packages/airflow/example_dags/example_params_trigger_ui.py for tasks to queue
[2026-03-18T18:24:48.404+0530] {logging_mixin.py:188} INFO - [2026-03-18T18:24:48.402+0530] {dagbag.py:540} INFO - Filling up the DagBag from /home/tejasvi/Desktop/airflow_ssh_simulation/venv/lib/python3.10/site-packages/airflow/example_dags/example_params_trigger_ui.py
[2026-03-18T18:24:48.437+0530] {processor.py:840} INFO - DAG(s) 'example_params_trigger_ui' retrieved from /home/tejasvi/Desktop/airflow_ssh_simulation/venv/lib/python3.10/site-packages/airflow/example_dags/example_params_trigger_ui.py
[2026-03-18T18:24:48.480+0530] {logging_mixin.py:188} INFO - [2026-03-18T18:24:48.479+0530] {dag.py:3047} INFO - Sync 1 DAGs
[2026-03-18T18:24:48.493+0530] {logging_mixin.py:188} INFO - [2026-03-18T18:24:48.493+0530] {dag.py:3834} INFO - Setting next_dagrun for example_params_trigger_ui to None, run_after=None
[2026-03-18T18:24:48.800+0530] {processor.py:183} INFO - Processing /home/tejasvi/Desktop/airflow_ssh_simulation/venv/lib/python3.10/site-packages/airflow/example_dags/example_params_trigger_ui.py took 0.567 seconds
[2026-03-18T18:25:45.907+0530] {processor.py:161} INFO - Started process (PID=23191) to work on /home/tejasvi/Desktop/airflow_ssh_simulation/venv/lib/python3.10/site-packages/airflow/example_dags/example_params_trigger_ui.py
[2026-03-18T18:25:45.929+0530] {processor.py:830} INFO - Processing file /home/tejasvi/Desktop/airflow_ssh_simulation/venv/lib/python3.10/site-packages/airflow/example_dags/example_params_trigger_ui.py for tasks to queue
[2026-03-18T18:25:45.932+0530] {logging_mixin.py:188} INFO - [2026-03-18T18:25:45.931+0530] {dagbag.py:540} INFO - Filling up the DagBag from /home/tejasvi/Desktop/airflow_ssh_simulation/venv/lib/python3.10/site-packages/airflow/example_dags/example_params_trigger_ui.py
[2026-03-18T18:25:45.951+0530] {processor.py:840} INFO - DAG(s) 'example_params_trigger_ui' retrieved from /home/tejasvi/Desktop/airflow_ssh_simulation/venv/lib/python3.10/site-packages/airflow/example_dags/example_params_trigger_ui.py
[2026-03-18T18:25:45.995+0530] {logging_mixin.py:188} INFO - [2026-03-18T18:25:45.994+0530] {dag.py:3047} INFO - Sync 1 DAGs
[2026-03-18T18:25:46.008+0530] {logging_mixin.py:188} INFO - [2026-03-18T18:25:46.008+0530] {dag.py:3834} INFO - Setting next_dagrun for example_params_trigger_ui to None, run_after=None
[2026-03-18T18:25:46.081+0530] {processor.py:183} INFO - Processing /home/tejasvi/Desktop/airflow_ssh_simulation/venv/lib/python3.10/site-packages/airflow/example_dags/example_params_trigger_ui.py took 0.183 seconds
[2026-03-18T18:26:43.038+0530] {processor.py:161} INFO - Started process (PID=23390) to work on /home/tejasvi/Desktop/airflow_ssh_simulation/venv/lib/python3.10/site-packages/airflow/example_dags/example_params_trigger_ui.py
[2026-03-18T18:26:43.219+0530] {processor.py:830} INFO - Processing file /home/tejasvi/Desktop/airflow_ssh_simulation/venv/lib/python3.10/site-packages/airflow/example_dags/example_params_trigger_ui.py for tasks to queue
[2026-03-18T18:26:43.225+0530] {logging_mixin.py:188} INFO - [2026-03-18T18:26:43.224+0530] {dagbag.py:540} INFO - Filling up the DagBag from /home/tejasvi/Desktop/airflow_ssh_simulation/venv/lib/python3.10/site-packages/airflow/example_dags/example_params_trigger_ui.py
[2026-03-18T18:26:43.245+0530] {processor.py:840} INFO - DAG(s) 'example_params_trigger_ui' retrieved from /home/tejasvi/Desktop/airflow_ssh_simulation/venv/lib/python3.10/site-packages/airflow/example_dags/example_params_trigger_ui.py
[2026-03-18T18:26:43.294+0530] {logging_mixin.py:188} INFO - [2026-03-18T18:26:43.293+0530] {dag.py:3047} INFO - Sync 1 DAGs
[2026-03-18T18:26:43.308+0530] {logging_mixin.py:188} INFO - [2026-03-18T18:26:43.308+0530] {dag.py:3834} INFO - Setting next_dagrun for example_params_trigger_ui to None, run_after=None
[2026-03-18T18:26:43.614+0530] {processor.py:183} INFO - Processing /home/tejasvi/Desktop/airflow_ssh_simulation/venv/lib/python3.10/site-packages/airflow/example_dags/example_params_trigger_ui.py took 0.581 seconds
[2026-03-18T18:27:41.245+0530] {processor.py:161} INFO - Started process (PID=23563) to work on /home/tejasvi/Desktop/airflow_ssh_simulation/venv/lib/python3.10/site-packages/airflow/example_dags/example_params_trigger_ui.py
[2026-03-18T18:27:41.292+0530] {processor.py:830} INFO - Processing file /home/tejasvi/Desktop/airflow_ssh_simulation/venv/lib/python3.10/site-packages/airflow/example_dags/example_params_trigger_ui.py for tasks to queue
[2026-03-18T18:27:41.298+0530] {logging_mixin.py:188} INFO - [2026-03-18T18:27:41.297+0530] {dagbag.py:540} INFO - Filling up the DagBag from /home/tejasvi/Desktop/airflow_ssh_simulation/venv/lib/python3.10/site-packages/airflow/example_dags/example_params_trigger_ui.py
[2026-03-18T18:27:41.333+0530] {processor.py:840} INFO - DAG(s) 'example_params_trigger_ui' retrieved from /home/tejasvi/Desktop/airflow_ssh_simulation/venv/lib/python3.10/site-packages/airflow/example_dags/example_params_trigger_ui.py
[2026-03-18T18:27:41.379+0530] {logging_mixin.py:188} INFO - [2026-03-18T18:27:41.379+0530] {dag.py:3047} INFO - Sync 1 DAGs
[2026-03-18T18:27:41.393+0530] {logging_mixin.py:188} INFO - [2026-03-18T18:27:41.392+0530] {dag.py:3834} INFO - Setting next_dagrun for example_params_trigger_ui to None, run_after=None
[2026-03-18T18:27:41.448+0530] {processor.py:183} INFO - Processing /home/tejasvi/Desktop/airflow_ssh_simulation/venv/lib/python3.10/site-packages/airflow/example_dags/example_params_trigger_ui.py took 0.211 seconds
[2026-03-18T18:29:02.682+0530] {processor.py:161} INFO - Started process (PID=23770) to work on /home/tejasvi/Desktop/airflow_ssh_simulation/venv/lib/python3.10/site-packages/airflow/example_dags/example_params_trigger_ui.py
[2026-03-18T18:29:02.688+0530] {processor.py:830} INFO - Processing file /home/tejasvi/Desktop/airflow_ssh_simulation/venv/lib/python3.10/site-packages/airflow/example_dags/example_params_trigger_ui.py for tasks to queue
[2026-03-18T18:29:02.691+0530] {logging_mixin.py:188} INFO - [2026-03-18T18:29:02.691+0530] {dagbag.py:540} INFO - Filling up the DagBag from /home/tejasvi/Desktop/airflow_ssh_simulation/venv/lib/python3.10/site-packages/airflow/example_dags/example_params_trigger_ui.py
[2026-03-18T18:29:02.712+0530] {processor.py:840} INFO - DAG(s) 'example_params_trigger_ui' retrieved from /home/tejasvi/Desktop/airflow_ssh_simulation/venv/lib/python3.10/site-packages/airflow/example_dags/example_params_trigger_ui.py
[2026-03-18T18:29:02.757+0530] {logging_mixin.py:188} INFO - [2026-03-18T18:29:02.757+0530] {dag.py:3047} INFO - Sync 1 DAGs
[2026-03-18T18:29:02.770+0530] {logging_mixin.py:188} INFO - [2026-03-18T18:29:02.770+0530] {dag.py:3834} INFO - Setting next_dagrun for example_params_trigger_ui to None, run_after=None
[2026-03-18T18:29:02.847+0530] {processor.py:183} INFO - Processing /home/tejasvi/Desktop/airflow_ssh_simulation/venv/lib/python3.10/site-packages/airflow/example_dags/example_params_trigger_ui.py took 0.175 seconds
[2026-03-18T18:30:15.914+0530] {processor.py:161} INFO - Started process (PID=23949) to work on /home/tejasvi/Desktop/airflow_ssh_simulation/venv/lib/python3.10/site-packages/airflow/example_dags/example_params_trigger_ui.py
[2026-03-18T18:30:15.917+0530] {processor.py:830} INFO - Processing file /home/tejasvi/Desktop/airflow_ssh_simulation/venv/lib/python3.10/site-packages/airflow/example_dags/example_params_trigger_ui.py for tasks to queue
[2026-03-18T18:30:15.920+0530] {logging_mixin.py:188} INFO - [2026-03-18T18:30:15.920+0530] {dagbag.py:540} INFO - Filling up the DagBag from /home/tejasvi/Desktop/airflow_ssh_simulation/venv/lib/python3.10/site-packages/airflow/example_dags/example_params_trigger_ui.py
[2026-03-18T18:30:15.937+0530] {processor.py:840} INFO - DAG(s) 'example_params_trigger_ui' retrieved from /home/tejasvi/Desktop/airflow_ssh_simulation/venv/lib/python3.10/site-packages/airflow/example_dags/example_params_trigger_ui.py
[2026-03-18T18:30:15.979+0530] {logging_mixin.py:188} INFO - [2026-03-18T18:30:15.979+0530] {dag.py:3047} INFO - Sync 1 DAGs
[2026-03-18T18:30:15.990+0530] {logging_mixin.py:188} INFO - [2026-03-18T18:30:15.990+0530] {dag.py:3834} INFO - Setting next_dagrun for example_params_trigger_ui to None, run_after=None
[2026-03-18T18:30:16.048+0530] {processor.py:183} INFO - Processing /home/tejasvi/Desktop/airflow_ssh_simulation/venv/lib/python3.10/site-packages/airflow/example_dags/example_params_trigger_ui.py took 0.142 seconds
[2026-03-18T18:31:33.453+0530] {processor.py:161} INFO - Started process (PID=24213) to work on /home/tejasvi/Desktop/airflow_ssh_simulation/venv/lib/python3.10/site-packages/airflow/example_dags/example_params_trigger_ui.py
[2026-03-18T18:31:33.715+0530] {processor.py:830} INFO - Processing file /home/tejasvi/Desktop/airflow_ssh_simulation/venv/lib/python3.10/site-packages/airflow/example_dags/example_params_trigger_ui.py for tasks to queue
[2026-03-18T18:31:33.718+0530] {logging_mixin.py:188} INFO - [2026-03-18T18:31:33.718+0530] {dagbag.py:540} INFO - Filling up the DagBag from /home/tejasvi/Desktop/airflow_ssh_simulation/venv/lib/python3.10/site-packages/airflow/example_dags/example_params_trigger_ui.py
[2026-03-18T18:31:33.736+0530] {processor.py:840} INFO - DAG(s) 'example_params_trigger_ui' retrieved from /home/tejasvi/Desktop/airflow_ssh_simulation/venv/lib/python3.10/site-packages/airflow/example_dags/example_params_trigger_ui.py
[2026-03-18T18:31:33.778+0530] {logging_mixin.py:188} INFO - [2026-03-18T18:31:33.777+0530] {dag.py:3047} INFO - Sync 1 DAGs
[2026-03-18T18:31:33.790+0530] {logging_mixin.py:188} INFO - [2026-03-18T18:31:33.790+0530] {dag.py:3834} INFO - Setting next_dagrun for example_params_trigger_ui to None, run_after=None
[2026-03-18T18:31:33.912+0530] {processor.py:183} INFO - Processing /home/tejasvi/Desktop/airflow_ssh_simulation/venv/lib/python3.10/site-packages/airflow/example_dags/example_params_trigger_ui.py took 0.464 seconds
[2026-03-18T18:32:37.675+0530] {processor.py:161} INFO - Started process (PID=24537) to work on /home/tejasvi/Desktop/airflow_ssh_simulation/venv/lib/python3.10/site-packages/airflow/example_dags/example_params_trigger_ui.py
[2026-03-18T18:32:37.678+0530] {processor.py:830} INFO - Processing file /home/tejasvi/Desktop/airflow_ssh_simulation/venv/lib/python3.10/site-packages/airflow/example_dags/example_params_trigger_ui.py for tasks to queue
[2026-03-18T18:32:37.681+0530] {logging_mixin.py:188} INFO - [2026-03-18T18:32:37.680+0530] {dagbag.py:540} INFO - Filling up the DagBag from /home/tejasvi/Desktop/airflow_ssh_simulation/venv/lib/python3.10/site-packages/airflow/example_dags/example_params_trigger_ui.py
[2026-03-18T18:32:37.697+0530] {processor.py:840} INFO - DAG(s) 'example_params_trigger_ui' retrieved from /home/tejasvi/Desktop/airflow_ssh_simulation/venv/lib/python3.10/site-packages/airflow/example_dags/example_params_trigger_ui.py
[2026-03-18T18:32:37.739+0530] {logging_mixin.py:188} INFO - [2026-03-18T18:32:37.739+0530] {dag.py:3047} INFO - Sync 1 DAGs
[2026-03-18T18:32:37.752+0530] {logging_mixin.py:188} INFO - [2026-03-18T18:32:37.751+0530] {dag.py:3834} INFO - Setting next_dagrun for example_params_trigger_ui to None, run_after=None
[2026-03-18T18:32:37.806+0530] {processor.py:183} INFO - Processing /home/tejasvi/Desktop/airflow_ssh_simulation/venv/lib/python3.10/site-packages/airflow/example_dags/example_params_trigger_ui.py took 0.135 seconds
[2026-03-18T18:33:38.884+0530] {processor.py:161} INFO - Started process (PID=24694) to work on /home/tejasvi/Desktop/airflow_ssh_simulation/venv/lib/python3.10/site-packages/airflow/example_dags/example_params_trigger_ui.py
[2026-03-18T18:33:38.975+0530] {processor.py:830} INFO - Processing file /home/tejasvi/Desktop/airflow_ssh_simulation/venv/lib/python3.10/site-packages/airflow/example_dags/example_params_trigger_ui.py for tasks to queue
[2026-03-18T18:33:38.978+0530] {logging_mixin.py:188} INFO - [2026-03-18T18:33:38.978+0530] {dagbag.py:540} INFO - Filling up the DagBag from /home/tejasvi/Desktop/airflow_ssh_simulation/venv/lib/python3.10/site-packages/airflow/example_dags/example_params_trigger_ui.py
[2026-03-18T18:33:38.996+0530] {processor.py:840} INFO - DAG(s) 'example_params_trigger_ui' retrieved from /home/tejasvi/Desktop/airflow_ssh_simulation/venv/lib/python3.10/site-packages/airflow/example_dags/example_params_trigger_ui.py
[2026-03-18T18:33:39.037+0530] {logging_mixin.py:188} INFO - [2026-03-18T18:33:39.037+0530] {dag.py:3047} INFO - Sync 1 DAGs
[2026-03-18T18:33:39.049+0530] {logging_mixin.py:188} INFO - [2026-03-18T18:33:39.049+0530] {dag.py:3834} INFO - Setting next_dagrun for example_params_trigger_ui to None, run_after=None
[2026-03-18T18:33:39.098+0530] {processor.py:183} INFO - Processing /home/tejasvi/Desktop/airflow_ssh_simulation/venv/lib/python3.10/site-packages/airflow/example_dags/example_params_trigger_ui.py took 0.222 seconds
[2026-03-18T18:34:42.165+0530] {processor.py:161} INFO - Started process (PID=24866) to work on /home/tejasvi/Desktop/airflow_ssh_simulation/venv/lib/python3.10/site-packages/airflow/example_dags/example_params_trigger_ui.py
[2026-03-18T18:34:42.227+0530] {processor.py:830} INFO - Processing file /home/tejasvi/Desktop/airflow_ssh_simulation/venv/lib/python3.10/site-packages/airflow/example_dags/example_params_trigger_ui.py for tasks to queue
[2026-03-18T18:34:42.230+0530] {logging_mixin.py:188} INFO - [2026-03-18T18:34:42.229+0530] {dagbag.py:540} INFO - Filling up the DagBag from /home/tejasvi/Desktop/airflow_ssh_simulation/venv/lib/python3.10/site-packages/airflow/example_dags/example_params_trigger_ui.py
[2026-03-18T18:34:42.248+0530] {processor.py:840} INFO - DAG(s) 'example_params_trigger_ui' retrieved from /home/tejasvi/Desktop/airflow_ssh_simulation/venv/lib/python3.10/site-packages/airflow/example_dags/example_params_trigger_ui.py
[2026-03-18T18:34:42.289+0530] {logging_mixin.py:188} INFO - [2026-03-18T18:34:42.289+0530] {dag.py:3047} INFO - Sync 1 DAGs
[2026-03-18T18:34:42.302+0530] {logging_mixin.py:188} INFO - [2026-03-18T18:34:42.301+0530] {dag.py:3834} INFO - Setting next_dagrun for example_params_trigger_ui to None, run_after=None
[2026-03-18T18:34:42.382+0530] {processor.py:183} INFO - Processing /home/tejasvi/Desktop/airflow_ssh_simulation/venv/lib/python3.10/site-packages/airflow/example_dags/example_params_trigger_ui.py took 0.224 seconds
[2026-03-18T18:35:44.020+0530] {processor.py:161} INFO - Started process (PID=25038) to work on /home/tejasvi/Desktop/airflow_ssh_simulation/venv/lib/python3.10/site-packages/airflow/example_dags/example_params_trigger_ui.py
[2026-03-18T18:35:44.066+0530] {processor.py:830} INFO - Processing file /home/tejasvi/Desktop/airflow_ssh_simulation/venv/lib/python3.10/site-packages/airflow/example_dags/example_params_trigger_ui.py for tasks to queue
[2026-03-18T18:35:44.069+0530] {logging_mixin.py:188} INFO - [2026-03-18T18:35:44.069+0530] {dagbag.py:540} INFO - Filling up the DagBag from /home/tejasvi/Desktop/airflow_ssh_simulation/venv/lib/python3.10/site-packages/airflow/example_dags/example_params_trigger_ui.py
[2026-03-18T18:35:44.087+0530] {processor.py:840} INFO - DAG(s) 'example_params_trigger_ui' retrieved from /home/tejasvi/Desktop/airflow_ssh_simulation/venv/lib/python3.10/site-packages/airflow/example_dags/example_params_trigger_ui.py
[2026-03-18T18:35:44.130+0530] {logging_mixin.py:188} INFO - [2026-03-18T18:35:44.129+0530] {dag.py:3047} INFO - Sync 1 DAGs
[2026-03-18T18:35:44.141+0530] {logging_mixin.py:188} INFO - [2026-03-18T18:35:44.141+0530] {dag.py:3834} INFO - Setting next_dagrun for example_params_trigger_ui to None, run_after=None
[2026-03-18T18:35:44.272+0530] {processor.py:183} INFO - Processing /home/tejasvi/Desktop/airflow_ssh_simulation/venv/lib/python3.10/site-packages/airflow/example_dags/example_params_trigger_ui.py took 0.257 seconds
[2026-03-18T18:36:48.607+0530] {processor.py:161} INFO - Started process (PID=25249) to work on /home/tejasvi/Desktop/airflow_ssh_simulation/venv/lib/python3.10/site-packages/airflow/example_dags/example_params_trigger_ui.py
[2026-03-18T18:36:48.938+0530] {processor.py:830} INFO - Processing file /home/tejasvi/Desktop/airflow_ssh_simulation/venv/lib/python3.10/site-packages/airflow/example_dags/example_params_trigger_ui.py for tasks to queue
[2026-03-18T18:36:48.943+0530] {logging_mixin.py:188} INFO - [2026-03-18T18:36:48.942+0530] {dagbag.py:540} INFO - Filling up the DagBag from /home/tejasvi/Desktop/airflow_ssh_simulation/venv/lib/python3.10/site-packages/airflow/example_dags/example_params_trigger_ui.py
[2026-03-18T18:36:48.980+0530] {processor.py:840} INFO - DAG(s) 'example_params_trigger_ui' retrieved from /home/tejasvi/Desktop/airflow_ssh_simulation/venv/lib/python3.10/site-packages/airflow/example_dags/example_params_trigger_ui.py
[2026-03-18T18:36:49.029+0530] {logging_mixin.py:188} INFO - [2026-03-18T18:36:49.028+0530] {dag.py:3047} INFO - Sync 1 DAGs
[2026-03-18T18:36:49.042+0530] {logging_mixin.py:188} INFO - [2026-03-18T18:36:49.041+0530] {dag.py:3834} INFO - Setting next_dagrun for example_params_trigger_ui to None, run_after=None
[2026-03-18T18:36:49.365+0530] {processor.py:183} INFO - Processing /home/tejasvi/Desktop/airflow_ssh_simulation/venv/lib/python3.10/site-packages/airflow/example_dags/example_params_trigger_ui.py took 0.765 seconds
[2026-03-18T18:38:05.663+0530] {processor.py:161} INFO - Started process (PID=25433) to work on /home/tejasvi/Desktop/airflow_ssh_simulation/venv/lib/python3.10/site-packages/airflow/example_dags/example_params_trigger_ui.py
[2026-03-18T18:38:05.728+0530] {processor.py:830} INFO - Processing file /home/tejasvi/Desktop/airflow_ssh_simulation/venv/lib/python3.10/site-packages/airflow/example_dags/example_params_trigger_ui.py for tasks to queue
[2026-03-18T18:38:05.731+0530] {logging_mixin.py:188} INFO - [2026-03-18T18:38:05.731+0530] {dagbag.py:540} INFO - Filling up the DagBag from /home/tejasvi/Desktop/airflow_ssh_simulation/venv/lib/python3.10/site-packages/airflow/example_dags/example_params_trigger_ui.py
[2026-03-18T18:38:05.749+0530] {processor.py:840} INFO - DAG(s) 'example_params_trigger_ui' retrieved from /home/tejasvi/Desktop/airflow_ssh_simulation/venv/lib/python3.10/site-packages/airflow/example_dags/example_params_trigger_ui.py
[2026-03-18T18:38:05.791+0530] {logging_mixin.py:188} INFO - [2026-03-18T18:38:05.790+0530] {dag.py:3047} INFO - Sync 1 DAGs
[2026-03-18T18:38:05.802+0530] {logging_mixin.py:188} INFO - [2026-03-18T18:38:05.802+0530] {dag.py:3834} INFO - Setting next_dagrun for example_params_trigger_ui to None, run_after=None
[2026-03-18T18:38:05.859+0530] {processor.py:183} INFO - Processing /home/tejasvi/Desktop/airflow_ssh_simulation/venv/lib/python3.10/site-packages/airflow/example_dags/example_params_trigger_ui.py took 0.204 seconds
[2026-03-18T18:39:10.119+0530] {processor.py:161} INFO - Started process (PID=25592) to work on /home/tejasvi/Desktop/airflow_ssh_simulation/venv/lib/python3.10/site-packages/airflow/example_dags/example_params_trigger_ui.py
[2026-03-18T18:39:10.161+0530] {processor.py:830} INFO - Processing file /home/tejasvi/Desktop/airflow_ssh_simulation/venv/lib/python3.10/site-packages/airflow/example_dags/example_params_trigger_ui.py for tasks to queue
[2026-03-18T18:39:10.165+0530] {logging_mixin.py:188} INFO - [2026-03-18T18:39:10.164+0530] {dagbag.py:540} INFO - Filling up the DagBag from /home/tejasvi/Desktop/airflow_ssh_simulation/venv/lib/python3.10/site-packages/airflow/example_dags/example_params_trigger_ui.py
[2026-03-18T18:39:10.182+0530] {processor.py:840} INFO - DAG(s) 'example_params_trigger_ui' retrieved from /home/tejasvi/Desktop/airflow_ssh_simulation/venv/lib/python3.10/site-packages/airflow/example_dags/example_params_trigger_ui.py
[2026-03-18T18:39:10.224+0530] {logging_mixin.py:188} INFO - [2026-03-18T18:39:10.223+0530] {dag.py:3047} INFO - Sync 1 DAGs
[2026-03-18T18:39:10.235+0530] {logging_mixin.py:188} INFO - [2026-03-18T18:39:10.235+0530] {dag.py:3834} INFO - Setting next_dagrun for example_params_trigger_ui to None, run_after=None
[2026-03-18T18:39:10.276+0530] {processor.py:183} INFO - Processing /home/tejasvi/Desktop/airflow_ssh_simulation/venv/lib/python3.10/site-packages/airflow/example_dags/example_params_trigger_ui.py took 0.165 seconds
[2026-03-18T18:40:11.546+0530] {processor.py:161} INFO - Started process (PID=25755) to work on /home/tejasvi/Desktop/airflow_ssh_simulation/venv/lib/python3.10/site-packages/airflow/example_dags/example_params_trigger_ui.py
[2026-03-18T18:40:11.584+0530] {processor.py:830} INFO - Processing file /home/tejasvi/Desktop/airflow_ssh_simulation/venv/lib/python3.10/site-packages/airflow/example_dags/example_params_trigger_ui.py for tasks to queue
[2026-03-18T18:40:11.587+0530] {logging_mixin.py:188} INFO - [2026-03-18T18:40:11.586+0530] {dagbag.py:540} INFO - Filling up the DagBag from /home/tejasvi/Desktop/airflow_ssh_simulation/venv/lib/python3.10/site-packages/airflow/example_dags/example_params_trigger_ui.py
[2026-03-18T18:40:11.605+0530] {processor.py:840} INFO - DAG(s) 'example_params_trigger_ui' retrieved from /home/tejasvi/Desktop/airflow_ssh_simulation/venv/lib/python3.10/site-packages/airflow/example_dags/example_params_trigger_ui.py
[2026-03-18T18:40:11.647+0530] {logging_mixin.py:188} INFO - [2026-03-18T18:40:11.646+0530] {dag.py:3047} INFO - Sync 1 DAGs
[2026-03-18T18:40:11.659+0530] {logging_mixin.py:188} INFO - [2026-03-18T18:40:11.658+0530] {dag.py:3834} INFO - Setting next_dagrun for example_params_trigger_ui to None, run_after=None
[2026-03-18T18:40:11.772+0530] {processor.py:183} INFO - Processing /home/tejasvi/Desktop/airflow_ssh_simulation/venv/lib/python3.10/site-packages/airflow/example_dags/example_params_trigger_ui.py took 0.234 seconds
[2026-03-18T18:41:16.843+0530] {processor.py:161} INFO - Started process (PID=25946) to work on /home/tejasvi/Desktop/airflow_ssh_simulation/venv/lib/python3.10/site-packages/airflow/example_dags/example_params_trigger_ui.py
[2026-03-18T18:41:16.879+0530] {processor.py:830} INFO - Processing file /home/tejasvi/Desktop/airflow_ssh_simulation/venv/lib/python3.10/site-packages/airflow/example_dags/example_params_trigger_ui.py for tasks to queue
[2026-03-18T18:41:16.883+0530] {logging_mixin.py:188} INFO - [2026-03-18T18:41:16.882+0530] {dagbag.py:540} INFO - Filling up the DagBag from /home/tejasvi/Desktop/airflow_ssh_simulation/venv/lib/python3.10/site-packages/airflow/example_dags/example_params_trigger_ui.py
[2026-03-18T18:41:16.901+0530] {processor.py:840} INFO - DAG(s) 'example_params_trigger_ui' retrieved from /home/tejasvi/Desktop/airflow_ssh_simulation/venv/lib/python3.10/site-packages/airflow/example_dags/example_params_trigger_ui.py
[2026-03-18T18:41:16.946+0530] {logging_mixin.py:188} INFO - [2026-03-18T18:41:16.945+0530] {dag.py:3047} INFO - Sync 1 DAGs
[2026-03-18T18:41:16.958+0530] {logging_mixin.py:188} INFO - [2026-03-18T18:41:16.958+0530] {dag.py:3834} INFO - Setting next_dagrun for example_params_trigger_ui to None, run_after=None
[2026-03-18T18:41:17.007+0530] {processor.py:183} INFO - Processing /home/tejasvi/Desktop/airflow_ssh_simulation/venv/lib/python3.10/site-packages/airflow/example_dags/example_params_trigger_ui.py took 0.172 seconds
[2026-03-18T18:42:21.275+0530] {processor.py:161} INFO - Started process (PID=26106) to work on /home/tejasvi/Desktop/airflow_ssh_simulation/venv/lib/python3.10/site-packages/airflow/example_dags/example_params_trigger_ui.py
[2026-03-18T18:42:21.357+0530] {processor.py:830} INFO - Processing file /home/tejasvi/Desktop/airflow_ssh_simulation/venv/lib/python3.10/site-packages/airflow/example_dags/example_params_trigger_ui.py for tasks to queue
[2026-03-18T18:42:21.360+0530] {logging_mixin.py:188} INFO - [2026-03-18T18:42:21.359+0530] {dagbag.py:540} INFO - Filling up the DagBag from /home/tejasvi/Desktop/airflow_ssh_simulation/venv/lib/python3.10/site-packages/airflow/example_dags/example_params_trigger_ui.py
[2026-03-18T18:42:21.378+0530] {processor.py:840} INFO - DAG(s) 'example_params_trigger_ui' retrieved from /home/tejasvi/Desktop/airflow_ssh_simulation/venv/lib/python3.10/site-packages/airflow/example_dags/example_params_trigger_ui.py
[2026-03-18T18:42:21.419+0530] {logging_mixin.py:188} INFO - [2026-03-18T18:42:21.418+0530] {dag.py:3047} INFO - Sync 1 DAGs
[2026-03-18T18:42:21.431+0530] {logging_mixin.py:188} INFO - [2026-03-18T18:42:21.430+0530] {dag.py:3834} INFO - Setting next_dagrun for example_params_trigger_ui to None, run_after=None
[2026-03-18T18:42:21.581+0530] {processor.py:183} INFO - Processing /home/tejasvi/Desktop/airflow_ssh_simulation/venv/lib/python3.10/site-packages/airflow/example_dags/example_params_trigger_ui.py took 0.314 seconds
[2026-03-18T18:43:45.823+0530] {processor.py:161} INFO - Started process (PID=26292) to work on /home/tejasvi/Desktop/airflow_ssh_simulation/venv/lib/python3.10/site-packages/airflow/example_dags/example_params_trigger_ui.py
[2026-03-18T18:43:45.907+0530] {processor.py:830} INFO - Processing file /home/tejasvi/Desktop/airflow_ssh_simulation/venv/lib/python3.10/site-packages/airflow/example_dags/example_params_trigger_ui.py for tasks to queue
[2026-03-18T18:43:45.910+0530] {logging_mixin.py:188} INFO - [2026-03-18T18:43:45.909+0530] {dagbag.py:540} INFO - Filling up the DagBag from /home/tejasvi/Desktop/airflow_ssh_simulation/venv/lib/python3.10/site-packages/airflow/example_dags/example_params_trigger_ui.py
[2026-03-18T18:43:45.928+0530] {processor.py:840} INFO - DAG(s) 'example_params_trigger_ui' retrieved from /home/tejasvi/Desktop/airflow_ssh_simulation/venv/lib/python3.10/site-packages/airflow/example_dags/example_params_trigger_ui.py
[2026-03-18T18:43:45.970+0530] {logging_mixin.py:188} INFO - [2026-03-18T18:43:45.969+0530] {dag.py:3047} INFO - Sync 1 DAGs
[2026-03-18T18:43:45.981+0530] {logging_mixin.py:188} INFO - [2026-03-18T18:43:45.981+0530] {dag.py:3834} INFO - Setting next_dagrun for example_params_trigger_ui to None, run_after=None
[2026-03-18T18:43:46.081+0530] {processor.py:183} INFO - Processing /home/tejasvi/Desktop/airflow_ssh_simulation/venv/lib/python3.10/site-packages/airflow/example_dags/example_params_trigger_ui.py took 0.266 seconds
[2026-03-18T18:44:51.205+0530] {processor.py:161} INFO - Started process (PID=26458) to work on /home/tejasvi/Desktop/airflow_ssh_simulation/venv/lib/python3.10/site-packages/airflow/example_dags/example_params_trigger_ui.py
[2026-03-18T18:44:51.242+0530] {processor.py:830} INFO - Processing file /home/tejasvi/Desktop/airflow_ssh_simulation/venv/lib/python3.10/site-packages/airflow/example_dags/example_params_trigger_ui.py for tasks to queue
[2026-03-18T18:44:51.245+0530] {logging_mixin.py:188} INFO - [2026-03-18T18:44:51.245+0530] {dagbag.py:540} INFO - Filling up the DagBag from /home/tejasvi/Desktop/airflow_ssh_simulation/venv/lib/python3.10/site-packages/airflow/example_dags/example_params_trigger_ui.py
[2026-03-18T18:44:51.264+0530] {processor.py:840} INFO - DAG(s) 'example_params_trigger_ui' retrieved from /home/tejasvi/Desktop/airflow_ssh_simulation/venv/lib/python3.10/site-packages/airflow/example_dags/example_params_trigger_ui.py
[2026-03-18T18:44:51.305+0530] {logging_mixin.py:188} INFO - [2026-03-18T18:44:51.305+0530] {dag.py:3047} INFO - Sync 1 DAGs
[2026-03-18T18:44:51.317+0530] {logging_mixin.py:188} INFO - [2026-03-18T18:44:51.317+0530] {dag.py:3834} INFO - Setting next_dagrun for example_params_trigger_ui to None, run_after=None
[2026-03-18T18:44:51.378+0530] {processor.py:183} INFO - Processing /home/tejasvi/Desktop/airflow_ssh_simulation/venv/lib/python3.10/site-packages/airflow/example_dags/example_params_trigger_ui.py took 0.180 seconds
[2026-03-18T18:46:09.135+0530] {processor.py:161} INFO - Started process (PID=26667) to work on /home/tejasvi/Desktop/airflow_ssh_simulation/venv/lib/python3.10/site-packages/airflow/example_dags/example_params_trigger_ui.py
[2026-03-18T18:46:09.209+0530] {processor.py:830} INFO - Processing file /home/tejasvi/Desktop/airflow_ssh_simulation/venv/lib/python3.10/site-packages/airflow/example_dags/example_params_trigger_ui.py for tasks to queue
[2026-03-18T18:46:09.212+0530] {logging_mixin.py:188} INFO - [2026-03-18T18:46:09.212+0530] {dagbag.py:540} INFO - Filling up the DagBag from /home/tejasvi/Desktop/airflow_ssh_simulation/venv/lib/python3.10/site-packages/airflow/example_dags/example_params_trigger_ui.py
[2026-03-18T18:46:09.230+0530] {processor.py:840} INFO - DAG(s) 'example_params_trigger_ui' retrieved from /home/tejasvi/Desktop/airflow_ssh_simulation/venv/lib/python3.10/site-packages/airflow/example_dags/example_params_trigger_ui.py
[2026-03-18T18:46:09.271+0530] {logging_mixin.py:188} INFO - [2026-03-18T18:46:09.271+0530] {dag.py:3047} INFO - Sync 1 DAGs
[2026-03-18T18:46:09.284+0530] {logging_mixin.py:188} INFO - [2026-03-18T18:46:09.283+0530] {dag.py:3834} INFO - Setting next_dagrun for example_params_trigger_ui to None, run_after=None
[2026-03-18T18:46:09.352+0530] {processor.py:183} INFO - Processing /home/tejasvi/Desktop/airflow_ssh_simulation/venv/lib/python3.10/site-packages/airflow/example_dags/example_params_trigger_ui.py took 0.226 seconds
[2026-03-18T18:47:26.047+0530] {processor.py:161} INFO - Started process (PID=26848) to work on /home/tejasvi/Desktop/airflow_ssh_simulation/venv/lib/python3.10/site-packages/airflow/example_dags/example_params_trigger_ui.py
[2026-03-18T18:47:26.108+0530] {processor.py:830} INFO - Processing file /home/tejasvi/Desktop/airflow_ssh_simulation/venv/lib/python3.10/site-packages/airflow/example_dags/example_params_trigger_ui.py for tasks to queue
[2026-03-18T18:47:26.111+0530] {logging_mixin.py:188} INFO - [2026-03-18T18:47:26.110+0530] {dagbag.py:540} INFO - Filling up the DagBag from /home/tejasvi/Desktop/airflow_ssh_simulation/venv/lib/python3.10/site-packages/airflow/example_dags/example_params_trigger_ui.py
[2026-03-18T18:47:26.131+0530] {processor.py:840} INFO - DAG(s) 'example_params_trigger_ui' retrieved from /home/tejasvi/Desktop/airflow_ssh_simulation/venv/lib/python3.10/site-packages/airflow/example_dags/example_params_trigger_ui.py
[2026-03-18T18:47:26.172+0530] {logging_mixin.py:188} INFO - [2026-03-18T18:47:26.172+0530] {dag.py:3047} INFO - Sync 1 DAGs
[2026-03-18T18:47:26.184+0530] {logging_mixin.py:188} INFO - [2026-03-18T18:47:26.184+0530] {dag.py:3834} INFO - Setting next_dagrun for example_params_trigger_ui to None, run_after=None
[2026-03-18T18:47:26.233+0530] {processor.py:183} INFO - Processing /home/tejasvi/Desktop/airflow_ssh_simulation/venv/lib/python3.10/site-packages/airflow/example_dags/example_params_trigger_ui.py took 0.194 seconds
[2026-03-18T18:48:42.756+0530] {processor.py:161} INFO - Started process (PID=27053) to work on /home/tejasvi/Desktop/airflow_ssh_simulation/venv/lib/python3.10/site-packages/airflow/example_dags/example_params_trigger_ui.py
[2026-03-18T18:48:42.760+0530] {processor.py:830} INFO - Processing file /home/tejasvi/Desktop/airflow_ssh_simulation/venv/lib/python3.10/site-packages/airflow/example_dags/example_params_trigger_ui.py for tasks to queue
[2026-03-18T18:48:42.762+0530] {logging_mixin.py:188} INFO - [2026-03-18T18:48:42.762+0530] {dagbag.py:540} INFO - Filling up the DagBag from /home/tejasvi/Desktop/airflow_ssh_simulation/venv/lib/python3.10/site-packages/airflow/example_dags/example_params_trigger_ui.py
[2026-03-18T18:48:42.779+0530] {processor.py:840} INFO - DAG(s) 'example_params_trigger_ui' retrieved from /home/tejasvi/Desktop/airflow_ssh_simulation/venv/lib/python3.10/site-packages/airflow/example_dags/example_params_trigger_ui.py
[2026-03-18T18:48:42.820+0530] {logging_mixin.py:188} INFO - [2026-03-18T18:48:42.820+0530] {dag.py:3047} INFO - Sync 1 DAGs
[2026-03-18T18:48:42.832+0530] {logging_mixin.py:188} INFO - [2026-03-18T18:48:42.832+0530] {dag.py:3834} INFO - Setting next_dagrun for example_params_trigger_ui to None, run_after=None
[2026-03-18T18:48:43.203+0530] {processor.py:183} INFO - Processing /home/tejasvi/Desktop/airflow_ssh_simulation/venv/lib/python3.10/site-packages/airflow/example_dags/example_params_trigger_ui.py took 0.455 seconds
[2026-03-18T18:49:53.132+0530] {processor.py:161} INFO - Started process (PID=27214) to work on /home/tejasvi/Desktop/airflow_ssh_simulation/venv/lib/python3.10/site-packages/airflow/example_dags/example_params_trigger_ui.py
[2026-03-18T18:49:53.163+0530] {processor.py:830} INFO - Processing file /home/tejasvi/Desktop/airflow_ssh_simulation/venv/lib/python3.10/site-packages/airflow/example_dags/example_params_trigger_ui.py for tasks to queue
[2026-03-18T18:49:53.166+0530] {logging_mixin.py:188} INFO - [2026-03-18T18:49:53.165+0530] {dagbag.py:540} INFO - Filling up the DagBag from /home/tejasvi/Desktop/airflow_ssh_simulation/venv/lib/python3.10/site-packages/airflow/example_dags/example_params_trigger_ui.py
[2026-03-18T18:49:53.184+0530] {processor.py:840} INFO - DAG(s) 'example_params_trigger_ui' retrieved from /home/tejasvi/Desktop/airflow_ssh_simulation/venv/lib/python3.10/site-packages/airflow/example_dags/example_params_trigger_ui.py
[2026-03-18T18:49:53.225+0530] {logging_mixin.py:188} INFO - [2026-03-18T18:49:53.225+0530] {dag.py:3047} INFO - Sync 1 DAGs
[2026-03-18T18:49:53.237+0530] {logging_mixin.py:188} INFO - [2026-03-18T18:49:53.236+0530] {dag.py:3834} INFO - Setting next_dagrun for example_params_trigger_ui to None, run_after=None
[2026-03-18T18:49:53.283+0530] {processor.py:183} INFO - Processing /home/tejasvi/Desktop/airflow_ssh_simulation/venv/lib/python3.10/site-packages/airflow/example_dags/example_params_trigger_ui.py took 0.159 seconds
[2026-03-18T18:50:49.086+0530] {processor.py:161} INFO - Started process (PID=27660) to work on /home/tejasvi/Desktop/airflow_ssh_simulation/venv/lib/python3.10/site-packages/airflow/example_dags/example_params_trigger_ui.py
[2026-03-18T18:50:49.088+0530] {processor.py:830} INFO - Processing file /home/tejasvi/Desktop/airflow_ssh_simulation/venv/lib/python3.10/site-packages/airflow/example_dags/example_params_trigger_ui.py for tasks to queue
[2026-03-18T18:50:49.091+0530] {logging_mixin.py:188} INFO - [2026-03-18T18:50:49.091+0530] {dagbag.py:540} INFO - Filling up the DagBag from /home/tejasvi/Desktop/airflow_ssh_simulation/venv/lib/python3.10/site-packages/airflow/example_dags/example_params_trigger_ui.py
[2026-03-18T18:50:49.188+0530] {processor.py:840} INFO - DAG(s) 'example_params_trigger_ui' retrieved from /home/tejasvi/Desktop/airflow_ssh_simulation/venv/lib/python3.10/site-packages/airflow/example_dags/example_params_trigger_ui.py
[2026-03-18T18:50:49.320+0530] {logging_mixin.py:188} INFO - [2026-03-18T18:50:49.320+0530] {dag.py:3047} INFO - Sync 1 DAGs
[2026-03-18T18:50:49.335+0530] {logging_mixin.py:188} INFO - [2026-03-18T18:50:49.335+0530] {dag.py:3834} INFO - Setting next_dagrun for example_params_trigger_ui to None, run_after=None
[2026-03-18T18:50:49.432+0530] {processor.py:183} INFO - Processing /home/tejasvi/Desktop/airflow_ssh_simulation/venv/lib/python3.10/site-packages/airflow/example_dags/example_params_trigger_ui.py took 0.354 seconds
