[2026-03-18T17:39:44.296+0530] {processor.py:161} INFO - Started process (PID=5405) to work on /home/tejasvi/Desktop/airflow_ssh_simulation/venv/lib/python3.10/site-packages/airflow/example_dags/example_dynamic_task_mapping.py
[2026-03-18T17:39:44.298+0530] {processor.py:830} INFO - Processing file /home/tejasvi/Desktop/airflow_ssh_simulation/venv/lib/python3.10/site-packages/airflow/example_dags/example_dynamic_task_mapping.py for tasks to queue
[2026-03-18T17:39:44.300+0530] {logging_mixin.py:188} INFO - [2026-03-18T17:39:44.299+0530] {dagbag.py:540} INFO - Filling up the DagBag from /home/tejasvi/Desktop/airflow_ssh_simulation/venv/lib/python3.10/site-packages/airflow/example_dags/example_dynamic_task_mapping.py
[2026-03-18T17:39:44.376+0530] {processor.py:840} INFO - DAG(s) 'example_dynamic_task_mapping' retrieved from /home/tejasvi/Desktop/airflow_ssh_simulation/venv/lib/python3.10/site-packages/airflow/example_dags/example_dynamic_task_mapping.py
[2026-03-18T17:39:44.401+0530] {logging_mixin.py:188} INFO - [2026-03-18T17:39:44.401+0530] {dag.py:3047} INFO - Sync 1 DAGs
[2026-03-18T17:39:44.432+0530] {logging_mixin.py:188} INFO - [2026-03-18T17:39:44.432+0530] {dag.py:3834} INFO - Setting next_dagrun for example_dynamic_task_mapping to 2022-03-04 00:00:00+00:00, run_after=2022-03-05 00:00:00+00:00
[2026-03-18T17:39:44.495+0530] {processor.py:183} INFO - Processing /home/tejasvi/Desktop/airflow_ssh_simulation/venv/lib/python3.10/site-packages/airflow/example_dags/example_dynamic_task_mapping.py took 0.205 seconds
[2026-03-18T17:41:02.126+0530] {processor.py:161} INFO - Started process (PID=5512) to work on /home/tejasvi/Desktop/airflow_ssh_simulation/venv/lib/python3.10/site-packages/airflow/example_dags/example_dynamic_task_mapping.py
[2026-03-18T17:41:02.250+0530] {processor.py:830} INFO - Processing file /home/tejasvi/Desktop/airflow_ssh_simulation/venv/lib/python3.10/site-packages/airflow/example_dags/example_dynamic_task_mapping.py for tasks to queue
[2026-03-18T17:41:02.253+0530] {logging_mixin.py:188} INFO - [2026-03-18T17:41:02.253+0530] {dagbag.py:540} INFO - Filling up the DagBag from /home/tejasvi/Desktop/airflow_ssh_simulation/venv/lib/python3.10/site-packages/airflow/example_dags/example_dynamic_task_mapping.py
[2026-03-18T17:41:02.265+0530] {processor.py:840} INFO - DAG(s) 'example_dynamic_task_mapping' retrieved from /home/tejasvi/Desktop/airflow_ssh_simulation/venv/lib/python3.10/site-packages/airflow/example_dags/example_dynamic_task_mapping.py
[2026-03-18T17:41:02.294+0530] {logging_mixin.py:188} INFO - [2026-03-18T17:41:02.293+0530] {dag.py:3047} INFO - Sync 1 DAGs
[2026-03-18T17:41:02.329+0530] {logging_mixin.py:188} INFO - [2026-03-18T17:41:02.329+0530] {dag.py:3834} INFO - Setting next_dagrun for example_dynamic_task_mapping to 2022-03-04 00:00:00+00:00, run_after=2022-03-05 00:00:00+00:00
[2026-03-18T17:41:02.387+0530] {processor.py:183} INFO - Processing /home/tejasvi/Desktop/airflow_ssh_simulation/venv/lib/python3.10/site-packages/airflow/example_dags/example_dynamic_task_mapping.py took 0.271 seconds
[2026-03-18T17:42:10.288+0530] {processor.py:161} INFO - Started process (PID=5620) to work on /home/tejasvi/Desktop/airflow_ssh_simulation/venv/lib/python3.10/site-packages/airflow/example_dags/example_dynamic_task_mapping.py
[2026-03-18T17:42:10.351+0530] {processor.py:830} INFO - Processing file /home/tejasvi/Desktop/airflow_ssh_simulation/venv/lib/python3.10/site-packages/airflow/example_dags/example_dynamic_task_mapping.py for tasks to queue
[2026-03-18T17:42:10.355+0530] {logging_mixin.py:188} INFO - [2026-03-18T17:42:10.355+0530] {dagbag.py:540} INFO - Filling up the DagBag from /home/tejasvi/Desktop/airflow_ssh_simulation/venv/lib/python3.10/site-packages/airflow/example_dags/example_dynamic_task_mapping.py
[2026-03-18T17:42:10.368+0530] {processor.py:840} INFO - DAG(s) 'example_dynamic_task_mapping' retrieved from /home/tejasvi/Desktop/airflow_ssh_simulation/venv/lib/python3.10/site-packages/airflow/example_dags/example_dynamic_task_mapping.py
[2026-03-18T17:42:10.393+0530] {logging_mixin.py:188} INFO - [2026-03-18T17:42:10.392+0530] {dag.py:3047} INFO - Sync 1 DAGs
[2026-03-18T17:42:10.430+0530] {logging_mixin.py:188} INFO - [2026-03-18T17:42:10.430+0530] {dag.py:3834} INFO - Setting next_dagrun for example_dynamic_task_mapping to 2022-03-04 00:00:00+00:00, run_after=2022-03-05 00:00:00+00:00
[2026-03-18T17:42:11.009+0530] {processor.py:183} INFO - Processing /home/tejasvi/Desktop/airflow_ssh_simulation/venv/lib/python3.10/site-packages/airflow/example_dags/example_dynamic_task_mapping.py took 0.728 seconds
[2026-03-18T17:43:21.072+0530] {processor.py:161} INFO - Started process (PID=5786) to work on /home/tejasvi/Desktop/airflow_ssh_simulation/venv/lib/python3.10/site-packages/airflow/example_dags/example_dynamic_task_mapping.py
[2026-03-18T17:43:21.074+0530] {processor.py:830} INFO - Processing file /home/tejasvi/Desktop/airflow_ssh_simulation/venv/lib/python3.10/site-packages/airflow/example_dags/example_dynamic_task_mapping.py for tasks to queue
[2026-03-18T17:43:21.077+0530] {logging_mixin.py:188} INFO - [2026-03-18T17:43:21.077+0530] {dagbag.py:540} INFO - Filling up the DagBag from /home/tejasvi/Desktop/airflow_ssh_simulation/venv/lib/python3.10/site-packages/airflow/example_dags/example_dynamic_task_mapping.py
[2026-03-18T17:43:21.089+0530] {processor.py:840} INFO - DAG(s) 'example_dynamic_task_mapping' retrieved from /home/tejasvi/Desktop/airflow_ssh_simulation/venv/lib/python3.10/site-packages/airflow/example_dags/example_dynamic_task_mapping.py
[2026-03-18T17:43:21.113+0530] {logging_mixin.py:188} INFO - [2026-03-18T17:43:21.112+0530] {dag.py:3047} INFO - Sync 1 DAGs
[2026-03-18T17:43:21.147+0530] {logging_mixin.py:188} INFO - [2026-03-18T17:43:21.147+0530] {dag.py:3834} INFO - Setting next_dagrun for example_dynamic_task_mapping to 2022-03-04 00:00:00+00:00, run_after=2022-03-05 00:00:00+00:00
[2026-03-18T17:43:21.210+0530] {processor.py:183} INFO - Processing /home/tejasvi/Desktop/airflow_ssh_simulation/venv/lib/python3.10/site-packages/airflow/example_dags/example_dynamic_task_mapping.py took 0.145 seconds
[2026-03-18T17:44:34.618+0530] {processor.py:161} INFO - Started process (PID=7614) to work on /home/tejasvi/Desktop/airflow_ssh_simulation/venv/lib/python3.10/site-packages/airflow/example_dags/example_dynamic_task_mapping.py
[2026-03-18T17:44:34.685+0530] {processor.py:830} INFO - Processing file /home/tejasvi/Desktop/airflow_ssh_simulation/venv/lib/python3.10/site-packages/airflow/example_dags/example_dynamic_task_mapping.py for tasks to queue
[2026-03-18T17:44:34.693+0530] {logging_mixin.py:188} INFO - [2026-03-18T17:44:34.692+0530] {dagbag.py:540} INFO - Filling up the DagBag from /home/tejasvi/Desktop/airflow_ssh_simulation/venv/lib/python3.10/site-packages/airflow/example_dags/example_dynamic_task_mapping.py
[2026-03-18T17:44:34.712+0530] {processor.py:840} INFO - DAG(s) 'example_dynamic_task_mapping' retrieved from /home/tejasvi/Desktop/airflow_ssh_simulation/venv/lib/python3.10/site-packages/airflow/example_dags/example_dynamic_task_mapping.py
[2026-03-18T17:44:34.755+0530] {logging_mixin.py:188} INFO - [2026-03-18T17:44:34.754+0530] {dag.py:3047} INFO - Sync 1 DAGs
[2026-03-18T17:44:34.824+0530] {logging_mixin.py:188} INFO - [2026-03-18T17:44:34.823+0530] {dag.py:3834} INFO - Setting next_dagrun for example_dynamic_task_mapping to 2022-03-04 00:00:00+00:00, run_after=2022-03-05 00:00:00+00:00
[2026-03-18T17:44:34.974+0530] {processor.py:183} INFO - Processing /home/tejasvi/Desktop/airflow_ssh_simulation/venv/lib/python3.10/site-packages/airflow/example_dags/example_dynamic_task_mapping.py took 0.362 seconds
[2026-03-18T17:45:42.668+0530] {processor.py:161} INFO - Started process (PID=8451) to work on /home/tejasvi/Desktop/airflow_ssh_simulation/venv/lib/python3.10/site-packages/airflow/example_dags/example_dynamic_task_mapping.py
[2026-03-18T17:45:42.693+0530] {processor.py:830} INFO - Processing file /home/tejasvi/Desktop/airflow_ssh_simulation/venv/lib/python3.10/site-packages/airflow/example_dags/example_dynamic_task_mapping.py for tasks to queue
[2026-03-18T17:45:42.698+0530] {logging_mixin.py:188} INFO - [2026-03-18T17:45:42.697+0530] {dagbag.py:540} INFO - Filling up the DagBag from /home/tejasvi/Desktop/airflow_ssh_simulation/venv/lib/python3.10/site-packages/airflow/example_dags/example_dynamic_task_mapping.py
[2026-03-18T17:45:42.710+0530] {processor.py:840} INFO - DAG(s) 'example_dynamic_task_mapping' retrieved from /home/tejasvi/Desktop/airflow_ssh_simulation/venv/lib/python3.10/site-packages/airflow/example_dags/example_dynamic_task_mapping.py
[2026-03-18T17:45:42.737+0530] {logging_mixin.py:188} INFO - [2026-03-18T17:45:42.736+0530] {dag.py:3047} INFO - Sync 1 DAGs
[2026-03-18T17:45:42.786+0530] {logging_mixin.py:188} INFO - [2026-03-18T17:45:42.785+0530] {dag.py:3834} INFO - Setting next_dagrun for example_dynamic_task_mapping to 2022-03-04 00:00:00+00:00, run_after=2022-03-05 00:00:00+00:00
[2026-03-18T17:45:42.842+0530] {processor.py:183} INFO - Processing /home/tejasvi/Desktop/airflow_ssh_simulation/venv/lib/python3.10/site-packages/airflow/example_dags/example_dynamic_task_mapping.py took 0.179 seconds
[2026-03-18T17:46:54.967+0530] {processor.py:161} INFO - Started process (PID=9240) to work on /home/tejasvi/Desktop/airflow_ssh_simulation/venv/lib/python3.10/site-packages/airflow/example_dags/example_dynamic_task_mapping.py
[2026-03-18T17:46:55.038+0530] {processor.py:830} INFO - Processing file /home/tejasvi/Desktop/airflow_ssh_simulation/venv/lib/python3.10/site-packages/airflow/example_dags/example_dynamic_task_mapping.py for tasks to queue
[2026-03-18T17:46:55.041+0530] {logging_mixin.py:188} INFO - [2026-03-18T17:46:55.041+0530] {dagbag.py:540} INFO - Filling up the DagBag from /home/tejasvi/Desktop/airflow_ssh_simulation/venv/lib/python3.10/site-packages/airflow/example_dags/example_dynamic_task_mapping.py
[2026-03-18T17:46:55.051+0530] {processor.py:840} INFO - DAG(s) 'example_dynamic_task_mapping' retrieved from /home/tejasvi/Desktop/airflow_ssh_simulation/venv/lib/python3.10/site-packages/airflow/example_dags/example_dynamic_task_mapping.py
[2026-03-18T17:46:55.066+0530] {logging_mixin.py:188} INFO - [2026-03-18T17:46:55.066+0530] {dag.py:3047} INFO - Sync 1 DAGs
[2026-03-18T17:46:55.086+0530] {logging_mixin.py:188} INFO - [2026-03-18T17:46:55.086+0530] {dag.py:3834} INFO - Setting next_dagrun for example_dynamic_task_mapping to 2022-03-04 00:00:00+00:00, run_after=2022-03-05 00:00:00+00:00
[2026-03-18T17:46:55.187+0530] {processor.py:183} INFO - Processing /home/tejasvi/Desktop/airflow_ssh_simulation/venv/lib/python3.10/site-packages/airflow/example_dags/example_dynamic_task_mapping.py took 0.227 seconds
[2026-03-18T17:48:07.495+0530] {processor.py:161} INFO - Started process (PID=9836) to work on /home/tejasvi/Desktop/airflow_ssh_simulation/venv/lib/python3.10/site-packages/airflow/example_dags/example_dynamic_task_mapping.py
[2026-03-18T17:48:07.590+0530] {processor.py:830} INFO - Processing file /home/tejasvi/Desktop/airflow_ssh_simulation/venv/lib/python3.10/site-packages/airflow/example_dags/example_dynamic_task_mapping.py for tasks to queue
[2026-03-18T17:48:07.593+0530] {logging_mixin.py:188} INFO - [2026-03-18T17:48:07.592+0530] {dagbag.py:540} INFO - Filling up the DagBag from /home/tejasvi/Desktop/airflow_ssh_simulation/venv/lib/python3.10/site-packages/airflow/example_dags/example_dynamic_task_mapping.py
[2026-03-18T17:48:07.604+0530] {processor.py:840} INFO - DAG(s) 'example_dynamic_task_mapping' retrieved from /home/tejasvi/Desktop/airflow_ssh_simulation/venv/lib/python3.10/site-packages/airflow/example_dags/example_dynamic_task_mapping.py
[2026-03-18T17:48:07.626+0530] {logging_mixin.py:188} INFO - [2026-03-18T17:48:07.625+0530] {dag.py:3047} INFO - Sync 1 DAGs
[2026-03-18T17:48:07.656+0530] {logging_mixin.py:188} INFO - [2026-03-18T17:48:07.655+0530] {dag.py:3834} INFO - Setting next_dagrun for example_dynamic_task_mapping to 2022-03-04 00:00:00+00:00, run_after=2022-03-05 00:00:00+00:00
[2026-03-18T17:48:07.796+0530] {processor.py:183} INFO - Processing /home/tejasvi/Desktop/airflow_ssh_simulation/venv/lib/python3.10/site-packages/airflow/example_dags/example_dynamic_task_mapping.py took 0.309 seconds
[2026-03-18T17:49:08.937+0530] {processor.py:161} INFO - Started process (PID=10310) to work on /home/tejasvi/Desktop/airflow_ssh_simulation/venv/lib/python3.10/site-packages/airflow/example_dags/example_dynamic_task_mapping.py
[2026-03-18T17:49:09.037+0530] {processor.py:830} INFO - Processing file /home/tejasvi/Desktop/airflow_ssh_simulation/venv/lib/python3.10/site-packages/airflow/example_dags/example_dynamic_task_mapping.py for tasks to queue
[2026-03-18T17:49:09.040+0530] {logging_mixin.py:188} INFO - [2026-03-18T17:49:09.040+0530] {dagbag.py:540} INFO - Filling up the DagBag from /home/tejasvi/Desktop/airflow_ssh_simulation/venv/lib/python3.10/site-packages/airflow/example_dags/example_dynamic_task_mapping.py
[2026-03-18T17:49:09.049+0530] {processor.py:840} INFO - DAG(s) 'example_dynamic_task_mapping' retrieved from /home/tejasvi/Desktop/airflow_ssh_simulation/venv/lib/python3.10/site-packages/airflow/example_dags/example_dynamic_task_mapping.py
[2026-03-18T17:49:09.064+0530] {logging_mixin.py:188} INFO - [2026-03-18T17:49:09.064+0530] {dag.py:3047} INFO - Sync 1 DAGs
[2026-03-18T17:49:09.084+0530] {logging_mixin.py:188} INFO - [2026-03-18T17:49:09.084+0530] {dag.py:3834} INFO - Setting next_dagrun for example_dynamic_task_mapping to 2022-03-04 00:00:00+00:00, run_after=2022-03-05 00:00:00+00:00
[2026-03-18T17:49:09.178+0530] {processor.py:183} INFO - Processing /home/tejasvi/Desktop/airflow_ssh_simulation/venv/lib/python3.10/site-packages/airflow/example_dags/example_dynamic_task_mapping.py took 0.248 seconds
[2026-03-18T17:50:13.294+0530] {processor.py:161} INFO - Started process (PID=10798) to work on /home/tejasvi/Desktop/airflow_ssh_simulation/venv/lib/python3.10/site-packages/airflow/example_dags/example_dynamic_task_mapping.py
[2026-03-18T17:50:13.335+0530] {processor.py:830} INFO - Processing file /home/tejasvi/Desktop/airflow_ssh_simulation/venv/lib/python3.10/site-packages/airflow/example_dags/example_dynamic_task_mapping.py for tasks to queue
[2026-03-18T17:50:13.338+0530] {logging_mixin.py:188} INFO - [2026-03-18T17:50:13.337+0530] {dagbag.py:540} INFO - Filling up the DagBag from /home/tejasvi/Desktop/airflow_ssh_simulation/venv/lib/python3.10/site-packages/airflow/example_dags/example_dynamic_task_mapping.py
[2026-03-18T17:50:13.347+0530] {processor.py:840} INFO - DAG(s) 'example_dynamic_task_mapping' retrieved from /home/tejasvi/Desktop/airflow_ssh_simulation/venv/lib/python3.10/site-packages/airflow/example_dags/example_dynamic_task_mapping.py
[2026-03-18T17:50:13.362+0530] {logging_mixin.py:188} INFO - [2026-03-18T17:50:13.362+0530] {dag.py:3047} INFO - Sync 1 DAGs
[2026-03-18T17:50:13.382+0530] {logging_mixin.py:188} INFO - [2026-03-18T17:50:13.382+0530] {dag.py:3834} INFO - Setting next_dagrun for example_dynamic_task_mapping to 2022-03-04 00:00:00+00:00, run_after=2022-03-05 00:00:00+00:00
[2026-03-18T17:50:13.494+0530] {processor.py:183} INFO - Processing /home/tejasvi/Desktop/airflow_ssh_simulation/venv/lib/python3.10/site-packages/airflow/example_dags/example_dynamic_task_mapping.py took 0.207 seconds
[2026-03-18T17:51:22.703+0530] {processor.py:161} INFO - Started process (PID=11398) to work on /home/tejasvi/Desktop/airflow_ssh_simulation/venv/lib/python3.10/site-packages/airflow/example_dags/example_dynamic_task_mapping.py
[2026-03-18T17:51:22.760+0530] {processor.py:830} INFO - Processing file /home/tejasvi/Desktop/airflow_ssh_simulation/venv/lib/python3.10/site-packages/airflow/example_dags/example_dynamic_task_mapping.py for tasks to queue
[2026-03-18T17:51:22.763+0530] {logging_mixin.py:188} INFO - [2026-03-18T17:51:22.763+0530] {dagbag.py:540} INFO - Filling up the DagBag from /home/tejasvi/Desktop/airflow_ssh_simulation/venv/lib/python3.10/site-packages/airflow/example_dags/example_dynamic_task_mapping.py
[2026-03-18T17:51:22.773+0530] {processor.py:840} INFO - DAG(s) 'example_dynamic_task_mapping' retrieved from /home/tejasvi/Desktop/airflow_ssh_simulation/venv/lib/python3.10/site-packages/airflow/example_dags/example_dynamic_task_mapping.py
[2026-03-18T17:51:22.790+0530] {logging_mixin.py:188} INFO - [2026-03-18T17:51:22.789+0530] {dag.py:3047} INFO - Sync 1 DAGs
[2026-03-18T17:51:22.813+0530] {logging_mixin.py:188} INFO - [2026-03-18T17:51:22.812+0530] {dag.py:3834} INFO - Setting next_dagrun for example_dynamic_task_mapping to 2022-03-04 00:00:00+00:00, run_after=2022-03-05 00:00:00+00:00
[2026-03-18T17:51:22.908+0530] {processor.py:183} INFO - Processing /home/tejasvi/Desktop/airflow_ssh_simulation/venv/lib/python3.10/site-packages/airflow/example_dags/example_dynamic_task_mapping.py took 0.212 seconds
[2026-03-18T17:52:24.696+0530] {processor.py:161} INFO - Started process (PID=11896) to work on /home/tejasvi/Desktop/airflow_ssh_simulation/venv/lib/python3.10/site-packages/airflow/example_dags/example_dynamic_task_mapping.py
[2026-03-18T17:52:25.636+0530] {processor.py:830} INFO - Processing file /home/tejasvi/Desktop/airflow_ssh_simulation/venv/lib/python3.10/site-packages/airflow/example_dags/example_dynamic_task_mapping.py for tasks to queue
[2026-03-18T17:52:25.640+0530] {logging_mixin.py:188} INFO - [2026-03-18T17:52:25.640+0530] {dagbag.py:540} INFO - Filling up the DagBag from /home/tejasvi/Desktop/airflow_ssh_simulation/venv/lib/python3.10/site-packages/airflow/example_dags/example_dynamic_task_mapping.py
[2026-03-18T17:52:25.659+0530] {processor.py:840} INFO - DAG(s) 'example_dynamic_task_mapping' retrieved from /home/tejasvi/Desktop/airflow_ssh_simulation/venv/lib/python3.10/site-packages/airflow/example_dags/example_dynamic_task_mapping.py
[2026-03-18T17:52:25.690+0530] {logging_mixin.py:188} INFO - [2026-03-18T17:52:25.689+0530] {dag.py:3047} INFO - Sync 1 DAGs
[2026-03-18T17:52:25.712+0530] {logging_mixin.py:188} INFO - [2026-03-18T17:52:25.712+0530] {dag.py:3834} INFO - Setting next_dagrun for example_dynamic_task_mapping to 2022-03-04 00:00:00+00:00, run_after=2022-03-05 00:00:00+00:00
[2026-03-18T17:52:27.023+0530] {processor.py:183} INFO - Processing /home/tejasvi/Desktop/airflow_ssh_simulation/venv/lib/python3.10/site-packages/airflow/example_dags/example_dynamic_task_mapping.py took 2.334 seconds
[2026-03-18T17:53:43.878+0530] {processor.py:161} INFO - Started process (PID=12834) to work on /home/tejasvi/Desktop/airflow_ssh_simulation/venv/lib/python3.10/site-packages/airflow/example_dags/example_dynamic_task_mapping.py
[2026-03-18T17:53:43.879+0530] {processor.py:830} INFO - Processing file /home/tejasvi/Desktop/airflow_ssh_simulation/venv/lib/python3.10/site-packages/airflow/example_dags/example_dynamic_task_mapping.py for tasks to queue
[2026-03-18T17:53:43.882+0530] {logging_mixin.py:188} INFO - [2026-03-18T17:53:43.881+0530] {dagbag.py:540} INFO - Filling up the DagBag from /home/tejasvi/Desktop/airflow_ssh_simulation/venv/lib/python3.10/site-packages/airflow/example_dags/example_dynamic_task_mapping.py
[2026-03-18T17:53:43.891+0530] {processor.py:840} INFO - DAG(s) 'example_dynamic_task_mapping' retrieved from /home/tejasvi/Desktop/airflow_ssh_simulation/venv/lib/python3.10/site-packages/airflow/example_dags/example_dynamic_task_mapping.py
[2026-03-18T17:53:43.907+0530] {logging_mixin.py:188} INFO - [2026-03-18T17:53:43.907+0530] {dag.py:3047} INFO - Sync 1 DAGs
[2026-03-18T17:53:43.929+0530] {logging_mixin.py:188} INFO - [2026-03-18T17:53:43.929+0530] {dag.py:3834} INFO - Setting next_dagrun for example_dynamic_task_mapping to 2022-03-04 00:00:00+00:00, run_after=2022-03-05 00:00:00+00:00
[2026-03-18T17:53:44.065+0530] {processor.py:183} INFO - Processing /home/tejasvi/Desktop/airflow_ssh_simulation/venv/lib/python3.10/site-packages/airflow/example_dags/example_dynamic_task_mapping.py took 0.192 seconds
[2026-03-18T17:54:50.513+0530] {processor.py:161} INFO - Started process (PID=13373) to work on /home/tejasvi/Desktop/airflow_ssh_simulation/venv/lib/python3.10/site-packages/airflow/example_dags/example_dynamic_task_mapping.py
[2026-03-18T17:54:50.523+0530] {processor.py:830} INFO - Processing file /home/tejasvi/Desktop/airflow_ssh_simulation/venv/lib/python3.10/site-packages/airflow/example_dags/example_dynamic_task_mapping.py for tasks to queue
[2026-03-18T17:54:50.526+0530] {logging_mixin.py:188} INFO - [2026-03-18T17:54:50.526+0530] {dagbag.py:540} INFO - Filling up the DagBag from /home/tejasvi/Desktop/airflow_ssh_simulation/venv/lib/python3.10/site-packages/airflow/example_dags/example_dynamic_task_mapping.py
[2026-03-18T17:54:50.535+0530] {processor.py:840} INFO - DAG(s) 'example_dynamic_task_mapping' retrieved from /home/tejasvi/Desktop/airflow_ssh_simulation/venv/lib/python3.10/site-packages/airflow/example_dags/example_dynamic_task_mapping.py
[2026-03-18T17:54:50.550+0530] {logging_mixin.py:188} INFO - [2026-03-18T17:54:50.550+0530] {dag.py:3047} INFO - Sync 1 DAGs
[2026-03-18T17:54:50.570+0530] {logging_mixin.py:188} INFO - [2026-03-18T17:54:50.570+0530] {dag.py:3834} INFO - Setting next_dagrun for example_dynamic_task_mapping to 2022-03-04 00:00:00+00:00, run_after=2022-03-05 00:00:00+00:00
[2026-03-18T17:54:50.673+0530] {processor.py:183} INFO - Processing /home/tejasvi/Desktop/airflow_ssh_simulation/venv/lib/python3.10/site-packages/airflow/example_dags/example_dynamic_task_mapping.py took 0.167 seconds
[2026-03-18T17:55:53.242+0530] {processor.py:161} INFO - Started process (PID=13856) to work on /home/tejasvi/Desktop/airflow_ssh_simulation/venv/lib/python3.10/site-packages/airflow/example_dags/example_dynamic_task_mapping.py
[2026-03-18T17:55:53.354+0530] {processor.py:830} INFO - Processing file /home/tejasvi/Desktop/airflow_ssh_simulation/venv/lib/python3.10/site-packages/airflow/example_dags/example_dynamic_task_mapping.py for tasks to queue
[2026-03-18T17:55:53.358+0530] {logging_mixin.py:188} INFO - [2026-03-18T17:55:53.357+0530] {dagbag.py:540} INFO - Filling up the DagBag from /home/tejasvi/Desktop/airflow_ssh_simulation/venv/lib/python3.10/site-packages/airflow/example_dags/example_dynamic_task_mapping.py
[2026-03-18T17:55:53.367+0530] {processor.py:840} INFO - DAG(s) 'example_dynamic_task_mapping' retrieved from /home/tejasvi/Desktop/airflow_ssh_simulation/venv/lib/python3.10/site-packages/airflow/example_dags/example_dynamic_task_mapping.py
[2026-03-18T17:55:53.383+0530] {logging_mixin.py:188} INFO - [2026-03-18T17:55:53.382+0530] {dag.py:3047} INFO - Sync 1 DAGs
[2026-03-18T17:55:53.404+0530] {logging_mixin.py:188} INFO - [2026-03-18T17:55:53.403+0530] {dag.py:3834} INFO - Setting next_dagrun for example_dynamic_task_mapping to 2022-03-04 00:00:00+00:00, run_after=2022-03-05 00:00:00+00:00
[2026-03-18T17:55:53.505+0530] {processor.py:183} INFO - Processing /home/tejasvi/Desktop/airflow_ssh_simulation/venv/lib/python3.10/site-packages/airflow/example_dags/example_dynamic_task_mapping.py took 0.271 seconds
[2026-03-18T17:57:05.055+0530] {processor.py:161} INFO - Started process (PID=14463) to work on /home/tejasvi/Desktop/airflow_ssh_simulation/venv/lib/python3.10/site-packages/airflow/example_dags/example_dynamic_task_mapping.py
[2026-03-18T17:57:05.130+0530] {processor.py:830} INFO - Processing file /home/tejasvi/Desktop/airflow_ssh_simulation/venv/lib/python3.10/site-packages/airflow/example_dags/example_dynamic_task_mapping.py for tasks to queue
[2026-03-18T17:57:05.134+0530] {logging_mixin.py:188} INFO - [2026-03-18T17:57:05.133+0530] {dagbag.py:540} INFO - Filling up the DagBag from /home/tejasvi/Desktop/airflow_ssh_simulation/venv/lib/python3.10/site-packages/airflow/example_dags/example_dynamic_task_mapping.py
[2026-03-18T17:57:05.145+0530] {processor.py:840} INFO - DAG(s) 'example_dynamic_task_mapping' retrieved from /home/tejasvi/Desktop/airflow_ssh_simulation/venv/lib/python3.10/site-packages/airflow/example_dags/example_dynamic_task_mapping.py
[2026-03-18T17:57:05.161+0530] {logging_mixin.py:188} INFO - [2026-03-18T17:57:05.161+0530] {dag.py:3047} INFO - Sync 1 DAGs
[2026-03-18T17:57:05.184+0530] {logging_mixin.py:188} INFO - [2026-03-18T17:57:05.183+0530] {dag.py:3834} INFO - Setting next_dagrun for example_dynamic_task_mapping to 2022-03-04 00:00:00+00:00, run_after=2022-03-05 00:00:00+00:00
[2026-03-18T17:57:05.276+0530] {processor.py:183} INFO - Processing /home/tejasvi/Desktop/airflow_ssh_simulation/venv/lib/python3.10/site-packages/airflow/example_dags/example_dynamic_task_mapping.py took 0.229 seconds
[2026-03-18T17:58:13.612+0530] {processor.py:161} INFO - Started process (PID=14968) to work on /home/tejasvi/Desktop/airflow_ssh_simulation/venv/lib/python3.10/site-packages/airflow/example_dags/example_dynamic_task_mapping.py
[2026-03-18T17:58:13.704+0530] {processor.py:830} INFO - Processing file /home/tejasvi/Desktop/airflow_ssh_simulation/venv/lib/python3.10/site-packages/airflow/example_dags/example_dynamic_task_mapping.py for tasks to queue
[2026-03-18T17:58:13.707+0530] {logging_mixin.py:188} INFO - [2026-03-18T17:58:13.706+0530] {dagbag.py:540} INFO - Filling up the DagBag from /home/tejasvi/Desktop/airflow_ssh_simulation/venv/lib/python3.10/site-packages/airflow/example_dags/example_dynamic_task_mapping.py
[2026-03-18T17:58:13.717+0530] {processor.py:840} INFO - DAG(s) 'example_dynamic_task_mapping' retrieved from /home/tejasvi/Desktop/airflow_ssh_simulation/venv/lib/python3.10/site-packages/airflow/example_dags/example_dynamic_task_mapping.py
[2026-03-18T17:58:13.732+0530] {logging_mixin.py:188} INFO - [2026-03-18T17:58:13.731+0530] {dag.py:3047} INFO - Sync 1 DAGs
[2026-03-18T17:58:13.753+0530] {logging_mixin.py:188} INFO - [2026-03-18T17:58:13.753+0530] {dag.py:3834} INFO - Setting next_dagrun for example_dynamic_task_mapping to 2022-03-04 00:00:00+00:00, run_after=2022-03-05 00:00:00+00:00
[2026-03-18T17:58:13.855+0530] {processor.py:183} INFO - Processing /home/tejasvi/Desktop/airflow_ssh_simulation/venv/lib/python3.10/site-packages/airflow/example_dags/example_dynamic_task_mapping.py took 0.251 seconds
[2026-03-18T17:59:12.672+0530] {processor.py:161} INFO - Started process (PID=15310) to work on /home/tejasvi/Desktop/airflow_ssh_simulation/venv/lib/python3.10/site-packages/airflow/example_dags/example_dynamic_task_mapping.py
[2026-03-18T17:59:12.705+0530] {processor.py:830} INFO - Processing file /home/tejasvi/Desktop/airflow_ssh_simulation/venv/lib/python3.10/site-packages/airflow/example_dags/example_dynamic_task_mapping.py for tasks to queue
[2026-03-18T17:59:12.710+0530] {logging_mixin.py:188} INFO - [2026-03-18T17:59:12.709+0530] {dagbag.py:540} INFO - Filling up the DagBag from /home/tejasvi/Desktop/airflow_ssh_simulation/venv/lib/python3.10/site-packages/airflow/example_dags/example_dynamic_task_mapping.py
[2026-03-18T17:59:12.721+0530] {processor.py:840} INFO - DAG(s) 'example_dynamic_task_mapping' retrieved from /home/tejasvi/Desktop/airflow_ssh_simulation/venv/lib/python3.10/site-packages/airflow/example_dags/example_dynamic_task_mapping.py
[2026-03-18T17:59:12.739+0530] {logging_mixin.py:188} INFO - [2026-03-18T17:59:12.738+0530] {dag.py:3047} INFO - Sync 1 DAGs
[2026-03-18T17:59:12.762+0530] {logging_mixin.py:188} INFO - [2026-03-18T17:59:12.761+0530] {dag.py:3834} INFO - Setting next_dagrun for example_dynamic_task_mapping to 2022-03-04 00:00:00+00:00, run_after=2022-03-05 00:00:00+00:00
[2026-03-18T17:59:12.857+0530] {processor.py:183} INFO - Processing /home/tejasvi/Desktop/airflow_ssh_simulation/venv/lib/python3.10/site-packages/airflow/example_dags/example_dynamic_task_mapping.py took 0.190 seconds
[2026-03-18T18:00:20.393+0530] {processor.py:161} INFO - Started process (PID=15470) to work on /home/tejasvi/Desktop/airflow_ssh_simulation/venv/lib/python3.10/site-packages/airflow/example_dags/example_dynamic_task_mapping.py
[2026-03-18T18:00:20.414+0530] {processor.py:830} INFO - Processing file /home/tejasvi/Desktop/airflow_ssh_simulation/venv/lib/python3.10/site-packages/airflow/example_dags/example_dynamic_task_mapping.py for tasks to queue
[2026-03-18T18:00:20.417+0530] {logging_mixin.py:188} INFO - [2026-03-18T18:00:20.417+0530] {dagbag.py:540} INFO - Filling up the DagBag from /home/tejasvi/Desktop/airflow_ssh_simulation/venv/lib/python3.10/site-packages/airflow/example_dags/example_dynamic_task_mapping.py
[2026-03-18T18:00:20.432+0530] {processor.py:840} INFO - DAG(s) 'example_dynamic_task_mapping' retrieved from /home/tejasvi/Desktop/airflow_ssh_simulation/venv/lib/python3.10/site-packages/airflow/example_dags/example_dynamic_task_mapping.py
[2026-03-18T18:00:20.451+0530] {logging_mixin.py:188} INFO - [2026-03-18T18:00:20.450+0530] {dag.py:3047} INFO - Sync 1 DAGs
[2026-03-18T18:00:20.476+0530] {logging_mixin.py:188} INFO - [2026-03-18T18:00:20.475+0530] {dag.py:3834} INFO - Setting next_dagrun for example_dynamic_task_mapping to 2022-03-04 00:00:00+00:00, run_after=2022-03-05 00:00:00+00:00
[2026-03-18T18:00:20.624+0530] {processor.py:183} INFO - Processing /home/tejasvi/Desktop/airflow_ssh_simulation/venv/lib/python3.10/site-packages/airflow/example_dags/example_dynamic_task_mapping.py took 0.238 seconds
[2026-03-18T18:01:20.729+0530] {processor.py:161} INFO - Started process (PID=16727) to work on /home/tejasvi/Desktop/airflow_ssh_simulation/venv/lib/python3.10/site-packages/airflow/example_dags/example_dynamic_task_mapping.py
[2026-03-18T18:01:20.739+0530] {processor.py:830} INFO - Processing file /home/tejasvi/Desktop/airflow_ssh_simulation/venv/lib/python3.10/site-packages/airflow/example_dags/example_dynamic_task_mapping.py for tasks to queue
[2026-03-18T18:01:20.743+0530] {logging_mixin.py:188} INFO - [2026-03-18T18:01:20.742+0530] {dagbag.py:540} INFO - Filling up the DagBag from /home/tejasvi/Desktop/airflow_ssh_simulation/venv/lib/python3.10/site-packages/airflow/example_dags/example_dynamic_task_mapping.py
[2026-03-18T18:01:20.759+0530] {processor.py:840} INFO - DAG(s) 'example_dynamic_task_mapping' retrieved from /home/tejasvi/Desktop/airflow_ssh_simulation/venv/lib/python3.10/site-packages/airflow/example_dags/example_dynamic_task_mapping.py
[2026-03-18T18:01:20.862+0530] {logging_mixin.py:188} INFO - [2026-03-18T18:01:20.861+0530] {dag.py:3047} INFO - Sync 1 DAGs
[2026-03-18T18:01:20.890+0530] {logging_mixin.py:188} INFO - [2026-03-18T18:01:20.890+0530] {dag.py:3834} INFO - Setting next_dagrun for example_dynamic_task_mapping to 2022-03-04 00:00:00+00:00, run_after=2022-03-05 00:00:00+00:00
[2026-03-18T18:01:21.019+0530] {processor.py:183} INFO - Processing /home/tejasvi/Desktop/airflow_ssh_simulation/venv/lib/python3.10/site-packages/airflow/example_dags/example_dynamic_task_mapping.py took 0.296 seconds
[2026-03-18T18:02:37.517+0530] {processor.py:161} INFO - Started process (PID=17995) to work on /home/tejasvi/Desktop/airflow_ssh_simulation/venv/lib/python3.10/site-packages/airflow/example_dags/example_dynamic_task_mapping.py
[2026-03-18T18:02:37.602+0530] {processor.py:830} INFO - Processing file /home/tejasvi/Desktop/airflow_ssh_simulation/venv/lib/python3.10/site-packages/airflow/example_dags/example_dynamic_task_mapping.py for tasks to queue
[2026-03-18T18:02:37.607+0530] {logging_mixin.py:188} INFO - [2026-03-18T18:02:37.606+0530] {dagbag.py:540} INFO - Filling up the DagBag from /home/tejasvi/Desktop/airflow_ssh_simulation/venv/lib/python3.10/site-packages/airflow/example_dags/example_dynamic_task_mapping.py
[2026-03-18T18:02:37.630+0530] {processor.py:840} INFO - DAG(s) 'example_dynamic_task_mapping' retrieved from /home/tejasvi/Desktop/airflow_ssh_simulation/venv/lib/python3.10/site-packages/airflow/example_dags/example_dynamic_task_mapping.py
[2026-03-18T18:02:37.663+0530] {logging_mixin.py:188} INFO - [2026-03-18T18:02:37.662+0530] {dag.py:3047} INFO - Sync 1 DAGs
[2026-03-18T18:02:37.694+0530] {logging_mixin.py:188} INFO - [2026-03-18T18:02:37.694+0530] {dag.py:3834} INFO - Setting next_dagrun for example_dynamic_task_mapping to 2022-03-04 00:00:00+00:00, run_after=2022-03-05 00:00:00+00:00
[2026-03-18T18:02:37.782+0530] {processor.py:183} INFO - Processing /home/tejasvi/Desktop/airflow_ssh_simulation/venv/lib/python3.10/site-packages/airflow/example_dags/example_dynamic_task_mapping.py took 0.272 seconds
[2026-03-18T18:03:46.888+0530] {processor.py:161} INFO - Started process (PID=18186) to work on /home/tejasvi/Desktop/airflow_ssh_simulation/venv/lib/python3.10/site-packages/airflow/example_dags/example_dynamic_task_mapping.py
[2026-03-18T18:03:46.905+0530] {processor.py:830} INFO - Processing file /home/tejasvi/Desktop/airflow_ssh_simulation/venv/lib/python3.10/site-packages/airflow/example_dags/example_dynamic_task_mapping.py for tasks to queue
[2026-03-18T18:03:46.909+0530] {logging_mixin.py:188} INFO - [2026-03-18T18:03:46.908+0530] {dagbag.py:540} INFO - Filling up the DagBag from /home/tejasvi/Desktop/airflow_ssh_simulation/venv/lib/python3.10/site-packages/airflow/example_dags/example_dynamic_task_mapping.py
[2026-03-18T18:03:46.920+0530] {processor.py:840} INFO - DAG(s) 'example_dynamic_task_mapping' retrieved from /home/tejasvi/Desktop/airflow_ssh_simulation/venv/lib/python3.10/site-packages/airflow/example_dags/example_dynamic_task_mapping.py
[2026-03-18T18:03:46.936+0530] {logging_mixin.py:188} INFO - [2026-03-18T18:03:46.935+0530] {dag.py:3047} INFO - Sync 1 DAGs
[2026-03-18T18:03:46.959+0530] {logging_mixin.py:188} INFO - [2026-03-18T18:03:46.959+0530] {dag.py:3834} INFO - Setting next_dagrun for example_dynamic_task_mapping to 2022-03-04 00:00:00+00:00, run_after=2022-03-05 00:00:00+00:00
[2026-03-18T18:03:47.033+0530] {processor.py:183} INFO - Processing /home/tejasvi/Desktop/airflow_ssh_simulation/venv/lib/python3.10/site-packages/airflow/example_dags/example_dynamic_task_mapping.py took 0.154 seconds
[2026-03-18T18:04:56.763+0530] {processor.py:161} INFO - Started process (PID=18680) to work on /home/tejasvi/Desktop/airflow_ssh_simulation/venv/lib/python3.10/site-packages/airflow/example_dags/example_dynamic_task_mapping.py
[2026-03-18T18:04:56.854+0530] {processor.py:830} INFO - Processing file /home/tejasvi/Desktop/airflow_ssh_simulation/venv/lib/python3.10/site-packages/airflow/example_dags/example_dynamic_task_mapping.py for tasks to queue
[2026-03-18T18:04:56.858+0530] {logging_mixin.py:188} INFO - [2026-03-18T18:04:56.857+0530] {dagbag.py:540} INFO - Filling up the DagBag from /home/tejasvi/Desktop/airflow_ssh_simulation/venv/lib/python3.10/site-packages/airflow/example_dags/example_dynamic_task_mapping.py
[2026-03-18T18:04:56.869+0530] {processor.py:840} INFO - DAG(s) 'example_dynamic_task_mapping' retrieved from /home/tejasvi/Desktop/airflow_ssh_simulation/venv/lib/python3.10/site-packages/airflow/example_dags/example_dynamic_task_mapping.py
[2026-03-18T18:04:56.886+0530] {logging_mixin.py:188} INFO - [2026-03-18T18:04:56.886+0530] {dag.py:3047} INFO - Sync 1 DAGs
[2026-03-18T18:04:56.908+0530] {logging_mixin.py:188} INFO - [2026-03-18T18:04:56.908+0530] {dag.py:3834} INFO - Setting next_dagrun for example_dynamic_task_mapping to 2022-03-04 00:00:00+00:00, run_after=2022-03-05 00:00:00+00:00
[2026-03-18T18:04:57.001+0530] {processor.py:183} INFO - Processing /home/tejasvi/Desktop/airflow_ssh_simulation/venv/lib/python3.10/site-packages/airflow/example_dags/example_dynamic_task_mapping.py took 0.242 seconds
[2026-03-18T18:06:00.370+0530] {processor.py:161} INFO - Started process (PID=18877) to work on /home/tejasvi/Desktop/airflow_ssh_simulation/venv/lib/python3.10/site-packages/airflow/example_dags/example_dynamic_task_mapping.py
[2026-03-18T18:06:00.372+0530] {processor.py:830} INFO - Processing file /home/tejasvi/Desktop/airflow_ssh_simulation/venv/lib/python3.10/site-packages/airflow/example_dags/example_dynamic_task_mapping.py for tasks to queue
[2026-03-18T18:06:00.376+0530] {logging_mixin.py:188} INFO - [2026-03-18T18:06:00.375+0530] {dagbag.py:540} INFO - Filling up the DagBag from /home/tejasvi/Desktop/airflow_ssh_simulation/venv/lib/python3.10/site-packages/airflow/example_dags/example_dynamic_task_mapping.py
[2026-03-18T18:06:00.386+0530] {processor.py:840} INFO - DAG(s) 'example_dynamic_task_mapping' retrieved from /home/tejasvi/Desktop/airflow_ssh_simulation/venv/lib/python3.10/site-packages/airflow/example_dags/example_dynamic_task_mapping.py
[2026-03-18T18:06:00.405+0530] {logging_mixin.py:188} INFO - [2026-03-18T18:06:00.404+0530] {dag.py:3047} INFO - Sync 1 DAGs
[2026-03-18T18:06:00.429+0530] {logging_mixin.py:188} INFO - [2026-03-18T18:06:00.428+0530] {dag.py:3834} INFO - Setting next_dagrun for example_dynamic_task_mapping to 2022-03-04 00:00:00+00:00, run_after=2022-03-05 00:00:00+00:00
[2026-03-18T18:06:00.503+0530] {processor.py:183} INFO - Processing /home/tejasvi/Desktop/airflow_ssh_simulation/venv/lib/python3.10/site-packages/airflow/example_dags/example_dynamic_task_mapping.py took 0.139 seconds
[2026-03-18T18:06:58.033+0530] {processor.py:161} INFO - Started process (PID=19028) to work on /home/tejasvi/Desktop/airflow_ssh_simulation/venv/lib/python3.10/site-packages/airflow/example_dags/example_dynamic_task_mapping.py
[2026-03-18T18:06:58.647+0530] {processor.py:830} INFO - Processing file /home/tejasvi/Desktop/airflow_ssh_simulation/venv/lib/python3.10/site-packages/airflow/example_dags/example_dynamic_task_mapping.py for tasks to queue
[2026-03-18T18:06:58.650+0530] {logging_mixin.py:188} INFO - [2026-03-18T18:06:58.650+0530] {dagbag.py:540} INFO - Filling up the DagBag from /home/tejasvi/Desktop/airflow_ssh_simulation/venv/lib/python3.10/site-packages/airflow/example_dags/example_dynamic_task_mapping.py
[2026-03-18T18:06:58.664+0530] {processor.py:840} INFO - DAG(s) 'example_dynamic_task_mapping' retrieved from /home/tejasvi/Desktop/airflow_ssh_simulation/venv/lib/python3.10/site-packages/airflow/example_dags/example_dynamic_task_mapping.py
[2026-03-18T18:06:58.684+0530] {logging_mixin.py:188} INFO - [2026-03-18T18:06:58.683+0530] {dag.py:3047} INFO - Sync 1 DAGs
[2026-03-18T18:06:58.707+0530] {logging_mixin.py:188} INFO - [2026-03-18T18:06:58.707+0530] {dag.py:3834} INFO - Setting next_dagrun for example_dynamic_task_mapping to 2022-03-04 00:00:00+00:00, run_after=2022-03-05 00:00:00+00:00
[2026-03-18T18:06:58.802+0530] {processor.py:183} INFO - Processing /home/tejasvi/Desktop/airflow_ssh_simulation/venv/lib/python3.10/site-packages/airflow/example_dags/example_dynamic_task_mapping.py took 0.774 seconds
[2026-03-18T18:08:01.358+0530] {processor.py:161} INFO - Started process (PID=19193) to work on /home/tejasvi/Desktop/airflow_ssh_simulation/venv/lib/python3.10/site-packages/airflow/example_dags/example_dynamic_task_mapping.py
[2026-03-18T18:08:01.363+0530] {processor.py:830} INFO - Processing file /home/tejasvi/Desktop/airflow_ssh_simulation/venv/lib/python3.10/site-packages/airflow/example_dags/example_dynamic_task_mapping.py for tasks to queue
[2026-03-18T18:08:01.367+0530] {logging_mixin.py:188} INFO - [2026-03-18T18:08:01.366+0530] {dagbag.py:540} INFO - Filling up the DagBag from /home/tejasvi/Desktop/airflow_ssh_simulation/venv/lib/python3.10/site-packages/airflow/example_dags/example_dynamic_task_mapping.py
[2026-03-18T18:08:01.378+0530] {processor.py:840} INFO - DAG(s) 'example_dynamic_task_mapping' retrieved from /home/tejasvi/Desktop/airflow_ssh_simulation/venv/lib/python3.10/site-packages/airflow/example_dags/example_dynamic_task_mapping.py
[2026-03-18T18:08:01.400+0530] {logging_mixin.py:188} INFO - [2026-03-18T18:08:01.400+0530] {dag.py:3047} INFO - Sync 1 DAGs
[2026-03-18T18:08:01.437+0530] {logging_mixin.py:188} INFO - [2026-03-18T18:08:01.436+0530] {dag.py:3834} INFO - Setting next_dagrun for example_dynamic_task_mapping to 2022-03-04 00:00:00+00:00, run_after=2022-03-05 00:00:00+00:00
[2026-03-18T18:08:01.505+0530] {processor.py:183} INFO - Processing /home/tejasvi/Desktop/airflow_ssh_simulation/venv/lib/python3.10/site-packages/airflow/example_dags/example_dynamic_task_mapping.py took 0.153 seconds
[2026-03-18T18:09:01.413+0530] {processor.py:161} INFO - Started process (PID=19356) to work on /home/tejasvi/Desktop/airflow_ssh_simulation/venv/lib/python3.10/site-packages/airflow/example_dags/example_dynamic_task_mapping.py
[2026-03-18T18:09:01.497+0530] {processor.py:830} INFO - Processing file /home/tejasvi/Desktop/airflow_ssh_simulation/venv/lib/python3.10/site-packages/airflow/example_dags/example_dynamic_task_mapping.py for tasks to queue
[2026-03-18T18:09:01.502+0530] {logging_mixin.py:188} INFO - [2026-03-18T18:09:01.501+0530] {dagbag.py:540} INFO - Filling up the DagBag from /home/tejasvi/Desktop/airflow_ssh_simulation/venv/lib/python3.10/site-packages/airflow/example_dags/example_dynamic_task_mapping.py
[2026-03-18T18:09:01.521+0530] {processor.py:840} INFO - DAG(s) 'example_dynamic_task_mapping' retrieved from /home/tejasvi/Desktop/airflow_ssh_simulation/venv/lib/python3.10/site-packages/airflow/example_dags/example_dynamic_task_mapping.py
[2026-03-18T18:09:01.549+0530] {logging_mixin.py:188} INFO - [2026-03-18T18:09:01.548+0530] {dag.py:3047} INFO - Sync 1 DAGs
[2026-03-18T18:09:01.575+0530] {logging_mixin.py:188} INFO - [2026-03-18T18:09:01.574+0530] {dag.py:3834} INFO - Setting next_dagrun for example_dynamic_task_mapping to 2022-03-04 00:00:00+00:00, run_after=2022-03-05 00:00:00+00:00
[2026-03-18T18:09:01.627+0530] {processor.py:183} INFO - Processing /home/tejasvi/Desktop/airflow_ssh_simulation/venv/lib/python3.10/site-packages/airflow/example_dags/example_dynamic_task_mapping.py took 0.221 seconds
[2026-03-18T18:09:58.050+0530] {processor.py:161} INFO - Started process (PID=19512) to work on /home/tejasvi/Desktop/airflow_ssh_simulation/venv/lib/python3.10/site-packages/airflow/example_dags/example_dynamic_task_mapping.py
[2026-03-18T18:09:58.086+0530] {processor.py:830} INFO - Processing file /home/tejasvi/Desktop/airflow_ssh_simulation/venv/lib/python3.10/site-packages/airflow/example_dags/example_dynamic_task_mapping.py for tasks to queue
[2026-03-18T18:09:58.092+0530] {logging_mixin.py:188} INFO - [2026-03-18T18:09:58.091+0530] {dagbag.py:540} INFO - Filling up the DagBag from /home/tejasvi/Desktop/airflow_ssh_simulation/venv/lib/python3.10/site-packages/airflow/example_dags/example_dynamic_task_mapping.py
[2026-03-18T18:09:58.104+0530] {processor.py:840} INFO - DAG(s) 'example_dynamic_task_mapping' retrieved from /home/tejasvi/Desktop/airflow_ssh_simulation/venv/lib/python3.10/site-packages/airflow/example_dags/example_dynamic_task_mapping.py
[2026-03-18T18:09:58.123+0530] {logging_mixin.py:188} INFO - [2026-03-18T18:09:58.122+0530] {dag.py:3047} INFO - Sync 1 DAGs
[2026-03-18T18:09:58.147+0530] {logging_mixin.py:188} INFO - [2026-03-18T18:09:58.147+0530] {dag.py:3834} INFO - Setting next_dagrun for example_dynamic_task_mapping to 2022-03-04 00:00:00+00:00, run_after=2022-03-05 00:00:00+00:00
[2026-03-18T18:09:58.222+0530] {processor.py:183} INFO - Processing /home/tejasvi/Desktop/airflow_ssh_simulation/venv/lib/python3.10/site-packages/airflow/example_dags/example_dynamic_task_mapping.py took 0.177 seconds
[2026-03-18T18:10:57.898+0530] {processor.py:161} INFO - Started process (PID=19702) to work on /home/tejasvi/Desktop/airflow_ssh_simulation/venv/lib/python3.10/site-packages/airflow/example_dags/example_dynamic_task_mapping.py
[2026-03-18T18:10:57.964+0530] {processor.py:830} INFO - Processing file /home/tejasvi/Desktop/airflow_ssh_simulation/venv/lib/python3.10/site-packages/airflow/example_dags/example_dynamic_task_mapping.py for tasks to queue
[2026-03-18T18:10:57.967+0530] {logging_mixin.py:188} INFO - [2026-03-18T18:10:57.967+0530] {dagbag.py:540} INFO - Filling up the DagBag from /home/tejasvi/Desktop/airflow_ssh_simulation/venv/lib/python3.10/site-packages/airflow/example_dags/example_dynamic_task_mapping.py
[2026-03-18T18:10:57.983+0530] {processor.py:840} INFO - DAG(s) 'example_dynamic_task_mapping' retrieved from /home/tejasvi/Desktop/airflow_ssh_simulation/venv/lib/python3.10/site-packages/airflow/example_dags/example_dynamic_task_mapping.py
[2026-03-18T18:10:58.004+0530] {logging_mixin.py:188} INFO - [2026-03-18T18:10:58.004+0530] {dag.py:3047} INFO - Sync 1 DAGs
[2026-03-18T18:10:58.030+0530] {logging_mixin.py:188} INFO - [2026-03-18T18:10:58.029+0530] {dag.py:3834} INFO - Setting next_dagrun for example_dynamic_task_mapping to 2022-03-04 00:00:00+00:00, run_after=2022-03-05 00:00:00+00:00
[2026-03-18T18:10:58.102+0530] {processor.py:183} INFO - Processing /home/tejasvi/Desktop/airflow_ssh_simulation/venv/lib/python3.10/site-packages/airflow/example_dags/example_dynamic_task_mapping.py took 0.211 seconds
[2026-03-18T18:12:07.706+0530] {processor.py:161} INFO - Started process (PID=19888) to work on /home/tejasvi/Desktop/airflow_ssh_simulation/venv/lib/python3.10/site-packages/airflow/example_dags/example_dynamic_task_mapping.py
[2026-03-18T18:12:07.717+0530] {processor.py:830} INFO - Processing file /home/tejasvi/Desktop/airflow_ssh_simulation/venv/lib/python3.10/site-packages/airflow/example_dags/example_dynamic_task_mapping.py for tasks to queue
[2026-03-18T18:12:07.721+0530] {logging_mixin.py:188} INFO - [2026-03-18T18:12:07.720+0530] {dagbag.py:540} INFO - Filling up the DagBag from /home/tejasvi/Desktop/airflow_ssh_simulation/venv/lib/python3.10/site-packages/airflow/example_dags/example_dynamic_task_mapping.py
[2026-03-18T18:12:07.734+0530] {processor.py:840} INFO - DAG(s) 'example_dynamic_task_mapping' retrieved from /home/tejasvi/Desktop/airflow_ssh_simulation/venv/lib/python3.10/site-packages/airflow/example_dags/example_dynamic_task_mapping.py
[2026-03-18T18:12:07.751+0530] {logging_mixin.py:188} INFO - [2026-03-18T18:12:07.751+0530] {dag.py:3047} INFO - Sync 1 DAGs
[2026-03-18T18:12:07.773+0530] {logging_mixin.py:188} INFO - [2026-03-18T18:12:07.773+0530] {dag.py:3834} INFO - Setting next_dagrun for example_dynamic_task_mapping to 2022-03-04 00:00:00+00:00, run_after=2022-03-05 00:00:00+00:00
[2026-03-18T18:12:08.041+0530] {processor.py:183} INFO - Processing /home/tejasvi/Desktop/airflow_ssh_simulation/venv/lib/python3.10/site-packages/airflow/example_dags/example_dynamic_task_mapping.py took 0.339 seconds
[2026-03-18T18:13:18.128+0530] {processor.py:161} INFO - Started process (PID=20052) to work on /home/tejasvi/Desktop/airflow_ssh_simulation/venv/lib/python3.10/site-packages/airflow/example_dags/example_dynamic_task_mapping.py
[2026-03-18T18:13:18.231+0530] {processor.py:830} INFO - Processing file /home/tejasvi/Desktop/airflow_ssh_simulation/venv/lib/python3.10/site-packages/airflow/example_dags/example_dynamic_task_mapping.py for tasks to queue
[2026-03-18T18:13:18.235+0530] {logging_mixin.py:188} INFO - [2026-03-18T18:13:18.234+0530] {dagbag.py:540} INFO - Filling up the DagBag from /home/tejasvi/Desktop/airflow_ssh_simulation/venv/lib/python3.10/site-packages/airflow/example_dags/example_dynamic_task_mapping.py
[2026-03-18T18:13:18.245+0530] {processor.py:840} INFO - DAG(s) 'example_dynamic_task_mapping' retrieved from /home/tejasvi/Desktop/airflow_ssh_simulation/venv/lib/python3.10/site-packages/airflow/example_dags/example_dynamic_task_mapping.py
[2026-03-18T18:13:18.261+0530] {logging_mixin.py:188} INFO - [2026-03-18T18:13:18.260+0530] {dag.py:3047} INFO - Sync 1 DAGs
[2026-03-18T18:13:18.282+0530] {logging_mixin.py:188} INFO - [2026-03-18T18:13:18.282+0530] {dag.py:3834} INFO - Setting next_dagrun for example_dynamic_task_mapping to 2022-03-04 00:00:00+00:00, run_after=2022-03-05 00:00:00+00:00
[2026-03-18T18:13:18.415+0530] {processor.py:183} INFO - Processing /home/tejasvi/Desktop/airflow_ssh_simulation/venv/lib/python3.10/site-packages/airflow/example_dags/example_dynamic_task_mapping.py took 0.296 seconds
[2026-03-18T18:14:41.871+0530] {processor.py:161} INFO - Started process (PID=20237) to work on /home/tejasvi/Desktop/airflow_ssh_simulation/venv/lib/python3.10/site-packages/airflow/example_dags/example_dynamic_task_mapping.py
[2026-03-18T18:14:41.917+0530] {processor.py:830} INFO - Processing file /home/tejasvi/Desktop/airflow_ssh_simulation/venv/lib/python3.10/site-packages/airflow/example_dags/example_dynamic_task_mapping.py for tasks to queue
[2026-03-18T18:14:41.922+0530] {logging_mixin.py:188} INFO - [2026-03-18T18:14:41.921+0530] {dagbag.py:540} INFO - Filling up the DagBag from /home/tejasvi/Desktop/airflow_ssh_simulation/venv/lib/python3.10/site-packages/airflow/example_dags/example_dynamic_task_mapping.py
[2026-03-18T18:14:41.939+0530] {processor.py:840} INFO - DAG(s) 'example_dynamic_task_mapping' retrieved from /home/tejasvi/Desktop/airflow_ssh_simulation/venv/lib/python3.10/site-packages/airflow/example_dags/example_dynamic_task_mapping.py
[2026-03-18T18:14:41.961+0530] {logging_mixin.py:188} INFO - [2026-03-18T18:14:41.961+0530] {dag.py:3047} INFO - Sync 1 DAGs
[2026-03-18T18:14:41.985+0530] {logging_mixin.py:188} INFO - [2026-03-18T18:14:41.984+0530] {dag.py:3834} INFO - Setting next_dagrun for example_dynamic_task_mapping to 2022-03-04 00:00:00+00:00, run_after=2022-03-05 00:00:00+00:00
[2026-03-18T18:14:42.110+0530] {processor.py:183} INFO - Processing /home/tejasvi/Desktop/airflow_ssh_simulation/venv/lib/python3.10/site-packages/airflow/example_dags/example_dynamic_task_mapping.py took 0.248 seconds
[2026-03-18T18:15:51.093+0530] {processor.py:161} INFO - Started process (PID=20411) to work on /home/tejasvi/Desktop/airflow_ssh_simulation/venv/lib/python3.10/site-packages/airflow/example_dags/example_dynamic_task_mapping.py
[2026-03-18T18:15:51.134+0530] {processor.py:830} INFO - Processing file /home/tejasvi/Desktop/airflow_ssh_simulation/venv/lib/python3.10/site-packages/airflow/example_dags/example_dynamic_task_mapping.py for tasks to queue
[2026-03-18T18:15:51.138+0530] {logging_mixin.py:188} INFO - [2026-03-18T18:15:51.137+0530] {dagbag.py:540} INFO - Filling up the DagBag from /home/tejasvi/Desktop/airflow_ssh_simulation/venv/lib/python3.10/site-packages/airflow/example_dags/example_dynamic_task_mapping.py
[2026-03-18T18:15:51.149+0530] {processor.py:840} INFO - DAG(s) 'example_dynamic_task_mapping' retrieved from /home/tejasvi/Desktop/airflow_ssh_simulation/venv/lib/python3.10/site-packages/airflow/example_dags/example_dynamic_task_mapping.py
[2026-03-18T18:15:51.167+0530] {logging_mixin.py:188} INFO - [2026-03-18T18:15:51.167+0530] {dag.py:3047} INFO - Sync 1 DAGs
[2026-03-18T18:15:51.193+0530] {logging_mixin.py:188} INFO - [2026-03-18T18:15:51.193+0530] {dag.py:3834} INFO - Setting next_dagrun for example_dynamic_task_mapping to 2022-03-04 00:00:00+00:00, run_after=2022-03-05 00:00:00+00:00
[2026-03-18T18:15:51.441+0530] {processor.py:183} INFO - Processing /home/tejasvi/Desktop/airflow_ssh_simulation/venv/lib/python3.10/site-packages/airflow/example_dags/example_dynamic_task_mapping.py took 0.352 seconds
[2026-03-18T18:16:55.116+0530] {processor.py:161} INFO - Started process (PID=20603) to work on /home/tejasvi/Desktop/airflow_ssh_simulation/venv/lib/python3.10/site-packages/airflow/example_dags/example_dynamic_task_mapping.py
[2026-03-18T18:16:55.130+0530] {processor.py:830} INFO - Processing file /home/tejasvi/Desktop/airflow_ssh_simulation/venv/lib/python3.10/site-packages/airflow/example_dags/example_dynamic_task_mapping.py for tasks to queue
[2026-03-18T18:16:55.135+0530] {logging_mixin.py:188} INFO - [2026-03-18T18:16:55.133+0530] {dagbag.py:540} INFO - Filling up the DagBag from /home/tejasvi/Desktop/airflow_ssh_simulation/venv/lib/python3.10/site-packages/airflow/example_dags/example_dynamic_task_mapping.py
[2026-03-18T18:16:55.145+0530] {processor.py:840} INFO - DAG(s) 'example_dynamic_task_mapping' retrieved from /home/tejasvi/Desktop/airflow_ssh_simulation/venv/lib/python3.10/site-packages/airflow/example_dags/example_dynamic_task_mapping.py
[2026-03-18T18:16:55.164+0530] {logging_mixin.py:188} INFO - [2026-03-18T18:16:55.164+0530] {dag.py:3047} INFO - Sync 1 DAGs
[2026-03-18T18:16:55.188+0530] {logging_mixin.py:188} INFO - [2026-03-18T18:16:55.188+0530] {dag.py:3834} INFO - Setting next_dagrun for example_dynamic_task_mapping to 2022-03-04 00:00:00+00:00, run_after=2022-03-05 00:00:00+00:00
[2026-03-18T18:16:55.272+0530] {processor.py:183} INFO - Processing /home/tejasvi/Desktop/airflow_ssh_simulation/venv/lib/python3.10/site-packages/airflow/example_dags/example_dynamic_task_mapping.py took 0.161 seconds
[2026-03-18T18:18:15.017+0530] {processor.py:161} INFO - Started process (PID=21936) to work on /home/tejasvi/Desktop/airflow_ssh_simulation/venv/lib/python3.10/site-packages/airflow/example_dags/example_dynamic_task_mapping.py
[2026-03-18T18:18:15.018+0530] {processor.py:830} INFO - Processing file /home/tejasvi/Desktop/airflow_ssh_simulation/venv/lib/python3.10/site-packages/airflow/example_dags/example_dynamic_task_mapping.py for tasks to queue
[2026-03-18T18:18:15.021+0530] {logging_mixin.py:188} INFO - [2026-03-18T18:18:15.021+0530] {dagbag.py:540} INFO - Filling up the DagBag from /home/tejasvi/Desktop/airflow_ssh_simulation/venv/lib/python3.10/site-packages/airflow/example_dags/example_dynamic_task_mapping.py
[2026-03-18T18:18:15.036+0530] {processor.py:840} INFO - DAG(s) 'example_dynamic_task_mapping' retrieved from /home/tejasvi/Desktop/airflow_ssh_simulation/venv/lib/python3.10/site-packages/airflow/example_dags/example_dynamic_task_mapping.py
[2026-03-18T18:18:15.063+0530] {logging_mixin.py:188} INFO - [2026-03-18T18:18:15.062+0530] {dag.py:3047} INFO - Sync 1 DAGs
[2026-03-18T18:18:15.097+0530] {logging_mixin.py:188} INFO - [2026-03-18T18:18:15.096+0530] {dag.py:3834} INFO - Setting next_dagrun for example_dynamic_task_mapping to 2022-03-04 00:00:00+00:00, run_after=2022-03-05 00:00:00+00:00
[2026-03-18T18:18:15.270+0530] {processor.py:183} INFO - Processing /home/tejasvi/Desktop/airflow_ssh_simulation/venv/lib/python3.10/site-packages/airflow/example_dags/example_dynamic_task_mapping.py took 0.259 seconds
[2026-03-18T18:19:25.699+0530] {processor.py:161} INFO - Started process (PID=22168) to work on /home/tejasvi/Desktop/airflow_ssh_simulation/venv/lib/python3.10/site-packages/airflow/example_dags/example_dynamic_task_mapping.py
[2026-03-18T18:19:25.717+0530] {processor.py:830} INFO - Processing file /home/tejasvi/Desktop/airflow_ssh_simulation/venv/lib/python3.10/site-packages/airflow/example_dags/example_dynamic_task_mapping.py for tasks to queue
[2026-03-18T18:19:25.722+0530] {logging_mixin.py:188} INFO - [2026-03-18T18:19:25.721+0530] {dagbag.py:540} INFO - Filling up the DagBag from /home/tejasvi/Desktop/airflow_ssh_simulation/venv/lib/python3.10/site-packages/airflow/example_dags/example_dynamic_task_mapping.py
[2026-03-18T18:19:25.739+0530] {processor.py:840} INFO - DAG(s) 'example_dynamic_task_mapping' retrieved from /home/tejasvi/Desktop/airflow_ssh_simulation/venv/lib/python3.10/site-packages/airflow/example_dags/example_dynamic_task_mapping.py
[2026-03-18T18:19:25.756+0530] {logging_mixin.py:188} INFO - [2026-03-18T18:19:25.755+0530] {dag.py:3047} INFO - Sync 1 DAGs
[2026-03-18T18:19:25.777+0530] {logging_mixin.py:188} INFO - [2026-03-18T18:19:25.776+0530] {dag.py:3834} INFO - Setting next_dagrun for example_dynamic_task_mapping to 2022-03-04 00:00:00+00:00, run_after=2022-03-05 00:00:00+00:00
[2026-03-18T18:19:25.860+0530] {processor.py:183} INFO - Processing /home/tejasvi/Desktop/airflow_ssh_simulation/venv/lib/python3.10/site-packages/airflow/example_dags/example_dynamic_task_mapping.py took 0.170 seconds
[2026-03-18T18:20:37.347+0530] {processor.py:161} INFO - Started process (PID=22379) to work on /home/tejasvi/Desktop/airflow_ssh_simulation/venv/lib/python3.10/site-packages/airflow/example_dags/example_dynamic_task_mapping.py
[2026-03-18T18:20:37.350+0530] {processor.py:830} INFO - Processing file /home/tejasvi/Desktop/airflow_ssh_simulation/venv/lib/python3.10/site-packages/airflow/example_dags/example_dynamic_task_mapping.py for tasks to queue
[2026-03-18T18:20:37.352+0530] {logging_mixin.py:188} INFO - [2026-03-18T18:20:37.352+0530] {dagbag.py:540} INFO - Filling up the DagBag from /home/tejasvi/Desktop/airflow_ssh_simulation/venv/lib/python3.10/site-packages/airflow/example_dags/example_dynamic_task_mapping.py
[2026-03-18T18:20:37.362+0530] {processor.py:840} INFO - DAG(s) 'example_dynamic_task_mapping' retrieved from /home/tejasvi/Desktop/airflow_ssh_simulation/venv/lib/python3.10/site-packages/airflow/example_dags/example_dynamic_task_mapping.py
[2026-03-18T18:20:37.381+0530] {logging_mixin.py:188} INFO - [2026-03-18T18:20:37.380+0530] {dag.py:3047} INFO - Sync 1 DAGs
[2026-03-18T18:20:37.406+0530] {logging_mixin.py:188} INFO - [2026-03-18T18:20:37.405+0530] {dag.py:3834} INFO - Setting next_dagrun for example_dynamic_task_mapping to 2022-03-04 00:00:00+00:00, run_after=2022-03-05 00:00:00+00:00
[2026-03-18T18:20:37.491+0530] {processor.py:183} INFO - Processing /home/tejasvi/Desktop/airflow_ssh_simulation/venv/lib/python3.10/site-packages/airflow/example_dags/example_dynamic_task_mapping.py took 0.149 seconds
[2026-03-18T18:21:42.541+0530] {processor.py:161} INFO - Started process (PID=22575) to work on /home/tejasvi/Desktop/airflow_ssh_simulation/venv/lib/python3.10/site-packages/airflow/example_dags/example_dynamic_task_mapping.py
[2026-03-18T18:21:42.558+0530] {processor.py:830} INFO - Processing file /home/tejasvi/Desktop/airflow_ssh_simulation/venv/lib/python3.10/site-packages/airflow/example_dags/example_dynamic_task_mapping.py for tasks to queue
[2026-03-18T18:21:42.562+0530] {logging_mixin.py:188} INFO - [2026-03-18T18:21:42.561+0530] {dagbag.py:540} INFO - Filling up the DagBag from /home/tejasvi/Desktop/airflow_ssh_simulation/venv/lib/python3.10/site-packages/airflow/example_dags/example_dynamic_task_mapping.py
[2026-03-18T18:21:42.572+0530] {processor.py:840} INFO - DAG(s) 'example_dynamic_task_mapping' retrieved from /home/tejasvi/Desktop/airflow_ssh_simulation/venv/lib/python3.10/site-packages/airflow/example_dags/example_dynamic_task_mapping.py
[2026-03-18T18:21:42.591+0530] {logging_mixin.py:188} INFO - [2026-03-18T18:21:42.590+0530] {dag.py:3047} INFO - Sync 1 DAGs
[2026-03-18T18:21:42.616+0530] {logging_mixin.py:188} INFO - [2026-03-18T18:21:42.616+0530] {dag.py:3834} INFO - Setting next_dagrun for example_dynamic_task_mapping to 2022-03-04 00:00:00+00:00, run_after=2022-03-05 00:00:00+00:00
[2026-03-18T18:21:42.712+0530] {processor.py:183} INFO - Processing /home/tejasvi/Desktop/airflow_ssh_simulation/venv/lib/python3.10/site-packages/airflow/example_dags/example_dynamic_task_mapping.py took 0.177 seconds
[2026-03-18T18:22:53.407+0530] {processor.py:161} INFO - Started process (PID=22755) to work on /home/tejasvi/Desktop/airflow_ssh_simulation/venv/lib/python3.10/site-packages/airflow/example_dags/example_dynamic_task_mapping.py
[2026-03-18T18:22:53.412+0530] {processor.py:830} INFO - Processing file /home/tejasvi/Desktop/airflow_ssh_simulation/venv/lib/python3.10/site-packages/airflow/example_dags/example_dynamic_task_mapping.py for tasks to queue
[2026-03-18T18:22:53.414+0530] {logging_mixin.py:188} INFO - [2026-03-18T18:22:53.414+0530] {dagbag.py:540} INFO - Filling up the DagBag from /home/tejasvi/Desktop/airflow_ssh_simulation/venv/lib/python3.10/site-packages/airflow/example_dags/example_dynamic_task_mapping.py
[2026-03-18T18:22:53.424+0530] {processor.py:840} INFO - DAG(s) 'example_dynamic_task_mapping' retrieved from /home/tejasvi/Desktop/airflow_ssh_simulation/venv/lib/python3.10/site-packages/airflow/example_dags/example_dynamic_task_mapping.py
[2026-03-18T18:22:53.442+0530] {logging_mixin.py:188} INFO - [2026-03-18T18:22:53.442+0530] {dag.py:3047} INFO - Sync 1 DAGs
[2026-03-18T18:22:53.467+0530] {logging_mixin.py:188} INFO - [2026-03-18T18:22:53.467+0530] {dag.py:3834} INFO - Setting next_dagrun for example_dynamic_task_mapping to 2022-03-04 00:00:00+00:00, run_after=2022-03-05 00:00:00+00:00
[2026-03-18T18:22:53.646+0530] {processor.py:183} INFO - Processing /home/tejasvi/Desktop/airflow_ssh_simulation/venv/lib/python3.10/site-packages/airflow/example_dags/example_dynamic_task_mapping.py took 0.242 seconds
[2026-03-18T18:23:57.353+0530] {processor.py:161} INFO - Started process (PID=22920) to work on /home/tejasvi/Desktop/airflow_ssh_simulation/venv/lib/python3.10/site-packages/airflow/example_dags/example_dynamic_task_mapping.py
[2026-03-18T18:23:57.382+0530] {processor.py:830} INFO - Processing file /home/tejasvi/Desktop/airflow_ssh_simulation/venv/lib/python3.10/site-packages/airflow/example_dags/example_dynamic_task_mapping.py for tasks to queue
[2026-03-18T18:23:57.387+0530] {logging_mixin.py:188} INFO - [2026-03-18T18:23:57.386+0530] {dagbag.py:540} INFO - Filling up the DagBag from /home/tejasvi/Desktop/airflow_ssh_simulation/venv/lib/python3.10/site-packages/airflow/example_dags/example_dynamic_task_mapping.py
[2026-03-18T18:23:57.397+0530] {processor.py:840} INFO - DAG(s) 'example_dynamic_task_mapping' retrieved from /home/tejasvi/Desktop/airflow_ssh_simulation/venv/lib/python3.10/site-packages/airflow/example_dags/example_dynamic_task_mapping.py
[2026-03-18T18:23:57.419+0530] {logging_mixin.py:188} INFO - [2026-03-18T18:23:57.418+0530] {dag.py:3047} INFO - Sync 1 DAGs
[2026-03-18T18:23:57.444+0530] {logging_mixin.py:188} INFO - [2026-03-18T18:23:57.444+0530] {dag.py:3834} INFO - Setting next_dagrun for example_dynamic_task_mapping to 2022-03-04 00:00:00+00:00, run_after=2022-03-05 00:00:00+00:00
[2026-03-18T18:23:57.495+0530] {processor.py:183} INFO - Processing /home/tejasvi/Desktop/airflow_ssh_simulation/venv/lib/python3.10/site-packages/airflow/example_dags/example_dynamic_task_mapping.py took 0.148 seconds
[2026-03-18T18:25:04.778+0530] {processor.py:161} INFO - Started process (PID=23092) to work on /home/tejasvi/Desktop/airflow_ssh_simulation/venv/lib/python3.10/site-packages/airflow/example_dags/example_dynamic_task_mapping.py
[2026-03-18T18:25:04.798+0530] {processor.py:830} INFO - Processing file /home/tejasvi/Desktop/airflow_ssh_simulation/venv/lib/python3.10/site-packages/airflow/example_dags/example_dynamic_task_mapping.py for tasks to queue
[2026-03-18T18:25:04.805+0530] {logging_mixin.py:188} INFO - [2026-03-18T18:25:04.804+0530] {dagbag.py:540} INFO - Filling up the DagBag from /home/tejasvi/Desktop/airflow_ssh_simulation/venv/lib/python3.10/site-packages/airflow/example_dags/example_dynamic_task_mapping.py
[2026-03-18T18:25:04.818+0530] {processor.py:840} INFO - DAG(s) 'example_dynamic_task_mapping' retrieved from /home/tejasvi/Desktop/airflow_ssh_simulation/venv/lib/python3.10/site-packages/airflow/example_dags/example_dynamic_task_mapping.py
[2026-03-18T18:25:04.837+0530] {logging_mixin.py:188} INFO - [2026-03-18T18:25:04.837+0530] {dag.py:3047} INFO - Sync 1 DAGs
[2026-03-18T18:25:04.863+0530] {logging_mixin.py:188} INFO - [2026-03-18T18:25:04.862+0530] {dag.py:3834} INFO - Setting next_dagrun for example_dynamic_task_mapping to 2022-03-04 00:00:00+00:00, run_after=2022-03-05 00:00:00+00:00
[2026-03-18T18:25:04.911+0530] {processor.py:183} INFO - Processing /home/tejasvi/Desktop/airflow_ssh_simulation/venv/lib/python3.10/site-packages/airflow/example_dags/example_dynamic_task_mapping.py took 0.140 seconds
[2026-03-18T18:26:02.814+0530] {processor.py:161} INFO - Started process (PID=23274) to work on /home/tejasvi/Desktop/airflow_ssh_simulation/venv/lib/python3.10/site-packages/airflow/example_dags/example_dynamic_task_mapping.py
[2026-03-18T18:26:02.847+0530] {processor.py:830} INFO - Processing file /home/tejasvi/Desktop/airflow_ssh_simulation/venv/lib/python3.10/site-packages/airflow/example_dags/example_dynamic_task_mapping.py for tasks to queue
[2026-03-18T18:26:02.856+0530] {logging_mixin.py:188} INFO - [2026-03-18T18:26:02.854+0530] {dagbag.py:540} INFO - Filling up the DagBag from /home/tejasvi/Desktop/airflow_ssh_simulation/venv/lib/python3.10/site-packages/airflow/example_dags/example_dynamic_task_mapping.py
[2026-03-18T18:26:02.867+0530] {processor.py:840} INFO - DAG(s) 'example_dynamic_task_mapping' retrieved from /home/tejasvi/Desktop/airflow_ssh_simulation/venv/lib/python3.10/site-packages/airflow/example_dags/example_dynamic_task_mapping.py
[2026-03-18T18:26:02.883+0530] {logging_mixin.py:188} INFO - [2026-03-18T18:26:02.883+0530] {dag.py:3047} INFO - Sync 1 DAGs
[2026-03-18T18:26:02.907+0530] {logging_mixin.py:188} INFO - [2026-03-18T18:26:02.906+0530] {dag.py:3834} INFO - Setting next_dagrun for example_dynamic_task_mapping to 2022-03-04 00:00:00+00:00, run_after=2022-03-05 00:00:00+00:00
[2026-03-18T18:26:02.977+0530] {processor.py:183} INFO - Processing /home/tejasvi/Desktop/airflow_ssh_simulation/venv/lib/python3.10/site-packages/airflow/example_dags/example_dynamic_task_mapping.py took 0.167 seconds
[2026-03-18T18:27:01.867+0530] {processor.py:161} INFO - Started process (PID=23449) to work on /home/tejasvi/Desktop/airflow_ssh_simulation/venv/lib/python3.10/site-packages/airflow/example_dags/example_dynamic_task_mapping.py
[2026-03-18T18:27:01.937+0530] {processor.py:830} INFO - Processing file /home/tejasvi/Desktop/airflow_ssh_simulation/venv/lib/python3.10/site-packages/airflow/example_dags/example_dynamic_task_mapping.py for tasks to queue
[2026-03-18T18:27:01.941+0530] {logging_mixin.py:188} INFO - [2026-03-18T18:27:01.940+0530] {dagbag.py:540} INFO - Filling up the DagBag from /home/tejasvi/Desktop/airflow_ssh_simulation/venv/lib/python3.10/site-packages/airflow/example_dags/example_dynamic_task_mapping.py
[2026-03-18T18:27:01.951+0530] {processor.py:840} INFO - DAG(s) 'example_dynamic_task_mapping' retrieved from /home/tejasvi/Desktop/airflow_ssh_simulation/venv/lib/python3.10/site-packages/airflow/example_dags/example_dynamic_task_mapping.py
[2026-03-18T18:27:01.967+0530] {logging_mixin.py:188} INFO - [2026-03-18T18:27:01.967+0530] {dag.py:3047} INFO - Sync 1 DAGs
[2026-03-18T18:27:01.990+0530] {logging_mixin.py:188} INFO - [2026-03-18T18:27:01.990+0530] {dag.py:3834} INFO - Setting next_dagrun for example_dynamic_task_mapping to 2022-03-04 00:00:00+00:00, run_after=2022-03-05 00:00:00+00:00
[2026-03-18T18:27:02.068+0530] {processor.py:183} INFO - Processing /home/tejasvi/Desktop/airflow_ssh_simulation/venv/lib/python3.10/site-packages/airflow/example_dags/example_dynamic_task_mapping.py took 0.206 seconds
[2026-03-18T18:28:02.018+0530] {processor.py:161} INFO - Started process (PID=23614) to work on /home/tejasvi/Desktop/airflow_ssh_simulation/venv/lib/python3.10/site-packages/airflow/example_dags/example_dynamic_task_mapping.py
[2026-03-18T18:28:02.035+0530] {processor.py:830} INFO - Processing file /home/tejasvi/Desktop/airflow_ssh_simulation/venv/lib/python3.10/site-packages/airflow/example_dags/example_dynamic_task_mapping.py for tasks to queue
[2026-03-18T18:28:02.038+0530] {logging_mixin.py:188} INFO - [2026-03-18T18:28:02.037+0530] {dagbag.py:540} INFO - Filling up the DagBag from /home/tejasvi/Desktop/airflow_ssh_simulation/venv/lib/python3.10/site-packages/airflow/example_dags/example_dynamic_task_mapping.py
[2026-03-18T18:28:02.049+0530] {processor.py:840} INFO - DAG(s) 'example_dynamic_task_mapping' retrieved from /home/tejasvi/Desktop/airflow_ssh_simulation/venv/lib/python3.10/site-packages/airflow/example_dags/example_dynamic_task_mapping.py
[2026-03-18T18:28:02.069+0530] {logging_mixin.py:188} INFO - [2026-03-18T18:28:02.068+0530] {dag.py:3047} INFO - Sync 1 DAGs
[2026-03-18T18:28:02.094+0530] {logging_mixin.py:188} INFO - [2026-03-18T18:28:02.094+0530] {dag.py:3834} INFO - Setting next_dagrun for example_dynamic_task_mapping to 2022-03-04 00:00:00+00:00, run_after=2022-03-05 00:00:00+00:00
[2026-03-18T18:28:02.168+0530] {processor.py:183} INFO - Processing /home/tejasvi/Desktop/airflow_ssh_simulation/venv/lib/python3.10/site-packages/airflow/example_dags/example_dynamic_task_mapping.py took 0.155 seconds
[2026-03-18T18:29:31.027+0530] {processor.py:161} INFO - Started process (PID=23832) to work on /home/tejasvi/Desktop/airflow_ssh_simulation/venv/lib/python3.10/site-packages/airflow/example_dags/example_dynamic_task_mapping.py
[2026-03-18T18:29:31.056+0530] {processor.py:830} INFO - Processing file /home/tejasvi/Desktop/airflow_ssh_simulation/venv/lib/python3.10/site-packages/airflow/example_dags/example_dynamic_task_mapping.py for tasks to queue
[2026-03-18T18:29:31.061+0530] {logging_mixin.py:188} INFO - [2026-03-18T18:29:31.059+0530] {dagbag.py:540} INFO - Filling up the DagBag from /home/tejasvi/Desktop/airflow_ssh_simulation/venv/lib/python3.10/site-packages/airflow/example_dags/example_dynamic_task_mapping.py
[2026-03-18T18:29:31.072+0530] {processor.py:840} INFO - DAG(s) 'example_dynamic_task_mapping' retrieved from /home/tejasvi/Desktop/airflow_ssh_simulation/venv/lib/python3.10/site-packages/airflow/example_dags/example_dynamic_task_mapping.py
[2026-03-18T18:29:31.091+0530] {logging_mixin.py:188} INFO - [2026-03-18T18:29:31.090+0530] {dag.py:3047} INFO - Sync 1 DAGs
[2026-03-18T18:29:31.113+0530] {logging_mixin.py:188} INFO - [2026-03-18T18:29:31.113+0530] {dag.py:3834} INFO - Setting next_dagrun for example_dynamic_task_mapping to 2022-03-04 00:00:00+00:00, run_after=2022-03-05 00:00:00+00:00
[2026-03-18T18:29:31.222+0530] {processor.py:183} INFO - Processing /home/tejasvi/Desktop/airflow_ssh_simulation/venv/lib/python3.10/site-packages/airflow/example_dags/example_dynamic_task_mapping.py took 0.203 seconds
[2026-03-18T18:30:43.938+0530] {processor.py:161} INFO - Started process (PID=24022) to work on /home/tejasvi/Desktop/airflow_ssh_simulation/venv/lib/python3.10/site-packages/airflow/example_dags/example_dynamic_task_mapping.py
[2026-03-18T18:30:43.951+0530] {processor.py:830} INFO - Processing file /home/tejasvi/Desktop/airflow_ssh_simulation/venv/lib/python3.10/site-packages/airflow/example_dags/example_dynamic_task_mapping.py for tasks to queue
[2026-03-18T18:30:43.955+0530] {logging_mixin.py:188} INFO - [2026-03-18T18:30:43.954+0530] {dagbag.py:540} INFO - Filling up the DagBag from /home/tejasvi/Desktop/airflow_ssh_simulation/venv/lib/python3.10/site-packages/airflow/example_dags/example_dynamic_task_mapping.py
[2026-03-18T18:30:43.966+0530] {processor.py:840} INFO - DAG(s) 'example_dynamic_task_mapping' retrieved from /home/tejasvi/Desktop/airflow_ssh_simulation/venv/lib/python3.10/site-packages/airflow/example_dags/example_dynamic_task_mapping.py
[2026-03-18T18:30:43.982+0530] {logging_mixin.py:188} INFO - [2026-03-18T18:30:43.982+0530] {dag.py:3047} INFO - Sync 1 DAGs
[2026-03-18T18:30:44.003+0530] {logging_mixin.py:188} INFO - [2026-03-18T18:30:44.003+0530] {dag.py:3834} INFO - Setting next_dagrun for example_dynamic_task_mapping to 2022-03-04 00:00:00+00:00, run_after=2022-03-05 00:00:00+00:00
[2026-03-18T18:30:44.109+0530] {processor.py:183} INFO - Processing /home/tejasvi/Desktop/airflow_ssh_simulation/venv/lib/python3.10/site-packages/airflow/example_dags/example_dynamic_task_mapping.py took 0.179 seconds
[2026-03-18T18:31:57.734+0530] {processor.py:161} INFO - Started process (PID=24428) to work on /home/tejasvi/Desktop/airflow_ssh_simulation/venv/lib/python3.10/site-packages/airflow/example_dags/example_dynamic_task_mapping.py
[2026-03-18T18:31:57.784+0530] {processor.py:830} INFO - Processing file /home/tejasvi/Desktop/airflow_ssh_simulation/venv/lib/python3.10/site-packages/airflow/example_dags/example_dynamic_task_mapping.py for tasks to queue
[2026-03-18T18:31:57.789+0530] {logging_mixin.py:188} INFO - [2026-03-18T18:31:57.788+0530] {dagbag.py:540} INFO - Filling up the DagBag from /home/tejasvi/Desktop/airflow_ssh_simulation/venv/lib/python3.10/site-packages/airflow/example_dags/example_dynamic_task_mapping.py
[2026-03-18T18:31:57.807+0530] {processor.py:840} INFO - DAG(s) 'example_dynamic_task_mapping' retrieved from /home/tejasvi/Desktop/airflow_ssh_simulation/venv/lib/python3.10/site-packages/airflow/example_dags/example_dynamic_task_mapping.py
[2026-03-18T18:31:57.831+0530] {logging_mixin.py:188} INFO - [2026-03-18T18:31:57.830+0530] {dag.py:3047} INFO - Sync 1 DAGs
[2026-03-18T18:31:57.851+0530] {logging_mixin.py:188} INFO - [2026-03-18T18:31:57.851+0530] {dag.py:3834} INFO - Setting next_dagrun for example_dynamic_task_mapping to 2022-03-04 00:00:00+00:00, run_after=2022-03-05 00:00:00+00:00
[2026-03-18T18:31:57.914+0530] {processor.py:183} INFO - Processing /home/tejasvi/Desktop/airflow_ssh_simulation/venv/lib/python3.10/site-packages/airflow/example_dags/example_dynamic_task_mapping.py took 0.185 seconds
[2026-03-18T18:32:58.288+0530] {processor.py:161} INFO - Started process (PID=24582) to work on /home/tejasvi/Desktop/airflow_ssh_simulation/venv/lib/python3.10/site-packages/airflow/example_dags/example_dynamic_task_mapping.py
[2026-03-18T18:32:58.352+0530] {processor.py:830} INFO - Processing file /home/tejasvi/Desktop/airflow_ssh_simulation/venv/lib/python3.10/site-packages/airflow/example_dags/example_dynamic_task_mapping.py for tasks to queue
[2026-03-18T18:32:58.355+0530] {logging_mixin.py:188} INFO - [2026-03-18T18:32:58.354+0530] {dagbag.py:540} INFO - Filling up the DagBag from /home/tejasvi/Desktop/airflow_ssh_simulation/venv/lib/python3.10/site-packages/airflow/example_dags/example_dynamic_task_mapping.py
[2026-03-18T18:32:58.365+0530] {processor.py:840} INFO - DAG(s) 'example_dynamic_task_mapping' retrieved from /home/tejasvi/Desktop/airflow_ssh_simulation/venv/lib/python3.10/site-packages/airflow/example_dags/example_dynamic_task_mapping.py
[2026-03-18T18:32:58.380+0530] {logging_mixin.py:188} INFO - [2026-03-18T18:32:58.380+0530] {dag.py:3047} INFO - Sync 1 DAGs
[2026-03-18T18:32:58.401+0530] {logging_mixin.py:188} INFO - [2026-03-18T18:32:58.401+0530] {dag.py:3834} INFO - Setting next_dagrun for example_dynamic_task_mapping to 2022-03-04 00:00:00+00:00, run_after=2022-03-05 00:00:00+00:00
[2026-03-18T18:32:58.497+0530] {processor.py:183} INFO - Processing /home/tejasvi/Desktop/airflow_ssh_simulation/venv/lib/python3.10/site-packages/airflow/example_dags/example_dynamic_task_mapping.py took 0.216 seconds
[2026-03-18T18:34:01.041+0530] {processor.py:161} INFO - Started process (PID=24750) to work on /home/tejasvi/Desktop/airflow_ssh_simulation/venv/lib/python3.10/site-packages/airflow/example_dags/example_dynamic_task_mapping.py
[2026-03-18T18:34:01.131+0530] {processor.py:830} INFO - Processing file /home/tejasvi/Desktop/airflow_ssh_simulation/venv/lib/python3.10/site-packages/airflow/example_dags/example_dynamic_task_mapping.py for tasks to queue
[2026-03-18T18:34:01.134+0530] {logging_mixin.py:188} INFO - [2026-03-18T18:34:01.133+0530] {dagbag.py:540} INFO - Filling up the DagBag from /home/tejasvi/Desktop/airflow_ssh_simulation/venv/lib/python3.10/site-packages/airflow/example_dags/example_dynamic_task_mapping.py
[2026-03-18T18:34:01.144+0530] {processor.py:840} INFO - DAG(s) 'example_dynamic_task_mapping' retrieved from /home/tejasvi/Desktop/airflow_ssh_simulation/venv/lib/python3.10/site-packages/airflow/example_dags/example_dynamic_task_mapping.py
[2026-03-18T18:34:01.159+0530] {logging_mixin.py:188} INFO - [2026-03-18T18:34:01.159+0530] {dag.py:3047} INFO - Sync 1 DAGs
[2026-03-18T18:34:01.179+0530] {logging_mixin.py:188} INFO - [2026-03-18T18:34:01.179+0530] {dag.py:3834} INFO - Setting next_dagrun for example_dynamic_task_mapping to 2022-03-04 00:00:00+00:00, run_after=2022-03-05 00:00:00+00:00
[2026-03-18T18:34:01.303+0530] {processor.py:183} INFO - Processing /home/tejasvi/Desktop/airflow_ssh_simulation/venv/lib/python3.10/site-packages/airflow/example_dags/example_dynamic_task_mapping.py took 0.270 seconds
[2026-03-18T18:35:04.953+0530] {processor.py:161} INFO - Started process (PID=24940) to work on /home/tejasvi/Desktop/airflow_ssh_simulation/venv/lib/python3.10/site-packages/airflow/example_dags/example_dynamic_task_mapping.py
[2026-03-18T18:35:05.075+0530] {processor.py:830} INFO - Processing file /home/tejasvi/Desktop/airflow_ssh_simulation/venv/lib/python3.10/site-packages/airflow/example_dags/example_dynamic_task_mapping.py for tasks to queue
[2026-03-18T18:35:05.078+0530] {logging_mixin.py:188} INFO - [2026-03-18T18:35:05.078+0530] {dagbag.py:540} INFO - Filling up the DagBag from /home/tejasvi/Desktop/airflow_ssh_simulation/venv/lib/python3.10/site-packages/airflow/example_dags/example_dynamic_task_mapping.py
[2026-03-18T18:35:05.088+0530] {processor.py:840} INFO - DAG(s) 'example_dynamic_task_mapping' retrieved from /home/tejasvi/Desktop/airflow_ssh_simulation/venv/lib/python3.10/site-packages/airflow/example_dags/example_dynamic_task_mapping.py
[2026-03-18T18:35:05.104+0530] {logging_mixin.py:188} INFO - [2026-03-18T18:35:05.103+0530] {dag.py:3047} INFO - Sync 1 DAGs
[2026-03-18T18:35:05.124+0530] {logging_mixin.py:188} INFO - [2026-03-18T18:35:05.124+0530] {dag.py:3834} INFO - Setting next_dagrun for example_dynamic_task_mapping to 2022-03-04 00:00:00+00:00, run_after=2022-03-05 00:00:00+00:00
[2026-03-18T18:35:05.226+0530] {processor.py:183} INFO - Processing /home/tejasvi/Desktop/airflow_ssh_simulation/venv/lib/python3.10/site-packages/airflow/example_dags/example_dynamic_task_mapping.py took 0.281 seconds
[2026-03-18T18:36:05.978+0530] {processor.py:161} INFO - Started process (PID=25122) to work on /home/tejasvi/Desktop/airflow_ssh_simulation/venv/lib/python3.10/site-packages/airflow/example_dags/example_dynamic_task_mapping.py
[2026-03-18T18:36:06.066+0530] {processor.py:830} INFO - Processing file /home/tejasvi/Desktop/airflow_ssh_simulation/venv/lib/python3.10/site-packages/airflow/example_dags/example_dynamic_task_mapping.py for tasks to queue
[2026-03-18T18:36:06.069+0530] {logging_mixin.py:188} INFO - [2026-03-18T18:36:06.068+0530] {dagbag.py:540} INFO - Filling up the DagBag from /home/tejasvi/Desktop/airflow_ssh_simulation/venv/lib/python3.10/site-packages/airflow/example_dags/example_dynamic_task_mapping.py
[2026-03-18T18:36:06.079+0530] {processor.py:840} INFO - DAG(s) 'example_dynamic_task_mapping' retrieved from /home/tejasvi/Desktop/airflow_ssh_simulation/venv/lib/python3.10/site-packages/airflow/example_dags/example_dynamic_task_mapping.py
[2026-03-18T18:36:06.095+0530] {logging_mixin.py:188} INFO - [2026-03-18T18:36:06.095+0530] {dag.py:3047} INFO - Sync 1 DAGs
[2026-03-18T18:36:06.116+0530] {logging_mixin.py:188} INFO - [2026-03-18T18:36:06.116+0530] {dag.py:3834} INFO - Setting next_dagrun for example_dynamic_task_mapping to 2022-03-04 00:00:00+00:00, run_after=2022-03-05 00:00:00+00:00
[2026-03-18T18:36:06.215+0530] {processor.py:183} INFO - Processing /home/tejasvi/Desktop/airflow_ssh_simulation/venv/lib/python3.10/site-packages/airflow/example_dags/example_dynamic_task_mapping.py took 0.241 seconds
[2026-03-18T18:37:16.782+0530] {processor.py:161} INFO - Started process (PID=25308) to work on /home/tejasvi/Desktop/airflow_ssh_simulation/venv/lib/python3.10/site-packages/airflow/example_dags/example_dynamic_task_mapping.py
[2026-03-18T18:37:16.811+0530] {processor.py:830} INFO - Processing file /home/tejasvi/Desktop/airflow_ssh_simulation/venv/lib/python3.10/site-packages/airflow/example_dags/example_dynamic_task_mapping.py for tasks to queue
[2026-03-18T18:37:16.814+0530] {logging_mixin.py:188} INFO - [2026-03-18T18:37:16.813+0530] {dagbag.py:540} INFO - Filling up the DagBag from /home/tejasvi/Desktop/airflow_ssh_simulation/venv/lib/python3.10/site-packages/airflow/example_dags/example_dynamic_task_mapping.py
[2026-03-18T18:37:16.825+0530] {processor.py:840} INFO - DAG(s) 'example_dynamic_task_mapping' retrieved from /home/tejasvi/Desktop/airflow_ssh_simulation/venv/lib/python3.10/site-packages/airflow/example_dags/example_dynamic_task_mapping.py
[2026-03-18T18:37:16.840+0530] {logging_mixin.py:188} INFO - [2026-03-18T18:37:16.840+0530] {dag.py:3047} INFO - Sync 1 DAGs
[2026-03-18T18:37:16.860+0530] {logging_mixin.py:188} INFO - [2026-03-18T18:37:16.860+0530] {dag.py:3834} INFO - Setting next_dagrun for example_dynamic_task_mapping to 2022-03-04 00:00:00+00:00, run_after=2022-03-05 00:00:00+00:00
[2026-03-18T18:37:16.954+0530] {processor.py:183} INFO - Processing /home/tejasvi/Desktop/airflow_ssh_simulation/venv/lib/python3.10/site-packages/airflow/example_dags/example_dynamic_task_mapping.py took 0.178 seconds
[2026-03-18T18:38:31.772+0530] {processor.py:161} INFO - Started process (PID=25498) to work on /home/tejasvi/Desktop/airflow_ssh_simulation/venv/lib/python3.10/site-packages/airflow/example_dags/example_dynamic_task_mapping.py
[2026-03-18T18:38:31.826+0530] {processor.py:830} INFO - Processing file /home/tejasvi/Desktop/airflow_ssh_simulation/venv/lib/python3.10/site-packages/airflow/example_dags/example_dynamic_task_mapping.py for tasks to queue
[2026-03-18T18:38:31.829+0530] {logging_mixin.py:188} INFO - [2026-03-18T18:38:31.828+0530] {dagbag.py:540} INFO - Filling up the DagBag from /home/tejasvi/Desktop/airflow_ssh_simulation/venv/lib/python3.10/site-packages/airflow/example_dags/example_dynamic_task_mapping.py
[2026-03-18T18:38:31.839+0530] {processor.py:840} INFO - DAG(s) 'example_dynamic_task_mapping' retrieved from /home/tejasvi/Desktop/airflow_ssh_simulation/venv/lib/python3.10/site-packages/airflow/example_dags/example_dynamic_task_mapping.py
[2026-03-18T18:38:31.854+0530] {logging_mixin.py:188} INFO - [2026-03-18T18:38:31.854+0530] {dag.py:3047} INFO - Sync 1 DAGs
[2026-03-18T18:38:31.874+0530] {logging_mixin.py:188} INFO - [2026-03-18T18:38:31.874+0530] {dag.py:3834} INFO - Setting next_dagrun for example_dynamic_task_mapping to 2022-03-04 00:00:00+00:00, run_after=2022-03-05 00:00:00+00:00
[2026-03-18T18:38:31.935+0530] {processor.py:183} INFO - Processing /home/tejasvi/Desktop/airflow_ssh_simulation/venv/lib/python3.10/site-packages/airflow/example_dags/example_dynamic_task_mapping.py took 0.170 seconds
[2026-03-18T18:39:29.916+0530] {processor.py:161} INFO - Started process (PID=25639) to work on /home/tejasvi/Desktop/airflow_ssh_simulation/venv/lib/python3.10/site-packages/airflow/example_dags/example_dynamic_task_mapping.py
[2026-03-18T18:39:29.918+0530] {processor.py:830} INFO - Processing file /home/tejasvi/Desktop/airflow_ssh_simulation/venv/lib/python3.10/site-packages/airflow/example_dags/example_dynamic_task_mapping.py for tasks to queue
[2026-03-18T18:39:29.921+0530] {logging_mixin.py:188} INFO - [2026-03-18T18:39:29.920+0530] {dagbag.py:540} INFO - Filling up the DagBag from /home/tejasvi/Desktop/airflow_ssh_simulation/venv/lib/python3.10/site-packages/airflow/example_dags/example_dynamic_task_mapping.py
[2026-03-18T18:39:29.930+0530] {processor.py:840} INFO - DAG(s) 'example_dynamic_task_mapping' retrieved from /home/tejasvi/Desktop/airflow_ssh_simulation/venv/lib/python3.10/site-packages/airflow/example_dags/example_dynamic_task_mapping.py
[2026-03-18T18:39:29.946+0530] {logging_mixin.py:188} INFO - [2026-03-18T18:39:29.946+0530] {dag.py:3047} INFO - Sync 1 DAGs
[2026-03-18T18:39:29.967+0530] {logging_mixin.py:188} INFO - [2026-03-18T18:39:29.966+0530] {dag.py:3834} INFO - Setting next_dagrun for example_dynamic_task_mapping to 2022-03-04 00:00:00+00:00, run_after=2022-03-05 00:00:00+00:00
[2026-03-18T18:39:30.069+0530] {processor.py:183} INFO - Processing /home/tejasvi/Desktop/airflow_ssh_simulation/venv/lib/python3.10/site-packages/airflow/example_dags/example_dynamic_task_mapping.py took 0.160 seconds
[2026-03-18T18:40:36.038+0530] {processor.py:161} INFO - Started process (PID=25813) to work on /home/tejasvi/Desktop/airflow_ssh_simulation/venv/lib/python3.10/site-packages/airflow/example_dags/example_dynamic_task_mapping.py
[2026-03-18T18:40:36.100+0530] {processor.py:830} INFO - Processing file /home/tejasvi/Desktop/airflow_ssh_simulation/venv/lib/python3.10/site-packages/airflow/example_dags/example_dynamic_task_mapping.py for tasks to queue
[2026-03-18T18:40:36.104+0530] {logging_mixin.py:188} INFO - [2026-03-18T18:40:36.103+0530] {dagbag.py:540} INFO - Filling up the DagBag from /home/tejasvi/Desktop/airflow_ssh_simulation/venv/lib/python3.10/site-packages/airflow/example_dags/example_dynamic_task_mapping.py
[2026-03-18T18:40:36.114+0530] {processor.py:840} INFO - DAG(s) 'example_dynamic_task_mapping' retrieved from /home/tejasvi/Desktop/airflow_ssh_simulation/venv/lib/python3.10/site-packages/airflow/example_dags/example_dynamic_task_mapping.py
[2026-03-18T18:40:36.130+0530] {logging_mixin.py:188} INFO - [2026-03-18T18:40:36.129+0530] {dag.py:3047} INFO - Sync 1 DAGs
[2026-03-18T18:40:36.149+0530] {logging_mixin.py:188} INFO - [2026-03-18T18:40:36.149+0530] {dag.py:3834} INFO - Setting next_dagrun for example_dynamic_task_mapping to 2022-03-04 00:00:00+00:00, run_after=2022-03-05 00:00:00+00:00
[2026-03-18T18:40:36.220+0530] {processor.py:183} INFO - Processing /home/tejasvi/Desktop/airflow_ssh_simulation/venv/lib/python3.10/site-packages/airflow/example_dags/example_dynamic_task_mapping.py took 0.190 seconds
[2026-03-18T18:41:38.365+0530] {processor.py:161} INFO - Started process (PID=26006) to work on /home/tejasvi/Desktop/airflow_ssh_simulation/venv/lib/python3.10/site-packages/airflow/example_dags/example_dynamic_task_mapping.py
[2026-03-18T18:41:38.424+0530] {processor.py:830} INFO - Processing file /home/tejasvi/Desktop/airflow_ssh_simulation/venv/lib/python3.10/site-packages/airflow/example_dags/example_dynamic_task_mapping.py for tasks to queue
[2026-03-18T18:41:38.428+0530] {logging_mixin.py:188} INFO - [2026-03-18T18:41:38.427+0530] {dagbag.py:540} INFO - Filling up the DagBag from /home/tejasvi/Desktop/airflow_ssh_simulation/venv/lib/python3.10/site-packages/airflow/example_dags/example_dynamic_task_mapping.py
[2026-03-18T18:41:38.438+0530] {processor.py:840} INFO - DAG(s) 'example_dynamic_task_mapping' retrieved from /home/tejasvi/Desktop/airflow_ssh_simulation/venv/lib/python3.10/site-packages/airflow/example_dags/example_dynamic_task_mapping.py
[2026-03-18T18:41:38.453+0530] {logging_mixin.py:188} INFO - [2026-03-18T18:41:38.453+0530] {dag.py:3047} INFO - Sync 1 DAGs
[2026-03-18T18:41:38.474+0530] {logging_mixin.py:188} INFO - [2026-03-18T18:41:38.473+0530] {dag.py:3834} INFO - Setting next_dagrun for example_dynamic_task_mapping to 2022-03-04 00:00:00+00:00, run_after=2022-03-05 00:00:00+00:00
[2026-03-18T18:41:38.563+0530] {processor.py:183} INFO - Processing /home/tejasvi/Desktop/airflow_ssh_simulation/venv/lib/python3.10/site-packages/airflow/example_dags/example_dynamic_task_mapping.py took 0.206 seconds
[2026-03-18T18:42:47.182+0530] {processor.py:161} INFO - Started process (PID=26167) to work on /home/tejasvi/Desktop/airflow_ssh_simulation/venv/lib/python3.10/site-packages/airflow/example_dags/example_dynamic_task_mapping.py
[2026-03-18T18:42:47.249+0530] {processor.py:830} INFO - Processing file /home/tejasvi/Desktop/airflow_ssh_simulation/venv/lib/python3.10/site-packages/airflow/example_dags/example_dynamic_task_mapping.py for tasks to queue
[2026-03-18T18:42:47.253+0530] {logging_mixin.py:188} INFO - [2026-03-18T18:42:47.252+0530] {dagbag.py:540} INFO - Filling up the DagBag from /home/tejasvi/Desktop/airflow_ssh_simulation/venv/lib/python3.10/site-packages/airflow/example_dags/example_dynamic_task_mapping.py
[2026-03-18T18:42:47.263+0530] {processor.py:840} INFO - DAG(s) 'example_dynamic_task_mapping' retrieved from /home/tejasvi/Desktop/airflow_ssh_simulation/venv/lib/python3.10/site-packages/airflow/example_dags/example_dynamic_task_mapping.py
[2026-03-18T18:42:47.278+0530] {logging_mixin.py:188} INFO - [2026-03-18T18:42:47.277+0530] {dag.py:3047} INFO - Sync 1 DAGs
[2026-03-18T18:42:47.298+0530] {logging_mixin.py:188} INFO - [2026-03-18T18:42:47.298+0530] {dag.py:3834} INFO - Setting next_dagrun for example_dynamic_task_mapping to 2022-03-04 00:00:00+00:00, run_after=2022-03-05 00:00:00+00:00
[2026-03-18T18:42:47.427+0530] {processor.py:183} INFO - Processing /home/tejasvi/Desktop/airflow_ssh_simulation/venv/lib/python3.10/site-packages/airflow/example_dags/example_dynamic_task_mapping.py took 0.253 seconds
[2026-03-18T18:44:12.928+0530] {processor.py:161} INFO - Started process (PID=26373) to work on /home/tejasvi/Desktop/airflow_ssh_simulation/venv/lib/python3.10/site-packages/airflow/example_dags/example_dynamic_task_mapping.py
[2026-03-18T18:44:13.014+0530] {processor.py:830} INFO - Processing file /home/tejasvi/Desktop/airflow_ssh_simulation/venv/lib/python3.10/site-packages/airflow/example_dags/example_dynamic_task_mapping.py for tasks to queue
[2026-03-18T18:44:13.017+0530] {logging_mixin.py:188} INFO - [2026-03-18T18:44:13.017+0530] {dagbag.py:540} INFO - Filling up the DagBag from /home/tejasvi/Desktop/airflow_ssh_simulation/venv/lib/python3.10/site-packages/airflow/example_dags/example_dynamic_task_mapping.py
[2026-03-18T18:44:13.027+0530] {processor.py:840} INFO - DAG(s) 'example_dynamic_task_mapping' retrieved from /home/tejasvi/Desktop/airflow_ssh_simulation/venv/lib/python3.10/site-packages/airflow/example_dags/example_dynamic_task_mapping.py
[2026-03-18T18:44:13.042+0530] {logging_mixin.py:188} INFO - [2026-03-18T18:44:13.042+0530] {dag.py:3047} INFO - Sync 1 DAGs
[2026-03-18T18:44:13.062+0530] {logging_mixin.py:188} INFO - [2026-03-18T18:44:13.062+0530] {dag.py:3834} INFO - Setting next_dagrun for example_dynamic_task_mapping to 2022-03-04 00:00:00+00:00, run_after=2022-03-05 00:00:00+00:00
[2026-03-18T18:44:13.136+0530] {processor.py:183} INFO - Processing /home/tejasvi/Desktop/airflow_ssh_simulation/venv/lib/python3.10/site-packages/airflow/example_dags/example_dynamic_task_mapping.py took 0.216 seconds
[2026-03-18T18:45:14.003+0530] {processor.py:161} INFO - Started process (PID=26518) to work on /home/tejasvi/Desktop/airflow_ssh_simulation/venv/lib/python3.10/site-packages/airflow/example_dags/example_dynamic_task_mapping.py
[2026-03-18T18:45:14.012+0530] {processor.py:830} INFO - Processing file /home/tejasvi/Desktop/airflow_ssh_simulation/venv/lib/python3.10/site-packages/airflow/example_dags/example_dynamic_task_mapping.py for tasks to queue
[2026-03-18T18:45:14.015+0530] {logging_mixin.py:188} INFO - [2026-03-18T18:45:14.015+0530] {dagbag.py:540} INFO - Filling up the DagBag from /home/tejasvi/Desktop/airflow_ssh_simulation/venv/lib/python3.10/site-packages/airflow/example_dags/example_dynamic_task_mapping.py
[2026-03-18T18:45:14.024+0530] {processor.py:840} INFO - DAG(s) 'example_dynamic_task_mapping' retrieved from /home/tejasvi/Desktop/airflow_ssh_simulation/venv/lib/python3.10/site-packages/airflow/example_dags/example_dynamic_task_mapping.py
[2026-03-18T18:45:14.040+0530] {logging_mixin.py:188} INFO - [2026-03-18T18:45:14.039+0530] {dag.py:3047} INFO - Sync 1 DAGs
[2026-03-18T18:45:14.060+0530] {logging_mixin.py:188} INFO - [2026-03-18T18:45:14.059+0530] {dag.py:3834} INFO - Setting next_dagrun for example_dynamic_task_mapping to 2022-03-04 00:00:00+00:00, run_after=2022-03-05 00:00:00+00:00
[2026-03-18T18:45:14.137+0530] {processor.py:183} INFO - Processing /home/tejasvi/Desktop/airflow_ssh_simulation/venv/lib/python3.10/site-packages/airflow/example_dags/example_dynamic_task_mapping.py took 0.143 seconds
[2026-03-18T18:46:35.534+0530] {processor.py:161} INFO - Started process (PID=26728) to work on /home/tejasvi/Desktop/airflow_ssh_simulation/venv/lib/python3.10/site-packages/airflow/example_dags/example_dynamic_task_mapping.py
[2026-03-18T18:46:35.582+0530] {processor.py:830} INFO - Processing file /home/tejasvi/Desktop/airflow_ssh_simulation/venv/lib/python3.10/site-packages/airflow/example_dags/example_dynamic_task_mapping.py for tasks to queue
[2026-03-18T18:46:35.585+0530] {logging_mixin.py:188} INFO - [2026-03-18T18:46:35.585+0530] {dagbag.py:540} INFO - Filling up the DagBag from /home/tejasvi/Desktop/airflow_ssh_simulation/venv/lib/python3.10/site-packages/airflow/example_dags/example_dynamic_task_mapping.py
[2026-03-18T18:46:35.596+0530] {processor.py:840} INFO - DAG(s) 'example_dynamic_task_mapping' retrieved from /home/tejasvi/Desktop/airflow_ssh_simulation/venv/lib/python3.10/site-packages/airflow/example_dags/example_dynamic_task_mapping.py
[2026-03-18T18:46:35.620+0530] {logging_mixin.py:188} INFO - [2026-03-18T18:46:35.619+0530] {dag.py:3047} INFO - Sync 1 DAGs
[2026-03-18T18:46:35.643+0530] {logging_mixin.py:188} INFO - [2026-03-18T18:46:35.642+0530] {dag.py:3834} INFO - Setting next_dagrun for example_dynamic_task_mapping to 2022-03-04 00:00:00+00:00, run_after=2022-03-05 00:00:00+00:00
[2026-03-18T18:46:35.853+0530] {processor.py:183} INFO - Processing /home/tejasvi/Desktop/airflow_ssh_simulation/venv/lib/python3.10/site-packages/airflow/example_dags/example_dynamic_task_mapping.py took 0.324 seconds
[2026-03-18T18:47:49.890+0530] {processor.py:161} INFO - Started process (PID=26909) to work on /home/tejasvi/Desktop/airflow_ssh_simulation/venv/lib/python3.10/site-packages/airflow/example_dags/example_dynamic_task_mapping.py
[2026-03-18T18:47:49.921+0530] {processor.py:830} INFO - Processing file /home/tejasvi/Desktop/airflow_ssh_simulation/venv/lib/python3.10/site-packages/airflow/example_dags/example_dynamic_task_mapping.py for tasks to queue
[2026-03-18T18:47:49.925+0530] {logging_mixin.py:188} INFO - [2026-03-18T18:47:49.924+0530] {dagbag.py:540} INFO - Filling up the DagBag from /home/tejasvi/Desktop/airflow_ssh_simulation/venv/lib/python3.10/site-packages/airflow/example_dags/example_dynamic_task_mapping.py
[2026-03-18T18:47:49.935+0530] {processor.py:840} INFO - DAG(s) 'example_dynamic_task_mapping' retrieved from /home/tejasvi/Desktop/airflow_ssh_simulation/venv/lib/python3.10/site-packages/airflow/example_dags/example_dynamic_task_mapping.py
[2026-03-18T18:47:49.951+0530] {logging_mixin.py:188} INFO - [2026-03-18T18:47:49.950+0530] {dag.py:3047} INFO - Sync 1 DAGs
[2026-03-18T18:47:49.971+0530] {logging_mixin.py:188} INFO - [2026-03-18T18:47:49.970+0530] {dag.py:3834} INFO - Setting next_dagrun for example_dynamic_task_mapping to 2022-03-04 00:00:00+00:00, run_after=2022-03-05 00:00:00+00:00
[2026-03-18T18:47:50.065+0530] {processor.py:183} INFO - Processing /home/tejasvi/Desktop/airflow_ssh_simulation/venv/lib/python3.10/site-packages/airflow/example_dags/example_dynamic_task_mapping.py took 0.182 seconds
[2026-03-18T18:49:18.008+0530] {processor.py:161} INFO - Started process (PID=27130) to work on /home/tejasvi/Desktop/airflow_ssh_simulation/venv/lib/python3.10/site-packages/airflow/example_dags/example_dynamic_task_mapping.py
[2026-03-18T18:49:18.010+0530] {processor.py:830} INFO - Processing file /home/tejasvi/Desktop/airflow_ssh_simulation/venv/lib/python3.10/site-packages/airflow/example_dags/example_dynamic_task_mapping.py for tasks to queue
[2026-03-18T18:49:18.013+0530] {logging_mixin.py:188} INFO - [2026-03-18T18:49:18.013+0530] {dagbag.py:540} INFO - Filling up the DagBag from /home/tejasvi/Desktop/airflow_ssh_simulation/venv/lib/python3.10/site-packages/airflow/example_dags/example_dynamic_task_mapping.py
[2026-03-18T18:49:18.021+0530] {processor.py:840} INFO - DAG(s) 'example_dynamic_task_mapping' retrieved from /home/tejasvi/Desktop/airflow_ssh_simulation/venv/lib/python3.10/site-packages/airflow/example_dags/example_dynamic_task_mapping.py
[2026-03-18T18:49:18.037+0530] {logging_mixin.py:188} INFO - [2026-03-18T18:49:18.036+0530] {dag.py:3047} INFO - Sync 1 DAGs
[2026-03-18T18:49:18.057+0530] {logging_mixin.py:188} INFO - [2026-03-18T18:49:18.056+0530] {dag.py:3834} INFO - Setting next_dagrun for example_dynamic_task_mapping to 2022-03-04 00:00:00+00:00, run_after=2022-03-05 00:00:00+00:00
[2026-03-18T18:49:18.148+0530] {processor.py:183} INFO - Processing /home/tejasvi/Desktop/airflow_ssh_simulation/venv/lib/python3.10/site-packages/airflow/example_dags/example_dynamic_task_mapping.py took 0.147 seconds
[2026-03-18T18:50:14.514+0530] {processor.py:161} INFO - Started process (PID=27283) to work on /home/tejasvi/Desktop/airflow_ssh_simulation/venv/lib/python3.10/site-packages/airflow/example_dags/example_dynamic_task_mapping.py
[2026-03-18T18:50:14.648+0530] {processor.py:830} INFO - Processing file /home/tejasvi/Desktop/airflow_ssh_simulation/venv/lib/python3.10/site-packages/airflow/example_dags/example_dynamic_task_mapping.py for tasks to queue
[2026-03-18T18:50:14.653+0530] {logging_mixin.py:188} INFO - [2026-03-18T18:50:14.652+0530] {dagbag.py:540} INFO - Filling up the DagBag from /home/tejasvi/Desktop/airflow_ssh_simulation/venv/lib/python3.10/site-packages/airflow/example_dags/example_dynamic_task_mapping.py
[2026-03-18T18:50:14.665+0530] {processor.py:840} INFO - DAG(s) 'example_dynamic_task_mapping' retrieved from /home/tejasvi/Desktop/airflow_ssh_simulation/venv/lib/python3.10/site-packages/airflow/example_dags/example_dynamic_task_mapping.py
[2026-03-18T18:50:14.683+0530] {logging_mixin.py:188} INFO - [2026-03-18T18:50:14.683+0530] {dag.py:3047} INFO - Sync 1 DAGs
[2026-03-18T18:50:14.705+0530] {logging_mixin.py:188} INFO - [2026-03-18T18:50:14.705+0530] {dag.py:3834} INFO - Setting next_dagrun for example_dynamic_task_mapping to 2022-03-04 00:00:00+00:00, run_after=2022-03-05 00:00:00+00:00
[2026-03-18T18:50:14.789+0530] {processor.py:183} INFO - Processing /home/tejasvi/Desktop/airflow_ssh_simulation/venv/lib/python3.10/site-packages/airflow/example_dags/example_dynamic_task_mapping.py took 0.282 seconds
