[2026-03-18T17:39:28.108+0530] {processor.py:161} INFO - Started process (PID=5379) to work on /home/tejasvi/Desktop/airflow_ssh_simulation/venv/lib/python3.10/site-packages/airflow/example_dags/example_sensor_decorator.py
[2026-03-18T17:39:28.110+0530] {processor.py:830} INFO - Processing file /home/tejasvi/Desktop/airflow_ssh_simulation/venv/lib/python3.10/site-packages/airflow/example_dags/example_sensor_decorator.py for tasks to queue
[2026-03-18T17:39:28.113+0530] {logging_mixin.py:188} INFO - [2026-03-18T17:39:28.112+0530] {dagbag.py:540} INFO - Filling up the DagBag from /home/tejasvi/Desktop/airflow_ssh_simulation/venv/lib/python3.10/site-packages/airflow/example_dags/example_sensor_decorator.py
[2026-03-18T17:39:28.190+0530] {processor.py:840} INFO - DAG(s) 'example_sensor_decorator' retrieved from /home/tejasvi/Desktop/airflow_ssh_simulation/venv/lib/python3.10/site-packages/airflow/example_dags/example_sensor_decorator.py
[2026-03-18T17:39:28.509+0530] {logging_mixin.py:188} INFO - [2026-03-18T17:39:28.507+0530] {dag.py:3047} INFO - Sync 1 DAGs
[2026-03-18T17:39:28.599+0530] {logging_mixin.py:188} INFO - [2026-03-18T17:39:28.598+0530] {dag.py:3834} INFO - Setting next_dagrun for example_sensor_decorator to None, run_after=None
[2026-03-18T17:39:28.670+0530] {processor.py:183} INFO - Processing /home/tejasvi/Desktop/airflow_ssh_simulation/venv/lib/python3.10/site-packages/airflow/example_dags/example_sensor_decorator.py took 0.568 seconds
[2026-03-18T17:40:36.536+0530] {processor.py:161} INFO - Started process (PID=5470) to work on /home/tejasvi/Desktop/airflow_ssh_simulation/venv/lib/python3.10/site-packages/airflow/example_dags/example_sensor_decorator.py
[2026-03-18T17:40:36.551+0530] {processor.py:830} INFO - Processing file /home/tejasvi/Desktop/airflow_ssh_simulation/venv/lib/python3.10/site-packages/airflow/example_dags/example_sensor_decorator.py for tasks to queue
[2026-03-18T17:40:36.554+0530] {logging_mixin.py:188} INFO - [2026-03-18T17:40:36.554+0530] {dagbag.py:540} INFO - Filling up the DagBag from /home/tejasvi/Desktop/airflow_ssh_simulation/venv/lib/python3.10/site-packages/airflow/example_dags/example_sensor_decorator.py
[2026-03-18T17:40:36.566+0530] {processor.py:840} INFO - DAG(s) 'example_sensor_decorator' retrieved from /home/tejasvi/Desktop/airflow_ssh_simulation/venv/lib/python3.10/site-packages/airflow/example_dags/example_sensor_decorator.py
[2026-03-18T17:40:36.593+0530] {logging_mixin.py:188} INFO - [2026-03-18T17:40:36.592+0530] {dag.py:3047} INFO - Sync 1 DAGs
[2026-03-18T17:40:36.613+0530] {logging_mixin.py:188} INFO - [2026-03-18T17:40:36.612+0530] {dag.py:3834} INFO - Setting next_dagrun for example_sensor_decorator to None, run_after=None
[2026-03-18T17:40:36.681+0530] {processor.py:183} INFO - Processing /home/tejasvi/Desktop/airflow_ssh_simulation/venv/lib/python3.10/site-packages/airflow/example_dags/example_sensor_decorator.py took 0.152 seconds
[2026-03-18T17:41:52.954+0530] {processor.py:161} INFO - Started process (PID=5584) to work on /home/tejasvi/Desktop/airflow_ssh_simulation/venv/lib/python3.10/site-packages/airflow/example_dags/example_sensor_decorator.py
[2026-03-18T17:41:53.109+0530] {processor.py:830} INFO - Processing file /home/tejasvi/Desktop/airflow_ssh_simulation/venv/lib/python3.10/site-packages/airflow/example_dags/example_sensor_decorator.py for tasks to queue
[2026-03-18T17:41:53.116+0530] {logging_mixin.py:188} INFO - [2026-03-18T17:41:53.115+0530] {dagbag.py:540} INFO - Filling up the DagBag from /home/tejasvi/Desktop/airflow_ssh_simulation/venv/lib/python3.10/site-packages/airflow/example_dags/example_sensor_decorator.py
[2026-03-18T17:41:53.134+0530] {processor.py:840} INFO - DAG(s) 'example_sensor_decorator' retrieved from /home/tejasvi/Desktop/airflow_ssh_simulation/venv/lib/python3.10/site-packages/airflow/example_dags/example_sensor_decorator.py
[2026-03-18T17:41:53.166+0530] {logging_mixin.py:188} INFO - [2026-03-18T17:41:53.166+0530] {dag.py:3047} INFO - Sync 1 DAGs
[2026-03-18T17:41:53.186+0530] {logging_mixin.py:188} INFO - [2026-03-18T17:41:53.185+0530] {dag.py:3834} INFO - Setting next_dagrun for example_sensor_decorator to None, run_after=None
[2026-03-18T17:41:53.294+0530] {processor.py:183} INFO - Processing /home/tejasvi/Desktop/airflow_ssh_simulation/venv/lib/python3.10/site-packages/airflow/example_dags/example_sensor_decorator.py took 0.346 seconds
[2026-03-18T17:42:59.347+0530] {processor.py:161} INFO - Started process (PID=5740) to work on /home/tejasvi/Desktop/airflow_ssh_simulation/venv/lib/python3.10/site-packages/airflow/example_dags/example_sensor_decorator.py
[2026-03-18T17:42:59.462+0530] {processor.py:830} INFO - Processing file /home/tejasvi/Desktop/airflow_ssh_simulation/venv/lib/python3.10/site-packages/airflow/example_dags/example_sensor_decorator.py for tasks to queue
[2026-03-18T17:42:59.465+0530] {logging_mixin.py:188} INFO - [2026-03-18T17:42:59.465+0530] {dagbag.py:540} INFO - Filling up the DagBag from /home/tejasvi/Desktop/airflow_ssh_simulation/venv/lib/python3.10/site-packages/airflow/example_dags/example_sensor_decorator.py
[2026-03-18T17:42:59.476+0530] {processor.py:840} INFO - DAG(s) 'example_sensor_decorator' retrieved from /home/tejasvi/Desktop/airflow_ssh_simulation/venv/lib/python3.10/site-packages/airflow/example_dags/example_sensor_decorator.py
[2026-03-18T17:42:59.500+0530] {logging_mixin.py:188} INFO - [2026-03-18T17:42:59.499+0530] {dag.py:3047} INFO - Sync 1 DAGs
[2026-03-18T17:42:59.525+0530] {logging_mixin.py:188} INFO - [2026-03-18T17:42:59.525+0530] {dag.py:3834} INFO - Setting next_dagrun for example_sensor_decorator to None, run_after=None
[2026-03-18T17:42:59.587+0530] {processor.py:183} INFO - Processing /home/tejasvi/Desktop/airflow_ssh_simulation/venv/lib/python3.10/site-packages/airflow/example_dags/example_sensor_decorator.py took 0.247 seconds
[2026-03-18T17:44:10.952+0530] {processor.py:161} INFO - Started process (PID=7436) to work on /home/tejasvi/Desktop/airflow_ssh_simulation/venv/lib/python3.10/site-packages/airflow/example_dags/example_sensor_decorator.py
[2026-03-18T17:44:10.955+0530] {processor.py:830} INFO - Processing file /home/tejasvi/Desktop/airflow_ssh_simulation/venv/lib/python3.10/site-packages/airflow/example_dags/example_sensor_decorator.py for tasks to queue
[2026-03-18T17:44:10.960+0530] {logging_mixin.py:188} INFO - [2026-03-18T17:44:10.959+0530] {dagbag.py:540} INFO - Filling up the DagBag from /home/tejasvi/Desktop/airflow_ssh_simulation/venv/lib/python3.10/site-packages/airflow/example_dags/example_sensor_decorator.py
[2026-03-18T17:44:10.981+0530] {processor.py:840} INFO - DAG(s) 'example_sensor_decorator' retrieved from /home/tejasvi/Desktop/airflow_ssh_simulation/venv/lib/python3.10/site-packages/airflow/example_dags/example_sensor_decorator.py
[2026-03-18T17:44:11.024+0530] {logging_mixin.py:188} INFO - [2026-03-18T17:44:11.023+0530] {dag.py:3047} INFO - Sync 1 DAGs
[2026-03-18T17:44:11.068+0530] {logging_mixin.py:188} INFO - [2026-03-18T17:44:11.067+0530] {dag.py:3834} INFO - Setting next_dagrun for example_sensor_decorator to None, run_after=None
[2026-03-18T17:44:11.143+0530] {processor.py:183} INFO - Processing /home/tejasvi/Desktop/airflow_ssh_simulation/venv/lib/python3.10/site-packages/airflow/example_dags/example_sensor_decorator.py took 0.199 seconds
[2026-03-18T17:45:20.521+0530] {processor.py:161} INFO - Started process (PID=8141) to work on /home/tejasvi/Desktop/airflow_ssh_simulation/venv/lib/python3.10/site-packages/airflow/example_dags/example_sensor_decorator.py
[2026-03-18T17:45:20.609+0530] {processor.py:830} INFO - Processing file /home/tejasvi/Desktop/airflow_ssh_simulation/venv/lib/python3.10/site-packages/airflow/example_dags/example_sensor_decorator.py for tasks to queue
[2026-03-18T17:45:20.613+0530] {logging_mixin.py:188} INFO - [2026-03-18T17:45:20.612+0530] {dagbag.py:540} INFO - Filling up the DagBag from /home/tejasvi/Desktop/airflow_ssh_simulation/venv/lib/python3.10/site-packages/airflow/example_dags/example_sensor_decorator.py
[2026-03-18T17:45:20.624+0530] {processor.py:840} INFO - DAG(s) 'example_sensor_decorator' retrieved from /home/tejasvi/Desktop/airflow_ssh_simulation/venv/lib/python3.10/site-packages/airflow/example_dags/example_sensor_decorator.py
[2026-03-18T17:45:20.647+0530] {logging_mixin.py:188} INFO - [2026-03-18T17:45:20.647+0530] {dag.py:3047} INFO - Sync 1 DAGs
[2026-03-18T17:45:20.668+0530] {logging_mixin.py:188} INFO - [2026-03-18T17:45:20.668+0530] {dag.py:3834} INFO - Setting next_dagrun for example_sensor_decorator to None, run_after=None
[2026-03-18T17:45:20.738+0530] {processor.py:183} INFO - Processing /home/tejasvi/Desktop/airflow_ssh_simulation/venv/lib/python3.10/site-packages/airflow/example_dags/example_sensor_decorator.py took 0.223 seconds
[2026-03-18T17:46:28.971+0530] {processor.py:161} INFO - Started process (PID=9057) to work on /home/tejasvi/Desktop/airflow_ssh_simulation/venv/lib/python3.10/site-packages/airflow/example_dags/example_sensor_decorator.py
[2026-03-18T17:46:28.975+0530] {processor.py:830} INFO - Processing file /home/tejasvi/Desktop/airflow_ssh_simulation/venv/lib/python3.10/site-packages/airflow/example_dags/example_sensor_decorator.py for tasks to queue
[2026-03-18T17:46:28.981+0530] {logging_mixin.py:188} INFO - [2026-03-18T17:46:28.979+0530] {dagbag.py:540} INFO - Filling up the DagBag from /home/tejasvi/Desktop/airflow_ssh_simulation/venv/lib/python3.10/site-packages/airflow/example_dags/example_sensor_decorator.py
[2026-03-18T17:46:29.016+0530] {processor.py:840} INFO - DAG(s) 'example_sensor_decorator' retrieved from /home/tejasvi/Desktop/airflow_ssh_simulation/venv/lib/python3.10/site-packages/airflow/example_dags/example_sensor_decorator.py
[2026-03-18T17:46:29.064+0530] {logging_mixin.py:188} INFO - [2026-03-18T17:46:29.063+0530] {dag.py:3047} INFO - Sync 1 DAGs
[2026-03-18T17:46:29.102+0530] {logging_mixin.py:188} INFO - [2026-03-18T17:46:29.101+0530] {dag.py:3834} INFO - Setting next_dagrun for example_sensor_decorator to None, run_after=None
[2026-03-18T17:46:29.225+0530] {processor.py:183} INFO - Processing /home/tejasvi/Desktop/airflow_ssh_simulation/venv/lib/python3.10/site-packages/airflow/example_dags/example_sensor_decorator.py took 0.263 seconds
[2026-03-18T17:47:47.459+0530] {processor.py:161} INFO - Started process (PID=9656) to work on /home/tejasvi/Desktop/airflow_ssh_simulation/venv/lib/python3.10/site-packages/airflow/example_dags/example_sensor_decorator.py
[2026-03-18T17:47:47.460+0530] {processor.py:830} INFO - Processing file /home/tejasvi/Desktop/airflow_ssh_simulation/venv/lib/python3.10/site-packages/airflow/example_dags/example_sensor_decorator.py for tasks to queue
[2026-03-18T17:47:47.463+0530] {logging_mixin.py:188} INFO - [2026-03-18T17:47:47.462+0530] {dagbag.py:540} INFO - Filling up the DagBag from /home/tejasvi/Desktop/airflow_ssh_simulation/venv/lib/python3.10/site-packages/airflow/example_dags/example_sensor_decorator.py
[2026-03-18T17:47:47.471+0530] {processor.py:840} INFO - DAG(s) 'example_sensor_decorator' retrieved from /home/tejasvi/Desktop/airflow_ssh_simulation/venv/lib/python3.10/site-packages/airflow/example_dags/example_sensor_decorator.py
[2026-03-18T17:47:47.486+0530] {logging_mixin.py:188} INFO - [2026-03-18T17:47:47.486+0530] {dag.py:3047} INFO - Sync 1 DAGs
[2026-03-18T17:47:47.498+0530] {logging_mixin.py:188} INFO - [2026-03-18T17:47:47.498+0530] {dag.py:3834} INFO - Setting next_dagrun for example_sensor_decorator to None, run_after=None
[2026-03-18T17:47:47.604+0530] {processor.py:183} INFO - Processing /home/tejasvi/Desktop/airflow_ssh_simulation/venv/lib/python3.10/site-packages/airflow/example_dags/example_sensor_decorator.py took 0.149 seconds
[2026-03-18T17:48:49.471+0530] {processor.py:161} INFO - Started process (PID=10156) to work on /home/tejasvi/Desktop/airflow_ssh_simulation/venv/lib/python3.10/site-packages/airflow/example_dags/example_sensor_decorator.py
[2026-03-18T17:48:49.473+0530] {processor.py:830} INFO - Processing file /home/tejasvi/Desktop/airflow_ssh_simulation/venv/lib/python3.10/site-packages/airflow/example_dags/example_sensor_decorator.py for tasks to queue
[2026-03-18T17:48:49.476+0530] {logging_mixin.py:188} INFO - [2026-03-18T17:48:49.476+0530] {dagbag.py:540} INFO - Filling up the DagBag from /home/tejasvi/Desktop/airflow_ssh_simulation/venv/lib/python3.10/site-packages/airflow/example_dags/example_sensor_decorator.py
[2026-03-18T17:48:49.484+0530] {processor.py:840} INFO - DAG(s) 'example_sensor_decorator' retrieved from /home/tejasvi/Desktop/airflow_ssh_simulation/venv/lib/python3.10/site-packages/airflow/example_dags/example_sensor_decorator.py
[2026-03-18T17:48:49.504+0530] {logging_mixin.py:188} INFO - [2026-03-18T17:48:49.504+0530] {dag.py:3047} INFO - Sync 1 DAGs
[2026-03-18T17:48:49.517+0530] {logging_mixin.py:188} INFO - [2026-03-18T17:48:49.517+0530] {dag.py:3834} INFO - Setting next_dagrun for example_sensor_decorator to None, run_after=None
[2026-03-18T17:48:49.628+0530] {processor.py:183} INFO - Processing /home/tejasvi/Desktop/airflow_ssh_simulation/venv/lib/python3.10/site-packages/airflow/example_dags/example_sensor_decorator.py took 0.164 seconds
[2026-03-18T17:49:52.156+0530] {processor.py:161} INFO - Started process (PID=10640) to work on /home/tejasvi/Desktop/airflow_ssh_simulation/venv/lib/python3.10/site-packages/airflow/example_dags/example_sensor_decorator.py
[2026-03-18T17:49:52.247+0530] {processor.py:830} INFO - Processing file /home/tejasvi/Desktop/airflow_ssh_simulation/venv/lib/python3.10/site-packages/airflow/example_dags/example_sensor_decorator.py for tasks to queue
[2026-03-18T17:49:52.251+0530] {logging_mixin.py:188} INFO - [2026-03-18T17:49:52.250+0530] {dagbag.py:540} INFO - Filling up the DagBag from /home/tejasvi/Desktop/airflow_ssh_simulation/venv/lib/python3.10/site-packages/airflow/example_dags/example_sensor_decorator.py
[2026-03-18T17:49:52.260+0530] {processor.py:840} INFO - DAG(s) 'example_sensor_decorator' retrieved from /home/tejasvi/Desktop/airflow_ssh_simulation/venv/lib/python3.10/site-packages/airflow/example_dags/example_sensor_decorator.py
[2026-03-18T17:49:52.275+0530] {logging_mixin.py:188} INFO - [2026-03-18T17:49:52.274+0530] {dag.py:3047} INFO - Sync 1 DAGs
[2026-03-18T17:49:52.286+0530] {logging_mixin.py:188} INFO - [2026-03-18T17:49:52.286+0530] {dag.py:3834} INFO - Setting next_dagrun for example_sensor_decorator to None, run_after=None
[2026-03-18T17:49:52.399+0530] {processor.py:183} INFO - Processing /home/tejasvi/Desktop/airflow_ssh_simulation/venv/lib/python3.10/site-packages/airflow/example_dags/example_sensor_decorator.py took 0.250 seconds
[2026-03-18T17:50:59.148+0530] {processor.py:161} INFO - Started process (PID=11193) to work on /home/tejasvi/Desktop/airflow_ssh_simulation/venv/lib/python3.10/site-packages/airflow/example_dags/example_sensor_decorator.py
[2026-03-18T17:50:59.172+0530] {processor.py:830} INFO - Processing file /home/tejasvi/Desktop/airflow_ssh_simulation/venv/lib/python3.10/site-packages/airflow/example_dags/example_sensor_decorator.py for tasks to queue
[2026-03-18T17:50:59.175+0530] {logging_mixin.py:188} INFO - [2026-03-18T17:50:59.175+0530] {dagbag.py:540} INFO - Filling up the DagBag from /home/tejasvi/Desktop/airflow_ssh_simulation/venv/lib/python3.10/site-packages/airflow/example_dags/example_sensor_decorator.py
[2026-03-18T17:50:59.184+0530] {processor.py:840} INFO - DAG(s) 'example_sensor_decorator' retrieved from /home/tejasvi/Desktop/airflow_ssh_simulation/venv/lib/python3.10/site-packages/airflow/example_dags/example_sensor_decorator.py
[2026-03-18T17:50:59.199+0530] {logging_mixin.py:188} INFO - [2026-03-18T17:50:59.199+0530] {dag.py:3047} INFO - Sync 1 DAGs
[2026-03-18T17:50:59.212+0530] {logging_mixin.py:188} INFO - [2026-03-18T17:50:59.211+0530] {dag.py:3834} INFO - Setting next_dagrun for example_sensor_decorator to None, run_after=None
[2026-03-18T17:50:59.327+0530] {processor.py:183} INFO - Processing /home/tejasvi/Desktop/airflow_ssh_simulation/venv/lib/python3.10/site-packages/airflow/example_dags/example_sensor_decorator.py took 0.186 seconds
[2026-03-18T17:52:04.048+0530] {processor.py:161} INFO - Started process (PID=11744) to work on /home/tejasvi/Desktop/airflow_ssh_simulation/venv/lib/python3.10/site-packages/airflow/example_dags/example_sensor_decorator.py
[2026-03-18T17:52:04.097+0530] {processor.py:830} INFO - Processing file /home/tejasvi/Desktop/airflow_ssh_simulation/venv/lib/python3.10/site-packages/airflow/example_dags/example_sensor_decorator.py for tasks to queue
[2026-03-18T17:52:04.100+0530] {logging_mixin.py:188} INFO - [2026-03-18T17:52:04.100+0530] {dagbag.py:540} INFO - Filling up the DagBag from /home/tejasvi/Desktop/airflow_ssh_simulation/venv/lib/python3.10/site-packages/airflow/example_dags/example_sensor_decorator.py
[2026-03-18T17:52:04.109+0530] {processor.py:840} INFO - DAG(s) 'example_sensor_decorator' retrieved from /home/tejasvi/Desktop/airflow_ssh_simulation/venv/lib/python3.10/site-packages/airflow/example_dags/example_sensor_decorator.py
[2026-03-18T17:52:04.124+0530] {logging_mixin.py:188} INFO - [2026-03-18T17:52:04.124+0530] {dag.py:3047} INFO - Sync 1 DAGs
[2026-03-18T17:52:04.136+0530] {logging_mixin.py:188} INFO - [2026-03-18T17:52:04.136+0530] {dag.py:3834} INFO - Setting next_dagrun for example_sensor_decorator to None, run_after=None
[2026-03-18T17:52:04.243+0530] {processor.py:183} INFO - Processing /home/tejasvi/Desktop/airflow_ssh_simulation/venv/lib/python3.10/site-packages/airflow/example_dags/example_sensor_decorator.py took 0.202 seconds
[2026-03-18T17:53:19.205+0530] {processor.py:161} INFO - Started process (PID=12579) to work on /home/tejasvi/Desktop/airflow_ssh_simulation/venv/lib/python3.10/site-packages/airflow/example_dags/example_sensor_decorator.py
[2026-03-18T17:53:19.283+0530] {processor.py:830} INFO - Processing file /home/tejasvi/Desktop/airflow_ssh_simulation/venv/lib/python3.10/site-packages/airflow/example_dags/example_sensor_decorator.py for tasks to queue
[2026-03-18T17:53:19.288+0530] {logging_mixin.py:188} INFO - [2026-03-18T17:53:19.287+0530] {dagbag.py:540} INFO - Filling up the DagBag from /home/tejasvi/Desktop/airflow_ssh_simulation/venv/lib/python3.10/site-packages/airflow/example_dags/example_sensor_decorator.py
[2026-03-18T17:53:19.299+0530] {processor.py:840} INFO - DAG(s) 'example_sensor_decorator' retrieved from /home/tejasvi/Desktop/airflow_ssh_simulation/venv/lib/python3.10/site-packages/airflow/example_dags/example_sensor_decorator.py
[2026-03-18T17:53:19.316+0530] {logging_mixin.py:188} INFO - [2026-03-18T17:53:19.316+0530] {dag.py:3047} INFO - Sync 1 DAGs
[2026-03-18T17:53:19.329+0530] {logging_mixin.py:188} INFO - [2026-03-18T17:53:19.329+0530] {dag.py:3834} INFO - Setting next_dagrun for example_sensor_decorator to None, run_after=None
[2026-03-18T17:53:19.423+0530] {processor.py:183} INFO - Processing /home/tejasvi/Desktop/airflow_ssh_simulation/venv/lib/python3.10/site-packages/airflow/example_dags/example_sensor_decorator.py took 0.225 seconds
[2026-03-18T17:54:25.602+0530] {processor.py:161} INFO - Started process (PID=13182) to work on /home/tejasvi/Desktop/airflow_ssh_simulation/venv/lib/python3.10/site-packages/airflow/example_dags/example_sensor_decorator.py
[2026-03-18T17:54:25.655+0530] {processor.py:830} INFO - Processing file /home/tejasvi/Desktop/airflow_ssh_simulation/venv/lib/python3.10/site-packages/airflow/example_dags/example_sensor_decorator.py for tasks to queue
[2026-03-18T17:54:25.659+0530] {logging_mixin.py:188} INFO - [2026-03-18T17:54:25.659+0530] {dagbag.py:540} INFO - Filling up the DagBag from /home/tejasvi/Desktop/airflow_ssh_simulation/venv/lib/python3.10/site-packages/airflow/example_dags/example_sensor_decorator.py
[2026-03-18T17:54:25.668+0530] {processor.py:840} INFO - DAG(s) 'example_sensor_decorator' retrieved from /home/tejasvi/Desktop/airflow_ssh_simulation/venv/lib/python3.10/site-packages/airflow/example_dags/example_sensor_decorator.py
[2026-03-18T17:54:25.685+0530] {logging_mixin.py:188} INFO - [2026-03-18T17:54:25.685+0530] {dag.py:3047} INFO - Sync 1 DAGs
[2026-03-18T17:54:25.698+0530] {logging_mixin.py:188} INFO - [2026-03-18T17:54:25.697+0530] {dag.py:3834} INFO - Setting next_dagrun for example_sensor_decorator to None, run_after=None
[2026-03-18T17:54:25.795+0530] {processor.py:183} INFO - Processing /home/tejasvi/Desktop/airflow_ssh_simulation/venv/lib/python3.10/site-packages/airflow/example_dags/example_sensor_decorator.py took 0.201 seconds
[2026-03-18T17:55:27.492+0530] {processor.py:161} INFO - Started process (PID=13658) to work on /home/tejasvi/Desktop/airflow_ssh_simulation/venv/lib/python3.10/site-packages/airflow/example_dags/example_sensor_decorator.py
[2026-03-18T17:55:27.560+0530] {processor.py:830} INFO - Processing file /home/tejasvi/Desktop/airflow_ssh_simulation/venv/lib/python3.10/site-packages/airflow/example_dags/example_sensor_decorator.py for tasks to queue
[2026-03-18T17:55:27.562+0530] {logging_mixin.py:188} INFO - [2026-03-18T17:55:27.562+0530] {dagbag.py:540} INFO - Filling up the DagBag from /home/tejasvi/Desktop/airflow_ssh_simulation/venv/lib/python3.10/site-packages/airflow/example_dags/example_sensor_decorator.py
[2026-03-18T17:55:27.572+0530] {processor.py:840} INFO - DAG(s) 'example_sensor_decorator' retrieved from /home/tejasvi/Desktop/airflow_ssh_simulation/venv/lib/python3.10/site-packages/airflow/example_dags/example_sensor_decorator.py
[2026-03-18T17:55:27.588+0530] {logging_mixin.py:188} INFO - [2026-03-18T17:55:27.587+0530] {dag.py:3047} INFO - Sync 1 DAGs
[2026-03-18T17:55:27.600+0530] {logging_mixin.py:188} INFO - [2026-03-18T17:55:27.599+0530] {dag.py:3834} INFO - Setting next_dagrun for example_sensor_decorator to None, run_after=None
[2026-03-18T17:55:27.713+0530] {processor.py:183} INFO - Processing /home/tejasvi/Desktop/airflow_ssh_simulation/venv/lib/python3.10/site-packages/airflow/example_dags/example_sensor_decorator.py took 0.228 seconds
[2026-03-18T17:56:36.804+0530] {processor.py:161} INFO - Started process (PID=14239) to work on /home/tejasvi/Desktop/airflow_ssh_simulation/venv/lib/python3.10/site-packages/airflow/example_dags/example_sensor_decorator.py
[2026-03-18T17:56:36.856+0530] {processor.py:830} INFO - Processing file /home/tejasvi/Desktop/airflow_ssh_simulation/venv/lib/python3.10/site-packages/airflow/example_dags/example_sensor_decorator.py for tasks to queue
[2026-03-18T17:56:36.861+0530] {logging_mixin.py:188} INFO - [2026-03-18T17:56:36.860+0530] {dagbag.py:540} INFO - Filling up the DagBag from /home/tejasvi/Desktop/airflow_ssh_simulation/venv/lib/python3.10/site-packages/airflow/example_dags/example_sensor_decorator.py
[2026-03-18T17:56:36.877+0530] {processor.py:840} INFO - DAG(s) 'example_sensor_decorator' retrieved from /home/tejasvi/Desktop/airflow_ssh_simulation/venv/lib/python3.10/site-packages/airflow/example_dags/example_sensor_decorator.py
[2026-03-18T17:56:36.902+0530] {logging_mixin.py:188} INFO - [2026-03-18T17:56:36.902+0530] {dag.py:3047} INFO - Sync 1 DAGs
[2026-03-18T17:56:36.914+0530] {logging_mixin.py:188} INFO - [2026-03-18T17:56:36.914+0530] {dag.py:3834} INFO - Setting next_dagrun for example_sensor_decorator to None, run_after=None
[2026-03-18T17:56:36.992+0530] {processor.py:183} INFO - Processing /home/tejasvi/Desktop/airflow_ssh_simulation/venv/lib/python3.10/site-packages/airflow/example_dags/example_sensor_decorator.py took 0.192 seconds
[2026-03-18T17:57:48.349+0530] {processor.py:161} INFO - Started process (PID=14773) to work on /home/tejasvi/Desktop/airflow_ssh_simulation/venv/lib/python3.10/site-packages/airflow/example_dags/example_sensor_decorator.py
[2026-03-18T17:57:48.374+0530] {processor.py:830} INFO - Processing file /home/tejasvi/Desktop/airflow_ssh_simulation/venv/lib/python3.10/site-packages/airflow/example_dags/example_sensor_decorator.py for tasks to queue
[2026-03-18T17:57:48.378+0530] {logging_mixin.py:188} INFO - [2026-03-18T17:57:48.377+0530] {dagbag.py:540} INFO - Filling up the DagBag from /home/tejasvi/Desktop/airflow_ssh_simulation/venv/lib/python3.10/site-packages/airflow/example_dags/example_sensor_decorator.py
[2026-03-18T17:57:48.389+0530] {processor.py:840} INFO - DAG(s) 'example_sensor_decorator' retrieved from /home/tejasvi/Desktop/airflow_ssh_simulation/venv/lib/python3.10/site-packages/airflow/example_dags/example_sensor_decorator.py
[2026-03-18T17:57:48.407+0530] {logging_mixin.py:188} INFO - [2026-03-18T17:57:48.407+0530] {dag.py:3047} INFO - Sync 1 DAGs
[2026-03-18T17:57:48.421+0530] {logging_mixin.py:188} INFO - [2026-03-18T17:57:48.421+0530] {dag.py:3834} INFO - Setting next_dagrun for example_sensor_decorator to None, run_after=None
[2026-03-18T17:57:48.532+0530] {processor.py:183} INFO - Processing /home/tejasvi/Desktop/airflow_ssh_simulation/venv/lib/python3.10/site-packages/airflow/example_dags/example_sensor_decorator.py took 0.192 seconds
[2026-03-18T17:58:50.826+0530] {processor.py:161} INFO - Started process (PID=15223) to work on /home/tejasvi/Desktop/airflow_ssh_simulation/venv/lib/python3.10/site-packages/airflow/example_dags/example_sensor_decorator.py
[2026-03-18T17:58:50.829+0530] {processor.py:830} INFO - Processing file /home/tejasvi/Desktop/airflow_ssh_simulation/venv/lib/python3.10/site-packages/airflow/example_dags/example_sensor_decorator.py for tasks to queue
[2026-03-18T17:58:50.833+0530] {logging_mixin.py:188} INFO - [2026-03-18T17:58:50.832+0530] {dagbag.py:540} INFO - Filling up the DagBag from /home/tejasvi/Desktop/airflow_ssh_simulation/venv/lib/python3.10/site-packages/airflow/example_dags/example_sensor_decorator.py
[2026-03-18T17:58:50.840+0530] {processor.py:840} INFO - DAG(s) 'example_sensor_decorator' retrieved from /home/tejasvi/Desktop/airflow_ssh_simulation/venv/lib/python3.10/site-packages/airflow/example_dags/example_sensor_decorator.py
[2026-03-18T17:58:50.856+0530] {logging_mixin.py:188} INFO - [2026-03-18T17:58:50.856+0530] {dag.py:3047} INFO - Sync 1 DAGs
[2026-03-18T17:58:50.870+0530] {logging_mixin.py:188} INFO - [2026-03-18T17:58:50.870+0530] {dag.py:3834} INFO - Setting next_dagrun for example_sensor_decorator to None, run_after=None
[2026-03-18T17:58:50.971+0530] {processor.py:183} INFO - Processing /home/tejasvi/Desktop/airflow_ssh_simulation/venv/lib/python3.10/site-packages/airflow/example_dags/example_sensor_decorator.py took 0.152 seconds
[2026-03-18T17:59:51.947+0530] {processor.py:161} INFO - Started process (PID=15404) to work on /home/tejasvi/Desktop/airflow_ssh_simulation/venv/lib/python3.10/site-packages/airflow/example_dags/example_sensor_decorator.py
[2026-03-18T17:59:51.971+0530] {processor.py:830} INFO - Processing file /home/tejasvi/Desktop/airflow_ssh_simulation/venv/lib/python3.10/site-packages/airflow/example_dags/example_sensor_decorator.py for tasks to queue
[2026-03-18T17:59:51.977+0530] {logging_mixin.py:188} INFO - [2026-03-18T17:59:51.975+0530] {dagbag.py:540} INFO - Filling up the DagBag from /home/tejasvi/Desktop/airflow_ssh_simulation/venv/lib/python3.10/site-packages/airflow/example_dags/example_sensor_decorator.py
[2026-03-18T17:59:51.987+0530] {processor.py:840} INFO - DAG(s) 'example_sensor_decorator' retrieved from /home/tejasvi/Desktop/airflow_ssh_simulation/venv/lib/python3.10/site-packages/airflow/example_dags/example_sensor_decorator.py
[2026-03-18T17:59:52.005+0530] {logging_mixin.py:188} INFO - [2026-03-18T17:59:52.004+0530] {dag.py:3047} INFO - Sync 1 DAGs
[2026-03-18T17:59:52.017+0530] {logging_mixin.py:188} INFO - [2026-03-18T17:59:52.017+0530] {dag.py:3834} INFO - Setting next_dagrun for example_sensor_decorator to None, run_after=None
[2026-03-18T17:59:52.103+0530] {processor.py:183} INFO - Processing /home/tejasvi/Desktop/airflow_ssh_simulation/venv/lib/python3.10/site-packages/airflow/example_dags/example_sensor_decorator.py took 0.162 seconds
[2026-03-18T18:00:55.252+0530] {processor.py:161} INFO - Started process (PID=15578) to work on /home/tejasvi/Desktop/airflow_ssh_simulation/venv/lib/python3.10/site-packages/airflow/example_dags/example_sensor_decorator.py
[2026-03-18T18:00:55.253+0530] {processor.py:830} INFO - Processing file /home/tejasvi/Desktop/airflow_ssh_simulation/venv/lib/python3.10/site-packages/airflow/example_dags/example_sensor_decorator.py for tasks to queue
[2026-03-18T18:00:55.256+0530] {logging_mixin.py:188} INFO - [2026-03-18T18:00:55.255+0530] {dagbag.py:540} INFO - Filling up the DagBag from /home/tejasvi/Desktop/airflow_ssh_simulation/venv/lib/python3.10/site-packages/airflow/example_dags/example_sensor_decorator.py
[2026-03-18T18:00:55.267+0530] {processor.py:840} INFO - DAG(s) 'example_sensor_decorator' retrieved from /home/tejasvi/Desktop/airflow_ssh_simulation/venv/lib/python3.10/site-packages/airflow/example_dags/example_sensor_decorator.py
[2026-03-18T18:00:55.286+0530] {logging_mixin.py:188} INFO - [2026-03-18T18:00:55.286+0530] {dag.py:3047} INFO - Sync 1 DAGs
[2026-03-18T18:00:55.300+0530] {logging_mixin.py:188} INFO - [2026-03-18T18:00:55.300+0530] {dag.py:3834} INFO - Setting next_dagrun for example_sensor_decorator to None, run_after=None
[2026-03-18T18:00:55.352+0530] {processor.py:183} INFO - Processing /home/tejasvi/Desktop/airflow_ssh_simulation/venv/lib/python3.10/site-packages/airflow/example_dags/example_sensor_decorator.py took 0.108 seconds
[2026-03-18T18:02:01.978+0530] {processor.py:161} INFO - Started process (PID=17733) to work on /home/tejasvi/Desktop/airflow_ssh_simulation/venv/lib/python3.10/site-packages/airflow/example_dags/example_sensor_decorator.py
[2026-03-18T18:02:01.980+0530] {processor.py:830} INFO - Processing file /home/tejasvi/Desktop/airflow_ssh_simulation/venv/lib/python3.10/site-packages/airflow/example_dags/example_sensor_decorator.py for tasks to queue
[2026-03-18T18:02:01.983+0530] {logging_mixin.py:188} INFO - [2026-03-18T18:02:01.983+0530] {dagbag.py:540} INFO - Filling up the DagBag from /home/tejasvi/Desktop/airflow_ssh_simulation/venv/lib/python3.10/site-packages/airflow/example_dags/example_sensor_decorator.py
[2026-03-18T18:02:01.995+0530] {processor.py:840} INFO - DAG(s) 'example_sensor_decorator' retrieved from /home/tejasvi/Desktop/airflow_ssh_simulation/venv/lib/python3.10/site-packages/airflow/example_dags/example_sensor_decorator.py
[2026-03-18T18:02:02.019+0530] {logging_mixin.py:188} INFO - [2026-03-18T18:02:02.019+0530] {dag.py:3047} INFO - Sync 1 DAGs
[2026-03-18T18:02:02.036+0530] {logging_mixin.py:188} INFO - [2026-03-18T18:02:02.035+0530] {dag.py:3834} INFO - Setting next_dagrun for example_sensor_decorator to None, run_after=None
[2026-03-18T18:02:02.097+0530] {processor.py:183} INFO - Processing /home/tejasvi/Desktop/airflow_ssh_simulation/venv/lib/python3.10/site-packages/airflow/example_dags/example_sensor_decorator.py took 0.124 seconds
[2026-03-18T18:03:15.472+0530] {processor.py:161} INFO - Started process (PID=18091) to work on /home/tejasvi/Desktop/airflow_ssh_simulation/venv/lib/python3.10/site-packages/airflow/example_dags/example_sensor_decorator.py
[2026-03-18T18:03:15.547+0530] {processor.py:830} INFO - Processing file /home/tejasvi/Desktop/airflow_ssh_simulation/venv/lib/python3.10/site-packages/airflow/example_dags/example_sensor_decorator.py for tasks to queue
[2026-03-18T18:03:15.553+0530] {logging_mixin.py:188} INFO - [2026-03-18T18:03:15.552+0530] {dagbag.py:540} INFO - Filling up the DagBag from /home/tejasvi/Desktop/airflow_ssh_simulation/venv/lib/python3.10/site-packages/airflow/example_dags/example_sensor_decorator.py
[2026-03-18T18:03:15.566+0530] {processor.py:840} INFO - DAG(s) 'example_sensor_decorator' retrieved from /home/tejasvi/Desktop/airflow_ssh_simulation/venv/lib/python3.10/site-packages/airflow/example_dags/example_sensor_decorator.py
[2026-03-18T18:03:15.597+0530] {logging_mixin.py:188} INFO - [2026-03-18T18:03:15.597+0530] {dag.py:3047} INFO - Sync 1 DAGs
[2026-03-18T18:03:15.613+0530] {logging_mixin.py:188} INFO - [2026-03-18T18:03:15.613+0530] {dag.py:3834} INFO - Setting next_dagrun for example_sensor_decorator to None, run_after=None
[2026-03-18T18:03:15.757+0530] {processor.py:183} INFO - Processing /home/tejasvi/Desktop/airflow_ssh_simulation/venv/lib/python3.10/site-packages/airflow/example_dags/example_sensor_decorator.py took 0.289 seconds
[2026-03-18T18:04:22.110+0530] {processor.py:161} INFO - Started process (PID=18585) to work on /home/tejasvi/Desktop/airflow_ssh_simulation/venv/lib/python3.10/site-packages/airflow/example_dags/example_sensor_decorator.py
[2026-03-18T18:04:22.140+0530] {processor.py:830} INFO - Processing file /home/tejasvi/Desktop/airflow_ssh_simulation/venv/lib/python3.10/site-packages/airflow/example_dags/example_sensor_decorator.py for tasks to queue
[2026-03-18T18:04:22.143+0530] {logging_mixin.py:188} INFO - [2026-03-18T18:04:22.142+0530] {dagbag.py:540} INFO - Filling up the DagBag from /home/tejasvi/Desktop/airflow_ssh_simulation/venv/lib/python3.10/site-packages/airflow/example_dags/example_sensor_decorator.py
[2026-03-18T18:04:22.152+0530] {processor.py:840} INFO - DAG(s) 'example_sensor_decorator' retrieved from /home/tejasvi/Desktop/airflow_ssh_simulation/venv/lib/python3.10/site-packages/airflow/example_dags/example_sensor_decorator.py
[2026-03-18T18:04:22.169+0530] {logging_mixin.py:188} INFO - [2026-03-18T18:04:22.168+0530] {dag.py:3047} INFO - Sync 1 DAGs
[2026-03-18T18:04:22.181+0530] {logging_mixin.py:188} INFO - [2026-03-18T18:04:22.181+0530] {dag.py:3834} INFO - Setting next_dagrun for example_sensor_decorator to None, run_after=None
[2026-03-18T18:04:22.443+0530] {processor.py:183} INFO - Processing /home/tejasvi/Desktop/airflow_ssh_simulation/venv/lib/python3.10/site-packages/airflow/example_dags/example_sensor_decorator.py took 0.338 seconds
[2026-03-18T18:05:29.934+0530] {processor.py:161} INFO - Started process (PID=18770) to work on /home/tejasvi/Desktop/airflow_ssh_simulation/venv/lib/python3.10/site-packages/airflow/example_dags/example_sensor_decorator.py
[2026-03-18T18:05:29.939+0530] {processor.py:830} INFO - Processing file /home/tejasvi/Desktop/airflow_ssh_simulation/venv/lib/python3.10/site-packages/airflow/example_dags/example_sensor_decorator.py for tasks to queue
[2026-03-18T18:05:29.942+0530] {logging_mixin.py:188} INFO - [2026-03-18T18:05:29.942+0530] {dagbag.py:540} INFO - Filling up the DagBag from /home/tejasvi/Desktop/airflow_ssh_simulation/venv/lib/python3.10/site-packages/airflow/example_dags/example_sensor_decorator.py
[2026-03-18T18:05:29.951+0530] {processor.py:840} INFO - DAG(s) 'example_sensor_decorator' retrieved from /home/tejasvi/Desktop/airflow_ssh_simulation/venv/lib/python3.10/site-packages/airflow/example_dags/example_sensor_decorator.py
[2026-03-18T18:05:29.971+0530] {logging_mixin.py:188} INFO - [2026-03-18T18:05:29.970+0530] {dag.py:3047} INFO - Sync 1 DAGs
[2026-03-18T18:05:29.985+0530] {logging_mixin.py:188} INFO - [2026-03-18T18:05:29.985+0530] {dag.py:3834} INFO - Setting next_dagrun for example_sensor_decorator to None, run_after=None
[2026-03-18T18:05:30.035+0530] {processor.py:183} INFO - Processing /home/tejasvi/Desktop/airflow_ssh_simulation/venv/lib/python3.10/site-packages/airflow/example_dags/example_sensor_decorator.py took 0.106 seconds
[2026-03-18T18:06:31.114+0530] {processor.py:161} INFO - Started process (PID=18961) to work on /home/tejasvi/Desktop/airflow_ssh_simulation/venv/lib/python3.10/site-packages/airflow/example_dags/example_sensor_decorator.py
[2026-03-18T18:06:31.135+0530] {processor.py:830} INFO - Processing file /home/tejasvi/Desktop/airflow_ssh_simulation/venv/lib/python3.10/site-packages/airflow/example_dags/example_sensor_decorator.py for tasks to queue
[2026-03-18T18:06:31.140+0530] {logging_mixin.py:188} INFO - [2026-03-18T18:06:31.138+0530] {dagbag.py:540} INFO - Filling up the DagBag from /home/tejasvi/Desktop/airflow_ssh_simulation/venv/lib/python3.10/site-packages/airflow/example_dags/example_sensor_decorator.py
[2026-03-18T18:06:31.153+0530] {processor.py:840} INFO - DAG(s) 'example_sensor_decorator' retrieved from /home/tejasvi/Desktop/airflow_ssh_simulation/venv/lib/python3.10/site-packages/airflow/example_dags/example_sensor_decorator.py
[2026-03-18T18:06:31.174+0530] {logging_mixin.py:188} INFO - [2026-03-18T18:06:31.174+0530] {dag.py:3047} INFO - Sync 1 DAGs
[2026-03-18T18:06:31.189+0530] {logging_mixin.py:188} INFO - [2026-03-18T18:06:31.188+0530] {dag.py:3834} INFO - Setting next_dagrun for example_sensor_decorator to None, run_after=None
[2026-03-18T18:06:31.263+0530] {processor.py:183} INFO - Processing /home/tejasvi/Desktop/airflow_ssh_simulation/venv/lib/python3.10/site-packages/airflow/example_dags/example_sensor_decorator.py took 0.155 seconds
[2026-03-18T18:07:30.605+0530] {processor.py:161} INFO - Started process (PID=19116) to work on /home/tejasvi/Desktop/airflow_ssh_simulation/venv/lib/python3.10/site-packages/airflow/example_dags/example_sensor_decorator.py
[2026-03-18T18:07:30.629+0530] {processor.py:830} INFO - Processing file /home/tejasvi/Desktop/airflow_ssh_simulation/venv/lib/python3.10/site-packages/airflow/example_dags/example_sensor_decorator.py for tasks to queue
[2026-03-18T18:07:30.633+0530] {logging_mixin.py:188} INFO - [2026-03-18T18:07:30.633+0530] {dagbag.py:540} INFO - Filling up the DagBag from /home/tejasvi/Desktop/airflow_ssh_simulation/venv/lib/python3.10/site-packages/airflow/example_dags/example_sensor_decorator.py
[2026-03-18T18:07:30.643+0530] {processor.py:840} INFO - DAG(s) 'example_sensor_decorator' retrieved from /home/tejasvi/Desktop/airflow_ssh_simulation/venv/lib/python3.10/site-packages/airflow/example_dags/example_sensor_decorator.py
[2026-03-18T18:07:30.660+0530] {logging_mixin.py:188} INFO - [2026-03-18T18:07:30.659+0530] {dag.py:3047} INFO - Sync 1 DAGs
[2026-03-18T18:07:30.674+0530] {logging_mixin.py:188} INFO - [2026-03-18T18:07:30.674+0530] {dag.py:3834} INFO - Setting next_dagrun for example_sensor_decorator to None, run_after=None
[2026-03-18T18:07:30.761+0530] {processor.py:183} INFO - Processing /home/tejasvi/Desktop/airflow_ssh_simulation/venv/lib/python3.10/site-packages/airflow/example_dags/example_sensor_decorator.py took 0.165 seconds
[2026-03-18T18:08:35.794+0530] {processor.py:161} INFO - Started process (PID=19289) to work on /home/tejasvi/Desktop/airflow_ssh_simulation/venv/lib/python3.10/site-packages/airflow/example_dags/example_sensor_decorator.py
[2026-03-18T18:08:35.801+0530] {processor.py:830} INFO - Processing file /home/tejasvi/Desktop/airflow_ssh_simulation/venv/lib/python3.10/site-packages/airflow/example_dags/example_sensor_decorator.py for tasks to queue
[2026-03-18T18:08:35.804+0530] {logging_mixin.py:188} INFO - [2026-03-18T18:08:35.803+0530] {dagbag.py:540} INFO - Filling up the DagBag from /home/tejasvi/Desktop/airflow_ssh_simulation/venv/lib/python3.10/site-packages/airflow/example_dags/example_sensor_decorator.py
[2026-03-18T18:08:35.813+0530] {processor.py:840} INFO - DAG(s) 'example_sensor_decorator' retrieved from /home/tejasvi/Desktop/airflow_ssh_simulation/venv/lib/python3.10/site-packages/airflow/example_dags/example_sensor_decorator.py
[2026-03-18T18:08:35.831+0530] {logging_mixin.py:188} INFO - [2026-03-18T18:08:35.831+0530] {dag.py:3047} INFO - Sync 1 DAGs
[2026-03-18T18:08:35.845+0530] {logging_mixin.py:188} INFO - [2026-03-18T18:08:35.845+0530] {dag.py:3834} INFO - Setting next_dagrun for example_sensor_decorator to None, run_after=None
[2026-03-18T18:08:35.918+0530] {processor.py:183} INFO - Processing /home/tejasvi/Desktop/airflow_ssh_simulation/venv/lib/python3.10/site-packages/airflow/example_dags/example_sensor_decorator.py took 0.130 seconds
[2026-03-18T18:09:35.446+0530] {processor.py:161} INFO - Started process (PID=19446) to work on /home/tejasvi/Desktop/airflow_ssh_simulation/venv/lib/python3.10/site-packages/airflow/example_dags/example_sensor_decorator.py
[2026-03-18T18:09:35.473+0530] {processor.py:830} INFO - Processing file /home/tejasvi/Desktop/airflow_ssh_simulation/venv/lib/python3.10/site-packages/airflow/example_dags/example_sensor_decorator.py for tasks to queue
[2026-03-18T18:09:35.476+0530] {logging_mixin.py:188} INFO - [2026-03-18T18:09:35.475+0530] {dagbag.py:540} INFO - Filling up the DagBag from /home/tejasvi/Desktop/airflow_ssh_simulation/venv/lib/python3.10/site-packages/airflow/example_dags/example_sensor_decorator.py
[2026-03-18T18:09:35.487+0530] {processor.py:840} INFO - DAG(s) 'example_sensor_decorator' retrieved from /home/tejasvi/Desktop/airflow_ssh_simulation/venv/lib/python3.10/site-packages/airflow/example_dags/example_sensor_decorator.py
[2026-03-18T18:09:35.506+0530] {logging_mixin.py:188} INFO - [2026-03-18T18:09:35.505+0530] {dag.py:3047} INFO - Sync 1 DAGs
[2026-03-18T18:09:35.520+0530] {logging_mixin.py:188} INFO - [2026-03-18T18:09:35.519+0530] {dag.py:3834} INFO - Setting next_dagrun for example_sensor_decorator to None, run_after=None
[2026-03-18T18:09:35.615+0530] {processor.py:183} INFO - Processing /home/tejasvi/Desktop/airflow_ssh_simulation/venv/lib/python3.10/site-packages/airflow/example_dags/example_sensor_decorator.py took 0.173 seconds
[2026-03-18T18:10:33.853+0530] {processor.py:161} INFO - Started process (PID=19611) to work on /home/tejasvi/Desktop/airflow_ssh_simulation/venv/lib/python3.10/site-packages/airflow/example_dags/example_sensor_decorator.py
[2026-03-18T18:10:33.882+0530] {processor.py:830} INFO - Processing file /home/tejasvi/Desktop/airflow_ssh_simulation/venv/lib/python3.10/site-packages/airflow/example_dags/example_sensor_decorator.py for tasks to queue
[2026-03-18T18:10:33.886+0530] {logging_mixin.py:188} INFO - [2026-03-18T18:10:33.885+0530] {dagbag.py:540} INFO - Filling up the DagBag from /home/tejasvi/Desktop/airflow_ssh_simulation/venv/lib/python3.10/site-packages/airflow/example_dags/example_sensor_decorator.py
[2026-03-18T18:10:33.896+0530] {processor.py:840} INFO - DAG(s) 'example_sensor_decorator' retrieved from /home/tejasvi/Desktop/airflow_ssh_simulation/venv/lib/python3.10/site-packages/airflow/example_dags/example_sensor_decorator.py
[2026-03-18T18:10:33.914+0530] {logging_mixin.py:188} INFO - [2026-03-18T18:10:33.914+0530] {dag.py:3047} INFO - Sync 1 DAGs
[2026-03-18T18:10:33.927+0530] {logging_mixin.py:188} INFO - [2026-03-18T18:10:33.927+0530] {dag.py:3834} INFO - Setting next_dagrun for example_sensor_decorator to None, run_after=None
[2026-03-18T18:10:33.977+0530] {processor.py:183} INFO - Processing /home/tejasvi/Desktop/airflow_ssh_simulation/venv/lib/python3.10/site-packages/airflow/example_dags/example_sensor_decorator.py took 0.133 seconds
[2026-03-18T18:11:38.718+0530] {processor.py:161} INFO - Started process (PID=19817) to work on /home/tejasvi/Desktop/airflow_ssh_simulation/venv/lib/python3.10/site-packages/airflow/example_dags/example_sensor_decorator.py
[2026-03-18T18:11:38.808+0530] {processor.py:830} INFO - Processing file /home/tejasvi/Desktop/airflow_ssh_simulation/venv/lib/python3.10/site-packages/airflow/example_dags/example_sensor_decorator.py for tasks to queue
[2026-03-18T18:11:38.814+0530] {logging_mixin.py:188} INFO - [2026-03-18T18:11:38.812+0530] {dagbag.py:540} INFO - Filling up the DagBag from /home/tejasvi/Desktop/airflow_ssh_simulation/venv/lib/python3.10/site-packages/airflow/example_dags/example_sensor_decorator.py
[2026-03-18T18:11:38.826+0530] {processor.py:840} INFO - DAG(s) 'example_sensor_decorator' retrieved from /home/tejasvi/Desktop/airflow_ssh_simulation/venv/lib/python3.10/site-packages/airflow/example_dags/example_sensor_decorator.py
[2026-03-18T18:11:38.851+0530] {logging_mixin.py:188} INFO - [2026-03-18T18:11:38.851+0530] {dag.py:3047} INFO - Sync 1 DAGs
[2026-03-18T18:11:38.869+0530] {logging_mixin.py:188} INFO - [2026-03-18T18:11:38.868+0530] {dag.py:3834} INFO - Setting next_dagrun for example_sensor_decorator to None, run_after=None
[2026-03-18T18:11:38.989+0530] {processor.py:183} INFO - Processing /home/tejasvi/Desktop/airflow_ssh_simulation/venv/lib/python3.10/site-packages/airflow/example_dags/example_sensor_decorator.py took 0.276 seconds
[2026-03-18T18:12:50.447+0530] {processor.py:161} INFO - Started process (PID=19987) to work on /home/tejasvi/Desktop/airflow_ssh_simulation/venv/lib/python3.10/site-packages/airflow/example_dags/example_sensor_decorator.py
[2026-03-18T18:12:50.471+0530] {processor.py:830} INFO - Processing file /home/tejasvi/Desktop/airflow_ssh_simulation/venv/lib/python3.10/site-packages/airflow/example_dags/example_sensor_decorator.py for tasks to queue
[2026-03-18T18:12:50.475+0530] {logging_mixin.py:188} INFO - [2026-03-18T18:12:50.474+0530] {dagbag.py:540} INFO - Filling up the DagBag from /home/tejasvi/Desktop/airflow_ssh_simulation/venv/lib/python3.10/site-packages/airflow/example_dags/example_sensor_decorator.py
[2026-03-18T18:12:50.486+0530] {processor.py:840} INFO - DAG(s) 'example_sensor_decorator' retrieved from /home/tejasvi/Desktop/airflow_ssh_simulation/venv/lib/python3.10/site-packages/airflow/example_dags/example_sensor_decorator.py
[2026-03-18T18:12:50.504+0530] {logging_mixin.py:188} INFO - [2026-03-18T18:12:50.504+0530] {dag.py:3047} INFO - Sync 1 DAGs
[2026-03-18T18:12:50.520+0530] {logging_mixin.py:188} INFO - [2026-03-18T18:12:50.520+0530] {dag.py:3834} INFO - Setting next_dagrun for example_sensor_decorator to None, run_after=None
[2026-03-18T18:12:50.608+0530] {processor.py:183} INFO - Processing /home/tejasvi/Desktop/airflow_ssh_simulation/venv/lib/python3.10/site-packages/airflow/example_dags/example_sensor_decorator.py took 0.166 seconds
[2026-03-18T18:14:03.460+0530] {processor.py:161} INFO - Started process (PID=20156) to work on /home/tejasvi/Desktop/airflow_ssh_simulation/venv/lib/python3.10/site-packages/airflow/example_dags/example_sensor_decorator.py
[2026-03-18T18:14:03.562+0530] {processor.py:830} INFO - Processing file /home/tejasvi/Desktop/airflow_ssh_simulation/venv/lib/python3.10/site-packages/airflow/example_dags/example_sensor_decorator.py for tasks to queue
[2026-03-18T18:14:03.565+0530] {logging_mixin.py:188} INFO - [2026-03-18T18:14:03.565+0530] {dagbag.py:540} INFO - Filling up the DagBag from /home/tejasvi/Desktop/airflow_ssh_simulation/venv/lib/python3.10/site-packages/airflow/example_dags/example_sensor_decorator.py
[2026-03-18T18:14:03.576+0530] {processor.py:840} INFO - DAG(s) 'example_sensor_decorator' retrieved from /home/tejasvi/Desktop/airflow_ssh_simulation/venv/lib/python3.10/site-packages/airflow/example_dags/example_sensor_decorator.py
[2026-03-18T18:14:03.596+0530] {logging_mixin.py:188} INFO - [2026-03-18T18:14:03.595+0530] {dag.py:3047} INFO - Sync 1 DAGs
[2026-03-18T18:14:03.611+0530] {logging_mixin.py:188} INFO - [2026-03-18T18:14:03.610+0530] {dag.py:3834} INFO - Setting next_dagrun for example_sensor_decorator to None, run_after=None
[2026-03-18T18:14:03.720+0530] {processor.py:183} INFO - Processing /home/tejasvi/Desktop/airflow_ssh_simulation/venv/lib/python3.10/site-packages/airflow/example_dags/example_sensor_decorator.py took 0.266 seconds
[2026-03-18T18:15:27.289+0530] {processor.py:161} INFO - Started process (PID=20353) to work on /home/tejasvi/Desktop/airflow_ssh_simulation/venv/lib/python3.10/site-packages/airflow/example_dags/example_sensor_decorator.py
[2026-03-18T18:15:27.297+0530] {processor.py:830} INFO - Processing file /home/tejasvi/Desktop/airflow_ssh_simulation/venv/lib/python3.10/site-packages/airflow/example_dags/example_sensor_decorator.py for tasks to queue
[2026-03-18T18:15:27.301+0530] {logging_mixin.py:188} INFO - [2026-03-18T18:15:27.300+0530] {dagbag.py:540} INFO - Filling up the DagBag from /home/tejasvi/Desktop/airflow_ssh_simulation/venv/lib/python3.10/site-packages/airflow/example_dags/example_sensor_decorator.py
[2026-03-18T18:15:27.315+0530] {processor.py:840} INFO - DAG(s) 'example_sensor_decorator' retrieved from /home/tejasvi/Desktop/airflow_ssh_simulation/venv/lib/python3.10/site-packages/airflow/example_dags/example_sensor_decorator.py
[2026-03-18T18:15:27.334+0530] {logging_mixin.py:188} INFO - [2026-03-18T18:15:27.333+0530] {dag.py:3047} INFO - Sync 1 DAGs
[2026-03-18T18:15:27.349+0530] {logging_mixin.py:188} INFO - [2026-03-18T18:15:27.348+0530] {dag.py:3834} INFO - Setting next_dagrun for example_sensor_decorator to None, run_after=None
[2026-03-18T18:15:27.444+0530] {processor.py:183} INFO - Processing /home/tejasvi/Desktop/airflow_ssh_simulation/venv/lib/python3.10/site-packages/airflow/example_dags/example_sensor_decorator.py took 0.160 seconds
[2026-03-18T18:16:29.105+0530] {processor.py:161} INFO - Started process (PID=20543) to work on /home/tejasvi/Desktop/airflow_ssh_simulation/venv/lib/python3.10/site-packages/airflow/example_dags/example_sensor_decorator.py
[2026-03-18T18:16:29.110+0530] {processor.py:830} INFO - Processing file /home/tejasvi/Desktop/airflow_ssh_simulation/venv/lib/python3.10/site-packages/airflow/example_dags/example_sensor_decorator.py for tasks to queue
[2026-03-18T18:16:29.113+0530] {logging_mixin.py:188} INFO - [2026-03-18T18:16:29.112+0530] {dagbag.py:540} INFO - Filling up the DagBag from /home/tejasvi/Desktop/airflow_ssh_simulation/venv/lib/python3.10/site-packages/airflow/example_dags/example_sensor_decorator.py
[2026-03-18T18:16:29.122+0530] {processor.py:840} INFO - DAG(s) 'example_sensor_decorator' retrieved from /home/tejasvi/Desktop/airflow_ssh_simulation/venv/lib/python3.10/site-packages/airflow/example_dags/example_sensor_decorator.py
[2026-03-18T18:16:29.141+0530] {logging_mixin.py:188} INFO - [2026-03-18T18:16:29.141+0530] {dag.py:3047} INFO - Sync 1 DAGs
[2026-03-18T18:16:29.155+0530] {logging_mixin.py:188} INFO - [2026-03-18T18:16:29.154+0530] {dag.py:3834} INFO - Setting next_dagrun for example_sensor_decorator to None, run_after=None
[2026-03-18T18:16:29.272+0530] {processor.py:183} INFO - Processing /home/tejasvi/Desktop/airflow_ssh_simulation/venv/lib/python3.10/site-packages/airflow/example_dags/example_sensor_decorator.py took 0.175 seconds
[2026-03-18T18:17:45.074+0530] {processor.py:161} INFO - Started process (PID=21572) to work on /home/tejasvi/Desktop/airflow_ssh_simulation/venv/lib/python3.10/site-packages/airflow/example_dags/example_sensor_decorator.py
[2026-03-18T18:17:45.156+0530] {processor.py:830} INFO - Processing file /home/tejasvi/Desktop/airflow_ssh_simulation/venv/lib/python3.10/site-packages/airflow/example_dags/example_sensor_decorator.py for tasks to queue
[2026-03-18T18:17:45.162+0530] {logging_mixin.py:188} INFO - [2026-03-18T18:17:45.161+0530] {dagbag.py:540} INFO - Filling up the DagBag from /home/tejasvi/Desktop/airflow_ssh_simulation/venv/lib/python3.10/site-packages/airflow/example_dags/example_sensor_decorator.py
[2026-03-18T18:17:45.178+0530] {processor.py:840} INFO - DAG(s) 'example_sensor_decorator' retrieved from /home/tejasvi/Desktop/airflow_ssh_simulation/venv/lib/python3.10/site-packages/airflow/example_dags/example_sensor_decorator.py
[2026-03-18T18:17:45.203+0530] {logging_mixin.py:188} INFO - [2026-03-18T18:17:45.202+0530] {dag.py:3047} INFO - Sync 1 DAGs
[2026-03-18T18:17:45.219+0530] {logging_mixin.py:188} INFO - [2026-03-18T18:17:45.218+0530] {dag.py:3834} INFO - Setting next_dagrun for example_sensor_decorator to None, run_after=None
[2026-03-18T18:17:45.571+0530] {processor.py:183} INFO - Processing /home/tejasvi/Desktop/airflow_ssh_simulation/venv/lib/python3.10/site-packages/airflow/example_dags/example_sensor_decorator.py took 0.503 seconds
[2026-03-18T18:18:52.087+0530] {processor.py:161} INFO - Started process (PID=22080) to work on /home/tejasvi/Desktop/airflow_ssh_simulation/venv/lib/python3.10/site-packages/airflow/example_dags/example_sensor_decorator.py
[2026-03-18T18:18:52.189+0530] {processor.py:830} INFO - Processing file /home/tejasvi/Desktop/airflow_ssh_simulation/venv/lib/python3.10/site-packages/airflow/example_dags/example_sensor_decorator.py for tasks to queue
[2026-03-18T18:18:52.192+0530] {logging_mixin.py:188} INFO - [2026-03-18T18:18:52.192+0530] {dagbag.py:540} INFO - Filling up the DagBag from /home/tejasvi/Desktop/airflow_ssh_simulation/venv/lib/python3.10/site-packages/airflow/example_dags/example_sensor_decorator.py
[2026-03-18T18:18:52.203+0530] {processor.py:840} INFO - DAG(s) 'example_sensor_decorator' retrieved from /home/tejasvi/Desktop/airflow_ssh_simulation/venv/lib/python3.10/site-packages/airflow/example_dags/example_sensor_decorator.py
[2026-03-18T18:18:52.222+0530] {logging_mixin.py:188} INFO - [2026-03-18T18:18:52.221+0530] {dag.py:3047} INFO - Sync 1 DAGs
[2026-03-18T18:18:52.237+0530] {logging_mixin.py:188} INFO - [2026-03-18T18:18:52.237+0530] {dag.py:3834} INFO - Setting next_dagrun for example_sensor_decorator to None, run_after=None
[2026-03-18T18:18:52.353+0530] {processor.py:183} INFO - Processing /home/tejasvi/Desktop/airflow_ssh_simulation/venv/lib/python3.10/site-packages/airflow/example_dags/example_sensor_decorator.py took 0.272 seconds
[2026-03-18T18:20:10.237+0530] {processor.py:161} INFO - Started process (PID=22294) to work on /home/tejasvi/Desktop/airflow_ssh_simulation/venv/lib/python3.10/site-packages/airflow/example_dags/example_sensor_decorator.py
[2026-03-18T18:20:10.295+0530] {processor.py:830} INFO - Processing file /home/tejasvi/Desktop/airflow_ssh_simulation/venv/lib/python3.10/site-packages/airflow/example_dags/example_sensor_decorator.py for tasks to queue
[2026-03-18T18:20:10.298+0530] {logging_mixin.py:188} INFO - [2026-03-18T18:20:10.297+0530] {dagbag.py:540} INFO - Filling up the DagBag from /home/tejasvi/Desktop/airflow_ssh_simulation/venv/lib/python3.10/site-packages/airflow/example_dags/example_sensor_decorator.py
[2026-03-18T18:20:10.310+0530] {processor.py:840} INFO - DAG(s) 'example_sensor_decorator' retrieved from /home/tejasvi/Desktop/airflow_ssh_simulation/venv/lib/python3.10/site-packages/airflow/example_dags/example_sensor_decorator.py
[2026-03-18T18:20:10.328+0530] {logging_mixin.py:188} INFO - [2026-03-18T18:20:10.328+0530] {dag.py:3047} INFO - Sync 1 DAGs
[2026-03-18T18:20:10.342+0530] {logging_mixin.py:188} INFO - [2026-03-18T18:20:10.342+0530] {dag.py:3834} INFO - Setting next_dagrun for example_sensor_decorator to None, run_after=None
[2026-03-18T18:20:10.467+0530] {processor.py:183} INFO - Processing /home/tejasvi/Desktop/airflow_ssh_simulation/venv/lib/python3.10/site-packages/airflow/example_dags/example_sensor_decorator.py took 0.235 seconds
[2026-03-18T18:21:15.410+0530] {processor.py:161} INFO - Started process (PID=22506) to work on /home/tejasvi/Desktop/airflow_ssh_simulation/venv/lib/python3.10/site-packages/airflow/example_dags/example_sensor_decorator.py
[2026-03-18T18:21:15.412+0530] {processor.py:830} INFO - Processing file /home/tejasvi/Desktop/airflow_ssh_simulation/venv/lib/python3.10/site-packages/airflow/example_dags/example_sensor_decorator.py for tasks to queue
[2026-03-18T18:21:15.417+0530] {logging_mixin.py:188} INFO - [2026-03-18T18:21:15.416+0530] {dagbag.py:540} INFO - Filling up the DagBag from /home/tejasvi/Desktop/airflow_ssh_simulation/venv/lib/python3.10/site-packages/airflow/example_dags/example_sensor_decorator.py
[2026-03-18T18:21:15.425+0530] {processor.py:840} INFO - DAG(s) 'example_sensor_decorator' retrieved from /home/tejasvi/Desktop/airflow_ssh_simulation/venv/lib/python3.10/site-packages/airflow/example_dags/example_sensor_decorator.py
[2026-03-18T18:21:15.443+0530] {logging_mixin.py:188} INFO - [2026-03-18T18:21:15.442+0530] {dag.py:3047} INFO - Sync 1 DAGs
[2026-03-18T18:21:15.457+0530] {logging_mixin.py:188} INFO - [2026-03-18T18:21:15.457+0530] {dag.py:3834} INFO - Setting next_dagrun for example_sensor_decorator to None, run_after=None
[2026-03-18T18:21:15.553+0530] {processor.py:183} INFO - Processing /home/tejasvi/Desktop/airflow_ssh_simulation/venv/lib/python3.10/site-packages/airflow/example_dags/example_sensor_decorator.py took 0.151 seconds
[2026-03-18T18:22:19.580+0530] {processor.py:161} INFO - Started process (PID=22671) to work on /home/tejasvi/Desktop/airflow_ssh_simulation/venv/lib/python3.10/site-packages/airflow/example_dags/example_sensor_decorator.py
[2026-03-18T18:22:19.658+0530] {processor.py:830} INFO - Processing file /home/tejasvi/Desktop/airflow_ssh_simulation/venv/lib/python3.10/site-packages/airflow/example_dags/example_sensor_decorator.py for tasks to queue
[2026-03-18T18:22:19.664+0530] {logging_mixin.py:188} INFO - [2026-03-18T18:22:19.663+0530] {dagbag.py:540} INFO - Filling up the DagBag from /home/tejasvi/Desktop/airflow_ssh_simulation/venv/lib/python3.10/site-packages/airflow/example_dags/example_sensor_decorator.py
[2026-03-18T18:22:19.684+0530] {processor.py:840} INFO - DAG(s) 'example_sensor_decorator' retrieved from /home/tejasvi/Desktop/airflow_ssh_simulation/venv/lib/python3.10/site-packages/airflow/example_dags/example_sensor_decorator.py
[2026-03-18T18:22:19.714+0530] {logging_mixin.py:188} INFO - [2026-03-18T18:22:19.713+0530] {dag.py:3047} INFO - Sync 1 DAGs
[2026-03-18T18:22:19.727+0530] {logging_mixin.py:188} INFO - [2026-03-18T18:22:19.727+0530] {dag.py:3834} INFO - Setting next_dagrun for example_sensor_decorator to None, run_after=None
[2026-03-18T18:22:20.099+0530] {processor.py:183} INFO - Processing /home/tejasvi/Desktop/airflow_ssh_simulation/venv/lib/python3.10/site-packages/airflow/example_dags/example_sensor_decorator.py took 0.528 seconds
[2026-03-18T18:23:33.655+0530] {processor.py:161} INFO - Started process (PID=22853) to work on /home/tejasvi/Desktop/airflow_ssh_simulation/venv/lib/python3.10/site-packages/airflow/example_dags/example_sensor_decorator.py
[2026-03-18T18:23:33.659+0530] {processor.py:830} INFO - Processing file /home/tejasvi/Desktop/airflow_ssh_simulation/venv/lib/python3.10/site-packages/airflow/example_dags/example_sensor_decorator.py for tasks to queue
[2026-03-18T18:23:33.662+0530] {logging_mixin.py:188} INFO - [2026-03-18T18:23:33.661+0530] {dagbag.py:540} INFO - Filling up the DagBag from /home/tejasvi/Desktop/airflow_ssh_simulation/venv/lib/python3.10/site-packages/airflow/example_dags/example_sensor_decorator.py
[2026-03-18T18:23:33.672+0530] {processor.py:840} INFO - DAG(s) 'example_sensor_decorator' retrieved from /home/tejasvi/Desktop/airflow_ssh_simulation/venv/lib/python3.10/site-packages/airflow/example_dags/example_sensor_decorator.py
[2026-03-18T18:23:33.692+0530] {logging_mixin.py:188} INFO - [2026-03-18T18:23:33.691+0530] {dag.py:3047} INFO - Sync 1 DAGs
[2026-03-18T18:23:33.708+0530] {logging_mixin.py:188} INFO - [2026-03-18T18:23:33.708+0530] {dag.py:3834} INFO - Setting next_dagrun for example_sensor_decorator to None, run_after=None
[2026-03-18T18:23:33.798+0530] {processor.py:183} INFO - Processing /home/tejasvi/Desktop/airflow_ssh_simulation/venv/lib/python3.10/site-packages/airflow/example_dags/example_sensor_decorator.py took 0.153 seconds
[2026-03-18T18:24:37.425+0530] {processor.py:161} INFO - Started process (PID=23015) to work on /home/tejasvi/Desktop/airflow_ssh_simulation/venv/lib/python3.10/site-packages/airflow/example_dags/example_sensor_decorator.py
[2026-03-18T18:24:37.458+0530] {processor.py:830} INFO - Processing file /home/tejasvi/Desktop/airflow_ssh_simulation/venv/lib/python3.10/site-packages/airflow/example_dags/example_sensor_decorator.py for tasks to queue
[2026-03-18T18:24:37.464+0530] {logging_mixin.py:188} INFO - [2026-03-18T18:24:37.463+0530] {dagbag.py:540} INFO - Filling up the DagBag from /home/tejasvi/Desktop/airflow_ssh_simulation/venv/lib/python3.10/site-packages/airflow/example_dags/example_sensor_decorator.py
[2026-03-18T18:24:37.483+0530] {processor.py:840} INFO - DAG(s) 'example_sensor_decorator' retrieved from /home/tejasvi/Desktop/airflow_ssh_simulation/venv/lib/python3.10/site-packages/airflow/example_dags/example_sensor_decorator.py
[2026-03-18T18:24:37.506+0530] {logging_mixin.py:188} INFO - [2026-03-18T18:24:37.505+0530] {dag.py:3047} INFO - Sync 1 DAGs
[2026-03-18T18:24:37.521+0530] {logging_mixin.py:188} INFO - [2026-03-18T18:24:37.520+0530] {dag.py:3834} INFO - Setting next_dagrun for example_sensor_decorator to None, run_after=None
[2026-03-18T18:24:37.580+0530] {processor.py:183} INFO - Processing /home/tejasvi/Desktop/airflow_ssh_simulation/venv/lib/python3.10/site-packages/airflow/example_dags/example_sensor_decorator.py took 0.164 seconds
[2026-03-18T18:25:36.879+0530] {processor.py:161} INFO - Started process (PID=23171) to work on /home/tejasvi/Desktop/airflow_ssh_simulation/venv/lib/python3.10/site-packages/airflow/example_dags/example_sensor_decorator.py
[2026-03-18T18:25:36.909+0530] {processor.py:830} INFO - Processing file /home/tejasvi/Desktop/airflow_ssh_simulation/venv/lib/python3.10/site-packages/airflow/example_dags/example_sensor_decorator.py for tasks to queue
[2026-03-18T18:25:36.916+0530] {logging_mixin.py:188} INFO - [2026-03-18T18:25:36.915+0530] {dagbag.py:540} INFO - Filling up the DagBag from /home/tejasvi/Desktop/airflow_ssh_simulation/venv/lib/python3.10/site-packages/airflow/example_dags/example_sensor_decorator.py
[2026-03-18T18:25:36.938+0530] {processor.py:840} INFO - DAG(s) 'example_sensor_decorator' retrieved from /home/tejasvi/Desktop/airflow_ssh_simulation/venv/lib/python3.10/site-packages/airflow/example_dags/example_sensor_decorator.py
[2026-03-18T18:25:36.955+0530] {logging_mixin.py:188} INFO - [2026-03-18T18:25:36.955+0530] {dag.py:3047} INFO - Sync 1 DAGs
[2026-03-18T18:25:36.970+0530] {logging_mixin.py:188} INFO - [2026-03-18T18:25:36.970+0530] {dag.py:3834} INFO - Setting next_dagrun for example_sensor_decorator to None, run_after=None
[2026-03-18T18:25:37.020+0530] {processor.py:183} INFO - Processing /home/tejasvi/Desktop/airflow_ssh_simulation/venv/lib/python3.10/site-packages/airflow/example_dags/example_sensor_decorator.py took 0.149 seconds
[2026-03-18T18:26:32.862+0530] {processor.py:161} INFO - Started process (PID=23367) to work on /home/tejasvi/Desktop/airflow_ssh_simulation/venv/lib/python3.10/site-packages/airflow/example_dags/example_sensor_decorator.py
[2026-03-18T18:26:32.890+0530] {processor.py:830} INFO - Processing file /home/tejasvi/Desktop/airflow_ssh_simulation/venv/lib/python3.10/site-packages/airflow/example_dags/example_sensor_decorator.py for tasks to queue
[2026-03-18T18:26:32.893+0530] {logging_mixin.py:188} INFO - [2026-03-18T18:26:32.892+0530] {dagbag.py:540} INFO - Filling up the DagBag from /home/tejasvi/Desktop/airflow_ssh_simulation/venv/lib/python3.10/site-packages/airflow/example_dags/example_sensor_decorator.py
[2026-03-18T18:26:32.906+0530] {processor.py:840} INFO - DAG(s) 'example_sensor_decorator' retrieved from /home/tejasvi/Desktop/airflow_ssh_simulation/venv/lib/python3.10/site-packages/airflow/example_dags/example_sensor_decorator.py
[2026-03-18T18:26:32.926+0530] {logging_mixin.py:188} INFO - [2026-03-18T18:26:32.925+0530] {dag.py:3047} INFO - Sync 1 DAGs
[2026-03-18T18:26:32.940+0530] {logging_mixin.py:188} INFO - [2026-03-18T18:26:32.940+0530] {dag.py:3834} INFO - Setting next_dagrun for example_sensor_decorator to None, run_after=None
[2026-03-18T18:26:33.009+0530] {processor.py:183} INFO - Processing /home/tejasvi/Desktop/airflow_ssh_simulation/venv/lib/python3.10/site-packages/airflow/example_dags/example_sensor_decorator.py took 0.153 seconds
[2026-03-18T18:27:31.503+0530] {processor.py:161} INFO - Started process (PID=23531) to work on /home/tejasvi/Desktop/airflow_ssh_simulation/venv/lib/python3.10/site-packages/airflow/example_dags/example_sensor_decorator.py
[2026-03-18T18:27:31.510+0530] {processor.py:830} INFO - Processing file /home/tejasvi/Desktop/airflow_ssh_simulation/venv/lib/python3.10/site-packages/airflow/example_dags/example_sensor_decorator.py for tasks to queue
[2026-03-18T18:27:31.513+0530] {logging_mixin.py:188} INFO - [2026-03-18T18:27:31.512+0530] {dagbag.py:540} INFO - Filling up the DagBag from /home/tejasvi/Desktop/airflow_ssh_simulation/venv/lib/python3.10/site-packages/airflow/example_dags/example_sensor_decorator.py
[2026-03-18T18:27:31.521+0530] {processor.py:840} INFO - DAG(s) 'example_sensor_decorator' retrieved from /home/tejasvi/Desktop/airflow_ssh_simulation/venv/lib/python3.10/site-packages/airflow/example_dags/example_sensor_decorator.py
[2026-03-18T18:27:31.539+0530] {logging_mixin.py:188} INFO - [2026-03-18T18:27:31.538+0530] {dag.py:3047} INFO - Sync 1 DAGs
[2026-03-18T18:27:31.552+0530] {logging_mixin.py:188} INFO - [2026-03-18T18:27:31.552+0530] {dag.py:3834} INFO - Setting next_dagrun for example_sensor_decorator to None, run_after=None
[2026-03-18T18:27:31.652+0530] {processor.py:183} INFO - Processing /home/tejasvi/Desktop/airflow_ssh_simulation/venv/lib/python3.10/site-packages/airflow/example_dags/example_sensor_decorator.py took 0.156 seconds
[2026-03-18T18:28:47.475+0530] {processor.py:161} INFO - Started process (PID=23716) to work on /home/tejasvi/Desktop/airflow_ssh_simulation/venv/lib/python3.10/site-packages/airflow/example_dags/example_sensor_decorator.py
[2026-03-18T18:28:47.579+0530] {processor.py:830} INFO - Processing file /home/tejasvi/Desktop/airflow_ssh_simulation/venv/lib/python3.10/site-packages/airflow/example_dags/example_sensor_decorator.py for tasks to queue
[2026-03-18T18:28:47.586+0530] {logging_mixin.py:188} INFO - [2026-03-18T18:28:47.584+0530] {dagbag.py:540} INFO - Filling up the DagBag from /home/tejasvi/Desktop/airflow_ssh_simulation/venv/lib/python3.10/site-packages/airflow/example_dags/example_sensor_decorator.py
[2026-03-18T18:28:47.607+0530] {processor.py:840} INFO - DAG(s) 'example_sensor_decorator' retrieved from /home/tejasvi/Desktop/airflow_ssh_simulation/venv/lib/python3.10/site-packages/airflow/example_dags/example_sensor_decorator.py
[2026-03-18T18:28:47.638+0530] {logging_mixin.py:188} INFO - [2026-03-18T18:28:47.637+0530] {dag.py:3047} INFO - Sync 1 DAGs
[2026-03-18T18:28:47.652+0530] {logging_mixin.py:188} INFO - [2026-03-18T18:28:47.652+0530] {dag.py:3834} INFO - Setting next_dagrun for example_sensor_decorator to None, run_after=None
[2026-03-18T18:28:47.779+0530] {processor.py:183} INFO - Processing /home/tejasvi/Desktop/airflow_ssh_simulation/venv/lib/python3.10/site-packages/airflow/example_dags/example_sensor_decorator.py took 0.313 seconds
[2026-03-18T18:30:06.262+0530] {processor.py:161} INFO - Started process (PID=23918) to work on /home/tejasvi/Desktop/airflow_ssh_simulation/venv/lib/python3.10/site-packages/airflow/example_dags/example_sensor_decorator.py
[2026-03-18T18:30:06.312+0530] {processor.py:830} INFO - Processing file /home/tejasvi/Desktop/airflow_ssh_simulation/venv/lib/python3.10/site-packages/airflow/example_dags/example_sensor_decorator.py for tasks to queue
[2026-03-18T18:30:06.316+0530] {logging_mixin.py:188} INFO - [2026-03-18T18:30:06.315+0530] {dagbag.py:540} INFO - Filling up the DagBag from /home/tejasvi/Desktop/airflow_ssh_simulation/venv/lib/python3.10/site-packages/airflow/example_dags/example_sensor_decorator.py
[2026-03-18T18:30:06.326+0530] {processor.py:840} INFO - DAG(s) 'example_sensor_decorator' retrieved from /home/tejasvi/Desktop/airflow_ssh_simulation/venv/lib/python3.10/site-packages/airflow/example_dags/example_sensor_decorator.py
[2026-03-18T18:30:06.345+0530] {logging_mixin.py:188} INFO - [2026-03-18T18:30:06.345+0530] {dag.py:3047} INFO - Sync 1 DAGs
[2026-03-18T18:30:06.360+0530] {logging_mixin.py:188} INFO - [2026-03-18T18:30:06.360+0530] {dag.py:3834} INFO - Setting next_dagrun for example_sensor_decorator to None, run_after=None
[2026-03-18T18:30:06.457+0530] {processor.py:183} INFO - Processing /home/tejasvi/Desktop/airflow_ssh_simulation/venv/lib/python3.10/site-packages/airflow/example_dags/example_sensor_decorator.py took 0.202 seconds
[2026-03-18T18:31:22.933+0530] {processor.py:161} INFO - Started process (PID=24183) to work on /home/tejasvi/Desktop/airflow_ssh_simulation/venv/lib/python3.10/site-packages/airflow/example_dags/example_sensor_decorator.py
[2026-03-18T18:31:22.972+0530] {processor.py:830} INFO - Processing file /home/tejasvi/Desktop/airflow_ssh_simulation/venv/lib/python3.10/site-packages/airflow/example_dags/example_sensor_decorator.py for tasks to queue
[2026-03-18T18:31:22.976+0530] {logging_mixin.py:188} INFO - [2026-03-18T18:31:22.975+0530] {dagbag.py:540} INFO - Filling up the DagBag from /home/tejasvi/Desktop/airflow_ssh_simulation/venv/lib/python3.10/site-packages/airflow/example_dags/example_sensor_decorator.py
[2026-03-18T18:31:22.993+0530] {processor.py:840} INFO - DAG(s) 'example_sensor_decorator' retrieved from /home/tejasvi/Desktop/airflow_ssh_simulation/venv/lib/python3.10/site-packages/airflow/example_dags/example_sensor_decorator.py
[2026-03-18T18:31:23.015+0530] {logging_mixin.py:188} INFO - [2026-03-18T18:31:23.014+0530] {dag.py:3047} INFO - Sync 1 DAGs
[2026-03-18T18:31:23.027+0530] {logging_mixin.py:188} INFO - [2026-03-18T18:31:23.027+0530] {dag.py:3834} INFO - Setting next_dagrun for example_sensor_decorator to None, run_after=None
[2026-03-18T18:31:23.105+0530] {processor.py:183} INFO - Processing /home/tejasvi/Desktop/airflow_ssh_simulation/venv/lib/python3.10/site-packages/airflow/example_dags/example_sensor_decorator.py took 0.179 seconds
[2026-03-18T18:32:28.667+0530] {processor.py:161} INFO - Started process (PID=24508) to work on /home/tejasvi/Desktop/airflow_ssh_simulation/venv/lib/python3.10/site-packages/airflow/example_dags/example_sensor_decorator.py
[2026-03-18T18:32:28.669+0530] {processor.py:830} INFO - Processing file /home/tejasvi/Desktop/airflow_ssh_simulation/venv/lib/python3.10/site-packages/airflow/example_dags/example_sensor_decorator.py for tasks to queue
[2026-03-18T18:32:28.672+0530] {logging_mixin.py:188} INFO - [2026-03-18T18:32:28.671+0530] {dagbag.py:540} INFO - Filling up the DagBag from /home/tejasvi/Desktop/airflow_ssh_simulation/venv/lib/python3.10/site-packages/airflow/example_dags/example_sensor_decorator.py
[2026-03-18T18:32:28.680+0530] {processor.py:840} INFO - DAG(s) 'example_sensor_decorator' retrieved from /home/tejasvi/Desktop/airflow_ssh_simulation/venv/lib/python3.10/site-packages/airflow/example_dags/example_sensor_decorator.py
[2026-03-18T18:32:28.695+0530] {logging_mixin.py:188} INFO - [2026-03-18T18:32:28.695+0530] {dag.py:3047} INFO - Sync 1 DAGs
[2026-03-18T18:32:28.707+0530] {logging_mixin.py:188} INFO - [2026-03-18T18:32:28.707+0530] {dag.py:3834} INFO - Setting next_dagrun for example_sensor_decorator to None, run_after=None
[2026-03-18T18:32:28.886+0530] {processor.py:183} INFO - Processing /home/tejasvi/Desktop/airflow_ssh_simulation/venv/lib/python3.10/site-packages/airflow/example_dags/example_sensor_decorator.py took 0.227 seconds
[2026-03-18T18:33:28.496+0530] {processor.py:161} INFO - Started process (PID=24669) to work on /home/tejasvi/Desktop/airflow_ssh_simulation/venv/lib/python3.10/site-packages/airflow/example_dags/example_sensor_decorator.py
[2026-03-18T18:33:29.894+0530] {processor.py:830} INFO - Processing file /home/tejasvi/Desktop/airflow_ssh_simulation/venv/lib/python3.10/site-packages/airflow/example_dags/example_sensor_decorator.py for tasks to queue
[2026-03-18T18:33:29.905+0530] {logging_mixin.py:188} INFO - [2026-03-18T18:33:29.904+0530] {dagbag.py:540} INFO - Filling up the DagBag from /home/tejasvi/Desktop/airflow_ssh_simulation/venv/lib/python3.10/site-packages/airflow/example_dags/example_sensor_decorator.py
[2026-03-18T18:33:29.913+0530] {processor.py:840} INFO - DAG(s) 'example_sensor_decorator' retrieved from /home/tejasvi/Desktop/airflow_ssh_simulation/venv/lib/python3.10/site-packages/airflow/example_dags/example_sensor_decorator.py
[2026-03-18T18:33:29.931+0530] {logging_mixin.py:188} INFO - [2026-03-18T18:33:29.930+0530] {dag.py:3047} INFO - Sync 1 DAGs
[2026-03-18T18:33:29.943+0530] {logging_mixin.py:188} INFO - [2026-03-18T18:33:29.943+0530] {dag.py:3834} INFO - Setting next_dagrun for example_sensor_decorator to None, run_after=None
[2026-03-18T18:33:30.050+0530] {processor.py:183} INFO - Processing /home/tejasvi/Desktop/airflow_ssh_simulation/venv/lib/python3.10/site-packages/airflow/example_dags/example_sensor_decorator.py took 1.559 seconds
[2026-03-18T18:34:33.533+0530] {processor.py:161} INFO - Started process (PID=24845) to work on /home/tejasvi/Desktop/airflow_ssh_simulation/venv/lib/python3.10/site-packages/airflow/example_dags/example_sensor_decorator.py
[2026-03-18T18:34:33.563+0530] {processor.py:830} INFO - Processing file /home/tejasvi/Desktop/airflow_ssh_simulation/venv/lib/python3.10/site-packages/airflow/example_dags/example_sensor_decorator.py for tasks to queue
[2026-03-18T18:34:33.567+0530] {logging_mixin.py:188} INFO - [2026-03-18T18:34:33.566+0530] {dagbag.py:540} INFO - Filling up the DagBag from /home/tejasvi/Desktop/airflow_ssh_simulation/venv/lib/python3.10/site-packages/airflow/example_dags/example_sensor_decorator.py
[2026-03-18T18:34:33.577+0530] {processor.py:840} INFO - DAG(s) 'example_sensor_decorator' retrieved from /home/tejasvi/Desktop/airflow_ssh_simulation/venv/lib/python3.10/site-packages/airflow/example_dags/example_sensor_decorator.py
[2026-03-18T18:34:33.593+0530] {logging_mixin.py:188} INFO - [2026-03-18T18:34:33.593+0530] {dag.py:3047} INFO - Sync 1 DAGs
[2026-03-18T18:34:33.605+0530] {logging_mixin.py:188} INFO - [2026-03-18T18:34:33.605+0530] {dag.py:3834} INFO - Setting next_dagrun for example_sensor_decorator to None, run_after=None
[2026-03-18T18:34:33.714+0530] {processor.py:183} INFO - Processing /home/tejasvi/Desktop/airflow_ssh_simulation/venv/lib/python3.10/site-packages/airflow/example_dags/example_sensor_decorator.py took 0.189 seconds
[2026-03-18T18:35:33.558+0530] {processor.py:161} INFO - Started process (PID=25015) to work on /home/tejasvi/Desktop/airflow_ssh_simulation/venv/lib/python3.10/site-packages/airflow/example_dags/example_sensor_decorator.py
[2026-03-18T18:35:33.631+0530] {processor.py:830} INFO - Processing file /home/tejasvi/Desktop/airflow_ssh_simulation/venv/lib/python3.10/site-packages/airflow/example_dags/example_sensor_decorator.py for tasks to queue
[2026-03-18T18:35:33.635+0530] {logging_mixin.py:188} INFO - [2026-03-18T18:35:33.634+0530] {dagbag.py:540} INFO - Filling up the DagBag from /home/tejasvi/Desktop/airflow_ssh_simulation/venv/lib/python3.10/site-packages/airflow/example_dags/example_sensor_decorator.py
[2026-03-18T18:35:33.648+0530] {processor.py:840} INFO - DAG(s) 'example_sensor_decorator' retrieved from /home/tejasvi/Desktop/airflow_ssh_simulation/venv/lib/python3.10/site-packages/airflow/example_dags/example_sensor_decorator.py
[2026-03-18T18:35:33.664+0530] {logging_mixin.py:188} INFO - [2026-03-18T18:35:33.664+0530] {dag.py:3047} INFO - Sync 1 DAGs
[2026-03-18T18:35:33.677+0530] {logging_mixin.py:188} INFO - [2026-03-18T18:35:33.677+0530] {dag.py:3834} INFO - Setting next_dagrun for example_sensor_decorator to None, run_after=None
[2026-03-18T18:35:33.780+0530] {processor.py:183} INFO - Processing /home/tejasvi/Desktop/airflow_ssh_simulation/venv/lib/python3.10/site-packages/airflow/example_dags/example_sensor_decorator.py took 0.226 seconds
[2026-03-18T18:36:39.495+0530] {processor.py:161} INFO - Started process (PID=25206) to work on /home/tejasvi/Desktop/airflow_ssh_simulation/venv/lib/python3.10/site-packages/airflow/example_dags/example_sensor_decorator.py
[2026-03-18T18:36:39.520+0530] {processor.py:830} INFO - Processing file /home/tejasvi/Desktop/airflow_ssh_simulation/venv/lib/python3.10/site-packages/airflow/example_dags/example_sensor_decorator.py for tasks to queue
[2026-03-18T18:36:39.525+0530] {logging_mixin.py:188} INFO - [2026-03-18T18:36:39.524+0530] {dagbag.py:540} INFO - Filling up the DagBag from /home/tejasvi/Desktop/airflow_ssh_simulation/venv/lib/python3.10/site-packages/airflow/example_dags/example_sensor_decorator.py
[2026-03-18T18:36:39.540+0530] {processor.py:840} INFO - DAG(s) 'example_sensor_decorator' retrieved from /home/tejasvi/Desktop/airflow_ssh_simulation/venv/lib/python3.10/site-packages/airflow/example_dags/example_sensor_decorator.py
[2026-03-18T18:36:39.569+0530] {logging_mixin.py:188} INFO - [2026-03-18T18:36:39.568+0530] {dag.py:3047} INFO - Sync 1 DAGs
[2026-03-18T18:36:39.592+0530] {logging_mixin.py:188} INFO - [2026-03-18T18:36:39.591+0530] {dag.py:3834} INFO - Setting next_dagrun for example_sensor_decorator to None, run_after=None
[2026-03-18T18:36:39.655+0530] {processor.py:183} INFO - Processing /home/tejasvi/Desktop/airflow_ssh_simulation/venv/lib/python3.10/site-packages/airflow/example_dags/example_sensor_decorator.py took 0.167 seconds
[2026-03-18T18:37:55.951+0530] {processor.py:161} INFO - Started process (PID=25399) to work on /home/tejasvi/Desktop/airflow_ssh_simulation/venv/lib/python3.10/site-packages/airflow/example_dags/example_sensor_decorator.py
[2026-03-18T18:37:55.977+0530] {processor.py:830} INFO - Processing file /home/tejasvi/Desktop/airflow_ssh_simulation/venv/lib/python3.10/site-packages/airflow/example_dags/example_sensor_decorator.py for tasks to queue
[2026-03-18T18:37:55.981+0530] {logging_mixin.py:188} INFO - [2026-03-18T18:37:55.980+0530] {dagbag.py:540} INFO - Filling up the DagBag from /home/tejasvi/Desktop/airflow_ssh_simulation/venv/lib/python3.10/site-packages/airflow/example_dags/example_sensor_decorator.py
[2026-03-18T18:37:55.990+0530] {processor.py:840} INFO - DAG(s) 'example_sensor_decorator' retrieved from /home/tejasvi/Desktop/airflow_ssh_simulation/venv/lib/python3.10/site-packages/airflow/example_dags/example_sensor_decorator.py
[2026-03-18T18:37:56.007+0530] {logging_mixin.py:188} INFO - [2026-03-18T18:37:56.007+0530] {dag.py:3047} INFO - Sync 1 DAGs
[2026-03-18T18:37:56.019+0530] {logging_mixin.py:188} INFO - [2026-03-18T18:37:56.019+0530] {dag.py:3834} INFO - Setting next_dagrun for example_sensor_decorator to None, run_after=None
[2026-03-18T18:37:56.524+0530] {processor.py:183} INFO - Processing /home/tejasvi/Desktop/airflow_ssh_simulation/venv/lib/python3.10/site-packages/airflow/example_dags/example_sensor_decorator.py took 0.580 seconds
[2026-03-18T18:39:00.975+0530] {processor.py:161} INFO - Started process (PID=25574) to work on /home/tejasvi/Desktop/airflow_ssh_simulation/venv/lib/python3.10/site-packages/airflow/example_dags/example_sensor_decorator.py
[2026-03-18T18:39:00.983+0530] {processor.py:830} INFO - Processing file /home/tejasvi/Desktop/airflow_ssh_simulation/venv/lib/python3.10/site-packages/airflow/example_dags/example_sensor_decorator.py for tasks to queue
[2026-03-18T18:39:00.986+0530] {logging_mixin.py:188} INFO - [2026-03-18T18:39:00.985+0530] {dagbag.py:540} INFO - Filling up the DagBag from /home/tejasvi/Desktop/airflow_ssh_simulation/venv/lib/python3.10/site-packages/airflow/example_dags/example_sensor_decorator.py
[2026-03-18T18:39:00.994+0530] {processor.py:840} INFO - DAG(s) 'example_sensor_decorator' retrieved from /home/tejasvi/Desktop/airflow_ssh_simulation/venv/lib/python3.10/site-packages/airflow/example_dags/example_sensor_decorator.py
[2026-03-18T18:39:01.013+0530] {logging_mixin.py:188} INFO - [2026-03-18T18:39:01.013+0530] {dag.py:3047} INFO - Sync 1 DAGs
[2026-03-18T18:39:01.026+0530] {logging_mixin.py:188} INFO - [2026-03-18T18:39:01.026+0530] {dag.py:3834} INFO - Setting next_dagrun for example_sensor_decorator to None, run_after=None
[2026-03-18T18:39:01.114+0530] {processor.py:183} INFO - Processing /home/tejasvi/Desktop/airflow_ssh_simulation/venv/lib/python3.10/site-packages/airflow/example_dags/example_sensor_decorator.py took 0.145 seconds
[2026-03-18T18:40:02.298+0530] {processor.py:161} INFO - Started process (PID=25722) to work on /home/tejasvi/Desktop/airflow_ssh_simulation/venv/lib/python3.10/site-packages/airflow/example_dags/example_sensor_decorator.py
[2026-03-18T18:40:02.327+0530] {processor.py:830} INFO - Processing file /home/tejasvi/Desktop/airflow_ssh_simulation/venv/lib/python3.10/site-packages/airflow/example_dags/example_sensor_decorator.py for tasks to queue
[2026-03-18T18:40:02.332+0530] {logging_mixin.py:188} INFO - [2026-03-18T18:40:02.331+0530] {dagbag.py:540} INFO - Filling up the DagBag from /home/tejasvi/Desktop/airflow_ssh_simulation/venv/lib/python3.10/site-packages/airflow/example_dags/example_sensor_decorator.py
[2026-03-18T18:40:02.349+0530] {processor.py:840} INFO - DAG(s) 'example_sensor_decorator' retrieved from /home/tejasvi/Desktop/airflow_ssh_simulation/venv/lib/python3.10/site-packages/airflow/example_dags/example_sensor_decorator.py
[2026-03-18T18:40:02.369+0530] {logging_mixin.py:188} INFO - [2026-03-18T18:40:02.369+0530] {dag.py:3047} INFO - Sync 1 DAGs
[2026-03-18T18:40:02.381+0530] {logging_mixin.py:188} INFO - [2026-03-18T18:40:02.381+0530] {dag.py:3834} INFO - Setting next_dagrun for example_sensor_decorator to None, run_after=None
[2026-03-18T18:40:02.503+0530] {processor.py:183} INFO - Processing /home/tejasvi/Desktop/airflow_ssh_simulation/venv/lib/python3.10/site-packages/airflow/example_dags/example_sensor_decorator.py took 0.211 seconds
[2026-03-18T18:41:06.114+0530] {processor.py:161} INFO - Started process (PID=25924) to work on /home/tejasvi/Desktop/airflow_ssh_simulation/venv/lib/python3.10/site-packages/airflow/example_dags/example_sensor_decorator.py
[2026-03-18T18:41:06.138+0530] {processor.py:830} INFO - Processing file /home/tejasvi/Desktop/airflow_ssh_simulation/venv/lib/python3.10/site-packages/airflow/example_dags/example_sensor_decorator.py for tasks to queue
[2026-03-18T18:41:06.142+0530] {logging_mixin.py:188} INFO - [2026-03-18T18:41:06.141+0530] {dagbag.py:540} INFO - Filling up the DagBag from /home/tejasvi/Desktop/airflow_ssh_simulation/venv/lib/python3.10/site-packages/airflow/example_dags/example_sensor_decorator.py
[2026-03-18T18:41:06.152+0530] {processor.py:840} INFO - DAG(s) 'example_sensor_decorator' retrieved from /home/tejasvi/Desktop/airflow_ssh_simulation/venv/lib/python3.10/site-packages/airflow/example_dags/example_sensor_decorator.py
[2026-03-18T18:41:06.168+0530] {logging_mixin.py:188} INFO - [2026-03-18T18:41:06.167+0530] {dag.py:3047} INFO - Sync 1 DAGs
[2026-03-18T18:41:06.180+0530] {logging_mixin.py:188} INFO - [2026-03-18T18:41:06.179+0530] {dag.py:3834} INFO - Setting next_dagrun for example_sensor_decorator to None, run_after=None
[2026-03-18T18:41:06.287+0530] {processor.py:183} INFO - Processing /home/tejasvi/Desktop/airflow_ssh_simulation/venv/lib/python3.10/site-packages/airflow/example_dags/example_sensor_decorator.py took 0.181 seconds
[2026-03-18T18:42:12.122+0530] {processor.py:161} INFO - Started process (PID=26084) to work on /home/tejasvi/Desktop/airflow_ssh_simulation/venv/lib/python3.10/site-packages/airflow/example_dags/example_sensor_decorator.py
[2026-03-18T18:42:12.157+0530] {processor.py:830} INFO - Processing file /home/tejasvi/Desktop/airflow_ssh_simulation/venv/lib/python3.10/site-packages/airflow/example_dags/example_sensor_decorator.py for tasks to queue
[2026-03-18T18:42:12.160+0530] {logging_mixin.py:188} INFO - [2026-03-18T18:42:12.160+0530] {dagbag.py:540} INFO - Filling up the DagBag from /home/tejasvi/Desktop/airflow_ssh_simulation/venv/lib/python3.10/site-packages/airflow/example_dags/example_sensor_decorator.py
[2026-03-18T18:42:12.170+0530] {processor.py:840} INFO - DAG(s) 'example_sensor_decorator' retrieved from /home/tejasvi/Desktop/airflow_ssh_simulation/venv/lib/python3.10/site-packages/airflow/example_dags/example_sensor_decorator.py
[2026-03-18T18:42:12.186+0530] {logging_mixin.py:188} INFO - [2026-03-18T18:42:12.186+0530] {dag.py:3047} INFO - Sync 1 DAGs
[2026-03-18T18:42:12.199+0530] {logging_mixin.py:188} INFO - [2026-03-18T18:42:12.198+0530] {dag.py:3834} INFO - Setting next_dagrun for example_sensor_decorator to None, run_after=None
[2026-03-18T18:42:12.263+0530] {processor.py:183} INFO - Processing /home/tejasvi/Desktop/airflow_ssh_simulation/venv/lib/python3.10/site-packages/airflow/example_dags/example_sensor_decorator.py took 0.149 seconds
[2026-03-18T18:43:32.399+0530] {processor.py:161} INFO - Started process (PID=26261) to work on /home/tejasvi/Desktop/airflow_ssh_simulation/venv/lib/python3.10/site-packages/airflow/example_dags/example_sensor_decorator.py
[2026-03-18T18:43:32.507+0530] {processor.py:830} INFO - Processing file /home/tejasvi/Desktop/airflow_ssh_simulation/venv/lib/python3.10/site-packages/airflow/example_dags/example_sensor_decorator.py for tasks to queue
[2026-03-18T18:43:32.511+0530] {logging_mixin.py:188} INFO - [2026-03-18T18:43:32.511+0530] {dagbag.py:540} INFO - Filling up the DagBag from /home/tejasvi/Desktop/airflow_ssh_simulation/venv/lib/python3.10/site-packages/airflow/example_dags/example_sensor_decorator.py
[2026-03-18T18:43:32.521+0530] {processor.py:840} INFO - DAG(s) 'example_sensor_decorator' retrieved from /home/tejasvi/Desktop/airflow_ssh_simulation/venv/lib/python3.10/site-packages/airflow/example_dags/example_sensor_decorator.py
[2026-03-18T18:43:32.537+0530] {logging_mixin.py:188} INFO - [2026-03-18T18:43:32.537+0530] {dag.py:3047} INFO - Sync 1 DAGs
[2026-03-18T18:43:32.549+0530] {logging_mixin.py:188} INFO - [2026-03-18T18:43:32.549+0530] {dag.py:3834} INFO - Setting next_dagrun for example_sensor_decorator to None, run_after=None
[2026-03-18T18:43:32.782+0530] {processor.py:183} INFO - Processing /home/tejasvi/Desktop/airflow_ssh_simulation/venv/lib/python3.10/site-packages/airflow/example_dags/example_sensor_decorator.py took 0.390 seconds
[2026-03-18T18:44:40.385+0530] {processor.py:161} INFO - Started process (PID=26435) to work on /home/tejasvi/Desktop/airflow_ssh_simulation/venv/lib/python3.10/site-packages/airflow/example_dags/example_sensor_decorator.py
[2026-03-18T18:44:40.463+0530] {processor.py:830} INFO - Processing file /home/tejasvi/Desktop/airflow_ssh_simulation/venv/lib/python3.10/site-packages/airflow/example_dags/example_sensor_decorator.py for tasks to queue
[2026-03-18T18:44:40.466+0530] {logging_mixin.py:188} INFO - [2026-03-18T18:44:40.465+0530] {dagbag.py:540} INFO - Filling up the DagBag from /home/tejasvi/Desktop/airflow_ssh_simulation/venv/lib/python3.10/site-packages/airflow/example_dags/example_sensor_decorator.py
[2026-03-18T18:44:40.475+0530] {processor.py:840} INFO - DAG(s) 'example_sensor_decorator' retrieved from /home/tejasvi/Desktop/airflow_ssh_simulation/venv/lib/python3.10/site-packages/airflow/example_dags/example_sensor_decorator.py
[2026-03-18T18:44:40.491+0530] {logging_mixin.py:188} INFO - [2026-03-18T18:44:40.490+0530] {dag.py:3047} INFO - Sync 1 DAGs
[2026-03-18T18:44:40.503+0530] {logging_mixin.py:188} INFO - [2026-03-18T18:44:40.503+0530] {dag.py:3834} INFO - Setting next_dagrun for example_sensor_decorator to None, run_after=None
[2026-03-18T18:44:40.618+0530] {processor.py:183} INFO - Processing /home/tejasvi/Desktop/airflow_ssh_simulation/venv/lib/python3.10/site-packages/airflow/example_dags/example_sensor_decorator.py took 0.240 seconds
[2026-03-18T18:45:59.030+0530] {processor.py:161} INFO - Started process (PID=26635) to work on /home/tejasvi/Desktop/airflow_ssh_simulation/venv/lib/python3.10/site-packages/airflow/example_dags/example_sensor_decorator.py
[2026-03-18T18:45:59.038+0530] {processor.py:830} INFO - Processing file /home/tejasvi/Desktop/airflow_ssh_simulation/venv/lib/python3.10/site-packages/airflow/example_dags/example_sensor_decorator.py for tasks to queue
[2026-03-18T18:45:59.041+0530] {logging_mixin.py:188} INFO - [2026-03-18T18:45:59.040+0530] {dagbag.py:540} INFO - Filling up the DagBag from /home/tejasvi/Desktop/airflow_ssh_simulation/venv/lib/python3.10/site-packages/airflow/example_dags/example_sensor_decorator.py
[2026-03-18T18:45:59.049+0530] {processor.py:840} INFO - DAG(s) 'example_sensor_decorator' retrieved from /home/tejasvi/Desktop/airflow_ssh_simulation/venv/lib/python3.10/site-packages/airflow/example_dags/example_sensor_decorator.py
[2026-03-18T18:45:59.065+0530] {logging_mixin.py:188} INFO - [2026-03-18T18:45:59.065+0530] {dag.py:3047} INFO - Sync 1 DAGs
[2026-03-18T18:45:59.078+0530] {logging_mixin.py:188} INFO - [2026-03-18T18:45:59.078+0530] {dag.py:3834} INFO - Setting next_dagrun for example_sensor_decorator to None, run_after=None
[2026-03-18T18:45:59.156+0530] {processor.py:183} INFO - Processing /home/tejasvi/Desktop/airflow_ssh_simulation/venv/lib/python3.10/site-packages/airflow/example_dags/example_sensor_decorator.py took 0.133 seconds
[2026-03-18T18:47:16.685+0530] {processor.py:161} INFO - Started process (PID=26829) to work on /home/tejasvi/Desktop/airflow_ssh_simulation/venv/lib/python3.10/site-packages/airflow/example_dags/example_sensor_decorator.py
[2026-03-18T18:47:16.719+0530] {processor.py:830} INFO - Processing file /home/tejasvi/Desktop/airflow_ssh_simulation/venv/lib/python3.10/site-packages/airflow/example_dags/example_sensor_decorator.py for tasks to queue
[2026-03-18T18:47:16.723+0530] {logging_mixin.py:188} INFO - [2026-03-18T18:47:16.722+0530] {dagbag.py:540} INFO - Filling up the DagBag from /home/tejasvi/Desktop/airflow_ssh_simulation/venv/lib/python3.10/site-packages/airflow/example_dags/example_sensor_decorator.py
[2026-03-18T18:47:16.734+0530] {processor.py:840} INFO - DAG(s) 'example_sensor_decorator' retrieved from /home/tejasvi/Desktop/airflow_ssh_simulation/venv/lib/python3.10/site-packages/airflow/example_dags/example_sensor_decorator.py
[2026-03-18T18:47:16.753+0530] {logging_mixin.py:188} INFO - [2026-03-18T18:47:16.753+0530] {dag.py:3047} INFO - Sync 1 DAGs
[2026-03-18T18:47:16.769+0530] {logging_mixin.py:188} INFO - [2026-03-18T18:47:16.768+0530] {dag.py:3834} INFO - Setting next_dagrun for example_sensor_decorator to None, run_after=None
[2026-03-18T18:47:16.866+0530] {processor.py:183} INFO - Processing /home/tejasvi/Desktop/airflow_ssh_simulation/venv/lib/python3.10/site-packages/airflow/example_dags/example_sensor_decorator.py took 0.190 seconds
[2026-03-18T18:48:32.690+0530] {processor.py:161} INFO - Started process (PID=27022) to work on /home/tejasvi/Desktop/airflow_ssh_simulation/venv/lib/python3.10/site-packages/airflow/example_dags/example_sensor_decorator.py
[2026-03-18T18:48:33.080+0530] {processor.py:830} INFO - Processing file /home/tejasvi/Desktop/airflow_ssh_simulation/venv/lib/python3.10/site-packages/airflow/example_dags/example_sensor_decorator.py for tasks to queue
[2026-03-18T18:48:33.083+0530] {logging_mixin.py:188} INFO - [2026-03-18T18:48:33.083+0530] {dagbag.py:540} INFO - Filling up the DagBag from /home/tejasvi/Desktop/airflow_ssh_simulation/venv/lib/python3.10/site-packages/airflow/example_dags/example_sensor_decorator.py
[2026-03-18T18:48:33.093+0530] {processor.py:840} INFO - DAG(s) 'example_sensor_decorator' retrieved from /home/tejasvi/Desktop/airflow_ssh_simulation/venv/lib/python3.10/site-packages/airflow/example_dags/example_sensor_decorator.py
[2026-03-18T18:48:33.108+0530] {logging_mixin.py:188} INFO - [2026-03-18T18:48:33.108+0530] {dag.py:3047} INFO - Sync 1 DAGs
[2026-03-18T18:48:33.120+0530] {logging_mixin.py:188} INFO - [2026-03-18T18:48:33.120+0530] {dag.py:3834} INFO - Setting next_dagrun for example_sensor_decorator to None, run_after=None
[2026-03-18T18:48:33.488+0530] {processor.py:183} INFO - Processing /home/tejasvi/Desktop/airflow_ssh_simulation/venv/lib/python3.10/site-packages/airflow/example_dags/example_sensor_decorator.py took 0.805 seconds
[2026-03-18T18:49:43.965+0530] {processor.py:161} INFO - Started process (PID=27195) to work on /home/tejasvi/Desktop/airflow_ssh_simulation/venv/lib/python3.10/site-packages/airflow/example_dags/example_sensor_decorator.py
[2026-03-18T18:49:44.008+0530] {processor.py:830} INFO - Processing file /home/tejasvi/Desktop/airflow_ssh_simulation/venv/lib/python3.10/site-packages/airflow/example_dags/example_sensor_decorator.py for tasks to queue
[2026-03-18T18:49:44.011+0530] {logging_mixin.py:188} INFO - [2026-03-18T18:49:44.011+0530] {dagbag.py:540} INFO - Filling up the DagBag from /home/tejasvi/Desktop/airflow_ssh_simulation/venv/lib/python3.10/site-packages/airflow/example_dags/example_sensor_decorator.py
[2026-03-18T18:49:44.020+0530] {processor.py:840} INFO - DAG(s) 'example_sensor_decorator' retrieved from /home/tejasvi/Desktop/airflow_ssh_simulation/venv/lib/python3.10/site-packages/airflow/example_dags/example_sensor_decorator.py
[2026-03-18T18:49:44.036+0530] {logging_mixin.py:188} INFO - [2026-03-18T18:49:44.036+0530] {dag.py:3047} INFO - Sync 1 DAGs
[2026-03-18T18:49:44.048+0530] {logging_mixin.py:188} INFO - [2026-03-18T18:49:44.048+0530] {dag.py:3834} INFO - Setting next_dagrun for example_sensor_decorator to None, run_after=None
[2026-03-18T18:49:44.150+0530] {processor.py:183} INFO - Processing /home/tejasvi/Desktop/airflow_ssh_simulation/venv/lib/python3.10/site-packages/airflow/example_dags/example_sensor_decorator.py took 0.193 seconds
[2026-03-18T18:50:38.973+0530] {processor.py:161} INFO - Started process (PID=27369) to work on /home/tejasvi/Desktop/airflow_ssh_simulation/venv/lib/python3.10/site-packages/airflow/example_dags/example_sensor_decorator.py
[2026-03-18T18:50:38.986+0530] {processor.py:830} INFO - Processing file /home/tejasvi/Desktop/airflow_ssh_simulation/venv/lib/python3.10/site-packages/airflow/example_dags/example_sensor_decorator.py for tasks to queue
[2026-03-18T18:50:38.988+0530] {logging_mixin.py:188} INFO - [2026-03-18T18:50:38.988+0530] {dagbag.py:540} INFO - Filling up the DagBag from /home/tejasvi/Desktop/airflow_ssh_simulation/venv/lib/python3.10/site-packages/airflow/example_dags/example_sensor_decorator.py
[2026-03-18T18:50:38.998+0530] {processor.py:840} INFO - DAG(s) 'example_sensor_decorator' retrieved from /home/tejasvi/Desktop/airflow_ssh_simulation/venv/lib/python3.10/site-packages/airflow/example_dags/example_sensor_decorator.py
[2026-03-18T18:50:39.015+0530] {logging_mixin.py:188} INFO - [2026-03-18T18:50:39.015+0530] {dag.py:3047} INFO - Sync 1 DAGs
[2026-03-18T18:50:39.027+0530] {logging_mixin.py:188} INFO - [2026-03-18T18:50:39.027+0530] {dag.py:3834} INFO - Setting next_dagrun for example_sensor_decorator to None, run_after=None
[2026-03-18T18:50:39.174+0530] {processor.py:183} INFO - Processing /home/tejasvi/Desktop/airflow_ssh_simulation/venv/lib/python3.10/site-packages/airflow/example_dags/example_sensor_decorator.py took 0.205 seconds
