[2026-03-18T17:39:45.481+0530] {processor.py:161} INFO - Started process (PID=5407) to work on /home/tejasvi/Desktop/airflow_ssh_simulation/venv/lib/python3.10/site-packages/airflow/example_dags/example_latest_only.py
[2026-03-18T17:39:45.483+0530] {processor.py:830} INFO - Processing file /home/tejasvi/Desktop/airflow_ssh_simulation/venv/lib/python3.10/site-packages/airflow/example_dags/example_latest_only.py for tasks to queue
[2026-03-18T17:39:45.485+0530] {logging_mixin.py:188} INFO - [2026-03-18T17:39:45.484+0530] {dagbag.py:540} INFO - Filling up the DagBag from /home/tejasvi/Desktop/airflow_ssh_simulation/venv/lib/python3.10/site-packages/airflow/example_dags/example_latest_only.py
[2026-03-18T17:39:45.559+0530] {processor.py:840} INFO - DAG(s) 'latest_only' retrieved from /home/tejasvi/Desktop/airflow_ssh_simulation/venv/lib/python3.10/site-packages/airflow/example_dags/example_latest_only.py
[2026-03-18T17:39:45.590+0530] {logging_mixin.py:188} INFO - [2026-03-18T17:39:45.589+0530] {dag.py:3047} INFO - Sync 1 DAGs
[2026-03-18T17:39:45.629+0530] {logging_mixin.py:188} INFO - [2026-03-18T17:39:45.629+0530] {dag.py:3834} INFO - Setting next_dagrun for latest_only to 2026-03-18 08:00:00+00:00, run_after=2026-03-18 12:00:00+00:00
[2026-03-18T17:39:45.682+0530] {processor.py:183} INFO - Processing /home/tejasvi/Desktop/airflow_ssh_simulation/venv/lib/python3.10/site-packages/airflow/example_dags/example_latest_only.py took 0.211 seconds
[2026-03-18T17:41:06.367+0530] {processor.py:161} INFO - Started process (PID=5514) to work on /home/tejasvi/Desktop/airflow_ssh_simulation/venv/lib/python3.10/site-packages/airflow/example_dags/example_latest_only.py
[2026-03-18T17:41:06.425+0530] {processor.py:830} INFO - Processing file /home/tejasvi/Desktop/airflow_ssh_simulation/venv/lib/python3.10/site-packages/airflow/example_dags/example_latest_only.py for tasks to queue
[2026-03-18T17:41:06.430+0530] {logging_mixin.py:188} INFO - [2026-03-18T17:41:06.428+0530] {dagbag.py:540} INFO - Filling up the DagBag from /home/tejasvi/Desktop/airflow_ssh_simulation/venv/lib/python3.10/site-packages/airflow/example_dags/example_latest_only.py
[2026-03-18T17:41:06.445+0530] {processor.py:840} INFO - DAG(s) 'latest_only' retrieved from /home/tejasvi/Desktop/airflow_ssh_simulation/venv/lib/python3.10/site-packages/airflow/example_dags/example_latest_only.py
[2026-03-18T17:41:06.716+0530] {logging_mixin.py:188} INFO - [2026-03-18T17:41:06.715+0530] {dag.py:3047} INFO - Sync 1 DAGs
[2026-03-18T17:41:06.775+0530] {logging_mixin.py:188} INFO - [2026-03-18T17:41:06.774+0530] {dag.py:3834} INFO - Setting next_dagrun for latest_only to 2026-03-18 08:00:00+00:00, run_after=2026-03-18 12:00:00+00:00
[2026-03-18T17:41:06.921+0530] {processor.py:183} INFO - Processing /home/tejasvi/Desktop/airflow_ssh_simulation/venv/lib/python3.10/site-packages/airflow/example_dags/example_latest_only.py took 0.560 seconds
[2026-03-18T17:42:13.406+0530] {processor.py:161} INFO - Started process (PID=5625) to work on /home/tejasvi/Desktop/airflow_ssh_simulation/venv/lib/python3.10/site-packages/airflow/example_dags/example_latest_only.py
[2026-03-18T17:42:13.442+0530] {processor.py:830} INFO - Processing file /home/tejasvi/Desktop/airflow_ssh_simulation/venv/lib/python3.10/site-packages/airflow/example_dags/example_latest_only.py for tasks to queue
[2026-03-18T17:42:13.450+0530] {logging_mixin.py:188} INFO - [2026-03-18T17:42:13.449+0530] {dagbag.py:540} INFO - Filling up the DagBag from /home/tejasvi/Desktop/airflow_ssh_simulation/venv/lib/python3.10/site-packages/airflow/example_dags/example_latest_only.py
[2026-03-18T17:42:13.467+0530] {processor.py:840} INFO - DAG(s) 'latest_only' retrieved from /home/tejasvi/Desktop/airflow_ssh_simulation/venv/lib/python3.10/site-packages/airflow/example_dags/example_latest_only.py
[2026-03-18T17:42:13.500+0530] {logging_mixin.py:188} INFO - [2026-03-18T17:42:13.499+0530] {dag.py:3047} INFO - Sync 1 DAGs
[2026-03-18T17:42:13.539+0530] {logging_mixin.py:188} INFO - [2026-03-18T17:42:13.539+0530] {dag.py:3834} INFO - Setting next_dagrun for latest_only to 2026-03-18 08:00:00+00:00, run_after=2026-03-18 12:00:00+00:00
[2026-03-18T17:42:13.614+0530] {processor.py:183} INFO - Processing /home/tejasvi/Desktop/airflow_ssh_simulation/venv/lib/python3.10/site-packages/airflow/example_dags/example_latest_only.py took 0.216 seconds
[2026-03-18T17:43:23.034+0530] {processor.py:161} INFO - Started process (PID=5789) to work on /home/tejasvi/Desktop/airflow_ssh_simulation/venv/lib/python3.10/site-packages/airflow/example_dags/example_latest_only.py
[2026-03-18T17:43:23.092+0530] {processor.py:830} INFO - Processing file /home/tejasvi/Desktop/airflow_ssh_simulation/venv/lib/python3.10/site-packages/airflow/example_dags/example_latest_only.py for tasks to queue
[2026-03-18T17:43:23.096+0530] {logging_mixin.py:188} INFO - [2026-03-18T17:43:23.095+0530] {dagbag.py:540} INFO - Filling up the DagBag from /home/tejasvi/Desktop/airflow_ssh_simulation/venv/lib/python3.10/site-packages/airflow/example_dags/example_latest_only.py
[2026-03-18T17:43:23.104+0530] {processor.py:840} INFO - DAG(s) 'latest_only' retrieved from /home/tejasvi/Desktop/airflow_ssh_simulation/venv/lib/python3.10/site-packages/airflow/example_dags/example_latest_only.py
[2026-03-18T17:43:23.129+0530] {logging_mixin.py:188} INFO - [2026-03-18T17:43:23.128+0530] {dag.py:3047} INFO - Sync 1 DAGs
[2026-03-18T17:43:23.160+0530] {logging_mixin.py:188} INFO - [2026-03-18T17:43:23.159+0530] {dag.py:3834} INFO - Setting next_dagrun for latest_only to 2026-03-18 08:00:00+00:00, run_after=2026-03-18 12:00:00+00:00
[2026-03-18T17:43:23.292+0530] {processor.py:183} INFO - Processing /home/tejasvi/Desktop/airflow_ssh_simulation/venv/lib/python3.10/site-packages/airflow/example_dags/example_latest_only.py took 0.265 seconds
[2026-03-18T17:44:36.578+0530] {processor.py:161} INFO - Started process (PID=7637) to work on /home/tejasvi/Desktop/airflow_ssh_simulation/venv/lib/python3.10/site-packages/airflow/example_dags/example_latest_only.py
[2026-03-18T17:44:36.650+0530] {processor.py:830} INFO - Processing file /home/tejasvi/Desktop/airflow_ssh_simulation/venv/lib/python3.10/site-packages/airflow/example_dags/example_latest_only.py for tasks to queue
[2026-03-18T17:44:36.656+0530] {logging_mixin.py:188} INFO - [2026-03-18T17:44:36.654+0530] {dagbag.py:540} INFO - Filling up the DagBag from /home/tejasvi/Desktop/airflow_ssh_simulation/venv/lib/python3.10/site-packages/airflow/example_dags/example_latest_only.py
[2026-03-18T17:44:36.669+0530] {processor.py:840} INFO - DAG(s) 'latest_only' retrieved from /home/tejasvi/Desktop/airflow_ssh_simulation/venv/lib/python3.10/site-packages/airflow/example_dags/example_latest_only.py
[2026-03-18T17:44:36.704+0530] {logging_mixin.py:188} INFO - [2026-03-18T17:44:36.703+0530] {dag.py:3047} INFO - Sync 1 DAGs
[2026-03-18T17:44:36.775+0530] {logging_mixin.py:188} INFO - [2026-03-18T17:44:36.774+0530] {dag.py:3834} INFO - Setting next_dagrun for latest_only to 2026-03-18 08:00:00+00:00, run_after=2026-03-18 12:00:00+00:00
[2026-03-18T17:44:36.998+0530] {processor.py:183} INFO - Processing /home/tejasvi/Desktop/airflow_ssh_simulation/venv/lib/python3.10/site-packages/airflow/example_dags/example_latest_only.py took 0.429 seconds
[2026-03-18T17:45:45.110+0530] {processor.py:161} INFO - Started process (PID=8491) to work on /home/tejasvi/Desktop/airflow_ssh_simulation/venv/lib/python3.10/site-packages/airflow/example_dags/example_latest_only.py
[2026-03-18T17:45:45.168+0530] {processor.py:830} INFO - Processing file /home/tejasvi/Desktop/airflow_ssh_simulation/venv/lib/python3.10/site-packages/airflow/example_dags/example_latest_only.py for tasks to queue
[2026-03-18T17:45:45.172+0530] {logging_mixin.py:188} INFO - [2026-03-18T17:45:45.171+0530] {dagbag.py:540} INFO - Filling up the DagBag from /home/tejasvi/Desktop/airflow_ssh_simulation/venv/lib/python3.10/site-packages/airflow/example_dags/example_latest_only.py
[2026-03-18T17:45:45.179+0530] {processor.py:840} INFO - DAG(s) 'latest_only' retrieved from /home/tejasvi/Desktop/airflow_ssh_simulation/venv/lib/python3.10/site-packages/airflow/example_dags/example_latest_only.py
[2026-03-18T17:45:45.204+0530] {logging_mixin.py:188} INFO - [2026-03-18T17:45:45.203+0530] {dag.py:3047} INFO - Sync 1 DAGs
[2026-03-18T17:45:45.254+0530] {logging_mixin.py:188} INFO - [2026-03-18T17:45:45.253+0530] {dag.py:3834} INFO - Setting next_dagrun for latest_only to 2026-03-18 08:00:00+00:00, run_after=2026-03-18 12:00:00+00:00
[2026-03-18T17:45:45.327+0530] {processor.py:183} INFO - Processing /home/tejasvi/Desktop/airflow_ssh_simulation/venv/lib/python3.10/site-packages/airflow/example_dags/example_latest_only.py took 0.225 seconds
[2026-03-18T17:46:57.823+0530] {processor.py:161} INFO - Started process (PID=9263) to work on /home/tejasvi/Desktop/airflow_ssh_simulation/venv/lib/python3.10/site-packages/airflow/example_dags/example_latest_only.py
[2026-03-18T17:46:57.888+0530] {processor.py:830} INFO - Processing file /home/tejasvi/Desktop/airflow_ssh_simulation/venv/lib/python3.10/site-packages/airflow/example_dags/example_latest_only.py for tasks to queue
[2026-03-18T17:46:57.896+0530] {logging_mixin.py:188} INFO - [2026-03-18T17:46:57.894+0530] {dagbag.py:540} INFO - Filling up the DagBag from /home/tejasvi/Desktop/airflow_ssh_simulation/venv/lib/python3.10/site-packages/airflow/example_dags/example_latest_only.py
[2026-03-18T17:46:57.985+0530] {processor.py:840} INFO - DAG(s) 'latest_only' retrieved from /home/tejasvi/Desktop/airflow_ssh_simulation/venv/lib/python3.10/site-packages/airflow/example_dags/example_latest_only.py
[2026-03-18T17:46:58.017+0530] {logging_mixin.py:188} INFO - [2026-03-18T17:46:58.016+0530] {dag.py:3047} INFO - Sync 1 DAGs
[2026-03-18T17:46:58.042+0530] {logging_mixin.py:188} INFO - [2026-03-18T17:46:58.042+0530] {dag.py:3834} INFO - Setting next_dagrun for latest_only to 2026-03-18 08:00:00+00:00, run_after=2026-03-18 12:00:00+00:00
[2026-03-18T17:46:58.126+0530] {processor.py:183} INFO - Processing /home/tejasvi/Desktop/airflow_ssh_simulation/venv/lib/python3.10/site-packages/airflow/example_dags/example_latest_only.py took 0.309 seconds
[2026-03-18T17:48:10.114+0530] {processor.py:161} INFO - Started process (PID=9848) to work on /home/tejasvi/Desktop/airflow_ssh_simulation/venv/lib/python3.10/site-packages/airflow/example_dags/example_latest_only.py
[2026-03-18T17:48:10.260+0530] {processor.py:830} INFO - Processing file /home/tejasvi/Desktop/airflow_ssh_simulation/venv/lib/python3.10/site-packages/airflow/example_dags/example_latest_only.py for tasks to queue
[2026-03-18T17:48:10.263+0530] {logging_mixin.py:188} INFO - [2026-03-18T17:48:10.262+0530] {dagbag.py:540} INFO - Filling up the DagBag from /home/tejasvi/Desktop/airflow_ssh_simulation/venv/lib/python3.10/site-packages/airflow/example_dags/example_latest_only.py
[2026-03-18T17:48:10.271+0530] {processor.py:840} INFO - DAG(s) 'latest_only' retrieved from /home/tejasvi/Desktop/airflow_ssh_simulation/venv/lib/python3.10/site-packages/airflow/example_dags/example_latest_only.py
[2026-03-18T17:48:10.290+0530] {logging_mixin.py:188} INFO - [2026-03-18T17:48:10.289+0530] {dag.py:3047} INFO - Sync 1 DAGs
[2026-03-18T17:48:10.314+0530] {logging_mixin.py:188} INFO - [2026-03-18T17:48:10.313+0530] {dag.py:3834} INFO - Setting next_dagrun for latest_only to 2026-03-18 08:00:00+00:00, run_after=2026-03-18 12:00:00+00:00
[2026-03-18T17:48:10.411+0530] {processor.py:183} INFO - Processing /home/tejasvi/Desktop/airflow_ssh_simulation/venv/lib/python3.10/site-packages/airflow/example_dags/example_latest_only.py took 0.301 seconds
[2026-03-18T17:49:10.870+0530] {processor.py:161} INFO - Started process (PID=10315) to work on /home/tejasvi/Desktop/airflow_ssh_simulation/venv/lib/python3.10/site-packages/airflow/example_dags/example_latest_only.py
[2026-03-18T17:49:10.954+0530] {processor.py:830} INFO - Processing file /home/tejasvi/Desktop/airflow_ssh_simulation/venv/lib/python3.10/site-packages/airflow/example_dags/example_latest_only.py for tasks to queue
[2026-03-18T17:49:10.958+0530] {logging_mixin.py:188} INFO - [2026-03-18T17:49:10.957+0530] {dagbag.py:540} INFO - Filling up the DagBag from /home/tejasvi/Desktop/airflow_ssh_simulation/venv/lib/python3.10/site-packages/airflow/example_dags/example_latest_only.py
[2026-03-18T17:49:10.964+0530] {processor.py:840} INFO - DAG(s) 'latest_only' retrieved from /home/tejasvi/Desktop/airflow_ssh_simulation/venv/lib/python3.10/site-packages/airflow/example_dags/example_latest_only.py
[2026-03-18T17:49:10.982+0530] {logging_mixin.py:188} INFO - [2026-03-18T17:49:10.982+0530] {dag.py:3047} INFO - Sync 1 DAGs
[2026-03-18T17:49:11.005+0530] {logging_mixin.py:188} INFO - [2026-03-18T17:49:11.005+0530] {dag.py:3834} INFO - Setting next_dagrun for latest_only to 2026-03-18 08:00:00+00:00, run_after=2026-03-18 12:00:00+00:00
[2026-03-18T17:49:11.091+0530] {processor.py:183} INFO - Processing /home/tejasvi/Desktop/airflow_ssh_simulation/venv/lib/python3.10/site-packages/airflow/example_dags/example_latest_only.py took 0.229 seconds
[2026-03-18T17:50:15.987+0530] {processor.py:161} INFO - Started process (PID=10813) to work on /home/tejasvi/Desktop/airflow_ssh_simulation/venv/lib/python3.10/site-packages/airflow/example_dags/example_latest_only.py
[2026-03-18T17:50:16.071+0530] {processor.py:830} INFO - Processing file /home/tejasvi/Desktop/airflow_ssh_simulation/venv/lib/python3.10/site-packages/airflow/example_dags/example_latest_only.py for tasks to queue
[2026-03-18T17:50:16.074+0530] {logging_mixin.py:188} INFO - [2026-03-18T17:50:16.074+0530] {dagbag.py:540} INFO - Filling up the DagBag from /home/tejasvi/Desktop/airflow_ssh_simulation/venv/lib/python3.10/site-packages/airflow/example_dags/example_latest_only.py
[2026-03-18T17:50:16.081+0530] {processor.py:840} INFO - DAG(s) 'latest_only' retrieved from /home/tejasvi/Desktop/airflow_ssh_simulation/venv/lib/python3.10/site-packages/airflow/example_dags/example_latest_only.py
[2026-03-18T17:50:16.098+0530] {logging_mixin.py:188} INFO - [2026-03-18T17:50:16.097+0530] {dag.py:3047} INFO - Sync 1 DAGs
[2026-03-18T17:50:16.118+0530] {logging_mixin.py:188} INFO - [2026-03-18T17:50:16.117+0530] {dag.py:3834} INFO - Setting next_dagrun for latest_only to 2026-03-18 08:00:00+00:00, run_after=2026-03-18 12:00:00+00:00
[2026-03-18T17:50:16.241+0530] {processor.py:183} INFO - Processing /home/tejasvi/Desktop/airflow_ssh_simulation/venv/lib/python3.10/site-packages/airflow/example_dags/example_latest_only.py took 0.263 seconds
[2026-03-18T17:51:25.286+0530] {processor.py:161} INFO - Started process (PID=11415) to work on /home/tejasvi/Desktop/airflow_ssh_simulation/venv/lib/python3.10/site-packages/airflow/example_dags/example_latest_only.py
[2026-03-18T17:51:25.364+0530] {processor.py:830} INFO - Processing file /home/tejasvi/Desktop/airflow_ssh_simulation/venv/lib/python3.10/site-packages/airflow/example_dags/example_latest_only.py for tasks to queue
[2026-03-18T17:51:25.368+0530] {logging_mixin.py:188} INFO - [2026-03-18T17:51:25.367+0530] {dagbag.py:540} INFO - Filling up the DagBag from /home/tejasvi/Desktop/airflow_ssh_simulation/venv/lib/python3.10/site-packages/airflow/example_dags/example_latest_only.py
[2026-03-18T17:51:25.375+0530] {processor.py:840} INFO - DAG(s) 'latest_only' retrieved from /home/tejasvi/Desktop/airflow_ssh_simulation/venv/lib/python3.10/site-packages/airflow/example_dags/example_latest_only.py
[2026-03-18T17:51:25.392+0530] {logging_mixin.py:188} INFO - [2026-03-18T17:51:25.392+0530] {dag.py:3047} INFO - Sync 1 DAGs
[2026-03-18T17:51:25.416+0530] {logging_mixin.py:188} INFO - [2026-03-18T17:51:25.416+0530] {dag.py:3834} INFO - Setting next_dagrun for latest_only to 2026-03-18 08:00:00+00:00, run_after=2026-03-18 12:00:00+00:00
[2026-03-18T17:51:25.503+0530] {processor.py:183} INFO - Processing /home/tejasvi/Desktop/airflow_ssh_simulation/venv/lib/python3.10/site-packages/airflow/example_dags/example_latest_only.py took 0.225 seconds
[2026-03-18T17:52:30.790+0530] {processor.py:161} INFO - Started process (PID=11941) to work on /home/tejasvi/Desktop/airflow_ssh_simulation/venv/lib/python3.10/site-packages/airflow/example_dags/example_latest_only.py
[2026-03-18T17:52:30.817+0530] {processor.py:830} INFO - Processing file /home/tejasvi/Desktop/airflow_ssh_simulation/venv/lib/python3.10/site-packages/airflow/example_dags/example_latest_only.py for tasks to queue
[2026-03-18T17:52:30.821+0530] {logging_mixin.py:188} INFO - [2026-03-18T17:52:30.821+0530] {dagbag.py:540} INFO - Filling up the DagBag from /home/tejasvi/Desktop/airflow_ssh_simulation/venv/lib/python3.10/site-packages/airflow/example_dags/example_latest_only.py
[2026-03-18T17:52:30.831+0530] {processor.py:840} INFO - DAG(s) 'latest_only' retrieved from /home/tejasvi/Desktop/airflow_ssh_simulation/venv/lib/python3.10/site-packages/airflow/example_dags/example_latest_only.py
[2026-03-18T17:52:30.853+0530] {logging_mixin.py:188} INFO - [2026-03-18T17:52:30.852+0530] {dag.py:3047} INFO - Sync 1 DAGs
[2026-03-18T17:52:30.874+0530] {logging_mixin.py:188} INFO - [2026-03-18T17:52:30.874+0530] {dag.py:3834} INFO - Setting next_dagrun for latest_only to 2026-03-18 08:00:00+00:00, run_after=2026-03-18 12:00:00+00:00
[2026-03-18T17:52:31.270+0530] {processor.py:183} INFO - Processing /home/tejasvi/Desktop/airflow_ssh_simulation/venv/lib/python3.10/site-packages/airflow/example_dags/example_latest_only.py took 0.487 seconds
[2026-03-18T17:53:46.118+0530] {processor.py:161} INFO - Started process (PID=12861) to work on /home/tejasvi/Desktop/airflow_ssh_simulation/venv/lib/python3.10/site-packages/airflow/example_dags/example_latest_only.py
[2026-03-18T17:53:46.221+0530] {processor.py:830} INFO - Processing file /home/tejasvi/Desktop/airflow_ssh_simulation/venv/lib/python3.10/site-packages/airflow/example_dags/example_latest_only.py for tasks to queue
[2026-03-18T17:53:46.224+0530] {logging_mixin.py:188} INFO - [2026-03-18T17:53:46.224+0530] {dagbag.py:540} INFO - Filling up the DagBag from /home/tejasvi/Desktop/airflow_ssh_simulation/venv/lib/python3.10/site-packages/airflow/example_dags/example_latest_only.py
[2026-03-18T17:53:46.231+0530] {processor.py:840} INFO - DAG(s) 'latest_only' retrieved from /home/tejasvi/Desktop/airflow_ssh_simulation/venv/lib/python3.10/site-packages/airflow/example_dags/example_latest_only.py
[2026-03-18T17:53:46.249+0530] {logging_mixin.py:188} INFO - [2026-03-18T17:53:46.249+0530] {dag.py:3047} INFO - Sync 1 DAGs
[2026-03-18T17:53:46.271+0530] {logging_mixin.py:188} INFO - [2026-03-18T17:53:46.271+0530] {dag.py:3834} INFO - Setting next_dagrun for latest_only to 2026-03-18 08:00:00+00:00, run_after=2026-03-18 12:00:00+00:00
[2026-03-18T17:53:46.541+0530] {processor.py:183} INFO - Processing /home/tejasvi/Desktop/airflow_ssh_simulation/venv/lib/python3.10/site-packages/airflow/example_dags/example_latest_only.py took 0.429 seconds
[2026-03-18T17:54:52.317+0530] {processor.py:161} INFO - Started process (PID=13392) to work on /home/tejasvi/Desktop/airflow_ssh_simulation/venv/lib/python3.10/site-packages/airflow/example_dags/example_latest_only.py
[2026-03-18T17:54:52.438+0530] {processor.py:830} INFO - Processing file /home/tejasvi/Desktop/airflow_ssh_simulation/venv/lib/python3.10/site-packages/airflow/example_dags/example_latest_only.py for tasks to queue
[2026-03-18T17:54:52.441+0530] {logging_mixin.py:188} INFO - [2026-03-18T17:54:52.441+0530] {dagbag.py:540} INFO - Filling up the DagBag from /home/tejasvi/Desktop/airflow_ssh_simulation/venv/lib/python3.10/site-packages/airflow/example_dags/example_latest_only.py
[2026-03-18T17:54:52.448+0530] {processor.py:840} INFO - DAG(s) 'latest_only' retrieved from /home/tejasvi/Desktop/airflow_ssh_simulation/venv/lib/python3.10/site-packages/airflow/example_dags/example_latest_only.py
[2026-03-18T17:54:52.465+0530] {logging_mixin.py:188} INFO - [2026-03-18T17:54:52.464+0530] {dag.py:3047} INFO - Sync 1 DAGs
[2026-03-18T17:54:52.485+0530] {logging_mixin.py:188} INFO - [2026-03-18T17:54:52.485+0530] {dag.py:3834} INFO - Setting next_dagrun for latest_only to 2026-03-18 08:00:00+00:00, run_after=2026-03-18 12:00:00+00:00
[2026-03-18T17:54:52.708+0530] {processor.py:183} INFO - Processing /home/tejasvi/Desktop/airflow_ssh_simulation/venv/lib/python3.10/site-packages/airflow/example_dags/example_latest_only.py took 0.399 seconds
[2026-03-18T17:55:55.494+0530] {processor.py:161} INFO - Started process (PID=13872) to work on /home/tejasvi/Desktop/airflow_ssh_simulation/venv/lib/python3.10/site-packages/airflow/example_dags/example_latest_only.py
[2026-03-18T17:55:55.588+0530] {processor.py:830} INFO - Processing file /home/tejasvi/Desktop/airflow_ssh_simulation/venv/lib/python3.10/site-packages/airflow/example_dags/example_latest_only.py for tasks to queue
[2026-03-18T17:55:55.591+0530] {logging_mixin.py:188} INFO - [2026-03-18T17:55:55.591+0530] {dagbag.py:540} INFO - Filling up the DagBag from /home/tejasvi/Desktop/airflow_ssh_simulation/venv/lib/python3.10/site-packages/airflow/example_dags/example_latest_only.py
[2026-03-18T17:55:55.599+0530] {processor.py:840} INFO - DAG(s) 'latest_only' retrieved from /home/tejasvi/Desktop/airflow_ssh_simulation/venv/lib/python3.10/site-packages/airflow/example_dags/example_latest_only.py
[2026-03-18T17:55:55.617+0530] {logging_mixin.py:188} INFO - [2026-03-18T17:55:55.617+0530] {dag.py:3047} INFO - Sync 1 DAGs
[2026-03-18T17:55:55.643+0530] {logging_mixin.py:188} INFO - [2026-03-18T17:55:55.642+0530] {dag.py:3834} INFO - Setting next_dagrun for latest_only to 2026-03-18 08:00:00+00:00, run_after=2026-03-18 12:00:00+00:00
[2026-03-18T17:55:55.736+0530] {processor.py:183} INFO - Processing /home/tejasvi/Desktop/airflow_ssh_simulation/venv/lib/python3.10/site-packages/airflow/example_dags/example_latest_only.py took 0.247 seconds
[2026-03-18T17:57:07.693+0530] {processor.py:161} INFO - Started process (PID=14475) to work on /home/tejasvi/Desktop/airflow_ssh_simulation/venv/lib/python3.10/site-packages/airflow/example_dags/example_latest_only.py
[2026-03-18T17:57:07.739+0530] {processor.py:830} INFO - Processing file /home/tejasvi/Desktop/airflow_ssh_simulation/venv/lib/python3.10/site-packages/airflow/example_dags/example_latest_only.py for tasks to queue
[2026-03-18T17:57:07.744+0530] {logging_mixin.py:188} INFO - [2026-03-18T17:57:07.743+0530] {dagbag.py:540} INFO - Filling up the DagBag from /home/tejasvi/Desktop/airflow_ssh_simulation/venv/lib/python3.10/site-packages/airflow/example_dags/example_latest_only.py
[2026-03-18T17:57:07.753+0530] {processor.py:840} INFO - DAG(s) 'latest_only' retrieved from /home/tejasvi/Desktop/airflow_ssh_simulation/venv/lib/python3.10/site-packages/airflow/example_dags/example_latest_only.py
[2026-03-18T17:57:07.773+0530] {logging_mixin.py:188} INFO - [2026-03-18T17:57:07.773+0530] {dag.py:3047} INFO - Sync 1 DAGs
[2026-03-18T17:57:07.799+0530] {logging_mixin.py:188} INFO - [2026-03-18T17:57:07.799+0530] {dag.py:3834} INFO - Setting next_dagrun for latest_only to 2026-03-18 08:00:00+00:00, run_after=2026-03-18 12:00:00+00:00
[2026-03-18T17:57:07.892+0530] {processor.py:183} INFO - Processing /home/tejasvi/Desktop/airflow_ssh_simulation/venv/lib/python3.10/site-packages/airflow/example_dags/example_latest_only.py took 0.207 seconds
[2026-03-18T17:58:16.407+0530] {processor.py:161} INFO - Started process (PID=14982) to work on /home/tejasvi/Desktop/airflow_ssh_simulation/venv/lib/python3.10/site-packages/airflow/example_dags/example_latest_only.py
[2026-03-18T17:58:16.472+0530] {processor.py:830} INFO - Processing file /home/tejasvi/Desktop/airflow_ssh_simulation/venv/lib/python3.10/site-packages/airflow/example_dags/example_latest_only.py for tasks to queue
[2026-03-18T17:58:16.476+0530] {logging_mixin.py:188} INFO - [2026-03-18T17:58:16.475+0530] {dagbag.py:540} INFO - Filling up the DagBag from /home/tejasvi/Desktop/airflow_ssh_simulation/venv/lib/python3.10/site-packages/airflow/example_dags/example_latest_only.py
[2026-03-18T17:58:16.483+0530] {processor.py:840} INFO - DAG(s) 'latest_only' retrieved from /home/tejasvi/Desktop/airflow_ssh_simulation/venv/lib/python3.10/site-packages/airflow/example_dags/example_latest_only.py
[2026-03-18T17:58:16.499+0530] {logging_mixin.py:188} INFO - [2026-03-18T17:58:16.498+0530] {dag.py:3047} INFO - Sync 1 DAGs
[2026-03-18T17:58:16.519+0530] {logging_mixin.py:188} INFO - [2026-03-18T17:58:16.519+0530] {dag.py:3834} INFO - Setting next_dagrun for latest_only to 2026-03-18 08:00:00+00:00, run_after=2026-03-18 12:00:00+00:00
[2026-03-18T17:58:16.632+0530] {processor.py:183} INFO - Processing /home/tejasvi/Desktop/airflow_ssh_simulation/venv/lib/python3.10/site-packages/airflow/example_dags/example_latest_only.py took 0.233 seconds
[2026-03-18T17:59:15.219+0530] {processor.py:161} INFO - Started process (PID=15313) to work on /home/tejasvi/Desktop/airflow_ssh_simulation/venv/lib/python3.10/site-packages/airflow/example_dags/example_latest_only.py
[2026-03-18T17:59:15.260+0530] {processor.py:830} INFO - Processing file /home/tejasvi/Desktop/airflow_ssh_simulation/venv/lib/python3.10/site-packages/airflow/example_dags/example_latest_only.py for tasks to queue
[2026-03-18T17:59:15.263+0530] {logging_mixin.py:188} INFO - [2026-03-18T17:59:15.262+0530] {dagbag.py:540} INFO - Filling up the DagBag from /home/tejasvi/Desktop/airflow_ssh_simulation/venv/lib/python3.10/site-packages/airflow/example_dags/example_latest_only.py
[2026-03-18T17:59:15.271+0530] {processor.py:840} INFO - DAG(s) 'latest_only' retrieved from /home/tejasvi/Desktop/airflow_ssh_simulation/venv/lib/python3.10/site-packages/airflow/example_dags/example_latest_only.py
[2026-03-18T17:59:15.289+0530] {logging_mixin.py:188} INFO - [2026-03-18T17:59:15.289+0530] {dag.py:3047} INFO - Sync 1 DAGs
[2026-03-18T17:59:15.315+0530] {logging_mixin.py:188} INFO - [2026-03-18T17:59:15.314+0530] {dag.py:3834} INFO - Setting next_dagrun for latest_only to 2026-03-18 08:00:00+00:00, run_after=2026-03-18 12:00:00+00:00
[2026-03-18T17:59:15.398+0530] {processor.py:183} INFO - Processing /home/tejasvi/Desktop/airflow_ssh_simulation/venv/lib/python3.10/site-packages/airflow/example_dags/example_latest_only.py took 0.182 seconds
[2026-03-18T18:00:22.936+0530] {processor.py:161} INFO - Started process (PID=15479) to work on /home/tejasvi/Desktop/airflow_ssh_simulation/venv/lib/python3.10/site-packages/airflow/example_dags/example_latest_only.py
[2026-03-18T18:00:22.961+0530] {processor.py:830} INFO - Processing file /home/tejasvi/Desktop/airflow_ssh_simulation/venv/lib/python3.10/site-packages/airflow/example_dags/example_latest_only.py for tasks to queue
[2026-03-18T18:00:22.964+0530] {logging_mixin.py:188} INFO - [2026-03-18T18:00:22.963+0530] {dagbag.py:540} INFO - Filling up the DagBag from /home/tejasvi/Desktop/airflow_ssh_simulation/venv/lib/python3.10/site-packages/airflow/example_dags/example_latest_only.py
[2026-03-18T18:00:22.972+0530] {processor.py:840} INFO - DAG(s) 'latest_only' retrieved from /home/tejasvi/Desktop/airflow_ssh_simulation/venv/lib/python3.10/site-packages/airflow/example_dags/example_latest_only.py
[2026-03-18T18:00:22.991+0530] {logging_mixin.py:188} INFO - [2026-03-18T18:00:22.991+0530] {dag.py:3047} INFO - Sync 1 DAGs
[2026-03-18T18:00:23.016+0530] {logging_mixin.py:188} INFO - [2026-03-18T18:00:23.016+0530] {dag.py:3834} INFO - Setting next_dagrun for latest_only to 2026-03-18 08:00:00+00:00, run_after=2026-03-18 12:00:00+00:00
[2026-03-18T18:00:23.120+0530] {processor.py:183} INFO - Processing /home/tejasvi/Desktop/airflow_ssh_simulation/venv/lib/python3.10/site-packages/airflow/example_dags/example_latest_only.py took 0.193 seconds
[2026-03-18T18:01:22.898+0530] {processor.py:161} INFO - Started process (PID=16758) to work on /home/tejasvi/Desktop/airflow_ssh_simulation/venv/lib/python3.10/site-packages/airflow/example_dags/example_latest_only.py
[2026-03-18T18:01:22.970+0530] {processor.py:830} INFO - Processing file /home/tejasvi/Desktop/airflow_ssh_simulation/venv/lib/python3.10/site-packages/airflow/example_dags/example_latest_only.py for tasks to queue
[2026-03-18T18:01:22.973+0530] {logging_mixin.py:188} INFO - [2026-03-18T18:01:22.973+0530] {dagbag.py:540} INFO - Filling up the DagBag from /home/tejasvi/Desktop/airflow_ssh_simulation/venv/lib/python3.10/site-packages/airflow/example_dags/example_latest_only.py
[2026-03-18T18:01:22.982+0530] {processor.py:840} INFO - DAG(s) 'latest_only' retrieved from /home/tejasvi/Desktop/airflow_ssh_simulation/venv/lib/python3.10/site-packages/airflow/example_dags/example_latest_only.py
[2026-03-18T18:01:23.014+0530] {logging_mixin.py:188} INFO - [2026-03-18T18:01:23.014+0530] {dag.py:3047} INFO - Sync 1 DAGs
[2026-03-18T18:01:23.039+0530] {logging_mixin.py:188} INFO - [2026-03-18T18:01:23.038+0530] {dag.py:3834} INFO - Setting next_dagrun for latest_only to 2026-03-18 08:00:00+00:00, run_after=2026-03-18 12:00:00+00:00
[2026-03-18T18:01:23.139+0530] {processor.py:183} INFO - Processing /home/tejasvi/Desktop/airflow_ssh_simulation/venv/lib/python3.10/site-packages/airflow/example_dags/example_latest_only.py took 0.250 seconds
[2026-03-18T18:02:39.383+0530] {processor.py:161} INFO - Started process (PID=18004) to work on /home/tejasvi/Desktop/airflow_ssh_simulation/venv/lib/python3.10/site-packages/airflow/example_dags/example_latest_only.py
[2026-03-18T18:02:39.470+0530] {processor.py:830} INFO - Processing file /home/tejasvi/Desktop/airflow_ssh_simulation/venv/lib/python3.10/site-packages/airflow/example_dags/example_latest_only.py for tasks to queue
[2026-03-18T18:02:39.474+0530] {logging_mixin.py:188} INFO - [2026-03-18T18:02:39.474+0530] {dagbag.py:540} INFO - Filling up the DagBag from /home/tejasvi/Desktop/airflow_ssh_simulation/venv/lib/python3.10/site-packages/airflow/example_dags/example_latest_only.py
[2026-03-18T18:02:39.485+0530] {processor.py:840} INFO - DAG(s) 'latest_only' retrieved from /home/tejasvi/Desktop/airflow_ssh_simulation/venv/lib/python3.10/site-packages/airflow/example_dags/example_latest_only.py
[2026-03-18T18:02:39.512+0530] {logging_mixin.py:188} INFO - [2026-03-18T18:02:39.511+0530] {dag.py:3047} INFO - Sync 1 DAGs
[2026-03-18T18:02:39.539+0530] {logging_mixin.py:188} INFO - [2026-03-18T18:02:39.539+0530] {dag.py:3834} INFO - Setting next_dagrun for latest_only to 2026-03-18 08:00:00+00:00, run_after=2026-03-18 12:00:00+00:00
[2026-03-18T18:02:39.612+0530] {processor.py:183} INFO - Processing /home/tejasvi/Desktop/airflow_ssh_simulation/venv/lib/python3.10/site-packages/airflow/example_dags/example_latest_only.py took 0.234 seconds
[2026-03-18T18:03:48.257+0530] {processor.py:161} INFO - Started process (PID=18189) to work on /home/tejasvi/Desktop/airflow_ssh_simulation/venv/lib/python3.10/site-packages/airflow/example_dags/example_latest_only.py
[2026-03-18T18:03:48.368+0530] {processor.py:830} INFO - Processing file /home/tejasvi/Desktop/airflow_ssh_simulation/venv/lib/python3.10/site-packages/airflow/example_dags/example_latest_only.py for tasks to queue
[2026-03-18T18:03:48.372+0530] {logging_mixin.py:188} INFO - [2026-03-18T18:03:48.372+0530] {dagbag.py:540} INFO - Filling up the DagBag from /home/tejasvi/Desktop/airflow_ssh_simulation/venv/lib/python3.10/site-packages/airflow/example_dags/example_latest_only.py
[2026-03-18T18:03:48.380+0530] {processor.py:840} INFO - DAG(s) 'latest_only' retrieved from /home/tejasvi/Desktop/airflow_ssh_simulation/venv/lib/python3.10/site-packages/airflow/example_dags/example_latest_only.py
[2026-03-18T18:03:48.403+0530] {logging_mixin.py:188} INFO - [2026-03-18T18:03:48.403+0530] {dag.py:3047} INFO - Sync 1 DAGs
[2026-03-18T18:03:48.430+0530] {logging_mixin.py:188} INFO - [2026-03-18T18:03:48.429+0530] {dag.py:3834} INFO - Setting next_dagrun for latest_only to 2026-03-18 08:00:00+00:00, run_after=2026-03-18 12:00:00+00:00
[2026-03-18T18:03:48.523+0530] {processor.py:183} INFO - Processing /home/tejasvi/Desktop/airflow_ssh_simulation/venv/lib/python3.10/site-packages/airflow/example_dags/example_latest_only.py took 0.275 seconds
[2026-03-18T18:04:59.039+0530] {processor.py:161} INFO - Started process (PID=18683) to work on /home/tejasvi/Desktop/airflow_ssh_simulation/venv/lib/python3.10/site-packages/airflow/example_dags/example_latest_only.py
[2026-03-18T18:04:59.082+0530] {processor.py:830} INFO - Processing file /home/tejasvi/Desktop/airflow_ssh_simulation/venv/lib/python3.10/site-packages/airflow/example_dags/example_latest_only.py for tasks to queue
[2026-03-18T18:04:59.086+0530] {logging_mixin.py:188} INFO - [2026-03-18T18:04:59.086+0530] {dagbag.py:540} INFO - Filling up the DagBag from /home/tejasvi/Desktop/airflow_ssh_simulation/venv/lib/python3.10/site-packages/airflow/example_dags/example_latest_only.py
[2026-03-18T18:04:59.096+0530] {processor.py:840} INFO - DAG(s) 'latest_only' retrieved from /home/tejasvi/Desktop/airflow_ssh_simulation/venv/lib/python3.10/site-packages/airflow/example_dags/example_latest_only.py
[2026-03-18T18:04:59.114+0530] {logging_mixin.py:188} INFO - [2026-03-18T18:04:59.114+0530] {dag.py:3047} INFO - Sync 1 DAGs
[2026-03-18T18:04:59.138+0530] {logging_mixin.py:188} INFO - [2026-03-18T18:04:59.138+0530] {dag.py:3834} INFO - Setting next_dagrun for latest_only to 2026-03-18 08:00:00+00:00, run_after=2026-03-18 12:00:00+00:00
[2026-03-18T18:04:59.213+0530] {processor.py:183} INFO - Processing /home/tejasvi/Desktop/airflow_ssh_simulation/venv/lib/python3.10/site-packages/airflow/example_dags/example_latest_only.py took 0.179 seconds
[2026-03-18T18:06:02.876+0530] {processor.py:161} INFO - Started process (PID=18880) to work on /home/tejasvi/Desktop/airflow_ssh_simulation/venv/lib/python3.10/site-packages/airflow/example_dags/example_latest_only.py
[2026-03-18T18:06:03.253+0530] {processor.py:830} INFO - Processing file /home/tejasvi/Desktop/airflow_ssh_simulation/venv/lib/python3.10/site-packages/airflow/example_dags/example_latest_only.py for tasks to queue
[2026-03-18T18:06:03.257+0530] {logging_mixin.py:188} INFO - [2026-03-18T18:06:03.256+0530] {dagbag.py:540} INFO - Filling up the DagBag from /home/tejasvi/Desktop/airflow_ssh_simulation/venv/lib/python3.10/site-packages/airflow/example_dags/example_latest_only.py
[2026-03-18T18:06:03.265+0530] {processor.py:840} INFO - DAG(s) 'latest_only' retrieved from /home/tejasvi/Desktop/airflow_ssh_simulation/venv/lib/python3.10/site-packages/airflow/example_dags/example_latest_only.py
[2026-03-18T18:06:03.283+0530] {logging_mixin.py:188} INFO - [2026-03-18T18:06:03.283+0530] {dag.py:3047} INFO - Sync 1 DAGs
[2026-03-18T18:06:03.306+0530] {logging_mixin.py:188} INFO - [2026-03-18T18:06:03.306+0530] {dag.py:3834} INFO - Setting next_dagrun for latest_only to 2026-03-18 08:00:00+00:00, run_after=2026-03-18 12:00:00+00:00
[2026-03-18T18:06:03.364+0530] {processor.py:183} INFO - Processing /home/tejasvi/Desktop/airflow_ssh_simulation/venv/lib/python3.10/site-packages/airflow/example_dags/example_latest_only.py took 0.493 seconds
[2026-03-18T18:07:01.285+0530] {processor.py:161} INFO - Started process (PID=19031) to work on /home/tejasvi/Desktop/airflow_ssh_simulation/venv/lib/python3.10/site-packages/airflow/example_dags/example_latest_only.py
[2026-03-18T18:07:01.431+0530] {processor.py:830} INFO - Processing file /home/tejasvi/Desktop/airflow_ssh_simulation/venv/lib/python3.10/site-packages/airflow/example_dags/example_latest_only.py for tasks to queue
[2026-03-18T18:07:01.434+0530] {logging_mixin.py:188} INFO - [2026-03-18T18:07:01.434+0530] {dagbag.py:540} INFO - Filling up the DagBag from /home/tejasvi/Desktop/airflow_ssh_simulation/venv/lib/python3.10/site-packages/airflow/example_dags/example_latest_only.py
[2026-03-18T18:07:01.442+0530] {processor.py:840} INFO - DAG(s) 'latest_only' retrieved from /home/tejasvi/Desktop/airflow_ssh_simulation/venv/lib/python3.10/site-packages/airflow/example_dags/example_latest_only.py
[2026-03-18T18:07:01.460+0530] {logging_mixin.py:188} INFO - [2026-03-18T18:07:01.460+0530] {dag.py:3047} INFO - Sync 1 DAGs
[2026-03-18T18:07:01.486+0530] {logging_mixin.py:188} INFO - [2026-03-18T18:07:01.485+0530] {dag.py:3834} INFO - Setting next_dagrun for latest_only to 2026-03-18 08:00:00+00:00, run_after=2026-03-18 12:00:00+00:00
[2026-03-18T18:07:01.833+0530] {processor.py:183} INFO - Processing /home/tejasvi/Desktop/airflow_ssh_simulation/venv/lib/python3.10/site-packages/airflow/example_dags/example_latest_only.py took 0.554 seconds
[2026-03-18T18:08:03.830+0530] {processor.py:161} INFO - Started process (PID=19196) to work on /home/tejasvi/Desktop/airflow_ssh_simulation/venv/lib/python3.10/site-packages/airflow/example_dags/example_latest_only.py
[2026-03-18T18:08:03.843+0530] {processor.py:830} INFO - Processing file /home/tejasvi/Desktop/airflow_ssh_simulation/venv/lib/python3.10/site-packages/airflow/example_dags/example_latest_only.py for tasks to queue
[2026-03-18T18:08:03.847+0530] {logging_mixin.py:188} INFO - [2026-03-18T18:08:03.846+0530] {dagbag.py:540} INFO - Filling up the DagBag from /home/tejasvi/Desktop/airflow_ssh_simulation/venv/lib/python3.10/site-packages/airflow/example_dags/example_latest_only.py
[2026-03-18T18:08:03.855+0530] {processor.py:840} INFO - DAG(s) 'latest_only' retrieved from /home/tejasvi/Desktop/airflow_ssh_simulation/venv/lib/python3.10/site-packages/airflow/example_dags/example_latest_only.py
[2026-03-18T18:08:03.877+0530] {logging_mixin.py:188} INFO - [2026-03-18T18:08:03.877+0530] {dag.py:3047} INFO - Sync 1 DAGs
[2026-03-18T18:08:03.904+0530] {logging_mixin.py:188} INFO - [2026-03-18T18:08:03.904+0530] {dag.py:3834} INFO - Setting next_dagrun for latest_only to 2026-03-18 08:00:00+00:00, run_after=2026-03-18 12:00:00+00:00
[2026-03-18T18:08:03.963+0530] {processor.py:183} INFO - Processing /home/tejasvi/Desktop/airflow_ssh_simulation/venv/lib/python3.10/site-packages/airflow/example_dags/example_latest_only.py took 0.138 seconds
[2026-03-18T18:09:03.377+0530] {processor.py:161} INFO - Started process (PID=19359) to work on /home/tejasvi/Desktop/airflow_ssh_simulation/venv/lib/python3.10/site-packages/airflow/example_dags/example_latest_only.py
[2026-03-18T18:09:03.396+0530] {processor.py:830} INFO - Processing file /home/tejasvi/Desktop/airflow_ssh_simulation/venv/lib/python3.10/site-packages/airflow/example_dags/example_latest_only.py for tasks to queue
[2026-03-18T18:09:03.400+0530] {logging_mixin.py:188} INFO - [2026-03-18T18:09:03.399+0530] {dagbag.py:540} INFO - Filling up the DagBag from /home/tejasvi/Desktop/airflow_ssh_simulation/venv/lib/python3.10/site-packages/airflow/example_dags/example_latest_only.py
[2026-03-18T18:09:03.408+0530] {processor.py:840} INFO - DAG(s) 'latest_only' retrieved from /home/tejasvi/Desktop/airflow_ssh_simulation/venv/lib/python3.10/site-packages/airflow/example_dags/example_latest_only.py
[2026-03-18T18:09:03.426+0530] {logging_mixin.py:188} INFO - [2026-03-18T18:09:03.426+0530] {dag.py:3047} INFO - Sync 1 DAGs
[2026-03-18T18:09:03.452+0530] {logging_mixin.py:188} INFO - [2026-03-18T18:09:03.452+0530] {dag.py:3834} INFO - Setting next_dagrun for latest_only to 2026-03-18 08:00:00+00:00, run_after=2026-03-18 12:00:00+00:00
[2026-03-18T18:09:03.545+0530] {processor.py:183} INFO - Processing /home/tejasvi/Desktop/airflow_ssh_simulation/venv/lib/python3.10/site-packages/airflow/example_dags/example_latest_only.py took 0.172 seconds
[2026-03-18T18:10:00.603+0530] {processor.py:161} INFO - Started process (PID=19516) to work on /home/tejasvi/Desktop/airflow_ssh_simulation/venv/lib/python3.10/site-packages/airflow/example_dags/example_latest_only.py
[2026-03-18T18:10:00.639+0530] {processor.py:830} INFO - Processing file /home/tejasvi/Desktop/airflow_ssh_simulation/venv/lib/python3.10/site-packages/airflow/example_dags/example_latest_only.py for tasks to queue
[2026-03-18T18:10:00.642+0530] {logging_mixin.py:188} INFO - [2026-03-18T18:10:00.642+0530] {dagbag.py:540} INFO - Filling up the DagBag from /home/tejasvi/Desktop/airflow_ssh_simulation/venv/lib/python3.10/site-packages/airflow/example_dags/example_latest_only.py
[2026-03-18T18:10:00.650+0530] {processor.py:840} INFO - DAG(s) 'latest_only' retrieved from /home/tejasvi/Desktop/airflow_ssh_simulation/venv/lib/python3.10/site-packages/airflow/example_dags/example_latest_only.py
[2026-03-18T18:10:00.669+0530] {logging_mixin.py:188} INFO - [2026-03-18T18:10:00.668+0530] {dag.py:3047} INFO - Sync 1 DAGs
[2026-03-18T18:10:00.691+0530] {logging_mixin.py:188} INFO - [2026-03-18T18:10:00.690+0530] {dag.py:3834} INFO - Setting next_dagrun for latest_only to 2026-03-18 08:00:00+00:00, run_after=2026-03-18 12:00:00+00:00
[2026-03-18T18:10:00.780+0530] {processor.py:183} INFO - Processing /home/tejasvi/Desktop/airflow_ssh_simulation/venv/lib/python3.10/site-packages/airflow/example_dags/example_latest_only.py took 0.181 seconds
[2026-03-18T18:11:00.423+0530] {processor.py:161} INFO - Started process (PID=19721) to work on /home/tejasvi/Desktop/airflow_ssh_simulation/venv/lib/python3.10/site-packages/airflow/example_dags/example_latest_only.py
[2026-03-18T18:11:00.454+0530] {processor.py:830} INFO - Processing file /home/tejasvi/Desktop/airflow_ssh_simulation/venv/lib/python3.10/site-packages/airflow/example_dags/example_latest_only.py for tasks to queue
[2026-03-18T18:11:00.459+0530] {logging_mixin.py:188} INFO - [2026-03-18T18:11:00.457+0530] {dagbag.py:540} INFO - Filling up the DagBag from /home/tejasvi/Desktop/airflow_ssh_simulation/venv/lib/python3.10/site-packages/airflow/example_dags/example_latest_only.py
[2026-03-18T18:11:00.467+0530] {processor.py:840} INFO - DAG(s) 'latest_only' retrieved from /home/tejasvi/Desktop/airflow_ssh_simulation/venv/lib/python3.10/site-packages/airflow/example_dags/example_latest_only.py
[2026-03-18T18:11:00.485+0530] {logging_mixin.py:188} INFO - [2026-03-18T18:11:00.485+0530] {dag.py:3047} INFO - Sync 1 DAGs
[2026-03-18T18:11:00.508+0530] {logging_mixin.py:188} INFO - [2026-03-18T18:11:00.508+0530] {dag.py:3834} INFO - Setting next_dagrun for latest_only to 2026-03-18 08:00:00+00:00, run_after=2026-03-18 12:00:00+00:00
[2026-03-18T18:11:00.597+0530] {processor.py:183} INFO - Processing /home/tejasvi/Desktop/airflow_ssh_simulation/venv/lib/python3.10/site-packages/airflow/example_dags/example_latest_only.py took 0.179 seconds
[2026-03-18T18:12:09.584+0530] {processor.py:161} INFO - Started process (PID=19891) to work on /home/tejasvi/Desktop/airflow_ssh_simulation/venv/lib/python3.10/site-packages/airflow/example_dags/example_latest_only.py
[2026-03-18T18:12:09.589+0530] {processor.py:830} INFO - Processing file /home/tejasvi/Desktop/airflow_ssh_simulation/venv/lib/python3.10/site-packages/airflow/example_dags/example_latest_only.py for tasks to queue
[2026-03-18T18:12:09.592+0530] {logging_mixin.py:188} INFO - [2026-03-18T18:12:09.591+0530] {dagbag.py:540} INFO - Filling up the DagBag from /home/tejasvi/Desktop/airflow_ssh_simulation/venv/lib/python3.10/site-packages/airflow/example_dags/example_latest_only.py
[2026-03-18T18:12:09.602+0530] {processor.py:840} INFO - DAG(s) 'latest_only' retrieved from /home/tejasvi/Desktop/airflow_ssh_simulation/venv/lib/python3.10/site-packages/airflow/example_dags/example_latest_only.py
[2026-03-18T18:12:09.620+0530] {logging_mixin.py:188} INFO - [2026-03-18T18:12:09.620+0530] {dag.py:3047} INFO - Sync 1 DAGs
[2026-03-18T18:12:09.643+0530] {logging_mixin.py:188} INFO - [2026-03-18T18:12:09.642+0530] {dag.py:3834} INFO - Setting next_dagrun for latest_only to 2026-03-18 08:00:00+00:00, run_after=2026-03-18 12:00:00+00:00
[2026-03-18T18:12:09.729+0530] {processor.py:183} INFO - Processing /home/tejasvi/Desktop/airflow_ssh_simulation/venv/lib/python3.10/site-packages/airflow/example_dags/example_latest_only.py took 0.152 seconds
[2026-03-18T18:13:20.857+0530] {processor.py:161} INFO - Started process (PID=20055) to work on /home/tejasvi/Desktop/airflow_ssh_simulation/venv/lib/python3.10/site-packages/airflow/example_dags/example_latest_only.py
[2026-03-18T18:13:20.952+0530] {processor.py:830} INFO - Processing file /home/tejasvi/Desktop/airflow_ssh_simulation/venv/lib/python3.10/site-packages/airflow/example_dags/example_latest_only.py for tasks to queue
[2026-03-18T18:13:20.956+0530] {logging_mixin.py:188} INFO - [2026-03-18T18:13:20.955+0530] {dagbag.py:540} INFO - Filling up the DagBag from /home/tejasvi/Desktop/airflow_ssh_simulation/venv/lib/python3.10/site-packages/airflow/example_dags/example_latest_only.py
[2026-03-18T18:13:20.964+0530] {processor.py:840} INFO - DAG(s) 'latest_only' retrieved from /home/tejasvi/Desktop/airflow_ssh_simulation/venv/lib/python3.10/site-packages/airflow/example_dags/example_latest_only.py
[2026-03-18T18:13:20.983+0530] {logging_mixin.py:188} INFO - [2026-03-18T18:13:20.982+0530] {dag.py:3047} INFO - Sync 1 DAGs
[2026-03-18T18:13:21.009+0530] {logging_mixin.py:188} INFO - [2026-03-18T18:13:21.009+0530] {dag.py:3834} INFO - Setting next_dagrun for latest_only to 2026-03-18 08:00:00+00:00, run_after=2026-03-18 12:00:00+00:00
[2026-03-18T18:13:21.120+0530] {processor.py:183} INFO - Processing /home/tejasvi/Desktop/airflow_ssh_simulation/venv/lib/python3.10/site-packages/airflow/example_dags/example_latest_only.py took 0.273 seconds
[2026-03-18T18:14:44.415+0530] {processor.py:161} INFO - Started process (PID=20247) to work on /home/tejasvi/Desktop/airflow_ssh_simulation/venv/lib/python3.10/site-packages/airflow/example_dags/example_latest_only.py
[2026-03-18T18:14:44.498+0530] {processor.py:830} INFO - Processing file /home/tejasvi/Desktop/airflow_ssh_simulation/venv/lib/python3.10/site-packages/airflow/example_dags/example_latest_only.py for tasks to queue
[2026-03-18T18:14:44.503+0530] {logging_mixin.py:188} INFO - [2026-03-18T18:14:44.502+0530] {dagbag.py:540} INFO - Filling up the DagBag from /home/tejasvi/Desktop/airflow_ssh_simulation/venv/lib/python3.10/site-packages/airflow/example_dags/example_latest_only.py
[2026-03-18T18:14:44.514+0530] {processor.py:840} INFO - DAG(s) 'latest_only' retrieved from /home/tejasvi/Desktop/airflow_ssh_simulation/venv/lib/python3.10/site-packages/airflow/example_dags/example_latest_only.py
[2026-03-18T18:14:44.544+0530] {logging_mixin.py:188} INFO - [2026-03-18T18:14:44.544+0530] {dag.py:3047} INFO - Sync 1 DAGs
[2026-03-18T18:14:44.568+0530] {logging_mixin.py:188} INFO - [2026-03-18T18:14:44.568+0530] {dag.py:3834} INFO - Setting next_dagrun for latest_only to 2026-03-18 08:00:00+00:00, run_after=2026-03-18 12:00:00+00:00
[2026-03-18T18:14:44.650+0530] {processor.py:183} INFO - Processing /home/tejasvi/Desktop/airflow_ssh_simulation/venv/lib/python3.10/site-packages/airflow/example_dags/example_latest_only.py took 0.241 seconds
[2026-03-18T18:15:53.835+0530] {processor.py:161} INFO - Started process (PID=20414) to work on /home/tejasvi/Desktop/airflow_ssh_simulation/venv/lib/python3.10/site-packages/airflow/example_dags/example_latest_only.py
[2026-03-18T18:15:53.921+0530] {processor.py:830} INFO - Processing file /home/tejasvi/Desktop/airflow_ssh_simulation/venv/lib/python3.10/site-packages/airflow/example_dags/example_latest_only.py for tasks to queue
[2026-03-18T18:15:53.926+0530] {logging_mixin.py:188} INFO - [2026-03-18T18:15:53.925+0530] {dagbag.py:540} INFO - Filling up the DagBag from /home/tejasvi/Desktop/airflow_ssh_simulation/venv/lib/python3.10/site-packages/airflow/example_dags/example_latest_only.py
[2026-03-18T18:15:53.934+0530] {processor.py:840} INFO - DAG(s) 'latest_only' retrieved from /home/tejasvi/Desktop/airflow_ssh_simulation/venv/lib/python3.10/site-packages/airflow/example_dags/example_latest_only.py
[2026-03-18T18:15:53.960+0530] {logging_mixin.py:188} INFO - [2026-03-18T18:15:53.959+0530] {dag.py:3047} INFO - Sync 1 DAGs
[2026-03-18T18:15:53.984+0530] {logging_mixin.py:188} INFO - [2026-03-18T18:15:53.984+0530] {dag.py:3834} INFO - Setting next_dagrun for latest_only to 2026-03-18 08:00:00+00:00, run_after=2026-03-18 12:00:00+00:00
[2026-03-18T18:15:54.121+0530] {processor.py:183} INFO - Processing /home/tejasvi/Desktop/airflow_ssh_simulation/venv/lib/python3.10/site-packages/airflow/example_dags/example_latest_only.py took 0.291 seconds
[2026-03-18T18:16:57.534+0530] {processor.py:161} INFO - Started process (PID=20616) to work on /home/tejasvi/Desktop/airflow_ssh_simulation/venv/lib/python3.10/site-packages/airflow/example_dags/example_latest_only.py
[2026-03-18T18:16:57.617+0530] {processor.py:830} INFO - Processing file /home/tejasvi/Desktop/airflow_ssh_simulation/venv/lib/python3.10/site-packages/airflow/example_dags/example_latest_only.py for tasks to queue
[2026-03-18T18:16:57.623+0530] {logging_mixin.py:188} INFO - [2026-03-18T18:16:57.622+0530] {dagbag.py:540} INFO - Filling up the DagBag from /home/tejasvi/Desktop/airflow_ssh_simulation/venv/lib/python3.10/site-packages/airflow/example_dags/example_latest_only.py
[2026-03-18T18:16:57.631+0530] {processor.py:840} INFO - DAG(s) 'latest_only' retrieved from /home/tejasvi/Desktop/airflow_ssh_simulation/venv/lib/python3.10/site-packages/airflow/example_dags/example_latest_only.py
[2026-03-18T18:16:57.656+0530] {logging_mixin.py:188} INFO - [2026-03-18T18:16:57.655+0530] {dag.py:3047} INFO - Sync 1 DAGs
[2026-03-18T18:16:57.679+0530] {logging_mixin.py:188} INFO - [2026-03-18T18:16:57.678+0530] {dag.py:3834} INFO - Setting next_dagrun for latest_only to 2026-03-18 08:00:00+00:00, run_after=2026-03-18 12:00:00+00:00
[2026-03-18T18:16:57.806+0530] {processor.py:183} INFO - Processing /home/tejasvi/Desktop/airflow_ssh_simulation/venv/lib/python3.10/site-packages/airflow/example_dags/example_latest_only.py took 0.277 seconds
[2026-03-18T18:18:17.703+0530] {processor.py:161} INFO - Started process (PID=21992) to work on /home/tejasvi/Desktop/airflow_ssh_simulation/venv/lib/python3.10/site-packages/airflow/example_dags/example_latest_only.py
[2026-03-18T18:18:17.711+0530] {processor.py:830} INFO - Processing file /home/tejasvi/Desktop/airflow_ssh_simulation/venv/lib/python3.10/site-packages/airflow/example_dags/example_latest_only.py for tasks to queue
[2026-03-18T18:18:17.718+0530] {logging_mixin.py:188} INFO - [2026-03-18T18:18:17.716+0530] {dagbag.py:540} INFO - Filling up the DagBag from /home/tejasvi/Desktop/airflow_ssh_simulation/venv/lib/python3.10/site-packages/airflow/example_dags/example_latest_only.py
[2026-03-18T18:18:17.735+0530] {processor.py:840} INFO - DAG(s) 'latest_only' retrieved from /home/tejasvi/Desktop/airflow_ssh_simulation/venv/lib/python3.10/site-packages/airflow/example_dags/example_latest_only.py
[2026-03-18T18:18:17.780+0530] {logging_mixin.py:188} INFO - [2026-03-18T18:18:17.780+0530] {dag.py:3047} INFO - Sync 1 DAGs
[2026-03-18T18:18:17.841+0530] {logging_mixin.py:188} INFO - [2026-03-18T18:18:17.840+0530] {dag.py:3834} INFO - Setting next_dagrun for latest_only to 2026-03-18 08:00:00+00:00, run_after=2026-03-18 12:00:00+00:00
[2026-03-18T18:18:17.969+0530] {processor.py:183} INFO - Processing /home/tejasvi/Desktop/airflow_ssh_simulation/venv/lib/python3.10/site-packages/airflow/example_dags/example_latest_only.py took 0.274 seconds
[2026-03-18T18:19:26.696+0530] {processor.py:161} INFO - Started process (PID=22181) to work on /home/tejasvi/Desktop/airflow_ssh_simulation/venv/lib/python3.10/site-packages/airflow/example_dags/example_latest_only.py
[2026-03-18T18:19:26.767+0530] {processor.py:830} INFO - Processing file /home/tejasvi/Desktop/airflow_ssh_simulation/venv/lib/python3.10/site-packages/airflow/example_dags/example_latest_only.py for tasks to queue
[2026-03-18T18:19:26.772+0530] {logging_mixin.py:188} INFO - [2026-03-18T18:19:26.771+0530] {dagbag.py:540} INFO - Filling up the DagBag from /home/tejasvi/Desktop/airflow_ssh_simulation/venv/lib/python3.10/site-packages/airflow/example_dags/example_latest_only.py
[2026-03-18T18:19:26.782+0530] {processor.py:840} INFO - DAG(s) 'latest_only' retrieved from /home/tejasvi/Desktop/airflow_ssh_simulation/venv/lib/python3.10/site-packages/airflow/example_dags/example_latest_only.py
[2026-03-18T18:19:26.809+0530] {logging_mixin.py:188} INFO - [2026-03-18T18:19:26.808+0530] {dag.py:3047} INFO - Sync 1 DAGs
[2026-03-18T18:19:26.833+0530] {logging_mixin.py:188} INFO - [2026-03-18T18:19:26.833+0530] {dag.py:3834} INFO - Setting next_dagrun for latest_only to 2026-03-18 08:00:00+00:00, run_after=2026-03-18 12:00:00+00:00
[2026-03-18T18:19:26.904+0530] {processor.py:183} INFO - Processing /home/tejasvi/Desktop/airflow_ssh_simulation/venv/lib/python3.10/site-packages/airflow/example_dags/example_latest_only.py took 0.214 seconds
[2026-03-18T18:20:38.623+0530] {processor.py:161} INFO - Started process (PID=22388) to work on /home/tejasvi/Desktop/airflow_ssh_simulation/venv/lib/python3.10/site-packages/airflow/example_dags/example_latest_only.py
[2026-03-18T18:20:38.699+0530] {processor.py:830} INFO - Processing file /home/tejasvi/Desktop/airflow_ssh_simulation/venv/lib/python3.10/site-packages/airflow/example_dags/example_latest_only.py for tasks to queue
[2026-03-18T18:20:38.702+0530] {logging_mixin.py:188} INFO - [2026-03-18T18:20:38.701+0530] {dagbag.py:540} INFO - Filling up the DagBag from /home/tejasvi/Desktop/airflow_ssh_simulation/venv/lib/python3.10/site-packages/airflow/example_dags/example_latest_only.py
[2026-03-18T18:20:38.717+0530] {processor.py:840} INFO - DAG(s) 'latest_only' retrieved from /home/tejasvi/Desktop/airflow_ssh_simulation/venv/lib/python3.10/site-packages/airflow/example_dags/example_latest_only.py
[2026-03-18T18:20:38.746+0530] {logging_mixin.py:188} INFO - [2026-03-18T18:20:38.745+0530] {dag.py:3047} INFO - Sync 1 DAGs
[2026-03-18T18:20:38.769+0530] {logging_mixin.py:188} INFO - [2026-03-18T18:20:38.769+0530] {dag.py:3834} INFO - Setting next_dagrun for latest_only to 2026-03-18 08:00:00+00:00, run_after=2026-03-18 12:00:00+00:00
[2026-03-18T18:20:38.839+0530] {processor.py:183} INFO - Processing /home/tejasvi/Desktop/airflow_ssh_simulation/venv/lib/python3.10/site-packages/airflow/example_dags/example_latest_only.py took 0.221 seconds
[2026-03-18T18:21:44.561+0530] {processor.py:161} INFO - Started process (PID=22580) to work on /home/tejasvi/Desktop/airflow_ssh_simulation/venv/lib/python3.10/site-packages/airflow/example_dags/example_latest_only.py
[2026-03-18T18:21:44.634+0530] {processor.py:830} INFO - Processing file /home/tejasvi/Desktop/airflow_ssh_simulation/venv/lib/python3.10/site-packages/airflow/example_dags/example_latest_only.py for tasks to queue
[2026-03-18T18:21:44.637+0530] {logging_mixin.py:188} INFO - [2026-03-18T18:21:44.637+0530] {dagbag.py:540} INFO - Filling up the DagBag from /home/tejasvi/Desktop/airflow_ssh_simulation/venv/lib/python3.10/site-packages/airflow/example_dags/example_latest_only.py
[2026-03-18T18:21:44.645+0530] {processor.py:840} INFO - DAG(s) 'latest_only' retrieved from /home/tejasvi/Desktop/airflow_ssh_simulation/venv/lib/python3.10/site-packages/airflow/example_dags/example_latest_only.py
[2026-03-18T18:21:44.663+0530] {logging_mixin.py:188} INFO - [2026-03-18T18:21:44.663+0530] {dag.py:3047} INFO - Sync 1 DAGs
[2026-03-18T18:21:44.688+0530] {logging_mixin.py:188} INFO - [2026-03-18T18:21:44.688+0530] {dag.py:3834} INFO - Setting next_dagrun for latest_only to 2026-03-18 08:00:00+00:00, run_after=2026-03-18 12:00:00+00:00
[2026-03-18T18:21:44.767+0530] {processor.py:183} INFO - Processing /home/tejasvi/Desktop/airflow_ssh_simulation/venv/lib/python3.10/site-packages/airflow/example_dags/example_latest_only.py took 0.211 seconds
[2026-03-18T18:22:56.069+0530] {processor.py:161} INFO - Started process (PID=22757) to work on /home/tejasvi/Desktop/airflow_ssh_simulation/venv/lib/python3.10/site-packages/airflow/example_dags/example_latest_only.py
[2026-03-18T18:22:56.138+0530] {processor.py:830} INFO - Processing file /home/tejasvi/Desktop/airflow_ssh_simulation/venv/lib/python3.10/site-packages/airflow/example_dags/example_latest_only.py for tasks to queue
[2026-03-18T18:22:56.143+0530] {logging_mixin.py:188} INFO - [2026-03-18T18:22:56.141+0530] {dagbag.py:540} INFO - Filling up the DagBag from /home/tejasvi/Desktop/airflow_ssh_simulation/venv/lib/python3.10/site-packages/airflow/example_dags/example_latest_only.py
[2026-03-18T18:22:56.154+0530] {processor.py:840} INFO - DAG(s) 'latest_only' retrieved from /home/tejasvi/Desktop/airflow_ssh_simulation/venv/lib/python3.10/site-packages/airflow/example_dags/example_latest_only.py
[2026-03-18T18:22:56.183+0530] {logging_mixin.py:188} INFO - [2026-03-18T18:22:56.183+0530] {dag.py:3047} INFO - Sync 1 DAGs
[2026-03-18T18:22:56.209+0530] {logging_mixin.py:188} INFO - [2026-03-18T18:22:56.209+0530] {dag.py:3834} INFO - Setting next_dagrun for latest_only to 2026-03-18 08:00:00+00:00, run_after=2026-03-18 12:00:00+00:00
[2026-03-18T18:22:56.557+0530] {processor.py:183} INFO - Processing /home/tejasvi/Desktop/airflow_ssh_simulation/venv/lib/python3.10/site-packages/airflow/example_dags/example_latest_only.py took 0.493 seconds
[2026-03-18T18:23:59.482+0530] {processor.py:161} INFO - Started process (PID=22923) to work on /home/tejasvi/Desktop/airflow_ssh_simulation/venv/lib/python3.10/site-packages/airflow/example_dags/example_latest_only.py
[2026-03-18T18:23:59.483+0530] {processor.py:830} INFO - Processing file /home/tejasvi/Desktop/airflow_ssh_simulation/venv/lib/python3.10/site-packages/airflow/example_dags/example_latest_only.py for tasks to queue
[2026-03-18T18:23:59.487+0530] {logging_mixin.py:188} INFO - [2026-03-18T18:23:59.486+0530] {dagbag.py:540} INFO - Filling up the DagBag from /home/tejasvi/Desktop/airflow_ssh_simulation/venv/lib/python3.10/site-packages/airflow/example_dags/example_latest_only.py
[2026-03-18T18:23:59.494+0530] {processor.py:840} INFO - DAG(s) 'latest_only' retrieved from /home/tejasvi/Desktop/airflow_ssh_simulation/venv/lib/python3.10/site-packages/airflow/example_dags/example_latest_only.py
[2026-03-18T18:23:59.512+0530] {logging_mixin.py:188} INFO - [2026-03-18T18:23:59.512+0530] {dag.py:3047} INFO - Sync 1 DAGs
[2026-03-18T18:23:59.535+0530] {logging_mixin.py:188} INFO - [2026-03-18T18:23:59.535+0530] {dag.py:3834} INFO - Setting next_dagrun for latest_only to 2026-03-18 08:00:00+00:00, run_after=2026-03-18 12:00:00+00:00
[2026-03-18T18:23:59.769+0530] {processor.py:183} INFO - Processing /home/tejasvi/Desktop/airflow_ssh_simulation/venv/lib/python3.10/site-packages/airflow/example_dags/example_latest_only.py took 0.294 seconds
[2026-03-18T18:25:06.954+0530] {processor.py:161} INFO - Started process (PID=23098) to work on /home/tejasvi/Desktop/airflow_ssh_simulation/venv/lib/python3.10/site-packages/airflow/example_dags/example_latest_only.py
[2026-03-18T18:25:07.093+0530] {processor.py:830} INFO - Processing file /home/tejasvi/Desktop/airflow_ssh_simulation/venv/lib/python3.10/site-packages/airflow/example_dags/example_latest_only.py for tasks to queue
[2026-03-18T18:25:07.097+0530] {logging_mixin.py:188} INFO - [2026-03-18T18:25:07.096+0530] {dagbag.py:540} INFO - Filling up the DagBag from /home/tejasvi/Desktop/airflow_ssh_simulation/venv/lib/python3.10/site-packages/airflow/example_dags/example_latest_only.py
[2026-03-18T18:25:07.105+0530] {processor.py:840} INFO - DAG(s) 'latest_only' retrieved from /home/tejasvi/Desktop/airflow_ssh_simulation/venv/lib/python3.10/site-packages/airflow/example_dags/example_latest_only.py
[2026-03-18T18:25:07.125+0530] {logging_mixin.py:188} INFO - [2026-03-18T18:25:07.124+0530] {dag.py:3047} INFO - Sync 1 DAGs
[2026-03-18T18:25:07.149+0530] {logging_mixin.py:188} INFO - [2026-03-18T18:25:07.148+0530] {dag.py:3834} INFO - Setting next_dagrun for latest_only to 2026-03-18 08:00:00+00:00, run_after=2026-03-18 12:00:00+00:00
[2026-03-18T18:25:07.214+0530] {processor.py:183} INFO - Processing /home/tejasvi/Desktop/airflow_ssh_simulation/venv/lib/python3.10/site-packages/airflow/example_dags/example_latest_only.py took 0.266 seconds
[2026-03-18T18:26:04.306+0530] {processor.py:161} INFO - Started process (PID=23278) to work on /home/tejasvi/Desktop/airflow_ssh_simulation/venv/lib/python3.10/site-packages/airflow/example_dags/example_latest_only.py
[2026-03-18T18:26:04.308+0530] {processor.py:830} INFO - Processing file /home/tejasvi/Desktop/airflow_ssh_simulation/venv/lib/python3.10/site-packages/airflow/example_dags/example_latest_only.py for tasks to queue
[2026-03-18T18:26:04.312+0530] {logging_mixin.py:188} INFO - [2026-03-18T18:26:04.311+0530] {dagbag.py:540} INFO - Filling up the DagBag from /home/tejasvi/Desktop/airflow_ssh_simulation/venv/lib/python3.10/site-packages/airflow/example_dags/example_latest_only.py
[2026-03-18T18:26:04.319+0530] {processor.py:840} INFO - DAG(s) 'latest_only' retrieved from /home/tejasvi/Desktop/airflow_ssh_simulation/venv/lib/python3.10/site-packages/airflow/example_dags/example_latest_only.py
[2026-03-18T18:26:04.338+0530] {logging_mixin.py:188} INFO - [2026-03-18T18:26:04.338+0530] {dag.py:3047} INFO - Sync 1 DAGs
[2026-03-18T18:26:04.364+0530] {logging_mixin.py:188} INFO - [2026-03-18T18:26:04.363+0530] {dag.py:3834} INFO - Setting next_dagrun for latest_only to 2026-03-18 08:00:00+00:00, run_after=2026-03-18 12:00:00+00:00
[2026-03-18T18:26:04.420+0530] {processor.py:183} INFO - Processing /home/tejasvi/Desktop/airflow_ssh_simulation/venv/lib/python3.10/site-packages/airflow/example_dags/example_latest_only.py took 0.120 seconds
[2026-03-18T18:27:03.251+0530] {processor.py:161} INFO - Started process (PID=23454) to work on /home/tejasvi/Desktop/airflow_ssh_simulation/venv/lib/python3.10/site-packages/airflow/example_dags/example_latest_only.py
[2026-03-18T18:27:03.289+0530] {processor.py:830} INFO - Processing file /home/tejasvi/Desktop/airflow_ssh_simulation/venv/lib/python3.10/site-packages/airflow/example_dags/example_latest_only.py for tasks to queue
[2026-03-18T18:27:03.295+0530] {logging_mixin.py:188} INFO - [2026-03-18T18:27:03.293+0530] {dagbag.py:540} INFO - Filling up the DagBag from /home/tejasvi/Desktop/airflow_ssh_simulation/venv/lib/python3.10/site-packages/airflow/example_dags/example_latest_only.py
[2026-03-18T18:27:03.304+0530] {processor.py:840} INFO - DAG(s) 'latest_only' retrieved from /home/tejasvi/Desktop/airflow_ssh_simulation/venv/lib/python3.10/site-packages/airflow/example_dags/example_latest_only.py
[2026-03-18T18:27:03.332+0530] {logging_mixin.py:188} INFO - [2026-03-18T18:27:03.331+0530] {dag.py:3047} INFO - Sync 1 DAGs
[2026-03-18T18:27:03.361+0530] {logging_mixin.py:188} INFO - [2026-03-18T18:27:03.360+0530] {dag.py:3834} INFO - Setting next_dagrun for latest_only to 2026-03-18 08:00:00+00:00, run_after=2026-03-18 12:00:00+00:00
[2026-03-18T18:27:03.426+0530] {processor.py:183} INFO - Processing /home/tejasvi/Desktop/airflow_ssh_simulation/venv/lib/python3.10/site-packages/airflow/example_dags/example_latest_only.py took 0.183 seconds
[2026-03-18T18:28:03.956+0530] {processor.py:161} INFO - Started process (PID=23624) to work on /home/tejasvi/Desktop/airflow_ssh_simulation/venv/lib/python3.10/site-packages/airflow/example_dags/example_latest_only.py
[2026-03-18T18:28:04.118+0530] {processor.py:830} INFO - Processing file /home/tejasvi/Desktop/airflow_ssh_simulation/venv/lib/python3.10/site-packages/airflow/example_dags/example_latest_only.py for tasks to queue
[2026-03-18T18:28:04.122+0530] {logging_mixin.py:188} INFO - [2026-03-18T18:28:04.122+0530] {dagbag.py:540} INFO - Filling up the DagBag from /home/tejasvi/Desktop/airflow_ssh_simulation/venv/lib/python3.10/site-packages/airflow/example_dags/example_latest_only.py
[2026-03-18T18:28:04.129+0530] {processor.py:840} INFO - DAG(s) 'latest_only' retrieved from /home/tejasvi/Desktop/airflow_ssh_simulation/venv/lib/python3.10/site-packages/airflow/example_dags/example_latest_only.py
[2026-03-18T18:28:04.147+0530] {logging_mixin.py:188} INFO - [2026-03-18T18:28:04.146+0530] {dag.py:3047} INFO - Sync 1 DAGs
[2026-03-18T18:28:04.170+0530] {logging_mixin.py:188} INFO - [2026-03-18T18:28:04.170+0530] {dag.py:3834} INFO - Setting next_dagrun for latest_only to 2026-03-18 08:00:00+00:00, run_after=2026-03-18 12:00:00+00:00
[2026-03-18T18:28:04.630+0530] {processor.py:183} INFO - Processing /home/tejasvi/Desktop/airflow_ssh_simulation/venv/lib/python3.10/site-packages/airflow/example_dags/example_latest_only.py took 0.683 seconds
[2026-03-18T18:29:32.987+0530] {processor.py:161} INFO - Started process (PID=23838) to work on /home/tejasvi/Desktop/airflow_ssh_simulation/venv/lib/python3.10/site-packages/airflow/example_dags/example_latest_only.py
[2026-03-18T18:29:33.006+0530] {processor.py:830} INFO - Processing file /home/tejasvi/Desktop/airflow_ssh_simulation/venv/lib/python3.10/site-packages/airflow/example_dags/example_latest_only.py for tasks to queue
[2026-03-18T18:29:33.014+0530] {logging_mixin.py:188} INFO - [2026-03-18T18:29:33.013+0530] {dagbag.py:540} INFO - Filling up the DagBag from /home/tejasvi/Desktop/airflow_ssh_simulation/venv/lib/python3.10/site-packages/airflow/example_dags/example_latest_only.py
[2026-03-18T18:29:33.038+0530] {processor.py:840} INFO - DAG(s) 'latest_only' retrieved from /home/tejasvi/Desktop/airflow_ssh_simulation/venv/lib/python3.10/site-packages/airflow/example_dags/example_latest_only.py
[2026-03-18T18:29:33.072+0530] {logging_mixin.py:188} INFO - [2026-03-18T18:29:33.071+0530] {dag.py:3047} INFO - Sync 1 DAGs
[2026-03-18T18:29:33.116+0530] {logging_mixin.py:188} INFO - [2026-03-18T18:29:33.115+0530] {dag.py:3834} INFO - Setting next_dagrun for latest_only to 2026-03-18 08:00:00+00:00, run_after=2026-03-18 12:00:00+00:00
[2026-03-18T18:29:33.238+0530] {processor.py:183} INFO - Processing /home/tejasvi/Desktop/airflow_ssh_simulation/venv/lib/python3.10/site-packages/airflow/example_dags/example_latest_only.py took 0.259 seconds
[2026-03-18T18:30:46.172+0530] {processor.py:161} INFO - Started process (PID=24027) to work on /home/tejasvi/Desktop/airflow_ssh_simulation/venv/lib/python3.10/site-packages/airflow/example_dags/example_latest_only.py
[2026-03-18T18:30:46.242+0530] {processor.py:830} INFO - Processing file /home/tejasvi/Desktop/airflow_ssh_simulation/venv/lib/python3.10/site-packages/airflow/example_dags/example_latest_only.py for tasks to queue
[2026-03-18T18:30:46.246+0530] {logging_mixin.py:188} INFO - [2026-03-18T18:30:46.245+0530] {dagbag.py:540} INFO - Filling up the DagBag from /home/tejasvi/Desktop/airflow_ssh_simulation/venv/lib/python3.10/site-packages/airflow/example_dags/example_latest_only.py
[2026-03-18T18:30:46.253+0530] {processor.py:840} INFO - DAG(s) 'latest_only' retrieved from /home/tejasvi/Desktop/airflow_ssh_simulation/venv/lib/python3.10/site-packages/airflow/example_dags/example_latest_only.py
[2026-03-18T18:30:46.270+0530] {logging_mixin.py:188} INFO - [2026-03-18T18:30:46.270+0530] {dag.py:3047} INFO - Sync 1 DAGs
[2026-03-18T18:30:46.291+0530] {logging_mixin.py:188} INFO - [2026-03-18T18:30:46.291+0530] {dag.py:3834} INFO - Setting next_dagrun for latest_only to 2026-03-18 08:00:00+00:00, run_after=2026-03-18 12:00:00+00:00
[2026-03-18T18:30:46.429+0530] {processor.py:183} INFO - Processing /home/tejasvi/Desktop/airflow_ssh_simulation/venv/lib/python3.10/site-packages/airflow/example_dags/example_latest_only.py took 0.265 seconds
[2026-03-18T18:32:00.474+0530] {processor.py:161} INFO - Started process (PID=24437) to work on /home/tejasvi/Desktop/airflow_ssh_simulation/venv/lib/python3.10/site-packages/airflow/example_dags/example_latest_only.py
[2026-03-18T18:32:00.489+0530] {processor.py:830} INFO - Processing file /home/tejasvi/Desktop/airflow_ssh_simulation/venv/lib/python3.10/site-packages/airflow/example_dags/example_latest_only.py for tasks to queue
[2026-03-18T18:32:00.493+0530] {logging_mixin.py:188} INFO - [2026-03-18T18:32:00.492+0530] {dagbag.py:540} INFO - Filling up the DagBag from /home/tejasvi/Desktop/airflow_ssh_simulation/venv/lib/python3.10/site-packages/airflow/example_dags/example_latest_only.py
[2026-03-18T18:32:00.501+0530] {processor.py:840} INFO - DAG(s) 'latest_only' retrieved from /home/tejasvi/Desktop/airflow_ssh_simulation/venv/lib/python3.10/site-packages/airflow/example_dags/example_latest_only.py
[2026-03-18T18:32:00.517+0530] {logging_mixin.py:188} INFO - [2026-03-18T18:32:00.517+0530] {dag.py:3047} INFO - Sync 1 DAGs
[2026-03-18T18:32:00.538+0530] {logging_mixin.py:188} INFO - [2026-03-18T18:32:00.538+0530] {dag.py:3834} INFO - Setting next_dagrun for latest_only to 2026-03-18 08:00:00+00:00, run_after=2026-03-18 12:00:00+00:00
[2026-03-18T18:32:00.643+0530] {processor.py:183} INFO - Processing /home/tejasvi/Desktop/airflow_ssh_simulation/venv/lib/python3.10/site-packages/airflow/example_dags/example_latest_only.py took 0.176 seconds
[2026-03-18T18:33:00.880+0530] {processor.py:161} INFO - Started process (PID=24586) to work on /home/tejasvi/Desktop/airflow_ssh_simulation/venv/lib/python3.10/site-packages/airflow/example_dags/example_latest_only.py
[2026-03-18T18:33:00.933+0530] {processor.py:830} INFO - Processing file /home/tejasvi/Desktop/airflow_ssh_simulation/venv/lib/python3.10/site-packages/airflow/example_dags/example_latest_only.py for tasks to queue
[2026-03-18T18:33:00.937+0530] {logging_mixin.py:188} INFO - [2026-03-18T18:33:00.936+0530] {dagbag.py:540} INFO - Filling up the DagBag from /home/tejasvi/Desktop/airflow_ssh_simulation/venv/lib/python3.10/site-packages/airflow/example_dags/example_latest_only.py
[2026-03-18T18:33:00.944+0530] {processor.py:840} INFO - DAG(s) 'latest_only' retrieved from /home/tejasvi/Desktop/airflow_ssh_simulation/venv/lib/python3.10/site-packages/airflow/example_dags/example_latest_only.py
[2026-03-18T18:33:00.960+0530] {logging_mixin.py:188} INFO - [2026-03-18T18:33:00.960+0530] {dag.py:3047} INFO - Sync 1 DAGs
[2026-03-18T18:33:00.981+0530] {logging_mixin.py:188} INFO - [2026-03-18T18:33:00.981+0530] {dag.py:3834} INFO - Setting next_dagrun for latest_only to 2026-03-18 08:00:00+00:00, run_after=2026-03-18 12:00:00+00:00
[2026-03-18T18:33:01.061+0530] {processor.py:183} INFO - Processing /home/tejasvi/Desktop/airflow_ssh_simulation/venv/lib/python3.10/site-packages/airflow/example_dags/example_latest_only.py took 0.189 seconds
[2026-03-18T18:34:03.614+0530] {processor.py:161} INFO - Started process (PID=24752) to work on /home/tejasvi/Desktop/airflow_ssh_simulation/venv/lib/python3.10/site-packages/airflow/example_dags/example_latest_only.py
[2026-03-18T18:34:03.680+0530] {processor.py:830} INFO - Processing file /home/tejasvi/Desktop/airflow_ssh_simulation/venv/lib/python3.10/site-packages/airflow/example_dags/example_latest_only.py for tasks to queue
[2026-03-18T18:34:03.683+0530] {logging_mixin.py:188} INFO - [2026-03-18T18:34:03.683+0530] {dagbag.py:540} INFO - Filling up the DagBag from /home/tejasvi/Desktop/airflow_ssh_simulation/venv/lib/python3.10/site-packages/airflow/example_dags/example_latest_only.py
[2026-03-18T18:34:03.691+0530] {processor.py:840} INFO - DAG(s) 'latest_only' retrieved from /home/tejasvi/Desktop/airflow_ssh_simulation/venv/lib/python3.10/site-packages/airflow/example_dags/example_latest_only.py
[2026-03-18T18:34:03.707+0530] {logging_mixin.py:188} INFO - [2026-03-18T18:34:03.707+0530] {dag.py:3047} INFO - Sync 1 DAGs
[2026-03-18T18:34:03.729+0530] {logging_mixin.py:188} INFO - [2026-03-18T18:34:03.728+0530] {dag.py:3834} INFO - Setting next_dagrun for latest_only to 2026-03-18 08:00:00+00:00, run_after=2026-03-18 12:00:00+00:00
[2026-03-18T18:34:03.849+0530] {processor.py:183} INFO - Processing /home/tejasvi/Desktop/airflow_ssh_simulation/venv/lib/python3.10/site-packages/airflow/example_dags/example_latest_only.py took 0.243 seconds
[2026-03-18T18:35:07.405+0530] {processor.py:161} INFO - Started process (PID=24943) to work on /home/tejasvi/Desktop/airflow_ssh_simulation/venv/lib/python3.10/site-packages/airflow/example_dags/example_latest_only.py
[2026-03-18T18:35:07.512+0530] {processor.py:830} INFO - Processing file /home/tejasvi/Desktop/airflow_ssh_simulation/venv/lib/python3.10/site-packages/airflow/example_dags/example_latest_only.py for tasks to queue
[2026-03-18T18:35:07.515+0530] {logging_mixin.py:188} INFO - [2026-03-18T18:35:07.514+0530] {dagbag.py:540} INFO - Filling up the DagBag from /home/tejasvi/Desktop/airflow_ssh_simulation/venv/lib/python3.10/site-packages/airflow/example_dags/example_latest_only.py
[2026-03-18T18:35:07.523+0530] {processor.py:840} INFO - DAG(s) 'latest_only' retrieved from /home/tejasvi/Desktop/airflow_ssh_simulation/venv/lib/python3.10/site-packages/airflow/example_dags/example_latest_only.py
[2026-03-18T18:35:07.556+0530] {logging_mixin.py:188} INFO - [2026-03-18T18:35:07.555+0530] {dag.py:3047} INFO - Sync 1 DAGs
[2026-03-18T18:35:07.579+0530] {logging_mixin.py:188} INFO - [2026-03-18T18:35:07.579+0530] {dag.py:3834} INFO - Setting next_dagrun for latest_only to 2026-03-18 08:00:00+00:00, run_after=2026-03-18 12:00:00+00:00
[2026-03-18T18:35:07.677+0530] {processor.py:183} INFO - Processing /home/tejasvi/Desktop/airflow_ssh_simulation/venv/lib/python3.10/site-packages/airflow/example_dags/example_latest_only.py took 0.276 seconds
[2026-03-18T18:36:08.646+0530] {processor.py:161} INFO - Started process (PID=25125) to work on /home/tejasvi/Desktop/airflow_ssh_simulation/venv/lib/python3.10/site-packages/airflow/example_dags/example_latest_only.py
[2026-03-18T18:36:08.653+0530] {processor.py:830} INFO - Processing file /home/tejasvi/Desktop/airflow_ssh_simulation/venv/lib/python3.10/site-packages/airflow/example_dags/example_latest_only.py for tasks to queue
[2026-03-18T18:36:08.655+0530] {logging_mixin.py:188} INFO - [2026-03-18T18:36:08.655+0530] {dagbag.py:540} INFO - Filling up the DagBag from /home/tejasvi/Desktop/airflow_ssh_simulation/venv/lib/python3.10/site-packages/airflow/example_dags/example_latest_only.py
[2026-03-18T18:36:08.662+0530] {processor.py:840} INFO - DAG(s) 'latest_only' retrieved from /home/tejasvi/Desktop/airflow_ssh_simulation/venv/lib/python3.10/site-packages/airflow/example_dags/example_latest_only.py
[2026-03-18T18:36:08.678+0530] {logging_mixin.py:188} INFO - [2026-03-18T18:36:08.678+0530] {dag.py:3047} INFO - Sync 1 DAGs
[2026-03-18T18:36:08.699+0530] {logging_mixin.py:188} INFO - [2026-03-18T18:36:08.698+0530] {dag.py:3834} INFO - Setting next_dagrun for latest_only to 2026-03-18 08:00:00+00:00, run_after=2026-03-18 12:00:00+00:00
[2026-03-18T18:36:08.822+0530] {processor.py:183} INFO - Processing /home/tejasvi/Desktop/airflow_ssh_simulation/venv/lib/python3.10/site-packages/airflow/example_dags/example_latest_only.py took 0.183 seconds
[2026-03-18T18:37:19.336+0530] {processor.py:161} INFO - Started process (PID=25316) to work on /home/tejasvi/Desktop/airflow_ssh_simulation/venv/lib/python3.10/site-packages/airflow/example_dags/example_latest_only.py
[2026-03-18T18:37:19.439+0530] {processor.py:830} INFO - Processing file /home/tejasvi/Desktop/airflow_ssh_simulation/venv/lib/python3.10/site-packages/airflow/example_dags/example_latest_only.py for tasks to queue
[2026-03-18T18:37:19.442+0530] {logging_mixin.py:188} INFO - [2026-03-18T18:37:19.442+0530] {dagbag.py:540} INFO - Filling up the DagBag from /home/tejasvi/Desktop/airflow_ssh_simulation/venv/lib/python3.10/site-packages/airflow/example_dags/example_latest_only.py
[2026-03-18T18:37:19.449+0530] {processor.py:840} INFO - DAG(s) 'latest_only' retrieved from /home/tejasvi/Desktop/airflow_ssh_simulation/venv/lib/python3.10/site-packages/airflow/example_dags/example_latest_only.py
[2026-03-18T18:37:19.466+0530] {logging_mixin.py:188} INFO - [2026-03-18T18:37:19.466+0530] {dag.py:3047} INFO - Sync 1 DAGs
[2026-03-18T18:37:19.488+0530] {logging_mixin.py:188} INFO - [2026-03-18T18:37:19.487+0530] {dag.py:3834} INFO - Setting next_dagrun for latest_only to 2026-03-18 08:00:00+00:00, run_after=2026-03-18 12:00:00+00:00
[2026-03-18T18:37:19.579+0530] {processor.py:183} INFO - Processing /home/tejasvi/Desktop/airflow_ssh_simulation/venv/lib/python3.10/site-packages/airflow/example_dags/example_latest_only.py took 0.250 seconds
[2026-03-18T18:38:33.541+0530] {processor.py:161} INFO - Started process (PID=25501) to work on /home/tejasvi/Desktop/airflow_ssh_simulation/venv/lib/python3.10/site-packages/airflow/example_dags/example_latest_only.py
[2026-03-18T18:38:33.577+0530] {processor.py:830} INFO - Processing file /home/tejasvi/Desktop/airflow_ssh_simulation/venv/lib/python3.10/site-packages/airflow/example_dags/example_latest_only.py for tasks to queue
[2026-03-18T18:38:33.581+0530] {logging_mixin.py:188} INFO - [2026-03-18T18:38:33.580+0530] {dagbag.py:540} INFO - Filling up the DagBag from /home/tejasvi/Desktop/airflow_ssh_simulation/venv/lib/python3.10/site-packages/airflow/example_dags/example_latest_only.py
[2026-03-18T18:38:33.588+0530] {processor.py:840} INFO - DAG(s) 'latest_only' retrieved from /home/tejasvi/Desktop/airflow_ssh_simulation/venv/lib/python3.10/site-packages/airflow/example_dags/example_latest_only.py
[2026-03-18T18:38:33.605+0530] {logging_mixin.py:188} INFO - [2026-03-18T18:38:33.604+0530] {dag.py:3047} INFO - Sync 1 DAGs
[2026-03-18T18:38:33.626+0530] {logging_mixin.py:188} INFO - [2026-03-18T18:38:33.626+0530] {dag.py:3834} INFO - Setting next_dagrun for latest_only to 2026-03-18 08:00:00+00:00, run_after=2026-03-18 12:00:00+00:00
[2026-03-18T18:38:33.676+0530] {processor.py:183} INFO - Processing /home/tejasvi/Desktop/airflow_ssh_simulation/venv/lib/python3.10/site-packages/airflow/example_dags/example_latest_only.py took 0.143 seconds
[2026-03-18T18:39:32.361+0530] {processor.py:161} INFO - Started process (PID=25663) to work on /home/tejasvi/Desktop/airflow_ssh_simulation/venv/lib/python3.10/site-packages/airflow/example_dags/example_latest_only.py
[2026-03-18T18:39:32.386+0530] {processor.py:830} INFO - Processing file /home/tejasvi/Desktop/airflow_ssh_simulation/venv/lib/python3.10/site-packages/airflow/example_dags/example_latest_only.py for tasks to queue
[2026-03-18T18:39:32.389+0530] {logging_mixin.py:188} INFO - [2026-03-18T18:39:32.388+0530] {dagbag.py:540} INFO - Filling up the DagBag from /home/tejasvi/Desktop/airflow_ssh_simulation/venv/lib/python3.10/site-packages/airflow/example_dags/example_latest_only.py
[2026-03-18T18:39:32.396+0530] {processor.py:840} INFO - DAG(s) 'latest_only' retrieved from /home/tejasvi/Desktop/airflow_ssh_simulation/venv/lib/python3.10/site-packages/airflow/example_dags/example_latest_only.py
[2026-03-18T18:39:32.413+0530] {logging_mixin.py:188} INFO - [2026-03-18T18:39:32.413+0530] {dag.py:3047} INFO - Sync 1 DAGs
[2026-03-18T18:39:32.434+0530] {logging_mixin.py:188} INFO - [2026-03-18T18:39:32.434+0530] {dag.py:3834} INFO - Setting next_dagrun for latest_only to 2026-03-18 08:00:00+00:00, run_after=2026-03-18 12:00:00+00:00
[2026-03-18T18:39:32.540+0530] {processor.py:183} INFO - Processing /home/tejasvi/Desktop/airflow_ssh_simulation/venv/lib/python3.10/site-packages/airflow/example_dags/example_latest_only.py took 0.186 seconds
[2026-03-18T18:40:37.654+0530] {processor.py:161} INFO - Started process (PID=25817) to work on /home/tejasvi/Desktop/airflow_ssh_simulation/venv/lib/python3.10/site-packages/airflow/example_dags/example_latest_only.py
[2026-03-18T18:40:37.708+0530] {processor.py:830} INFO - Processing file /home/tejasvi/Desktop/airflow_ssh_simulation/venv/lib/python3.10/site-packages/airflow/example_dags/example_latest_only.py for tasks to queue
[2026-03-18T18:40:37.711+0530] {logging_mixin.py:188} INFO - [2026-03-18T18:40:37.710+0530] {dagbag.py:540} INFO - Filling up the DagBag from /home/tejasvi/Desktop/airflow_ssh_simulation/venv/lib/python3.10/site-packages/airflow/example_dags/example_latest_only.py
[2026-03-18T18:40:37.718+0530] {processor.py:840} INFO - DAG(s) 'latest_only' retrieved from /home/tejasvi/Desktop/airflow_ssh_simulation/venv/lib/python3.10/site-packages/airflow/example_dags/example_latest_only.py
[2026-03-18T18:40:37.734+0530] {logging_mixin.py:188} INFO - [2026-03-18T18:40:37.734+0530] {dag.py:3047} INFO - Sync 1 DAGs
[2026-03-18T18:40:37.755+0530] {logging_mixin.py:188} INFO - [2026-03-18T18:40:37.755+0530] {dag.py:3834} INFO - Setting next_dagrun for latest_only to 2026-03-18 08:00:00+00:00, run_after=2026-03-18 12:00:00+00:00
[2026-03-18T18:40:37.831+0530] {processor.py:183} INFO - Processing /home/tejasvi/Desktop/airflow_ssh_simulation/venv/lib/python3.10/site-packages/airflow/example_dags/example_latest_only.py took 0.184 seconds
[2026-03-18T18:41:40.962+0530] {processor.py:161} INFO - Started process (PID=26009) to work on /home/tejasvi/Desktop/airflow_ssh_simulation/venv/lib/python3.10/site-packages/airflow/example_dags/example_latest_only.py
[2026-03-18T18:41:41.009+0530] {processor.py:830} INFO - Processing file /home/tejasvi/Desktop/airflow_ssh_simulation/venv/lib/python3.10/site-packages/airflow/example_dags/example_latest_only.py for tasks to queue
[2026-03-18T18:41:41.012+0530] {logging_mixin.py:188} INFO - [2026-03-18T18:41:41.011+0530] {dagbag.py:540} INFO - Filling up the DagBag from /home/tejasvi/Desktop/airflow_ssh_simulation/venv/lib/python3.10/site-packages/airflow/example_dags/example_latest_only.py
[2026-03-18T18:41:41.019+0530] {processor.py:840} INFO - DAG(s) 'latest_only' retrieved from /home/tejasvi/Desktop/airflow_ssh_simulation/venv/lib/python3.10/site-packages/airflow/example_dags/example_latest_only.py
[2026-03-18T18:41:41.036+0530] {logging_mixin.py:188} INFO - [2026-03-18T18:41:41.035+0530] {dag.py:3047} INFO - Sync 1 DAGs
[2026-03-18T18:41:41.056+0530] {logging_mixin.py:188} INFO - [2026-03-18T18:41:41.056+0530] {dag.py:3834} INFO - Setting next_dagrun for latest_only to 2026-03-18 08:00:00+00:00, run_after=2026-03-18 12:00:00+00:00
[2026-03-18T18:41:41.130+0530] {processor.py:183} INFO - Processing /home/tejasvi/Desktop/airflow_ssh_simulation/venv/lib/python3.10/site-packages/airflow/example_dags/example_latest_only.py took 0.173 seconds
[2026-03-18T18:42:50.918+0530] {processor.py:161} INFO - Started process (PID=26172) to work on /home/tejasvi/Desktop/airflow_ssh_simulation/venv/lib/python3.10/site-packages/airflow/example_dags/example_latest_only.py
[2026-03-18T18:42:50.951+0530] {processor.py:830} INFO - Processing file /home/tejasvi/Desktop/airflow_ssh_simulation/venv/lib/python3.10/site-packages/airflow/example_dags/example_latest_only.py for tasks to queue
[2026-03-18T18:42:50.954+0530] {logging_mixin.py:188} INFO - [2026-03-18T18:42:50.953+0530] {dagbag.py:540} INFO - Filling up the DagBag from /home/tejasvi/Desktop/airflow_ssh_simulation/venv/lib/python3.10/site-packages/airflow/example_dags/example_latest_only.py
[2026-03-18T18:42:50.961+0530] {processor.py:840} INFO - DAG(s) 'latest_only' retrieved from /home/tejasvi/Desktop/airflow_ssh_simulation/venv/lib/python3.10/site-packages/airflow/example_dags/example_latest_only.py
[2026-03-18T18:42:50.978+0530] {logging_mixin.py:188} INFO - [2026-03-18T18:42:50.978+0530] {dag.py:3047} INFO - Sync 1 DAGs
[2026-03-18T18:42:51.000+0530] {logging_mixin.py:188} INFO - [2026-03-18T18:42:50.999+0530] {dag.py:3834} INFO - Setting next_dagrun for latest_only to 2026-03-18 08:00:00+00:00, run_after=2026-03-18 12:00:00+00:00
[2026-03-18T18:42:51.176+0530] {processor.py:183} INFO - Processing /home/tejasvi/Desktop/airflow_ssh_simulation/venv/lib/python3.10/site-packages/airflow/example_dags/example_latest_only.py took 0.266 seconds
[2026-03-18T18:44:15.144+0530] {processor.py:161} INFO - Started process (PID=26376) to work on /home/tejasvi/Desktop/airflow_ssh_simulation/venv/lib/python3.10/site-packages/airflow/example_dags/example_latest_only.py
[2026-03-18T18:44:15.168+0530] {processor.py:830} INFO - Processing file /home/tejasvi/Desktop/airflow_ssh_simulation/venv/lib/python3.10/site-packages/airflow/example_dags/example_latest_only.py for tasks to queue
[2026-03-18T18:44:15.171+0530] {logging_mixin.py:188} INFO - [2026-03-18T18:44:15.171+0530] {dagbag.py:540} INFO - Filling up the DagBag from /home/tejasvi/Desktop/airflow_ssh_simulation/venv/lib/python3.10/site-packages/airflow/example_dags/example_latest_only.py
[2026-03-18T18:44:15.179+0530] {processor.py:840} INFO - DAG(s) 'latest_only' retrieved from /home/tejasvi/Desktop/airflow_ssh_simulation/venv/lib/python3.10/site-packages/airflow/example_dags/example_latest_only.py
[2026-03-18T18:44:15.196+0530] {logging_mixin.py:188} INFO - [2026-03-18T18:44:15.196+0530] {dag.py:3047} INFO - Sync 1 DAGs
[2026-03-18T18:44:15.217+0530] {logging_mixin.py:188} INFO - [2026-03-18T18:44:15.217+0530] {dag.py:3834} INFO - Setting next_dagrun for latest_only to 2026-03-18 08:00:00+00:00, run_after=2026-03-18 12:00:00+00:00
[2026-03-18T18:44:15.294+0530] {processor.py:183} INFO - Processing /home/tejasvi/Desktop/airflow_ssh_simulation/venv/lib/python3.10/site-packages/airflow/example_dags/example_latest_only.py took 0.158 seconds
[2026-03-18T18:45:16.477+0530] {processor.py:161} INFO - Started process (PID=26524) to work on /home/tejasvi/Desktop/airflow_ssh_simulation/venv/lib/python3.10/site-packages/airflow/example_dags/example_latest_only.py
[2026-03-18T18:45:16.514+0530] {processor.py:830} INFO - Processing file /home/tejasvi/Desktop/airflow_ssh_simulation/venv/lib/python3.10/site-packages/airflow/example_dags/example_latest_only.py for tasks to queue
[2026-03-18T18:45:16.518+0530] {logging_mixin.py:188} INFO - [2026-03-18T18:45:16.517+0530] {dagbag.py:540} INFO - Filling up the DagBag from /home/tejasvi/Desktop/airflow_ssh_simulation/venv/lib/python3.10/site-packages/airflow/example_dags/example_latest_only.py
[2026-03-18T18:45:16.526+0530] {processor.py:840} INFO - DAG(s) 'latest_only' retrieved from /home/tejasvi/Desktop/airflow_ssh_simulation/venv/lib/python3.10/site-packages/airflow/example_dags/example_latest_only.py
[2026-03-18T18:45:16.542+0530] {logging_mixin.py:188} INFO - [2026-03-18T18:45:16.542+0530] {dag.py:3047} INFO - Sync 1 DAGs
[2026-03-18T18:45:16.562+0530] {logging_mixin.py:188} INFO - [2026-03-18T18:45:16.562+0530] {dag.py:3834} INFO - Setting next_dagrun for latest_only to 2026-03-18 08:00:00+00:00, run_after=2026-03-18 12:00:00+00:00
[2026-03-18T18:45:16.667+0530] {processor.py:183} INFO - Processing /home/tejasvi/Desktop/airflow_ssh_simulation/venv/lib/python3.10/site-packages/airflow/example_dags/example_latest_only.py took 0.199 seconds
[2026-03-18T18:46:37.578+0530] {processor.py:161} INFO - Started process (PID=26740) to work on /home/tejasvi/Desktop/airflow_ssh_simulation/venv/lib/python3.10/site-packages/airflow/example_dags/example_latest_only.py
[2026-03-18T18:46:37.837+0530] {processor.py:830} INFO - Processing file /home/tejasvi/Desktop/airflow_ssh_simulation/venv/lib/python3.10/site-packages/airflow/example_dags/example_latest_only.py for tasks to queue
[2026-03-18T18:46:37.840+0530] {logging_mixin.py:188} INFO - [2026-03-18T18:46:37.840+0530] {dagbag.py:540} INFO - Filling up the DagBag from /home/tejasvi/Desktop/airflow_ssh_simulation/venv/lib/python3.10/site-packages/airflow/example_dags/example_latest_only.py
[2026-03-18T18:46:37.852+0530] {processor.py:840} INFO - DAG(s) 'latest_only' retrieved from /home/tejasvi/Desktop/airflow_ssh_simulation/venv/lib/python3.10/site-packages/airflow/example_dags/example_latest_only.py
[2026-03-18T18:46:37.876+0530] {logging_mixin.py:188} INFO - [2026-03-18T18:46:37.875+0530] {dag.py:3047} INFO - Sync 1 DAGs
[2026-03-18T18:46:37.897+0530] {logging_mixin.py:188} INFO - [2026-03-18T18:46:37.896+0530] {dag.py:3834} INFO - Setting next_dagrun for latest_only to 2026-03-18 08:00:00+00:00, run_after=2026-03-18 12:00:00+00:00
[2026-03-18T18:46:38.138+0530] {processor.py:183} INFO - Processing /home/tejasvi/Desktop/airflow_ssh_simulation/venv/lib/python3.10/site-packages/airflow/example_dags/example_latest_only.py took 0.564 seconds
[2026-03-18T18:47:51.970+0530] {processor.py:161} INFO - Started process (PID=26918) to work on /home/tejasvi/Desktop/airflow_ssh_simulation/venv/lib/python3.10/site-packages/airflow/example_dags/example_latest_only.py
[2026-03-18T18:47:51.978+0530] {processor.py:830} INFO - Processing file /home/tejasvi/Desktop/airflow_ssh_simulation/venv/lib/python3.10/site-packages/airflow/example_dags/example_latest_only.py for tasks to queue
[2026-03-18T18:47:51.981+0530] {logging_mixin.py:188} INFO - [2026-03-18T18:47:51.980+0530] {dagbag.py:540} INFO - Filling up the DagBag from /home/tejasvi/Desktop/airflow_ssh_simulation/venv/lib/python3.10/site-packages/airflow/example_dags/example_latest_only.py
[2026-03-18T18:47:51.987+0530] {processor.py:840} INFO - DAG(s) 'latest_only' retrieved from /home/tejasvi/Desktop/airflow_ssh_simulation/venv/lib/python3.10/site-packages/airflow/example_dags/example_latest_only.py
[2026-03-18T18:47:52.004+0530] {logging_mixin.py:188} INFO - [2026-03-18T18:47:52.004+0530] {dag.py:3047} INFO - Sync 1 DAGs
[2026-03-18T18:47:52.025+0530] {logging_mixin.py:188} INFO - [2026-03-18T18:47:52.024+0530] {dag.py:3834} INFO - Setting next_dagrun for latest_only to 2026-03-18 08:00:00+00:00, run_after=2026-03-18 12:00:00+00:00
[2026-03-18T18:47:52.127+0530] {processor.py:183} INFO - Processing /home/tejasvi/Desktop/airflow_ssh_simulation/venv/lib/python3.10/site-packages/airflow/example_dags/example_latest_only.py took 0.165 seconds
[2026-03-18T18:49:20.005+0530] {processor.py:161} INFO - Started process (PID=27133) to work on /home/tejasvi/Desktop/airflow_ssh_simulation/venv/lib/python3.10/site-packages/airflow/example_dags/example_latest_only.py
[2026-03-18T18:49:20.007+0530] {processor.py:830} INFO - Processing file /home/tejasvi/Desktop/airflow_ssh_simulation/venv/lib/python3.10/site-packages/airflow/example_dags/example_latest_only.py for tasks to queue
[2026-03-18T18:49:20.010+0530] {logging_mixin.py:188} INFO - [2026-03-18T18:49:20.009+0530] {dagbag.py:540} INFO - Filling up the DagBag from /home/tejasvi/Desktop/airflow_ssh_simulation/venv/lib/python3.10/site-packages/airflow/example_dags/example_latest_only.py
[2026-03-18T18:49:20.015+0530] {processor.py:840} INFO - DAG(s) 'latest_only' retrieved from /home/tejasvi/Desktop/airflow_ssh_simulation/venv/lib/python3.10/site-packages/airflow/example_dags/example_latest_only.py
[2026-03-18T18:49:20.032+0530] {logging_mixin.py:188} INFO - [2026-03-18T18:49:20.032+0530] {dag.py:3047} INFO - Sync 1 DAGs
[2026-03-18T18:49:20.054+0530] {logging_mixin.py:188} INFO - [2026-03-18T18:49:20.053+0530] {dag.py:3834} INFO - Setting next_dagrun for latest_only to 2026-03-18 08:00:00+00:00, run_after=2026-03-18 12:00:00+00:00
[2026-03-18T18:49:20.149+0530] {processor.py:183} INFO - Processing /home/tejasvi/Desktop/airflow_ssh_simulation/venv/lib/python3.10/site-packages/airflow/example_dags/example_latest_only.py took 0.153 seconds
[2026-03-18T18:50:17.165+0530] {processor.py:161} INFO - Started process (PID=27292) to work on /home/tejasvi/Desktop/airflow_ssh_simulation/venv/lib/python3.10/site-packages/airflow/example_dags/example_latest_only.py
[2026-03-18T18:50:17.188+0530] {processor.py:830} INFO - Processing file /home/tejasvi/Desktop/airflow_ssh_simulation/venv/lib/python3.10/site-packages/airflow/example_dags/example_latest_only.py for tasks to queue
[2026-03-18T18:50:17.191+0530] {logging_mixin.py:188} INFO - [2026-03-18T18:50:17.190+0530] {dagbag.py:540} INFO - Filling up the DagBag from /home/tejasvi/Desktop/airflow_ssh_simulation/venv/lib/python3.10/site-packages/airflow/example_dags/example_latest_only.py
[2026-03-18T18:50:17.199+0530] {processor.py:840} INFO - DAG(s) 'latest_only' retrieved from /home/tejasvi/Desktop/airflow_ssh_simulation/venv/lib/python3.10/site-packages/airflow/example_dags/example_latest_only.py
[2026-03-18T18:50:17.216+0530] {logging_mixin.py:188} INFO - [2026-03-18T18:50:17.216+0530] {dag.py:3047} INFO - Sync 1 DAGs
[2026-03-18T18:50:17.238+0530] {logging_mixin.py:188} INFO - [2026-03-18T18:50:17.238+0530] {dag.py:3834} INFO - Setting next_dagrun for latest_only to 2026-03-18 08:00:00+00:00, run_after=2026-03-18 12:00:00+00:00
[2026-03-18T18:50:17.328+0530] {processor.py:183} INFO - Processing /home/tejasvi/Desktop/airflow_ssh_simulation/venv/lib/python3.10/site-packages/airflow/example_dags/example_latest_only.py took 0.170 seconds
