[2026-03-18T17:39:55.468+0530] {processor.py:161} INFO - Started process (PID=5419) to work on /home/tejasvi/Desktop/airflow_ssh_simulation/venv/lib/python3.10/site-packages/airflow/example_dags/example_complex.py
[2026-03-18T17:39:55.470+0530] {processor.py:830} INFO - Processing file /home/tejasvi/Desktop/airflow_ssh_simulation/venv/lib/python3.10/site-packages/airflow/example_dags/example_complex.py for tasks to queue
[2026-03-18T17:39:55.472+0530] {logging_mixin.py:188} INFO - [2026-03-18T17:39:55.471+0530] {dagbag.py:540} INFO - Filling up the DagBag from /home/tejasvi/Desktop/airflow_ssh_simulation/venv/lib/python3.10/site-packages/airflow/example_dags/example_complex.py
[2026-03-18T17:39:55.554+0530] {processor.py:840} INFO - DAG(s) 'example_complex' retrieved from /home/tejasvi/Desktop/airflow_ssh_simulation/venv/lib/python3.10/site-packages/airflow/example_dags/example_complex.py
[2026-03-18T17:39:55.594+0530] {logging_mixin.py:188} INFO - [2026-03-18T17:39:55.594+0530] {dag.py:3047} INFO - Sync 1 DAGs
[2026-03-18T17:39:55.611+0530] {logging_mixin.py:188} INFO - [2026-03-18T17:39:55.610+0530] {dag.py:3834} INFO - Setting next_dagrun for example_complex to None, run_after=None
[2026-03-18T17:39:55.702+0530] {processor.py:183} INFO - Processing /home/tejasvi/Desktop/airflow_ssh_simulation/venv/lib/python3.10/site-packages/airflow/example_dags/example_complex.py took 0.240 seconds
[2026-03-18T17:41:15.497+0530] {processor.py:161} INFO - Started process (PID=5531) to work on /home/tejasvi/Desktop/airflow_ssh_simulation/venv/lib/python3.10/site-packages/airflow/example_dags/example_complex.py
[2026-03-18T17:41:15.499+0530] {processor.py:830} INFO - Processing file /home/tejasvi/Desktop/airflow_ssh_simulation/venv/lib/python3.10/site-packages/airflow/example_dags/example_complex.py for tasks to queue
[2026-03-18T17:41:15.505+0530] {logging_mixin.py:188} INFO - [2026-03-18T17:41:15.504+0530] {dagbag.py:540} INFO - Filling up the DagBag from /home/tejasvi/Desktop/airflow_ssh_simulation/venv/lib/python3.10/site-packages/airflow/example_dags/example_complex.py
[2026-03-18T17:41:15.522+0530] {processor.py:840} INFO - DAG(s) 'example_complex' retrieved from /home/tejasvi/Desktop/airflow_ssh_simulation/venv/lib/python3.10/site-packages/airflow/example_dags/example_complex.py
[2026-03-18T17:41:15.562+0530] {logging_mixin.py:188} INFO - [2026-03-18T17:41:15.561+0530] {dag.py:3047} INFO - Sync 1 DAGs
[2026-03-18T17:41:15.580+0530] {logging_mixin.py:188} INFO - [2026-03-18T17:41:15.580+0530] {dag.py:3834} INFO - Setting next_dagrun for example_complex to None, run_after=None
[2026-03-18T17:41:15.662+0530] {processor.py:183} INFO - Processing /home/tejasvi/Desktop/airflow_ssh_simulation/venv/lib/python3.10/site-packages/airflow/example_dags/example_complex.py took 0.172 seconds
[2026-03-18T17:42:22.334+0530] {processor.py:161} INFO - Started process (PID=5649) to work on /home/tejasvi/Desktop/airflow_ssh_simulation/venv/lib/python3.10/site-packages/airflow/example_dags/example_complex.py
[2026-03-18T17:42:22.429+0530] {processor.py:830} INFO - Processing file /home/tejasvi/Desktop/airflow_ssh_simulation/venv/lib/python3.10/site-packages/airflow/example_dags/example_complex.py for tasks to queue
[2026-03-18T17:42:22.432+0530] {logging_mixin.py:188} INFO - [2026-03-18T17:42:22.432+0530] {dagbag.py:540} INFO - Filling up the DagBag from /home/tejasvi/Desktop/airflow_ssh_simulation/venv/lib/python3.10/site-packages/airflow/example_dags/example_complex.py
[2026-03-18T17:42:22.449+0530] {processor.py:840} INFO - DAG(s) 'example_complex' retrieved from /home/tejasvi/Desktop/airflow_ssh_simulation/venv/lib/python3.10/site-packages/airflow/example_dags/example_complex.py
[2026-03-18T17:42:22.487+0530] {logging_mixin.py:188} INFO - [2026-03-18T17:42:22.486+0530] {dag.py:3047} INFO - Sync 1 DAGs
[2026-03-18T17:42:22.506+0530] {logging_mixin.py:188} INFO - [2026-03-18T17:42:22.505+0530] {dag.py:3834} INFO - Setting next_dagrun for example_complex to None, run_after=None
[2026-03-18T17:42:22.958+0530] {processor.py:183} INFO - Processing /home/tejasvi/Desktop/airflow_ssh_simulation/venv/lib/python3.10/site-packages/airflow/example_dags/example_complex.py took 0.631 seconds
[2026-03-18T17:43:30.505+0530] {processor.py:161} INFO - Started process (PID=6187) to work on /home/tejasvi/Desktop/airflow_ssh_simulation/venv/lib/python3.10/site-packages/airflow/example_dags/example_complex.py
[2026-03-18T17:43:30.509+0530] {processor.py:830} INFO - Processing file /home/tejasvi/Desktop/airflow_ssh_simulation/venv/lib/python3.10/site-packages/airflow/example_dags/example_complex.py for tasks to queue
[2026-03-18T17:43:30.516+0530] {logging_mixin.py:188} INFO - [2026-03-18T17:43:30.515+0530] {dagbag.py:540} INFO - Filling up the DagBag from /home/tejasvi/Desktop/airflow_ssh_simulation/venv/lib/python3.10/site-packages/airflow/example_dags/example_complex.py
[2026-03-18T17:43:30.551+0530] {processor.py:840} INFO - DAG(s) 'example_complex' retrieved from /home/tejasvi/Desktop/airflow_ssh_simulation/venv/lib/python3.10/site-packages/airflow/example_dags/example_complex.py
[2026-03-18T17:43:30.638+0530] {logging_mixin.py:188} INFO - [2026-03-18T17:43:30.637+0530] {dag.py:3047} INFO - Sync 1 DAGs
[2026-03-18T17:43:30.676+0530] {logging_mixin.py:188} INFO - [2026-03-18T17:43:30.675+0530] {dag.py:3834} INFO - Setting next_dagrun for example_complex to None, run_after=None
[2026-03-18T17:43:30.788+0530] {processor.py:183} INFO - Processing /home/tejasvi/Desktop/airflow_ssh_simulation/venv/lib/python3.10/site-packages/airflow/example_dags/example_complex.py took 0.294 seconds
[2026-03-18T17:44:44.861+0530] {processor.py:161} INFO - Started process (PID=7690) to work on /home/tejasvi/Desktop/airflow_ssh_simulation/venv/lib/python3.10/site-packages/airflow/example_dags/example_complex.py
[2026-03-18T17:44:44.963+0530] {processor.py:830} INFO - Processing file /home/tejasvi/Desktop/airflow_ssh_simulation/venv/lib/python3.10/site-packages/airflow/example_dags/example_complex.py for tasks to queue
[2026-03-18T17:44:44.969+0530] {logging_mixin.py:188} INFO - [2026-03-18T17:44:44.967+0530] {dagbag.py:540} INFO - Filling up the DagBag from /home/tejasvi/Desktop/airflow_ssh_simulation/venv/lib/python3.10/site-packages/airflow/example_dags/example_complex.py
[2026-03-18T17:44:44.998+0530] {processor.py:840} INFO - DAG(s) 'example_complex' retrieved from /home/tejasvi/Desktop/airflow_ssh_simulation/venv/lib/python3.10/site-packages/airflow/example_dags/example_complex.py
[2026-03-18T17:44:45.045+0530] {logging_mixin.py:188} INFO - [2026-03-18T17:44:45.044+0530] {dag.py:3047} INFO - Sync 1 DAGs
[2026-03-18T17:44:45.067+0530] {logging_mixin.py:188} INFO - [2026-03-18T17:44:45.066+0530] {dag.py:3834} INFO - Setting next_dagrun for example_complex to None, run_after=None
[2026-03-18T17:44:45.234+0530] {processor.py:183} INFO - Processing /home/tejasvi/Desktop/airflow_ssh_simulation/venv/lib/python3.10/site-packages/airflow/example_dags/example_complex.py took 0.382 seconds
[2026-03-18T17:45:52.294+0530] {processor.py:161} INFO - Started process (PID=8607) to work on /home/tejasvi/Desktop/airflow_ssh_simulation/venv/lib/python3.10/site-packages/airflow/example_dags/example_complex.py
[2026-03-18T17:45:52.316+0530] {processor.py:830} INFO - Processing file /home/tejasvi/Desktop/airflow_ssh_simulation/venv/lib/python3.10/site-packages/airflow/example_dags/example_complex.py for tasks to queue
[2026-03-18T17:45:52.321+0530] {logging_mixin.py:188} INFO - [2026-03-18T17:45:52.320+0530] {dagbag.py:540} INFO - Filling up the DagBag from /home/tejasvi/Desktop/airflow_ssh_simulation/venv/lib/python3.10/site-packages/airflow/example_dags/example_complex.py
[2026-03-18T17:45:52.344+0530] {processor.py:840} INFO - DAG(s) 'example_complex' retrieved from /home/tejasvi/Desktop/airflow_ssh_simulation/venv/lib/python3.10/site-packages/airflow/example_dags/example_complex.py
[2026-03-18T17:45:52.396+0530] {logging_mixin.py:188} INFO - [2026-03-18T17:45:52.395+0530] {dag.py:3047} INFO - Sync 1 DAGs
[2026-03-18T17:45:52.416+0530] {logging_mixin.py:188} INFO - [2026-03-18T17:45:52.416+0530] {dag.py:3834} INFO - Setting next_dagrun for example_complex to None, run_after=None
[2026-03-18T17:45:52.521+0530] {processor.py:183} INFO - Processing /home/tejasvi/Desktop/airflow_ssh_simulation/venv/lib/python3.10/site-packages/airflow/example_dags/example_complex.py took 0.231 seconds
[2026-03-18T17:47:08.204+0530] {processor.py:161} INFO - Started process (PID=9337) to work on /home/tejasvi/Desktop/airflow_ssh_simulation/venv/lib/python3.10/site-packages/airflow/example_dags/example_complex.py
[2026-03-18T17:47:08.268+0530] {processor.py:830} INFO - Processing file /home/tejasvi/Desktop/airflow_ssh_simulation/venv/lib/python3.10/site-packages/airflow/example_dags/example_complex.py for tasks to queue
[2026-03-18T17:47:08.271+0530] {logging_mixin.py:188} INFO - [2026-03-18T17:47:08.271+0530] {dagbag.py:540} INFO - Filling up the DagBag from /home/tejasvi/Desktop/airflow_ssh_simulation/venv/lib/python3.10/site-packages/airflow/example_dags/example_complex.py
[2026-03-18T17:47:08.284+0530] {processor.py:840} INFO - DAG(s) 'example_complex' retrieved from /home/tejasvi/Desktop/airflow_ssh_simulation/venv/lib/python3.10/site-packages/airflow/example_dags/example_complex.py
[2026-03-18T17:47:08.414+0530] {logging_mixin.py:188} INFO - [2026-03-18T17:47:08.414+0530] {dag.py:3047} INFO - Sync 1 DAGs
[2026-03-18T17:47:08.427+0530] {logging_mixin.py:188} INFO - [2026-03-18T17:47:08.426+0530] {dag.py:3834} INFO - Setting next_dagrun for example_complex to None, run_after=None
[2026-03-18T17:47:08.505+0530] {processor.py:183} INFO - Processing /home/tejasvi/Desktop/airflow_ssh_simulation/venv/lib/python3.10/site-packages/airflow/example_dags/example_complex.py took 0.309 seconds
[2026-03-18T17:48:17.101+0530] {processor.py:161} INFO - Started process (PID=9901) to work on /home/tejasvi/Desktop/airflow_ssh_simulation/venv/lib/python3.10/site-packages/airflow/example_dags/example_complex.py
[2026-03-18T17:48:17.212+0530] {processor.py:830} INFO - Processing file /home/tejasvi/Desktop/airflow_ssh_simulation/venv/lib/python3.10/site-packages/airflow/example_dags/example_complex.py for tasks to queue
[2026-03-18T17:48:17.215+0530] {logging_mixin.py:188} INFO - [2026-03-18T17:48:17.214+0530] {dagbag.py:540} INFO - Filling up the DagBag from /home/tejasvi/Desktop/airflow_ssh_simulation/venv/lib/python3.10/site-packages/airflow/example_dags/example_complex.py
[2026-03-18T17:48:17.229+0530] {processor.py:840} INFO - DAG(s) 'example_complex' retrieved from /home/tejasvi/Desktop/airflow_ssh_simulation/venv/lib/python3.10/site-packages/airflow/example_dags/example_complex.py
[2026-03-18T17:48:17.253+0530] {logging_mixin.py:188} INFO - [2026-03-18T17:48:17.253+0530] {dag.py:3047} INFO - Sync 1 DAGs
[2026-03-18T17:48:17.265+0530] {logging_mixin.py:188} INFO - [2026-03-18T17:48:17.264+0530] {dag.py:3834} INFO - Setting next_dagrun for example_complex to None, run_after=None
[2026-03-18T17:48:17.362+0530] {processor.py:183} INFO - Processing /home/tejasvi/Desktop/airflow_ssh_simulation/venv/lib/python3.10/site-packages/airflow/example_dags/example_complex.py took 0.268 seconds
[2026-03-18T17:49:19.165+0530] {processor.py:161} INFO - Started process (PID=10386) to work on /home/tejasvi/Desktop/airflow_ssh_simulation/venv/lib/python3.10/site-packages/airflow/example_dags/example_complex.py
[2026-03-18T17:49:19.168+0530] {processor.py:830} INFO - Processing file /home/tejasvi/Desktop/airflow_ssh_simulation/venv/lib/python3.10/site-packages/airflow/example_dags/example_complex.py for tasks to queue
[2026-03-18T17:49:19.170+0530] {logging_mixin.py:188} INFO - [2026-03-18T17:49:19.170+0530] {dagbag.py:540} INFO - Filling up the DagBag from /home/tejasvi/Desktop/airflow_ssh_simulation/venv/lib/python3.10/site-packages/airflow/example_dags/example_complex.py
[2026-03-18T17:49:19.182+0530] {processor.py:840} INFO - DAG(s) 'example_complex' retrieved from /home/tejasvi/Desktop/airflow_ssh_simulation/venv/lib/python3.10/site-packages/airflow/example_dags/example_complex.py
[2026-03-18T17:49:19.208+0530] {logging_mixin.py:188} INFO - [2026-03-18T17:49:19.208+0530] {dag.py:3047} INFO - Sync 1 DAGs
[2026-03-18T17:49:19.219+0530] {logging_mixin.py:188} INFO - [2026-03-18T17:49:19.219+0530] {dag.py:3834} INFO - Setting next_dagrun for example_complex to None, run_after=None
[2026-03-18T17:49:19.312+0530] {processor.py:183} INFO - Processing /home/tejasvi/Desktop/airflow_ssh_simulation/venv/lib/python3.10/site-packages/airflow/example_dags/example_complex.py took 0.155 seconds
[2026-03-18T17:50:24.024+0530] {processor.py:161} INFO - Started process (PID=10878) to work on /home/tejasvi/Desktop/airflow_ssh_simulation/venv/lib/python3.10/site-packages/airflow/example_dags/example_complex.py
[2026-03-18T17:50:24.032+0530] {processor.py:830} INFO - Processing file /home/tejasvi/Desktop/airflow_ssh_simulation/venv/lib/python3.10/site-packages/airflow/example_dags/example_complex.py for tasks to queue
[2026-03-18T17:50:24.035+0530] {logging_mixin.py:188} INFO - [2026-03-18T17:50:24.034+0530] {dagbag.py:540} INFO - Filling up the DagBag from /home/tejasvi/Desktop/airflow_ssh_simulation/venv/lib/python3.10/site-packages/airflow/example_dags/example_complex.py
[2026-03-18T17:50:24.046+0530] {processor.py:840} INFO - DAG(s) 'example_complex' retrieved from /home/tejasvi/Desktop/airflow_ssh_simulation/venv/lib/python3.10/site-packages/airflow/example_dags/example_complex.py
[2026-03-18T17:50:24.071+0530] {logging_mixin.py:188} INFO - [2026-03-18T17:50:24.071+0530] {dag.py:3047} INFO - Sync 1 DAGs
[2026-03-18T17:50:24.082+0530] {logging_mixin.py:188} INFO - [2026-03-18T17:50:24.082+0530] {dag.py:3834} INFO - Setting next_dagrun for example_complex to None, run_after=None
[2026-03-18T17:50:24.321+0530] {processor.py:183} INFO - Processing /home/tejasvi/Desktop/airflow_ssh_simulation/venv/lib/python3.10/site-packages/airflow/example_dags/example_complex.py took 0.304 seconds
[2026-03-18T17:51:33.110+0530] {processor.py:161} INFO - Started process (PID=11494) to work on /home/tejasvi/Desktop/airflow_ssh_simulation/venv/lib/python3.10/site-packages/airflow/example_dags/example_complex.py
[2026-03-18T17:51:33.158+0530] {processor.py:830} INFO - Processing file /home/tejasvi/Desktop/airflow_ssh_simulation/venv/lib/python3.10/site-packages/airflow/example_dags/example_complex.py for tasks to queue
[2026-03-18T17:51:33.160+0530] {logging_mixin.py:188} INFO - [2026-03-18T17:51:33.160+0530] {dagbag.py:540} INFO - Filling up the DagBag from /home/tejasvi/Desktop/airflow_ssh_simulation/venv/lib/python3.10/site-packages/airflow/example_dags/example_complex.py
[2026-03-18T17:51:33.175+0530] {processor.py:840} INFO - DAG(s) 'example_complex' retrieved from /home/tejasvi/Desktop/airflow_ssh_simulation/venv/lib/python3.10/site-packages/airflow/example_dags/example_complex.py
[2026-03-18T17:51:33.202+0530] {logging_mixin.py:188} INFO - [2026-03-18T17:51:33.202+0530] {dag.py:3047} INFO - Sync 1 DAGs
[2026-03-18T17:51:33.215+0530] {logging_mixin.py:188} INFO - [2026-03-18T17:51:33.215+0530] {dag.py:3834} INFO - Setting next_dagrun for example_complex to None, run_after=None
[2026-03-18T17:51:33.269+0530] {processor.py:183} INFO - Processing /home/tejasvi/Desktop/airflow_ssh_simulation/venv/lib/python3.10/site-packages/airflow/example_dags/example_complex.py took 0.166 seconds
[2026-03-18T17:52:42.568+0530] {processor.py:161} INFO - Started process (PID=12048) to work on /home/tejasvi/Desktop/airflow_ssh_simulation/venv/lib/python3.10/site-packages/airflow/example_dags/example_complex.py
[2026-03-18T17:52:42.625+0530] {processor.py:830} INFO - Processing file /home/tejasvi/Desktop/airflow_ssh_simulation/venv/lib/python3.10/site-packages/airflow/example_dags/example_complex.py for tasks to queue
[2026-03-18T17:52:42.632+0530] {logging_mixin.py:188} INFO - [2026-03-18T17:52:42.631+0530] {dagbag.py:540} INFO - Filling up the DagBag from /home/tejasvi/Desktop/airflow_ssh_simulation/venv/lib/python3.10/site-packages/airflow/example_dags/example_complex.py
[2026-03-18T17:52:42.660+0530] {processor.py:840} INFO - DAG(s) 'example_complex' retrieved from /home/tejasvi/Desktop/airflow_ssh_simulation/venv/lib/python3.10/site-packages/airflow/example_dags/example_complex.py
[2026-03-18T17:52:42.689+0530] {logging_mixin.py:188} INFO - [2026-03-18T17:52:42.689+0530] {dag.py:3047} INFO - Sync 1 DAGs
[2026-03-18T17:52:42.706+0530] {logging_mixin.py:188} INFO - [2026-03-18T17:52:42.706+0530] {dag.py:3834} INFO - Setting next_dagrun for example_complex to None, run_after=None
[2026-03-18T17:52:42.793+0530] {processor.py:183} INFO - Processing /home/tejasvi/Desktop/airflow_ssh_simulation/venv/lib/python3.10/site-packages/airflow/example_dags/example_complex.py took 0.233 seconds
[2026-03-18T17:53:55.998+0530] {processor.py:161} INFO - Started process (PID=12942) to work on /home/tejasvi/Desktop/airflow_ssh_simulation/venv/lib/python3.10/site-packages/airflow/example_dags/example_complex.py
[2026-03-18T17:53:56.080+0530] {processor.py:830} INFO - Processing file /home/tejasvi/Desktop/airflow_ssh_simulation/venv/lib/python3.10/site-packages/airflow/example_dags/example_complex.py for tasks to queue
[2026-03-18T17:53:56.084+0530] {logging_mixin.py:188} INFO - [2026-03-18T17:53:56.083+0530] {dagbag.py:540} INFO - Filling up the DagBag from /home/tejasvi/Desktop/airflow_ssh_simulation/venv/lib/python3.10/site-packages/airflow/example_dags/example_complex.py
[2026-03-18T17:53:56.114+0530] {processor.py:840} INFO - DAG(s) 'example_complex' retrieved from /home/tejasvi/Desktop/airflow_ssh_simulation/venv/lib/python3.10/site-packages/airflow/example_dags/example_complex.py
[2026-03-18T17:53:56.147+0530] {logging_mixin.py:188} INFO - [2026-03-18T17:53:56.147+0530] {dag.py:3047} INFO - Sync 1 DAGs
[2026-03-18T17:53:56.161+0530] {logging_mixin.py:188} INFO - [2026-03-18T17:53:56.161+0530] {dag.py:3834} INFO - Setting next_dagrun for example_complex to None, run_after=None
[2026-03-18T17:53:56.245+0530] {processor.py:183} INFO - Processing /home/tejasvi/Desktop/airflow_ssh_simulation/venv/lib/python3.10/site-packages/airflow/example_dags/example_complex.py took 0.254 seconds
[2026-03-18T17:54:59.331+0530] {processor.py:161} INFO - Started process (PID=13431) to work on /home/tejasvi/Desktop/airflow_ssh_simulation/venv/lib/python3.10/site-packages/airflow/example_dags/example_complex.py
[2026-03-18T17:54:59.345+0530] {processor.py:830} INFO - Processing file /home/tejasvi/Desktop/airflow_ssh_simulation/venv/lib/python3.10/site-packages/airflow/example_dags/example_complex.py for tasks to queue
[2026-03-18T17:54:59.348+0530] {logging_mixin.py:188} INFO - [2026-03-18T17:54:59.348+0530] {dagbag.py:540} INFO - Filling up the DagBag from /home/tejasvi/Desktop/airflow_ssh_simulation/venv/lib/python3.10/site-packages/airflow/example_dags/example_complex.py
[2026-03-18T17:54:59.361+0530] {processor.py:840} INFO - DAG(s) 'example_complex' retrieved from /home/tejasvi/Desktop/airflow_ssh_simulation/venv/lib/python3.10/site-packages/airflow/example_dags/example_complex.py
[2026-03-18T17:54:59.386+0530] {logging_mixin.py:188} INFO - [2026-03-18T17:54:59.386+0530] {dag.py:3047} INFO - Sync 1 DAGs
[2026-03-18T17:54:59.398+0530] {logging_mixin.py:188} INFO - [2026-03-18T17:54:59.397+0530] {dag.py:3834} INFO - Setting next_dagrun for example_complex to None, run_after=None
[2026-03-18T17:54:59.513+0530] {processor.py:183} INFO - Processing /home/tejasvi/Desktop/airflow_ssh_simulation/venv/lib/python3.10/site-packages/airflow/example_dags/example_complex.py took 0.189 seconds
[2026-03-18T17:56:04.921+0530] {processor.py:161} INFO - Started process (PID=13973) to work on /home/tejasvi/Desktop/airflow_ssh_simulation/venv/lib/python3.10/site-packages/airflow/example_dags/example_complex.py
[2026-03-18T17:56:04.931+0530] {processor.py:830} INFO - Processing file /home/tejasvi/Desktop/airflow_ssh_simulation/venv/lib/python3.10/site-packages/airflow/example_dags/example_complex.py for tasks to queue
[2026-03-18T17:56:04.934+0530] {logging_mixin.py:188} INFO - [2026-03-18T17:56:04.934+0530] {dagbag.py:540} INFO - Filling up the DagBag from /home/tejasvi/Desktop/airflow_ssh_simulation/venv/lib/python3.10/site-packages/airflow/example_dags/example_complex.py
[2026-03-18T17:56:04.947+0530] {processor.py:840} INFO - DAG(s) 'example_complex' retrieved from /home/tejasvi/Desktop/airflow_ssh_simulation/venv/lib/python3.10/site-packages/airflow/example_dags/example_complex.py
[2026-03-18T17:56:04.972+0530] {logging_mixin.py:188} INFO - [2026-03-18T17:56:04.972+0530] {dag.py:3047} INFO - Sync 1 DAGs
[2026-03-18T17:56:04.984+0530] {logging_mixin.py:188} INFO - [2026-03-18T17:56:04.984+0530] {dag.py:3834} INFO - Setting next_dagrun for example_complex to None, run_after=None
[2026-03-18T17:56:05.043+0530] {processor.py:183} INFO - Processing /home/tejasvi/Desktop/airflow_ssh_simulation/venv/lib/python3.10/site-packages/airflow/example_dags/example_complex.py took 0.130 seconds
[2026-03-18T17:57:14.675+0530] {processor.py:161} INFO - Started process (PID=14521) to work on /home/tejasvi/Desktop/airflow_ssh_simulation/venv/lib/python3.10/site-packages/airflow/example_dags/example_complex.py
[2026-03-18T17:57:14.748+0530] {processor.py:830} INFO - Processing file /home/tejasvi/Desktop/airflow_ssh_simulation/venv/lib/python3.10/site-packages/airflow/example_dags/example_complex.py for tasks to queue
[2026-03-18T17:57:14.753+0530] {logging_mixin.py:188} INFO - [2026-03-18T17:57:14.752+0530] {dagbag.py:540} INFO - Filling up the DagBag from /home/tejasvi/Desktop/airflow_ssh_simulation/venv/lib/python3.10/site-packages/airflow/example_dags/example_complex.py
[2026-03-18T17:57:14.786+0530] {processor.py:840} INFO - DAG(s) 'example_complex' retrieved from /home/tejasvi/Desktop/airflow_ssh_simulation/venv/lib/python3.10/site-packages/airflow/example_dags/example_complex.py
[2026-03-18T17:57:14.816+0530] {logging_mixin.py:188} INFO - [2026-03-18T17:57:14.816+0530] {dag.py:3047} INFO - Sync 1 DAGs
[2026-03-18T17:57:14.828+0530] {logging_mixin.py:188} INFO - [2026-03-18T17:57:14.828+0530] {dag.py:3834} INFO - Setting next_dagrun for example_complex to None, run_after=None
[2026-03-18T17:57:14.948+0530] {processor.py:183} INFO - Processing /home/tejasvi/Desktop/airflow_ssh_simulation/venv/lib/python3.10/site-packages/airflow/example_dags/example_complex.py took 0.278 seconds
[2026-03-18T17:58:24.417+0530] {processor.py:161} INFO - Started process (PID=15046) to work on /home/tejasvi/Desktop/airflow_ssh_simulation/venv/lib/python3.10/site-packages/airflow/example_dags/example_complex.py
[2026-03-18T17:58:24.419+0530] {processor.py:830} INFO - Processing file /home/tejasvi/Desktop/airflow_ssh_simulation/venv/lib/python3.10/site-packages/airflow/example_dags/example_complex.py for tasks to queue
[2026-03-18T17:58:24.421+0530] {logging_mixin.py:188} INFO - [2026-03-18T17:58:24.421+0530] {dagbag.py:540} INFO - Filling up the DagBag from /home/tejasvi/Desktop/airflow_ssh_simulation/venv/lib/python3.10/site-packages/airflow/example_dags/example_complex.py
[2026-03-18T17:58:24.434+0530] {processor.py:840} INFO - DAG(s) 'example_complex' retrieved from /home/tejasvi/Desktop/airflow_ssh_simulation/venv/lib/python3.10/site-packages/airflow/example_dags/example_complex.py
[2026-03-18T17:58:24.460+0530] {logging_mixin.py:188} INFO - [2026-03-18T17:58:24.460+0530] {dag.py:3047} INFO - Sync 1 DAGs
[2026-03-18T17:58:24.472+0530] {logging_mixin.py:188} INFO - [2026-03-18T17:58:24.472+0530] {dag.py:3834} INFO - Setting next_dagrun for example_complex to None, run_after=None
[2026-03-18T17:58:24.566+0530] {processor.py:183} INFO - Processing /home/tejasvi/Desktop/airflow_ssh_simulation/venv/lib/python3.10/site-packages/airflow/example_dags/example_complex.py took 0.157 seconds
[2026-03-18T17:59:23.367+0530] {processor.py:161} INFO - Started process (PID=15331) to work on /home/tejasvi/Desktop/airflow_ssh_simulation/venv/lib/python3.10/site-packages/airflow/example_dags/example_complex.py
[2026-03-18T17:59:23.399+0530] {processor.py:830} INFO - Processing file /home/tejasvi/Desktop/airflow_ssh_simulation/venv/lib/python3.10/site-packages/airflow/example_dags/example_complex.py for tasks to queue
[2026-03-18T17:59:23.403+0530] {logging_mixin.py:188} INFO - [2026-03-18T17:59:23.402+0530] {dagbag.py:540} INFO - Filling up the DagBag from /home/tejasvi/Desktop/airflow_ssh_simulation/venv/lib/python3.10/site-packages/airflow/example_dags/example_complex.py
[2026-03-18T17:59:23.416+0530] {processor.py:840} INFO - DAG(s) 'example_complex' retrieved from /home/tejasvi/Desktop/airflow_ssh_simulation/venv/lib/python3.10/site-packages/airflow/example_dags/example_complex.py
[2026-03-18T17:59:23.443+0530] {logging_mixin.py:188} INFO - [2026-03-18T17:59:23.443+0530] {dag.py:3047} INFO - Sync 1 DAGs
[2026-03-18T17:59:23.456+0530] {logging_mixin.py:188} INFO - [2026-03-18T17:59:23.456+0530] {dag.py:3834} INFO - Setting next_dagrun for example_complex to None, run_after=None
[2026-03-18T17:59:23.528+0530] {processor.py:183} INFO - Processing /home/tejasvi/Desktop/airflow_ssh_simulation/venv/lib/python3.10/site-packages/airflow/example_dags/example_complex.py took 0.169 seconds
[2026-03-18T18:00:30.956+0530] {processor.py:161} INFO - Started process (PID=15495) to work on /home/tejasvi/Desktop/airflow_ssh_simulation/venv/lib/python3.10/site-packages/airflow/example_dags/example_complex.py
[2026-03-18T18:00:31.004+0530] {processor.py:830} INFO - Processing file /home/tejasvi/Desktop/airflow_ssh_simulation/venv/lib/python3.10/site-packages/airflow/example_dags/example_complex.py for tasks to queue
[2026-03-18T18:00:31.009+0530] {logging_mixin.py:188} INFO - [2026-03-18T18:00:31.008+0530] {dagbag.py:540} INFO - Filling up the DagBag from /home/tejasvi/Desktop/airflow_ssh_simulation/venv/lib/python3.10/site-packages/airflow/example_dags/example_complex.py
[2026-03-18T18:00:31.041+0530] {processor.py:840} INFO - DAG(s) 'example_complex' retrieved from /home/tejasvi/Desktop/airflow_ssh_simulation/venv/lib/python3.10/site-packages/airflow/example_dags/example_complex.py
[2026-03-18T18:00:31.069+0530] {logging_mixin.py:188} INFO - [2026-03-18T18:00:31.069+0530] {dag.py:3047} INFO - Sync 1 DAGs
[2026-03-18T18:00:31.082+0530] {logging_mixin.py:188} INFO - [2026-03-18T18:00:31.082+0530] {dag.py:3834} INFO - Setting next_dagrun for example_complex to None, run_after=None
[2026-03-18T18:00:31.130+0530] {processor.py:183} INFO - Processing /home/tejasvi/Desktop/airflow_ssh_simulation/venv/lib/python3.10/site-packages/airflow/example_dags/example_complex.py took 0.179 seconds
[2026-03-18T18:01:32.395+0530] {processor.py:161} INFO - Started process (PID=16845) to work on /home/tejasvi/Desktop/airflow_ssh_simulation/venv/lib/python3.10/site-packages/airflow/example_dags/example_complex.py
[2026-03-18T18:01:32.417+0530] {processor.py:830} INFO - Processing file /home/tejasvi/Desktop/airflow_ssh_simulation/venv/lib/python3.10/site-packages/airflow/example_dags/example_complex.py for tasks to queue
[2026-03-18T18:01:32.420+0530] {logging_mixin.py:188} INFO - [2026-03-18T18:01:32.419+0530] {dagbag.py:540} INFO - Filling up the DagBag from /home/tejasvi/Desktop/airflow_ssh_simulation/venv/lib/python3.10/site-packages/airflow/example_dags/example_complex.py
[2026-03-18T18:01:32.474+0530] {processor.py:840} INFO - DAG(s) 'example_complex' retrieved from /home/tejasvi/Desktop/airflow_ssh_simulation/venv/lib/python3.10/site-packages/airflow/example_dags/example_complex.py
[2026-03-18T18:01:32.540+0530] {logging_mixin.py:188} INFO - [2026-03-18T18:01:32.540+0530] {dag.py:3047} INFO - Sync 1 DAGs
[2026-03-18T18:01:32.554+0530] {logging_mixin.py:188} INFO - [2026-03-18T18:01:32.554+0530] {dag.py:3834} INFO - Setting next_dagrun for example_complex to None, run_after=None
[2026-03-18T18:01:32.602+0530] {processor.py:183} INFO - Processing /home/tejasvi/Desktop/airflow_ssh_simulation/venv/lib/python3.10/site-packages/airflow/example_dags/example_complex.py took 0.213 seconds
[2026-03-18T18:02:49.100+0530] {processor.py:161} INFO - Started process (PID=18025) to work on /home/tejasvi/Desktop/airflow_ssh_simulation/venv/lib/python3.10/site-packages/airflow/example_dags/example_complex.py
[2026-03-18T18:02:49.102+0530] {processor.py:830} INFO - Processing file /home/tejasvi/Desktop/airflow_ssh_simulation/venv/lib/python3.10/site-packages/airflow/example_dags/example_complex.py for tasks to queue
[2026-03-18T18:02:49.105+0530] {logging_mixin.py:188} INFO - [2026-03-18T18:02:49.104+0530] {dagbag.py:540} INFO - Filling up the DagBag from /home/tejasvi/Desktop/airflow_ssh_simulation/venv/lib/python3.10/site-packages/airflow/example_dags/example_complex.py
[2026-03-18T18:02:49.120+0530] {processor.py:840} INFO - DAG(s) 'example_complex' retrieved from /home/tejasvi/Desktop/airflow_ssh_simulation/venv/lib/python3.10/site-packages/airflow/example_dags/example_complex.py
[2026-03-18T18:02:49.151+0530] {logging_mixin.py:188} INFO - [2026-03-18T18:02:49.151+0530] {dag.py:3047} INFO - Sync 1 DAGs
[2026-03-18T18:02:49.165+0530] {logging_mixin.py:188} INFO - [2026-03-18T18:02:49.165+0530] {dag.py:3834} INFO - Setting next_dagrun for example_complex to None, run_after=None
[2026-03-18T18:02:49.356+0530] {processor.py:183} INFO - Processing /home/tejasvi/Desktop/airflow_ssh_simulation/venv/lib/python3.10/site-packages/airflow/example_dags/example_complex.py took 0.260 seconds
[2026-03-18T18:03:57.649+0530] {processor.py:161} INFO - Started process (PID=18212) to work on /home/tejasvi/Desktop/airflow_ssh_simulation/venv/lib/python3.10/site-packages/airflow/example_dags/example_complex.py
[2026-03-18T18:03:57.742+0530] {processor.py:830} INFO - Processing file /home/tejasvi/Desktop/airflow_ssh_simulation/venv/lib/python3.10/site-packages/airflow/example_dags/example_complex.py for tasks to queue
[2026-03-18T18:03:57.745+0530] {logging_mixin.py:188} INFO - [2026-03-18T18:03:57.745+0530] {dagbag.py:540} INFO - Filling up the DagBag from /home/tejasvi/Desktop/airflow_ssh_simulation/venv/lib/python3.10/site-packages/airflow/example_dags/example_complex.py
[2026-03-18T18:03:57.760+0530] {processor.py:840} INFO - DAG(s) 'example_complex' retrieved from /home/tejasvi/Desktop/airflow_ssh_simulation/venv/lib/python3.10/site-packages/airflow/example_dags/example_complex.py
[2026-03-18T18:03:57.790+0530] {logging_mixin.py:188} INFO - [2026-03-18T18:03:57.789+0530] {dag.py:3047} INFO - Sync 1 DAGs
[2026-03-18T18:03:57.803+0530] {logging_mixin.py:188} INFO - [2026-03-18T18:03:57.803+0530] {dag.py:3834} INFO - Setting next_dagrun for example_complex to None, run_after=None
[2026-03-18T18:03:57.897+0530] {processor.py:183} INFO - Processing /home/tejasvi/Desktop/airflow_ssh_simulation/venv/lib/python3.10/site-packages/airflow/example_dags/example_complex.py took 0.253 seconds
[2026-03-18T18:05:04.424+0530] {processor.py:161} INFO - Started process (PID=18701) to work on /home/tejasvi/Desktop/airflow_ssh_simulation/venv/lib/python3.10/site-packages/airflow/example_dags/example_complex.py
[2026-03-18T18:05:04.468+0530] {processor.py:830} INFO - Processing file /home/tejasvi/Desktop/airflow_ssh_simulation/venv/lib/python3.10/site-packages/airflow/example_dags/example_complex.py for tasks to queue
[2026-03-18T18:05:04.472+0530] {logging_mixin.py:188} INFO - [2026-03-18T18:05:04.472+0530] {dagbag.py:540} INFO - Filling up the DagBag from /home/tejasvi/Desktop/airflow_ssh_simulation/venv/lib/python3.10/site-packages/airflow/example_dags/example_complex.py
[2026-03-18T18:05:04.489+0530] {processor.py:840} INFO - DAG(s) 'example_complex' retrieved from /home/tejasvi/Desktop/airflow_ssh_simulation/venv/lib/python3.10/site-packages/airflow/example_dags/example_complex.py
[2026-03-18T18:05:04.515+0530] {logging_mixin.py:188} INFO - [2026-03-18T18:05:04.515+0530] {dag.py:3047} INFO - Sync 1 DAGs
[2026-03-18T18:05:04.529+0530] {logging_mixin.py:188} INFO - [2026-03-18T18:05:04.529+0530] {dag.py:3834} INFO - Setting next_dagrun for example_complex to None, run_after=None
[2026-03-18T18:05:04.606+0530] {processor.py:183} INFO - Processing /home/tejasvi/Desktop/airflow_ssh_simulation/venv/lib/python3.10/site-packages/airflow/example_dags/example_complex.py took 0.186 seconds
[2026-03-18T18:06:09.892+0530] {processor.py:161} INFO - Started process (PID=18896) to work on /home/tejasvi/Desktop/airflow_ssh_simulation/venv/lib/python3.10/site-packages/airflow/example_dags/example_complex.py
[2026-03-18T18:06:09.894+0530] {processor.py:830} INFO - Processing file /home/tejasvi/Desktop/airflow_ssh_simulation/venv/lib/python3.10/site-packages/airflow/example_dags/example_complex.py for tasks to queue
[2026-03-18T18:06:09.899+0530] {logging_mixin.py:188} INFO - [2026-03-18T18:06:09.898+0530] {dagbag.py:540} INFO - Filling up the DagBag from /home/tejasvi/Desktop/airflow_ssh_simulation/venv/lib/python3.10/site-packages/airflow/example_dags/example_complex.py
[2026-03-18T18:06:09.917+0530] {processor.py:840} INFO - DAG(s) 'example_complex' retrieved from /home/tejasvi/Desktop/airflow_ssh_simulation/venv/lib/python3.10/site-packages/airflow/example_dags/example_complex.py
[2026-03-18T18:06:09.947+0530] {logging_mixin.py:188} INFO - [2026-03-18T18:06:09.946+0530] {dag.py:3047} INFO - Sync 1 DAGs
[2026-03-18T18:06:09.961+0530] {logging_mixin.py:188} INFO - [2026-03-18T18:06:09.960+0530] {dag.py:3834} INFO - Setting next_dagrun for example_complex to None, run_after=None
[2026-03-18T18:06:10.022+0530] {processor.py:183} INFO - Processing /home/tejasvi/Desktop/airflow_ssh_simulation/venv/lib/python3.10/site-packages/airflow/example_dags/example_complex.py took 0.140 seconds
[2026-03-18T18:07:07.224+0530] {processor.py:161} INFO - Started process (PID=19048) to work on /home/tejasvi/Desktop/airflow_ssh_simulation/venv/lib/python3.10/site-packages/airflow/example_dags/example_complex.py
[2026-03-18T18:07:07.278+0530] {processor.py:830} INFO - Processing file /home/tejasvi/Desktop/airflow_ssh_simulation/venv/lib/python3.10/site-packages/airflow/example_dags/example_complex.py for tasks to queue
[2026-03-18T18:07:07.281+0530] {logging_mixin.py:188} INFO - [2026-03-18T18:07:07.281+0530] {dagbag.py:540} INFO - Filling up the DagBag from /home/tejasvi/Desktop/airflow_ssh_simulation/venv/lib/python3.10/site-packages/airflow/example_dags/example_complex.py
[2026-03-18T18:07:07.296+0530] {processor.py:840} INFO - DAG(s) 'example_complex' retrieved from /home/tejasvi/Desktop/airflow_ssh_simulation/venv/lib/python3.10/site-packages/airflow/example_dags/example_complex.py
[2026-03-18T18:07:07.325+0530] {logging_mixin.py:188} INFO - [2026-03-18T18:07:07.325+0530] {dag.py:3047} INFO - Sync 1 DAGs
[2026-03-18T18:07:07.339+0530] {logging_mixin.py:188} INFO - [2026-03-18T18:07:07.339+0530] {dag.py:3834} INFO - Setting next_dagrun for example_complex to None, run_after=None
[2026-03-18T18:07:07.421+0530] {processor.py:183} INFO - Processing /home/tejasvi/Desktop/airflow_ssh_simulation/venv/lib/python3.10/site-packages/airflow/example_dags/example_complex.py took 0.207 seconds
[2026-03-18T18:08:10.609+0530] {processor.py:161} INFO - Started process (PID=19209) to work on /home/tejasvi/Desktop/airflow_ssh_simulation/venv/lib/python3.10/site-packages/airflow/example_dags/example_complex.py
[2026-03-18T18:08:10.622+0530] {processor.py:830} INFO - Processing file /home/tejasvi/Desktop/airflow_ssh_simulation/venv/lib/python3.10/site-packages/airflow/example_dags/example_complex.py for tasks to queue
[2026-03-18T18:08:10.625+0530] {logging_mixin.py:188} INFO - [2026-03-18T18:08:10.624+0530] {dagbag.py:540} INFO - Filling up the DagBag from /home/tejasvi/Desktop/airflow_ssh_simulation/venv/lib/python3.10/site-packages/airflow/example_dags/example_complex.py
[2026-03-18T18:08:10.640+0530] {processor.py:840} INFO - DAG(s) 'example_complex' retrieved from /home/tejasvi/Desktop/airflow_ssh_simulation/venv/lib/python3.10/site-packages/airflow/example_dags/example_complex.py
[2026-03-18T18:08:10.685+0530] {logging_mixin.py:188} INFO - [2026-03-18T18:08:10.684+0530] {dag.py:3047} INFO - Sync 1 DAGs
[2026-03-18T18:08:10.701+0530] {logging_mixin.py:188} INFO - [2026-03-18T18:08:10.701+0530] {dag.py:3834} INFO - Setting next_dagrun for example_complex to None, run_after=None
[2026-03-18T18:08:10.757+0530] {processor.py:183} INFO - Processing /home/tejasvi/Desktop/airflow_ssh_simulation/venv/lib/python3.10/site-packages/airflow/example_dags/example_complex.py took 0.156 seconds
[2026-03-18T18:09:10.558+0530] {processor.py:161} INFO - Started process (PID=19377) to work on /home/tejasvi/Desktop/airflow_ssh_simulation/venv/lib/python3.10/site-packages/airflow/example_dags/example_complex.py
[2026-03-18T18:09:10.624+0530] {processor.py:830} INFO - Processing file /home/tejasvi/Desktop/airflow_ssh_simulation/venv/lib/python3.10/site-packages/airflow/example_dags/example_complex.py for tasks to queue
[2026-03-18T18:09:10.628+0530] {logging_mixin.py:188} INFO - [2026-03-18T18:09:10.627+0530] {dagbag.py:540} INFO - Filling up the DagBag from /home/tejasvi/Desktop/airflow_ssh_simulation/venv/lib/python3.10/site-packages/airflow/example_dags/example_complex.py
[2026-03-18T18:09:10.642+0530] {processor.py:840} INFO - DAG(s) 'example_complex' retrieved from /home/tejasvi/Desktop/airflow_ssh_simulation/venv/lib/python3.10/site-packages/airflow/example_dags/example_complex.py
[2026-03-18T18:09:10.670+0530] {logging_mixin.py:188} INFO - [2026-03-18T18:09:10.670+0530] {dag.py:3047} INFO - Sync 1 DAGs
[2026-03-18T18:09:10.684+0530] {logging_mixin.py:188} INFO - [2026-03-18T18:09:10.683+0530] {dag.py:3834} INFO - Setting next_dagrun for example_complex to None, run_after=None
[2026-03-18T18:09:10.759+0530] {processor.py:183} INFO - Processing /home/tejasvi/Desktop/airflow_ssh_simulation/venv/lib/python3.10/site-packages/airflow/example_dags/example_complex.py took 0.206 seconds
[2026-03-18T18:10:07.864+0530] {processor.py:161} INFO - Started process (PID=19536) to work on /home/tejasvi/Desktop/airflow_ssh_simulation/venv/lib/python3.10/site-packages/airflow/example_dags/example_complex.py
[2026-03-18T18:10:07.874+0530] {processor.py:830} INFO - Processing file /home/tejasvi/Desktop/airflow_ssh_simulation/venv/lib/python3.10/site-packages/airflow/example_dags/example_complex.py for tasks to queue
[2026-03-18T18:10:07.879+0530] {logging_mixin.py:188} INFO - [2026-03-18T18:10:07.878+0530] {dagbag.py:540} INFO - Filling up the DagBag from /home/tejasvi/Desktop/airflow_ssh_simulation/venv/lib/python3.10/site-packages/airflow/example_dags/example_complex.py
[2026-03-18T18:10:07.897+0530] {processor.py:840} INFO - DAG(s) 'example_complex' retrieved from /home/tejasvi/Desktop/airflow_ssh_simulation/venv/lib/python3.10/site-packages/airflow/example_dags/example_complex.py
[2026-03-18T18:10:07.922+0530] {logging_mixin.py:188} INFO - [2026-03-18T18:10:07.922+0530] {dag.py:3047} INFO - Sync 1 DAGs
[2026-03-18T18:10:07.936+0530] {logging_mixin.py:188} INFO - [2026-03-18T18:10:07.936+0530] {dag.py:3834} INFO - Setting next_dagrun for example_complex to None, run_after=None
[2026-03-18T18:10:08.014+0530] {processor.py:183} INFO - Processing /home/tejasvi/Desktop/airflow_ssh_simulation/venv/lib/python3.10/site-packages/airflow/example_dags/example_complex.py took 0.158 seconds
[2026-03-18T18:11:09.765+0530] {processor.py:161} INFO - Started process (PID=19739) to work on /home/tejasvi/Desktop/airflow_ssh_simulation/venv/lib/python3.10/site-packages/airflow/example_dags/example_complex.py
[2026-03-18T18:11:09.872+0530] {processor.py:830} INFO - Processing file /home/tejasvi/Desktop/airflow_ssh_simulation/venv/lib/python3.10/site-packages/airflow/example_dags/example_complex.py for tasks to queue
[2026-03-18T18:11:09.875+0530] {logging_mixin.py:188} INFO - [2026-03-18T18:11:09.874+0530] {dagbag.py:540} INFO - Filling up the DagBag from /home/tejasvi/Desktop/airflow_ssh_simulation/venv/lib/python3.10/site-packages/airflow/example_dags/example_complex.py
[2026-03-18T18:11:09.890+0530] {processor.py:840} INFO - DAG(s) 'example_complex' retrieved from /home/tejasvi/Desktop/airflow_ssh_simulation/venv/lib/python3.10/site-packages/airflow/example_dags/example_complex.py
[2026-03-18T18:11:09.920+0530] {logging_mixin.py:188} INFO - [2026-03-18T18:11:09.920+0530] {dag.py:3047} INFO - Sync 1 DAGs
[2026-03-18T18:11:09.934+0530] {logging_mixin.py:188} INFO - [2026-03-18T18:11:09.934+0530] {dag.py:3834} INFO - Setting next_dagrun for example_complex to None, run_after=None
[2026-03-18T18:11:10.014+0530] {processor.py:183} INFO - Processing /home/tejasvi/Desktop/airflow_ssh_simulation/venv/lib/python3.10/site-packages/airflow/example_dags/example_complex.py took 0.254 seconds
[2026-03-18T18:12:17.399+0530] {processor.py:161} INFO - Started process (PID=19910) to work on /home/tejasvi/Desktop/airflow_ssh_simulation/venv/lib/python3.10/site-packages/airflow/example_dags/example_complex.py
[2026-03-18T18:12:17.636+0530] {processor.py:830} INFO - Processing file /home/tejasvi/Desktop/airflow_ssh_simulation/venv/lib/python3.10/site-packages/airflow/example_dags/example_complex.py for tasks to queue
[2026-03-18T18:12:17.640+0530] {logging_mixin.py:188} INFO - [2026-03-18T18:12:17.639+0530] {dagbag.py:540} INFO - Filling up the DagBag from /home/tejasvi/Desktop/airflow_ssh_simulation/venv/lib/python3.10/site-packages/airflow/example_dags/example_complex.py
[2026-03-18T18:12:17.662+0530] {processor.py:840} INFO - DAG(s) 'example_complex' retrieved from /home/tejasvi/Desktop/airflow_ssh_simulation/venv/lib/python3.10/site-packages/airflow/example_dags/example_complex.py
[2026-03-18T18:12:17.698+0530] {logging_mixin.py:188} INFO - [2026-03-18T18:12:17.698+0530] {dag.py:3047} INFO - Sync 1 DAGs
[2026-03-18T18:12:17.713+0530] {logging_mixin.py:188} INFO - [2026-03-18T18:12:17.713+0530] {dag.py:3834} INFO - Setting next_dagrun for example_complex to None, run_after=None
[2026-03-18T18:12:17.851+0530] {processor.py:183} INFO - Processing /home/tejasvi/Desktop/airflow_ssh_simulation/venv/lib/python3.10/site-packages/airflow/example_dags/example_complex.py took 0.458 seconds
[2026-03-18T18:13:27.721+0530] {processor.py:161} INFO - Started process (PID=20082) to work on /home/tejasvi/Desktop/airflow_ssh_simulation/venv/lib/python3.10/site-packages/airflow/example_dags/example_complex.py
[2026-03-18T18:13:27.833+0530] {processor.py:830} INFO - Processing file /home/tejasvi/Desktop/airflow_ssh_simulation/venv/lib/python3.10/site-packages/airflow/example_dags/example_complex.py for tasks to queue
[2026-03-18T18:13:27.837+0530] {logging_mixin.py:188} INFO - [2026-03-18T18:13:27.837+0530] {dagbag.py:540} INFO - Filling up the DagBag from /home/tejasvi/Desktop/airflow_ssh_simulation/venv/lib/python3.10/site-packages/airflow/example_dags/example_complex.py
[2026-03-18T18:13:27.863+0530] {processor.py:840} INFO - DAG(s) 'example_complex' retrieved from /home/tejasvi/Desktop/airflow_ssh_simulation/venv/lib/python3.10/site-packages/airflow/example_dags/example_complex.py
[2026-03-18T18:13:27.901+0530] {logging_mixin.py:188} INFO - [2026-03-18T18:13:27.900+0530] {dag.py:3047} INFO - Sync 1 DAGs
[2026-03-18T18:13:27.914+0530] {logging_mixin.py:188} INFO - [2026-03-18T18:13:27.914+0530] {dag.py:3834} INFO - Setting next_dagrun for example_complex to None, run_after=None
[2026-03-18T18:13:28.171+0530] {processor.py:183} INFO - Processing /home/tejasvi/Desktop/airflow_ssh_simulation/venv/lib/python3.10/site-packages/airflow/example_dags/example_complex.py took 0.457 seconds
[2026-03-18T18:14:51.170+0530] {processor.py:161} INFO - Started process (PID=20260) to work on /home/tejasvi/Desktop/airflow_ssh_simulation/venv/lib/python3.10/site-packages/airflow/example_dags/example_complex.py
[2026-03-18T18:14:51.217+0530] {processor.py:830} INFO - Processing file /home/tejasvi/Desktop/airflow_ssh_simulation/venv/lib/python3.10/site-packages/airflow/example_dags/example_complex.py for tasks to queue
[2026-03-18T18:14:51.221+0530] {logging_mixin.py:188} INFO - [2026-03-18T18:14:51.220+0530] {dagbag.py:540} INFO - Filling up the DagBag from /home/tejasvi/Desktop/airflow_ssh_simulation/venv/lib/python3.10/site-packages/airflow/example_dags/example_complex.py
[2026-03-18T18:14:51.241+0530] {processor.py:840} INFO - DAG(s) 'example_complex' retrieved from /home/tejasvi/Desktop/airflow_ssh_simulation/venv/lib/python3.10/site-packages/airflow/example_dags/example_complex.py
[2026-03-18T18:14:51.271+0530] {logging_mixin.py:188} INFO - [2026-03-18T18:14:51.271+0530] {dag.py:3047} INFO - Sync 1 DAGs
[2026-03-18T18:14:51.284+0530] {logging_mixin.py:188} INFO - [2026-03-18T18:14:51.283+0530] {dag.py:3834} INFO - Setting next_dagrun for example_complex to None, run_after=None
[2026-03-18T18:14:51.552+0530] {processor.py:183} INFO - Processing /home/tejasvi/Desktop/airflow_ssh_simulation/venv/lib/python3.10/site-packages/airflow/example_dags/example_complex.py took 0.386 seconds
[2026-03-18T18:16:01.943+0530] {processor.py:161} INFO - Started process (PID=20474) to work on /home/tejasvi/Desktop/airflow_ssh_simulation/venv/lib/python3.10/site-packages/airflow/example_dags/example_complex.py
[2026-03-18T18:16:02.013+0530] {processor.py:830} INFO - Processing file /home/tejasvi/Desktop/airflow_ssh_simulation/venv/lib/python3.10/site-packages/airflow/example_dags/example_complex.py for tasks to queue
[2026-03-18T18:16:02.018+0530] {logging_mixin.py:188} INFO - [2026-03-18T18:16:02.017+0530] {dagbag.py:540} INFO - Filling up the DagBag from /home/tejasvi/Desktop/airflow_ssh_simulation/venv/lib/python3.10/site-packages/airflow/example_dags/example_complex.py
[2026-03-18T18:16:02.039+0530] {processor.py:840} INFO - DAG(s) 'example_complex' retrieved from /home/tejasvi/Desktop/airflow_ssh_simulation/venv/lib/python3.10/site-packages/airflow/example_dags/example_complex.py
[2026-03-18T18:16:02.072+0530] {logging_mixin.py:188} INFO - [2026-03-18T18:16:02.072+0530] {dag.py:3047} INFO - Sync 1 DAGs
[2026-03-18T18:16:02.088+0530] {logging_mixin.py:188} INFO - [2026-03-18T18:16:02.087+0530] {dag.py:3834} INFO - Setting next_dagrun for example_complex to None, run_after=None
[2026-03-18T18:16:02.160+0530] {processor.py:183} INFO - Processing /home/tejasvi/Desktop/airflow_ssh_simulation/venv/lib/python3.10/site-packages/airflow/example_dags/example_complex.py took 0.223 seconds
[2026-03-18T18:17:04.224+0530] {processor.py:161} INFO - Started process (PID=20632) to work on /home/tejasvi/Desktop/airflow_ssh_simulation/venv/lib/python3.10/site-packages/airflow/example_dags/example_complex.py
[2026-03-18T18:17:04.227+0530] {processor.py:830} INFO - Processing file /home/tejasvi/Desktop/airflow_ssh_simulation/venv/lib/python3.10/site-packages/airflow/example_dags/example_complex.py for tasks to queue
[2026-03-18T18:17:04.231+0530] {logging_mixin.py:188} INFO - [2026-03-18T18:17:04.230+0530] {dagbag.py:540} INFO - Filling up the DagBag from /home/tejasvi/Desktop/airflow_ssh_simulation/venv/lib/python3.10/site-packages/airflow/example_dags/example_complex.py
[2026-03-18T18:17:04.246+0530] {processor.py:840} INFO - DAG(s) 'example_complex' retrieved from /home/tejasvi/Desktop/airflow_ssh_simulation/venv/lib/python3.10/site-packages/airflow/example_dags/example_complex.py
[2026-03-18T18:17:04.275+0530] {logging_mixin.py:188} INFO - [2026-03-18T18:17:04.275+0530] {dag.py:3047} INFO - Sync 1 DAGs
[2026-03-18T18:17:04.289+0530] {logging_mixin.py:188} INFO - [2026-03-18T18:17:04.289+0530] {dag.py:3834} INFO - Setting next_dagrun for example_complex to None, run_after=None
[2026-03-18T18:17:04.565+0530] {processor.py:183} INFO - Processing /home/tejasvi/Desktop/airflow_ssh_simulation/venv/lib/python3.10/site-packages/airflow/example_dags/example_complex.py took 0.350 seconds
[2026-03-18T18:18:26.017+0530] {processor.py:161} INFO - Started process (PID=22018) to work on /home/tejasvi/Desktop/airflow_ssh_simulation/venv/lib/python3.10/site-packages/airflow/example_dags/example_complex.py
[2026-03-18T18:18:26.052+0530] {processor.py:830} INFO - Processing file /home/tejasvi/Desktop/airflow_ssh_simulation/venv/lib/python3.10/site-packages/airflow/example_dags/example_complex.py for tasks to queue
[2026-03-18T18:18:26.055+0530] {logging_mixin.py:188} INFO - [2026-03-18T18:18:26.055+0530] {dagbag.py:540} INFO - Filling up the DagBag from /home/tejasvi/Desktop/airflow_ssh_simulation/venv/lib/python3.10/site-packages/airflow/example_dags/example_complex.py
[2026-03-18T18:18:26.070+0530] {processor.py:840} INFO - DAG(s) 'example_complex' retrieved from /home/tejasvi/Desktop/airflow_ssh_simulation/venv/lib/python3.10/site-packages/airflow/example_dags/example_complex.py
[2026-03-18T18:18:26.099+0530] {logging_mixin.py:188} INFO - [2026-03-18T18:18:26.099+0530] {dag.py:3047} INFO - Sync 1 DAGs
[2026-03-18T18:18:26.112+0530] {logging_mixin.py:188} INFO - [2026-03-18T18:18:26.111+0530] {dag.py:3834} INFO - Setting next_dagrun for example_complex to None, run_after=None
[2026-03-18T18:18:26.221+0530] {processor.py:183} INFO - Processing /home/tejasvi/Desktop/airflow_ssh_simulation/venv/lib/python3.10/site-packages/airflow/example_dags/example_complex.py took 0.213 seconds
[2026-03-18T18:19:34.972+0530] {processor.py:161} INFO - Started process (PID=22201) to work on /home/tejasvi/Desktop/airflow_ssh_simulation/venv/lib/python3.10/site-packages/airflow/example_dags/example_complex.py
[2026-03-18T18:19:35.053+0530] {processor.py:830} INFO - Processing file /home/tejasvi/Desktop/airflow_ssh_simulation/venv/lib/python3.10/site-packages/airflow/example_dags/example_complex.py for tasks to queue
[2026-03-18T18:19:35.056+0530] {logging_mixin.py:188} INFO - [2026-03-18T18:19:35.055+0530] {dagbag.py:540} INFO - Filling up the DagBag from /home/tejasvi/Desktop/airflow_ssh_simulation/venv/lib/python3.10/site-packages/airflow/example_dags/example_complex.py
[2026-03-18T18:19:35.072+0530] {processor.py:840} INFO - DAG(s) 'example_complex' retrieved from /home/tejasvi/Desktop/airflow_ssh_simulation/venv/lib/python3.10/site-packages/airflow/example_dags/example_complex.py
[2026-03-18T18:19:35.101+0530] {logging_mixin.py:188} INFO - [2026-03-18T18:19:35.101+0530] {dag.py:3047} INFO - Sync 1 DAGs
[2026-03-18T18:19:35.117+0530] {logging_mixin.py:188} INFO - [2026-03-18T18:19:35.116+0530] {dag.py:3834} INFO - Setting next_dagrun for example_complex to None, run_after=None
[2026-03-18T18:19:35.253+0530] {processor.py:183} INFO - Processing /home/tejasvi/Desktop/airflow_ssh_simulation/venv/lib/python3.10/site-packages/airflow/example_dags/example_complex.py took 0.288 seconds
[2026-03-18T18:20:47.231+0530] {processor.py:161} INFO - Started process (PID=22404) to work on /home/tejasvi/Desktop/airflow_ssh_simulation/venv/lib/python3.10/site-packages/airflow/example_dags/example_complex.py
[2026-03-18T18:20:47.234+0530] {processor.py:830} INFO - Processing file /home/tejasvi/Desktop/airflow_ssh_simulation/venv/lib/python3.10/site-packages/airflow/example_dags/example_complex.py for tasks to queue
[2026-03-18T18:20:47.236+0530] {logging_mixin.py:188} INFO - [2026-03-18T18:20:47.236+0530] {dagbag.py:540} INFO - Filling up the DagBag from /home/tejasvi/Desktop/airflow_ssh_simulation/venv/lib/python3.10/site-packages/airflow/example_dags/example_complex.py
[2026-03-18T18:20:47.249+0530] {processor.py:840} INFO - DAG(s) 'example_complex' retrieved from /home/tejasvi/Desktop/airflow_ssh_simulation/venv/lib/python3.10/site-packages/airflow/example_dags/example_complex.py
[2026-03-18T18:20:47.275+0530] {logging_mixin.py:188} INFO - [2026-03-18T18:20:47.275+0530] {dag.py:3047} INFO - Sync 1 DAGs
[2026-03-18T18:20:47.288+0530] {logging_mixin.py:188} INFO - [2026-03-18T18:20:47.288+0530] {dag.py:3834} INFO - Setting next_dagrun for example_complex to None, run_after=None
[2026-03-18T18:20:47.759+0530] {processor.py:183} INFO - Processing /home/tejasvi/Desktop/airflow_ssh_simulation/venv/lib/python3.10/site-packages/airflow/example_dags/example_complex.py took 0.536 seconds
[2026-03-18T18:21:51.563+0530] {processor.py:161} INFO - Started process (PID=22599) to work on /home/tejasvi/Desktop/airflow_ssh_simulation/venv/lib/python3.10/site-packages/airflow/example_dags/example_complex.py
[2026-03-18T18:21:51.608+0530] {processor.py:830} INFO - Processing file /home/tejasvi/Desktop/airflow_ssh_simulation/venv/lib/python3.10/site-packages/airflow/example_dags/example_complex.py for tasks to queue
[2026-03-18T18:21:51.614+0530] {logging_mixin.py:188} INFO - [2026-03-18T18:21:51.613+0530] {dagbag.py:540} INFO - Filling up the DagBag from /home/tejasvi/Desktop/airflow_ssh_simulation/venv/lib/python3.10/site-packages/airflow/example_dags/example_complex.py
[2026-03-18T18:21:51.646+0530] {processor.py:840} INFO - DAG(s) 'example_complex' retrieved from /home/tejasvi/Desktop/airflow_ssh_simulation/venv/lib/python3.10/site-packages/airflow/example_dags/example_complex.py
[2026-03-18T18:21:51.674+0530] {logging_mixin.py:188} INFO - [2026-03-18T18:21:51.674+0530] {dag.py:3047} INFO - Sync 1 DAGs
[2026-03-18T18:21:51.687+0530] {logging_mixin.py:188} INFO - [2026-03-18T18:21:51.686+0530] {dag.py:3834} INFO - Setting next_dagrun for example_complex to None, run_after=None
[2026-03-18T18:21:51.746+0530] {processor.py:183} INFO - Processing /home/tejasvi/Desktop/airflow_ssh_simulation/venv/lib/python3.10/site-packages/airflow/example_dags/example_complex.py took 0.192 seconds
[2026-03-18T18:23:04.149+0530] {processor.py:161} INFO - Started process (PID=22785) to work on /home/tejasvi/Desktop/airflow_ssh_simulation/venv/lib/python3.10/site-packages/airflow/example_dags/example_complex.py
[2026-03-18T18:23:04.215+0530] {processor.py:830} INFO - Processing file /home/tejasvi/Desktop/airflow_ssh_simulation/venv/lib/python3.10/site-packages/airflow/example_dags/example_complex.py for tasks to queue
[2026-03-18T18:23:04.219+0530] {logging_mixin.py:188} INFO - [2026-03-18T18:23:04.218+0530] {dagbag.py:540} INFO - Filling up the DagBag from /home/tejasvi/Desktop/airflow_ssh_simulation/venv/lib/python3.10/site-packages/airflow/example_dags/example_complex.py
[2026-03-18T18:23:04.235+0530] {processor.py:840} INFO - DAG(s) 'example_complex' retrieved from /home/tejasvi/Desktop/airflow_ssh_simulation/venv/lib/python3.10/site-packages/airflow/example_dags/example_complex.py
[2026-03-18T18:23:04.265+0530] {logging_mixin.py:188} INFO - [2026-03-18T18:23:04.265+0530] {dag.py:3047} INFO - Sync 1 DAGs
[2026-03-18T18:23:04.281+0530] {logging_mixin.py:188} INFO - [2026-03-18T18:23:04.281+0530] {dag.py:3834} INFO - Setting next_dagrun for example_complex to None, run_after=None
[2026-03-18T18:23:04.403+0530] {processor.py:183} INFO - Processing /home/tejasvi/Desktop/airflow_ssh_simulation/venv/lib/python3.10/site-packages/airflow/example_dags/example_complex.py took 0.259 seconds
[2026-03-18T18:24:08.067+0530] {processor.py:161} INFO - Started process (PID=22943) to work on /home/tejasvi/Desktop/airflow_ssh_simulation/venv/lib/python3.10/site-packages/airflow/example_dags/example_complex.py
[2026-03-18T18:24:08.069+0530] {processor.py:830} INFO - Processing file /home/tejasvi/Desktop/airflow_ssh_simulation/venv/lib/python3.10/site-packages/airflow/example_dags/example_complex.py for tasks to queue
[2026-03-18T18:24:08.072+0530] {logging_mixin.py:188} INFO - [2026-03-18T18:24:08.071+0530] {dagbag.py:540} INFO - Filling up the DagBag from /home/tejasvi/Desktop/airflow_ssh_simulation/venv/lib/python3.10/site-packages/airflow/example_dags/example_complex.py
[2026-03-18T18:24:08.085+0530] {processor.py:840} INFO - DAG(s) 'example_complex' retrieved from /home/tejasvi/Desktop/airflow_ssh_simulation/venv/lib/python3.10/site-packages/airflow/example_dags/example_complex.py
[2026-03-18T18:24:08.111+0530] {logging_mixin.py:188} INFO - [2026-03-18T18:24:08.111+0530] {dag.py:3047} INFO - Sync 1 DAGs
[2026-03-18T18:24:08.124+0530] {logging_mixin.py:188} INFO - [2026-03-18T18:24:08.123+0530] {dag.py:3834} INFO - Setting next_dagrun for example_complex to None, run_after=None
[2026-03-18T18:24:08.633+0530] {processor.py:183} INFO - Processing /home/tejasvi/Desktop/airflow_ssh_simulation/venv/lib/python3.10/site-packages/airflow/example_dags/example_complex.py took 0.571 seconds
[2026-03-18T18:25:12.367+0530] {processor.py:161} INFO - Started process (PID=23112) to work on /home/tejasvi/Desktop/airflow_ssh_simulation/venv/lib/python3.10/site-packages/airflow/example_dags/example_complex.py
[2026-03-18T18:25:12.461+0530] {processor.py:830} INFO - Processing file /home/tejasvi/Desktop/airflow_ssh_simulation/venv/lib/python3.10/site-packages/airflow/example_dags/example_complex.py for tasks to queue
[2026-03-18T18:25:12.467+0530] {logging_mixin.py:188} INFO - [2026-03-18T18:25:12.466+0530] {dagbag.py:540} INFO - Filling up the DagBag from /home/tejasvi/Desktop/airflow_ssh_simulation/venv/lib/python3.10/site-packages/airflow/example_dags/example_complex.py
[2026-03-18T18:25:12.501+0530] {processor.py:840} INFO - DAG(s) 'example_complex' retrieved from /home/tejasvi/Desktop/airflow_ssh_simulation/venv/lib/python3.10/site-packages/airflow/example_dags/example_complex.py
[2026-03-18T18:25:12.533+0530] {logging_mixin.py:188} INFO - [2026-03-18T18:25:12.533+0530] {dag.py:3047} INFO - Sync 1 DAGs
[2026-03-18T18:25:12.546+0530] {logging_mixin.py:188} INFO - [2026-03-18T18:25:12.546+0530] {dag.py:3834} INFO - Setting next_dagrun for example_complex to None, run_after=None
[2026-03-18T18:25:12.599+0530] {processor.py:183} INFO - Processing /home/tejasvi/Desktop/airflow_ssh_simulation/venv/lib/python3.10/site-packages/airflow/example_dags/example_complex.py took 0.242 seconds
[2026-03-18T18:26:12.172+0530] {processor.py:161} INFO - Started process (PID=23297) to work on /home/tejasvi/Desktop/airflow_ssh_simulation/venv/lib/python3.10/site-packages/airflow/example_dags/example_complex.py
[2026-03-18T18:26:12.189+0530] {processor.py:830} INFO - Processing file /home/tejasvi/Desktop/airflow_ssh_simulation/venv/lib/python3.10/site-packages/airflow/example_dags/example_complex.py for tasks to queue
[2026-03-18T18:26:12.192+0530] {logging_mixin.py:188} INFO - [2026-03-18T18:26:12.191+0530] {dagbag.py:540} INFO - Filling up the DagBag from /home/tejasvi/Desktop/airflow_ssh_simulation/venv/lib/python3.10/site-packages/airflow/example_dags/example_complex.py
[2026-03-18T18:26:12.207+0530] {processor.py:840} INFO - DAG(s) 'example_complex' retrieved from /home/tejasvi/Desktop/airflow_ssh_simulation/venv/lib/python3.10/site-packages/airflow/example_dags/example_complex.py
[2026-03-18T18:26:12.234+0530] {logging_mixin.py:188} INFO - [2026-03-18T18:26:12.233+0530] {dag.py:3047} INFO - Sync 1 DAGs
[2026-03-18T18:26:12.247+0530] {logging_mixin.py:188} INFO - [2026-03-18T18:26:12.247+0530] {dag.py:3834} INFO - Setting next_dagrun for example_complex to None, run_after=None
[2026-03-18T18:26:12.307+0530] {processor.py:183} INFO - Processing /home/tejasvi/Desktop/airflow_ssh_simulation/venv/lib/python3.10/site-packages/airflow/example_dags/example_complex.py took 0.144 seconds
[2026-03-18T18:27:10.877+0530] {processor.py:161} INFO - Started process (PID=23472) to work on /home/tejasvi/Desktop/airflow_ssh_simulation/venv/lib/python3.10/site-packages/airflow/example_dags/example_complex.py
[2026-03-18T18:27:10.949+0530] {processor.py:830} INFO - Processing file /home/tejasvi/Desktop/airflow_ssh_simulation/venv/lib/python3.10/site-packages/airflow/example_dags/example_complex.py for tasks to queue
[2026-03-18T18:27:10.954+0530] {logging_mixin.py:188} INFO - [2026-03-18T18:27:10.953+0530] {dagbag.py:540} INFO - Filling up the DagBag from /home/tejasvi/Desktop/airflow_ssh_simulation/venv/lib/python3.10/site-packages/airflow/example_dags/example_complex.py
[2026-03-18T18:27:10.972+0530] {processor.py:840} INFO - DAG(s) 'example_complex' retrieved from /home/tejasvi/Desktop/airflow_ssh_simulation/venv/lib/python3.10/site-packages/airflow/example_dags/example_complex.py
[2026-03-18T18:27:11.006+0530] {logging_mixin.py:188} INFO - [2026-03-18T18:27:11.006+0530] {dag.py:3047} INFO - Sync 1 DAGs
[2026-03-18T18:27:11.020+0530] {logging_mixin.py:188} INFO - [2026-03-18T18:27:11.020+0530] {dag.py:3834} INFO - Setting next_dagrun for example_complex to None, run_after=None
[2026-03-18T18:27:11.093+0530] {processor.py:183} INFO - Processing /home/tejasvi/Desktop/airflow_ssh_simulation/venv/lib/python3.10/site-packages/airflow/example_dags/example_complex.py took 0.224 seconds
[2026-03-18T18:28:15.283+0530] {processor.py:161} INFO - Started process (PID=23641) to work on /home/tejasvi/Desktop/airflow_ssh_simulation/venv/lib/python3.10/site-packages/airflow/example_dags/example_complex.py
[2026-03-18T18:28:16.161+0530] {processor.py:830} INFO - Processing file /home/tejasvi/Desktop/airflow_ssh_simulation/venv/lib/python3.10/site-packages/airflow/example_dags/example_complex.py for tasks to queue
[2026-03-18T18:28:16.167+0530] {logging_mixin.py:188} INFO - [2026-03-18T18:28:16.166+0530] {dagbag.py:540} INFO - Filling up the DagBag from /home/tejasvi/Desktop/airflow_ssh_simulation/venv/lib/python3.10/site-packages/airflow/example_dags/example_complex.py
[2026-03-18T18:28:16.203+0530] {processor.py:840} INFO - DAG(s) 'example_complex' retrieved from /home/tejasvi/Desktop/airflow_ssh_simulation/venv/lib/python3.10/site-packages/airflow/example_dags/example_complex.py
[2026-03-18T18:28:16.235+0530] {logging_mixin.py:188} INFO - [2026-03-18T18:28:16.234+0530] {dag.py:3047} INFO - Sync 1 DAGs
[2026-03-18T18:28:16.249+0530] {logging_mixin.py:188} INFO - [2026-03-18T18:28:16.248+0530] {dag.py:3834} INFO - Setting next_dagrun for example_complex to None, run_after=None
[2026-03-18T18:28:16.572+0530] {processor.py:183} INFO - Processing /home/tejasvi/Desktop/airflow_ssh_simulation/venv/lib/python3.10/site-packages/airflow/example_dags/example_complex.py took 1.298 seconds
[2026-03-18T18:29:41.408+0530] {processor.py:161} INFO - Started process (PID=23865) to work on /home/tejasvi/Desktop/airflow_ssh_simulation/venv/lib/python3.10/site-packages/airflow/example_dags/example_complex.py
[2026-03-18T18:29:41.492+0530] {processor.py:830} INFO - Processing file /home/tejasvi/Desktop/airflow_ssh_simulation/venv/lib/python3.10/site-packages/airflow/example_dags/example_complex.py for tasks to queue
[2026-03-18T18:29:41.495+0530] {logging_mixin.py:188} INFO - [2026-03-18T18:29:41.495+0530] {dagbag.py:540} INFO - Filling up the DagBag from /home/tejasvi/Desktop/airflow_ssh_simulation/venv/lib/python3.10/site-packages/airflow/example_dags/example_complex.py
[2026-03-18T18:29:41.509+0530] {processor.py:840} INFO - DAG(s) 'example_complex' retrieved from /home/tejasvi/Desktop/airflow_ssh_simulation/venv/lib/python3.10/site-packages/airflow/example_dags/example_complex.py
[2026-03-18T18:29:41.534+0530] {logging_mixin.py:188} INFO - [2026-03-18T18:29:41.533+0530] {dag.py:3047} INFO - Sync 1 DAGs
[2026-03-18T18:29:41.546+0530] {logging_mixin.py:188} INFO - [2026-03-18T18:29:41.545+0530] {dag.py:3834} INFO - Setting next_dagrun for example_complex to None, run_after=None
[2026-03-18T18:29:41.637+0530] {processor.py:183} INFO - Processing /home/tejasvi/Desktop/airflow_ssh_simulation/venv/lib/python3.10/site-packages/airflow/example_dags/example_complex.py took 0.237 seconds
[2026-03-18T18:30:54.224+0530] {processor.py:161} INFO - Started process (PID=24044) to work on /home/tejasvi/Desktop/airflow_ssh_simulation/venv/lib/python3.10/site-packages/airflow/example_dags/example_complex.py
[2026-03-18T18:30:54.261+0530] {processor.py:830} INFO - Processing file /home/tejasvi/Desktop/airflow_ssh_simulation/venv/lib/python3.10/site-packages/airflow/example_dags/example_complex.py for tasks to queue
[2026-03-18T18:30:54.264+0530] {logging_mixin.py:188} INFO - [2026-03-18T18:30:54.264+0530] {dagbag.py:540} INFO - Filling up the DagBag from /home/tejasvi/Desktop/airflow_ssh_simulation/venv/lib/python3.10/site-packages/airflow/example_dags/example_complex.py
[2026-03-18T18:30:54.278+0530] {processor.py:840} INFO - DAG(s) 'example_complex' retrieved from /home/tejasvi/Desktop/airflow_ssh_simulation/venv/lib/python3.10/site-packages/airflow/example_dags/example_complex.py
[2026-03-18T18:30:54.303+0530] {logging_mixin.py:188} INFO - [2026-03-18T18:30:54.302+0530] {dag.py:3047} INFO - Sync 1 DAGs
[2026-03-18T18:30:54.314+0530] {logging_mixin.py:188} INFO - [2026-03-18T18:30:54.314+0530] {dag.py:3834} INFO - Setting next_dagrun for example_complex to None, run_after=None
[2026-03-18T18:30:54.425+0530] {processor.py:183} INFO - Processing /home/tejasvi/Desktop/airflow_ssh_simulation/venv/lib/python3.10/site-packages/airflow/example_dags/example_complex.py took 0.209 seconds
[2026-03-18T18:32:08.015+0530] {processor.py:161} INFO - Started process (PID=24461) to work on /home/tejasvi/Desktop/airflow_ssh_simulation/venv/lib/python3.10/site-packages/airflow/example_dags/example_complex.py
[2026-03-18T18:32:08.035+0530] {processor.py:830} INFO - Processing file /home/tejasvi/Desktop/airflow_ssh_simulation/venv/lib/python3.10/site-packages/airflow/example_dags/example_complex.py for tasks to queue
[2026-03-18T18:32:08.038+0530] {logging_mixin.py:188} INFO - [2026-03-18T18:32:08.037+0530] {dagbag.py:540} INFO - Filling up the DagBag from /home/tejasvi/Desktop/airflow_ssh_simulation/venv/lib/python3.10/site-packages/airflow/example_dags/example_complex.py
[2026-03-18T18:32:08.051+0530] {processor.py:840} INFO - DAG(s) 'example_complex' retrieved from /home/tejasvi/Desktop/airflow_ssh_simulation/venv/lib/python3.10/site-packages/airflow/example_dags/example_complex.py
[2026-03-18T18:32:08.076+0530] {logging_mixin.py:188} INFO - [2026-03-18T18:32:08.076+0530] {dag.py:3047} INFO - Sync 1 DAGs
[2026-03-18T18:32:08.088+0530] {logging_mixin.py:188} INFO - [2026-03-18T18:32:08.087+0530] {dag.py:3834} INFO - Setting next_dagrun for example_complex to None, run_after=None
[2026-03-18T18:32:08.176+0530] {processor.py:183} INFO - Processing /home/tejasvi/Desktop/airflow_ssh_simulation/venv/lib/python3.10/site-packages/airflow/example_dags/example_complex.py took 0.169 seconds
[2026-03-18T18:33:08.233+0530] {processor.py:161} INFO - Started process (PID=24616) to work on /home/tejasvi/Desktop/airflow_ssh_simulation/venv/lib/python3.10/site-packages/airflow/example_dags/example_complex.py
[2026-03-18T18:33:08.268+0530] {processor.py:830} INFO - Processing file /home/tejasvi/Desktop/airflow_ssh_simulation/venv/lib/python3.10/site-packages/airflow/example_dags/example_complex.py for tasks to queue
[2026-03-18T18:33:08.271+0530] {logging_mixin.py:188} INFO - [2026-03-18T18:33:08.271+0530] {dagbag.py:540} INFO - Filling up the DagBag from /home/tejasvi/Desktop/airflow_ssh_simulation/venv/lib/python3.10/site-packages/airflow/example_dags/example_complex.py
[2026-03-18T18:33:08.285+0530] {processor.py:840} INFO - DAG(s) 'example_complex' retrieved from /home/tejasvi/Desktop/airflow_ssh_simulation/venv/lib/python3.10/site-packages/airflow/example_dags/example_complex.py
[2026-03-18T18:33:08.310+0530] {logging_mixin.py:188} INFO - [2026-03-18T18:33:08.310+0530] {dag.py:3047} INFO - Sync 1 DAGs
[2026-03-18T18:33:08.321+0530] {logging_mixin.py:188} INFO - [2026-03-18T18:33:08.321+0530] {dag.py:3834} INFO - Setting next_dagrun for example_complex to None, run_after=None
[2026-03-18T18:33:08.400+0530] {processor.py:183} INFO - Processing /home/tejasvi/Desktop/airflow_ssh_simulation/venv/lib/python3.10/site-packages/airflow/example_dags/example_complex.py took 0.175 seconds
[2026-03-18T18:34:11.396+0530] {processor.py:161} INFO - Started process (PID=24770) to work on /home/tejasvi/Desktop/airflow_ssh_simulation/venv/lib/python3.10/site-packages/airflow/example_dags/example_complex.py
[2026-03-18T18:34:11.482+0530] {processor.py:830} INFO - Processing file /home/tejasvi/Desktop/airflow_ssh_simulation/venv/lib/python3.10/site-packages/airflow/example_dags/example_complex.py for tasks to queue
[2026-03-18T18:34:11.488+0530] {logging_mixin.py:188} INFO - [2026-03-18T18:34:11.486+0530] {dagbag.py:540} INFO - Filling up the DagBag from /home/tejasvi/Desktop/airflow_ssh_simulation/venv/lib/python3.10/site-packages/airflow/example_dags/example_complex.py
[2026-03-18T18:34:11.519+0530] {processor.py:840} INFO - DAG(s) 'example_complex' retrieved from /home/tejasvi/Desktop/airflow_ssh_simulation/venv/lib/python3.10/site-packages/airflow/example_dags/example_complex.py
[2026-03-18T18:34:11.549+0530] {logging_mixin.py:188} INFO - [2026-03-18T18:34:11.549+0530] {dag.py:3047} INFO - Sync 1 DAGs
[2026-03-18T18:34:11.561+0530] {logging_mixin.py:188} INFO - [2026-03-18T18:34:11.561+0530] {dag.py:3834} INFO - Setting next_dagrun for example_complex to None, run_after=None
[2026-03-18T18:34:11.702+0530] {processor.py:183} INFO - Processing /home/tejasvi/Desktop/airflow_ssh_simulation/venv/lib/python3.10/site-packages/airflow/example_dags/example_complex.py took 0.310 seconds
[2026-03-18T18:35:14.293+0530] {processor.py:161} INFO - Started process (PID=24957) to work on /home/tejasvi/Desktop/airflow_ssh_simulation/venv/lib/python3.10/site-packages/airflow/example_dags/example_complex.py
[2026-03-18T18:35:14.368+0530] {processor.py:830} INFO - Processing file /home/tejasvi/Desktop/airflow_ssh_simulation/venv/lib/python3.10/site-packages/airflow/example_dags/example_complex.py for tasks to queue
[2026-03-18T18:35:14.371+0530] {logging_mixin.py:188} INFO - [2026-03-18T18:35:14.371+0530] {dagbag.py:540} INFO - Filling up the DagBag from /home/tejasvi/Desktop/airflow_ssh_simulation/venv/lib/python3.10/site-packages/airflow/example_dags/example_complex.py
[2026-03-18T18:35:14.386+0530] {processor.py:840} INFO - DAG(s) 'example_complex' retrieved from /home/tejasvi/Desktop/airflow_ssh_simulation/venv/lib/python3.10/site-packages/airflow/example_dags/example_complex.py
[2026-03-18T18:35:14.412+0530] {logging_mixin.py:188} INFO - [2026-03-18T18:35:14.412+0530] {dag.py:3047} INFO - Sync 1 DAGs
[2026-03-18T18:35:14.424+0530] {logging_mixin.py:188} INFO - [2026-03-18T18:35:14.424+0530] {dag.py:3834} INFO - Setting next_dagrun for example_complex to None, run_after=None
[2026-03-18T18:35:14.506+0530] {processor.py:183} INFO - Processing /home/tejasvi/Desktop/airflow_ssh_simulation/venv/lib/python3.10/site-packages/airflow/example_dags/example_complex.py took 0.221 seconds
[2026-03-18T18:36:16.331+0530] {processor.py:161} INFO - Started process (PID=25153) to work on /home/tejasvi/Desktop/airflow_ssh_simulation/venv/lib/python3.10/site-packages/airflow/example_dags/example_complex.py
[2026-03-18T18:36:16.436+0530] {processor.py:830} INFO - Processing file /home/tejasvi/Desktop/airflow_ssh_simulation/venv/lib/python3.10/site-packages/airflow/example_dags/example_complex.py for tasks to queue
[2026-03-18T18:36:16.439+0530] {logging_mixin.py:188} INFO - [2026-03-18T18:36:16.438+0530] {dagbag.py:540} INFO - Filling up the DagBag from /home/tejasvi/Desktop/airflow_ssh_simulation/venv/lib/python3.10/site-packages/airflow/example_dags/example_complex.py
[2026-03-18T18:36:16.452+0530] {processor.py:840} INFO - DAG(s) 'example_complex' retrieved from /home/tejasvi/Desktop/airflow_ssh_simulation/venv/lib/python3.10/site-packages/airflow/example_dags/example_complex.py
[2026-03-18T18:36:16.477+0530] {logging_mixin.py:188} INFO - [2026-03-18T18:36:16.477+0530] {dag.py:3047} INFO - Sync 1 DAGs
[2026-03-18T18:36:16.489+0530] {logging_mixin.py:188} INFO - [2026-03-18T18:36:16.489+0530] {dag.py:3834} INFO - Setting next_dagrun for example_complex to None, run_after=None
[2026-03-18T18:36:16.552+0530] {processor.py:183} INFO - Processing /home/tejasvi/Desktop/airflow_ssh_simulation/venv/lib/python3.10/site-packages/airflow/example_dags/example_complex.py took 0.229 seconds
[2026-03-18T18:37:26.609+0530] {processor.py:161} INFO - Started process (PID=25346) to work on /home/tejasvi/Desktop/airflow_ssh_simulation/venv/lib/python3.10/site-packages/airflow/example_dags/example_complex.py
[2026-03-18T18:37:26.616+0530] {processor.py:830} INFO - Processing file /home/tejasvi/Desktop/airflow_ssh_simulation/venv/lib/python3.10/site-packages/airflow/example_dags/example_complex.py for tasks to queue
[2026-03-18T18:37:26.619+0530] {logging_mixin.py:188} INFO - [2026-03-18T18:37:26.618+0530] {dagbag.py:540} INFO - Filling up the DagBag from /home/tejasvi/Desktop/airflow_ssh_simulation/venv/lib/python3.10/site-packages/airflow/example_dags/example_complex.py
[2026-03-18T18:37:26.633+0530] {processor.py:840} INFO - DAG(s) 'example_complex' retrieved from /home/tejasvi/Desktop/airflow_ssh_simulation/venv/lib/python3.10/site-packages/airflow/example_dags/example_complex.py
[2026-03-18T18:37:26.659+0530] {logging_mixin.py:188} INFO - [2026-03-18T18:37:26.659+0530] {dag.py:3047} INFO - Sync 1 DAGs
[2026-03-18T18:37:26.671+0530] {logging_mixin.py:188} INFO - [2026-03-18T18:37:26.671+0530] {dag.py:3834} INFO - Setting next_dagrun for example_complex to None, run_after=None
[2026-03-18T18:37:26.733+0530] {processor.py:183} INFO - Processing /home/tejasvi/Desktop/airflow_ssh_simulation/venv/lib/python3.10/site-packages/airflow/example_dags/example_complex.py took 0.128 seconds
[2026-03-18T18:38:41.639+0530] {processor.py:161} INFO - Started process (PID=25520) to work on /home/tejasvi/Desktop/airflow_ssh_simulation/venv/lib/python3.10/site-packages/airflow/example_dags/example_complex.py
[2026-03-18T18:38:41.669+0530] {processor.py:830} INFO - Processing file /home/tejasvi/Desktop/airflow_ssh_simulation/venv/lib/python3.10/site-packages/airflow/example_dags/example_complex.py for tasks to queue
[2026-03-18T18:38:41.672+0530] {logging_mixin.py:188} INFO - [2026-03-18T18:38:41.672+0530] {dagbag.py:540} INFO - Filling up the DagBag from /home/tejasvi/Desktop/airflow_ssh_simulation/venv/lib/python3.10/site-packages/airflow/example_dags/example_complex.py
[2026-03-18T18:38:41.686+0530] {processor.py:840} INFO - DAG(s) 'example_complex' retrieved from /home/tejasvi/Desktop/airflow_ssh_simulation/venv/lib/python3.10/site-packages/airflow/example_dags/example_complex.py
[2026-03-18T18:38:41.711+0530] {logging_mixin.py:188} INFO - [2026-03-18T18:38:41.711+0530] {dag.py:3047} INFO - Sync 1 DAGs
[2026-03-18T18:38:41.723+0530] {logging_mixin.py:188} INFO - [2026-03-18T18:38:41.722+0530] {dag.py:3834} INFO - Setting next_dagrun for example_complex to None, run_after=None
[2026-03-18T18:38:41.826+0530] {processor.py:183} INFO - Processing /home/tejasvi/Desktop/airflow_ssh_simulation/venv/lib/python3.10/site-packages/airflow/example_dags/example_complex.py took 0.195 seconds
[2026-03-18T18:39:39.546+0530] {processor.py:161} INFO - Started process (PID=25675) to work on /home/tejasvi/Desktop/airflow_ssh_simulation/venv/lib/python3.10/site-packages/airflow/example_dags/example_complex.py
[2026-03-18T18:39:40.090+0530] {processor.py:830} INFO - Processing file /home/tejasvi/Desktop/airflow_ssh_simulation/venv/lib/python3.10/site-packages/airflow/example_dags/example_complex.py for tasks to queue
[2026-03-18T18:39:40.094+0530] {logging_mixin.py:188} INFO - [2026-03-18T18:39:40.094+0530] {dagbag.py:540} INFO - Filling up the DagBag from /home/tejasvi/Desktop/airflow_ssh_simulation/venv/lib/python3.10/site-packages/airflow/example_dags/example_complex.py
[2026-03-18T18:39:40.108+0530] {processor.py:840} INFO - DAG(s) 'example_complex' retrieved from /home/tejasvi/Desktop/airflow_ssh_simulation/venv/lib/python3.10/site-packages/airflow/example_dags/example_complex.py
[2026-03-18T18:39:40.134+0530] {logging_mixin.py:188} INFO - [2026-03-18T18:39:40.134+0530] {dag.py:3047} INFO - Sync 1 DAGs
[2026-03-18T18:39:40.146+0530] {logging_mixin.py:188} INFO - [2026-03-18T18:39:40.146+0530] {dag.py:3834} INFO - Setting next_dagrun for example_complex to None, run_after=None
[2026-03-18T18:39:40.267+0530] {processor.py:183} INFO - Processing /home/tejasvi/Desktop/airflow_ssh_simulation/venv/lib/python3.10/site-packages/airflow/example_dags/example_complex.py took 0.729 seconds
[2026-03-18T18:40:45.291+0530] {processor.py:161} INFO - Started process (PID=25833) to work on /home/tejasvi/Desktop/airflow_ssh_simulation/venv/lib/python3.10/site-packages/airflow/example_dags/example_complex.py
[2026-03-18T18:40:45.802+0530] {processor.py:830} INFO - Processing file /home/tejasvi/Desktop/airflow_ssh_simulation/venv/lib/python3.10/site-packages/airflow/example_dags/example_complex.py for tasks to queue
[2026-03-18T18:40:45.806+0530] {logging_mixin.py:188} INFO - [2026-03-18T18:40:45.806+0530] {dagbag.py:540} INFO - Filling up the DagBag from /home/tejasvi/Desktop/airflow_ssh_simulation/venv/lib/python3.10/site-packages/airflow/example_dags/example_complex.py
[2026-03-18T18:40:45.830+0530] {processor.py:840} INFO - DAG(s) 'example_complex' retrieved from /home/tejasvi/Desktop/airflow_ssh_simulation/venv/lib/python3.10/site-packages/airflow/example_dags/example_complex.py
[2026-03-18T18:40:45.865+0530] {logging_mixin.py:188} INFO - [2026-03-18T18:40:45.865+0530] {dag.py:3047} INFO - Sync 1 DAGs
[2026-03-18T18:40:45.877+0530] {logging_mixin.py:188} INFO - [2026-03-18T18:40:45.877+0530] {dag.py:3834} INFO - Setting next_dagrun for example_complex to None, run_after=None
[2026-03-18T18:40:46.113+0530] {processor.py:183} INFO - Processing /home/tejasvi/Desktop/airflow_ssh_simulation/venv/lib/python3.10/site-packages/airflow/example_dags/example_complex.py took 0.830 seconds
[2026-03-18T18:41:48.448+0530] {processor.py:161} INFO - Started process (PID=26030) to work on /home/tejasvi/Desktop/airflow_ssh_simulation/venv/lib/python3.10/site-packages/airflow/example_dags/example_complex.py
[2026-03-18T18:41:48.451+0530] {processor.py:830} INFO - Processing file /home/tejasvi/Desktop/airflow_ssh_simulation/venv/lib/python3.10/site-packages/airflow/example_dags/example_complex.py for tasks to queue
[2026-03-18T18:41:48.454+0530] {logging_mixin.py:188} INFO - [2026-03-18T18:41:48.453+0530] {dagbag.py:540} INFO - Filling up the DagBag from /home/tejasvi/Desktop/airflow_ssh_simulation/venv/lib/python3.10/site-packages/airflow/example_dags/example_complex.py
[2026-03-18T18:41:48.465+0530] {processor.py:840} INFO - DAG(s) 'example_complex' retrieved from /home/tejasvi/Desktop/airflow_ssh_simulation/venv/lib/python3.10/site-packages/airflow/example_dags/example_complex.py
[2026-03-18T18:41:48.491+0530] {logging_mixin.py:188} INFO - [2026-03-18T18:41:48.490+0530] {dag.py:3047} INFO - Sync 1 DAGs
[2026-03-18T18:41:48.502+0530] {logging_mixin.py:188} INFO - [2026-03-18T18:41:48.502+0530] {dag.py:3834} INFO - Setting next_dagrun for example_complex to None, run_after=None
[2026-03-18T18:41:48.612+0530] {processor.py:183} INFO - Processing /home/tejasvi/Desktop/airflow_ssh_simulation/venv/lib/python3.10/site-packages/airflow/example_dags/example_complex.py took 0.171 seconds
[2026-03-18T18:42:58.974+0530] {processor.py:161} INFO - Started process (PID=26190) to work on /home/tejasvi/Desktop/airflow_ssh_simulation/venv/lib/python3.10/site-packages/airflow/example_dags/example_complex.py
[2026-03-18T18:42:59.609+0530] {processor.py:830} INFO - Processing file /home/tejasvi/Desktop/airflow_ssh_simulation/venv/lib/python3.10/site-packages/airflow/example_dags/example_complex.py for tasks to queue
[2026-03-18T18:42:59.612+0530] {logging_mixin.py:188} INFO - [2026-03-18T18:42:59.612+0530] {dagbag.py:540} INFO - Filling up the DagBag from /home/tejasvi/Desktop/airflow_ssh_simulation/venv/lib/python3.10/site-packages/airflow/example_dags/example_complex.py
[2026-03-18T18:42:59.626+0530] {processor.py:840} INFO - DAG(s) 'example_complex' retrieved from /home/tejasvi/Desktop/airflow_ssh_simulation/venv/lib/python3.10/site-packages/airflow/example_dags/example_complex.py
[2026-03-18T18:42:59.652+0530] {logging_mixin.py:188} INFO - [2026-03-18T18:42:59.652+0530] {dag.py:3047} INFO - Sync 1 DAGs
[2026-03-18T18:42:59.664+0530] {logging_mixin.py:188} INFO - [2026-03-18T18:42:59.664+0530] {dag.py:3834} INFO - Setting next_dagrun for example_complex to None, run_after=None
[2026-03-18T18:42:59.856+0530] {processor.py:183} INFO - Processing /home/tejasvi/Desktop/airflow_ssh_simulation/venv/lib/python3.10/site-packages/airflow/example_dags/example_complex.py took 0.889 seconds
[2026-03-18T18:44:20.885+0530] {processor.py:161} INFO - Started process (PID=26387) to work on /home/tejasvi/Desktop/airflow_ssh_simulation/venv/lib/python3.10/site-packages/airflow/example_dags/example_complex.py
[2026-03-18T18:44:20.954+0530] {processor.py:830} INFO - Processing file /home/tejasvi/Desktop/airflow_ssh_simulation/venv/lib/python3.10/site-packages/airflow/example_dags/example_complex.py for tasks to queue
[2026-03-18T18:44:20.958+0530] {logging_mixin.py:188} INFO - [2026-03-18T18:44:20.957+0530] {dagbag.py:540} INFO - Filling up the DagBag from /home/tejasvi/Desktop/airflow_ssh_simulation/venv/lib/python3.10/site-packages/airflow/example_dags/example_complex.py
[2026-03-18T18:44:20.971+0530] {processor.py:840} INFO - DAG(s) 'example_complex' retrieved from /home/tejasvi/Desktop/airflow_ssh_simulation/venv/lib/python3.10/site-packages/airflow/example_dags/example_complex.py
[2026-03-18T18:44:20.995+0530] {logging_mixin.py:188} INFO - [2026-03-18T18:44:20.995+0530] {dag.py:3047} INFO - Sync 1 DAGs
[2026-03-18T18:44:21.008+0530] {logging_mixin.py:188} INFO - [2026-03-18T18:44:21.008+0530] {dag.py:3834} INFO - Setting next_dagrun for example_complex to None, run_after=None
[2026-03-18T18:44:21.139+0530] {processor.py:183} INFO - Processing /home/tejasvi/Desktop/airflow_ssh_simulation/venv/lib/python3.10/site-packages/airflow/example_dags/example_complex.py took 0.261 seconds
[2026-03-18T18:45:23.060+0530] {processor.py:161} INFO - Started process (PID=26540) to work on /home/tejasvi/Desktop/airflow_ssh_simulation/venv/lib/python3.10/site-packages/airflow/example_dags/example_complex.py
[2026-03-18T18:45:23.153+0530] {processor.py:830} INFO - Processing file /home/tejasvi/Desktop/airflow_ssh_simulation/venv/lib/python3.10/site-packages/airflow/example_dags/example_complex.py for tasks to queue
[2026-03-18T18:45:23.156+0530] {logging_mixin.py:188} INFO - [2026-03-18T18:45:23.156+0530] {dagbag.py:540} INFO - Filling up the DagBag from /home/tejasvi/Desktop/airflow_ssh_simulation/venv/lib/python3.10/site-packages/airflow/example_dags/example_complex.py
[2026-03-18T18:45:23.170+0530] {processor.py:840} INFO - DAG(s) 'example_complex' retrieved from /home/tejasvi/Desktop/airflow_ssh_simulation/venv/lib/python3.10/site-packages/airflow/example_dags/example_complex.py
[2026-03-18T18:45:23.195+0530] {logging_mixin.py:188} INFO - [2026-03-18T18:45:23.195+0530] {dag.py:3047} INFO - Sync 1 DAGs
[2026-03-18T18:45:23.207+0530] {logging_mixin.py:188} INFO - [2026-03-18T18:45:23.206+0530] {dag.py:3834} INFO - Setting next_dagrun for example_complex to None, run_after=None
[2026-03-18T18:45:23.367+0530] {processor.py:183} INFO - Processing /home/tejasvi/Desktop/airflow_ssh_simulation/venv/lib/python3.10/site-packages/airflow/example_dags/example_complex.py took 0.315 seconds
[2026-03-18T18:46:46.044+0530] {processor.py:161} INFO - Started process (PID=26757) to work on /home/tejasvi/Desktop/airflow_ssh_simulation/venv/lib/python3.10/site-packages/airflow/example_dags/example_complex.py
[2026-03-18T18:46:50.171+0530] {processor.py:830} INFO - Processing file /home/tejasvi/Desktop/airflow_ssh_simulation/venv/lib/python3.10/site-packages/airflow/example_dags/example_complex.py for tasks to queue
[2026-03-18T18:46:50.177+0530] {logging_mixin.py:188} INFO - [2026-03-18T18:46:50.176+0530] {dagbag.py:540} INFO - Filling up the DagBag from /home/tejasvi/Desktop/airflow_ssh_simulation/venv/lib/python3.10/site-packages/airflow/example_dags/example_complex.py
[2026-03-18T18:46:50.209+0530] {processor.py:840} INFO - DAG(s) 'example_complex' retrieved from /home/tejasvi/Desktop/airflow_ssh_simulation/venv/lib/python3.10/site-packages/airflow/example_dags/example_complex.py
[2026-03-18T18:46:50.240+0530] {logging_mixin.py:188} INFO - [2026-03-18T18:46:50.240+0530] {dag.py:3047} INFO - Sync 1 DAGs
[2026-03-18T18:46:50.252+0530] {logging_mixin.py:188} INFO - [2026-03-18T18:46:50.252+0530] {dag.py:3834} INFO - Setting next_dagrun for example_complex to None, run_after=None
[2026-03-18T18:46:50.393+0530] {processor.py:183} INFO - Processing /home/tejasvi/Desktop/airflow_ssh_simulation/venv/lib/python3.10/site-packages/airflow/example_dags/example_complex.py took 4.357 seconds
[2026-03-18T18:48:00.718+0530] {processor.py:161} INFO - Started process (PID=26935) to work on /home/tejasvi/Desktop/airflow_ssh_simulation/venv/lib/python3.10/site-packages/airflow/example_dags/example_complex.py
[2026-03-18T18:48:00.740+0530] {processor.py:830} INFO - Processing file /home/tejasvi/Desktop/airflow_ssh_simulation/venv/lib/python3.10/site-packages/airflow/example_dags/example_complex.py for tasks to queue
[2026-03-18T18:48:00.745+0530] {logging_mixin.py:188} INFO - [2026-03-18T18:48:00.744+0530] {dagbag.py:540} INFO - Filling up the DagBag from /home/tejasvi/Desktop/airflow_ssh_simulation/venv/lib/python3.10/site-packages/airflow/example_dags/example_complex.py
[2026-03-18T18:48:00.770+0530] {processor.py:840} INFO - DAG(s) 'example_complex' retrieved from /home/tejasvi/Desktop/airflow_ssh_simulation/venv/lib/python3.10/site-packages/airflow/example_dags/example_complex.py
[2026-03-18T18:48:00.796+0530] {logging_mixin.py:188} INFO - [2026-03-18T18:48:00.796+0530] {dag.py:3047} INFO - Sync 1 DAGs
[2026-03-18T18:48:00.808+0530] {logging_mixin.py:188} INFO - [2026-03-18T18:48:00.808+0530] {dag.py:3834} INFO - Setting next_dagrun for example_complex to None, run_after=None
[2026-03-18T18:48:00.884+0530] {processor.py:183} INFO - Processing /home/tejasvi/Desktop/airflow_ssh_simulation/venv/lib/python3.10/site-packages/airflow/example_dags/example_complex.py took 0.170 seconds
[2026-03-18T18:49:25.737+0530] {processor.py:161} INFO - Started process (PID=27149) to work on /home/tejasvi/Desktop/airflow_ssh_simulation/venv/lib/python3.10/site-packages/airflow/example_dags/example_complex.py
[2026-03-18T18:49:25.753+0530] {processor.py:830} INFO - Processing file /home/tejasvi/Desktop/airflow_ssh_simulation/venv/lib/python3.10/site-packages/airflow/example_dags/example_complex.py for tasks to queue
[2026-03-18T18:49:25.756+0530] {logging_mixin.py:188} INFO - [2026-03-18T18:49:25.756+0530] {dagbag.py:540} INFO - Filling up the DagBag from /home/tejasvi/Desktop/airflow_ssh_simulation/venv/lib/python3.10/site-packages/airflow/example_dags/example_complex.py
[2026-03-18T18:49:25.770+0530] {processor.py:840} INFO - DAG(s) 'example_complex' retrieved from /home/tejasvi/Desktop/airflow_ssh_simulation/venv/lib/python3.10/site-packages/airflow/example_dags/example_complex.py
[2026-03-18T18:49:25.795+0530] {logging_mixin.py:188} INFO - [2026-03-18T18:49:25.795+0530] {dag.py:3047} INFO - Sync 1 DAGs
[2026-03-18T18:49:25.807+0530] {logging_mixin.py:188} INFO - [2026-03-18T18:49:25.807+0530] {dag.py:3834} INFO - Setting next_dagrun for example_complex to None, run_after=None
[2026-03-18T18:49:25.886+0530] {processor.py:183} INFO - Processing /home/tejasvi/Desktop/airflow_ssh_simulation/venv/lib/python3.10/site-packages/airflow/example_dags/example_complex.py took 0.157 seconds
[2026-03-18T18:50:25.076+0530] {processor.py:161} INFO - Started process (PID=27308) to work on /home/tejasvi/Desktop/airflow_ssh_simulation/venv/lib/python3.10/site-packages/airflow/example_dags/example_complex.py
[2026-03-18T18:50:25.144+0530] {processor.py:830} INFO - Processing file /home/tejasvi/Desktop/airflow_ssh_simulation/venv/lib/python3.10/site-packages/airflow/example_dags/example_complex.py for tasks to queue
[2026-03-18T18:50:25.147+0530] {logging_mixin.py:188} INFO - [2026-03-18T18:50:25.146+0530] {dagbag.py:540} INFO - Filling up the DagBag from /home/tejasvi/Desktop/airflow_ssh_simulation/venv/lib/python3.10/site-packages/airflow/example_dags/example_complex.py
[2026-03-18T18:50:25.160+0530] {processor.py:840} INFO - DAG(s) 'example_complex' retrieved from /home/tejasvi/Desktop/airflow_ssh_simulation/venv/lib/python3.10/site-packages/airflow/example_dags/example_complex.py
[2026-03-18T18:50:25.186+0530] {logging_mixin.py:188} INFO - [2026-03-18T18:50:25.185+0530] {dag.py:3047} INFO - Sync 1 DAGs
[2026-03-18T18:50:25.197+0530] {logging_mixin.py:188} INFO - [2026-03-18T18:50:25.197+0530] {dag.py:3834} INFO - Setting next_dagrun for example_complex to None, run_after=None
[2026-03-18T18:50:25.274+0530] {processor.py:183} INFO - Processing /home/tejasvi/Desktop/airflow_ssh_simulation/venv/lib/python3.10/site-packages/airflow/example_dags/example_complex.py took 0.205 seconds
