[2026-03-18T17:39:26.240+0530] {processor.py:161} INFO - Started process (PID=5378) to work on /home/tejasvi/Desktop/airflow_ssh_simulation/venv/lib/python3.10/site-packages/airflow/example_dags/example_sensors.py
[2026-03-18T17:39:26.243+0530] {processor.py:830} INFO - Processing file /home/tejasvi/Desktop/airflow_ssh_simulation/venv/lib/python3.10/site-packages/airflow/example_dags/example_sensors.py for tasks to queue
[2026-03-18T17:39:26.246+0530] {logging_mixin.py:188} INFO - [2026-03-18T17:39:26.245+0530] {dagbag.py:540} INFO - Filling up the DagBag from /home/tejasvi/Desktop/airflow_ssh_simulation/venv/lib/python3.10/site-packages/airflow/example_dags/example_sensors.py
[2026-03-18T17:39:26.324+0530] {processor.py:840} INFO - DAG(s) 'example_sensors' retrieved from /home/tejasvi/Desktop/airflow_ssh_simulation/venv/lib/python3.10/site-packages/airflow/example_dags/example_sensors.py
[2026-03-18T17:39:26.517+0530] {logging_mixin.py:188} INFO - [2026-03-18T17:39:26.516+0530] {dag.py:3047} INFO - Sync 1 DAGs
[2026-03-18T17:39:26.609+0530] {logging_mixin.py:188} INFO - [2026-03-18T17:39:26.608+0530] {dag.py:3834} INFO - Setting next_dagrun for example_sensors to None, run_after=None
[2026-03-18T17:39:26.872+0530] {processor.py:183} INFO - Processing /home/tejasvi/Desktop/airflow_ssh_simulation/venv/lib/python3.10/site-packages/airflow/example_dags/example_sensors.py took 0.638 seconds
[2026-03-18T17:40:35.068+0530] {processor.py:161} INFO - Started process (PID=5469) to work on /home/tejasvi/Desktop/airflow_ssh_simulation/venv/lib/python3.10/site-packages/airflow/example_dags/example_sensors.py
[2026-03-18T17:40:35.109+0530] {processor.py:830} INFO - Processing file /home/tejasvi/Desktop/airflow_ssh_simulation/venv/lib/python3.10/site-packages/airflow/example_dags/example_sensors.py for tasks to queue
[2026-03-18T17:40:35.113+0530] {logging_mixin.py:188} INFO - [2026-03-18T17:40:35.112+0530] {dagbag.py:540} INFO - Filling up the DagBag from /home/tejasvi/Desktop/airflow_ssh_simulation/venv/lib/python3.10/site-packages/airflow/example_dags/example_sensors.py
[2026-03-18T17:40:35.129+0530] {processor.py:840} INFO - DAG(s) 'example_sensors' retrieved from /home/tejasvi/Desktop/airflow_ssh_simulation/venv/lib/python3.10/site-packages/airflow/example_dags/example_sensors.py
[2026-03-18T17:40:35.158+0530] {logging_mixin.py:188} INFO - [2026-03-18T17:40:35.157+0530] {dag.py:3047} INFO - Sync 1 DAGs
[2026-03-18T17:40:35.176+0530] {logging_mixin.py:188} INFO - [2026-03-18T17:40:35.175+0530] {dag.py:3834} INFO - Setting next_dagrun for example_sensors to None, run_after=None
[2026-03-18T17:40:35.266+0530] {processor.py:183} INFO - Processing /home/tejasvi/Desktop/airflow_ssh_simulation/venv/lib/python3.10/site-packages/airflow/example_dags/example_sensors.py took 0.205 seconds
[2026-03-18T17:41:52.381+0530] {processor.py:161} INFO - Started process (PID=5583) to work on /home/tejasvi/Desktop/airflow_ssh_simulation/venv/lib/python3.10/site-packages/airflow/example_dags/example_sensors.py
[2026-03-18T17:41:52.497+0530] {processor.py:830} INFO - Processing file /home/tejasvi/Desktop/airflow_ssh_simulation/venv/lib/python3.10/site-packages/airflow/example_dags/example_sensors.py for tasks to queue
[2026-03-18T17:41:52.501+0530] {logging_mixin.py:188} INFO - [2026-03-18T17:41:52.500+0530] {dagbag.py:540} INFO - Filling up the DagBag from /home/tejasvi/Desktop/airflow_ssh_simulation/venv/lib/python3.10/site-packages/airflow/example_dags/example_sensors.py
[2026-03-18T17:41:52.515+0530] {processor.py:840} INFO - DAG(s) 'example_sensors' retrieved from /home/tejasvi/Desktop/airflow_ssh_simulation/venv/lib/python3.10/site-packages/airflow/example_dags/example_sensors.py
[2026-03-18T17:41:52.548+0530] {logging_mixin.py:188} INFO - [2026-03-18T17:41:52.547+0530] {dag.py:3047} INFO - Sync 1 DAGs
[2026-03-18T17:41:52.567+0530] {logging_mixin.py:188} INFO - [2026-03-18T17:41:52.566+0530] {dag.py:3834} INFO - Setting next_dagrun for example_sensors to None, run_after=None
[2026-03-18T17:41:52.669+0530] {processor.py:183} INFO - Processing /home/tejasvi/Desktop/airflow_ssh_simulation/venv/lib/python3.10/site-packages/airflow/example_dags/example_sensors.py took 0.295 seconds
[2026-03-18T17:42:57.946+0530] {processor.py:161} INFO - Started process (PID=5739) to work on /home/tejasvi/Desktop/airflow_ssh_simulation/venv/lib/python3.10/site-packages/airflow/example_dags/example_sensors.py
[2026-03-18T17:42:58.094+0530] {processor.py:830} INFO - Processing file /home/tejasvi/Desktop/airflow_ssh_simulation/venv/lib/python3.10/site-packages/airflow/example_dags/example_sensors.py for tasks to queue
[2026-03-18T17:42:58.097+0530] {logging_mixin.py:188} INFO - [2026-03-18T17:42:58.097+0530] {dagbag.py:540} INFO - Filling up the DagBag from /home/tejasvi/Desktop/airflow_ssh_simulation/venv/lib/python3.10/site-packages/airflow/example_dags/example_sensors.py
[2026-03-18T17:42:58.112+0530] {processor.py:840} INFO - DAG(s) 'example_sensors' retrieved from /home/tejasvi/Desktop/airflow_ssh_simulation/venv/lib/python3.10/site-packages/airflow/example_dags/example_sensors.py
[2026-03-18T17:42:58.142+0530] {logging_mixin.py:188} INFO - [2026-03-18T17:42:58.141+0530] {dag.py:3047} INFO - Sync 1 DAGs
[2026-03-18T17:42:58.159+0530] {logging_mixin.py:188} INFO - [2026-03-18T17:42:58.159+0530] {dag.py:3834} INFO - Setting next_dagrun for example_sensors to None, run_after=None
[2026-03-18T17:42:58.230+0530] {processor.py:183} INFO - Processing /home/tejasvi/Desktop/airflow_ssh_simulation/venv/lib/python3.10/site-packages/airflow/example_dags/example_sensors.py took 0.291 seconds
[2026-03-18T17:44:09.904+0530] {processor.py:161} INFO - Started process (PID=7421) to work on /home/tejasvi/Desktop/airflow_ssh_simulation/venv/lib/python3.10/site-packages/airflow/example_dags/example_sensors.py
[2026-03-18T17:44:09.906+0530] {processor.py:830} INFO - Processing file /home/tejasvi/Desktop/airflow_ssh_simulation/venv/lib/python3.10/site-packages/airflow/example_dags/example_sensors.py for tasks to queue
[2026-03-18T17:44:09.910+0530] {logging_mixin.py:188} INFO - [2026-03-18T17:44:09.910+0530] {dagbag.py:540} INFO - Filling up the DagBag from /home/tejasvi/Desktop/airflow_ssh_simulation/venv/lib/python3.10/site-packages/airflow/example_dags/example_sensors.py
[2026-03-18T17:44:09.931+0530] {processor.py:840} INFO - DAG(s) 'example_sensors' retrieved from /home/tejasvi/Desktop/airflow_ssh_simulation/venv/lib/python3.10/site-packages/airflow/example_dags/example_sensors.py
[2026-03-18T17:44:09.980+0530] {logging_mixin.py:188} INFO - [2026-03-18T17:44:09.979+0530] {dag.py:3047} INFO - Sync 1 DAGs
[2026-03-18T17:44:10.011+0530] {logging_mixin.py:188} INFO - [2026-03-18T17:44:10.010+0530] {dag.py:3834} INFO - Setting next_dagrun for example_sensors to None, run_after=None
[2026-03-18T17:44:10.083+0530] {processor.py:183} INFO - Processing /home/tejasvi/Desktop/airflow_ssh_simulation/venv/lib/python3.10/site-packages/airflow/example_dags/example_sensors.py took 0.185 seconds
[2026-03-18T17:45:19.251+0530] {processor.py:161} INFO - Started process (PID=8124) to work on /home/tejasvi/Desktop/airflow_ssh_simulation/venv/lib/python3.10/site-packages/airflow/example_dags/example_sensors.py
[2026-03-18T17:45:19.260+0530] {processor.py:830} INFO - Processing file /home/tejasvi/Desktop/airflow_ssh_simulation/venv/lib/python3.10/site-packages/airflow/example_dags/example_sensors.py for tasks to queue
[2026-03-18T17:45:19.263+0530] {logging_mixin.py:188} INFO - [2026-03-18T17:45:19.262+0530] {dagbag.py:540} INFO - Filling up the DagBag from /home/tejasvi/Desktop/airflow_ssh_simulation/venv/lib/python3.10/site-packages/airflow/example_dags/example_sensors.py
[2026-03-18T17:45:19.279+0530] {processor.py:840} INFO - DAG(s) 'example_sensors' retrieved from /home/tejasvi/Desktop/airflow_ssh_simulation/venv/lib/python3.10/site-packages/airflow/example_dags/example_sensors.py
[2026-03-18T17:45:19.310+0530] {logging_mixin.py:188} INFO - [2026-03-18T17:45:19.310+0530] {dag.py:3047} INFO - Sync 1 DAGs
[2026-03-18T17:45:19.329+0530] {logging_mixin.py:188} INFO - [2026-03-18T17:45:19.329+0530] {dag.py:3834} INFO - Setting next_dagrun for example_sensors to None, run_after=None
[2026-03-18T17:45:19.393+0530] {processor.py:183} INFO - Processing /home/tejasvi/Desktop/airflow_ssh_simulation/venv/lib/python3.10/site-packages/airflow/example_dags/example_sensors.py took 0.149 seconds
[2026-03-18T17:46:27.499+0530] {processor.py:161} INFO - Started process (PID=9036) to work on /home/tejasvi/Desktop/airflow_ssh_simulation/venv/lib/python3.10/site-packages/airflow/example_dags/example_sensors.py
[2026-03-18T17:46:27.502+0530] {processor.py:830} INFO - Processing file /home/tejasvi/Desktop/airflow_ssh_simulation/venv/lib/python3.10/site-packages/airflow/example_dags/example_sensors.py for tasks to queue
[2026-03-18T17:46:27.508+0530] {logging_mixin.py:188} INFO - [2026-03-18T17:46:27.506+0530] {dagbag.py:540} INFO - Filling up the DagBag from /home/tejasvi/Desktop/airflow_ssh_simulation/venv/lib/python3.10/site-packages/airflow/example_dags/example_sensors.py
[2026-03-18T17:46:27.556+0530] {processor.py:840} INFO - DAG(s) 'example_sensors' retrieved from /home/tejasvi/Desktop/airflow_ssh_simulation/venv/lib/python3.10/site-packages/airflow/example_dags/example_sensors.py
[2026-03-18T17:46:27.618+0530] {logging_mixin.py:188} INFO - [2026-03-18T17:46:27.617+0530] {dag.py:3047} INFO - Sync 1 DAGs
[2026-03-18T17:46:27.639+0530] {logging_mixin.py:188} INFO - [2026-03-18T17:46:27.638+0530] {dag.py:3834} INFO - Setting next_dagrun for example_sensors to None, run_after=None
[2026-03-18T17:46:27.765+0530] {processor.py:183} INFO - Processing /home/tejasvi/Desktop/airflow_ssh_simulation/venv/lib/python3.10/site-packages/airflow/example_dags/example_sensors.py took 0.277 seconds
[2026-03-18T17:47:45.906+0530] {processor.py:161} INFO - Started process (PID=9640) to work on /home/tejasvi/Desktop/airflow_ssh_simulation/venv/lib/python3.10/site-packages/airflow/example_dags/example_sensors.py
[2026-03-18T17:47:45.988+0530] {processor.py:830} INFO - Processing file /home/tejasvi/Desktop/airflow_ssh_simulation/venv/lib/python3.10/site-packages/airflow/example_dags/example_sensors.py for tasks to queue
[2026-03-18T17:47:45.994+0530] {logging_mixin.py:188} INFO - [2026-03-18T17:47:45.993+0530] {dagbag.py:540} INFO - Filling up the DagBag from /home/tejasvi/Desktop/airflow_ssh_simulation/venv/lib/python3.10/site-packages/airflow/example_dags/example_sensors.py
[2026-03-18T17:47:46.105+0530] {processor.py:840} INFO - DAG(s) 'example_sensors' retrieved from /home/tejasvi/Desktop/airflow_ssh_simulation/venv/lib/python3.10/site-packages/airflow/example_dags/example_sensors.py
[2026-03-18T17:47:46.158+0530] {logging_mixin.py:188} INFO - [2026-03-18T17:47:46.157+0530] {dag.py:3047} INFO - Sync 1 DAGs
[2026-03-18T17:47:46.173+0530] {logging_mixin.py:188} INFO - [2026-03-18T17:47:46.173+0530] {dag.py:3834} INFO - Setting next_dagrun for example_sensors to None, run_after=None
[2026-03-18T17:47:46.326+0530] {processor.py:183} INFO - Processing /home/tejasvi/Desktop/airflow_ssh_simulation/venv/lib/python3.10/site-packages/airflow/example_dags/example_sensors.py took 0.429 seconds
[2026-03-18T17:48:47.911+0530] {processor.py:161} INFO - Started process (PID=10141) to work on /home/tejasvi/Desktop/airflow_ssh_simulation/venv/lib/python3.10/site-packages/airflow/example_dags/example_sensors.py
[2026-03-18T17:48:47.978+0530] {processor.py:830} INFO - Processing file /home/tejasvi/Desktop/airflow_ssh_simulation/venv/lib/python3.10/site-packages/airflow/example_dags/example_sensors.py for tasks to queue
[2026-03-18T17:48:47.981+0530] {logging_mixin.py:188} INFO - [2026-03-18T17:48:47.980+0530] {dagbag.py:540} INFO - Filling up the DagBag from /home/tejasvi/Desktop/airflow_ssh_simulation/venv/lib/python3.10/site-packages/airflow/example_dags/example_sensors.py
[2026-03-18T17:48:47.994+0530] {processor.py:840} INFO - DAG(s) 'example_sensors' retrieved from /home/tejasvi/Desktop/airflow_ssh_simulation/venv/lib/python3.10/site-packages/airflow/example_dags/example_sensors.py
[2026-03-18T17:48:48.014+0530] {logging_mixin.py:188} INFO - [2026-03-18T17:48:48.014+0530] {dag.py:3047} INFO - Sync 1 DAGs
[2026-03-18T17:48:48.026+0530] {logging_mixin.py:188} INFO - [2026-03-18T17:48:48.026+0530] {dag.py:3834} INFO - Setting next_dagrun for example_sensors to None, run_after=None
[2026-03-18T17:48:48.130+0530] {processor.py:183} INFO - Processing /home/tejasvi/Desktop/airflow_ssh_simulation/venv/lib/python3.10/site-packages/airflow/example_dags/example_sensors.py took 0.226 seconds
[2026-03-18T17:49:51.664+0530] {processor.py:161} INFO - Started process (PID=10630) to work on /home/tejasvi/Desktop/airflow_ssh_simulation/venv/lib/python3.10/site-packages/airflow/example_dags/example_sensors.py
[2026-03-18T17:49:51.678+0530] {processor.py:830} INFO - Processing file /home/tejasvi/Desktop/airflow_ssh_simulation/venv/lib/python3.10/site-packages/airflow/example_dags/example_sensors.py for tasks to queue
[2026-03-18T17:49:51.681+0530] {logging_mixin.py:188} INFO - [2026-03-18T17:49:51.681+0530] {dagbag.py:540} INFO - Filling up the DagBag from /home/tejasvi/Desktop/airflow_ssh_simulation/venv/lib/python3.10/site-packages/airflow/example_dags/example_sensors.py
[2026-03-18T17:49:51.694+0530] {processor.py:840} INFO - DAG(s) 'example_sensors' retrieved from /home/tejasvi/Desktop/airflow_ssh_simulation/venv/lib/python3.10/site-packages/airflow/example_dags/example_sensors.py
[2026-03-18T17:49:51.713+0530] {logging_mixin.py:188} INFO - [2026-03-18T17:49:51.713+0530] {dag.py:3047} INFO - Sync 1 DAGs
[2026-03-18T17:49:51.725+0530] {logging_mixin.py:188} INFO - [2026-03-18T17:49:51.724+0530] {dag.py:3834} INFO - Setting next_dagrun for example_sensors to None, run_after=None
[2026-03-18T17:49:51.839+0530] {processor.py:183} INFO - Processing /home/tejasvi/Desktop/airflow_ssh_simulation/venv/lib/python3.10/site-packages/airflow/example_dags/example_sensors.py took 0.183 seconds
[2026-03-18T17:50:57.911+0530] {processor.py:161} INFO - Started process (PID=11178) to work on /home/tejasvi/Desktop/airflow_ssh_simulation/venv/lib/python3.10/site-packages/airflow/example_dags/example_sensors.py
[2026-03-18T17:50:57.920+0530] {processor.py:830} INFO - Processing file /home/tejasvi/Desktop/airflow_ssh_simulation/venv/lib/python3.10/site-packages/airflow/example_dags/example_sensors.py for tasks to queue
[2026-03-18T17:50:57.922+0530] {logging_mixin.py:188} INFO - [2026-03-18T17:50:57.922+0530] {dagbag.py:540} INFO - Filling up the DagBag from /home/tejasvi/Desktop/airflow_ssh_simulation/venv/lib/python3.10/site-packages/airflow/example_dags/example_sensors.py
[2026-03-18T17:50:57.933+0530] {processor.py:840} INFO - DAG(s) 'example_sensors' retrieved from /home/tejasvi/Desktop/airflow_ssh_simulation/venv/lib/python3.10/site-packages/airflow/example_dags/example_sensors.py
[2026-03-18T17:50:57.953+0530] {logging_mixin.py:188} INFO - [2026-03-18T17:50:57.952+0530] {dag.py:3047} INFO - Sync 1 DAGs
[2026-03-18T17:50:57.964+0530] {logging_mixin.py:188} INFO - [2026-03-18T17:50:57.963+0530] {dag.py:3834} INFO - Setting next_dagrun for example_sensors to None, run_after=None
[2026-03-18T17:50:58.091+0530] {processor.py:183} INFO - Processing /home/tejasvi/Desktop/airflow_ssh_simulation/venv/lib/python3.10/site-packages/airflow/example_dags/example_sensors.py took 0.186 seconds
[2026-03-18T17:52:03.247+0530] {processor.py:161} INFO - Started process (PID=11742) to work on /home/tejasvi/Desktop/airflow_ssh_simulation/venv/lib/python3.10/site-packages/airflow/example_dags/example_sensors.py
[2026-03-18T17:52:03.345+0530] {processor.py:830} INFO - Processing file /home/tejasvi/Desktop/airflow_ssh_simulation/venv/lib/python3.10/site-packages/airflow/example_dags/example_sensors.py for tasks to queue
[2026-03-18T17:52:03.348+0530] {logging_mixin.py:188} INFO - [2026-03-18T17:52:03.348+0530] {dagbag.py:540} INFO - Filling up the DagBag from /home/tejasvi/Desktop/airflow_ssh_simulation/venv/lib/python3.10/site-packages/airflow/example_dags/example_sensors.py
[2026-03-18T17:52:03.361+0530] {processor.py:840} INFO - DAG(s) 'example_sensors' retrieved from /home/tejasvi/Desktop/airflow_ssh_simulation/venv/lib/python3.10/site-packages/airflow/example_dags/example_sensors.py
[2026-03-18T17:52:03.383+0530] {logging_mixin.py:188} INFO - [2026-03-18T17:52:03.383+0530] {dag.py:3047} INFO - Sync 1 DAGs
[2026-03-18T17:52:03.396+0530] {logging_mixin.py:188} INFO - [2026-03-18T17:52:03.396+0530] {dag.py:3834} INFO - Setting next_dagrun for example_sensors to None, run_after=None
[2026-03-18T17:52:03.512+0530] {processor.py:183} INFO - Processing /home/tejasvi/Desktop/airflow_ssh_simulation/venv/lib/python3.10/site-packages/airflow/example_dags/example_sensors.py took 0.273 seconds
[2026-03-18T17:53:18.735+0530] {processor.py:161} INFO - Started process (PID=12566) to work on /home/tejasvi/Desktop/airflow_ssh_simulation/venv/lib/python3.10/site-packages/airflow/example_dags/example_sensors.py
[2026-03-18T17:53:18.738+0530] {processor.py:830} INFO - Processing file /home/tejasvi/Desktop/airflow_ssh_simulation/venv/lib/python3.10/site-packages/airflow/example_dags/example_sensors.py for tasks to queue
[2026-03-18T17:53:18.740+0530] {logging_mixin.py:188} INFO - [2026-03-18T17:53:18.740+0530] {dagbag.py:540} INFO - Filling up the DagBag from /home/tejasvi/Desktop/airflow_ssh_simulation/venv/lib/python3.10/site-packages/airflow/example_dags/example_sensors.py
[2026-03-18T17:53:18.753+0530] {processor.py:840} INFO - DAG(s) 'example_sensors' retrieved from /home/tejasvi/Desktop/airflow_ssh_simulation/venv/lib/python3.10/site-packages/airflow/example_dags/example_sensors.py
[2026-03-18T17:53:18.775+0530] {logging_mixin.py:188} INFO - [2026-03-18T17:53:18.775+0530] {dag.py:3047} INFO - Sync 1 DAGs
[2026-03-18T17:53:18.788+0530] {logging_mixin.py:188} INFO - [2026-03-18T17:53:18.788+0530] {dag.py:3834} INFO - Setting next_dagrun for example_sensors to None, run_after=None
[2026-03-18T17:53:18.869+0530] {processor.py:183} INFO - Processing /home/tejasvi/Desktop/airflow_ssh_simulation/venv/lib/python3.10/site-packages/airflow/example_dags/example_sensors.py took 0.143 seconds
[2026-03-18T17:54:24.185+0530] {processor.py:161} INFO - Started process (PID=13170) to work on /home/tejasvi/Desktop/airflow_ssh_simulation/venv/lib/python3.10/site-packages/airflow/example_dags/example_sensors.py
[2026-03-18T17:54:24.238+0530] {processor.py:830} INFO - Processing file /home/tejasvi/Desktop/airflow_ssh_simulation/venv/lib/python3.10/site-packages/airflow/example_dags/example_sensors.py for tasks to queue
[2026-03-18T17:54:24.241+0530] {logging_mixin.py:188} INFO - [2026-03-18T17:54:24.241+0530] {dagbag.py:540} INFO - Filling up the DagBag from /home/tejasvi/Desktop/airflow_ssh_simulation/venv/lib/python3.10/site-packages/airflow/example_dags/example_sensors.py
[2026-03-18T17:54:24.253+0530] {processor.py:840} INFO - DAG(s) 'example_sensors' retrieved from /home/tejasvi/Desktop/airflow_ssh_simulation/venv/lib/python3.10/site-packages/airflow/example_dags/example_sensors.py
[2026-03-18T17:54:24.278+0530] {logging_mixin.py:188} INFO - [2026-03-18T17:54:24.277+0530] {dag.py:3047} INFO - Sync 1 DAGs
[2026-03-18T17:54:24.292+0530] {logging_mixin.py:188} INFO - [2026-03-18T17:54:24.292+0530] {dag.py:3834} INFO - Setting next_dagrun for example_sensors to None, run_after=None
[2026-03-18T17:54:24.377+0530] {processor.py:183} INFO - Processing /home/tejasvi/Desktop/airflow_ssh_simulation/venv/lib/python3.10/site-packages/airflow/example_dags/example_sensors.py took 0.201 seconds
[2026-03-18T17:55:26.042+0530] {processor.py:161} INFO - Started process (PID=13644) to work on /home/tejasvi/Desktop/airflow_ssh_simulation/venv/lib/python3.10/site-packages/airflow/example_dags/example_sensors.py
[2026-03-18T17:55:26.067+0530] {processor.py:830} INFO - Processing file /home/tejasvi/Desktop/airflow_ssh_simulation/venv/lib/python3.10/site-packages/airflow/example_dags/example_sensors.py for tasks to queue
[2026-03-18T17:55:26.071+0530] {logging_mixin.py:188} INFO - [2026-03-18T17:55:26.070+0530] {dagbag.py:540} INFO - Filling up the DagBag from /home/tejasvi/Desktop/airflow_ssh_simulation/venv/lib/python3.10/site-packages/airflow/example_dags/example_sensors.py
[2026-03-18T17:55:26.090+0530] {processor.py:840} INFO - DAG(s) 'example_sensors' retrieved from /home/tejasvi/Desktop/airflow_ssh_simulation/venv/lib/python3.10/site-packages/airflow/example_dags/example_sensors.py
[2026-03-18T17:55:26.240+0530] {logging_mixin.py:188} INFO - [2026-03-18T17:55:26.240+0530] {dag.py:3047} INFO - Sync 1 DAGs
[2026-03-18T17:55:26.253+0530] {logging_mixin.py:188} INFO - [2026-03-18T17:55:26.253+0530] {dag.py:3834} INFO - Setting next_dagrun for example_sensors to None, run_after=None
[2026-03-18T17:55:26.360+0530] {processor.py:183} INFO - Processing /home/tejasvi/Desktop/airflow_ssh_simulation/venv/lib/python3.10/site-packages/airflow/example_dags/example_sensors.py took 0.326 seconds
[2026-03-18T17:56:36.041+0530] {processor.py:161} INFO - Started process (PID=14228) to work on /home/tejasvi/Desktop/airflow_ssh_simulation/venv/lib/python3.10/site-packages/airflow/example_dags/example_sensors.py
[2026-03-18T17:56:36.088+0530] {processor.py:830} INFO - Processing file /home/tejasvi/Desktop/airflow_ssh_simulation/venv/lib/python3.10/site-packages/airflow/example_dags/example_sensors.py for tasks to queue
[2026-03-18T17:56:36.094+0530] {logging_mixin.py:188} INFO - [2026-03-18T17:56:36.093+0530] {dagbag.py:540} INFO - Filling up the DagBag from /home/tejasvi/Desktop/airflow_ssh_simulation/venv/lib/python3.10/site-packages/airflow/example_dags/example_sensors.py
[2026-03-18T17:56:36.121+0530] {processor.py:840} INFO - DAG(s) 'example_sensors' retrieved from /home/tejasvi/Desktop/airflow_ssh_simulation/venv/lib/python3.10/site-packages/airflow/example_dags/example_sensors.py
[2026-03-18T17:56:36.147+0530] {logging_mixin.py:188} INFO - [2026-03-18T17:56:36.146+0530] {dag.py:3047} INFO - Sync 1 DAGs
[2026-03-18T17:56:36.160+0530] {logging_mixin.py:188} INFO - [2026-03-18T17:56:36.160+0530] {dag.py:3834} INFO - Setting next_dagrun for example_sensors to None, run_after=None
[2026-03-18T17:56:36.218+0530] {processor.py:183} INFO - Processing /home/tejasvi/Desktop/airflow_ssh_simulation/venv/lib/python3.10/site-packages/airflow/example_dags/example_sensors.py took 0.184 seconds
[2026-03-18T17:57:46.499+0530] {processor.py:161} INFO - Started process (PID=14759) to work on /home/tejasvi/Desktop/airflow_ssh_simulation/venv/lib/python3.10/site-packages/airflow/example_dags/example_sensors.py
[2026-03-18T17:57:46.521+0530] {processor.py:830} INFO - Processing file /home/tejasvi/Desktop/airflow_ssh_simulation/venv/lib/python3.10/site-packages/airflow/example_dags/example_sensors.py for tasks to queue
[2026-03-18T17:57:46.524+0530] {logging_mixin.py:188} INFO - [2026-03-18T17:57:46.523+0530] {dagbag.py:540} INFO - Filling up the DagBag from /home/tejasvi/Desktop/airflow_ssh_simulation/venv/lib/python3.10/site-packages/airflow/example_dags/example_sensors.py
[2026-03-18T17:57:46.537+0530] {processor.py:840} INFO - DAG(s) 'example_sensors' retrieved from /home/tejasvi/Desktop/airflow_ssh_simulation/venv/lib/python3.10/site-packages/airflow/example_dags/example_sensors.py
[2026-03-18T17:57:46.561+0530] {logging_mixin.py:188} INFO - [2026-03-18T17:57:46.560+0530] {dag.py:3047} INFO - Sync 1 DAGs
[2026-03-18T17:57:46.573+0530] {logging_mixin.py:188} INFO - [2026-03-18T17:57:46.573+0530] {dag.py:3834} INFO - Setting next_dagrun for example_sensors to None, run_after=None
[2026-03-18T17:57:47.039+0530] {processor.py:183} INFO - Processing /home/tejasvi/Desktop/airflow_ssh_simulation/venv/lib/python3.10/site-packages/airflow/example_dags/example_sensors.py took 0.548 seconds
[2026-03-18T17:58:49.463+0530] {processor.py:161} INFO - Started process (PID=15221) to work on /home/tejasvi/Desktop/airflow_ssh_simulation/venv/lib/python3.10/site-packages/airflow/example_dags/example_sensors.py
[2026-03-18T17:58:49.557+0530] {processor.py:830} INFO - Processing file /home/tejasvi/Desktop/airflow_ssh_simulation/venv/lib/python3.10/site-packages/airflow/example_dags/example_sensors.py for tasks to queue
[2026-03-18T17:58:49.560+0530] {logging_mixin.py:188} INFO - [2026-03-18T17:58:49.560+0530] {dagbag.py:540} INFO - Filling up the DagBag from /home/tejasvi/Desktop/airflow_ssh_simulation/venv/lib/python3.10/site-packages/airflow/example_dags/example_sensors.py
[2026-03-18T17:58:49.572+0530] {processor.py:840} INFO - DAG(s) 'example_sensors' retrieved from /home/tejasvi/Desktop/airflow_ssh_simulation/venv/lib/python3.10/site-packages/airflow/example_dags/example_sensors.py
[2026-03-18T17:58:49.592+0530] {logging_mixin.py:188} INFO - [2026-03-18T17:58:49.591+0530] {dag.py:3047} INFO - Sync 1 DAGs
[2026-03-18T17:58:49.603+0530] {logging_mixin.py:188} INFO - [2026-03-18T17:58:49.603+0530] {dag.py:3834} INFO - Setting next_dagrun for example_sensors to None, run_after=None
[2026-03-18T17:58:49.717+0530] {processor.py:183} INFO - Processing /home/tejasvi/Desktop/airflow_ssh_simulation/venv/lib/python3.10/site-packages/airflow/example_dags/example_sensors.py took 0.261 seconds
[2026-03-18T17:59:50.666+0530] {processor.py:161} INFO - Started process (PID=15401) to work on /home/tejasvi/Desktop/airflow_ssh_simulation/venv/lib/python3.10/site-packages/airflow/example_dags/example_sensors.py
[2026-03-18T17:59:50.681+0530] {processor.py:830} INFO - Processing file /home/tejasvi/Desktop/airflow_ssh_simulation/venv/lib/python3.10/site-packages/airflow/example_dags/example_sensors.py for tasks to queue
[2026-03-18T17:59:50.684+0530] {logging_mixin.py:188} INFO - [2026-03-18T17:59:50.684+0530] {dagbag.py:540} INFO - Filling up the DagBag from /home/tejasvi/Desktop/airflow_ssh_simulation/venv/lib/python3.10/site-packages/airflow/example_dags/example_sensors.py
[2026-03-18T17:59:50.698+0530] {processor.py:840} INFO - DAG(s) 'example_sensors' retrieved from /home/tejasvi/Desktop/airflow_ssh_simulation/venv/lib/python3.10/site-packages/airflow/example_dags/example_sensors.py
[2026-03-18T17:59:50.722+0530] {logging_mixin.py:188} INFO - [2026-03-18T17:59:50.722+0530] {dag.py:3047} INFO - Sync 1 DAGs
[2026-03-18T17:59:50.735+0530] {logging_mixin.py:188} INFO - [2026-03-18T17:59:50.735+0530] {dag.py:3834} INFO - Setting next_dagrun for example_sensors to None, run_after=None
[2026-03-18T17:59:50.823+0530] {processor.py:183} INFO - Processing /home/tejasvi/Desktop/airflow_ssh_simulation/venv/lib/python3.10/site-packages/airflow/example_dags/example_sensors.py took 0.165 seconds
[2026-03-18T18:00:54.954+0530] {processor.py:161} INFO - Started process (PID=15572) to work on /home/tejasvi/Desktop/airflow_ssh_simulation/venv/lib/python3.10/site-packages/airflow/example_dags/example_sensors.py
[2026-03-18T18:00:55.011+0530] {processor.py:830} INFO - Processing file /home/tejasvi/Desktop/airflow_ssh_simulation/venv/lib/python3.10/site-packages/airflow/example_dags/example_sensors.py for tasks to queue
[2026-03-18T18:00:55.014+0530] {logging_mixin.py:188} INFO - [2026-03-18T18:00:55.013+0530] {dagbag.py:540} INFO - Filling up the DagBag from /home/tejasvi/Desktop/airflow_ssh_simulation/venv/lib/python3.10/site-packages/airflow/example_dags/example_sensors.py
[2026-03-18T18:00:55.034+0530] {processor.py:840} INFO - DAG(s) 'example_sensors' retrieved from /home/tejasvi/Desktop/airflow_ssh_simulation/venv/lib/python3.10/site-packages/airflow/example_dags/example_sensors.py
[2026-03-18T18:00:55.057+0530] {logging_mixin.py:188} INFO - [2026-03-18T18:00:55.057+0530] {dag.py:3047} INFO - Sync 1 DAGs
[2026-03-18T18:00:55.070+0530] {logging_mixin.py:188} INFO - [2026-03-18T18:00:55.070+0530] {dag.py:3834} INFO - Setting next_dagrun for example_sensors to None, run_after=None
[2026-03-18T18:00:55.134+0530] {processor.py:183} INFO - Processing /home/tejasvi/Desktop/airflow_ssh_simulation/venv/lib/python3.10/site-packages/airflow/example_dags/example_sensors.py took 0.184 seconds
[2026-03-18T18:02:00.966+0530] {processor.py:161} INFO - Started process (PID=17731) to work on /home/tejasvi/Desktop/airflow_ssh_simulation/venv/lib/python3.10/site-packages/airflow/example_dags/example_sensors.py
[2026-03-18T18:02:01.035+0530] {processor.py:830} INFO - Processing file /home/tejasvi/Desktop/airflow_ssh_simulation/venv/lib/python3.10/site-packages/airflow/example_dags/example_sensors.py for tasks to queue
[2026-03-18T18:02:01.041+0530] {logging_mixin.py:188} INFO - [2026-03-18T18:02:01.040+0530] {dagbag.py:540} INFO - Filling up the DagBag from /home/tejasvi/Desktop/airflow_ssh_simulation/venv/lib/python3.10/site-packages/airflow/example_dags/example_sensors.py
[2026-03-18T18:02:01.058+0530] {processor.py:840} INFO - DAG(s) 'example_sensors' retrieved from /home/tejasvi/Desktop/airflow_ssh_simulation/venv/lib/python3.10/site-packages/airflow/example_dags/example_sensors.py
[2026-03-18T18:02:01.175+0530] {logging_mixin.py:188} INFO - [2026-03-18T18:02:01.175+0530] {dag.py:3047} INFO - Sync 1 DAGs
[2026-03-18T18:02:01.189+0530] {logging_mixin.py:188} INFO - [2026-03-18T18:02:01.189+0530] {dag.py:3834} INFO - Setting next_dagrun for example_sensors to None, run_after=None
[2026-03-18T18:02:01.301+0530] {processor.py:183} INFO - Processing /home/tejasvi/Desktop/airflow_ssh_simulation/venv/lib/python3.10/site-packages/airflow/example_dags/example_sensors.py took 0.342 seconds
[2026-03-18T18:03:14.039+0530] {processor.py:161} INFO - Started process (PID=18088) to work on /home/tejasvi/Desktop/airflow_ssh_simulation/venv/lib/python3.10/site-packages/airflow/example_dags/example_sensors.py
[2026-03-18T18:03:14.121+0530] {processor.py:830} INFO - Processing file /home/tejasvi/Desktop/airflow_ssh_simulation/venv/lib/python3.10/site-packages/airflow/example_dags/example_sensors.py for tasks to queue
[2026-03-18T18:03:14.125+0530] {logging_mixin.py:188} INFO - [2026-03-18T18:03:14.125+0530] {dagbag.py:540} INFO - Filling up the DagBag from /home/tejasvi/Desktop/airflow_ssh_simulation/venv/lib/python3.10/site-packages/airflow/example_dags/example_sensors.py
[2026-03-18T18:03:14.140+0530] {processor.py:840} INFO - DAG(s) 'example_sensors' retrieved from /home/tejasvi/Desktop/airflow_ssh_simulation/venv/lib/python3.10/site-packages/airflow/example_dags/example_sensors.py
[2026-03-18T18:03:14.163+0530] {logging_mixin.py:188} INFO - [2026-03-18T18:03:14.162+0530] {dag.py:3047} INFO - Sync 1 DAGs
[2026-03-18T18:03:14.175+0530] {logging_mixin.py:188} INFO - [2026-03-18T18:03:14.175+0530] {dag.py:3834} INFO - Setting next_dagrun for example_sensors to None, run_after=None
[2026-03-18T18:03:14.268+0530] {processor.py:183} INFO - Processing /home/tejasvi/Desktop/airflow_ssh_simulation/venv/lib/python3.10/site-packages/airflow/example_dags/example_sensors.py took 0.237 seconds
[2026-03-18T18:04:20.607+0530] {processor.py:161} INFO - Started process (PID=18583) to work on /home/tejasvi/Desktop/airflow_ssh_simulation/venv/lib/python3.10/site-packages/airflow/example_dags/example_sensors.py
[2026-03-18T18:04:20.806+0530] {processor.py:830} INFO - Processing file /home/tejasvi/Desktop/airflow_ssh_simulation/venv/lib/python3.10/site-packages/airflow/example_dags/example_sensors.py for tasks to queue
[2026-03-18T18:04:20.811+0530] {logging_mixin.py:188} INFO - [2026-03-18T18:04:20.809+0530] {dagbag.py:540} INFO - Filling up the DagBag from /home/tejasvi/Desktop/airflow_ssh_simulation/venv/lib/python3.10/site-packages/airflow/example_dags/example_sensors.py
[2026-03-18T18:04:20.827+0530] {processor.py:840} INFO - DAG(s) 'example_sensors' retrieved from /home/tejasvi/Desktop/airflow_ssh_simulation/venv/lib/python3.10/site-packages/airflow/example_dags/example_sensors.py
[2026-03-18T18:04:20.857+0530] {logging_mixin.py:188} INFO - [2026-03-18T18:04:20.856+0530] {dag.py:3047} INFO - Sync 1 DAGs
[2026-03-18T18:04:20.871+0530] {logging_mixin.py:188} INFO - [2026-03-18T18:04:20.871+0530] {dag.py:3834} INFO - Setting next_dagrun for example_sensors to None, run_after=None
[2026-03-18T18:04:21.275+0530] {processor.py:183} INFO - Processing /home/tejasvi/Desktop/airflow_ssh_simulation/venv/lib/python3.10/site-packages/airflow/example_dags/example_sensors.py took 0.675 seconds
[2026-03-18T18:05:28.677+0530] {processor.py:161} INFO - Started process (PID=18767) to work on /home/tejasvi/Desktop/airflow_ssh_simulation/venv/lib/python3.10/site-packages/airflow/example_dags/example_sensors.py
[2026-03-18T18:05:28.694+0530] {processor.py:830} INFO - Processing file /home/tejasvi/Desktop/airflow_ssh_simulation/venv/lib/python3.10/site-packages/airflow/example_dags/example_sensors.py for tasks to queue
[2026-03-18T18:05:28.699+0530] {logging_mixin.py:188} INFO - [2026-03-18T18:05:28.698+0530] {dagbag.py:540} INFO - Filling up the DagBag from /home/tejasvi/Desktop/airflow_ssh_simulation/venv/lib/python3.10/site-packages/airflow/example_dags/example_sensors.py
[2026-03-18T18:05:28.715+0530] {processor.py:840} INFO - DAG(s) 'example_sensors' retrieved from /home/tejasvi/Desktop/airflow_ssh_simulation/venv/lib/python3.10/site-packages/airflow/example_dags/example_sensors.py
[2026-03-18T18:05:28.746+0530] {logging_mixin.py:188} INFO - [2026-03-18T18:05:28.745+0530] {dag.py:3047} INFO - Sync 1 DAGs
[2026-03-18T18:05:28.764+0530] {logging_mixin.py:188} INFO - [2026-03-18T18:05:28.764+0530] {dag.py:3834} INFO - Setting next_dagrun for example_sensors to None, run_after=None
[2026-03-18T18:05:28.850+0530] {processor.py:183} INFO - Processing /home/tejasvi/Desktop/airflow_ssh_simulation/venv/lib/python3.10/site-packages/airflow/example_dags/example_sensors.py took 0.182 seconds
[2026-03-18T18:06:29.807+0530] {processor.py:161} INFO - Started process (PID=18959) to work on /home/tejasvi/Desktop/airflow_ssh_simulation/venv/lib/python3.10/site-packages/airflow/example_dags/example_sensors.py
[2026-03-18T18:06:29.815+0530] {processor.py:830} INFO - Processing file /home/tejasvi/Desktop/airflow_ssh_simulation/venv/lib/python3.10/site-packages/airflow/example_dags/example_sensors.py for tasks to queue
[2026-03-18T18:06:29.818+0530] {logging_mixin.py:188} INFO - [2026-03-18T18:06:29.817+0530] {dagbag.py:540} INFO - Filling up the DagBag from /home/tejasvi/Desktop/airflow_ssh_simulation/venv/lib/python3.10/site-packages/airflow/example_dags/example_sensors.py
[2026-03-18T18:06:29.830+0530] {processor.py:840} INFO - DAG(s) 'example_sensors' retrieved from /home/tejasvi/Desktop/airflow_ssh_simulation/venv/lib/python3.10/site-packages/airflow/example_dags/example_sensors.py
[2026-03-18T18:06:29.855+0530] {logging_mixin.py:188} INFO - [2026-03-18T18:06:29.854+0530] {dag.py:3047} INFO - Sync 1 DAGs
[2026-03-18T18:06:29.872+0530] {logging_mixin.py:188} INFO - [2026-03-18T18:06:29.872+0530] {dag.py:3834} INFO - Setting next_dagrun for example_sensors to None, run_after=None
[2026-03-18T18:06:29.979+0530] {processor.py:183} INFO - Processing /home/tejasvi/Desktop/airflow_ssh_simulation/venv/lib/python3.10/site-packages/airflow/example_dags/example_sensors.py took 0.181 seconds
[2026-03-18T18:07:29.651+0530] {processor.py:161} INFO - Started process (PID=19114) to work on /home/tejasvi/Desktop/airflow_ssh_simulation/venv/lib/python3.10/site-packages/airflow/example_dags/example_sensors.py
[2026-03-18T18:07:29.726+0530] {processor.py:830} INFO - Processing file /home/tejasvi/Desktop/airflow_ssh_simulation/venv/lib/python3.10/site-packages/airflow/example_dags/example_sensors.py for tasks to queue
[2026-03-18T18:07:29.732+0530] {logging_mixin.py:188} INFO - [2026-03-18T18:07:29.731+0530] {dagbag.py:540} INFO - Filling up the DagBag from /home/tejasvi/Desktop/airflow_ssh_simulation/venv/lib/python3.10/site-packages/airflow/example_dags/example_sensors.py
[2026-03-18T18:07:29.758+0530] {processor.py:840} INFO - DAG(s) 'example_sensors' retrieved from /home/tejasvi/Desktop/airflow_ssh_simulation/venv/lib/python3.10/site-packages/airflow/example_dags/example_sensors.py
[2026-03-18T18:07:29.781+0530] {logging_mixin.py:188} INFO - [2026-03-18T18:07:29.781+0530] {dag.py:3047} INFO - Sync 1 DAGs
[2026-03-18T18:07:29.796+0530] {logging_mixin.py:188} INFO - [2026-03-18T18:07:29.795+0530] {dag.py:3834} INFO - Setting next_dagrun for example_sensors to None, run_after=None
[2026-03-18T18:07:29.845+0530] {processor.py:183} INFO - Processing /home/tejasvi/Desktop/airflow_ssh_simulation/venv/lib/python3.10/site-packages/airflow/example_dags/example_sensors.py took 0.197 seconds
[2026-03-18T18:08:34.514+0530] {processor.py:161} INFO - Started process (PID=19286) to work on /home/tejasvi/Desktop/airflow_ssh_simulation/venv/lib/python3.10/site-packages/airflow/example_dags/example_sensors.py
[2026-03-18T18:08:34.523+0530] {processor.py:830} INFO - Processing file /home/tejasvi/Desktop/airflow_ssh_simulation/venv/lib/python3.10/site-packages/airflow/example_dags/example_sensors.py for tasks to queue
[2026-03-18T18:08:34.526+0530] {logging_mixin.py:188} INFO - [2026-03-18T18:08:34.525+0530] {dagbag.py:540} INFO - Filling up the DagBag from /home/tejasvi/Desktop/airflow_ssh_simulation/venv/lib/python3.10/site-packages/airflow/example_dags/example_sensors.py
[2026-03-18T18:08:34.542+0530] {processor.py:840} INFO - DAG(s) 'example_sensors' retrieved from /home/tejasvi/Desktop/airflow_ssh_simulation/venv/lib/python3.10/site-packages/airflow/example_dags/example_sensors.py
[2026-03-18T18:08:34.564+0530] {logging_mixin.py:188} INFO - [2026-03-18T18:08:34.564+0530] {dag.py:3047} INFO - Sync 1 DAGs
[2026-03-18T18:08:34.577+0530] {logging_mixin.py:188} INFO - [2026-03-18T18:08:34.576+0530] {dag.py:3834} INFO - Setting next_dagrun for example_sensors to None, run_after=None
[2026-03-18T18:08:34.647+0530] {processor.py:183} INFO - Processing /home/tejasvi/Desktop/airflow_ssh_simulation/venv/lib/python3.10/site-packages/airflow/example_dags/example_sensors.py took 0.139 seconds
[2026-03-18T18:09:34.170+0530] {processor.py:161} INFO - Started process (PID=19444) to work on /home/tejasvi/Desktop/airflow_ssh_simulation/venv/lib/python3.10/site-packages/airflow/example_dags/example_sensors.py
[2026-03-18T18:09:34.205+0530] {processor.py:830} INFO - Processing file /home/tejasvi/Desktop/airflow_ssh_simulation/venv/lib/python3.10/site-packages/airflow/example_dags/example_sensors.py for tasks to queue
[2026-03-18T18:09:34.210+0530] {logging_mixin.py:188} INFO - [2026-03-18T18:09:34.209+0530] {dagbag.py:540} INFO - Filling up the DagBag from /home/tejasvi/Desktop/airflow_ssh_simulation/venv/lib/python3.10/site-packages/airflow/example_dags/example_sensors.py
[2026-03-18T18:09:34.230+0530] {processor.py:840} INFO - DAG(s) 'example_sensors' retrieved from /home/tejasvi/Desktop/airflow_ssh_simulation/venv/lib/python3.10/site-packages/airflow/example_dags/example_sensors.py
[2026-03-18T18:09:34.256+0530] {logging_mixin.py:188} INFO - [2026-03-18T18:09:34.256+0530] {dag.py:3047} INFO - Sync 1 DAGs
[2026-03-18T18:09:34.269+0530] {logging_mixin.py:188} INFO - [2026-03-18T18:09:34.269+0530] {dag.py:3834} INFO - Setting next_dagrun for example_sensors to None, run_after=None
[2026-03-18T18:09:34.340+0530] {processor.py:183} INFO - Processing /home/tejasvi/Desktop/airflow_ssh_simulation/venv/lib/python3.10/site-packages/airflow/example_dags/example_sensors.py took 0.178 seconds
[2026-03-18T18:10:32.582+0530] {processor.py:161} INFO - Started process (PID=19609) to work on /home/tejasvi/Desktop/airflow_ssh_simulation/venv/lib/python3.10/site-packages/airflow/example_dags/example_sensors.py
[2026-03-18T18:10:32.585+0530] {processor.py:830} INFO - Processing file /home/tejasvi/Desktop/airflow_ssh_simulation/venv/lib/python3.10/site-packages/airflow/example_dags/example_sensors.py for tasks to queue
[2026-03-18T18:10:32.588+0530] {logging_mixin.py:188} INFO - [2026-03-18T18:10:32.587+0530] {dagbag.py:540} INFO - Filling up the DagBag from /home/tejasvi/Desktop/airflow_ssh_simulation/venv/lib/python3.10/site-packages/airflow/example_dags/example_sensors.py
[2026-03-18T18:10:32.599+0530] {processor.py:840} INFO - DAG(s) 'example_sensors' retrieved from /home/tejasvi/Desktop/airflow_ssh_simulation/venv/lib/python3.10/site-packages/airflow/example_dags/example_sensors.py
[2026-03-18T18:10:32.620+0530] {logging_mixin.py:188} INFO - [2026-03-18T18:10:32.620+0530] {dag.py:3047} INFO - Sync 1 DAGs
[2026-03-18T18:10:32.633+0530] {logging_mixin.py:188} INFO - [2026-03-18T18:10:32.632+0530] {dag.py:3834} INFO - Setting next_dagrun for example_sensors to None, run_after=None
[2026-03-18T18:10:32.755+0530] {processor.py:183} INFO - Processing /home/tejasvi/Desktop/airflow_ssh_simulation/venv/lib/python3.10/site-packages/airflow/example_dags/example_sensors.py took 0.182 seconds
[2026-03-18T18:11:38.238+0530] {processor.py:161} INFO - Started process (PID=19815) to work on /home/tejasvi/Desktop/airflow_ssh_simulation/venv/lib/python3.10/site-packages/airflow/example_dags/example_sensors.py
[2026-03-18T18:11:38.294+0530] {processor.py:830} INFO - Processing file /home/tejasvi/Desktop/airflow_ssh_simulation/venv/lib/python3.10/site-packages/airflow/example_dags/example_sensors.py for tasks to queue
[2026-03-18T18:11:38.299+0530] {logging_mixin.py:188} INFO - [2026-03-18T18:11:38.298+0530] {dagbag.py:540} INFO - Filling up the DagBag from /home/tejasvi/Desktop/airflow_ssh_simulation/venv/lib/python3.10/site-packages/airflow/example_dags/example_sensors.py
[2026-03-18T18:11:38.317+0530] {processor.py:840} INFO - DAG(s) 'example_sensors' retrieved from /home/tejasvi/Desktop/airflow_ssh_simulation/venv/lib/python3.10/site-packages/airflow/example_dags/example_sensors.py
[2026-03-18T18:11:38.344+0530] {logging_mixin.py:188} INFO - [2026-03-18T18:11:38.344+0530] {dag.py:3047} INFO - Sync 1 DAGs
[2026-03-18T18:11:38.357+0530] {logging_mixin.py:188} INFO - [2026-03-18T18:11:38.357+0530] {dag.py:3834} INFO - Setting next_dagrun for example_sensors to None, run_after=None
[2026-03-18T18:11:38.428+0530] {processor.py:183} INFO - Processing /home/tejasvi/Desktop/airflow_ssh_simulation/venv/lib/python3.10/site-packages/airflow/example_dags/example_sensors.py took 0.194 seconds
[2026-03-18T18:12:49.226+0530] {processor.py:161} INFO - Started process (PID=19985) to work on /home/tejasvi/Desktop/airflow_ssh_simulation/venv/lib/python3.10/site-packages/airflow/example_dags/example_sensors.py
[2026-03-18T18:12:49.261+0530] {processor.py:830} INFO - Processing file /home/tejasvi/Desktop/airflow_ssh_simulation/venv/lib/python3.10/site-packages/airflow/example_dags/example_sensors.py for tasks to queue
[2026-03-18T18:12:49.266+0530] {logging_mixin.py:188} INFO - [2026-03-18T18:12:49.265+0530] {dagbag.py:540} INFO - Filling up the DagBag from /home/tejasvi/Desktop/airflow_ssh_simulation/venv/lib/python3.10/site-packages/airflow/example_dags/example_sensors.py
[2026-03-18T18:12:49.285+0530] {processor.py:840} INFO - DAG(s) 'example_sensors' retrieved from /home/tejasvi/Desktop/airflow_ssh_simulation/venv/lib/python3.10/site-packages/airflow/example_dags/example_sensors.py
[2026-03-18T18:12:49.310+0530] {logging_mixin.py:188} INFO - [2026-03-18T18:12:49.309+0530] {dag.py:3047} INFO - Sync 1 DAGs
[2026-03-18T18:12:49.323+0530] {logging_mixin.py:188} INFO - [2026-03-18T18:12:49.322+0530] {dag.py:3834} INFO - Setting next_dagrun for example_sensors to None, run_after=None
[2026-03-18T18:12:49.437+0530] {processor.py:183} INFO - Processing /home/tejasvi/Desktop/airflow_ssh_simulation/venv/lib/python3.10/site-packages/airflow/example_dags/example_sensors.py took 0.217 seconds
[2026-03-18T18:14:02.876+0530] {processor.py:161} INFO - Started process (PID=20154) to work on /home/tejasvi/Desktop/airflow_ssh_simulation/venv/lib/python3.10/site-packages/airflow/example_dags/example_sensors.py
[2026-03-18T18:14:02.946+0530] {processor.py:830} INFO - Processing file /home/tejasvi/Desktop/airflow_ssh_simulation/venv/lib/python3.10/site-packages/airflow/example_dags/example_sensors.py for tasks to queue
[2026-03-18T18:14:02.950+0530] {logging_mixin.py:188} INFO - [2026-03-18T18:14:02.949+0530] {dagbag.py:540} INFO - Filling up the DagBag from /home/tejasvi/Desktop/airflow_ssh_simulation/venv/lib/python3.10/site-packages/airflow/example_dags/example_sensors.py
[2026-03-18T18:14:02.962+0530] {processor.py:840} INFO - DAG(s) 'example_sensors' retrieved from /home/tejasvi/Desktop/airflow_ssh_simulation/venv/lib/python3.10/site-packages/airflow/example_dags/example_sensors.py
[2026-03-18T18:14:02.985+0530] {logging_mixin.py:188} INFO - [2026-03-18T18:14:02.985+0530] {dag.py:3047} INFO - Sync 1 DAGs
[2026-03-18T18:14:02.998+0530] {logging_mixin.py:188} INFO - [2026-03-18T18:14:02.998+0530] {dag.py:3834} INFO - Setting next_dagrun for example_sensors to None, run_after=None
[2026-03-18T18:14:03.122+0530] {processor.py:183} INFO - Processing /home/tejasvi/Desktop/airflow_ssh_simulation/venv/lib/python3.10/site-packages/airflow/example_dags/example_sensors.py took 0.251 seconds
[2026-03-18T18:15:25.912+0530] {processor.py:161} INFO - Started process (PID=20350) to work on /home/tejasvi/Desktop/airflow_ssh_simulation/venv/lib/python3.10/site-packages/airflow/example_dags/example_sensors.py
[2026-03-18T18:15:25.923+0530] {processor.py:830} INFO - Processing file /home/tejasvi/Desktop/airflow_ssh_simulation/venv/lib/python3.10/site-packages/airflow/example_dags/example_sensors.py for tasks to queue
[2026-03-18T18:15:25.928+0530] {logging_mixin.py:188} INFO - [2026-03-18T18:15:25.927+0530] {dagbag.py:540} INFO - Filling up the DagBag from /home/tejasvi/Desktop/airflow_ssh_simulation/venv/lib/python3.10/site-packages/airflow/example_dags/example_sensors.py
[2026-03-18T18:15:25.945+0530] {processor.py:840} INFO - DAG(s) 'example_sensors' retrieved from /home/tejasvi/Desktop/airflow_ssh_simulation/venv/lib/python3.10/site-packages/airflow/example_dags/example_sensors.py
[2026-03-18T18:15:25.968+0530] {logging_mixin.py:188} INFO - [2026-03-18T18:15:25.968+0530] {dag.py:3047} INFO - Sync 1 DAGs
[2026-03-18T18:15:25.981+0530] {logging_mixin.py:188} INFO - [2026-03-18T18:15:25.981+0530] {dag.py:3834} INFO - Setting next_dagrun for example_sensors to None, run_after=None
[2026-03-18T18:15:26.098+0530] {processor.py:183} INFO - Processing /home/tejasvi/Desktop/airflow_ssh_simulation/venv/lib/python3.10/site-packages/airflow/example_dags/example_sensors.py took 0.196 seconds
[2026-03-18T18:16:27.548+0530] {processor.py:161} INFO - Started process (PID=20539) to work on /home/tejasvi/Desktop/airflow_ssh_simulation/venv/lib/python3.10/site-packages/airflow/example_dags/example_sensors.py
[2026-03-18T18:16:27.551+0530] {processor.py:830} INFO - Processing file /home/tejasvi/Desktop/airflow_ssh_simulation/venv/lib/python3.10/site-packages/airflow/example_dags/example_sensors.py for tasks to queue
[2026-03-18T18:16:27.554+0530] {logging_mixin.py:188} INFO - [2026-03-18T18:16:27.553+0530] {dagbag.py:540} INFO - Filling up the DagBag from /home/tejasvi/Desktop/airflow_ssh_simulation/venv/lib/python3.10/site-packages/airflow/example_dags/example_sensors.py
[2026-03-18T18:16:27.565+0530] {processor.py:840} INFO - DAG(s) 'example_sensors' retrieved from /home/tejasvi/Desktop/airflow_ssh_simulation/venv/lib/python3.10/site-packages/airflow/example_dags/example_sensors.py
[2026-03-18T18:16:27.587+0530] {logging_mixin.py:188} INFO - [2026-03-18T18:16:27.587+0530] {dag.py:3047} INFO - Sync 1 DAGs
[2026-03-18T18:16:27.600+0530] {logging_mixin.py:188} INFO - [2026-03-18T18:16:27.600+0530] {dag.py:3834} INFO - Setting next_dagrun for example_sensors to None, run_after=None
[2026-03-18T18:16:27.878+0530] {processor.py:183} INFO - Processing /home/tejasvi/Desktop/airflow_ssh_simulation/venv/lib/python3.10/site-packages/airflow/example_dags/example_sensors.py took 0.340 seconds
[2026-03-18T18:17:43.715+0530] {processor.py:161} INFO - Started process (PID=21434) to work on /home/tejasvi/Desktop/airflow_ssh_simulation/venv/lib/python3.10/site-packages/airflow/example_dags/example_sensors.py
[2026-03-18T18:17:43.720+0530] {processor.py:830} INFO - Processing file /home/tejasvi/Desktop/airflow_ssh_simulation/venv/lib/python3.10/site-packages/airflow/example_dags/example_sensors.py for tasks to queue
[2026-03-18T18:17:43.724+0530] {logging_mixin.py:188} INFO - [2026-03-18T18:17:43.723+0530] {dagbag.py:540} INFO - Filling up the DagBag from /home/tejasvi/Desktop/airflow_ssh_simulation/venv/lib/python3.10/site-packages/airflow/example_dags/example_sensors.py
[2026-03-18T18:17:43.757+0530] {processor.py:840} INFO - DAG(s) 'example_sensors' retrieved from /home/tejasvi/Desktop/airflow_ssh_simulation/venv/lib/python3.10/site-packages/airflow/example_dags/example_sensors.py
[2026-03-18T18:17:43.811+0530] {logging_mixin.py:188} INFO - [2026-03-18T18:17:43.811+0530] {dag.py:3047} INFO - Sync 1 DAGs
[2026-03-18T18:17:43.841+0530] {logging_mixin.py:188} INFO - [2026-03-18T18:17:43.840+0530] {dag.py:3834} INFO - Setting next_dagrun for example_sensors to None, run_after=None
[2026-03-18T18:17:43.953+0530] {processor.py:183} INFO - Processing /home/tejasvi/Desktop/airflow_ssh_simulation/venv/lib/python3.10/site-packages/airflow/example_dags/example_sensors.py took 0.245 seconds
[2026-03-18T18:18:50.737+0530] {processor.py:161} INFO - Started process (PID=22078) to work on /home/tejasvi/Desktop/airflow_ssh_simulation/venv/lib/python3.10/site-packages/airflow/example_dags/example_sensors.py
[2026-03-18T18:18:50.844+0530] {processor.py:830} INFO - Processing file /home/tejasvi/Desktop/airflow_ssh_simulation/venv/lib/python3.10/site-packages/airflow/example_dags/example_sensors.py for tasks to queue
[2026-03-18T18:18:50.848+0530] {logging_mixin.py:188} INFO - [2026-03-18T18:18:50.847+0530] {dagbag.py:540} INFO - Filling up the DagBag from /home/tejasvi/Desktop/airflow_ssh_simulation/venv/lib/python3.10/site-packages/airflow/example_dags/example_sensors.py
[2026-03-18T18:18:50.863+0530] {processor.py:840} INFO - DAG(s) 'example_sensors' retrieved from /home/tejasvi/Desktop/airflow_ssh_simulation/venv/lib/python3.10/site-packages/airflow/example_dags/example_sensors.py
[2026-03-18T18:18:50.887+0530] {logging_mixin.py:188} INFO - [2026-03-18T18:18:50.886+0530] {dag.py:3047} INFO - Sync 1 DAGs
[2026-03-18T18:18:50.899+0530] {logging_mixin.py:188} INFO - [2026-03-18T18:18:50.899+0530] {dag.py:3834} INFO - Setting next_dagrun for example_sensors to None, run_after=None
[2026-03-18T18:18:50.999+0530] {processor.py:183} INFO - Processing /home/tejasvi/Desktop/airflow_ssh_simulation/venv/lib/python3.10/site-packages/airflow/example_dags/example_sensors.py took 0.272 seconds
[2026-03-18T18:20:09.812+0530] {processor.py:161} INFO - Started process (PID=22292) to work on /home/tejasvi/Desktop/airflow_ssh_simulation/venv/lib/python3.10/site-packages/airflow/example_dags/example_sensors.py
[2026-03-18T18:20:09.858+0530] {processor.py:830} INFO - Processing file /home/tejasvi/Desktop/airflow_ssh_simulation/venv/lib/python3.10/site-packages/airflow/example_dags/example_sensors.py for tasks to queue
[2026-03-18T18:20:09.863+0530] {logging_mixin.py:188} INFO - [2026-03-18T18:20:09.861+0530] {dagbag.py:540} INFO - Filling up the DagBag from /home/tejasvi/Desktop/airflow_ssh_simulation/venv/lib/python3.10/site-packages/airflow/example_dags/example_sensors.py
[2026-03-18T18:20:09.880+0530] {processor.py:840} INFO - DAG(s) 'example_sensors' retrieved from /home/tejasvi/Desktop/airflow_ssh_simulation/venv/lib/python3.10/site-packages/airflow/example_dags/example_sensors.py
[2026-03-18T18:20:09.909+0530] {logging_mixin.py:188} INFO - [2026-03-18T18:20:09.909+0530] {dag.py:3047} INFO - Sync 1 DAGs
[2026-03-18T18:20:09.924+0530] {logging_mixin.py:188} INFO - [2026-03-18T18:20:09.923+0530] {dag.py:3834} INFO - Setting next_dagrun for example_sensors to None, run_after=None
[2026-03-18T18:20:09.999+0530] {processor.py:183} INFO - Processing /home/tejasvi/Desktop/airflow_ssh_simulation/venv/lib/python3.10/site-packages/airflow/example_dags/example_sensors.py took 0.197 seconds
[2026-03-18T18:21:14.042+0530] {processor.py:161} INFO - Started process (PID=22504) to work on /home/tejasvi/Desktop/airflow_ssh_simulation/venv/lib/python3.10/site-packages/airflow/example_dags/example_sensors.py
[2026-03-18T18:21:14.102+0530] {processor.py:830} INFO - Processing file /home/tejasvi/Desktop/airflow_ssh_simulation/venv/lib/python3.10/site-packages/airflow/example_dags/example_sensors.py for tasks to queue
[2026-03-18T18:21:14.106+0530] {logging_mixin.py:188} INFO - [2026-03-18T18:21:14.105+0530] {dagbag.py:540} INFO - Filling up the DagBag from /home/tejasvi/Desktop/airflow_ssh_simulation/venv/lib/python3.10/site-packages/airflow/example_dags/example_sensors.py
[2026-03-18T18:21:14.123+0530] {processor.py:840} INFO - DAG(s) 'example_sensors' retrieved from /home/tejasvi/Desktop/airflow_ssh_simulation/venv/lib/python3.10/site-packages/airflow/example_dags/example_sensors.py
[2026-03-18T18:21:14.152+0530] {logging_mixin.py:188} INFO - [2026-03-18T18:21:14.151+0530] {dag.py:3047} INFO - Sync 1 DAGs
[2026-03-18T18:21:14.164+0530] {logging_mixin.py:188} INFO - [2026-03-18T18:21:14.164+0530] {dag.py:3834} INFO - Setting next_dagrun for example_sensors to None, run_after=None
[2026-03-18T18:21:14.240+0530] {processor.py:183} INFO - Processing /home/tejasvi/Desktop/airflow_ssh_simulation/venv/lib/python3.10/site-packages/airflow/example_dags/example_sensors.py took 0.203 seconds
[2026-03-18T18:22:17.899+0530] {processor.py:161} INFO - Started process (PID=22669) to work on /home/tejasvi/Desktop/airflow_ssh_simulation/venv/lib/python3.10/site-packages/airflow/example_dags/example_sensors.py
[2026-03-18T18:22:17.985+0530] {processor.py:830} INFO - Processing file /home/tejasvi/Desktop/airflow_ssh_simulation/venv/lib/python3.10/site-packages/airflow/example_dags/example_sensors.py for tasks to queue
[2026-03-18T18:22:17.991+0530] {logging_mixin.py:188} INFO - [2026-03-18T18:22:17.990+0530] {dagbag.py:540} INFO - Filling up the DagBag from /home/tejasvi/Desktop/airflow_ssh_simulation/venv/lib/python3.10/site-packages/airflow/example_dags/example_sensors.py
[2026-03-18T18:22:18.019+0530] {processor.py:840} INFO - DAG(s) 'example_sensors' retrieved from /home/tejasvi/Desktop/airflow_ssh_simulation/venv/lib/python3.10/site-packages/airflow/example_dags/example_sensors.py
[2026-03-18T18:22:18.046+0530] {logging_mixin.py:188} INFO - [2026-03-18T18:22:18.046+0530] {dag.py:3047} INFO - Sync 1 DAGs
[2026-03-18T18:22:18.058+0530] {logging_mixin.py:188} INFO - [2026-03-18T18:22:18.058+0530] {dag.py:3834} INFO - Setting next_dagrun for example_sensors to None, run_after=None
[2026-03-18T18:22:18.436+0530] {processor.py:183} INFO - Processing /home/tejasvi/Desktop/airflow_ssh_simulation/venv/lib/python3.10/site-packages/airflow/example_dags/example_sensors.py took 0.546 seconds
[2026-03-18T18:23:32.272+0530] {processor.py:161} INFO - Started process (PID=22850) to work on /home/tejasvi/Desktop/airflow_ssh_simulation/venv/lib/python3.10/site-packages/airflow/example_dags/example_sensors.py
[2026-03-18T18:23:32.331+0530] {processor.py:830} INFO - Processing file /home/tejasvi/Desktop/airflow_ssh_simulation/venv/lib/python3.10/site-packages/airflow/example_dags/example_sensors.py for tasks to queue
[2026-03-18T18:23:32.337+0530] {logging_mixin.py:188} INFO - [2026-03-18T18:23:32.336+0530] {dagbag.py:540} INFO - Filling up the DagBag from /home/tejasvi/Desktop/airflow_ssh_simulation/venv/lib/python3.10/site-packages/airflow/example_dags/example_sensors.py
[2026-03-18T18:23:32.361+0530] {processor.py:840} INFO - DAG(s) 'example_sensors' retrieved from /home/tejasvi/Desktop/airflow_ssh_simulation/venv/lib/python3.10/site-packages/airflow/example_dags/example_sensors.py
[2026-03-18T18:23:32.391+0530] {logging_mixin.py:188} INFO - [2026-03-18T18:23:32.390+0530] {dag.py:3047} INFO - Sync 1 DAGs
[2026-03-18T18:23:32.405+0530] {logging_mixin.py:188} INFO - [2026-03-18T18:23:32.404+0530] {dag.py:3834} INFO - Setting next_dagrun for example_sensors to None, run_after=None
[2026-03-18T18:23:32.462+0530] {processor.py:183} INFO - Processing /home/tejasvi/Desktop/airflow_ssh_simulation/venv/lib/python3.10/site-packages/airflow/example_dags/example_sensors.py took 0.198 seconds
[2026-03-18T18:24:36.190+0530] {processor.py:161} INFO - Started process (PID=23013) to work on /home/tejasvi/Desktop/airflow_ssh_simulation/venv/lib/python3.10/site-packages/airflow/example_dags/example_sensors.py
[2026-03-18T18:24:36.265+0530] {processor.py:830} INFO - Processing file /home/tejasvi/Desktop/airflow_ssh_simulation/venv/lib/python3.10/site-packages/airflow/example_dags/example_sensors.py for tasks to queue
[2026-03-18T18:24:36.269+0530] {logging_mixin.py:188} INFO - [2026-03-18T18:24:36.268+0530] {dagbag.py:540} INFO - Filling up the DagBag from /home/tejasvi/Desktop/airflow_ssh_simulation/venv/lib/python3.10/site-packages/airflow/example_dags/example_sensors.py
[2026-03-18T18:24:36.287+0530] {processor.py:840} INFO - DAG(s) 'example_sensors' retrieved from /home/tejasvi/Desktop/airflow_ssh_simulation/venv/lib/python3.10/site-packages/airflow/example_dags/example_sensors.py
[2026-03-18T18:24:36.318+0530] {logging_mixin.py:188} INFO - [2026-03-18T18:24:36.317+0530] {dag.py:3047} INFO - Sync 1 DAGs
[2026-03-18T18:24:36.332+0530] {logging_mixin.py:188} INFO - [2026-03-18T18:24:36.332+0530] {dag.py:3834} INFO - Setting next_dagrun for example_sensors to None, run_after=None
[2026-03-18T18:24:36.405+0530] {processor.py:183} INFO - Processing /home/tejasvi/Desktop/airflow_ssh_simulation/venv/lib/python3.10/site-packages/airflow/example_dags/example_sensors.py took 0.220 seconds
[2026-03-18T18:25:35.417+0530] {processor.py:161} INFO - Started process (PID=23168) to work on /home/tejasvi/Desktop/airflow_ssh_simulation/venv/lib/python3.10/site-packages/airflow/example_dags/example_sensors.py
[2026-03-18T18:25:35.614+0530] {processor.py:830} INFO - Processing file /home/tejasvi/Desktop/airflow_ssh_simulation/venv/lib/python3.10/site-packages/airflow/example_dags/example_sensors.py for tasks to queue
[2026-03-18T18:25:35.618+0530] {logging_mixin.py:188} INFO - [2026-03-18T18:25:35.618+0530] {dagbag.py:540} INFO - Filling up the DagBag from /home/tejasvi/Desktop/airflow_ssh_simulation/venv/lib/python3.10/site-packages/airflow/example_dags/example_sensors.py
[2026-03-18T18:25:35.631+0530] {processor.py:840} INFO - DAG(s) 'example_sensors' retrieved from /home/tejasvi/Desktop/airflow_ssh_simulation/venv/lib/python3.10/site-packages/airflow/example_dags/example_sensors.py
[2026-03-18T18:25:35.656+0530] {logging_mixin.py:188} INFO - [2026-03-18T18:25:35.655+0530] {dag.py:3047} INFO - Sync 1 DAGs
[2026-03-18T18:25:35.669+0530] {logging_mixin.py:188} INFO - [2026-03-18T18:25:35.669+0530] {dag.py:3834} INFO - Setting next_dagrun for example_sensors to None, run_after=None
[2026-03-18T18:25:35.746+0530] {processor.py:183} INFO - Processing /home/tejasvi/Desktop/airflow_ssh_simulation/venv/lib/python3.10/site-packages/airflow/example_dags/example_sensors.py took 0.334 seconds
[2026-03-18T18:26:31.550+0530] {processor.py:161} INFO - Started process (PID=23357) to work on /home/tejasvi/Desktop/airflow_ssh_simulation/venv/lib/python3.10/site-packages/airflow/example_dags/example_sensors.py
[2026-03-18T18:26:31.558+0530] {processor.py:830} INFO - Processing file /home/tejasvi/Desktop/airflow_ssh_simulation/venv/lib/python3.10/site-packages/airflow/example_dags/example_sensors.py for tasks to queue
[2026-03-18T18:26:31.563+0530] {logging_mixin.py:188} INFO - [2026-03-18T18:26:31.562+0530] {dagbag.py:540} INFO - Filling up the DagBag from /home/tejasvi/Desktop/airflow_ssh_simulation/venv/lib/python3.10/site-packages/airflow/example_dags/example_sensors.py
[2026-03-18T18:26:31.576+0530] {processor.py:840} INFO - DAG(s) 'example_sensors' retrieved from /home/tejasvi/Desktop/airflow_ssh_simulation/venv/lib/python3.10/site-packages/airflow/example_dags/example_sensors.py
[2026-03-18T18:26:31.601+0530] {logging_mixin.py:188} INFO - [2026-03-18T18:26:31.601+0530] {dag.py:3047} INFO - Sync 1 DAGs
[2026-03-18T18:26:31.615+0530] {logging_mixin.py:188} INFO - [2026-03-18T18:26:31.615+0530] {dag.py:3834} INFO - Setting next_dagrun for example_sensors to None, run_after=None
[2026-03-18T18:26:31.675+0530] {processor.py:183} INFO - Processing /home/tejasvi/Desktop/airflow_ssh_simulation/venv/lib/python3.10/site-packages/airflow/example_dags/example_sensors.py took 0.130 seconds
[2026-03-18T18:27:30.626+0530] {processor.py:161} INFO - Started process (PID=23528) to work on /home/tejasvi/Desktop/airflow_ssh_simulation/venv/lib/python3.10/site-packages/airflow/example_dags/example_sensors.py
[2026-03-18T18:27:30.703+0530] {processor.py:830} INFO - Processing file /home/tejasvi/Desktop/airflow_ssh_simulation/venv/lib/python3.10/site-packages/airflow/example_dags/example_sensors.py for tasks to queue
[2026-03-18T18:27:30.708+0530] {logging_mixin.py:188} INFO - [2026-03-18T18:27:30.707+0530] {dagbag.py:540} INFO - Filling up the DagBag from /home/tejasvi/Desktop/airflow_ssh_simulation/venv/lib/python3.10/site-packages/airflow/example_dags/example_sensors.py
[2026-03-18T18:27:30.732+0530] {processor.py:840} INFO - DAG(s) 'example_sensors' retrieved from /home/tejasvi/Desktop/airflow_ssh_simulation/venv/lib/python3.10/site-packages/airflow/example_dags/example_sensors.py
[2026-03-18T18:27:30.759+0530] {logging_mixin.py:188} INFO - [2026-03-18T18:27:30.758+0530] {dag.py:3047} INFO - Sync 1 DAGs
[2026-03-18T18:27:30.771+0530] {logging_mixin.py:188} INFO - [2026-03-18T18:27:30.771+0530] {dag.py:3834} INFO - Setting next_dagrun for example_sensors to None, run_after=None
[2026-03-18T18:27:30.865+0530] {processor.py:183} INFO - Processing /home/tejasvi/Desktop/airflow_ssh_simulation/venv/lib/python3.10/site-packages/airflow/example_dags/example_sensors.py took 0.247 seconds
[2026-03-18T18:28:46.282+0530] {processor.py:161} INFO - Started process (PID=23713) to work on /home/tejasvi/Desktop/airflow_ssh_simulation/venv/lib/python3.10/site-packages/airflow/example_dags/example_sensors.py
[2026-03-18T18:28:46.362+0530] {processor.py:830} INFO - Processing file /home/tejasvi/Desktop/airflow_ssh_simulation/venv/lib/python3.10/site-packages/airflow/example_dags/example_sensors.py for tasks to queue
[2026-03-18T18:28:46.365+0530] {logging_mixin.py:188} INFO - [2026-03-18T18:28:46.365+0530] {dagbag.py:540} INFO - Filling up the DagBag from /home/tejasvi/Desktop/airflow_ssh_simulation/venv/lib/python3.10/site-packages/airflow/example_dags/example_sensors.py
[2026-03-18T18:28:46.379+0530] {processor.py:840} INFO - DAG(s) 'example_sensors' retrieved from /home/tejasvi/Desktop/airflow_ssh_simulation/venv/lib/python3.10/site-packages/airflow/example_dags/example_sensors.py
[2026-03-18T18:28:46.403+0530] {logging_mixin.py:188} INFO - [2026-03-18T18:28:46.402+0530] {dag.py:3047} INFO - Sync 1 DAGs
[2026-03-18T18:28:46.417+0530] {logging_mixin.py:188} INFO - [2026-03-18T18:28:46.417+0530] {dag.py:3834} INFO - Setting next_dagrun for example_sensors to None, run_after=None
[2026-03-18T18:28:46.533+0530] {processor.py:183} INFO - Processing /home/tejasvi/Desktop/airflow_ssh_simulation/venv/lib/python3.10/site-packages/airflow/example_dags/example_sensors.py took 0.257 seconds
[2026-03-18T18:30:04.825+0530] {processor.py:161} INFO - Started process (PID=23916) to work on /home/tejasvi/Desktop/airflow_ssh_simulation/venv/lib/python3.10/site-packages/airflow/example_dags/example_sensors.py
[2026-03-18T18:30:04.865+0530] {processor.py:830} INFO - Processing file /home/tejasvi/Desktop/airflow_ssh_simulation/venv/lib/python3.10/site-packages/airflow/example_dags/example_sensors.py for tasks to queue
[2026-03-18T18:30:04.869+0530] {logging_mixin.py:188} INFO - [2026-03-18T18:30:04.868+0530] {dagbag.py:540} INFO - Filling up the DagBag from /home/tejasvi/Desktop/airflow_ssh_simulation/venv/lib/python3.10/site-packages/airflow/example_dags/example_sensors.py
[2026-03-18T18:30:04.881+0530] {processor.py:840} INFO - DAG(s) 'example_sensors' retrieved from /home/tejasvi/Desktop/airflow_ssh_simulation/venv/lib/python3.10/site-packages/airflow/example_dags/example_sensors.py
[2026-03-18T18:30:04.901+0530] {logging_mixin.py:188} INFO - [2026-03-18T18:30:04.901+0530] {dag.py:3047} INFO - Sync 1 DAGs
[2026-03-18T18:30:04.912+0530] {logging_mixin.py:188} INFO - [2026-03-18T18:30:04.912+0530] {dag.py:3834} INFO - Setting next_dagrun for example_sensors to None, run_after=None
[2026-03-18T18:30:05.034+0530] {processor.py:183} INFO - Processing /home/tejasvi/Desktop/airflow_ssh_simulation/venv/lib/python3.10/site-packages/airflow/example_dags/example_sensors.py took 0.217 seconds
[2026-03-18T18:31:21.666+0530] {processor.py:161} INFO - Started process (PID=24176) to work on /home/tejasvi/Desktop/airflow_ssh_simulation/venv/lib/python3.10/site-packages/airflow/example_dags/example_sensors.py
[2026-03-18T18:31:21.695+0530] {processor.py:830} INFO - Processing file /home/tejasvi/Desktop/airflow_ssh_simulation/venv/lib/python3.10/site-packages/airflow/example_dags/example_sensors.py for tasks to queue
[2026-03-18T18:31:21.698+0530] {logging_mixin.py:188} INFO - [2026-03-18T18:31:21.697+0530] {dagbag.py:540} INFO - Filling up the DagBag from /home/tejasvi/Desktop/airflow_ssh_simulation/venv/lib/python3.10/site-packages/airflow/example_dags/example_sensors.py
[2026-03-18T18:31:21.710+0530] {processor.py:840} INFO - DAG(s) 'example_sensors' retrieved from /home/tejasvi/Desktop/airflow_ssh_simulation/venv/lib/python3.10/site-packages/airflow/example_dags/example_sensors.py
[2026-03-18T18:31:21.730+0530] {logging_mixin.py:188} INFO - [2026-03-18T18:31:21.729+0530] {dag.py:3047} INFO - Sync 1 DAGs
[2026-03-18T18:31:21.741+0530] {logging_mixin.py:188} INFO - [2026-03-18T18:31:21.741+0530] {dag.py:3834} INFO - Setting next_dagrun for example_sensors to None, run_after=None
[2026-03-18T18:31:21.831+0530] {processor.py:183} INFO - Processing /home/tejasvi/Desktop/airflow_ssh_simulation/venv/lib/python3.10/site-packages/airflow/example_dags/example_sensors.py took 0.173 seconds
[2026-03-18T18:32:27.765+0530] {processor.py:161} INFO - Started process (PID=24505) to work on /home/tejasvi/Desktop/airflow_ssh_simulation/venv/lib/python3.10/site-packages/airflow/example_dags/example_sensors.py
[2026-03-18T18:32:27.806+0530] {processor.py:830} INFO - Processing file /home/tejasvi/Desktop/airflow_ssh_simulation/venv/lib/python3.10/site-packages/airflow/example_dags/example_sensors.py for tasks to queue
[2026-03-18T18:32:27.809+0530] {logging_mixin.py:188} INFO - [2026-03-18T18:32:27.808+0530] {dagbag.py:540} INFO - Filling up the DagBag from /home/tejasvi/Desktop/airflow_ssh_simulation/venv/lib/python3.10/site-packages/airflow/example_dags/example_sensors.py
[2026-03-18T18:32:27.821+0530] {processor.py:840} INFO - DAG(s) 'example_sensors' retrieved from /home/tejasvi/Desktop/airflow_ssh_simulation/venv/lib/python3.10/site-packages/airflow/example_dags/example_sensors.py
[2026-03-18T18:32:27.841+0530] {logging_mixin.py:188} INFO - [2026-03-18T18:32:27.841+0530] {dag.py:3047} INFO - Sync 1 DAGs
[2026-03-18T18:32:27.853+0530] {logging_mixin.py:188} INFO - [2026-03-18T18:32:27.853+0530] {dag.py:3834} INFO - Setting next_dagrun for example_sensors to None, run_after=None
[2026-03-18T18:32:27.948+0530] {processor.py:183} INFO - Processing /home/tejasvi/Desktop/airflow_ssh_simulation/venv/lib/python3.10/site-packages/airflow/example_dags/example_sensors.py took 0.191 seconds
[2026-03-18T18:33:27.227+0530] {processor.py:161} INFO - Started process (PID=24657) to work on /home/tejasvi/Desktop/airflow_ssh_simulation/venv/lib/python3.10/site-packages/airflow/example_dags/example_sensors.py
[2026-03-18T18:33:27.255+0530] {processor.py:830} INFO - Processing file /home/tejasvi/Desktop/airflow_ssh_simulation/venv/lib/python3.10/site-packages/airflow/example_dags/example_sensors.py for tasks to queue
[2026-03-18T18:33:27.259+0530] {logging_mixin.py:188} INFO - [2026-03-18T18:33:27.258+0530] {dagbag.py:540} INFO - Filling up the DagBag from /home/tejasvi/Desktop/airflow_ssh_simulation/venv/lib/python3.10/site-packages/airflow/example_dags/example_sensors.py
[2026-03-18T18:33:27.271+0530] {processor.py:840} INFO - DAG(s) 'example_sensors' retrieved from /home/tejasvi/Desktop/airflow_ssh_simulation/venv/lib/python3.10/site-packages/airflow/example_dags/example_sensors.py
[2026-03-18T18:33:27.291+0530] {logging_mixin.py:188} INFO - [2026-03-18T18:33:27.290+0530] {dag.py:3047} INFO - Sync 1 DAGs
[2026-03-18T18:33:27.302+0530] {logging_mixin.py:188} INFO - [2026-03-18T18:33:27.302+0530] {dag.py:3834} INFO - Setting next_dagrun for example_sensors to None, run_after=None
[2026-03-18T18:33:27.391+0530] {processor.py:183} INFO - Processing /home/tejasvi/Desktop/airflow_ssh_simulation/venv/lib/python3.10/site-packages/airflow/example_dags/example_sensors.py took 0.172 seconds
[2026-03-18T18:34:32.157+0530] {processor.py:161} INFO - Started process (PID=24844) to work on /home/tejasvi/Desktop/airflow_ssh_simulation/venv/lib/python3.10/site-packages/airflow/example_dags/example_sensors.py
[2026-03-18T18:34:32.215+0530] {processor.py:830} INFO - Processing file /home/tejasvi/Desktop/airflow_ssh_simulation/venv/lib/python3.10/site-packages/airflow/example_dags/example_sensors.py for tasks to queue
[2026-03-18T18:34:32.219+0530] {logging_mixin.py:188} INFO - [2026-03-18T18:34:32.218+0530] {dagbag.py:540} INFO - Filling up the DagBag from /home/tejasvi/Desktop/airflow_ssh_simulation/venv/lib/python3.10/site-packages/airflow/example_dags/example_sensors.py
[2026-03-18T18:34:32.231+0530] {processor.py:840} INFO - DAG(s) 'example_sensors' retrieved from /home/tejasvi/Desktop/airflow_ssh_simulation/venv/lib/python3.10/site-packages/airflow/example_dags/example_sensors.py
[2026-03-18T18:34:32.251+0530] {logging_mixin.py:188} INFO - [2026-03-18T18:34:32.251+0530] {dag.py:3047} INFO - Sync 1 DAGs
[2026-03-18T18:34:32.262+0530] {logging_mixin.py:188} INFO - [2026-03-18T18:34:32.262+0530] {dag.py:3834} INFO - Setting next_dagrun for example_sensors to None, run_after=None
[2026-03-18T18:34:32.389+0530] {processor.py:183} INFO - Processing /home/tejasvi/Desktop/airflow_ssh_simulation/venv/lib/python3.10/site-packages/airflow/example_dags/example_sensors.py took 0.239 seconds
[2026-03-18T18:35:32.764+0530] {processor.py:161} INFO - Started process (PID=25013) to work on /home/tejasvi/Desktop/airflow_ssh_simulation/venv/lib/python3.10/site-packages/airflow/example_dags/example_sensors.py
[2026-03-18T18:35:32.836+0530] {processor.py:830} INFO - Processing file /home/tejasvi/Desktop/airflow_ssh_simulation/venv/lib/python3.10/site-packages/airflow/example_dags/example_sensors.py for tasks to queue
[2026-03-18T18:35:32.840+0530] {logging_mixin.py:188} INFO - [2026-03-18T18:35:32.839+0530] {dagbag.py:540} INFO - Filling up the DagBag from /home/tejasvi/Desktop/airflow_ssh_simulation/venv/lib/python3.10/site-packages/airflow/example_dags/example_sensors.py
[2026-03-18T18:35:32.852+0530] {processor.py:840} INFO - DAG(s) 'example_sensors' retrieved from /home/tejasvi/Desktop/airflow_ssh_simulation/venv/lib/python3.10/site-packages/airflow/example_dags/example_sensors.py
[2026-03-18T18:35:32.872+0530] {logging_mixin.py:188} INFO - [2026-03-18T18:35:32.871+0530] {dag.py:3047} INFO - Sync 1 DAGs
[2026-03-18T18:35:32.884+0530] {logging_mixin.py:188} INFO - [2026-03-18T18:35:32.884+0530] {dag.py:3834} INFO - Setting next_dagrun for example_sensors to None, run_after=None
[2026-03-18T18:35:32.947+0530] {processor.py:183} INFO - Processing /home/tejasvi/Desktop/airflow_ssh_simulation/venv/lib/python3.10/site-packages/airflow/example_dags/example_sensors.py took 0.190 seconds
[2026-03-18T18:36:37.998+0530] {processor.py:161} INFO - Started process (PID=25204) to work on /home/tejasvi/Desktop/airflow_ssh_simulation/venv/lib/python3.10/site-packages/airflow/example_dags/example_sensors.py
[2026-03-18T18:36:38.089+0530] {processor.py:830} INFO - Processing file /home/tejasvi/Desktop/airflow_ssh_simulation/venv/lib/python3.10/site-packages/airflow/example_dags/example_sensors.py for tasks to queue
[2026-03-18T18:36:38.093+0530] {logging_mixin.py:188} INFO - [2026-03-18T18:36:38.092+0530] {dagbag.py:540} INFO - Filling up the DagBag from /home/tejasvi/Desktop/airflow_ssh_simulation/venv/lib/python3.10/site-packages/airflow/example_dags/example_sensors.py
[2026-03-18T18:36:38.104+0530] {processor.py:840} INFO - DAG(s) 'example_sensors' retrieved from /home/tejasvi/Desktop/airflow_ssh_simulation/venv/lib/python3.10/site-packages/airflow/example_dags/example_sensors.py
[2026-03-18T18:36:38.125+0530] {logging_mixin.py:188} INFO - [2026-03-18T18:36:38.124+0530] {dag.py:3047} INFO - Sync 1 DAGs
[2026-03-18T18:36:38.136+0530] {logging_mixin.py:188} INFO - [2026-03-18T18:36:38.136+0530] {dag.py:3834} INFO - Setting next_dagrun for example_sensors to None, run_after=None
[2026-03-18T18:36:38.278+0530] {processor.py:183} INFO - Processing /home/tejasvi/Desktop/airflow_ssh_simulation/venv/lib/python3.10/site-packages/airflow/example_dags/example_sensors.py took 0.287 seconds
[2026-03-18T18:37:54.991+0530] {processor.py:161} INFO - Started process (PID=25397) to work on /home/tejasvi/Desktop/airflow_ssh_simulation/venv/lib/python3.10/site-packages/airflow/example_dags/example_sensors.py
[2026-03-18T18:37:55.040+0530] {processor.py:830} INFO - Processing file /home/tejasvi/Desktop/airflow_ssh_simulation/venv/lib/python3.10/site-packages/airflow/example_dags/example_sensors.py for tasks to queue
[2026-03-18T18:37:55.044+0530] {logging_mixin.py:188} INFO - [2026-03-18T18:37:55.043+0530] {dagbag.py:540} INFO - Filling up the DagBag from /home/tejasvi/Desktop/airflow_ssh_simulation/venv/lib/python3.10/site-packages/airflow/example_dags/example_sensors.py
[2026-03-18T18:37:55.055+0530] {processor.py:840} INFO - DAG(s) 'example_sensors' retrieved from /home/tejasvi/Desktop/airflow_ssh_simulation/venv/lib/python3.10/site-packages/airflow/example_dags/example_sensors.py
[2026-03-18T18:37:55.076+0530] {logging_mixin.py:188} INFO - [2026-03-18T18:37:55.076+0530] {dag.py:3047} INFO - Sync 1 DAGs
[2026-03-18T18:37:55.088+0530] {logging_mixin.py:188} INFO - [2026-03-18T18:37:55.088+0530] {dag.py:3834} INFO - Setting next_dagrun for example_sensors to None, run_after=None
[2026-03-18T18:37:55.199+0530] {processor.py:183} INFO - Processing /home/tejasvi/Desktop/airflow_ssh_simulation/venv/lib/python3.10/site-packages/airflow/example_dags/example_sensors.py took 0.215 seconds
[2026-03-18T18:39:00.434+0530] {processor.py:161} INFO - Started process (PID=25572) to work on /home/tejasvi/Desktop/airflow_ssh_simulation/venv/lib/python3.10/site-packages/airflow/example_dags/example_sensors.py
[2026-03-18T18:39:00.446+0530] {processor.py:830} INFO - Processing file /home/tejasvi/Desktop/airflow_ssh_simulation/venv/lib/python3.10/site-packages/airflow/example_dags/example_sensors.py for tasks to queue
[2026-03-18T18:39:00.449+0530] {logging_mixin.py:188} INFO - [2026-03-18T18:39:00.449+0530] {dagbag.py:540} INFO - Filling up the DagBag from /home/tejasvi/Desktop/airflow_ssh_simulation/venv/lib/python3.10/site-packages/airflow/example_dags/example_sensors.py
[2026-03-18T18:39:00.461+0530] {processor.py:840} INFO - DAG(s) 'example_sensors' retrieved from /home/tejasvi/Desktop/airflow_ssh_simulation/venv/lib/python3.10/site-packages/airflow/example_dags/example_sensors.py
[2026-03-18T18:39:00.481+0530] {logging_mixin.py:188} INFO - [2026-03-18T18:39:00.481+0530] {dag.py:3047} INFO - Sync 1 DAGs
[2026-03-18T18:39:00.492+0530] {logging_mixin.py:188} INFO - [2026-03-18T18:39:00.492+0530] {dag.py:3834} INFO - Setting next_dagrun for example_sensors to None, run_after=None
[2026-03-18T18:39:00.626+0530] {processor.py:183} INFO - Processing /home/tejasvi/Desktop/airflow_ssh_simulation/venv/lib/python3.10/site-packages/airflow/example_dags/example_sensors.py took 0.200 seconds
[2026-03-18T18:39:59.849+0530] {processor.py:161} INFO - Started process (PID=25719) to work on /home/tejasvi/Desktop/airflow_ssh_simulation/venv/lib/python3.10/site-packages/airflow/example_dags/example_sensors.py
[2026-03-18T18:39:59.878+0530] {processor.py:830} INFO - Processing file /home/tejasvi/Desktop/airflow_ssh_simulation/venv/lib/python3.10/site-packages/airflow/example_dags/example_sensors.py for tasks to queue
[2026-03-18T18:39:59.882+0530] {logging_mixin.py:188} INFO - [2026-03-18T18:39:59.881+0530] {dagbag.py:540} INFO - Filling up the DagBag from /home/tejasvi/Desktop/airflow_ssh_simulation/venv/lib/python3.10/site-packages/airflow/example_dags/example_sensors.py
[2026-03-18T18:39:59.901+0530] {processor.py:840} INFO - DAG(s) 'example_sensors' retrieved from /home/tejasvi/Desktop/airflow_ssh_simulation/venv/lib/python3.10/site-packages/airflow/example_dags/example_sensors.py
[2026-03-18T18:39:59.923+0530] {logging_mixin.py:188} INFO - [2026-03-18T18:39:59.923+0530] {dag.py:3047} INFO - Sync 1 DAGs
[2026-03-18T18:39:59.935+0530] {logging_mixin.py:188} INFO - [2026-03-18T18:39:59.935+0530] {dag.py:3834} INFO - Setting next_dagrun for example_sensors to None, run_after=None
[2026-03-18T18:40:00.031+0530] {processor.py:183} INFO - Processing /home/tejasvi/Desktop/airflow_ssh_simulation/venv/lib/python3.10/site-packages/airflow/example_dags/example_sensors.py took 0.189 seconds
[2026-03-18T18:41:05.260+0530] {processor.py:161} INFO - Started process (PID=25912) to work on /home/tejasvi/Desktop/airflow_ssh_simulation/venv/lib/python3.10/site-packages/airflow/example_dags/example_sensors.py
[2026-03-18T18:41:05.262+0530] {processor.py:830} INFO - Processing file /home/tejasvi/Desktop/airflow_ssh_simulation/venv/lib/python3.10/site-packages/airflow/example_dags/example_sensors.py for tasks to queue
[2026-03-18T18:41:05.264+0530] {logging_mixin.py:188} INFO - [2026-03-18T18:41:05.264+0530] {dagbag.py:540} INFO - Filling up the DagBag from /home/tejasvi/Desktop/airflow_ssh_simulation/venv/lib/python3.10/site-packages/airflow/example_dags/example_sensors.py
[2026-03-18T18:41:05.274+0530] {processor.py:840} INFO - DAG(s) 'example_sensors' retrieved from /home/tejasvi/Desktop/airflow_ssh_simulation/venv/lib/python3.10/site-packages/airflow/example_dags/example_sensors.py
[2026-03-18T18:41:05.295+0530] {logging_mixin.py:188} INFO - [2026-03-18T18:41:05.294+0530] {dag.py:3047} INFO - Sync 1 DAGs
[2026-03-18T18:41:05.306+0530] {logging_mixin.py:188} INFO - [2026-03-18T18:41:05.306+0530] {dag.py:3834} INFO - Setting next_dagrun for example_sensors to None, run_after=None
[2026-03-18T18:41:05.444+0530] {processor.py:183} INFO - Processing /home/tejasvi/Desktop/airflow_ssh_simulation/venv/lib/python3.10/site-packages/airflow/example_dags/example_sensors.py took 0.188 seconds
[2026-03-18T18:42:10.376+0530] {processor.py:161} INFO - Started process (PID=26082) to work on /home/tejasvi/Desktop/airflow_ssh_simulation/venv/lib/python3.10/site-packages/airflow/example_dags/example_sensors.py
[2026-03-18T18:42:10.445+0530] {processor.py:830} INFO - Processing file /home/tejasvi/Desktop/airflow_ssh_simulation/venv/lib/python3.10/site-packages/airflow/example_dags/example_sensors.py for tasks to queue
[2026-03-18T18:42:10.448+0530] {logging_mixin.py:188} INFO - [2026-03-18T18:42:10.448+0530] {dagbag.py:540} INFO - Filling up the DagBag from /home/tejasvi/Desktop/airflow_ssh_simulation/venv/lib/python3.10/site-packages/airflow/example_dags/example_sensors.py
[2026-03-18T18:42:10.460+0530] {processor.py:840} INFO - DAG(s) 'example_sensors' retrieved from /home/tejasvi/Desktop/airflow_ssh_simulation/venv/lib/python3.10/site-packages/airflow/example_dags/example_sensors.py
[2026-03-18T18:42:10.480+0530] {logging_mixin.py:188} INFO - [2026-03-18T18:42:10.480+0530] {dag.py:3047} INFO - Sync 1 DAGs
[2026-03-18T18:42:10.492+0530] {logging_mixin.py:188} INFO - [2026-03-18T18:42:10.492+0530] {dag.py:3834} INFO - Setting next_dagrun for example_sensors to None, run_after=None
[2026-03-18T18:42:10.573+0530] {processor.py:183} INFO - Processing /home/tejasvi/Desktop/airflow_ssh_simulation/venv/lib/python3.10/site-packages/airflow/example_dags/example_sensors.py took 0.205 seconds
[2026-03-18T18:43:30.816+0530] {processor.py:161} INFO - Started process (PID=26260) to work on /home/tejasvi/Desktop/airflow_ssh_simulation/venv/lib/python3.10/site-packages/airflow/example_dags/example_sensors.py
[2026-03-18T18:43:30.908+0530] {processor.py:830} INFO - Processing file /home/tejasvi/Desktop/airflow_ssh_simulation/venv/lib/python3.10/site-packages/airflow/example_dags/example_sensors.py for tasks to queue
[2026-03-18T18:43:30.911+0530] {logging_mixin.py:188} INFO - [2026-03-18T18:43:30.911+0530] {dagbag.py:540} INFO - Filling up the DagBag from /home/tejasvi/Desktop/airflow_ssh_simulation/venv/lib/python3.10/site-packages/airflow/example_dags/example_sensors.py
[2026-03-18T18:43:30.923+0530] {processor.py:840} INFO - DAG(s) 'example_sensors' retrieved from /home/tejasvi/Desktop/airflow_ssh_simulation/venv/lib/python3.10/site-packages/airflow/example_dags/example_sensors.py
[2026-03-18T18:43:30.943+0530] {logging_mixin.py:188} INFO - [2026-03-18T18:43:30.943+0530] {dag.py:3047} INFO - Sync 1 DAGs
[2026-03-18T18:43:30.956+0530] {logging_mixin.py:188} INFO - [2026-03-18T18:43:30.955+0530] {dag.py:3834} INFO - Setting next_dagrun for example_sensors to None, run_after=None
[2026-03-18T18:43:31.248+0530] {processor.py:183} INFO - Processing /home/tejasvi/Desktop/airflow_ssh_simulation/venv/lib/python3.10/site-packages/airflow/example_dags/example_sensors.py took 0.439 seconds
[2026-03-18T18:44:39.580+0530] {processor.py:161} INFO - Started process (PID=26433) to work on /home/tejasvi/Desktop/airflow_ssh_simulation/venv/lib/python3.10/site-packages/airflow/example_dags/example_sensors.py
[2026-03-18T18:44:39.599+0530] {processor.py:830} INFO - Processing file /home/tejasvi/Desktop/airflow_ssh_simulation/venv/lib/python3.10/site-packages/airflow/example_dags/example_sensors.py for tasks to queue
[2026-03-18T18:44:39.602+0530] {logging_mixin.py:188} INFO - [2026-03-18T18:44:39.602+0530] {dagbag.py:540} INFO - Filling up the DagBag from /home/tejasvi/Desktop/airflow_ssh_simulation/venv/lib/python3.10/site-packages/airflow/example_dags/example_sensors.py
[2026-03-18T18:44:39.615+0530] {processor.py:840} INFO - DAG(s) 'example_sensors' retrieved from /home/tejasvi/Desktop/airflow_ssh_simulation/venv/lib/python3.10/site-packages/airflow/example_dags/example_sensors.py
[2026-03-18T18:44:39.636+0530] {logging_mixin.py:188} INFO - [2026-03-18T18:44:39.636+0530] {dag.py:3047} INFO - Sync 1 DAGs
[2026-03-18T18:44:39.648+0530] {logging_mixin.py:188} INFO - [2026-03-18T18:44:39.648+0530] {dag.py:3834} INFO - Setting next_dagrun for example_sensors to None, run_after=None
[2026-03-18T18:44:39.735+0530] {processor.py:183} INFO - Processing /home/tejasvi/Desktop/airflow_ssh_simulation/venv/lib/python3.10/site-packages/airflow/example_dags/example_sensors.py took 0.163 seconds
[2026-03-18T18:45:57.537+0530] {processor.py:161} INFO - Started process (PID=26620) to work on /home/tejasvi/Desktop/airflow_ssh_simulation/venv/lib/python3.10/site-packages/airflow/example_dags/example_sensors.py
[2026-03-18T18:45:57.622+0530] {processor.py:830} INFO - Processing file /home/tejasvi/Desktop/airflow_ssh_simulation/venv/lib/python3.10/site-packages/airflow/example_dags/example_sensors.py for tasks to queue
[2026-03-18T18:45:57.625+0530] {logging_mixin.py:188} INFO - [2026-03-18T18:45:57.625+0530] {dagbag.py:540} INFO - Filling up the DagBag from /home/tejasvi/Desktop/airflow_ssh_simulation/venv/lib/python3.10/site-packages/airflow/example_dags/example_sensors.py
[2026-03-18T18:45:57.637+0530] {processor.py:840} INFO - DAG(s) 'example_sensors' retrieved from /home/tejasvi/Desktop/airflow_ssh_simulation/venv/lib/python3.10/site-packages/airflow/example_dags/example_sensors.py
[2026-03-18T18:45:57.657+0530] {logging_mixin.py:188} INFO - [2026-03-18T18:45:57.657+0530] {dag.py:3047} INFO - Sync 1 DAGs
[2026-03-18T18:45:57.669+0530] {logging_mixin.py:188} INFO - [2026-03-18T18:45:57.669+0530] {dag.py:3834} INFO - Setting next_dagrun for example_sensors to None, run_after=None
[2026-03-18T18:45:57.772+0530] {processor.py:183} INFO - Processing /home/tejasvi/Desktop/airflow_ssh_simulation/venv/lib/python3.10/site-packages/airflow/example_dags/example_sensors.py took 0.242 seconds
[2026-03-18T18:47:15.307+0530] {processor.py:161} INFO - Started process (PID=26815) to work on /home/tejasvi/Desktop/airflow_ssh_simulation/venv/lib/python3.10/site-packages/airflow/example_dags/example_sensors.py
[2026-03-18T18:47:15.373+0530] {processor.py:830} INFO - Processing file /home/tejasvi/Desktop/airflow_ssh_simulation/venv/lib/python3.10/site-packages/airflow/example_dags/example_sensors.py for tasks to queue
[2026-03-18T18:47:15.377+0530] {logging_mixin.py:188} INFO - [2026-03-18T18:47:15.377+0530] {dagbag.py:540} INFO - Filling up the DagBag from /home/tejasvi/Desktop/airflow_ssh_simulation/venv/lib/python3.10/site-packages/airflow/example_dags/example_sensors.py
[2026-03-18T18:47:15.391+0530] {processor.py:840} INFO - DAG(s) 'example_sensors' retrieved from /home/tejasvi/Desktop/airflow_ssh_simulation/venv/lib/python3.10/site-packages/airflow/example_dags/example_sensors.py
[2026-03-18T18:47:15.422+0530] {logging_mixin.py:188} INFO - [2026-03-18T18:47:15.421+0530] {dag.py:3047} INFO - Sync 1 DAGs
[2026-03-18T18:47:15.434+0530] {logging_mixin.py:188} INFO - [2026-03-18T18:47:15.434+0530] {dag.py:3834} INFO - Setting next_dagrun for example_sensors to None, run_after=None
[2026-03-18T18:47:15.540+0530] {processor.py:183} INFO - Processing /home/tejasvi/Desktop/airflow_ssh_simulation/venv/lib/python3.10/site-packages/airflow/example_dags/example_sensors.py took 0.241 seconds
[2026-03-18T18:48:31.021+0530] {processor.py:161} INFO - Started process (PID=27020) to work on /home/tejasvi/Desktop/airflow_ssh_simulation/venv/lib/python3.10/site-packages/airflow/example_dags/example_sensors.py
[2026-03-18T18:48:31.052+0530] {processor.py:830} INFO - Processing file /home/tejasvi/Desktop/airflow_ssh_simulation/venv/lib/python3.10/site-packages/airflow/example_dags/example_sensors.py for tasks to queue
[2026-03-18T18:48:31.055+0530] {logging_mixin.py:188} INFO - [2026-03-18T18:48:31.054+0530] {dagbag.py:540} INFO - Filling up the DagBag from /home/tejasvi/Desktop/airflow_ssh_simulation/venv/lib/python3.10/site-packages/airflow/example_dags/example_sensors.py
[2026-03-18T18:48:31.067+0530] {processor.py:840} INFO - DAG(s) 'example_sensors' retrieved from /home/tejasvi/Desktop/airflow_ssh_simulation/venv/lib/python3.10/site-packages/airflow/example_dags/example_sensors.py
[2026-03-18T18:48:31.087+0530] {logging_mixin.py:188} INFO - [2026-03-18T18:48:31.087+0530] {dag.py:3047} INFO - Sync 1 DAGs
[2026-03-18T18:48:31.099+0530] {logging_mixin.py:188} INFO - [2026-03-18T18:48:31.098+0530] {dag.py:3834} INFO - Setting next_dagrun for example_sensors to None, run_after=None
[2026-03-18T18:48:31.571+0530] {processor.py:183} INFO - Processing /home/tejasvi/Desktop/airflow_ssh_simulation/venv/lib/python3.10/site-packages/airflow/example_dags/example_sensors.py took 0.557 seconds
[2026-03-18T18:49:42.596+0530] {processor.py:161} INFO - Started process (PID=27188) to work on /home/tejasvi/Desktop/airflow_ssh_simulation/venv/lib/python3.10/site-packages/airflow/example_dags/example_sensors.py
[2026-03-18T18:49:42.677+0530] {processor.py:830} INFO - Processing file /home/tejasvi/Desktop/airflow_ssh_simulation/venv/lib/python3.10/site-packages/airflow/example_dags/example_sensors.py for tasks to queue
[2026-03-18T18:49:42.681+0530] {logging_mixin.py:188} INFO - [2026-03-18T18:49:42.680+0530] {dagbag.py:540} INFO - Filling up the DagBag from /home/tejasvi/Desktop/airflow_ssh_simulation/venv/lib/python3.10/site-packages/airflow/example_dags/example_sensors.py
[2026-03-18T18:49:42.693+0530] {processor.py:840} INFO - DAG(s) 'example_sensors' retrieved from /home/tejasvi/Desktop/airflow_ssh_simulation/venv/lib/python3.10/site-packages/airflow/example_dags/example_sensors.py
[2026-03-18T18:49:42.713+0530] {logging_mixin.py:188} INFO - [2026-03-18T18:49:42.713+0530] {dag.py:3047} INFO - Sync 1 DAGs
[2026-03-18T18:49:42.725+0530] {logging_mixin.py:188} INFO - [2026-03-18T18:49:42.725+0530] {dag.py:3834} INFO - Setting next_dagrun for example_sensors to None, run_after=None
[2026-03-18T18:49:42.813+0530] {processor.py:183} INFO - Processing /home/tejasvi/Desktop/airflow_ssh_simulation/venv/lib/python3.10/site-packages/airflow/example_dags/example_sensors.py took 0.224 seconds
[2026-03-18T18:50:37.609+0530] {processor.py:161} INFO - Started process (PID=27342) to work on /home/tejasvi/Desktop/airflow_ssh_simulation/venv/lib/python3.10/site-packages/airflow/example_dags/example_sensors.py
[2026-03-18T18:50:37.687+0530] {processor.py:830} INFO - Processing file /home/tejasvi/Desktop/airflow_ssh_simulation/venv/lib/python3.10/site-packages/airflow/example_dags/example_sensors.py for tasks to queue
[2026-03-18T18:50:37.692+0530] {logging_mixin.py:188} INFO - [2026-03-18T18:50:37.691+0530] {dagbag.py:540} INFO - Filling up the DagBag from /home/tejasvi/Desktop/airflow_ssh_simulation/venv/lib/python3.10/site-packages/airflow/example_dags/example_sensors.py
[2026-03-18T18:50:37.718+0530] {processor.py:840} INFO - DAG(s) 'example_sensors' retrieved from /home/tejasvi/Desktop/airflow_ssh_simulation/venv/lib/python3.10/site-packages/airflow/example_dags/example_sensors.py
[2026-03-18T18:50:37.745+0530] {logging_mixin.py:188} INFO - [2026-03-18T18:50:37.745+0530] {dag.py:3047} INFO - Sync 1 DAGs
[2026-03-18T18:50:37.757+0530] {logging_mixin.py:188} INFO - [2026-03-18T18:50:37.756+0530] {dag.py:3834} INFO - Setting next_dagrun for example_sensors to None, run_after=None
[2026-03-18T18:50:37.824+0530] {processor.py:183} INFO - Processing /home/tejasvi/Desktop/airflow_ssh_simulation/venv/lib/python3.10/site-packages/airflow/example_dags/example_sensors.py took 0.223 seconds
