[2026-03-18T17:39:46.888+0530] {processor.py:161} INFO - Started process (PID=5408) to work on /home/tejasvi/Desktop/airflow_ssh_simulation/venv/lib/python3.10/site-packages/airflow/example_dags/example_latest_only_with_trigger.py
[2026-03-18T17:39:46.890+0530] {processor.py:830} INFO - Processing file /home/tejasvi/Desktop/airflow_ssh_simulation/venv/lib/python3.10/site-packages/airflow/example_dags/example_latest_only_with_trigger.py for tasks to queue
[2026-03-18T17:39:46.892+0530] {logging_mixin.py:188} INFO - [2026-03-18T17:39:46.891+0530] {dagbag.py:540} INFO - Filling up the DagBag from /home/tejasvi/Desktop/airflow_ssh_simulation/venv/lib/python3.10/site-packages/airflow/example_dags/example_latest_only_with_trigger.py
[2026-03-18T17:39:46.971+0530] {processor.py:840} INFO - DAG(s) 'latest_only_with_trigger' retrieved from /home/tejasvi/Desktop/airflow_ssh_simulation/venv/lib/python3.10/site-packages/airflow/example_dags/example_latest_only_with_trigger.py
[2026-03-18T17:39:47.080+0530] {logging_mixin.py:188} INFO - [2026-03-18T17:39:47.079+0530] {dag.py:3047} INFO - Sync 1 DAGs
[2026-03-18T17:39:47.152+0530] {logging_mixin.py:188} INFO - [2026-03-18T17:39:47.151+0530] {dag.py:3834} INFO - Setting next_dagrun for latest_only_with_trigger to 2026-03-18 08:00:00+00:00, run_after=2026-03-18 12:00:00+00:00
[2026-03-18T17:39:47.236+0530] {processor.py:183} INFO - Processing /home/tejasvi/Desktop/airflow_ssh_simulation/venv/lib/python3.10/site-packages/airflow/example_dags/example_latest_only_with_trigger.py took 0.354 seconds
[2026-03-18T17:41:08.227+0530] {processor.py:161} INFO - Started process (PID=5515) to work on /home/tejasvi/Desktop/airflow_ssh_simulation/venv/lib/python3.10/site-packages/airflow/example_dags/example_latest_only_with_trigger.py
[2026-03-18T17:41:08.352+0530] {processor.py:830} INFO - Processing file /home/tejasvi/Desktop/airflow_ssh_simulation/venv/lib/python3.10/site-packages/airflow/example_dags/example_latest_only_with_trigger.py for tasks to queue
[2026-03-18T17:41:08.359+0530] {logging_mixin.py:188} INFO - [2026-03-18T17:41:08.357+0530] {dagbag.py:540} INFO - Filling up the DagBag from /home/tejasvi/Desktop/airflow_ssh_simulation/venv/lib/python3.10/site-packages/airflow/example_dags/example_latest_only_with_trigger.py
[2026-03-18T17:41:08.379+0530] {processor.py:840} INFO - DAG(s) 'latest_only_with_trigger' retrieved from /home/tejasvi/Desktop/airflow_ssh_simulation/venv/lib/python3.10/site-packages/airflow/example_dags/example_latest_only_with_trigger.py
[2026-03-18T17:41:08.422+0530] {logging_mixin.py:188} INFO - [2026-03-18T17:41:08.420+0530] {dag.py:3047} INFO - Sync 1 DAGs
[2026-03-18T17:41:08.468+0530] {logging_mixin.py:188} INFO - [2026-03-18T17:41:08.468+0530] {dag.py:3834} INFO - Setting next_dagrun for latest_only_with_trigger to 2026-03-18 08:00:00+00:00, run_after=2026-03-18 12:00:00+00:00
[2026-03-18T17:41:08.629+0530] {processor.py:183} INFO - Processing /home/tejasvi/Desktop/airflow_ssh_simulation/venv/lib/python3.10/site-packages/airflow/example_dags/example_latest_only_with_trigger.py took 0.408 seconds
[2026-03-18T17:42:14.783+0530] {processor.py:161} INFO - Started process (PID=5626) to work on /home/tejasvi/Desktop/airflow_ssh_simulation/venv/lib/python3.10/site-packages/airflow/example_dags/example_latest_only_with_trigger.py
[2026-03-18T17:42:14.797+0530] {processor.py:830} INFO - Processing file /home/tejasvi/Desktop/airflow_ssh_simulation/venv/lib/python3.10/site-packages/airflow/example_dags/example_latest_only_with_trigger.py for tasks to queue
[2026-03-18T17:42:14.801+0530] {logging_mixin.py:188} INFO - [2026-03-18T17:42:14.800+0530] {dagbag.py:540} INFO - Filling up the DagBag from /home/tejasvi/Desktop/airflow_ssh_simulation/venv/lib/python3.10/site-packages/airflow/example_dags/example_latest_only_with_trigger.py
[2026-03-18T17:42:14.816+0530] {processor.py:840} INFO - DAG(s) 'latest_only_with_trigger' retrieved from /home/tejasvi/Desktop/airflow_ssh_simulation/venv/lib/python3.10/site-packages/airflow/example_dags/example_latest_only_with_trigger.py
[2026-03-18T17:42:14.849+0530] {logging_mixin.py:188} INFO - [2026-03-18T17:42:14.849+0530] {dag.py:3047} INFO - Sync 1 DAGs
[2026-03-18T17:42:14.888+0530] {logging_mixin.py:188} INFO - [2026-03-18T17:42:14.887+0530] {dag.py:3834} INFO - Setting next_dagrun for latest_only_with_trigger to 2026-03-18 08:00:00+00:00, run_after=2026-03-18 12:00:00+00:00
[2026-03-18T17:42:14.965+0530] {processor.py:183} INFO - Processing /home/tejasvi/Desktop/airflow_ssh_simulation/venv/lib/python3.10/site-packages/airflow/example_dags/example_latest_only_with_trigger.py took 0.188 seconds
[2026-03-18T17:43:24.406+0530] {processor.py:161} INFO - Started process (PID=5797) to work on /home/tejasvi/Desktop/airflow_ssh_simulation/venv/lib/python3.10/site-packages/airflow/example_dags/example_latest_only_with_trigger.py
[2026-03-18T17:43:24.408+0530] {processor.py:830} INFO - Processing file /home/tejasvi/Desktop/airflow_ssh_simulation/venv/lib/python3.10/site-packages/airflow/example_dags/example_latest_only_with_trigger.py for tasks to queue
[2026-03-18T17:43:24.411+0530] {logging_mixin.py:188} INFO - [2026-03-18T17:43:24.410+0530] {dagbag.py:540} INFO - Filling up the DagBag from /home/tejasvi/Desktop/airflow_ssh_simulation/venv/lib/python3.10/site-packages/airflow/example_dags/example_latest_only_with_trigger.py
[2026-03-18T17:43:24.420+0530] {processor.py:840} INFO - DAG(s) 'latest_only_with_trigger' retrieved from /home/tejasvi/Desktop/airflow_ssh_simulation/venv/lib/python3.10/site-packages/airflow/example_dags/example_latest_only_with_trigger.py
[2026-03-18T17:43:24.446+0530] {logging_mixin.py:188} INFO - [2026-03-18T17:43:24.445+0530] {dag.py:3047} INFO - Sync 1 DAGs
[2026-03-18T17:43:24.478+0530] {logging_mixin.py:188} INFO - [2026-03-18T17:43:24.477+0530] {dag.py:3834} INFO - Setting next_dagrun for latest_only_with_trigger to 2026-03-18 08:00:00+00:00, run_after=2026-03-18 12:00:00+00:00
[2026-03-18T17:43:24.538+0530] {processor.py:183} INFO - Processing /home/tejasvi/Desktop/airflow_ssh_simulation/venv/lib/python3.10/site-packages/airflow/example_dags/example_latest_only_with_trigger.py took 0.139 seconds
[2026-03-18T17:44:38.179+0530] {processor.py:161} INFO - Started process (PID=7649) to work on /home/tejasvi/Desktop/airflow_ssh_simulation/venv/lib/python3.10/site-packages/airflow/example_dags/example_latest_only_with_trigger.py
[2026-03-18T17:44:38.241+0530] {processor.py:830} INFO - Processing file /home/tejasvi/Desktop/airflow_ssh_simulation/venv/lib/python3.10/site-packages/airflow/example_dags/example_latest_only_with_trigger.py for tasks to queue
[2026-03-18T17:44:38.246+0530] {logging_mixin.py:188} INFO - [2026-03-18T17:44:38.245+0530] {dagbag.py:540} INFO - Filling up the DagBag from /home/tejasvi/Desktop/airflow_ssh_simulation/venv/lib/python3.10/site-packages/airflow/example_dags/example_latest_only_with_trigger.py
[2026-03-18T17:44:38.263+0530] {processor.py:840} INFO - DAG(s) 'latest_only_with_trigger' retrieved from /home/tejasvi/Desktop/airflow_ssh_simulation/venv/lib/python3.10/site-packages/airflow/example_dags/example_latest_only_with_trigger.py
[2026-03-18T17:44:38.303+0530] {logging_mixin.py:188} INFO - [2026-03-18T17:44:38.302+0530] {dag.py:3047} INFO - Sync 1 DAGs
[2026-03-18T17:44:38.348+0530] {logging_mixin.py:188} INFO - [2026-03-18T17:44:38.347+0530] {dag.py:3834} INFO - Setting next_dagrun for latest_only_with_trigger to 2026-03-18 08:00:00+00:00, run_after=2026-03-18 12:00:00+00:00
[2026-03-18T17:44:38.464+0530] {processor.py:183} INFO - Processing /home/tejasvi/Desktop/airflow_ssh_simulation/venv/lib/python3.10/site-packages/airflow/example_dags/example_latest_only_with_trigger.py took 0.292 seconds
[2026-03-18T17:45:46.482+0530] {processor.py:161} INFO - Started process (PID=8500) to work on /home/tejasvi/Desktop/airflow_ssh_simulation/venv/lib/python3.10/site-packages/airflow/example_dags/example_latest_only_with_trigger.py
[2026-03-18T17:45:46.560+0530] {processor.py:830} INFO - Processing file /home/tejasvi/Desktop/airflow_ssh_simulation/venv/lib/python3.10/site-packages/airflow/example_dags/example_latest_only_with_trigger.py for tasks to queue
[2026-03-18T17:45:46.563+0530] {logging_mixin.py:188} INFO - [2026-03-18T17:45:46.562+0530] {dagbag.py:540} INFO - Filling up the DagBag from /home/tejasvi/Desktop/airflow_ssh_simulation/venv/lib/python3.10/site-packages/airflow/example_dags/example_latest_only_with_trigger.py
[2026-03-18T17:45:46.573+0530] {processor.py:840} INFO - DAG(s) 'latest_only_with_trigger' retrieved from /home/tejasvi/Desktop/airflow_ssh_simulation/venv/lib/python3.10/site-packages/airflow/example_dags/example_latest_only_with_trigger.py
[2026-03-18T17:45:46.599+0530] {logging_mixin.py:188} INFO - [2026-03-18T17:45:46.599+0530] {dag.py:3047} INFO - Sync 1 DAGs
[2026-03-18T17:45:46.632+0530] {logging_mixin.py:188} INFO - [2026-03-18T17:45:46.631+0530] {dag.py:3834} INFO - Setting next_dagrun for latest_only_with_trigger to 2026-03-18 08:00:00+00:00, run_after=2026-03-18 12:00:00+00:00
[2026-03-18T17:45:46.727+0530] {processor.py:183} INFO - Processing /home/tejasvi/Desktop/airflow_ssh_simulation/venv/lib/python3.10/site-packages/airflow/example_dags/example_latest_only_with_trigger.py took 0.252 seconds
[2026-03-18T17:46:59.358+0530] {processor.py:161} INFO - Started process (PID=9269) to work on /home/tejasvi/Desktop/airflow_ssh_simulation/venv/lib/python3.10/site-packages/airflow/example_dags/example_latest_only_with_trigger.py
[2026-03-18T17:46:59.361+0530] {processor.py:830} INFO - Processing file /home/tejasvi/Desktop/airflow_ssh_simulation/venv/lib/python3.10/site-packages/airflow/example_dags/example_latest_only_with_trigger.py for tasks to queue
[2026-03-18T17:46:59.364+0530] {logging_mixin.py:188} INFO - [2026-03-18T17:46:59.364+0530] {dagbag.py:540} INFO - Filling up the DagBag from /home/tejasvi/Desktop/airflow_ssh_simulation/venv/lib/python3.10/site-packages/airflow/example_dags/example_latest_only_with_trigger.py
[2026-03-18T17:46:59.372+0530] {processor.py:840} INFO - DAG(s) 'latest_only_with_trigger' retrieved from /home/tejasvi/Desktop/airflow_ssh_simulation/venv/lib/python3.10/site-packages/airflow/example_dags/example_latest_only_with_trigger.py
[2026-03-18T17:46:59.481+0530] {logging_mixin.py:188} INFO - [2026-03-18T17:46:59.481+0530] {dag.py:3047} INFO - Sync 1 DAGs
[2026-03-18T17:46:59.503+0530] {logging_mixin.py:188} INFO - [2026-03-18T17:46:59.502+0530] {dag.py:3834} INFO - Setting next_dagrun for latest_only_with_trigger to 2026-03-18 08:00:00+00:00, run_after=2026-03-18 12:00:00+00:00
[2026-03-18T17:46:59.613+0530] {processor.py:183} INFO - Processing /home/tejasvi/Desktop/airflow_ssh_simulation/venv/lib/python3.10/site-packages/airflow/example_dags/example_latest_only_with_trigger.py took 0.263 seconds
[2026-03-18T17:48:11.008+0530] {processor.py:161} INFO - Started process (PID=9851) to work on /home/tejasvi/Desktop/airflow_ssh_simulation/venv/lib/python3.10/site-packages/airflow/example_dags/example_latest_only_with_trigger.py
[2026-03-18T17:48:11.080+0530] {processor.py:830} INFO - Processing file /home/tejasvi/Desktop/airflow_ssh_simulation/venv/lib/python3.10/site-packages/airflow/example_dags/example_latest_only_with_trigger.py for tasks to queue
[2026-03-18T17:48:11.086+0530] {logging_mixin.py:188} INFO - [2026-03-18T17:48:11.085+0530] {dagbag.py:540} INFO - Filling up the DagBag from /home/tejasvi/Desktop/airflow_ssh_simulation/venv/lib/python3.10/site-packages/airflow/example_dags/example_latest_only_with_trigger.py
[2026-03-18T17:48:11.104+0530] {processor.py:840} INFO - DAG(s) 'latest_only_with_trigger' retrieved from /home/tejasvi/Desktop/airflow_ssh_simulation/venv/lib/python3.10/site-packages/airflow/example_dags/example_latest_only_with_trigger.py
[2026-03-18T17:48:11.134+0530] {logging_mixin.py:188} INFO - [2026-03-18T17:48:11.134+0530] {dag.py:3047} INFO - Sync 1 DAGs
[2026-03-18T17:48:11.156+0530] {logging_mixin.py:188} INFO - [2026-03-18T17:48:11.156+0530] {dag.py:3834} INFO - Setting next_dagrun for latest_only_with_trigger to 2026-03-18 08:00:00+00:00, run_after=2026-03-18 12:00:00+00:00
[2026-03-18T17:48:11.214+0530] {processor.py:183} INFO - Processing /home/tejasvi/Desktop/airflow_ssh_simulation/venv/lib/python3.10/site-packages/airflow/example_dags/example_latest_only_with_trigger.py took 0.214 seconds
[2026-03-18T17:49:12.233+0530] {processor.py:161} INFO - Started process (PID=10331) to work on /home/tejasvi/Desktop/airflow_ssh_simulation/venv/lib/python3.10/site-packages/airflow/example_dags/example_latest_only_with_trigger.py
[2026-03-18T17:49:12.245+0530] {processor.py:830} INFO - Processing file /home/tejasvi/Desktop/airflow_ssh_simulation/venv/lib/python3.10/site-packages/airflow/example_dags/example_latest_only_with_trigger.py for tasks to queue
[2026-03-18T17:49:12.250+0530] {logging_mixin.py:188} INFO - [2026-03-18T17:49:12.249+0530] {dagbag.py:540} INFO - Filling up the DagBag from /home/tejasvi/Desktop/airflow_ssh_simulation/venv/lib/python3.10/site-packages/airflow/example_dags/example_latest_only_with_trigger.py
[2026-03-18T17:49:12.264+0530] {processor.py:840} INFO - DAG(s) 'latest_only_with_trigger' retrieved from /home/tejasvi/Desktop/airflow_ssh_simulation/venv/lib/python3.10/site-packages/airflow/example_dags/example_latest_only_with_trigger.py
[2026-03-18T17:49:12.284+0530] {logging_mixin.py:188} INFO - [2026-03-18T17:49:12.284+0530] {dag.py:3047} INFO - Sync 1 DAGs
[2026-03-18T17:49:12.306+0530] {logging_mixin.py:188} INFO - [2026-03-18T17:49:12.306+0530] {dag.py:3834} INFO - Setting next_dagrun for latest_only_with_trigger to 2026-03-18 08:00:00+00:00, run_after=2026-03-18 12:00:00+00:00
[2026-03-18T17:49:12.439+0530] {processor.py:183} INFO - Processing /home/tejasvi/Desktop/airflow_ssh_simulation/venv/lib/python3.10/site-packages/airflow/example_dags/example_latest_only_with_trigger.py took 0.210 seconds
[2026-03-18T17:50:17.355+0530] {processor.py:161} INFO - Started process (PID=10830) to work on /home/tejasvi/Desktop/airflow_ssh_simulation/venv/lib/python3.10/site-packages/airflow/example_dags/example_latest_only_with_trigger.py
[2026-03-18T17:50:17.460+0530] {processor.py:830} INFO - Processing file /home/tejasvi/Desktop/airflow_ssh_simulation/venv/lib/python3.10/site-packages/airflow/example_dags/example_latest_only_with_trigger.py for tasks to queue
[2026-03-18T17:50:17.465+0530] {logging_mixin.py:188} INFO - [2026-03-18T17:50:17.464+0530] {dagbag.py:540} INFO - Filling up the DagBag from /home/tejasvi/Desktop/airflow_ssh_simulation/venv/lib/python3.10/site-packages/airflow/example_dags/example_latest_only_with_trigger.py
[2026-03-18T17:50:17.476+0530] {processor.py:840} INFO - DAG(s) 'latest_only_with_trigger' retrieved from /home/tejasvi/Desktop/airflow_ssh_simulation/venv/lib/python3.10/site-packages/airflow/example_dags/example_latest_only_with_trigger.py
[2026-03-18T17:50:17.493+0530] {logging_mixin.py:188} INFO - [2026-03-18T17:50:17.493+0530] {dag.py:3047} INFO - Sync 1 DAGs
[2026-03-18T17:50:17.513+0530] {logging_mixin.py:188} INFO - [2026-03-18T17:50:17.513+0530] {dag.py:3834} INFO - Setting next_dagrun for latest_only_with_trigger to 2026-03-18 08:00:00+00:00, run_after=2026-03-18 12:00:00+00:00
[2026-03-18T17:50:17.610+0530] {processor.py:183} INFO - Processing /home/tejasvi/Desktop/airflow_ssh_simulation/venv/lib/python3.10/site-packages/airflow/example_dags/example_latest_only_with_trigger.py took 0.262 seconds
[2026-03-18T17:51:26.656+0530] {processor.py:161} INFO - Started process (PID=11433) to work on /home/tejasvi/Desktop/airflow_ssh_simulation/venv/lib/python3.10/site-packages/airflow/example_dags/example_latest_only_with_trigger.py
[2026-03-18T17:51:26.659+0530] {processor.py:830} INFO - Processing file /home/tejasvi/Desktop/airflow_ssh_simulation/venv/lib/python3.10/site-packages/airflow/example_dags/example_latest_only_with_trigger.py for tasks to queue
[2026-03-18T17:51:26.662+0530] {logging_mixin.py:188} INFO - [2026-03-18T17:51:26.662+0530] {dagbag.py:540} INFO - Filling up the DagBag from /home/tejasvi/Desktop/airflow_ssh_simulation/venv/lib/python3.10/site-packages/airflow/example_dags/example_latest_only_with_trigger.py
[2026-03-18T17:51:26.670+0530] {processor.py:840} INFO - DAG(s) 'latest_only_with_trigger' retrieved from /home/tejasvi/Desktop/airflow_ssh_simulation/venv/lib/python3.10/site-packages/airflow/example_dags/example_latest_only_with_trigger.py
[2026-03-18T17:51:26.689+0530] {logging_mixin.py:188} INFO - [2026-03-18T17:51:26.688+0530] {dag.py:3047} INFO - Sync 1 DAGs
[2026-03-18T17:51:26.711+0530] {logging_mixin.py:188} INFO - [2026-03-18T17:51:26.711+0530] {dag.py:3834} INFO - Setting next_dagrun for latest_only_with_trigger to 2026-03-18 08:00:00+00:00, run_after=2026-03-18 12:00:00+00:00
[2026-03-18T17:51:26.841+0530] {processor.py:183} INFO - Processing /home/tejasvi/Desktop/airflow_ssh_simulation/venv/lib/python3.10/site-packages/airflow/example_dags/example_latest_only_with_trigger.py took 0.192 seconds
[2026-03-18T17:52:32.373+0530] {processor.py:161} INFO - Started process (PID=11955) to work on /home/tejasvi/Desktop/airflow_ssh_simulation/venv/lib/python3.10/site-packages/airflow/example_dags/example_latest_only_with_trigger.py
[2026-03-18T17:52:32.403+0530] {processor.py:830} INFO - Processing file /home/tejasvi/Desktop/airflow_ssh_simulation/venv/lib/python3.10/site-packages/airflow/example_dags/example_latest_only_with_trigger.py for tasks to queue
[2026-03-18T17:52:32.406+0530] {logging_mixin.py:188} INFO - [2026-03-18T17:52:32.406+0530] {dagbag.py:540} INFO - Filling up the DagBag from /home/tejasvi/Desktop/airflow_ssh_simulation/venv/lib/python3.10/site-packages/airflow/example_dags/example_latest_only_with_trigger.py
[2026-03-18T17:52:32.414+0530] {processor.py:840} INFO - DAG(s) 'latest_only_with_trigger' retrieved from /home/tejasvi/Desktop/airflow_ssh_simulation/venv/lib/python3.10/site-packages/airflow/example_dags/example_latest_only_with_trigger.py
[2026-03-18T17:52:32.431+0530] {logging_mixin.py:188} INFO - [2026-03-18T17:52:32.431+0530] {dag.py:3047} INFO - Sync 1 DAGs
[2026-03-18T17:52:32.451+0530] {logging_mixin.py:188} INFO - [2026-03-18T17:52:32.451+0530] {dag.py:3834} INFO - Setting next_dagrun for latest_only_with_trigger to 2026-03-18 08:00:00+00:00, run_after=2026-03-18 12:00:00+00:00
[2026-03-18T17:52:34.613+0530] {processor.py:183} INFO - Processing /home/tejasvi/Desktop/airflow_ssh_simulation/venv/lib/python3.10/site-packages/airflow/example_dags/example_latest_only_with_trigger.py took 2.248 seconds
[2026-03-18T17:53:47.732+0530] {processor.py:161} INFO - Started process (PID=12890) to work on /home/tejasvi/Desktop/airflow_ssh_simulation/venv/lib/python3.10/site-packages/airflow/example_dags/example_latest_only_with_trigger.py
[2026-03-18T17:53:47.736+0530] {processor.py:830} INFO - Processing file /home/tejasvi/Desktop/airflow_ssh_simulation/venv/lib/python3.10/site-packages/airflow/example_dags/example_latest_only_with_trigger.py for tasks to queue
[2026-03-18T17:53:47.739+0530] {logging_mixin.py:188} INFO - [2026-03-18T17:53:47.739+0530] {dagbag.py:540} INFO - Filling up the DagBag from /home/tejasvi/Desktop/airflow_ssh_simulation/venv/lib/python3.10/site-packages/airflow/example_dags/example_latest_only_with_trigger.py
[2026-03-18T17:53:47.749+0530] {processor.py:840} INFO - DAG(s) 'latest_only_with_trigger' retrieved from /home/tejasvi/Desktop/airflow_ssh_simulation/venv/lib/python3.10/site-packages/airflow/example_dags/example_latest_only_with_trigger.py
[2026-03-18T17:53:47.769+0530] {logging_mixin.py:188} INFO - [2026-03-18T17:53:47.769+0530] {dag.py:3047} INFO - Sync 1 DAGs
[2026-03-18T17:53:47.794+0530] {logging_mixin.py:188} INFO - [2026-03-18T17:53:47.794+0530] {dag.py:3834} INFO - Setting next_dagrun for latest_only_with_trigger to 2026-03-18 08:00:00+00:00, run_after=2026-03-18 12:00:00+00:00
[2026-03-18T17:53:47.904+0530] {processor.py:183} INFO - Processing /home/tejasvi/Desktop/airflow_ssh_simulation/venv/lib/python3.10/site-packages/airflow/example_dags/example_latest_only_with_trigger.py took 0.177 seconds
[2026-03-18T17:54:53.408+0530] {processor.py:161} INFO - Started process (PID=13394) to work on /home/tejasvi/Desktop/airflow_ssh_simulation/venv/lib/python3.10/site-packages/airflow/example_dags/example_latest_only_with_trigger.py
[2026-03-18T17:54:53.493+0530] {processor.py:830} INFO - Processing file /home/tejasvi/Desktop/airflow_ssh_simulation/venv/lib/python3.10/site-packages/airflow/example_dags/example_latest_only_with_trigger.py for tasks to queue
[2026-03-18T17:54:53.496+0530] {logging_mixin.py:188} INFO - [2026-03-18T17:54:53.495+0530] {dagbag.py:540} INFO - Filling up the DagBag from /home/tejasvi/Desktop/airflow_ssh_simulation/venv/lib/python3.10/site-packages/airflow/example_dags/example_latest_only_with_trigger.py
[2026-03-18T17:54:53.504+0530] {processor.py:840} INFO - DAG(s) 'latest_only_with_trigger' retrieved from /home/tejasvi/Desktop/airflow_ssh_simulation/venv/lib/python3.10/site-packages/airflow/example_dags/example_latest_only_with_trigger.py
[2026-03-18T17:54:53.521+0530] {logging_mixin.py:188} INFO - [2026-03-18T17:54:53.521+0530] {dag.py:3047} INFO - Sync 1 DAGs
[2026-03-18T17:54:53.542+0530] {logging_mixin.py:188} INFO - [2026-03-18T17:54:53.541+0530] {dag.py:3834} INFO - Setting next_dagrun for latest_only_with_trigger to 2026-03-18 08:00:00+00:00, run_after=2026-03-18 12:00:00+00:00
[2026-03-18T17:54:53.635+0530] {processor.py:183} INFO - Processing /home/tejasvi/Desktop/airflow_ssh_simulation/venv/lib/python3.10/site-packages/airflow/example_dags/example_latest_only_with_trigger.py took 0.234 seconds
[2026-03-18T17:55:57.021+0530] {processor.py:161} INFO - Started process (PID=13899) to work on /home/tejasvi/Desktop/airflow_ssh_simulation/venv/lib/python3.10/site-packages/airflow/example_dags/example_latest_only_with_trigger.py
[2026-03-18T17:55:57.094+0530] {processor.py:830} INFO - Processing file /home/tejasvi/Desktop/airflow_ssh_simulation/venv/lib/python3.10/site-packages/airflow/example_dags/example_latest_only_with_trigger.py for tasks to queue
[2026-03-18T17:55:57.098+0530] {logging_mixin.py:188} INFO - [2026-03-18T17:55:57.098+0530] {dagbag.py:540} INFO - Filling up the DagBag from /home/tejasvi/Desktop/airflow_ssh_simulation/venv/lib/python3.10/site-packages/airflow/example_dags/example_latest_only_with_trigger.py
[2026-03-18T17:55:57.106+0530] {processor.py:840} INFO - DAG(s) 'latest_only_with_trigger' retrieved from /home/tejasvi/Desktop/airflow_ssh_simulation/venv/lib/python3.10/site-packages/airflow/example_dags/example_latest_only_with_trigger.py
[2026-03-18T17:55:57.124+0530] {logging_mixin.py:188} INFO - [2026-03-18T17:55:57.123+0530] {dag.py:3047} INFO - Sync 1 DAGs
[2026-03-18T17:55:57.148+0530] {logging_mixin.py:188} INFO - [2026-03-18T17:55:57.147+0530] {dag.py:3834} INFO - Setting next_dagrun for latest_only_with_trigger to 2026-03-18 08:00:00+00:00, run_after=2026-03-18 12:00:00+00:00
[2026-03-18T17:55:57.243+0530] {processor.py:183} INFO - Processing /home/tejasvi/Desktop/airflow_ssh_simulation/venv/lib/python3.10/site-packages/airflow/example_dags/example_latest_only_with_trigger.py took 0.229 seconds
[2026-03-18T17:57:08.161+0530] {processor.py:161} INFO - Started process (PID=14477) to work on /home/tejasvi/Desktop/airflow_ssh_simulation/venv/lib/python3.10/site-packages/airflow/example_dags/example_latest_only_with_trigger.py
[2026-03-18T17:57:08.223+0530] {processor.py:830} INFO - Processing file /home/tejasvi/Desktop/airflow_ssh_simulation/venv/lib/python3.10/site-packages/airflow/example_dags/example_latest_only_with_trigger.py for tasks to queue
[2026-03-18T17:57:08.228+0530] {logging_mixin.py:188} INFO - [2026-03-18T17:57:08.227+0530] {dagbag.py:540} INFO - Filling up the DagBag from /home/tejasvi/Desktop/airflow_ssh_simulation/venv/lib/python3.10/site-packages/airflow/example_dags/example_latest_only_with_trigger.py
[2026-03-18T17:57:08.243+0530] {processor.py:840} INFO - DAG(s) 'latest_only_with_trigger' retrieved from /home/tejasvi/Desktop/airflow_ssh_simulation/venv/lib/python3.10/site-packages/airflow/example_dags/example_latest_only_with_trigger.py
[2026-03-18T17:57:08.271+0530] {logging_mixin.py:188} INFO - [2026-03-18T17:57:08.270+0530] {dag.py:3047} INFO - Sync 1 DAGs
[2026-03-18T17:57:08.291+0530] {logging_mixin.py:188} INFO - [2026-03-18T17:57:08.291+0530] {dag.py:3834} INFO - Setting next_dagrun for latest_only_with_trigger to 2026-03-18 08:00:00+00:00, run_after=2026-03-18 12:00:00+00:00
[2026-03-18T17:57:08.370+0530] {processor.py:183} INFO - Processing /home/tejasvi/Desktop/airflow_ssh_simulation/venv/lib/python3.10/site-packages/airflow/example_dags/example_latest_only_with_trigger.py took 0.216 seconds
[2026-03-18T17:58:17.793+0530] {processor.py:161} INFO - Started process (PID=14994) to work on /home/tejasvi/Desktop/airflow_ssh_simulation/venv/lib/python3.10/site-packages/airflow/example_dags/example_latest_only_with_trigger.py
[2026-03-18T17:58:17.925+0530] {processor.py:830} INFO - Processing file /home/tejasvi/Desktop/airflow_ssh_simulation/venv/lib/python3.10/site-packages/airflow/example_dags/example_latest_only_with_trigger.py for tasks to queue
[2026-03-18T17:58:17.930+0530] {logging_mixin.py:188} INFO - [2026-03-18T17:58:17.929+0530] {dagbag.py:540} INFO - Filling up the DagBag from /home/tejasvi/Desktop/airflow_ssh_simulation/venv/lib/python3.10/site-packages/airflow/example_dags/example_latest_only_with_trigger.py
[2026-03-18T17:58:17.945+0530] {processor.py:840} INFO - DAG(s) 'latest_only_with_trigger' retrieved from /home/tejasvi/Desktop/airflow_ssh_simulation/venv/lib/python3.10/site-packages/airflow/example_dags/example_latest_only_with_trigger.py
[2026-03-18T17:58:17.978+0530] {logging_mixin.py:188} INFO - [2026-03-18T17:58:17.978+0530] {dag.py:3047} INFO - Sync 1 DAGs
[2026-03-18T17:58:18.002+0530] {logging_mixin.py:188} INFO - [2026-03-18T17:58:18.001+0530] {dag.py:3834} INFO - Setting next_dagrun for latest_only_with_trigger to 2026-03-18 08:00:00+00:00, run_after=2026-03-18 12:00:00+00:00
[2026-03-18T17:58:18.333+0530] {processor.py:183} INFO - Processing /home/tejasvi/Desktop/airflow_ssh_simulation/venv/lib/python3.10/site-packages/airflow/example_dags/example_latest_only_with_trigger.py took 0.547 seconds
[2026-03-18T17:59:16.477+0530] {processor.py:161} INFO - Started process (PID=15316) to work on /home/tejasvi/Desktop/airflow_ssh_simulation/venv/lib/python3.10/site-packages/airflow/example_dags/example_latest_only_with_trigger.py
[2026-03-18T17:59:16.481+0530] {processor.py:830} INFO - Processing file /home/tejasvi/Desktop/airflow_ssh_simulation/venv/lib/python3.10/site-packages/airflow/example_dags/example_latest_only_with_trigger.py for tasks to queue
[2026-03-18T17:59:16.484+0530] {logging_mixin.py:188} INFO - [2026-03-18T17:59:16.483+0530] {dagbag.py:540} INFO - Filling up the DagBag from /home/tejasvi/Desktop/airflow_ssh_simulation/venv/lib/python3.10/site-packages/airflow/example_dags/example_latest_only_with_trigger.py
[2026-03-18T17:59:16.491+0530] {processor.py:840} INFO - DAG(s) 'latest_only_with_trigger' retrieved from /home/tejasvi/Desktop/airflow_ssh_simulation/venv/lib/python3.10/site-packages/airflow/example_dags/example_latest_only_with_trigger.py
[2026-03-18T17:59:16.510+0530] {logging_mixin.py:188} INFO - [2026-03-18T17:59:16.510+0530] {dag.py:3047} INFO - Sync 1 DAGs
[2026-03-18T17:59:16.534+0530] {logging_mixin.py:188} INFO - [2026-03-18T17:59:16.534+0530] {dag.py:3834} INFO - Setting next_dagrun for latest_only_with_trigger to 2026-03-18 08:00:00+00:00, run_after=2026-03-18 12:00:00+00:00
[2026-03-18T17:59:16.650+0530] {processor.py:183} INFO - Processing /home/tejasvi/Desktop/airflow_ssh_simulation/venv/lib/python3.10/site-packages/airflow/example_dags/example_latest_only_with_trigger.py took 0.177 seconds
[2026-03-18T18:00:24.067+0530] {processor.py:161} INFO - Started process (PID=15481) to work on /home/tejasvi/Desktop/airflow_ssh_simulation/venv/lib/python3.10/site-packages/airflow/example_dags/example_latest_only_with_trigger.py
[2026-03-18T18:00:24.069+0530] {processor.py:830} INFO - Processing file /home/tejasvi/Desktop/airflow_ssh_simulation/venv/lib/python3.10/site-packages/airflow/example_dags/example_latest_only_with_trigger.py for tasks to queue
[2026-03-18T18:00:24.072+0530] {logging_mixin.py:188} INFO - [2026-03-18T18:00:24.071+0530] {dagbag.py:540} INFO - Filling up the DagBag from /home/tejasvi/Desktop/airflow_ssh_simulation/venv/lib/python3.10/site-packages/airflow/example_dags/example_latest_only_with_trigger.py
[2026-03-18T18:00:24.079+0530] {processor.py:840} INFO - DAG(s) 'latest_only_with_trigger' retrieved from /home/tejasvi/Desktop/airflow_ssh_simulation/venv/lib/python3.10/site-packages/airflow/example_dags/example_latest_only_with_trigger.py
[2026-03-18T18:00:24.097+0530] {logging_mixin.py:188} INFO - [2026-03-18T18:00:24.096+0530] {dag.py:3047} INFO - Sync 1 DAGs
[2026-03-18T18:00:24.118+0530] {logging_mixin.py:188} INFO - [2026-03-18T18:00:24.118+0530] {dag.py:3834} INFO - Setting next_dagrun for latest_only_with_trigger to 2026-03-18 08:00:00+00:00, run_after=2026-03-18 12:00:00+00:00
[2026-03-18T18:00:24.210+0530] {processor.py:183} INFO - Processing /home/tejasvi/Desktop/airflow_ssh_simulation/venv/lib/python3.10/site-packages/airflow/example_dags/example_latest_only_with_trigger.py took 0.152 seconds
[2026-03-18T18:01:24.248+0530] {processor.py:161} INFO - Started process (PID=16781) to work on /home/tejasvi/Desktop/airflow_ssh_simulation/venv/lib/python3.10/site-packages/airflow/example_dags/example_latest_only_with_trigger.py
[2026-03-18T18:01:24.332+0530] {processor.py:830} INFO - Processing file /home/tejasvi/Desktop/airflow_ssh_simulation/venv/lib/python3.10/site-packages/airflow/example_dags/example_latest_only_with_trigger.py for tasks to queue
[2026-03-18T18:01:24.338+0530] {logging_mixin.py:188} INFO - [2026-03-18T18:01:24.337+0530] {dagbag.py:540} INFO - Filling up the DagBag from /home/tejasvi/Desktop/airflow_ssh_simulation/venv/lib/python3.10/site-packages/airflow/example_dags/example_latest_only_with_trigger.py
[2026-03-18T18:01:24.357+0530] {processor.py:840} INFO - DAG(s) 'latest_only_with_trigger' retrieved from /home/tejasvi/Desktop/airflow_ssh_simulation/venv/lib/python3.10/site-packages/airflow/example_dags/example_latest_only_with_trigger.py
[2026-03-18T18:01:24.383+0530] {logging_mixin.py:188} INFO - [2026-03-18T18:01:24.382+0530] {dag.py:3047} INFO - Sync 1 DAGs
[2026-03-18T18:01:24.417+0530] {logging_mixin.py:188} INFO - [2026-03-18T18:01:24.417+0530] {dag.py:3834} INFO - Setting next_dagrun for latest_only_with_trigger to 2026-03-18 08:00:00+00:00, run_after=2026-03-18 12:00:00+00:00
[2026-03-18T18:01:24.497+0530] {processor.py:183} INFO - Processing /home/tejasvi/Desktop/airflow_ssh_simulation/venv/lib/python3.10/site-packages/airflow/example_dags/example_latest_only_with_trigger.py took 0.253 seconds
[2026-03-18T18:02:40.804+0530] {processor.py:161} INFO - Started process (PID=18006) to work on /home/tejasvi/Desktop/airflow_ssh_simulation/venv/lib/python3.10/site-packages/airflow/example_dags/example_latest_only_with_trigger.py
[2026-03-18T18:02:40.894+0530] {processor.py:830} INFO - Processing file /home/tejasvi/Desktop/airflow_ssh_simulation/venv/lib/python3.10/site-packages/airflow/example_dags/example_latest_only_with_trigger.py for tasks to queue
[2026-03-18T18:02:40.900+0530] {logging_mixin.py:188} INFO - [2026-03-18T18:02:40.899+0530] {dagbag.py:540} INFO - Filling up the DagBag from /home/tejasvi/Desktop/airflow_ssh_simulation/venv/lib/python3.10/site-packages/airflow/example_dags/example_latest_only_with_trigger.py
[2026-03-18T18:02:40.915+0530] {processor.py:840} INFO - DAG(s) 'latest_only_with_trigger' retrieved from /home/tejasvi/Desktop/airflow_ssh_simulation/venv/lib/python3.10/site-packages/airflow/example_dags/example_latest_only_with_trigger.py
[2026-03-18T18:02:40.936+0530] {logging_mixin.py:188} INFO - [2026-03-18T18:02:40.935+0530] {dag.py:3047} INFO - Sync 1 DAGs
[2026-03-18T18:02:40.959+0530] {logging_mixin.py:188} INFO - [2026-03-18T18:02:40.959+0530] {dag.py:3834} INFO - Setting next_dagrun for latest_only_with_trigger to 2026-03-18 08:00:00+00:00, run_after=2026-03-18 12:00:00+00:00
[2026-03-18T18:02:41.056+0530] {processor.py:183} INFO - Processing /home/tejasvi/Desktop/airflow_ssh_simulation/venv/lib/python3.10/site-packages/airflow/example_dags/example_latest_only_with_trigger.py took 0.257 seconds
[2026-03-18T18:03:50.233+0530] {processor.py:161} INFO - Started process (PID=18193) to work on /home/tejasvi/Desktop/airflow_ssh_simulation/venv/lib/python3.10/site-packages/airflow/example_dags/example_latest_only_with_trigger.py
[2026-03-18T18:03:50.293+0530] {processor.py:830} INFO - Processing file /home/tejasvi/Desktop/airflow_ssh_simulation/venv/lib/python3.10/site-packages/airflow/example_dags/example_latest_only_with_trigger.py for tasks to queue
[2026-03-18T18:03:50.296+0530] {logging_mixin.py:188} INFO - [2026-03-18T18:03:50.295+0530] {dagbag.py:540} INFO - Filling up the DagBag from /home/tejasvi/Desktop/airflow_ssh_simulation/venv/lib/python3.10/site-packages/airflow/example_dags/example_latest_only_with_trigger.py
[2026-03-18T18:03:50.306+0530] {processor.py:840} INFO - DAG(s) 'latest_only_with_trigger' retrieved from /home/tejasvi/Desktop/airflow_ssh_simulation/venv/lib/python3.10/site-packages/airflow/example_dags/example_latest_only_with_trigger.py
[2026-03-18T18:03:50.328+0530] {logging_mixin.py:188} INFO - [2026-03-18T18:03:50.328+0530] {dag.py:3047} INFO - Sync 1 DAGs
[2026-03-18T18:03:50.354+0530] {logging_mixin.py:188} INFO - [2026-03-18T18:03:50.353+0530] {dag.py:3834} INFO - Setting next_dagrun for latest_only_with_trigger to 2026-03-18 08:00:00+00:00, run_after=2026-03-18 12:00:00+00:00
[2026-03-18T18:03:50.474+0530] {processor.py:183} INFO - Processing /home/tejasvi/Desktop/airflow_ssh_simulation/venv/lib/python3.10/site-packages/airflow/example_dags/example_latest_only_with_trigger.py took 0.249 seconds
[2026-03-18T18:04:59.430+0530] {processor.py:161} INFO - Started process (PID=18685) to work on /home/tejasvi/Desktop/airflow_ssh_simulation/venv/lib/python3.10/site-packages/airflow/example_dags/example_latest_only_with_trigger.py
[2026-03-18T18:04:59.479+0530] {processor.py:830} INFO - Processing file /home/tejasvi/Desktop/airflow_ssh_simulation/venv/lib/python3.10/site-packages/airflow/example_dags/example_latest_only_with_trigger.py for tasks to queue
[2026-03-18T18:04:59.485+0530] {logging_mixin.py:188} INFO - [2026-03-18T18:04:59.484+0530] {dagbag.py:540} INFO - Filling up the DagBag from /home/tejasvi/Desktop/airflow_ssh_simulation/venv/lib/python3.10/site-packages/airflow/example_dags/example_latest_only_with_trigger.py
[2026-03-18T18:04:59.503+0530] {processor.py:840} INFO - DAG(s) 'latest_only_with_trigger' retrieved from /home/tejasvi/Desktop/airflow_ssh_simulation/venv/lib/python3.10/site-packages/airflow/example_dags/example_latest_only_with_trigger.py
[2026-03-18T18:04:59.525+0530] {logging_mixin.py:188} INFO - [2026-03-18T18:04:59.525+0530] {dag.py:3047} INFO - Sync 1 DAGs
[2026-03-18T18:04:59.550+0530] {logging_mixin.py:188} INFO - [2026-03-18T18:04:59.549+0530] {dag.py:3834} INFO - Setting next_dagrun for latest_only_with_trigger to 2026-03-18 08:00:00+00:00, run_after=2026-03-18 12:00:00+00:00
[2026-03-18T18:04:59.610+0530] {processor.py:183} INFO - Processing /home/tejasvi/Desktop/airflow_ssh_simulation/venv/lib/python3.10/site-packages/airflow/example_dags/example_latest_only_with_trigger.py took 0.189 seconds
[2026-03-18T18:06:04.537+0530] {processor.py:161} INFO - Started process (PID=18882) to work on /home/tejasvi/Desktop/airflow_ssh_simulation/venv/lib/python3.10/site-packages/airflow/example_dags/example_latest_only_with_trigger.py
[2026-03-18T18:06:04.605+0530] {processor.py:830} INFO - Processing file /home/tejasvi/Desktop/airflow_ssh_simulation/venv/lib/python3.10/site-packages/airflow/example_dags/example_latest_only_with_trigger.py for tasks to queue
[2026-03-18T18:06:04.611+0530] {logging_mixin.py:188} INFO - [2026-03-18T18:06:04.610+0530] {dagbag.py:540} INFO - Filling up the DagBag from /home/tejasvi/Desktop/airflow_ssh_simulation/venv/lib/python3.10/site-packages/airflow/example_dags/example_latest_only_with_trigger.py
[2026-03-18T18:06:04.627+0530] {processor.py:840} INFO - DAG(s) 'latest_only_with_trigger' retrieved from /home/tejasvi/Desktop/airflow_ssh_simulation/venv/lib/python3.10/site-packages/airflow/example_dags/example_latest_only_with_trigger.py
[2026-03-18T18:06:04.656+0530] {logging_mixin.py:188} INFO - [2026-03-18T18:06:04.656+0530] {dag.py:3047} INFO - Sync 1 DAGs
[2026-03-18T18:06:04.678+0530] {logging_mixin.py:188} INFO - [2026-03-18T18:06:04.678+0530] {dag.py:3834} INFO - Setting next_dagrun for latest_only_with_trigger to 2026-03-18 08:00:00+00:00, run_after=2026-03-18 12:00:00+00:00
[2026-03-18T18:06:04.737+0530] {processor.py:183} INFO - Processing /home/tejasvi/Desktop/airflow_ssh_simulation/venv/lib/python3.10/site-packages/airflow/example_dags/example_latest_only_with_trigger.py took 0.208 seconds
[2026-03-18T18:07:03.216+0530] {processor.py:161} INFO - Started process (PID=19038) to work on /home/tejasvi/Desktop/airflow_ssh_simulation/venv/lib/python3.10/site-packages/airflow/example_dags/example_latest_only_with_trigger.py
[2026-03-18T18:07:03.218+0530] {processor.py:830} INFO - Processing file /home/tejasvi/Desktop/airflow_ssh_simulation/venv/lib/python3.10/site-packages/airflow/example_dags/example_latest_only_with_trigger.py for tasks to queue
[2026-03-18T18:07:03.221+0530] {logging_mixin.py:188} INFO - [2026-03-18T18:07:03.221+0530] {dagbag.py:540} INFO - Filling up the DagBag from /home/tejasvi/Desktop/airflow_ssh_simulation/venv/lib/python3.10/site-packages/airflow/example_dags/example_latest_only_with_trigger.py
[2026-03-18T18:07:03.231+0530] {processor.py:840} INFO - DAG(s) 'latest_only_with_trigger' retrieved from /home/tejasvi/Desktop/airflow_ssh_simulation/venv/lib/python3.10/site-packages/airflow/example_dags/example_latest_only_with_trigger.py
[2026-03-18T18:07:03.251+0530] {logging_mixin.py:188} INFO - [2026-03-18T18:07:03.250+0530] {dag.py:3047} INFO - Sync 1 DAGs
[2026-03-18T18:07:03.273+0530] {logging_mixin.py:188} INFO - [2026-03-18T18:07:03.272+0530] {dag.py:3834} INFO - Setting next_dagrun for latest_only_with_trigger to 2026-03-18 08:00:00+00:00, run_after=2026-03-18 12:00:00+00:00
[2026-03-18T18:07:03.356+0530] {processor.py:183} INFO - Processing /home/tejasvi/Desktop/airflow_ssh_simulation/venv/lib/python3.10/site-packages/airflow/example_dags/example_latest_only_with_trigger.py took 0.145 seconds
[2026-03-18T18:08:05.105+0530] {processor.py:161} INFO - Started process (PID=19198) to work on /home/tejasvi/Desktop/airflow_ssh_simulation/venv/lib/python3.10/site-packages/airflow/example_dags/example_latest_only_with_trigger.py
[2026-03-18T18:08:05.131+0530] {processor.py:830} INFO - Processing file /home/tejasvi/Desktop/airflow_ssh_simulation/venv/lib/python3.10/site-packages/airflow/example_dags/example_latest_only_with_trigger.py for tasks to queue
[2026-03-18T18:08:05.136+0530] {logging_mixin.py:188} INFO - [2026-03-18T18:08:05.135+0530] {dagbag.py:540} INFO - Filling up the DagBag from /home/tejasvi/Desktop/airflow_ssh_simulation/venv/lib/python3.10/site-packages/airflow/example_dags/example_latest_only_with_trigger.py
[2026-03-18T18:08:05.147+0530] {processor.py:840} INFO - DAG(s) 'latest_only_with_trigger' retrieved from /home/tejasvi/Desktop/airflow_ssh_simulation/venv/lib/python3.10/site-packages/airflow/example_dags/example_latest_only_with_trigger.py
[2026-03-18T18:08:05.169+0530] {logging_mixin.py:188} INFO - [2026-03-18T18:08:05.169+0530] {dag.py:3047} INFO - Sync 1 DAGs
[2026-03-18T18:08:05.194+0530] {logging_mixin.py:188} INFO - [2026-03-18T18:08:05.194+0530] {dag.py:3834} INFO - Setting next_dagrun for latest_only_with_trigger to 2026-03-18 08:00:00+00:00, run_after=2026-03-18 12:00:00+00:00
[2026-03-18T18:08:05.259+0530] {processor.py:183} INFO - Processing /home/tejasvi/Desktop/airflow_ssh_simulation/venv/lib/python3.10/site-packages/airflow/example_dags/example_latest_only_with_trigger.py took 0.161 seconds
[2026-03-18T18:09:04.096+0530] {processor.py:161} INFO - Started process (PID=19361) to work on /home/tejasvi/Desktop/airflow_ssh_simulation/venv/lib/python3.10/site-packages/airflow/example_dags/example_latest_only_with_trigger.py
[2026-03-18T18:09:04.178+0530] {processor.py:830} INFO - Processing file /home/tejasvi/Desktop/airflow_ssh_simulation/venv/lib/python3.10/site-packages/airflow/example_dags/example_latest_only_with_trigger.py for tasks to queue
[2026-03-18T18:09:04.183+0530] {logging_mixin.py:188} INFO - [2026-03-18T18:09:04.182+0530] {dagbag.py:540} INFO - Filling up the DagBag from /home/tejasvi/Desktop/airflow_ssh_simulation/venv/lib/python3.10/site-packages/airflow/example_dags/example_latest_only_with_trigger.py
[2026-03-18T18:09:04.199+0530] {processor.py:840} INFO - DAG(s) 'latest_only_with_trigger' retrieved from /home/tejasvi/Desktop/airflow_ssh_simulation/venv/lib/python3.10/site-packages/airflow/example_dags/example_latest_only_with_trigger.py
[2026-03-18T18:09:04.230+0530] {logging_mixin.py:188} INFO - [2026-03-18T18:09:04.230+0530] {dag.py:3047} INFO - Sync 1 DAGs
[2026-03-18T18:09:04.253+0530] {logging_mixin.py:188} INFO - [2026-03-18T18:09:04.253+0530] {dag.py:3834} INFO - Setting next_dagrun for latest_only_with_trigger to 2026-03-18 08:00:00+00:00, run_after=2026-03-18 12:00:00+00:00
[2026-03-18T18:09:04.318+0530] {processor.py:183} INFO - Processing /home/tejasvi/Desktop/airflow_ssh_simulation/venv/lib/python3.10/site-packages/airflow/example_dags/example_latest_only_with_trigger.py took 0.229 seconds
[2026-03-18T18:10:01.857+0530] {processor.py:161} INFO - Started process (PID=19519) to work on /home/tejasvi/Desktop/airflow_ssh_simulation/venv/lib/python3.10/site-packages/airflow/example_dags/example_latest_only_with_trigger.py
[2026-03-18T18:10:01.932+0530] {processor.py:830} INFO - Processing file /home/tejasvi/Desktop/airflow_ssh_simulation/venv/lib/python3.10/site-packages/airflow/example_dags/example_latest_only_with_trigger.py for tasks to queue
[2026-03-18T18:10:01.938+0530] {logging_mixin.py:188} INFO - [2026-03-18T18:10:01.937+0530] {dagbag.py:540} INFO - Filling up the DagBag from /home/tejasvi/Desktop/airflow_ssh_simulation/venv/lib/python3.10/site-packages/airflow/example_dags/example_latest_only_with_trigger.py
[2026-03-18T18:10:01.958+0530] {processor.py:840} INFO - DAG(s) 'latest_only_with_trigger' retrieved from /home/tejasvi/Desktop/airflow_ssh_simulation/venv/lib/python3.10/site-packages/airflow/example_dags/example_latest_only_with_trigger.py
[2026-03-18T18:10:01.986+0530] {logging_mixin.py:188} INFO - [2026-03-18T18:10:01.986+0530] {dag.py:3047} INFO - Sync 1 DAGs
[2026-03-18T18:10:02.009+0530] {logging_mixin.py:188} INFO - [2026-03-18T18:10:02.009+0530] {dag.py:3834} INFO - Setting next_dagrun for latest_only_with_trigger to 2026-03-18 08:00:00+00:00, run_after=2026-03-18 12:00:00+00:00
[2026-03-18T18:10:02.069+0530] {processor.py:183} INFO - Processing /home/tejasvi/Desktop/airflow_ssh_simulation/venv/lib/python3.10/site-packages/airflow/example_dags/example_latest_only_with_trigger.py took 0.218 seconds
[2026-03-18T18:11:01.689+0530] {processor.py:161} INFO - Started process (PID=19723) to work on /home/tejasvi/Desktop/airflow_ssh_simulation/venv/lib/python3.10/site-packages/airflow/example_dags/example_latest_only_with_trigger.py
[2026-03-18T18:11:01.757+0530] {processor.py:830} INFO - Processing file /home/tejasvi/Desktop/airflow_ssh_simulation/venv/lib/python3.10/site-packages/airflow/example_dags/example_latest_only_with_trigger.py for tasks to queue
[2026-03-18T18:11:01.760+0530] {logging_mixin.py:188} INFO - [2026-03-18T18:11:01.760+0530] {dagbag.py:540} INFO - Filling up the DagBag from /home/tejasvi/Desktop/airflow_ssh_simulation/venv/lib/python3.10/site-packages/airflow/example_dags/example_latest_only_with_trigger.py
[2026-03-18T18:11:01.771+0530] {processor.py:840} INFO - DAG(s) 'latest_only_with_trigger' retrieved from /home/tejasvi/Desktop/airflow_ssh_simulation/venv/lib/python3.10/site-packages/airflow/example_dags/example_latest_only_with_trigger.py
[2026-03-18T18:11:01.790+0530] {logging_mixin.py:188} INFO - [2026-03-18T18:11:01.790+0530] {dag.py:3047} INFO - Sync 1 DAGs
[2026-03-18T18:11:01.815+0530] {logging_mixin.py:188} INFO - [2026-03-18T18:11:01.815+0530] {dag.py:3834} INFO - Setting next_dagrun for latest_only_with_trigger to 2026-03-18 08:00:00+00:00, run_after=2026-03-18 12:00:00+00:00
[2026-03-18T18:11:01.889+0530] {processor.py:183} INFO - Processing /home/tejasvi/Desktop/airflow_ssh_simulation/venv/lib/python3.10/site-packages/airflow/example_dags/example_latest_only_with_trigger.py took 0.206 seconds
[2026-03-18T18:12:10.848+0530] {processor.py:161} INFO - Started process (PID=19893) to work on /home/tejasvi/Desktop/airflow_ssh_simulation/venv/lib/python3.10/site-packages/airflow/example_dags/example_latest_only_with_trigger.py
[2026-03-18T18:12:10.913+0530] {processor.py:830} INFO - Processing file /home/tejasvi/Desktop/airflow_ssh_simulation/venv/lib/python3.10/site-packages/airflow/example_dags/example_latest_only_with_trigger.py for tasks to queue
[2026-03-18T18:12:10.918+0530] {logging_mixin.py:188} INFO - [2026-03-18T18:12:10.917+0530] {dagbag.py:540} INFO - Filling up the DagBag from /home/tejasvi/Desktop/airflow_ssh_simulation/venv/lib/python3.10/site-packages/airflow/example_dags/example_latest_only_with_trigger.py
[2026-03-18T18:12:10.926+0530] {processor.py:840} INFO - DAG(s) 'latest_only_with_trigger' retrieved from /home/tejasvi/Desktop/airflow_ssh_simulation/venv/lib/python3.10/site-packages/airflow/example_dags/example_latest_only_with_trigger.py
[2026-03-18T18:12:10.953+0530] {logging_mixin.py:188} INFO - [2026-03-18T18:12:10.953+0530] {dag.py:3047} INFO - Sync 1 DAGs
[2026-03-18T18:12:10.976+0530] {logging_mixin.py:188} INFO - [2026-03-18T18:12:10.976+0530] {dag.py:3834} INFO - Setting next_dagrun for latest_only_with_trigger to 2026-03-18 08:00:00+00:00, run_after=2026-03-18 12:00:00+00:00
[2026-03-18T18:12:11.198+0530] {processor.py:183} INFO - Processing /home/tejasvi/Desktop/airflow_ssh_simulation/venv/lib/python3.10/site-packages/airflow/example_dags/example_latest_only_with_trigger.py took 0.355 seconds
[2026-03-18T18:13:21.465+0530] {processor.py:161} INFO - Started process (PID=20057) to work on /home/tejasvi/Desktop/airflow_ssh_simulation/venv/lib/python3.10/site-packages/airflow/example_dags/example_latest_only_with_trigger.py
[2026-03-18T18:13:21.551+0530] {processor.py:830} INFO - Processing file /home/tejasvi/Desktop/airflow_ssh_simulation/venv/lib/python3.10/site-packages/airflow/example_dags/example_latest_only_with_trigger.py for tasks to queue
[2026-03-18T18:13:21.554+0530] {logging_mixin.py:188} INFO - [2026-03-18T18:13:21.554+0530] {dagbag.py:540} INFO - Filling up the DagBag from /home/tejasvi/Desktop/airflow_ssh_simulation/venv/lib/python3.10/site-packages/airflow/example_dags/example_latest_only_with_trigger.py
[2026-03-18T18:13:21.563+0530] {processor.py:840} INFO - DAG(s) 'latest_only_with_trigger' retrieved from /home/tejasvi/Desktop/airflow_ssh_simulation/venv/lib/python3.10/site-packages/airflow/example_dags/example_latest_only_with_trigger.py
[2026-03-18T18:13:21.582+0530] {logging_mixin.py:188} INFO - [2026-03-18T18:13:21.581+0530] {dag.py:3047} INFO - Sync 1 DAGs
[2026-03-18T18:13:21.604+0530] {logging_mixin.py:188} INFO - [2026-03-18T18:13:21.604+0530] {dag.py:3834} INFO - Setting next_dagrun for latest_only_with_trigger to 2026-03-18 08:00:00+00:00, run_after=2026-03-18 12:00:00+00:00
[2026-03-18T18:13:21.738+0530] {processor.py:183} INFO - Processing /home/tejasvi/Desktop/airflow_ssh_simulation/venv/lib/python3.10/site-packages/airflow/example_dags/example_latest_only_with_trigger.py took 0.278 seconds
[2026-03-18T18:14:44.817+0530] {processor.py:161} INFO - Started process (PID=20250) to work on /home/tejasvi/Desktop/airflow_ssh_simulation/venv/lib/python3.10/site-packages/airflow/example_dags/example_latest_only_with_trigger.py
[2026-03-18T18:14:44.822+0530] {processor.py:830} INFO - Processing file /home/tejasvi/Desktop/airflow_ssh_simulation/venv/lib/python3.10/site-packages/airflow/example_dags/example_latest_only_with_trigger.py for tasks to queue
[2026-03-18T18:14:44.825+0530] {logging_mixin.py:188} INFO - [2026-03-18T18:14:44.824+0530] {dagbag.py:540} INFO - Filling up the DagBag from /home/tejasvi/Desktop/airflow_ssh_simulation/venv/lib/python3.10/site-packages/airflow/example_dags/example_latest_only_with_trigger.py
[2026-03-18T18:14:44.833+0530] {processor.py:840} INFO - DAG(s) 'latest_only_with_trigger' retrieved from /home/tejasvi/Desktop/airflow_ssh_simulation/venv/lib/python3.10/site-packages/airflow/example_dags/example_latest_only_with_trigger.py
[2026-03-18T18:14:44.852+0530] {logging_mixin.py:188} INFO - [2026-03-18T18:14:44.852+0530] {dag.py:3047} INFO - Sync 1 DAGs
[2026-03-18T18:14:44.878+0530] {logging_mixin.py:188} INFO - [2026-03-18T18:14:44.878+0530] {dag.py:3834} INFO - Setting next_dagrun for latest_only_with_trigger to 2026-03-18 08:00:00+00:00, run_after=2026-03-18 12:00:00+00:00
[2026-03-18T18:14:45.009+0530] {processor.py:183} INFO - Processing /home/tejasvi/Desktop/airflow_ssh_simulation/venv/lib/python3.10/site-packages/airflow/example_dags/example_latest_only_with_trigger.py took 0.197 seconds
[2026-03-18T18:15:55.108+0530] {processor.py:161} INFO - Started process (PID=20416) to work on /home/tejasvi/Desktop/airflow_ssh_simulation/venv/lib/python3.10/site-packages/airflow/example_dags/example_latest_only_with_trigger.py
[2026-03-18T18:15:55.190+0530] {processor.py:830} INFO - Processing file /home/tejasvi/Desktop/airflow_ssh_simulation/venv/lib/python3.10/site-packages/airflow/example_dags/example_latest_only_with_trigger.py for tasks to queue
[2026-03-18T18:15:55.196+0530] {logging_mixin.py:188} INFO - [2026-03-18T18:15:55.195+0530] {dagbag.py:540} INFO - Filling up the DagBag from /home/tejasvi/Desktop/airflow_ssh_simulation/venv/lib/python3.10/site-packages/airflow/example_dags/example_latest_only_with_trigger.py
[2026-03-18T18:15:55.214+0530] {processor.py:840} INFO - DAG(s) 'latest_only_with_trigger' retrieved from /home/tejasvi/Desktop/airflow_ssh_simulation/venv/lib/python3.10/site-packages/airflow/example_dags/example_latest_only_with_trigger.py
[2026-03-18T18:15:55.245+0530] {logging_mixin.py:188} INFO - [2026-03-18T18:15:55.244+0530] {dag.py:3047} INFO - Sync 1 DAGs
[2026-03-18T18:15:55.267+0530] {logging_mixin.py:188} INFO - [2026-03-18T18:15:55.267+0530] {dag.py:3834} INFO - Setting next_dagrun for latest_only_with_trigger to 2026-03-18 08:00:00+00:00, run_after=2026-03-18 12:00:00+00:00
[2026-03-18T18:15:55.341+0530] {processor.py:183} INFO - Processing /home/tejasvi/Desktop/airflow_ssh_simulation/venv/lib/python3.10/site-packages/airflow/example_dags/example_latest_only_with_trigger.py took 0.240 seconds
[2026-03-18T18:16:58.795+0530] {processor.py:161} INFO - Started process (PID=20619) to work on /home/tejasvi/Desktop/airflow_ssh_simulation/venv/lib/python3.10/site-packages/airflow/example_dags/example_latest_only_with_trigger.py
[2026-03-18T18:16:58.879+0530] {processor.py:830} INFO - Processing file /home/tejasvi/Desktop/airflow_ssh_simulation/venv/lib/python3.10/site-packages/airflow/example_dags/example_latest_only_with_trigger.py for tasks to queue
[2026-03-18T18:16:58.884+0530] {logging_mixin.py:188} INFO - [2026-03-18T18:16:58.883+0530] {dagbag.py:540} INFO - Filling up the DagBag from /home/tejasvi/Desktop/airflow_ssh_simulation/venv/lib/python3.10/site-packages/airflow/example_dags/example_latest_only_with_trigger.py
[2026-03-18T18:16:58.895+0530] {processor.py:840} INFO - DAG(s) 'latest_only_with_trigger' retrieved from /home/tejasvi/Desktop/airflow_ssh_simulation/venv/lib/python3.10/site-packages/airflow/example_dags/example_latest_only_with_trigger.py
[2026-03-18T18:16:58.917+0530] {logging_mixin.py:188} INFO - [2026-03-18T18:16:58.917+0530] {dag.py:3047} INFO - Sync 1 DAGs
[2026-03-18T18:16:58.943+0530] {logging_mixin.py:188} INFO - [2026-03-18T18:16:58.942+0530] {dag.py:3834} INFO - Setting next_dagrun for latest_only_with_trigger to 2026-03-18 08:00:00+00:00, run_after=2026-03-18 12:00:00+00:00
[2026-03-18T18:16:59.021+0530] {processor.py:183} INFO - Processing /home/tejasvi/Desktop/airflow_ssh_simulation/venv/lib/python3.10/site-packages/airflow/example_dags/example_latest_only_with_trigger.py took 0.231 seconds
[2026-03-18T18:18:19.069+0530] {processor.py:161} INFO - Started process (PID=22001) to work on /home/tejasvi/Desktop/airflow_ssh_simulation/venv/lib/python3.10/site-packages/airflow/example_dags/example_latest_only_with_trigger.py
[2026-03-18T18:18:19.107+0530] {processor.py:830} INFO - Processing file /home/tejasvi/Desktop/airflow_ssh_simulation/venv/lib/python3.10/site-packages/airflow/example_dags/example_latest_only_with_trigger.py for tasks to queue
[2026-03-18T18:18:19.111+0530] {logging_mixin.py:188} INFO - [2026-03-18T18:18:19.110+0530] {dagbag.py:540} INFO - Filling up the DagBag from /home/tejasvi/Desktop/airflow_ssh_simulation/venv/lib/python3.10/site-packages/airflow/example_dags/example_latest_only_with_trigger.py
[2026-03-18T18:18:19.126+0530] {processor.py:840} INFO - DAG(s) 'latest_only_with_trigger' retrieved from /home/tejasvi/Desktop/airflow_ssh_simulation/venv/lib/python3.10/site-packages/airflow/example_dags/example_latest_only_with_trigger.py
[2026-03-18T18:18:19.167+0530] {logging_mixin.py:188} INFO - [2026-03-18T18:18:19.166+0530] {dag.py:3047} INFO - Sync 1 DAGs
[2026-03-18T18:18:19.214+0530] {logging_mixin.py:188} INFO - [2026-03-18T18:18:19.213+0530] {dag.py:3834} INFO - Setting next_dagrun for latest_only_with_trigger to 2026-03-18 08:00:00+00:00, run_after=2026-03-18 12:00:00+00:00
[2026-03-18T18:18:19.307+0530] {processor.py:183} INFO - Processing /home/tejasvi/Desktop/airflow_ssh_simulation/venv/lib/python3.10/site-packages/airflow/example_dags/example_latest_only_with_trigger.py took 0.247 seconds
[2026-03-18T18:19:28.107+0530] {processor.py:161} INFO - Started process (PID=22185) to work on /home/tejasvi/Desktop/airflow_ssh_simulation/venv/lib/python3.10/site-packages/airflow/example_dags/example_latest_only_with_trigger.py
[2026-03-18T18:19:28.109+0530] {processor.py:830} INFO - Processing file /home/tejasvi/Desktop/airflow_ssh_simulation/venv/lib/python3.10/site-packages/airflow/example_dags/example_latest_only_with_trigger.py for tasks to queue
[2026-03-18T18:19:28.112+0530] {logging_mixin.py:188} INFO - [2026-03-18T18:19:28.111+0530] {dagbag.py:540} INFO - Filling up the DagBag from /home/tejasvi/Desktop/airflow_ssh_simulation/venv/lib/python3.10/site-packages/airflow/example_dags/example_latest_only_with_trigger.py
[2026-03-18T18:19:28.120+0530] {processor.py:840} INFO - DAG(s) 'latest_only_with_trigger' retrieved from /home/tejasvi/Desktop/airflow_ssh_simulation/venv/lib/python3.10/site-packages/airflow/example_dags/example_latest_only_with_trigger.py
[2026-03-18T18:19:28.140+0530] {logging_mixin.py:188} INFO - [2026-03-18T18:19:28.140+0530] {dag.py:3047} INFO - Sync 1 DAGs
[2026-03-18T18:19:28.164+0530] {logging_mixin.py:188} INFO - [2026-03-18T18:19:28.164+0530] {dag.py:3834} INFO - Setting next_dagrun for latest_only_with_trigger to 2026-03-18 08:00:00+00:00, run_after=2026-03-18 12:00:00+00:00
[2026-03-18T18:19:28.265+0530] {processor.py:183} INFO - Processing /home/tejasvi/Desktop/airflow_ssh_simulation/venv/lib/python3.10/site-packages/airflow/example_dags/example_latest_only_with_trigger.py took 0.163 seconds
[2026-03-18T18:20:40.097+0530] {processor.py:161} INFO - Started process (PID=22390) to work on /home/tejasvi/Desktop/airflow_ssh_simulation/venv/lib/python3.10/site-packages/airflow/example_dags/example_latest_only_with_trigger.py
[2026-03-18T18:20:40.194+0530] {processor.py:830} INFO - Processing file /home/tejasvi/Desktop/airflow_ssh_simulation/venv/lib/python3.10/site-packages/airflow/example_dags/example_latest_only_with_trigger.py for tasks to queue
[2026-03-18T18:20:40.198+0530] {logging_mixin.py:188} INFO - [2026-03-18T18:20:40.197+0530] {dagbag.py:540} INFO - Filling up the DagBag from /home/tejasvi/Desktop/airflow_ssh_simulation/venv/lib/python3.10/site-packages/airflow/example_dags/example_latest_only_with_trigger.py
[2026-03-18T18:20:40.207+0530] {processor.py:840} INFO - DAG(s) 'latest_only_with_trigger' retrieved from /home/tejasvi/Desktop/airflow_ssh_simulation/venv/lib/python3.10/site-packages/airflow/example_dags/example_latest_only_with_trigger.py
[2026-03-18T18:20:40.228+0530] {logging_mixin.py:188} INFO - [2026-03-18T18:20:40.227+0530] {dag.py:3047} INFO - Sync 1 DAGs
[2026-03-18T18:20:40.254+0530] {logging_mixin.py:188} INFO - [2026-03-18T18:20:40.253+0530] {dag.py:3834} INFO - Setting next_dagrun for latest_only_with_trigger to 2026-03-18 08:00:00+00:00, run_after=2026-03-18 12:00:00+00:00
[2026-03-18T18:20:40.333+0530] {processor.py:183} INFO - Processing /home/tejasvi/Desktop/airflow_ssh_simulation/venv/lib/python3.10/site-packages/airflow/example_dags/example_latest_only_with_trigger.py took 0.240 seconds
[2026-03-18T18:21:45.925+0530] {processor.py:161} INFO - Started process (PID=22588) to work on /home/tejasvi/Desktop/airflow_ssh_simulation/venv/lib/python3.10/site-packages/airflow/example_dags/example_latest_only_with_trigger.py
[2026-03-18T18:21:45.927+0530] {processor.py:830} INFO - Processing file /home/tejasvi/Desktop/airflow_ssh_simulation/venv/lib/python3.10/site-packages/airflow/example_dags/example_latest_only_with_trigger.py for tasks to queue
[2026-03-18T18:21:45.930+0530] {logging_mixin.py:188} INFO - [2026-03-18T18:21:45.929+0530] {dagbag.py:540} INFO - Filling up the DagBag from /home/tejasvi/Desktop/airflow_ssh_simulation/venv/lib/python3.10/site-packages/airflow/example_dags/example_latest_only_with_trigger.py
[2026-03-18T18:21:45.938+0530] {processor.py:840} INFO - DAG(s) 'latest_only_with_trigger' retrieved from /home/tejasvi/Desktop/airflow_ssh_simulation/venv/lib/python3.10/site-packages/airflow/example_dags/example_latest_only_with_trigger.py
[2026-03-18T18:21:45.959+0530] {logging_mixin.py:188} INFO - [2026-03-18T18:21:45.958+0530] {dag.py:3047} INFO - Sync 1 DAGs
[2026-03-18T18:21:45.983+0530] {logging_mixin.py:188} INFO - [2026-03-18T18:21:45.982+0530] {dag.py:3834} INFO - Setting next_dagrun for latest_only_with_trigger to 2026-03-18 08:00:00+00:00, run_after=2026-03-18 12:00:00+00:00
[2026-03-18T18:21:46.063+0530] {processor.py:183} INFO - Processing /home/tejasvi/Desktop/airflow_ssh_simulation/venv/lib/python3.10/site-packages/airflow/example_dags/example_latest_only_with_trigger.py took 0.142 seconds
[2026-03-18T18:22:57.644+0530] {processor.py:161} INFO - Started process (PID=22769) to work on /home/tejasvi/Desktop/airflow_ssh_simulation/venv/lib/python3.10/site-packages/airflow/example_dags/example_latest_only_with_trigger.py
[2026-03-18T18:22:58.074+0530] {processor.py:830} INFO - Processing file /home/tejasvi/Desktop/airflow_ssh_simulation/venv/lib/python3.10/site-packages/airflow/example_dags/example_latest_only_with_trigger.py for tasks to queue
[2026-03-18T18:22:58.078+0530] {logging_mixin.py:188} INFO - [2026-03-18T18:22:58.077+0530] {dagbag.py:540} INFO - Filling up the DagBag from /home/tejasvi/Desktop/airflow_ssh_simulation/venv/lib/python3.10/site-packages/airflow/example_dags/example_latest_only_with_trigger.py
[2026-03-18T18:22:58.087+0530] {processor.py:840} INFO - DAG(s) 'latest_only_with_trigger' retrieved from /home/tejasvi/Desktop/airflow_ssh_simulation/venv/lib/python3.10/site-packages/airflow/example_dags/example_latest_only_with_trigger.py
[2026-03-18T18:22:58.107+0530] {logging_mixin.py:188} INFO - [2026-03-18T18:22:58.106+0530] {dag.py:3047} INFO - Sync 1 DAGs
[2026-03-18T18:22:58.131+0530] {logging_mixin.py:188} INFO - [2026-03-18T18:22:58.131+0530] {dag.py:3834} INFO - Setting next_dagrun for latest_only_with_trigger to 2026-03-18 08:00:00+00:00, run_after=2026-03-18 12:00:00+00:00
[2026-03-18T18:22:58.257+0530] {processor.py:183} INFO - Processing /home/tejasvi/Desktop/airflow_ssh_simulation/venv/lib/python3.10/site-packages/airflow/example_dags/example_latest_only_with_trigger.py took 0.618 seconds
[2026-03-18T18:24:00.842+0530] {processor.py:161} INFO - Started process (PID=22926) to work on /home/tejasvi/Desktop/airflow_ssh_simulation/venv/lib/python3.10/site-packages/airflow/example_dags/example_latest_only_with_trigger.py
[2026-03-18T18:24:00.844+0530] {processor.py:830} INFO - Processing file /home/tejasvi/Desktop/airflow_ssh_simulation/venv/lib/python3.10/site-packages/airflow/example_dags/example_latest_only_with_trigger.py for tasks to queue
[2026-03-18T18:24:00.846+0530] {logging_mixin.py:188} INFO - [2026-03-18T18:24:00.846+0530] {dagbag.py:540} INFO - Filling up the DagBag from /home/tejasvi/Desktop/airflow_ssh_simulation/venv/lib/python3.10/site-packages/airflow/example_dags/example_latest_only_with_trigger.py
[2026-03-18T18:24:00.855+0530] {processor.py:840} INFO - DAG(s) 'latest_only_with_trigger' retrieved from /home/tejasvi/Desktop/airflow_ssh_simulation/venv/lib/python3.10/site-packages/airflow/example_dags/example_latest_only_with_trigger.py
[2026-03-18T18:24:00.875+0530] {logging_mixin.py:188} INFO - [2026-03-18T18:24:00.875+0530] {dag.py:3047} INFO - Sync 1 DAGs
[2026-03-18T18:24:00.899+0530] {logging_mixin.py:188} INFO - [2026-03-18T18:24:00.899+0530] {dag.py:3834} INFO - Setting next_dagrun for latest_only_with_trigger to 2026-03-18 08:00:00+00:00, run_after=2026-03-18 12:00:00+00:00
[2026-03-18T18:24:01.265+0530] {processor.py:183} INFO - Processing /home/tejasvi/Desktop/airflow_ssh_simulation/venv/lib/python3.10/site-packages/airflow/example_dags/example_latest_only_with_trigger.py took 0.428 seconds
[2026-03-18T18:25:07.484+0530] {processor.py:161} INFO - Started process (PID=23100) to work on /home/tejasvi/Desktop/airflow_ssh_simulation/venv/lib/python3.10/site-packages/airflow/example_dags/example_latest_only_with_trigger.py
[2026-03-18T18:25:07.497+0530] {processor.py:830} INFO - Processing file /home/tejasvi/Desktop/airflow_ssh_simulation/venv/lib/python3.10/site-packages/airflow/example_dags/example_latest_only_with_trigger.py for tasks to queue
[2026-03-18T18:25:07.504+0530] {logging_mixin.py:188} INFO - [2026-03-18T18:25:07.503+0530] {dagbag.py:540} INFO - Filling up the DagBag from /home/tejasvi/Desktop/airflow_ssh_simulation/venv/lib/python3.10/site-packages/airflow/example_dags/example_latest_only_with_trigger.py
[2026-03-18T18:25:07.512+0530] {processor.py:840} INFO - DAG(s) 'latest_only_with_trigger' retrieved from /home/tejasvi/Desktop/airflow_ssh_simulation/venv/lib/python3.10/site-packages/airflow/example_dags/example_latest_only_with_trigger.py
[2026-03-18T18:25:07.534+0530] {logging_mixin.py:188} INFO - [2026-03-18T18:25:07.533+0530] {dag.py:3047} INFO - Sync 1 DAGs
[2026-03-18T18:25:07.559+0530] {logging_mixin.py:188} INFO - [2026-03-18T18:25:07.559+0530] {dag.py:3834} INFO - Setting next_dagrun for latest_only_with_trigger to 2026-03-18 08:00:00+00:00, run_after=2026-03-18 12:00:00+00:00
[2026-03-18T18:25:07.611+0530] {processor.py:183} INFO - Processing /home/tejasvi/Desktop/airflow_ssh_simulation/venv/lib/python3.10/site-packages/airflow/example_dags/example_latest_only_with_trigger.py took 0.132 seconds
[2026-03-18T18:26:05.561+0530] {processor.py:161} INFO - Started process (PID=23280) to work on /home/tejasvi/Desktop/airflow_ssh_simulation/venv/lib/python3.10/site-packages/airflow/example_dags/example_latest_only_with_trigger.py
[2026-03-18T18:26:05.567+0530] {processor.py:830} INFO - Processing file /home/tejasvi/Desktop/airflow_ssh_simulation/venv/lib/python3.10/site-packages/airflow/example_dags/example_latest_only_with_trigger.py for tasks to queue
[2026-03-18T18:26:05.571+0530] {logging_mixin.py:188} INFO - [2026-03-18T18:26:05.571+0530] {dagbag.py:540} INFO - Filling up the DagBag from /home/tejasvi/Desktop/airflow_ssh_simulation/venv/lib/python3.10/site-packages/airflow/example_dags/example_latest_only_with_trigger.py
[2026-03-18T18:26:05.580+0530] {processor.py:840} INFO - DAG(s) 'latest_only_with_trigger' retrieved from /home/tejasvi/Desktop/airflow_ssh_simulation/venv/lib/python3.10/site-packages/airflow/example_dags/example_latest_only_with_trigger.py
[2026-03-18T18:26:05.599+0530] {logging_mixin.py:188} INFO - [2026-03-18T18:26:05.598+0530] {dag.py:3047} INFO - Sync 1 DAGs
[2026-03-18T18:26:05.620+0530] {logging_mixin.py:188} INFO - [2026-03-18T18:26:05.620+0530] {dag.py:3834} INFO - Setting next_dagrun for latest_only_with_trigger to 2026-03-18 08:00:00+00:00, run_after=2026-03-18 12:00:00+00:00
[2026-03-18T18:26:05.684+0530] {processor.py:183} INFO - Processing /home/tejasvi/Desktop/airflow_ssh_simulation/venv/lib/python3.10/site-packages/airflow/example_dags/example_latest_only_with_trigger.py took 0.129 seconds
[2026-03-18T18:27:04.548+0530] {processor.py:161} INFO - Started process (PID=23457) to work on /home/tejasvi/Desktop/airflow_ssh_simulation/venv/lib/python3.10/site-packages/airflow/example_dags/example_latest_only_with_trigger.py
[2026-03-18T18:27:04.567+0530] {processor.py:830} INFO - Processing file /home/tejasvi/Desktop/airflow_ssh_simulation/venv/lib/python3.10/site-packages/airflow/example_dags/example_latest_only_with_trigger.py for tasks to queue
[2026-03-18T18:27:04.572+0530] {logging_mixin.py:188} INFO - [2026-03-18T18:27:04.571+0530] {dagbag.py:540} INFO - Filling up the DagBag from /home/tejasvi/Desktop/airflow_ssh_simulation/venv/lib/python3.10/site-packages/airflow/example_dags/example_latest_only_with_trigger.py
[2026-03-18T18:27:04.582+0530] {processor.py:840} INFO - DAG(s) 'latest_only_with_trigger' retrieved from /home/tejasvi/Desktop/airflow_ssh_simulation/venv/lib/python3.10/site-packages/airflow/example_dags/example_latest_only_with_trigger.py
[2026-03-18T18:27:04.604+0530] {logging_mixin.py:188} INFO - [2026-03-18T18:27:04.603+0530] {dag.py:3047} INFO - Sync 1 DAGs
[2026-03-18T18:27:04.627+0530] {logging_mixin.py:188} INFO - [2026-03-18T18:27:04.627+0530] {dag.py:3834} INFO - Setting next_dagrun for latest_only_with_trigger to 2026-03-18 08:00:00+00:00, run_after=2026-03-18 12:00:00+00:00
[2026-03-18T18:27:04.697+0530] {processor.py:183} INFO - Processing /home/tejasvi/Desktop/airflow_ssh_simulation/venv/lib/python3.10/site-packages/airflow/example_dags/example_latest_only_with_trigger.py took 0.156 seconds
[2026-03-18T18:28:05.714+0530] {processor.py:161} INFO - Started process (PID=23626) to work on /home/tejasvi/Desktop/airflow_ssh_simulation/venv/lib/python3.10/site-packages/airflow/example_dags/example_latest_only_with_trigger.py
[2026-03-18T18:28:05.852+0530] {processor.py:830} INFO - Processing file /home/tejasvi/Desktop/airflow_ssh_simulation/venv/lib/python3.10/site-packages/airflow/example_dags/example_latest_only_with_trigger.py for tasks to queue
[2026-03-18T18:28:05.858+0530] {logging_mixin.py:188} INFO - [2026-03-18T18:28:05.856+0530] {dagbag.py:540} INFO - Filling up the DagBag from /home/tejasvi/Desktop/airflow_ssh_simulation/venv/lib/python3.10/site-packages/airflow/example_dags/example_latest_only_with_trigger.py
[2026-03-18T18:28:05.870+0530] {processor.py:840} INFO - DAG(s) 'latest_only_with_trigger' retrieved from /home/tejasvi/Desktop/airflow_ssh_simulation/venv/lib/python3.10/site-packages/airflow/example_dags/example_latest_only_with_trigger.py
[2026-03-18T18:28:05.891+0530] {logging_mixin.py:188} INFO - [2026-03-18T18:28:05.891+0530] {dag.py:3047} INFO - Sync 1 DAGs
[2026-03-18T18:28:05.919+0530] {logging_mixin.py:188} INFO - [2026-03-18T18:28:05.918+0530] {dag.py:3834} INFO - Setting next_dagrun for latest_only_with_trigger to 2026-03-18 08:00:00+00:00, run_after=2026-03-18 12:00:00+00:00
[2026-03-18T18:28:06.099+0530] {processor.py:183} INFO - Processing /home/tejasvi/Desktop/airflow_ssh_simulation/venv/lib/python3.10/site-packages/airflow/example_dags/example_latest_only_with_trigger.py took 0.390 seconds
[2026-03-18T18:29:34.439+0530] {processor.py:161} INFO - Started process (PID=23845) to work on /home/tejasvi/Desktop/airflow_ssh_simulation/venv/lib/python3.10/site-packages/airflow/example_dags/example_latest_only_with_trigger.py
[2026-03-18T18:29:34.511+0530] {processor.py:830} INFO - Processing file /home/tejasvi/Desktop/airflow_ssh_simulation/venv/lib/python3.10/site-packages/airflow/example_dags/example_latest_only_with_trigger.py for tasks to queue
[2026-03-18T18:29:34.514+0530] {logging_mixin.py:188} INFO - [2026-03-18T18:29:34.514+0530] {dagbag.py:540} INFO - Filling up the DagBag from /home/tejasvi/Desktop/airflow_ssh_simulation/venv/lib/python3.10/site-packages/airflow/example_dags/example_latest_only_with_trigger.py
[2026-03-18T18:29:34.524+0530] {processor.py:840} INFO - DAG(s) 'latest_only_with_trigger' retrieved from /home/tejasvi/Desktop/airflow_ssh_simulation/venv/lib/python3.10/site-packages/airflow/example_dags/example_latest_only_with_trigger.py
[2026-03-18T18:29:34.546+0530] {logging_mixin.py:188} INFO - [2026-03-18T18:29:34.545+0530] {dag.py:3047} INFO - Sync 1 DAGs
[2026-03-18T18:29:34.572+0530] {logging_mixin.py:188} INFO - [2026-03-18T18:29:34.572+0530] {dag.py:3834} INFO - Setting next_dagrun for latest_only_with_trigger to 2026-03-18 08:00:00+00:00, run_after=2026-03-18 12:00:00+00:00
[2026-03-18T18:29:34.654+0530] {processor.py:183} INFO - Processing /home/tejasvi/Desktop/airflow_ssh_simulation/venv/lib/python3.10/site-packages/airflow/example_dags/example_latest_only_with_trigger.py took 0.219 seconds
[2026-03-18T18:30:47.547+0530] {processor.py:161} INFO - Started process (PID=24029) to work on /home/tejasvi/Desktop/airflow_ssh_simulation/venv/lib/python3.10/site-packages/airflow/example_dags/example_latest_only_with_trigger.py
[2026-03-18T18:30:47.737+0530] {processor.py:830} INFO - Processing file /home/tejasvi/Desktop/airflow_ssh_simulation/venv/lib/python3.10/site-packages/airflow/example_dags/example_latest_only_with_trigger.py for tasks to queue
[2026-03-18T18:30:47.740+0530] {logging_mixin.py:188} INFO - [2026-03-18T18:30:47.739+0530] {dagbag.py:540} INFO - Filling up the DagBag from /home/tejasvi/Desktop/airflow_ssh_simulation/venv/lib/python3.10/site-packages/airflow/example_dags/example_latest_only_with_trigger.py
[2026-03-18T18:30:47.749+0530] {processor.py:840} INFO - DAG(s) 'latest_only_with_trigger' retrieved from /home/tejasvi/Desktop/airflow_ssh_simulation/venv/lib/python3.10/site-packages/airflow/example_dags/example_latest_only_with_trigger.py
[2026-03-18T18:30:47.766+0530] {logging_mixin.py:188} INFO - [2026-03-18T18:30:47.766+0530] {dag.py:3047} INFO - Sync 1 DAGs
[2026-03-18T18:30:47.787+0530] {logging_mixin.py:188} INFO - [2026-03-18T18:30:47.787+0530] {dag.py:3834} INFO - Setting next_dagrun for latest_only_with_trigger to 2026-03-18 08:00:00+00:00, run_after=2026-03-18 12:00:00+00:00
[2026-03-18T18:30:47.960+0530] {processor.py:183} INFO - Processing /home/tejasvi/Desktop/airflow_ssh_simulation/venv/lib/python3.10/site-packages/airflow/example_dags/example_latest_only_with_trigger.py took 0.421 seconds
[2026-03-18T18:32:01.855+0530] {processor.py:161} INFO - Started process (PID=24439) to work on /home/tejasvi/Desktop/airflow_ssh_simulation/venv/lib/python3.10/site-packages/airflow/example_dags/example_latest_only_with_trigger.py
[2026-03-18T18:32:01.929+0530] {processor.py:830} INFO - Processing file /home/tejasvi/Desktop/airflow_ssh_simulation/venv/lib/python3.10/site-packages/airflow/example_dags/example_latest_only_with_trigger.py for tasks to queue
[2026-03-18T18:32:01.933+0530] {logging_mixin.py:188} INFO - [2026-03-18T18:32:01.932+0530] {dagbag.py:540} INFO - Filling up the DagBag from /home/tejasvi/Desktop/airflow_ssh_simulation/venv/lib/python3.10/site-packages/airflow/example_dags/example_latest_only_with_trigger.py
[2026-03-18T18:32:01.942+0530] {processor.py:840} INFO - DAG(s) 'latest_only_with_trigger' retrieved from /home/tejasvi/Desktop/airflow_ssh_simulation/venv/lib/python3.10/site-packages/airflow/example_dags/example_latest_only_with_trigger.py
[2026-03-18T18:32:01.958+0530] {logging_mixin.py:188} INFO - [2026-03-18T18:32:01.958+0530] {dag.py:3047} INFO - Sync 1 DAGs
[2026-03-18T18:32:01.979+0530] {logging_mixin.py:188} INFO - [2026-03-18T18:32:01.978+0530] {dag.py:3834} INFO - Setting next_dagrun for latest_only_with_trigger to 2026-03-18 08:00:00+00:00, run_after=2026-03-18 12:00:00+00:00
[2026-03-18T18:32:02.070+0530] {processor.py:183} INFO - Processing /home/tejasvi/Desktop/airflow_ssh_simulation/venv/lib/python3.10/site-packages/airflow/example_dags/example_latest_only_with_trigger.py took 0.222 seconds
[2026-03-18T18:33:02.162+0530] {processor.py:161} INFO - Started process (PID=24588) to work on /home/tejasvi/Desktop/airflow_ssh_simulation/venv/lib/python3.10/site-packages/airflow/example_dags/example_latest_only_with_trigger.py
[2026-03-18T18:33:02.230+0530] {processor.py:830} INFO - Processing file /home/tejasvi/Desktop/airflow_ssh_simulation/venv/lib/python3.10/site-packages/airflow/example_dags/example_latest_only_with_trigger.py for tasks to queue
[2026-03-18T18:33:02.233+0530] {logging_mixin.py:188} INFO - [2026-03-18T18:33:02.232+0530] {dagbag.py:540} INFO - Filling up the DagBag from /home/tejasvi/Desktop/airflow_ssh_simulation/venv/lib/python3.10/site-packages/airflow/example_dags/example_latest_only_with_trigger.py
[2026-03-18T18:33:02.241+0530] {processor.py:840} INFO - DAG(s) 'latest_only_with_trigger' retrieved from /home/tejasvi/Desktop/airflow_ssh_simulation/venv/lib/python3.10/site-packages/airflow/example_dags/example_latest_only_with_trigger.py
[2026-03-18T18:33:02.258+0530] {logging_mixin.py:188} INFO - [2026-03-18T18:33:02.258+0530] {dag.py:3047} INFO - Sync 1 DAGs
[2026-03-18T18:33:02.279+0530] {logging_mixin.py:188} INFO - [2026-03-18T18:33:02.279+0530] {dag.py:3834} INFO - Setting next_dagrun for latest_only_with_trigger to 2026-03-18 08:00:00+00:00, run_after=2026-03-18 12:00:00+00:00
[2026-03-18T18:33:02.326+0530] {processor.py:183} INFO - Processing /home/tejasvi/Desktop/airflow_ssh_simulation/venv/lib/python3.10/site-packages/airflow/example_dags/example_latest_only_with_trigger.py took 0.172 seconds
[2026-03-18T18:34:05.038+0530] {processor.py:161} INFO - Started process (PID=24754) to work on /home/tejasvi/Desktop/airflow_ssh_simulation/venv/lib/python3.10/site-packages/airflow/example_dags/example_latest_only_with_trigger.py
[2026-03-18T18:34:05.114+0530] {processor.py:830} INFO - Processing file /home/tejasvi/Desktop/airflow_ssh_simulation/venv/lib/python3.10/site-packages/airflow/example_dags/example_latest_only_with_trigger.py for tasks to queue
[2026-03-18T18:34:05.119+0530] {logging_mixin.py:188} INFO - [2026-03-18T18:34:05.118+0530] {dagbag.py:540} INFO - Filling up the DagBag from /home/tejasvi/Desktop/airflow_ssh_simulation/venv/lib/python3.10/site-packages/airflow/example_dags/example_latest_only_with_trigger.py
[2026-03-18T18:34:05.128+0530] {processor.py:840} INFO - DAG(s) 'latest_only_with_trigger' retrieved from /home/tejasvi/Desktop/airflow_ssh_simulation/venv/lib/python3.10/site-packages/airflow/example_dags/example_latest_only_with_trigger.py
[2026-03-18T18:34:05.160+0530] {logging_mixin.py:188} INFO - [2026-03-18T18:34:05.159+0530] {dag.py:3047} INFO - Sync 1 DAGs
[2026-03-18T18:34:05.181+0530] {logging_mixin.py:188} INFO - [2026-03-18T18:34:05.181+0530] {dag.py:3834} INFO - Setting next_dagrun for latest_only_with_trigger to 2026-03-18 08:00:00+00:00, run_after=2026-03-18 12:00:00+00:00
[2026-03-18T18:34:05.271+0530] {processor.py:183} INFO - Processing /home/tejasvi/Desktop/airflow_ssh_simulation/venv/lib/python3.10/site-packages/airflow/example_dags/example_latest_only_with_trigger.py took 0.238 seconds
[2026-03-18T18:35:08.820+0530] {processor.py:161} INFO - Started process (PID=24945) to work on /home/tejasvi/Desktop/airflow_ssh_simulation/venv/lib/python3.10/site-packages/airflow/example_dags/example_latest_only_with_trigger.py
[2026-03-18T18:35:08.848+0530] {processor.py:830} INFO - Processing file /home/tejasvi/Desktop/airflow_ssh_simulation/venv/lib/python3.10/site-packages/airflow/example_dags/example_latest_only_with_trigger.py for tasks to queue
[2026-03-18T18:35:08.853+0530] {logging_mixin.py:188} INFO - [2026-03-18T18:35:08.852+0530] {dagbag.py:540} INFO - Filling up the DagBag from /home/tejasvi/Desktop/airflow_ssh_simulation/venv/lib/python3.10/site-packages/airflow/example_dags/example_latest_only_with_trigger.py
[2026-03-18T18:35:08.868+0530] {processor.py:840} INFO - DAG(s) 'latest_only_with_trigger' retrieved from /home/tejasvi/Desktop/airflow_ssh_simulation/venv/lib/python3.10/site-packages/airflow/example_dags/example_latest_only_with_trigger.py
[2026-03-18T18:35:08.890+0530] {logging_mixin.py:188} INFO - [2026-03-18T18:35:08.889+0530] {dag.py:3047} INFO - Sync 1 DAGs
[2026-03-18T18:35:08.910+0530] {logging_mixin.py:188} INFO - [2026-03-18T18:35:08.910+0530] {dag.py:3834} INFO - Setting next_dagrun for latest_only_with_trigger to 2026-03-18 08:00:00+00:00, run_after=2026-03-18 12:00:00+00:00
[2026-03-18T18:35:08.973+0530] {processor.py:183} INFO - Processing /home/tejasvi/Desktop/airflow_ssh_simulation/venv/lib/python3.10/site-packages/airflow/example_dags/example_latest_only_with_trigger.py took 0.158 seconds
[2026-03-18T18:36:09.916+0530] {processor.py:161} INFO - Started process (PID=25132) to work on /home/tejasvi/Desktop/airflow_ssh_simulation/venv/lib/python3.10/site-packages/airflow/example_dags/example_latest_only_with_trigger.py
[2026-03-18T18:36:09.981+0530] {processor.py:830} INFO - Processing file /home/tejasvi/Desktop/airflow_ssh_simulation/venv/lib/python3.10/site-packages/airflow/example_dags/example_latest_only_with_trigger.py for tasks to queue
[2026-03-18T18:36:09.985+0530] {logging_mixin.py:188} INFO - [2026-03-18T18:36:09.984+0530] {dagbag.py:540} INFO - Filling up the DagBag from /home/tejasvi/Desktop/airflow_ssh_simulation/venv/lib/python3.10/site-packages/airflow/example_dags/example_latest_only_with_trigger.py
[2026-03-18T18:36:09.998+0530] {processor.py:840} INFO - DAG(s) 'latest_only_with_trigger' retrieved from /home/tejasvi/Desktop/airflow_ssh_simulation/venv/lib/python3.10/site-packages/airflow/example_dags/example_latest_only_with_trigger.py
[2026-03-18T18:36:10.026+0530] {logging_mixin.py:188} INFO - [2026-03-18T18:36:10.026+0530] {dag.py:3047} INFO - Sync 1 DAGs
[2026-03-18T18:36:10.047+0530] {logging_mixin.py:188} INFO - [2026-03-18T18:36:10.047+0530] {dag.py:3834} INFO - Setting next_dagrun for latest_only_with_trigger to 2026-03-18 08:00:00+00:00, run_after=2026-03-18 12:00:00+00:00
[2026-03-18T18:36:10.130+0530] {processor.py:183} INFO - Processing /home/tejasvi/Desktop/airflow_ssh_simulation/venv/lib/python3.10/site-packages/airflow/example_dags/example_latest_only_with_trigger.py took 0.220 seconds
[2026-03-18T18:37:20.709+0530] {processor.py:161} INFO - Started process (PID=25318) to work on /home/tejasvi/Desktop/airflow_ssh_simulation/venv/lib/python3.10/site-packages/airflow/example_dags/example_latest_only_with_trigger.py
[2026-03-18T18:37:20.768+0530] {processor.py:830} INFO - Processing file /home/tejasvi/Desktop/airflow_ssh_simulation/venv/lib/python3.10/site-packages/airflow/example_dags/example_latest_only_with_trigger.py for tasks to queue
[2026-03-18T18:37:20.771+0530] {logging_mixin.py:188} INFO - [2026-03-18T18:37:20.771+0530] {dagbag.py:540} INFO - Filling up the DagBag from /home/tejasvi/Desktop/airflow_ssh_simulation/venv/lib/python3.10/site-packages/airflow/example_dags/example_latest_only_with_trigger.py
[2026-03-18T18:37:20.780+0530] {processor.py:840} INFO - DAG(s) 'latest_only_with_trigger' retrieved from /home/tejasvi/Desktop/airflow_ssh_simulation/venv/lib/python3.10/site-packages/airflow/example_dags/example_latest_only_with_trigger.py
[2026-03-18T18:37:20.797+0530] {logging_mixin.py:188} INFO - [2026-03-18T18:37:20.796+0530] {dag.py:3047} INFO - Sync 1 DAGs
[2026-03-18T18:37:20.817+0530] {logging_mixin.py:188} INFO - [2026-03-18T18:37:20.817+0530] {dag.py:3834} INFO - Setting next_dagrun for latest_only_with_trigger to 2026-03-18 08:00:00+00:00, run_after=2026-03-18 12:00:00+00:00
[2026-03-18T18:37:20.908+0530] {processor.py:183} INFO - Processing /home/tejasvi/Desktop/airflow_ssh_simulation/venv/lib/python3.10/site-packages/airflow/example_dags/example_latest_only_with_trigger.py took 0.207 seconds
[2026-03-18T18:38:34.856+0530] {processor.py:161} INFO - Started process (PID=25503) to work on /home/tejasvi/Desktop/airflow_ssh_simulation/venv/lib/python3.10/site-packages/airflow/example_dags/example_latest_only_with_trigger.py
[2026-03-18T18:38:34.868+0530] {processor.py:830} INFO - Processing file /home/tejasvi/Desktop/airflow_ssh_simulation/venv/lib/python3.10/site-packages/airflow/example_dags/example_latest_only_with_trigger.py for tasks to queue
[2026-03-18T18:38:34.873+0530] {logging_mixin.py:188} INFO - [2026-03-18T18:38:34.872+0530] {dagbag.py:540} INFO - Filling up the DagBag from /home/tejasvi/Desktop/airflow_ssh_simulation/venv/lib/python3.10/site-packages/airflow/example_dags/example_latest_only_with_trigger.py
[2026-03-18T18:38:34.886+0530] {processor.py:840} INFO - DAG(s) 'latest_only_with_trigger' retrieved from /home/tejasvi/Desktop/airflow_ssh_simulation/venv/lib/python3.10/site-packages/airflow/example_dags/example_latest_only_with_trigger.py
[2026-03-18T18:38:34.904+0530] {logging_mixin.py:188} INFO - [2026-03-18T18:38:34.903+0530] {dag.py:3047} INFO - Sync 1 DAGs
[2026-03-18T18:38:34.925+0530] {logging_mixin.py:188} INFO - [2026-03-18T18:38:34.924+0530] {dag.py:3834} INFO - Setting next_dagrun for latest_only_with_trigger to 2026-03-18 08:00:00+00:00, run_after=2026-03-18 12:00:00+00:00
[2026-03-18T18:38:35.026+0530] {processor.py:183} INFO - Processing /home/tejasvi/Desktop/airflow_ssh_simulation/venv/lib/python3.10/site-packages/airflow/example_dags/example_latest_only_with_trigger.py took 0.177 seconds
[2026-03-18T18:39:32.770+0530] {processor.py:161} INFO - Started process (PID=25665) to work on /home/tejasvi/Desktop/airflow_ssh_simulation/venv/lib/python3.10/site-packages/airflow/example_dags/example_latest_only_with_trigger.py
[2026-03-18T18:39:32.828+0530] {processor.py:830} INFO - Processing file /home/tejasvi/Desktop/airflow_ssh_simulation/venv/lib/python3.10/site-packages/airflow/example_dags/example_latest_only_with_trigger.py for tasks to queue
[2026-03-18T18:39:32.831+0530] {logging_mixin.py:188} INFO - [2026-03-18T18:39:32.831+0530] {dagbag.py:540} INFO - Filling up the DagBag from /home/tejasvi/Desktop/airflow_ssh_simulation/venv/lib/python3.10/site-packages/airflow/example_dags/example_latest_only_with_trigger.py
[2026-03-18T18:39:32.840+0530] {processor.py:840} INFO - DAG(s) 'latest_only_with_trigger' retrieved from /home/tejasvi/Desktop/airflow_ssh_simulation/venv/lib/python3.10/site-packages/airflow/example_dags/example_latest_only_with_trigger.py
[2026-03-18T18:39:32.857+0530] {logging_mixin.py:188} INFO - [2026-03-18T18:39:32.857+0530] {dag.py:3047} INFO - Sync 1 DAGs
[2026-03-18T18:39:32.878+0530] {logging_mixin.py:188} INFO - [2026-03-18T18:39:32.877+0530] {dag.py:3834} INFO - Setting next_dagrun for latest_only_with_trigger to 2026-03-18 08:00:00+00:00, run_after=2026-03-18 12:00:00+00:00
[2026-03-18T18:39:32.977+0530] {processor.py:183} INFO - Processing /home/tejasvi/Desktop/airflow_ssh_simulation/venv/lib/python3.10/site-packages/airflow/example_dags/example_latest_only_with_trigger.py took 0.215 seconds
[2026-03-18T18:40:38.667+0530] {processor.py:161} INFO - Started process (PID=25823) to work on /home/tejasvi/Desktop/airflow_ssh_simulation/venv/lib/python3.10/site-packages/airflow/example_dags/example_latest_only_with_trigger.py
[2026-03-18T18:40:38.697+0530] {processor.py:830} INFO - Processing file /home/tejasvi/Desktop/airflow_ssh_simulation/venv/lib/python3.10/site-packages/airflow/example_dags/example_latest_only_with_trigger.py for tasks to queue
[2026-03-18T18:40:38.700+0530] {logging_mixin.py:188} INFO - [2026-03-18T18:40:38.699+0530] {dagbag.py:540} INFO - Filling up the DagBag from /home/tejasvi/Desktop/airflow_ssh_simulation/venv/lib/python3.10/site-packages/airflow/example_dags/example_latest_only_with_trigger.py
[2026-03-18T18:40:38.710+0530] {processor.py:840} INFO - DAG(s) 'latest_only_with_trigger' retrieved from /home/tejasvi/Desktop/airflow_ssh_simulation/venv/lib/python3.10/site-packages/airflow/example_dags/example_latest_only_with_trigger.py
[2026-03-18T18:40:38.727+0530] {logging_mixin.py:188} INFO - [2026-03-18T18:40:38.726+0530] {dag.py:3047} INFO - Sync 1 DAGs
[2026-03-18T18:40:38.747+0530] {logging_mixin.py:188} INFO - [2026-03-18T18:40:38.747+0530] {dag.py:3834} INFO - Setting next_dagrun for latest_only_with_trigger to 2026-03-18 08:00:00+00:00, run_after=2026-03-18 12:00:00+00:00
[2026-03-18T18:40:38.847+0530] {processor.py:183} INFO - Processing /home/tejasvi/Desktop/airflow_ssh_simulation/venv/lib/python3.10/site-packages/airflow/example_dags/example_latest_only_with_trigger.py took 0.187 seconds
[2026-03-18T18:41:42.236+0530] {processor.py:161} INFO - Started process (PID=26011) to work on /home/tejasvi/Desktop/airflow_ssh_simulation/venv/lib/python3.10/site-packages/airflow/example_dags/example_latest_only_with_trigger.py
[2026-03-18T18:41:42.334+0530] {processor.py:830} INFO - Processing file /home/tejasvi/Desktop/airflow_ssh_simulation/venv/lib/python3.10/site-packages/airflow/example_dags/example_latest_only_with_trigger.py for tasks to queue
[2026-03-18T18:41:42.338+0530] {logging_mixin.py:188} INFO - [2026-03-18T18:41:42.337+0530] {dagbag.py:540} INFO - Filling up the DagBag from /home/tejasvi/Desktop/airflow_ssh_simulation/venv/lib/python3.10/site-packages/airflow/example_dags/example_latest_only_with_trigger.py
[2026-03-18T18:41:42.346+0530] {processor.py:840} INFO - DAG(s) 'latest_only_with_trigger' retrieved from /home/tejasvi/Desktop/airflow_ssh_simulation/venv/lib/python3.10/site-packages/airflow/example_dags/example_latest_only_with_trigger.py
[2026-03-18T18:41:42.364+0530] {logging_mixin.py:188} INFO - [2026-03-18T18:41:42.363+0530] {dag.py:3047} INFO - Sync 1 DAGs
[2026-03-18T18:41:42.384+0530] {logging_mixin.py:188} INFO - [2026-03-18T18:41:42.384+0530] {dag.py:3834} INFO - Setting next_dagrun for latest_only_with_trigger to 2026-03-18 08:00:00+00:00, run_after=2026-03-18 12:00:00+00:00
[2026-03-18T18:41:42.478+0530] {processor.py:183} INFO - Processing /home/tejasvi/Desktop/airflow_ssh_simulation/venv/lib/python3.10/site-packages/airflow/example_dags/example_latest_only_with_trigger.py took 0.248 seconds
[2026-03-18T18:42:52.292+0530] {processor.py:161} INFO - Started process (PID=26178) to work on /home/tejasvi/Desktop/airflow_ssh_simulation/venv/lib/python3.10/site-packages/airflow/example_dags/example_latest_only_with_trigger.py
[2026-03-18T18:42:52.327+0530] {processor.py:830} INFO - Processing file /home/tejasvi/Desktop/airflow_ssh_simulation/venv/lib/python3.10/site-packages/airflow/example_dags/example_latest_only_with_trigger.py for tasks to queue
[2026-03-18T18:42:52.331+0530] {logging_mixin.py:188} INFO - [2026-03-18T18:42:52.330+0530] {dagbag.py:540} INFO - Filling up the DagBag from /home/tejasvi/Desktop/airflow_ssh_simulation/venv/lib/python3.10/site-packages/airflow/example_dags/example_latest_only_with_trigger.py
[2026-03-18T18:42:52.340+0530] {processor.py:840} INFO - DAG(s) 'latest_only_with_trigger' retrieved from /home/tejasvi/Desktop/airflow_ssh_simulation/venv/lib/python3.10/site-packages/airflow/example_dags/example_latest_only_with_trigger.py
[2026-03-18T18:42:52.357+0530] {logging_mixin.py:188} INFO - [2026-03-18T18:42:52.357+0530] {dag.py:3047} INFO - Sync 1 DAGs
[2026-03-18T18:42:52.378+0530] {logging_mixin.py:188} INFO - [2026-03-18T18:42:52.378+0530] {dag.py:3834} INFO - Setting next_dagrun for latest_only_with_trigger to 2026-03-18 08:00:00+00:00, run_after=2026-03-18 12:00:00+00:00
[2026-03-18T18:42:52.472+0530] {processor.py:183} INFO - Processing /home/tejasvi/Desktop/airflow_ssh_simulation/venv/lib/python3.10/site-packages/airflow/example_dags/example_latest_only_with_trigger.py took 0.188 seconds
[2026-03-18T18:44:15.570+0530] {processor.py:161} INFO - Started process (PID=26378) to work on /home/tejasvi/Desktop/airflow_ssh_simulation/venv/lib/python3.10/site-packages/airflow/example_dags/example_latest_only_with_trigger.py
[2026-03-18T18:44:15.610+0530] {processor.py:830} INFO - Processing file /home/tejasvi/Desktop/airflow_ssh_simulation/venv/lib/python3.10/site-packages/airflow/example_dags/example_latest_only_with_trigger.py for tasks to queue
[2026-03-18T18:44:15.613+0530] {logging_mixin.py:188} INFO - [2026-03-18T18:44:15.612+0530] {dagbag.py:540} INFO - Filling up the DagBag from /home/tejasvi/Desktop/airflow_ssh_simulation/venv/lib/python3.10/site-packages/airflow/example_dags/example_latest_only_with_trigger.py
[2026-03-18T18:44:15.622+0530] {processor.py:840} INFO - DAG(s) 'latest_only_with_trigger' retrieved from /home/tejasvi/Desktop/airflow_ssh_simulation/venv/lib/python3.10/site-packages/airflow/example_dags/example_latest_only_with_trigger.py
[2026-03-18T18:44:15.639+0530] {logging_mixin.py:188} INFO - [2026-03-18T18:44:15.639+0530] {dag.py:3047} INFO - Sync 1 DAGs
[2026-03-18T18:44:15.660+0530] {logging_mixin.py:188} INFO - [2026-03-18T18:44:15.660+0530] {dag.py:3834} INFO - Setting next_dagrun for latest_only_with_trigger to 2026-03-18 08:00:00+00:00, run_after=2026-03-18 12:00:00+00:00
[2026-03-18T18:44:15.741+0530] {processor.py:183} INFO - Processing /home/tejasvi/Desktop/airflow_ssh_simulation/venv/lib/python3.10/site-packages/airflow/example_dags/example_latest_only_with_trigger.py took 0.179 seconds
[2026-03-18T18:45:17.015+0530] {processor.py:161} INFO - Started process (PID=26527) to work on /home/tejasvi/Desktop/airflow_ssh_simulation/venv/lib/python3.10/site-packages/airflow/example_dags/example_latest_only_with_trigger.py
[2026-03-18T18:45:17.078+0530] {processor.py:830} INFO - Processing file /home/tejasvi/Desktop/airflow_ssh_simulation/venv/lib/python3.10/site-packages/airflow/example_dags/example_latest_only_with_trigger.py for tasks to queue
[2026-03-18T18:45:17.082+0530] {logging_mixin.py:188} INFO - [2026-03-18T18:45:17.081+0530] {dagbag.py:540} INFO - Filling up the DagBag from /home/tejasvi/Desktop/airflow_ssh_simulation/venv/lib/python3.10/site-packages/airflow/example_dags/example_latest_only_with_trigger.py
[2026-03-18T18:45:17.097+0530] {processor.py:840} INFO - DAG(s) 'latest_only_with_trigger' retrieved from /home/tejasvi/Desktop/airflow_ssh_simulation/venv/lib/python3.10/site-packages/airflow/example_dags/example_latest_only_with_trigger.py
[2026-03-18T18:45:17.127+0530] {logging_mixin.py:188} INFO - [2026-03-18T18:45:17.127+0530] {dag.py:3047} INFO - Sync 1 DAGs
[2026-03-18T18:45:17.147+0530] {logging_mixin.py:188} INFO - [2026-03-18T18:45:17.147+0530] {dag.py:3834} INFO - Setting next_dagrun for latest_only_with_trigger to 2026-03-18 08:00:00+00:00, run_after=2026-03-18 12:00:00+00:00
[2026-03-18T18:45:17.215+0530] {processor.py:183} INFO - Processing /home/tejasvi/Desktop/airflow_ssh_simulation/venv/lib/python3.10/site-packages/airflow/example_dags/example_latest_only_with_trigger.py took 0.204 seconds
[2026-03-18T18:46:39.290+0530] {processor.py:161} INFO - Started process (PID=26742) to work on /home/tejasvi/Desktop/airflow_ssh_simulation/venv/lib/python3.10/site-packages/airflow/example_dags/example_latest_only_with_trigger.py
[2026-03-18T18:46:39.303+0530] {processor.py:830} INFO - Processing file /home/tejasvi/Desktop/airflow_ssh_simulation/venv/lib/python3.10/site-packages/airflow/example_dags/example_latest_only_with_trigger.py for tasks to queue
[2026-03-18T18:46:39.305+0530] {logging_mixin.py:188} INFO - [2026-03-18T18:46:39.305+0530] {dagbag.py:540} INFO - Filling up the DagBag from /home/tejasvi/Desktop/airflow_ssh_simulation/venv/lib/python3.10/site-packages/airflow/example_dags/example_latest_only_with_trigger.py
[2026-03-18T18:46:39.314+0530] {processor.py:840} INFO - DAG(s) 'latest_only_with_trigger' retrieved from /home/tejasvi/Desktop/airflow_ssh_simulation/venv/lib/python3.10/site-packages/airflow/example_dags/example_latest_only_with_trigger.py
[2026-03-18T18:46:39.331+0530] {logging_mixin.py:188} INFO - [2026-03-18T18:46:39.330+0530] {dag.py:3047} INFO - Sync 1 DAGs
[2026-03-18T18:46:39.352+0530] {logging_mixin.py:188} INFO - [2026-03-18T18:46:39.352+0530] {dag.py:3834} INFO - Setting next_dagrun for latest_only_with_trigger to 2026-03-18 08:00:00+00:00, run_after=2026-03-18 12:00:00+00:00
[2026-03-18T18:46:39.487+0530] {processor.py:183} INFO - Processing /home/tejasvi/Desktop/airflow_ssh_simulation/venv/lib/python3.10/site-packages/airflow/example_dags/example_latest_only_with_trigger.py took 0.206 seconds
[2026-03-18T18:47:53.244+0530] {processor.py:161} INFO - Started process (PID=26921) to work on /home/tejasvi/Desktop/airflow_ssh_simulation/venv/lib/python3.10/site-packages/airflow/example_dags/example_latest_only_with_trigger.py
[2026-03-18T18:47:53.278+0530] {processor.py:830} INFO - Processing file /home/tejasvi/Desktop/airflow_ssh_simulation/venv/lib/python3.10/site-packages/airflow/example_dags/example_latest_only_with_trigger.py for tasks to queue
[2026-03-18T18:47:53.281+0530] {logging_mixin.py:188} INFO - [2026-03-18T18:47:53.280+0530] {dagbag.py:540} INFO - Filling up the DagBag from /home/tejasvi/Desktop/airflow_ssh_simulation/venv/lib/python3.10/site-packages/airflow/example_dags/example_latest_only_with_trigger.py
[2026-03-18T18:47:53.289+0530] {processor.py:840} INFO - DAG(s) 'latest_only_with_trigger' retrieved from /home/tejasvi/Desktop/airflow_ssh_simulation/venv/lib/python3.10/site-packages/airflow/example_dags/example_latest_only_with_trigger.py
[2026-03-18T18:47:53.307+0530] {logging_mixin.py:188} INFO - [2026-03-18T18:47:53.306+0530] {dag.py:3047} INFO - Sync 1 DAGs
[2026-03-18T18:47:53.327+0530] {logging_mixin.py:188} INFO - [2026-03-18T18:47:53.327+0530] {dag.py:3834} INFO - Setting next_dagrun for latest_only_with_trigger to 2026-03-18 08:00:00+00:00, run_after=2026-03-18 12:00:00+00:00
[2026-03-18T18:47:53.424+0530] {processor.py:183} INFO - Processing /home/tejasvi/Desktop/airflow_ssh_simulation/venv/lib/python3.10/site-packages/airflow/example_dags/example_latest_only_with_trigger.py took 0.188 seconds
[2026-03-18T18:49:20.902+0530] {processor.py:161} INFO - Started process (PID=27136) to work on /home/tejasvi/Desktop/airflow_ssh_simulation/venv/lib/python3.10/site-packages/airflow/example_dags/example_latest_only_with_trigger.py
[2026-03-18T18:49:20.908+0530] {processor.py:830} INFO - Processing file /home/tejasvi/Desktop/airflow_ssh_simulation/venv/lib/python3.10/site-packages/airflow/example_dags/example_latest_only_with_trigger.py for tasks to queue
[2026-03-18T18:49:20.910+0530] {logging_mixin.py:188} INFO - [2026-03-18T18:49:20.910+0530] {dagbag.py:540} INFO - Filling up the DagBag from /home/tejasvi/Desktop/airflow_ssh_simulation/venv/lib/python3.10/site-packages/airflow/example_dags/example_latest_only_with_trigger.py
[2026-03-18T18:49:20.918+0530] {processor.py:840} INFO - DAG(s) 'latest_only_with_trigger' retrieved from /home/tejasvi/Desktop/airflow_ssh_simulation/venv/lib/python3.10/site-packages/airflow/example_dags/example_latest_only_with_trigger.py
[2026-03-18T18:49:20.935+0530] {logging_mixin.py:188} INFO - [2026-03-18T18:49:20.934+0530] {dag.py:3047} INFO - Sync 1 DAGs
[2026-03-18T18:49:20.955+0530] {logging_mixin.py:188} INFO - [2026-03-18T18:49:20.955+0530] {dag.py:3834} INFO - Setting next_dagrun for latest_only_with_trigger to 2026-03-18 08:00:00+00:00, run_after=2026-03-18 12:00:00+00:00
[2026-03-18T18:49:21.045+0530] {processor.py:183} INFO - Processing /home/tejasvi/Desktop/airflow_ssh_simulation/venv/lib/python3.10/site-packages/airflow/example_dags/example_latest_only_with_trigger.py took 0.150 seconds
[2026-03-18T18:50:18.441+0530] {processor.py:161} INFO - Started process (PID=27296) to work on /home/tejasvi/Desktop/airflow_ssh_simulation/venv/lib/python3.10/site-packages/airflow/example_dags/example_latest_only_with_trigger.py
[2026-03-18T18:50:18.468+0530] {processor.py:830} INFO - Processing file /home/tejasvi/Desktop/airflow_ssh_simulation/venv/lib/python3.10/site-packages/airflow/example_dags/example_latest_only_with_trigger.py for tasks to queue
[2026-03-18T18:50:18.471+0530] {logging_mixin.py:188} INFO - [2026-03-18T18:50:18.471+0530] {dagbag.py:540} INFO - Filling up the DagBag from /home/tejasvi/Desktop/airflow_ssh_simulation/venv/lib/python3.10/site-packages/airflow/example_dags/example_latest_only_with_trigger.py
[2026-03-18T18:50:18.480+0530] {processor.py:840} INFO - DAG(s) 'latest_only_with_trigger' retrieved from /home/tejasvi/Desktop/airflow_ssh_simulation/venv/lib/python3.10/site-packages/airflow/example_dags/example_latest_only_with_trigger.py
[2026-03-18T18:50:18.497+0530] {logging_mixin.py:188} INFO - [2026-03-18T18:50:18.497+0530] {dag.py:3047} INFO - Sync 1 DAGs
[2026-03-18T18:50:18.518+0530] {logging_mixin.py:188} INFO - [2026-03-18T18:50:18.518+0530] {dag.py:3834} INFO - Setting next_dagrun for latest_only_with_trigger to 2026-03-18 08:00:00+00:00, run_after=2026-03-18 12:00:00+00:00
[2026-03-18T18:50:18.612+0530] {processor.py:183} INFO - Processing /home/tejasvi/Desktop/airflow_ssh_simulation/venv/lib/python3.10/site-packages/airflow/example_dags/example_latest_only_with_trigger.py took 0.178 seconds
