[2026-03-18T17:39:13.092+0530] {processor.py:161} INFO - Started process (PID=5331) to work on /home/tejasvi/Desktop/airflow_ssh_simulation/venv/lib/python3.10/site-packages/airflow/example_dags/example_task_group_decorator.py
[2026-03-18T17:39:13.095+0530] {processor.py:830} INFO - Processing file /home/tejasvi/Desktop/airflow_ssh_simulation/venv/lib/python3.10/site-packages/airflow/example_dags/example_task_group_decorator.py for tasks to queue
[2026-03-18T17:39:13.099+0530] {logging_mixin.py:188} INFO - [2026-03-18T17:39:13.097+0530] {dagbag.py:540} INFO - Filling up the DagBag from /home/tejasvi/Desktop/airflow_ssh_simulation/venv/lib/python3.10/site-packages/airflow/example_dags/example_task_group_decorator.py
[2026-03-18T17:39:13.132+0530] {processor.py:840} INFO - DAG(s) 'example_task_group_decorator' retrieved from /home/tejasvi/Desktop/airflow_ssh_simulation/venv/lib/python3.10/site-packages/airflow/example_dags/example_task_group_decorator.py
[2026-03-18T17:39:13.169+0530] {logging_mixin.py:188} INFO - [2026-03-18T17:39:13.169+0530] {dag.py:3047} INFO - Sync 1 DAGs
[2026-03-18T17:39:13.205+0530] {logging_mixin.py:188} INFO - [2026-03-18T17:39:13.204+0530] {dag.py:3834} INFO - Setting next_dagrun for example_task_group_decorator to 2026-03-17 00:00:00+00:00, run_after=2026-03-18 00:00:00+00:00
[2026-03-18T17:39:13.270+0530] {processor.py:183} INFO - Processing /home/tejasvi/Desktop/airflow_ssh_simulation/venv/lib/python3.10/site-packages/airflow/example_dags/example_task_group_decorator.py took 0.187 seconds
[2026-03-18T17:40:25.531+0530] {processor.py:161} INFO - Started process (PID=5455) to work on /home/tejasvi/Desktop/airflow_ssh_simulation/venv/lib/python3.10/site-packages/airflow/example_dags/example_task_group_decorator.py
[2026-03-18T17:40:25.603+0530] {processor.py:830} INFO - Processing file /home/tejasvi/Desktop/airflow_ssh_simulation/venv/lib/python3.10/site-packages/airflow/example_dags/example_task_group_decorator.py for tasks to queue
[2026-03-18T17:40:25.607+0530] {logging_mixin.py:188} INFO - [2026-03-18T17:40:25.607+0530] {dagbag.py:540} INFO - Filling up the DagBag from /home/tejasvi/Desktop/airflow_ssh_simulation/venv/lib/python3.10/site-packages/airflow/example_dags/example_task_group_decorator.py
[2026-03-18T17:40:25.630+0530] {processor.py:840} INFO - DAG(s) 'example_task_group_decorator' retrieved from /home/tejasvi/Desktop/airflow_ssh_simulation/venv/lib/python3.10/site-packages/airflow/example_dags/example_task_group_decorator.py
[2026-03-18T17:40:25.660+0530] {logging_mixin.py:188} INFO - [2026-03-18T17:40:25.659+0530] {dag.py:3047} INFO - Sync 1 DAGs
[2026-03-18T17:40:25.690+0530] {logging_mixin.py:188} INFO - [2026-03-18T17:40:25.690+0530] {dag.py:3834} INFO - Setting next_dagrun for example_task_group_decorator to 2026-03-17 00:00:00+00:00, run_after=2026-03-18 00:00:00+00:00
[2026-03-18T17:40:25.752+0530] {processor.py:183} INFO - Processing /home/tejasvi/Desktop/airflow_ssh_simulation/venv/lib/python3.10/site-packages/airflow/example_dags/example_task_group_decorator.py took 0.228 seconds
[2026-03-18T17:41:44.724+0530] {processor.py:161} INFO - Started process (PID=5576) to work on /home/tejasvi/Desktop/airflow_ssh_simulation/venv/lib/python3.10/site-packages/airflow/example_dags/example_task_group_decorator.py
[2026-03-18T17:41:44.729+0530] {processor.py:830} INFO - Processing file /home/tejasvi/Desktop/airflow_ssh_simulation/venv/lib/python3.10/site-packages/airflow/example_dags/example_task_group_decorator.py for tasks to queue
[2026-03-18T17:41:44.732+0530] {logging_mixin.py:188} INFO - [2026-03-18T17:41:44.731+0530] {dagbag.py:540} INFO - Filling up the DagBag from /home/tejasvi/Desktop/airflow_ssh_simulation/venv/lib/python3.10/site-packages/airflow/example_dags/example_task_group_decorator.py
[2026-03-18T17:41:44.754+0530] {processor.py:840} INFO - DAG(s) 'example_task_group_decorator' retrieved from /home/tejasvi/Desktop/airflow_ssh_simulation/venv/lib/python3.10/site-packages/airflow/example_dags/example_task_group_decorator.py
[2026-03-18T17:41:44.785+0530] {logging_mixin.py:188} INFO - [2026-03-18T17:41:44.784+0530] {dag.py:3047} INFO - Sync 1 DAGs
[2026-03-18T17:41:44.823+0530] {logging_mixin.py:188} INFO - [2026-03-18T17:41:44.822+0530] {dag.py:3834} INFO - Setting next_dagrun for example_task_group_decorator to 2026-03-17 00:00:00+00:00, run_after=2026-03-18 00:00:00+00:00
[2026-03-18T17:41:44.872+0530] {processor.py:183} INFO - Processing /home/tejasvi/Desktop/airflow_ssh_simulation/venv/lib/python3.10/site-packages/airflow/example_dags/example_task_group_decorator.py took 0.152 seconds
[2026-03-18T17:42:47.875+0530] {processor.py:161} INFO - Started process (PID=5723) to work on /home/tejasvi/Desktop/airflow_ssh_simulation/venv/lib/python3.10/site-packages/airflow/example_dags/example_task_group_decorator.py
[2026-03-18T17:42:47.966+0530] {processor.py:830} INFO - Processing file /home/tejasvi/Desktop/airflow_ssh_simulation/venv/lib/python3.10/site-packages/airflow/example_dags/example_task_group_decorator.py for tasks to queue
[2026-03-18T17:42:47.970+0530] {logging_mixin.py:188} INFO - [2026-03-18T17:42:47.969+0530] {dagbag.py:540} INFO - Filling up the DagBag from /home/tejasvi/Desktop/airflow_ssh_simulation/venv/lib/python3.10/site-packages/airflow/example_dags/example_task_group_decorator.py
[2026-03-18T17:42:47.997+0530] {processor.py:840} INFO - DAG(s) 'example_task_group_decorator' retrieved from /home/tejasvi/Desktop/airflow_ssh_simulation/venv/lib/python3.10/site-packages/airflow/example_dags/example_task_group_decorator.py
[2026-03-18T17:42:48.029+0530] {logging_mixin.py:188} INFO - [2026-03-18T17:42:48.028+0530] {dag.py:3047} INFO - Sync 1 DAGs
[2026-03-18T17:42:48.060+0530] {logging_mixin.py:188} INFO - [2026-03-18T17:42:48.060+0530] {dag.py:3834} INFO - Setting next_dagrun for example_task_group_decorator to 2026-03-17 00:00:00+00:00, run_after=2026-03-18 00:00:00+00:00
[2026-03-18T17:42:48.107+0530] {processor.py:183} INFO - Processing /home/tejasvi/Desktop/airflow_ssh_simulation/venv/lib/python3.10/site-packages/airflow/example_dags/example_task_group_decorator.py took 0.239 seconds
[2026-03-18T17:43:58.485+0530] {processor.py:161} INFO - Started process (PID=6962) to work on /home/tejasvi/Desktop/airflow_ssh_simulation/venv/lib/python3.10/site-packages/airflow/example_dags/example_task_group_decorator.py
[2026-03-18T17:43:58.490+0530] {processor.py:830} INFO - Processing file /home/tejasvi/Desktop/airflow_ssh_simulation/venv/lib/python3.10/site-packages/airflow/example_dags/example_task_group_decorator.py for tasks to queue
[2026-03-18T17:43:58.496+0530] {logging_mixin.py:188} INFO - [2026-03-18T17:43:58.495+0530] {dagbag.py:540} INFO - Filling up the DagBag from /home/tejasvi/Desktop/airflow_ssh_simulation/venv/lib/python3.10/site-packages/airflow/example_dags/example_task_group_decorator.py
[2026-03-18T17:43:58.544+0530] {processor.py:840} INFO - DAG(s) 'example_task_group_decorator' retrieved from /home/tejasvi/Desktop/airflow_ssh_simulation/venv/lib/python3.10/site-packages/airflow/example_dags/example_task_group_decorator.py
[2026-03-18T17:43:58.603+0530] {logging_mixin.py:188} INFO - [2026-03-18T17:43:58.602+0530] {dag.py:3047} INFO - Sync 1 DAGs
[2026-03-18T17:43:58.673+0530] {logging_mixin.py:188} INFO - [2026-03-18T17:43:58.672+0530] {dag.py:3834} INFO - Setting next_dagrun for example_task_group_decorator to 2026-03-17 00:00:00+00:00, run_after=2026-03-18 00:00:00+00:00
[2026-03-18T17:43:58.754+0530] {processor.py:183} INFO - Processing /home/tejasvi/Desktop/airflow_ssh_simulation/venv/lib/python3.10/site-packages/airflow/example_dags/example_task_group_decorator.py took 0.277 seconds
[2026-03-18T17:45:10.252+0530] {processor.py:161} INFO - Started process (PID=7883) to work on /home/tejasvi/Desktop/airflow_ssh_simulation/venv/lib/python3.10/site-packages/airflow/example_dags/example_task_group_decorator.py
[2026-03-18T17:45:10.357+0530] {processor.py:830} INFO - Processing file /home/tejasvi/Desktop/airflow_ssh_simulation/venv/lib/python3.10/site-packages/airflow/example_dags/example_task_group_decorator.py for tasks to queue
[2026-03-18T17:45:10.361+0530] {logging_mixin.py:188} INFO - [2026-03-18T17:45:10.360+0530] {dagbag.py:540} INFO - Filling up the DagBag from /home/tejasvi/Desktop/airflow_ssh_simulation/venv/lib/python3.10/site-packages/airflow/example_dags/example_task_group_decorator.py
[2026-03-18T17:45:10.466+0530] {processor.py:840} INFO - DAG(s) 'example_task_group_decorator' retrieved from /home/tejasvi/Desktop/airflow_ssh_simulation/venv/lib/python3.10/site-packages/airflow/example_dags/example_task_group_decorator.py
[2026-03-18T17:45:10.506+0530] {logging_mixin.py:188} INFO - [2026-03-18T17:45:10.505+0530] {dag.py:3047} INFO - Sync 1 DAGs
[2026-03-18T17:45:10.538+0530] {logging_mixin.py:188} INFO - [2026-03-18T17:45:10.537+0530] {dag.py:3834} INFO - Setting next_dagrun for example_task_group_decorator to 2026-03-17 00:00:00+00:00, run_after=2026-03-18 00:00:00+00:00
[2026-03-18T17:45:10.606+0530] {processor.py:183} INFO - Processing /home/tejasvi/Desktop/airflow_ssh_simulation/venv/lib/python3.10/site-packages/airflow/example_dags/example_task_group_decorator.py took 0.362 seconds
[2026-03-18T17:46:17.704+0530] {processor.py:161} INFO - Started process (PID=8968) to work on /home/tejasvi/Desktop/airflow_ssh_simulation/venv/lib/python3.10/site-packages/airflow/example_dags/example_task_group_decorator.py
[2026-03-18T17:46:17.708+0530] {processor.py:830} INFO - Processing file /home/tejasvi/Desktop/airflow_ssh_simulation/venv/lib/python3.10/site-packages/airflow/example_dags/example_task_group_decorator.py for tasks to queue
[2026-03-18T17:46:17.716+0530] {logging_mixin.py:188} INFO - [2026-03-18T17:46:17.714+0530] {dagbag.py:540} INFO - Filling up the DagBag from /home/tejasvi/Desktop/airflow_ssh_simulation/venv/lib/python3.10/site-packages/airflow/example_dags/example_task_group_decorator.py
[2026-03-18T17:46:17.803+0530] {processor.py:840} INFO - DAG(s) 'example_task_group_decorator' retrieved from /home/tejasvi/Desktop/airflow_ssh_simulation/venv/lib/python3.10/site-packages/airflow/example_dags/example_task_group_decorator.py
[2026-03-18T17:46:18.006+0530] {logging_mixin.py:188} INFO - [2026-03-18T17:46:18.004+0530] {dag.py:3047} INFO - Sync 1 DAGs
[2026-03-18T17:46:18.161+0530] {logging_mixin.py:188} INFO - [2026-03-18T17:46:18.159+0530] {dag.py:3834} INFO - Setting next_dagrun for example_task_group_decorator to 2026-03-17 00:00:00+00:00, run_after=2026-03-18 00:00:00+00:00
[2026-03-18T17:46:18.265+0530] {processor.py:183} INFO - Processing /home/tejasvi/Desktop/airflow_ssh_simulation/venv/lib/python3.10/site-packages/airflow/example_dags/example_task_group_decorator.py took 0.571 seconds
[2026-03-18T17:47:37.408+0530] {processor.py:161} INFO - Started process (PID=9576) to work on /home/tejasvi/Desktop/airflow_ssh_simulation/venv/lib/python3.10/site-packages/airflow/example_dags/example_task_group_decorator.py
[2026-03-18T17:47:37.475+0530] {processor.py:830} INFO - Processing file /home/tejasvi/Desktop/airflow_ssh_simulation/venv/lib/python3.10/site-packages/airflow/example_dags/example_task_group_decorator.py for tasks to queue
[2026-03-18T17:47:37.478+0530] {logging_mixin.py:188} INFO - [2026-03-18T17:47:37.477+0530] {dagbag.py:540} INFO - Filling up the DagBag from /home/tejasvi/Desktop/airflow_ssh_simulation/venv/lib/python3.10/site-packages/airflow/example_dags/example_task_group_decorator.py
[2026-03-18T17:47:37.502+0530] {processor.py:840} INFO - DAG(s) 'example_task_group_decorator' retrieved from /home/tejasvi/Desktop/airflow_ssh_simulation/venv/lib/python3.10/site-packages/airflow/example_dags/example_task_group_decorator.py
[2026-03-18T17:47:37.531+0530] {logging_mixin.py:188} INFO - [2026-03-18T17:47:37.530+0530] {dag.py:3047} INFO - Sync 1 DAGs
[2026-03-18T17:47:37.551+0530] {logging_mixin.py:188} INFO - [2026-03-18T17:47:37.551+0530] {dag.py:3834} INFO - Setting next_dagrun for example_task_group_decorator to 2026-03-17 00:00:00+00:00, run_after=2026-03-18 00:00:00+00:00
[2026-03-18T17:47:37.645+0530] {processor.py:183} INFO - Processing /home/tejasvi/Desktop/airflow_ssh_simulation/venv/lib/python3.10/site-packages/airflow/example_dags/example_task_group_decorator.py took 0.244 seconds
[2026-03-18T17:48:41.150+0530] {processor.py:161} INFO - Started process (PID=10093) to work on /home/tejasvi/Desktop/airflow_ssh_simulation/venv/lib/python3.10/site-packages/airflow/example_dags/example_task_group_decorator.py
[2026-03-18T17:48:41.192+0530] {processor.py:830} INFO - Processing file /home/tejasvi/Desktop/airflow_ssh_simulation/venv/lib/python3.10/site-packages/airflow/example_dags/example_task_group_decorator.py for tasks to queue
[2026-03-18T17:48:41.195+0530] {logging_mixin.py:188} INFO - [2026-03-18T17:48:41.195+0530] {dagbag.py:540} INFO - Filling up the DagBag from /home/tejasvi/Desktop/airflow_ssh_simulation/venv/lib/python3.10/site-packages/airflow/example_dags/example_task_group_decorator.py
[2026-03-18T17:48:41.212+0530] {processor.py:840} INFO - DAG(s) 'example_task_group_decorator' retrieved from /home/tejasvi/Desktop/airflow_ssh_simulation/venv/lib/python3.10/site-packages/airflow/example_dags/example_task_group_decorator.py
[2026-03-18T17:48:41.233+0530] {logging_mixin.py:188} INFO - [2026-03-18T17:48:41.232+0530] {dag.py:3047} INFO - Sync 1 DAGs
[2026-03-18T17:48:41.254+0530] {logging_mixin.py:188} INFO - [2026-03-18T17:48:41.254+0530] {dag.py:3834} INFO - Setting next_dagrun for example_task_group_decorator to 2026-03-17 00:00:00+00:00, run_after=2026-03-18 00:00:00+00:00
[2026-03-18T17:48:41.351+0530] {processor.py:183} INFO - Processing /home/tejasvi/Desktop/airflow_ssh_simulation/venv/lib/python3.10/site-packages/airflow/example_dags/example_task_group_decorator.py took 0.207 seconds
[2026-03-18T17:49:42.690+0530] {processor.py:161} INFO - Started process (PID=10568) to work on /home/tejasvi/Desktop/airflow_ssh_simulation/venv/lib/python3.10/site-packages/airflow/example_dags/example_task_group_decorator.py
[2026-03-18T17:49:42.784+0530] {processor.py:830} INFO - Processing file /home/tejasvi/Desktop/airflow_ssh_simulation/venv/lib/python3.10/site-packages/airflow/example_dags/example_task_group_decorator.py for tasks to queue
[2026-03-18T17:49:42.788+0530] {logging_mixin.py:188} INFO - [2026-03-18T17:49:42.787+0530] {dagbag.py:540} INFO - Filling up the DagBag from /home/tejasvi/Desktop/airflow_ssh_simulation/venv/lib/python3.10/site-packages/airflow/example_dags/example_task_group_decorator.py
[2026-03-18T17:49:42.825+0530] {processor.py:840} INFO - DAG(s) 'example_task_group_decorator' retrieved from /home/tejasvi/Desktop/airflow_ssh_simulation/venv/lib/python3.10/site-packages/airflow/example_dags/example_task_group_decorator.py
[2026-03-18T17:49:42.847+0530] {logging_mixin.py:188} INFO - [2026-03-18T17:49:42.847+0530] {dag.py:3047} INFO - Sync 1 DAGs
[2026-03-18T17:49:42.869+0530] {logging_mixin.py:188} INFO - [2026-03-18T17:49:42.869+0530] {dag.py:3834} INFO - Setting next_dagrun for example_task_group_decorator to 2026-03-17 00:00:00+00:00, run_after=2026-03-18 00:00:00+00:00
[2026-03-18T17:49:42.995+0530] {processor.py:183} INFO - Processing /home/tejasvi/Desktop/airflow_ssh_simulation/venv/lib/python3.10/site-packages/airflow/example_dags/example_task_group_decorator.py took 0.309 seconds
[2026-03-18T17:50:49.484+0530] {processor.py:161} INFO - Started process (PID=11085) to work on /home/tejasvi/Desktop/airflow_ssh_simulation/venv/lib/python3.10/site-packages/airflow/example_dags/example_task_group_decorator.py
[2026-03-18T17:50:49.539+0530] {processor.py:830} INFO - Processing file /home/tejasvi/Desktop/airflow_ssh_simulation/venv/lib/python3.10/site-packages/airflow/example_dags/example_task_group_decorator.py for tasks to queue
[2026-03-18T17:50:49.544+0530] {logging_mixin.py:188} INFO - [2026-03-18T17:50:49.543+0530] {dagbag.py:540} INFO - Filling up the DagBag from /home/tejasvi/Desktop/airflow_ssh_simulation/venv/lib/python3.10/site-packages/airflow/example_dags/example_task_group_decorator.py
[2026-03-18T17:50:49.572+0530] {processor.py:840} INFO - DAG(s) 'example_task_group_decorator' retrieved from /home/tejasvi/Desktop/airflow_ssh_simulation/venv/lib/python3.10/site-packages/airflow/example_dags/example_task_group_decorator.py
[2026-03-18T17:50:49.605+0530] {logging_mixin.py:188} INFO - [2026-03-18T17:50:49.604+0530] {dag.py:3047} INFO - Sync 1 DAGs
[2026-03-18T17:50:49.634+0530] {logging_mixin.py:188} INFO - [2026-03-18T17:50:49.634+0530] {dag.py:3834} INFO - Setting next_dagrun for example_task_group_decorator to 2026-03-17 00:00:00+00:00, run_after=2026-03-18 00:00:00+00:00
[2026-03-18T17:50:49.850+0530] {processor.py:183} INFO - Processing /home/tejasvi/Desktop/airflow_ssh_simulation/venv/lib/python3.10/site-packages/airflow/example_dags/example_task_group_decorator.py took 0.374 seconds
[2026-03-18T17:51:55.049+0530] {processor.py:161} INFO - Started process (PID=11672) to work on /home/tejasvi/Desktop/airflow_ssh_simulation/venv/lib/python3.10/site-packages/airflow/example_dags/example_task_group_decorator.py
[2026-03-18T17:51:55.052+0530] {processor.py:830} INFO - Processing file /home/tejasvi/Desktop/airflow_ssh_simulation/venv/lib/python3.10/site-packages/airflow/example_dags/example_task_group_decorator.py for tasks to queue
[2026-03-18T17:51:55.055+0530] {logging_mixin.py:188} INFO - [2026-03-18T17:51:55.055+0530] {dagbag.py:540} INFO - Filling up the DagBag from /home/tejasvi/Desktop/airflow_ssh_simulation/venv/lib/python3.10/site-packages/airflow/example_dags/example_task_group_decorator.py
[2026-03-18T17:51:55.070+0530] {processor.py:840} INFO - DAG(s) 'example_task_group_decorator' retrieved from /home/tejasvi/Desktop/airflow_ssh_simulation/venv/lib/python3.10/site-packages/airflow/example_dags/example_task_group_decorator.py
[2026-03-18T17:51:55.090+0530] {logging_mixin.py:188} INFO - [2026-03-18T17:51:55.090+0530] {dag.py:3047} INFO - Sync 1 DAGs
[2026-03-18T17:51:55.110+0530] {logging_mixin.py:188} INFO - [2026-03-18T17:51:55.110+0530] {dag.py:3834} INFO - Setting next_dagrun for example_task_group_decorator to 2026-03-17 00:00:00+00:00, run_after=2026-03-18 00:00:00+00:00
[2026-03-18T17:51:55.192+0530] {processor.py:183} INFO - Processing /home/tejasvi/Desktop/airflow_ssh_simulation/venv/lib/python3.10/site-packages/airflow/example_dags/example_task_group_decorator.py took 0.149 seconds
[2026-03-18T17:53:09.727+0530] {processor.py:161} INFO - Started process (PID=12497) to work on /home/tejasvi/Desktop/airflow_ssh_simulation/venv/lib/python3.10/site-packages/airflow/example_dags/example_task_group_decorator.py
[2026-03-18T17:53:09.770+0530] {processor.py:830} INFO - Processing file /home/tejasvi/Desktop/airflow_ssh_simulation/venv/lib/python3.10/site-packages/airflow/example_dags/example_task_group_decorator.py for tasks to queue
[2026-03-18T17:53:09.775+0530] {logging_mixin.py:188} INFO - [2026-03-18T17:53:09.774+0530] {dagbag.py:540} INFO - Filling up the DagBag from /home/tejasvi/Desktop/airflow_ssh_simulation/venv/lib/python3.10/site-packages/airflow/example_dags/example_task_group_decorator.py
[2026-03-18T17:53:09.906+0530] {processor.py:840} INFO - DAG(s) 'example_task_group_decorator' retrieved from /home/tejasvi/Desktop/airflow_ssh_simulation/venv/lib/python3.10/site-packages/airflow/example_dags/example_task_group_decorator.py
[2026-03-18T17:53:09.932+0530] {logging_mixin.py:188} INFO - [2026-03-18T17:53:09.932+0530] {dag.py:3047} INFO - Sync 1 DAGs
[2026-03-18T17:53:09.953+0530] {logging_mixin.py:188} INFO - [2026-03-18T17:53:09.953+0530] {dag.py:3834} INFO - Setting next_dagrun for example_task_group_decorator to 2026-03-17 00:00:00+00:00, run_after=2026-03-18 00:00:00+00:00
[2026-03-18T17:53:10.031+0530] {processor.py:183} INFO - Processing /home/tejasvi/Desktop/airflow_ssh_simulation/venv/lib/python3.10/site-packages/airflow/example_dags/example_task_group_decorator.py took 0.308 seconds
[2026-03-18T17:54:16.323+0530] {processor.py:161} INFO - Started process (PID=13097) to work on /home/tejasvi/Desktop/airflow_ssh_simulation/venv/lib/python3.10/site-packages/airflow/example_dags/example_task_group_decorator.py
[2026-03-18T17:54:16.376+0530] {processor.py:830} INFO - Processing file /home/tejasvi/Desktop/airflow_ssh_simulation/venv/lib/python3.10/site-packages/airflow/example_dags/example_task_group_decorator.py for tasks to queue
[2026-03-18T17:54:16.385+0530] {logging_mixin.py:188} INFO - [2026-03-18T17:54:16.383+0530] {dagbag.py:540} INFO - Filling up the DagBag from /home/tejasvi/Desktop/airflow_ssh_simulation/venv/lib/python3.10/site-packages/airflow/example_dags/example_task_group_decorator.py
[2026-03-18T17:54:16.423+0530] {processor.py:840} INFO - DAG(s) 'example_task_group_decorator' retrieved from /home/tejasvi/Desktop/airflow_ssh_simulation/venv/lib/python3.10/site-packages/airflow/example_dags/example_task_group_decorator.py
[2026-03-18T17:54:16.444+0530] {logging_mixin.py:188} INFO - [2026-03-18T17:54:16.443+0530] {dag.py:3047} INFO - Sync 1 DAGs
[2026-03-18T17:54:16.467+0530] {logging_mixin.py:188} INFO - [2026-03-18T17:54:16.467+0530] {dag.py:3834} INFO - Setting next_dagrun for example_task_group_decorator to 2026-03-17 00:00:00+00:00, run_after=2026-03-18 00:00:00+00:00
[2026-03-18T17:54:16.558+0530] {processor.py:183} INFO - Processing /home/tejasvi/Desktop/airflow_ssh_simulation/venv/lib/python3.10/site-packages/airflow/example_dags/example_task_group_decorator.py took 0.242 seconds
[2026-03-18T17:55:18.000+0530] {processor.py:161} INFO - Started process (PID=13582) to work on /home/tejasvi/Desktop/airflow_ssh_simulation/venv/lib/python3.10/site-packages/airflow/example_dags/example_task_group_decorator.py
[2026-03-18T17:55:18.037+0530] {processor.py:830} INFO - Processing file /home/tejasvi/Desktop/airflow_ssh_simulation/venv/lib/python3.10/site-packages/airflow/example_dags/example_task_group_decorator.py for tasks to queue
[2026-03-18T17:55:18.041+0530] {logging_mixin.py:188} INFO - [2026-03-18T17:55:18.041+0530] {dagbag.py:540} INFO - Filling up the DagBag from /home/tejasvi/Desktop/airflow_ssh_simulation/venv/lib/python3.10/site-packages/airflow/example_dags/example_task_group_decorator.py
[2026-03-18T17:55:18.058+0530] {processor.py:840} INFO - DAG(s) 'example_task_group_decorator' retrieved from /home/tejasvi/Desktop/airflow_ssh_simulation/venv/lib/python3.10/site-packages/airflow/example_dags/example_task_group_decorator.py
[2026-03-18T17:55:18.079+0530] {logging_mixin.py:188} INFO - [2026-03-18T17:55:18.078+0530] {dag.py:3047} INFO - Sync 1 DAGs
[2026-03-18T17:55:18.099+0530] {logging_mixin.py:188} INFO - [2026-03-18T17:55:18.099+0530] {dag.py:3834} INFO - Setting next_dagrun for example_task_group_decorator to 2026-03-17 00:00:00+00:00, run_after=2026-03-18 00:00:00+00:00
[2026-03-18T17:55:18.184+0530] {processor.py:183} INFO - Processing /home/tejasvi/Desktop/airflow_ssh_simulation/venv/lib/python3.10/site-packages/airflow/example_dags/example_task_group_decorator.py took 0.192 seconds
[2026-03-18T17:56:26.324+0530] {processor.py:161} INFO - Started process (PID=14145) to work on /home/tejasvi/Desktop/airflow_ssh_simulation/venv/lib/python3.10/site-packages/airflow/example_dags/example_task_group_decorator.py
[2026-03-18T17:56:26.458+0530] {processor.py:830} INFO - Processing file /home/tejasvi/Desktop/airflow_ssh_simulation/venv/lib/python3.10/site-packages/airflow/example_dags/example_task_group_decorator.py for tasks to queue
[2026-03-18T17:56:26.462+0530] {logging_mixin.py:188} INFO - [2026-03-18T17:56:26.461+0530] {dagbag.py:540} INFO - Filling up the DagBag from /home/tejasvi/Desktop/airflow_ssh_simulation/venv/lib/python3.10/site-packages/airflow/example_dags/example_task_group_decorator.py
[2026-03-18T17:56:26.482+0530] {processor.py:840} INFO - DAG(s) 'example_task_group_decorator' retrieved from /home/tejasvi/Desktop/airflow_ssh_simulation/venv/lib/python3.10/site-packages/airflow/example_dags/example_task_group_decorator.py
[2026-03-18T17:56:26.502+0530] {logging_mixin.py:188} INFO - [2026-03-18T17:56:26.502+0530] {dag.py:3047} INFO - Sync 1 DAGs
[2026-03-18T17:56:26.525+0530] {logging_mixin.py:188} INFO - [2026-03-18T17:56:26.525+0530] {dag.py:3834} INFO - Setting next_dagrun for example_task_group_decorator to 2026-03-17 00:00:00+00:00, run_after=2026-03-18 00:00:00+00:00
[2026-03-18T17:56:26.683+0530] {processor.py:183} INFO - Processing /home/tejasvi/Desktop/airflow_ssh_simulation/venv/lib/python3.10/site-packages/airflow/example_dags/example_task_group_decorator.py took 0.367 seconds
[2026-03-18T17:57:36.759+0530] {processor.py:161} INFO - Started process (PID=14689) to work on /home/tejasvi/Desktop/airflow_ssh_simulation/venv/lib/python3.10/site-packages/airflow/example_dags/example_task_group_decorator.py
[2026-03-18T17:57:36.837+0530] {processor.py:830} INFO - Processing file /home/tejasvi/Desktop/airflow_ssh_simulation/venv/lib/python3.10/site-packages/airflow/example_dags/example_task_group_decorator.py for tasks to queue
[2026-03-18T17:57:36.842+0530] {logging_mixin.py:188} INFO - [2026-03-18T17:57:36.841+0530] {dagbag.py:540} INFO - Filling up the DagBag from /home/tejasvi/Desktop/airflow_ssh_simulation/venv/lib/python3.10/site-packages/airflow/example_dags/example_task_group_decorator.py
[2026-03-18T17:57:36.873+0530] {processor.py:840} INFO - DAG(s) 'example_task_group_decorator' retrieved from /home/tejasvi/Desktop/airflow_ssh_simulation/venv/lib/python3.10/site-packages/airflow/example_dags/example_task_group_decorator.py
[2026-03-18T17:57:36.894+0530] {logging_mixin.py:188} INFO - [2026-03-18T17:57:36.894+0530] {dag.py:3047} INFO - Sync 1 DAGs
[2026-03-18T17:57:36.916+0530] {logging_mixin.py:188} INFO - [2026-03-18T17:57:36.915+0530] {dag.py:3834} INFO - Setting next_dagrun for example_task_group_decorator to 2026-03-17 00:00:00+00:00, run_after=2026-03-18 00:00:00+00:00
[2026-03-18T17:57:37.140+0530] {processor.py:183} INFO - Processing /home/tejasvi/Desktop/airflow_ssh_simulation/venv/lib/python3.10/site-packages/airflow/example_dags/example_task_group_decorator.py took 0.388 seconds
[2026-03-18T17:58:40.695+0530] {processor.py:161} INFO - Started process (PID=15169) to work on /home/tejasvi/Desktop/airflow_ssh_simulation/venv/lib/python3.10/site-packages/airflow/example_dags/example_task_group_decorator.py
[2026-03-18T17:58:40.756+0530] {processor.py:830} INFO - Processing file /home/tejasvi/Desktop/airflow_ssh_simulation/venv/lib/python3.10/site-packages/airflow/example_dags/example_task_group_decorator.py for tasks to queue
[2026-03-18T17:58:40.764+0530] {logging_mixin.py:188} INFO - [2026-03-18T17:58:40.762+0530] {dagbag.py:540} INFO - Filling up the DagBag from /home/tejasvi/Desktop/airflow_ssh_simulation/venv/lib/python3.10/site-packages/airflow/example_dags/example_task_group_decorator.py
[2026-03-18T17:58:40.804+0530] {processor.py:840} INFO - DAG(s) 'example_task_group_decorator' retrieved from /home/tejasvi/Desktop/airflow_ssh_simulation/venv/lib/python3.10/site-packages/airflow/example_dags/example_task_group_decorator.py
[2026-03-18T17:58:40.833+0530] {logging_mixin.py:188} INFO - [2026-03-18T17:58:40.833+0530] {dag.py:3047} INFO - Sync 1 DAGs
[2026-03-18T17:58:40.860+0530] {logging_mixin.py:188} INFO - [2026-03-18T17:58:40.860+0530] {dag.py:3834} INFO - Setting next_dagrun for example_task_group_decorator to 2026-03-17 00:00:00+00:00, run_after=2026-03-18 00:00:00+00:00
[2026-03-18T17:58:41.020+0530] {processor.py:183} INFO - Processing /home/tejasvi/Desktop/airflow_ssh_simulation/venv/lib/python3.10/site-packages/airflow/example_dags/example_task_group_decorator.py took 0.329 seconds
[2026-03-18T17:59:42.596+0530] {processor.py:161} INFO - Started process (PID=15381) to work on /home/tejasvi/Desktop/airflow_ssh_simulation/venv/lib/python3.10/site-packages/airflow/example_dags/example_task_group_decorator.py
[2026-03-18T17:59:42.703+0530] {processor.py:830} INFO - Processing file /home/tejasvi/Desktop/airflow_ssh_simulation/venv/lib/python3.10/site-packages/airflow/example_dags/example_task_group_decorator.py for tasks to queue
[2026-03-18T17:59:42.706+0530] {logging_mixin.py:188} INFO - [2026-03-18T17:59:42.705+0530] {dagbag.py:540} INFO - Filling up the DagBag from /home/tejasvi/Desktop/airflow_ssh_simulation/venv/lib/python3.10/site-packages/airflow/example_dags/example_task_group_decorator.py
[2026-03-18T17:59:42.726+0530] {processor.py:840} INFO - DAG(s) 'example_task_group_decorator' retrieved from /home/tejasvi/Desktop/airflow_ssh_simulation/venv/lib/python3.10/site-packages/airflow/example_dags/example_task_group_decorator.py
[2026-03-18T17:59:42.748+0530] {logging_mixin.py:188} INFO - [2026-03-18T17:59:42.747+0530] {dag.py:3047} INFO - Sync 1 DAGs
[2026-03-18T17:59:42.775+0530] {logging_mixin.py:188} INFO - [2026-03-18T17:59:42.774+0530] {dag.py:3834} INFO - Setting next_dagrun for example_task_group_decorator to 2026-03-17 00:00:00+00:00, run_after=2026-03-18 00:00:00+00:00
[2026-03-18T17:59:42.830+0530] {processor.py:183} INFO - Processing /home/tejasvi/Desktop/airflow_ssh_simulation/venv/lib/python3.10/site-packages/airflow/example_dags/example_task_group_decorator.py took 0.239 seconds
[2026-03-18T18:00:46.251+0530] {processor.py:161} INFO - Started process (PID=15555) to work on /home/tejasvi/Desktop/airflow_ssh_simulation/venv/lib/python3.10/site-packages/airflow/example_dags/example_task_group_decorator.py
[2026-03-18T18:00:46.273+0530] {processor.py:830} INFO - Processing file /home/tejasvi/Desktop/airflow_ssh_simulation/venv/lib/python3.10/site-packages/airflow/example_dags/example_task_group_decorator.py for tasks to queue
[2026-03-18T18:00:46.276+0530] {logging_mixin.py:188} INFO - [2026-03-18T18:00:46.275+0530] {dagbag.py:540} INFO - Filling up the DagBag from /home/tejasvi/Desktop/airflow_ssh_simulation/venv/lib/python3.10/site-packages/airflow/example_dags/example_task_group_decorator.py
[2026-03-18T18:00:46.298+0530] {processor.py:840} INFO - DAG(s) 'example_task_group_decorator' retrieved from /home/tejasvi/Desktop/airflow_ssh_simulation/venv/lib/python3.10/site-packages/airflow/example_dags/example_task_group_decorator.py
[2026-03-18T18:00:46.320+0530] {logging_mixin.py:188} INFO - [2026-03-18T18:00:46.319+0530] {dag.py:3047} INFO - Sync 1 DAGs
[2026-03-18T18:00:46.342+0530] {logging_mixin.py:188} INFO - [2026-03-18T18:00:46.341+0530] {dag.py:3834} INFO - Setting next_dagrun for example_task_group_decorator to 2026-03-17 00:00:00+00:00, run_after=2026-03-18 00:00:00+00:00
[2026-03-18T18:00:46.397+0530] {processor.py:183} INFO - Processing /home/tejasvi/Desktop/airflow_ssh_simulation/venv/lib/python3.10/site-packages/airflow/example_dags/example_task_group_decorator.py took 0.152 seconds
[2026-03-18T18:01:51.273+0530] {processor.py:161} INFO - Started process (PID=17649) to work on /home/tejasvi/Desktop/airflow_ssh_simulation/venv/lib/python3.10/site-packages/airflow/example_dags/example_task_group_decorator.py
[2026-03-18T18:01:51.277+0530] {processor.py:830} INFO - Processing file /home/tejasvi/Desktop/airflow_ssh_simulation/venv/lib/python3.10/site-packages/airflow/example_dags/example_task_group_decorator.py for tasks to queue
[2026-03-18T18:01:51.282+0530] {logging_mixin.py:188} INFO - [2026-03-18T18:01:51.281+0530] {dagbag.py:540} INFO - Filling up the DagBag from /home/tejasvi/Desktop/airflow_ssh_simulation/venv/lib/python3.10/site-packages/airflow/example_dags/example_task_group_decorator.py
[2026-03-18T18:01:51.324+0530] {processor.py:840} INFO - DAG(s) 'example_task_group_decorator' retrieved from /home/tejasvi/Desktop/airflow_ssh_simulation/venv/lib/python3.10/site-packages/airflow/example_dags/example_task_group_decorator.py
[2026-03-18T18:01:51.357+0530] {logging_mixin.py:188} INFO - [2026-03-18T18:01:51.356+0530] {dag.py:3047} INFO - Sync 1 DAGs
[2026-03-18T18:01:51.397+0530] {logging_mixin.py:188} INFO - [2026-03-18T18:01:51.397+0530] {dag.py:3834} INFO - Setting next_dagrun for example_task_group_decorator to 2026-03-17 00:00:00+00:00, run_after=2026-03-18 00:00:00+00:00
[2026-03-18T18:01:51.464+0530] {processor.py:183} INFO - Processing /home/tejasvi/Desktop/airflow_ssh_simulation/venv/lib/python3.10/site-packages/airflow/example_dags/example_task_group_decorator.py took 0.196 seconds
[2026-03-18T18:03:03.718+0530] {processor.py:161} INFO - Started process (PID=18056) to work on /home/tejasvi/Desktop/airflow_ssh_simulation/venv/lib/python3.10/site-packages/airflow/example_dags/example_task_group_decorator.py
[2026-03-18T18:03:03.723+0530] {processor.py:830} INFO - Processing file /home/tejasvi/Desktop/airflow_ssh_simulation/venv/lib/python3.10/site-packages/airflow/example_dags/example_task_group_decorator.py for tasks to queue
[2026-03-18T18:03:03.726+0530] {logging_mixin.py:188} INFO - [2026-03-18T18:03:03.725+0530] {dagbag.py:540} INFO - Filling up the DagBag from /home/tejasvi/Desktop/airflow_ssh_simulation/venv/lib/python3.10/site-packages/airflow/example_dags/example_task_group_decorator.py
[2026-03-18T18:03:03.747+0530] {processor.py:840} INFO - DAG(s) 'example_task_group_decorator' retrieved from /home/tejasvi/Desktop/airflow_ssh_simulation/venv/lib/python3.10/site-packages/airflow/example_dags/example_task_group_decorator.py
[2026-03-18T18:03:03.852+0530] {logging_mixin.py:188} INFO - [2026-03-18T18:03:03.851+0530] {dag.py:3047} INFO - Sync 1 DAGs
[2026-03-18T18:03:03.876+0530] {logging_mixin.py:188} INFO - [2026-03-18T18:03:03.875+0530] {dag.py:3834} INFO - Setting next_dagrun for example_task_group_decorator to 2026-03-17 00:00:00+00:00, run_after=2026-03-18 00:00:00+00:00
[2026-03-18T18:03:04.135+0530] {processor.py:183} INFO - Processing /home/tejasvi/Desktop/airflow_ssh_simulation/venv/lib/python3.10/site-packages/airflow/example_dags/example_task_group_decorator.py took 0.424 seconds
[2026-03-18T18:04:11.342+0530] {processor.py:161} INFO - Started process (PID=18321) to work on /home/tejasvi/Desktop/airflow_ssh_simulation/venv/lib/python3.10/site-packages/airflow/example_dags/example_task_group_decorator.py
[2026-03-18T18:04:11.344+0530] {processor.py:830} INFO - Processing file /home/tejasvi/Desktop/airflow_ssh_simulation/venv/lib/python3.10/site-packages/airflow/example_dags/example_task_group_decorator.py for tasks to queue
[2026-03-18T18:04:11.347+0530] {logging_mixin.py:188} INFO - [2026-03-18T18:04:11.346+0530] {dagbag.py:540} INFO - Filling up the DagBag from /home/tejasvi/Desktop/airflow_ssh_simulation/venv/lib/python3.10/site-packages/airflow/example_dags/example_task_group_decorator.py
[2026-03-18T18:04:11.367+0530] {processor.py:840} INFO - DAG(s) 'example_task_group_decorator' retrieved from /home/tejasvi/Desktop/airflow_ssh_simulation/venv/lib/python3.10/site-packages/airflow/example_dags/example_task_group_decorator.py
[2026-03-18T18:04:11.393+0530] {logging_mixin.py:188} INFO - [2026-03-18T18:04:11.392+0530] {dag.py:3047} INFO - Sync 1 DAGs
[2026-03-18T18:04:11.419+0530] {logging_mixin.py:188} INFO - [2026-03-18T18:04:11.418+0530] {dag.py:3834} INFO - Setting next_dagrun for example_task_group_decorator to 2026-03-17 00:00:00+00:00, run_after=2026-03-18 00:00:00+00:00
[2026-03-18T18:04:11.526+0530] {processor.py:183} INFO - Processing /home/tejasvi/Desktop/airflow_ssh_simulation/venv/lib/python3.10/site-packages/airflow/example_dags/example_task_group_decorator.py took 0.188 seconds
[2026-03-18T18:05:19.419+0530] {processor.py:161} INFO - Started process (PID=18746) to work on /home/tejasvi/Desktop/airflow_ssh_simulation/venv/lib/python3.10/site-packages/airflow/example_dags/example_task_group_decorator.py
[2026-03-18T18:05:19.483+0530] {processor.py:830} INFO - Processing file /home/tejasvi/Desktop/airflow_ssh_simulation/venv/lib/python3.10/site-packages/airflow/example_dags/example_task_group_decorator.py for tasks to queue
[2026-03-18T18:05:19.488+0530] {logging_mixin.py:188} INFO - [2026-03-18T18:05:19.487+0530] {dagbag.py:540} INFO - Filling up the DagBag from /home/tejasvi/Desktop/airflow_ssh_simulation/venv/lib/python3.10/site-packages/airflow/example_dags/example_task_group_decorator.py
[2026-03-18T18:05:19.528+0530] {processor.py:840} INFO - DAG(s) 'example_task_group_decorator' retrieved from /home/tejasvi/Desktop/airflow_ssh_simulation/venv/lib/python3.10/site-packages/airflow/example_dags/example_task_group_decorator.py
[2026-03-18T18:05:19.549+0530] {logging_mixin.py:188} INFO - [2026-03-18T18:05:19.548+0530] {dag.py:3047} INFO - Sync 1 DAGs
[2026-03-18T18:05:19.571+0530] {logging_mixin.py:188} INFO - [2026-03-18T18:05:19.570+0530] {dag.py:3834} INFO - Setting next_dagrun for example_task_group_decorator to 2026-03-17 00:00:00+00:00, run_after=2026-03-18 00:00:00+00:00
[2026-03-18T18:05:19.706+0530] {processor.py:183} INFO - Processing /home/tejasvi/Desktop/airflow_ssh_simulation/venv/lib/python3.10/site-packages/airflow/example_dags/example_task_group_decorator.py took 0.295 seconds
[2026-03-18T18:06:22.153+0530] {processor.py:161} INFO - Started process (PID=18924) to work on /home/tejasvi/Desktop/airflow_ssh_simulation/venv/lib/python3.10/site-packages/airflow/example_dags/example_task_group_decorator.py
[2026-03-18T18:06:22.181+0530] {processor.py:830} INFO - Processing file /home/tejasvi/Desktop/airflow_ssh_simulation/venv/lib/python3.10/site-packages/airflow/example_dags/example_task_group_decorator.py for tasks to queue
[2026-03-18T18:06:22.187+0530] {logging_mixin.py:188} INFO - [2026-03-18T18:06:22.185+0530] {dagbag.py:540} INFO - Filling up the DagBag from /home/tejasvi/Desktop/airflow_ssh_simulation/venv/lib/python3.10/site-packages/airflow/example_dags/example_task_group_decorator.py
[2026-03-18T18:06:22.211+0530] {processor.py:840} INFO - DAG(s) 'example_task_group_decorator' retrieved from /home/tejasvi/Desktop/airflow_ssh_simulation/venv/lib/python3.10/site-packages/airflow/example_dags/example_task_group_decorator.py
[2026-03-18T18:06:22.233+0530] {logging_mixin.py:188} INFO - [2026-03-18T18:06:22.233+0530] {dag.py:3047} INFO - Sync 1 DAGs
[2026-03-18T18:06:22.259+0530] {logging_mixin.py:188} INFO - [2026-03-18T18:06:22.259+0530] {dag.py:3834} INFO - Setting next_dagrun for example_task_group_decorator to 2026-03-17 00:00:00+00:00, run_after=2026-03-18 00:00:00+00:00
[2026-03-18T18:06:22.313+0530] {processor.py:183} INFO - Processing /home/tejasvi/Desktop/airflow_ssh_simulation/venv/lib/python3.10/site-packages/airflow/example_dags/example_task_group_decorator.py took 0.167 seconds
[2026-03-18T18:07:19.127+0530] {processor.py:161} INFO - Started process (PID=19084) to work on /home/tejasvi/Desktop/airflow_ssh_simulation/venv/lib/python3.10/site-packages/airflow/example_dags/example_task_group_decorator.py
[2026-03-18T18:07:19.734+0530] {processor.py:830} INFO - Processing file /home/tejasvi/Desktop/airflow_ssh_simulation/venv/lib/python3.10/site-packages/airflow/example_dags/example_task_group_decorator.py for tasks to queue
[2026-03-18T18:07:19.739+0530] {logging_mixin.py:188} INFO - [2026-03-18T18:07:19.738+0530] {dagbag.py:540} INFO - Filling up the DagBag from /home/tejasvi/Desktop/airflow_ssh_simulation/venv/lib/python3.10/site-packages/airflow/example_dags/example_task_group_decorator.py
[2026-03-18T18:07:19.776+0530] {processor.py:840} INFO - DAG(s) 'example_task_group_decorator' retrieved from /home/tejasvi/Desktop/airflow_ssh_simulation/venv/lib/python3.10/site-packages/airflow/example_dags/example_task_group_decorator.py
[2026-03-18T18:07:19.802+0530] {logging_mixin.py:188} INFO - [2026-03-18T18:07:19.801+0530] {dag.py:3047} INFO - Sync 1 DAGs
[2026-03-18T18:07:19.829+0530] {logging_mixin.py:188} INFO - [2026-03-18T18:07:19.829+0530] {dag.py:3834} INFO - Setting next_dagrun for example_task_group_decorator to 2026-03-17 00:00:00+00:00, run_after=2026-03-18 00:00:00+00:00
[2026-03-18T18:07:20.504+0530] {processor.py:183} INFO - Processing /home/tejasvi/Desktop/airflow_ssh_simulation/venv/lib/python3.10/site-packages/airflow/example_dags/example_task_group_decorator.py took 1.385 seconds
[2026-03-18T18:08:27.098+0530] {processor.py:161} INFO - Started process (PID=19259) to work on /home/tejasvi/Desktop/airflow_ssh_simulation/venv/lib/python3.10/site-packages/airflow/example_dags/example_task_group_decorator.py
[2026-03-18T18:08:27.104+0530] {processor.py:830} INFO - Processing file /home/tejasvi/Desktop/airflow_ssh_simulation/venv/lib/python3.10/site-packages/airflow/example_dags/example_task_group_decorator.py for tasks to queue
[2026-03-18T18:08:27.107+0530] {logging_mixin.py:188} INFO - [2026-03-18T18:08:27.106+0530] {dagbag.py:540} INFO - Filling up the DagBag from /home/tejasvi/Desktop/airflow_ssh_simulation/venv/lib/python3.10/site-packages/airflow/example_dags/example_task_group_decorator.py
[2026-03-18T18:08:27.126+0530] {processor.py:840} INFO - DAG(s) 'example_task_group_decorator' retrieved from /home/tejasvi/Desktop/airflow_ssh_simulation/venv/lib/python3.10/site-packages/airflow/example_dags/example_task_group_decorator.py
[2026-03-18T18:08:27.148+0530] {logging_mixin.py:188} INFO - [2026-03-18T18:08:27.147+0530] {dag.py:3047} INFO - Sync 1 DAGs
[2026-03-18T18:08:27.170+0530] {logging_mixin.py:188} INFO - [2026-03-18T18:08:27.169+0530] {dag.py:3834} INFO - Setting next_dagrun for example_task_group_decorator to 2026-03-17 00:00:00+00:00, run_after=2026-03-18 00:00:00+00:00
[2026-03-18T18:08:27.224+0530] {processor.py:183} INFO - Processing /home/tejasvi/Desktop/airflow_ssh_simulation/venv/lib/python3.10/site-packages/airflow/example_dags/example_task_group_decorator.py took 0.130 seconds
[2026-03-18T18:09:25.833+0530] {processor.py:161} INFO - Started process (PID=19423) to work on /home/tejasvi/Desktop/airflow_ssh_simulation/venv/lib/python3.10/site-packages/airflow/example_dags/example_task_group_decorator.py
[2026-03-18T18:09:25.895+0530] {processor.py:830} INFO - Processing file /home/tejasvi/Desktop/airflow_ssh_simulation/venv/lib/python3.10/site-packages/airflow/example_dags/example_task_group_decorator.py for tasks to queue
[2026-03-18T18:09:25.901+0530] {logging_mixin.py:188} INFO - [2026-03-18T18:09:25.900+0530] {dagbag.py:540} INFO - Filling up the DagBag from /home/tejasvi/Desktop/airflow_ssh_simulation/venv/lib/python3.10/site-packages/airflow/example_dags/example_task_group_decorator.py
[2026-03-18T18:09:25.926+0530] {processor.py:840} INFO - DAG(s) 'example_task_group_decorator' retrieved from /home/tejasvi/Desktop/airflow_ssh_simulation/venv/lib/python3.10/site-packages/airflow/example_dags/example_task_group_decorator.py
[2026-03-18T18:09:25.949+0530] {logging_mixin.py:188} INFO - [2026-03-18T18:09:25.949+0530] {dag.py:3047} INFO - Sync 1 DAGs
[2026-03-18T18:09:25.972+0530] {logging_mixin.py:188} INFO - [2026-03-18T18:09:25.972+0530] {dag.py:3834} INFO - Setting next_dagrun for example_task_group_decorator to 2026-03-17 00:00:00+00:00, run_after=2026-03-18 00:00:00+00:00
[2026-03-18T18:09:26.026+0530] {processor.py:183} INFO - Processing /home/tejasvi/Desktop/airflow_ssh_simulation/venv/lib/python3.10/site-packages/airflow/example_dags/example_task_group_decorator.py took 0.198 seconds
[2026-03-18T18:10:24.437+0530] {processor.py:161} INFO - Started process (PID=19574) to work on /home/tejasvi/Desktop/airflow_ssh_simulation/venv/lib/python3.10/site-packages/airflow/example_dags/example_task_group_decorator.py
[2026-03-18T18:10:24.447+0530] {processor.py:830} INFO - Processing file /home/tejasvi/Desktop/airflow_ssh_simulation/venv/lib/python3.10/site-packages/airflow/example_dags/example_task_group_decorator.py for tasks to queue
[2026-03-18T18:10:24.451+0530] {logging_mixin.py:188} INFO - [2026-03-18T18:10:24.450+0530] {dagbag.py:540} INFO - Filling up the DagBag from /home/tejasvi/Desktop/airflow_ssh_simulation/venv/lib/python3.10/site-packages/airflow/example_dags/example_task_group_decorator.py
[2026-03-18T18:10:24.470+0530] {processor.py:840} INFO - DAG(s) 'example_task_group_decorator' retrieved from /home/tejasvi/Desktop/airflow_ssh_simulation/venv/lib/python3.10/site-packages/airflow/example_dags/example_task_group_decorator.py
[2026-03-18T18:10:24.492+0530] {logging_mixin.py:188} INFO - [2026-03-18T18:10:24.491+0530] {dag.py:3047} INFO - Sync 1 DAGs
[2026-03-18T18:10:24.516+0530] {logging_mixin.py:188} INFO - [2026-03-18T18:10:24.516+0530] {dag.py:3834} INFO - Setting next_dagrun for example_task_group_decorator to 2026-03-17 00:00:00+00:00, run_after=2026-03-18 00:00:00+00:00
[2026-03-18T18:10:24.586+0530] {processor.py:183} INFO - Processing /home/tejasvi/Desktop/airflow_ssh_simulation/venv/lib/python3.10/site-packages/airflow/example_dags/example_task_group_decorator.py took 0.158 seconds
[2026-03-18T18:11:29.251+0530] {processor.py:161} INFO - Started process (PID=19794) to work on /home/tejasvi/Desktop/airflow_ssh_simulation/venv/lib/python3.10/site-packages/airflow/example_dags/example_task_group_decorator.py
[2026-03-18T18:11:29.320+0530] {processor.py:830} INFO - Processing file /home/tejasvi/Desktop/airflow_ssh_simulation/venv/lib/python3.10/site-packages/airflow/example_dags/example_task_group_decorator.py for tasks to queue
[2026-03-18T18:11:29.323+0530] {logging_mixin.py:188} INFO - [2026-03-18T18:11:29.323+0530] {dagbag.py:540} INFO - Filling up the DagBag from /home/tejasvi/Desktop/airflow_ssh_simulation/venv/lib/python3.10/site-packages/airflow/example_dags/example_task_group_decorator.py
[2026-03-18T18:11:29.341+0530] {processor.py:840} INFO - DAG(s) 'example_task_group_decorator' retrieved from /home/tejasvi/Desktop/airflow_ssh_simulation/venv/lib/python3.10/site-packages/airflow/example_dags/example_task_group_decorator.py
[2026-03-18T18:11:29.362+0530] {logging_mixin.py:188} INFO - [2026-03-18T18:11:29.361+0530] {dag.py:3047} INFO - Sync 1 DAGs
[2026-03-18T18:11:29.383+0530] {logging_mixin.py:188} INFO - [2026-03-18T18:11:29.383+0530] {dag.py:3834} INFO - Setting next_dagrun for example_task_group_decorator to 2026-03-17 00:00:00+00:00, run_after=2026-03-18 00:00:00+00:00
[2026-03-18T18:11:29.635+0530] {processor.py:183} INFO - Processing /home/tejasvi/Desktop/airflow_ssh_simulation/venv/lib/python3.10/site-packages/airflow/example_dags/example_task_group_decorator.py took 0.393 seconds
[2026-03-18T18:12:40.185+0530] {processor.py:161} INFO - Started process (PID=19965) to work on /home/tejasvi/Desktop/airflow_ssh_simulation/venv/lib/python3.10/site-packages/airflow/example_dags/example_task_group_decorator.py
[2026-03-18T18:12:40.188+0530] {processor.py:830} INFO - Processing file /home/tejasvi/Desktop/airflow_ssh_simulation/venv/lib/python3.10/site-packages/airflow/example_dags/example_task_group_decorator.py for tasks to queue
[2026-03-18T18:12:40.191+0530] {logging_mixin.py:188} INFO - [2026-03-18T18:12:40.191+0530] {dagbag.py:540} INFO - Filling up the DagBag from /home/tejasvi/Desktop/airflow_ssh_simulation/venv/lib/python3.10/site-packages/airflow/example_dags/example_task_group_decorator.py
[2026-03-18T18:12:40.214+0530] {processor.py:840} INFO - DAG(s) 'example_task_group_decorator' retrieved from /home/tejasvi/Desktop/airflow_ssh_simulation/venv/lib/python3.10/site-packages/airflow/example_dags/example_task_group_decorator.py
[2026-03-18T18:12:40.237+0530] {logging_mixin.py:188} INFO - [2026-03-18T18:12:40.237+0530] {dag.py:3047} INFO - Sync 1 DAGs
[2026-03-18T18:12:40.262+0530] {logging_mixin.py:188} INFO - [2026-03-18T18:12:40.262+0530] {dag.py:3834} INFO - Setting next_dagrun for example_task_group_decorator to 2026-03-17 00:00:00+00:00, run_after=2026-03-18 00:00:00+00:00
[2026-03-18T18:12:40.324+0530] {processor.py:183} INFO - Processing /home/tejasvi/Desktop/airflow_ssh_simulation/venv/lib/python3.10/site-packages/airflow/example_dags/example_task_group_decorator.py took 0.144 seconds
[2026-03-18T18:13:52.493+0530] {processor.py:161} INFO - Started process (PID=20124) to work on /home/tejasvi/Desktop/airflow_ssh_simulation/venv/lib/python3.10/site-packages/airflow/example_dags/example_task_group_decorator.py
[2026-03-18T18:13:52.560+0530] {processor.py:830} INFO - Processing file /home/tejasvi/Desktop/airflow_ssh_simulation/venv/lib/python3.10/site-packages/airflow/example_dags/example_task_group_decorator.py for tasks to queue
[2026-03-18T18:13:52.563+0530] {logging_mixin.py:188} INFO - [2026-03-18T18:13:52.563+0530] {dagbag.py:540} INFO - Filling up the DagBag from /home/tejasvi/Desktop/airflow_ssh_simulation/venv/lib/python3.10/site-packages/airflow/example_dags/example_task_group_decorator.py
[2026-03-18T18:13:52.586+0530] {processor.py:840} INFO - DAG(s) 'example_task_group_decorator' retrieved from /home/tejasvi/Desktop/airflow_ssh_simulation/venv/lib/python3.10/site-packages/airflow/example_dags/example_task_group_decorator.py
[2026-03-18T18:13:52.610+0530] {logging_mixin.py:188} INFO - [2026-03-18T18:13:52.610+0530] {dag.py:3047} INFO - Sync 1 DAGs
[2026-03-18T18:13:52.636+0530] {logging_mixin.py:188} INFO - [2026-03-18T18:13:52.636+0530] {dag.py:3834} INFO - Setting next_dagrun for example_task_group_decorator to 2026-03-17 00:00:00+00:00, run_after=2026-03-18 00:00:00+00:00
[2026-03-18T18:13:53.369+0530] {processor.py:183} INFO - Processing /home/tejasvi/Desktop/airflow_ssh_simulation/venv/lib/python3.10/site-packages/airflow/example_dags/example_task_group_decorator.py took 0.881 seconds
[2026-03-18T18:15:16.909+0530] {processor.py:161} INFO - Started process (PID=20327) to work on /home/tejasvi/Desktop/airflow_ssh_simulation/venv/lib/python3.10/site-packages/airflow/example_dags/example_task_group_decorator.py
[2026-03-18T18:15:17.005+0530] {processor.py:830} INFO - Processing file /home/tejasvi/Desktop/airflow_ssh_simulation/venv/lib/python3.10/site-packages/airflow/example_dags/example_task_group_decorator.py for tasks to queue
[2026-03-18T18:15:17.009+0530] {logging_mixin.py:188} INFO - [2026-03-18T18:15:17.008+0530] {dagbag.py:540} INFO - Filling up the DagBag from /home/tejasvi/Desktop/airflow_ssh_simulation/venv/lib/python3.10/site-packages/airflow/example_dags/example_task_group_decorator.py
[2026-03-18T18:15:17.027+0530] {processor.py:840} INFO - DAG(s) 'example_task_group_decorator' retrieved from /home/tejasvi/Desktop/airflow_ssh_simulation/venv/lib/python3.10/site-packages/airflow/example_dags/example_task_group_decorator.py
[2026-03-18T18:15:17.047+0530] {logging_mixin.py:188} INFO - [2026-03-18T18:15:17.046+0530] {dag.py:3047} INFO - Sync 1 DAGs
[2026-03-18T18:15:17.068+0530] {logging_mixin.py:188} INFO - [2026-03-18T18:15:17.067+0530] {dag.py:3834} INFO - Setting next_dagrun for example_task_group_decorator to 2026-03-17 00:00:00+00:00, run_after=2026-03-18 00:00:00+00:00
[2026-03-18T18:15:17.153+0530] {processor.py:183} INFO - Processing /home/tejasvi/Desktop/airflow_ssh_simulation/venv/lib/python3.10/site-packages/airflow/example_dags/example_task_group_decorator.py took 0.253 seconds
[2026-03-18T18:16:18.541+0530] {processor.py:161} INFO - Started process (PID=20509) to work on /home/tejasvi/Desktop/airflow_ssh_simulation/venv/lib/python3.10/site-packages/airflow/example_dags/example_task_group_decorator.py
[2026-03-18T18:16:18.578+0530] {processor.py:830} INFO - Processing file /home/tejasvi/Desktop/airflow_ssh_simulation/venv/lib/python3.10/site-packages/airflow/example_dags/example_task_group_decorator.py for tasks to queue
[2026-03-18T18:16:18.581+0530] {logging_mixin.py:188} INFO - [2026-03-18T18:16:18.581+0530] {dagbag.py:540} INFO - Filling up the DagBag from /home/tejasvi/Desktop/airflow_ssh_simulation/venv/lib/python3.10/site-packages/airflow/example_dags/example_task_group_decorator.py
[2026-03-18T18:16:18.605+0530] {processor.py:840} INFO - DAG(s) 'example_task_group_decorator' retrieved from /home/tejasvi/Desktop/airflow_ssh_simulation/venv/lib/python3.10/site-packages/airflow/example_dags/example_task_group_decorator.py
[2026-03-18T18:16:18.628+0530] {logging_mixin.py:188} INFO - [2026-03-18T18:16:18.627+0530] {dag.py:3047} INFO - Sync 1 DAGs
[2026-03-18T18:16:18.651+0530] {logging_mixin.py:188} INFO - [2026-03-18T18:16:18.650+0530] {dag.py:3834} INFO - Setting next_dagrun for example_task_group_decorator to 2026-03-17 00:00:00+00:00, run_after=2026-03-18 00:00:00+00:00
[2026-03-18T18:16:18.754+0530] {processor.py:183} INFO - Processing /home/tejasvi/Desktop/airflow_ssh_simulation/venv/lib/python3.10/site-packages/airflow/example_dags/example_task_group_decorator.py took 0.216 seconds
[2026-03-18T18:17:34.524+0530] {processor.py:161} INFO - Started process (PID=20692) to work on /home/tejasvi/Desktop/airflow_ssh_simulation/venv/lib/python3.10/site-packages/airflow/example_dags/example_task_group_decorator.py
[2026-03-18T18:17:34.582+0530] {processor.py:830} INFO - Processing file /home/tejasvi/Desktop/airflow_ssh_simulation/venv/lib/python3.10/site-packages/airflow/example_dags/example_task_group_decorator.py for tasks to queue
[2026-03-18T18:17:34.587+0530] {logging_mixin.py:188} INFO - [2026-03-18T18:17:34.586+0530] {dagbag.py:540} INFO - Filling up the DagBag from /home/tejasvi/Desktop/airflow_ssh_simulation/venv/lib/python3.10/site-packages/airflow/example_dags/example_task_group_decorator.py
[2026-03-18T18:17:34.612+0530] {processor.py:840} INFO - DAG(s) 'example_task_group_decorator' retrieved from /home/tejasvi/Desktop/airflow_ssh_simulation/venv/lib/python3.10/site-packages/airflow/example_dags/example_task_group_decorator.py
[2026-03-18T18:17:34.637+0530] {logging_mixin.py:188} INFO - [2026-03-18T18:17:34.636+0530] {dag.py:3047} INFO - Sync 1 DAGs
[2026-03-18T18:17:34.664+0530] {logging_mixin.py:188} INFO - [2026-03-18T18:17:34.664+0530] {dag.py:3834} INFO - Setting next_dagrun for example_task_group_decorator to 2026-03-17 00:00:00+00:00, run_after=2026-03-18 00:00:00+00:00
[2026-03-18T18:17:34.788+0530] {processor.py:183} INFO - Processing /home/tejasvi/Desktop/airflow_ssh_simulation/venv/lib/python3.10/site-packages/airflow/example_dags/example_task_group_decorator.py took 0.274 seconds
[2026-03-18T18:18:41.113+0530] {processor.py:161} INFO - Started process (PID=22055) to work on /home/tejasvi/Desktop/airflow_ssh_simulation/venv/lib/python3.10/site-packages/airflow/example_dags/example_task_group_decorator.py
[2026-03-18T18:18:41.202+0530] {processor.py:830} INFO - Processing file /home/tejasvi/Desktop/airflow_ssh_simulation/venv/lib/python3.10/site-packages/airflow/example_dags/example_task_group_decorator.py for tasks to queue
[2026-03-18T18:18:41.205+0530] {logging_mixin.py:188} INFO - [2026-03-18T18:18:41.205+0530] {dagbag.py:540} INFO - Filling up the DagBag from /home/tejasvi/Desktop/airflow_ssh_simulation/venv/lib/python3.10/site-packages/airflow/example_dags/example_task_group_decorator.py
[2026-03-18T18:18:41.270+0530] {processor.py:840} INFO - DAG(s) 'example_task_group_decorator' retrieved from /home/tejasvi/Desktop/airflow_ssh_simulation/venv/lib/python3.10/site-packages/airflow/example_dags/example_task_group_decorator.py
[2026-03-18T18:18:41.298+0530] {logging_mixin.py:188} INFO - [2026-03-18T18:18:41.297+0530] {dag.py:3047} INFO - Sync 1 DAGs
[2026-03-18T18:18:41.322+0530] {logging_mixin.py:188} INFO - [2026-03-18T18:18:41.321+0530] {dag.py:3834} INFO - Setting next_dagrun for example_task_group_decorator to 2026-03-17 00:00:00+00:00, run_after=2026-03-18 00:00:00+00:00
[2026-03-18T18:18:41.417+0530] {processor.py:183} INFO - Processing /home/tejasvi/Desktop/airflow_ssh_simulation/venv/lib/python3.10/site-packages/airflow/example_dags/example_task_group_decorator.py took 0.311 seconds
[2026-03-18T18:20:00.794+0530] {processor.py:161} INFO - Started process (PID=22270) to work on /home/tejasvi/Desktop/airflow_ssh_simulation/venv/lib/python3.10/site-packages/airflow/example_dags/example_task_group_decorator.py
[2026-03-18T18:20:00.891+0530] {processor.py:830} INFO - Processing file /home/tejasvi/Desktop/airflow_ssh_simulation/venv/lib/python3.10/site-packages/airflow/example_dags/example_task_group_decorator.py for tasks to queue
[2026-03-18T18:20:00.895+0530] {logging_mixin.py:188} INFO - [2026-03-18T18:20:00.895+0530] {dagbag.py:540} INFO - Filling up the DagBag from /home/tejasvi/Desktop/airflow_ssh_simulation/venv/lib/python3.10/site-packages/airflow/example_dags/example_task_group_decorator.py
[2026-03-18T18:20:00.915+0530] {processor.py:840} INFO - DAG(s) 'example_task_group_decorator' retrieved from /home/tejasvi/Desktop/airflow_ssh_simulation/venv/lib/python3.10/site-packages/airflow/example_dags/example_task_group_decorator.py
[2026-03-18T18:20:00.939+0530] {logging_mixin.py:188} INFO - [2026-03-18T18:20:00.939+0530] {dag.py:3047} INFO - Sync 1 DAGs
[2026-03-18T18:20:00.965+0530] {logging_mixin.py:188} INFO - [2026-03-18T18:20:00.964+0530] {dag.py:3834} INFO - Setting next_dagrun for example_task_group_decorator to 2026-03-17 00:00:00+00:00, run_after=2026-03-18 00:00:00+00:00
[2026-03-18T18:20:01.043+0530] {processor.py:183} INFO - Processing /home/tejasvi/Desktop/airflow_ssh_simulation/venv/lib/python3.10/site-packages/airflow/example_dags/example_task_group_decorator.py took 0.258 seconds
[2026-03-18T18:21:05.253+0530] {processor.py:161} INFO - Started process (PID=22484) to work on /home/tejasvi/Desktop/airflow_ssh_simulation/venv/lib/python3.10/site-packages/airflow/example_dags/example_task_group_decorator.py
[2026-03-18T18:21:05.303+0530] {processor.py:830} INFO - Processing file /home/tejasvi/Desktop/airflow_ssh_simulation/venv/lib/python3.10/site-packages/airflow/example_dags/example_task_group_decorator.py for tasks to queue
[2026-03-18T18:21:05.306+0530] {logging_mixin.py:188} INFO - [2026-03-18T18:21:05.305+0530] {dagbag.py:540} INFO - Filling up the DagBag from /home/tejasvi/Desktop/airflow_ssh_simulation/venv/lib/python3.10/site-packages/airflow/example_dags/example_task_group_decorator.py
[2026-03-18T18:21:05.327+0530] {processor.py:840} INFO - DAG(s) 'example_task_group_decorator' retrieved from /home/tejasvi/Desktop/airflow_ssh_simulation/venv/lib/python3.10/site-packages/airflow/example_dags/example_task_group_decorator.py
[2026-03-18T18:21:05.350+0530] {logging_mixin.py:188} INFO - [2026-03-18T18:21:05.349+0530] {dag.py:3047} INFO - Sync 1 DAGs
[2026-03-18T18:21:05.373+0530] {logging_mixin.py:188} INFO - [2026-03-18T18:21:05.373+0530] {dag.py:3834} INFO - Setting next_dagrun for example_task_group_decorator to 2026-03-17 00:00:00+00:00, run_after=2026-03-18 00:00:00+00:00
[2026-03-18T18:21:05.451+0530] {processor.py:183} INFO - Processing /home/tejasvi/Desktop/airflow_ssh_simulation/venv/lib/python3.10/site-packages/airflow/example_dags/example_task_group_decorator.py took 0.204 seconds
[2026-03-18T18:22:07.400+0530] {processor.py:161} INFO - Started process (PID=22646) to work on /home/tejasvi/Desktop/airflow_ssh_simulation/venv/lib/python3.10/site-packages/airflow/example_dags/example_task_group_decorator.py
[2026-03-18T18:22:07.429+0530] {processor.py:830} INFO - Processing file /home/tejasvi/Desktop/airflow_ssh_simulation/venv/lib/python3.10/site-packages/airflow/example_dags/example_task_group_decorator.py for tasks to queue
[2026-03-18T18:22:07.434+0530] {logging_mixin.py:188} INFO - [2026-03-18T18:22:07.433+0530] {dagbag.py:540} INFO - Filling up the DagBag from /home/tejasvi/Desktop/airflow_ssh_simulation/venv/lib/python3.10/site-packages/airflow/example_dags/example_task_group_decorator.py
[2026-03-18T18:22:07.457+0530] {processor.py:840} INFO - DAG(s) 'example_task_group_decorator' retrieved from /home/tejasvi/Desktop/airflow_ssh_simulation/venv/lib/python3.10/site-packages/airflow/example_dags/example_task_group_decorator.py
[2026-03-18T18:22:07.479+0530] {logging_mixin.py:188} INFO - [2026-03-18T18:22:07.478+0530] {dag.py:3047} INFO - Sync 1 DAGs
[2026-03-18T18:22:07.505+0530] {logging_mixin.py:188} INFO - [2026-03-18T18:22:07.505+0530] {dag.py:3834} INFO - Setting next_dagrun for example_task_group_decorator to 2026-03-17 00:00:00+00:00, run_after=2026-03-18 00:00:00+00:00
[2026-03-18T18:22:07.569+0530] {processor.py:183} INFO - Processing /home/tejasvi/Desktop/airflow_ssh_simulation/venv/lib/python3.10/site-packages/airflow/example_dags/example_task_group_decorator.py took 0.175 seconds
[2026-03-18T18:23:23.400+0530] {processor.py:161} INFO - Started process (PID=22825) to work on /home/tejasvi/Desktop/airflow_ssh_simulation/venv/lib/python3.10/site-packages/airflow/example_dags/example_task_group_decorator.py
[2026-03-18T18:23:23.452+0530] {processor.py:830} INFO - Processing file /home/tejasvi/Desktop/airflow_ssh_simulation/venv/lib/python3.10/site-packages/airflow/example_dags/example_task_group_decorator.py for tasks to queue
[2026-03-18T18:23:23.456+0530] {logging_mixin.py:188} INFO - [2026-03-18T18:23:23.455+0530] {dagbag.py:540} INFO - Filling up the DagBag from /home/tejasvi/Desktop/airflow_ssh_simulation/venv/lib/python3.10/site-packages/airflow/example_dags/example_task_group_decorator.py
[2026-03-18T18:23:23.475+0530] {processor.py:840} INFO - DAG(s) 'example_task_group_decorator' retrieved from /home/tejasvi/Desktop/airflow_ssh_simulation/venv/lib/python3.10/site-packages/airflow/example_dags/example_task_group_decorator.py
[2026-03-18T18:23:23.496+0530] {logging_mixin.py:188} INFO - [2026-03-18T18:23:23.496+0530] {dag.py:3047} INFO - Sync 1 DAGs
[2026-03-18T18:23:23.519+0530] {logging_mixin.py:188} INFO - [2026-03-18T18:23:23.519+0530] {dag.py:3834} INFO - Setting next_dagrun for example_task_group_decorator to 2026-03-17 00:00:00+00:00, run_after=2026-03-18 00:00:00+00:00
[2026-03-18T18:23:23.588+0530] {processor.py:183} INFO - Processing /home/tejasvi/Desktop/airflow_ssh_simulation/venv/lib/python3.10/site-packages/airflow/example_dags/example_task_group_decorator.py took 0.192 seconds
[2026-03-18T18:24:27.191+0530] {processor.py:161} INFO - Started process (PID=22988) to work on /home/tejasvi/Desktop/airflow_ssh_simulation/venv/lib/python3.10/site-packages/airflow/example_dags/example_task_group_decorator.py
[2026-03-18T18:24:27.193+0530] {processor.py:830} INFO - Processing file /home/tejasvi/Desktop/airflow_ssh_simulation/venv/lib/python3.10/site-packages/airflow/example_dags/example_task_group_decorator.py for tasks to queue
[2026-03-18T18:24:27.197+0530] {logging_mixin.py:188} INFO - [2026-03-18T18:24:27.196+0530] {dagbag.py:540} INFO - Filling up the DagBag from /home/tejasvi/Desktop/airflow_ssh_simulation/venv/lib/python3.10/site-packages/airflow/example_dags/example_task_group_decorator.py
[2026-03-18T18:24:27.215+0530] {processor.py:840} INFO - DAG(s) 'example_task_group_decorator' retrieved from /home/tejasvi/Desktop/airflow_ssh_simulation/venv/lib/python3.10/site-packages/airflow/example_dags/example_task_group_decorator.py
[2026-03-18T18:24:27.240+0530] {logging_mixin.py:188} INFO - [2026-03-18T18:24:27.240+0530] {dag.py:3047} INFO - Sync 1 DAGs
[2026-03-18T18:24:27.264+0530] {logging_mixin.py:188} INFO - [2026-03-18T18:24:27.264+0530] {dag.py:3834} INFO - Setting next_dagrun for example_task_group_decorator to 2026-03-17 00:00:00+00:00, run_after=2026-03-18 00:00:00+00:00
[2026-03-18T18:24:27.327+0530] {processor.py:183} INFO - Processing /home/tejasvi/Desktop/airflow_ssh_simulation/venv/lib/python3.10/site-packages/airflow/example_dags/example_task_group_decorator.py took 0.143 seconds
[2026-03-18T18:25:26.238+0530] {processor.py:161} INFO - Started process (PID=23144) to work on /home/tejasvi/Desktop/airflow_ssh_simulation/venv/lib/python3.10/site-packages/airflow/example_dags/example_task_group_decorator.py
[2026-03-18T18:25:26.255+0530] {processor.py:830} INFO - Processing file /home/tejasvi/Desktop/airflow_ssh_simulation/venv/lib/python3.10/site-packages/airflow/example_dags/example_task_group_decorator.py for tasks to queue
[2026-03-18T18:25:26.258+0530] {logging_mixin.py:188} INFO - [2026-03-18T18:25:26.258+0530] {dagbag.py:540} INFO - Filling up the DagBag from /home/tejasvi/Desktop/airflow_ssh_simulation/venv/lib/python3.10/site-packages/airflow/example_dags/example_task_group_decorator.py
[2026-03-18T18:25:26.277+0530] {processor.py:840} INFO - DAG(s) 'example_task_group_decorator' retrieved from /home/tejasvi/Desktop/airflow_ssh_simulation/venv/lib/python3.10/site-packages/airflow/example_dags/example_task_group_decorator.py
[2026-03-18T18:25:26.299+0530] {logging_mixin.py:188} INFO - [2026-03-18T18:25:26.299+0530] {dag.py:3047} INFO - Sync 1 DAGs
[2026-03-18T18:25:26.322+0530] {logging_mixin.py:188} INFO - [2026-03-18T18:25:26.322+0530] {dag.py:3834} INFO - Setting next_dagrun for example_task_group_decorator to 2026-03-17 00:00:00+00:00, run_after=2026-03-18 00:00:00+00:00
[2026-03-18T18:25:26.371+0530] {processor.py:183} INFO - Processing /home/tejasvi/Desktop/airflow_ssh_simulation/venv/lib/python3.10/site-packages/airflow/example_dags/example_task_group_decorator.py took 0.137 seconds
[2026-03-18T18:26:23.515+0530] {processor.py:161} INFO - Started process (PID=23324) to work on /home/tejasvi/Desktop/airflow_ssh_simulation/venv/lib/python3.10/site-packages/airflow/example_dags/example_task_group_decorator.py
[2026-03-18T18:26:23.535+0530] {processor.py:830} INFO - Processing file /home/tejasvi/Desktop/airflow_ssh_simulation/venv/lib/python3.10/site-packages/airflow/example_dags/example_task_group_decorator.py for tasks to queue
[2026-03-18T18:26:23.538+0530] {logging_mixin.py:188} INFO - [2026-03-18T18:26:23.537+0530] {dagbag.py:540} INFO - Filling up the DagBag from /home/tejasvi/Desktop/airflow_ssh_simulation/venv/lib/python3.10/site-packages/airflow/example_dags/example_task_group_decorator.py
[2026-03-18T18:26:23.558+0530] {processor.py:840} INFO - DAG(s) 'example_task_group_decorator' retrieved from /home/tejasvi/Desktop/airflow_ssh_simulation/venv/lib/python3.10/site-packages/airflow/example_dags/example_task_group_decorator.py
[2026-03-18T18:26:23.581+0530] {logging_mixin.py:188} INFO - [2026-03-18T18:26:23.581+0530] {dag.py:3047} INFO - Sync 1 DAGs
[2026-03-18T18:26:23.606+0530] {logging_mixin.py:188} INFO - [2026-03-18T18:26:23.605+0530] {dag.py:3834} INFO - Setting next_dagrun for example_task_group_decorator to 2026-03-17 00:00:00+00:00, run_after=2026-03-18 00:00:00+00:00
[2026-03-18T18:26:23.655+0530] {processor.py:183} INFO - Processing /home/tejasvi/Desktop/airflow_ssh_simulation/venv/lib/python3.10/site-packages/airflow/example_dags/example_task_group_decorator.py took 0.144 seconds
[2026-03-18T18:27:22.499+0530] {processor.py:161} INFO - Started process (PID=23500) to work on /home/tejasvi/Desktop/airflow_ssh_simulation/venv/lib/python3.10/site-packages/airflow/example_dags/example_task_group_decorator.py
[2026-03-18T18:27:22.546+0530] {processor.py:830} INFO - Processing file /home/tejasvi/Desktop/airflow_ssh_simulation/venv/lib/python3.10/site-packages/airflow/example_dags/example_task_group_decorator.py for tasks to queue
[2026-03-18T18:27:22.549+0530] {logging_mixin.py:188} INFO - [2026-03-18T18:27:22.549+0530] {dagbag.py:540} INFO - Filling up the DagBag from /home/tejasvi/Desktop/airflow_ssh_simulation/venv/lib/python3.10/site-packages/airflow/example_dags/example_task_group_decorator.py
[2026-03-18T18:27:22.577+0530] {processor.py:840} INFO - DAG(s) 'example_task_group_decorator' retrieved from /home/tejasvi/Desktop/airflow_ssh_simulation/venv/lib/python3.10/site-packages/airflow/example_dags/example_task_group_decorator.py
[2026-03-18T18:27:22.602+0530] {logging_mixin.py:188} INFO - [2026-03-18T18:27:22.601+0530] {dag.py:3047} INFO - Sync 1 DAGs
[2026-03-18T18:27:22.625+0530] {logging_mixin.py:188} INFO - [2026-03-18T18:27:22.624+0530] {dag.py:3834} INFO - Setting next_dagrun for example_task_group_decorator to 2026-03-17 00:00:00+00:00, run_after=2026-03-18 00:00:00+00:00
[2026-03-18T18:27:22.678+0530] {processor.py:183} INFO - Processing /home/tejasvi/Desktop/airflow_ssh_simulation/venv/lib/python3.10/site-packages/airflow/example_dags/example_task_group_decorator.py took 0.185 seconds
[2026-03-18T18:28:35.818+0530] {processor.py:161} INFO - Started process (PID=23692) to work on /home/tejasvi/Desktop/airflow_ssh_simulation/venv/lib/python3.10/site-packages/airflow/example_dags/example_task_group_decorator.py
[2026-03-18T18:28:35.860+0530] {processor.py:830} INFO - Processing file /home/tejasvi/Desktop/airflow_ssh_simulation/venv/lib/python3.10/site-packages/airflow/example_dags/example_task_group_decorator.py for tasks to queue
[2026-03-18T18:28:35.864+0530] {logging_mixin.py:188} INFO - [2026-03-18T18:28:35.863+0530] {dagbag.py:540} INFO - Filling up the DagBag from /home/tejasvi/Desktop/airflow_ssh_simulation/venv/lib/python3.10/site-packages/airflow/example_dags/example_task_group_decorator.py
[2026-03-18T18:28:35.884+0530] {processor.py:840} INFO - DAG(s) 'example_task_group_decorator' retrieved from /home/tejasvi/Desktop/airflow_ssh_simulation/venv/lib/python3.10/site-packages/airflow/example_dags/example_task_group_decorator.py
[2026-03-18T18:28:35.911+0530] {logging_mixin.py:188} INFO - [2026-03-18T18:28:35.910+0530] {dag.py:3047} INFO - Sync 1 DAGs
[2026-03-18T18:28:35.936+0530] {logging_mixin.py:188} INFO - [2026-03-18T18:28:35.936+0530] {dag.py:3834} INFO - Setting next_dagrun for example_task_group_decorator to 2026-03-17 00:00:00+00:00, run_after=2026-03-18 00:00:00+00:00
[2026-03-18T18:28:36.033+0530] {processor.py:183} INFO - Processing /home/tejasvi/Desktop/airflow_ssh_simulation/venv/lib/python3.10/site-packages/airflow/example_dags/example_task_group_decorator.py took 0.224 seconds
[2026-03-18T18:29:26.198+0530] {processor.py:161} INFO - Started process (PID=23824) to work on /home/tejasvi/Desktop/airflow_ssh_simulation/venv/lib/python3.10/site-packages/airflow/example_dags/example_task_group_decorator.py
[2026-03-18T18:29:26.276+0530] {processor.py:830} INFO - Processing file /home/tejasvi/Desktop/airflow_ssh_simulation/venv/lib/python3.10/site-packages/airflow/example_dags/example_task_group_decorator.py for tasks to queue
[2026-03-18T18:29:26.279+0530] {logging_mixin.py:188} INFO - [2026-03-18T18:29:26.279+0530] {dagbag.py:540} INFO - Filling up the DagBag from /home/tejasvi/Desktop/airflow_ssh_simulation/venv/lib/python3.10/site-packages/airflow/example_dags/example_task_group_decorator.py
[2026-03-18T18:29:26.299+0530] {processor.py:840} INFO - DAG(s) 'example_task_group_decorator' retrieved from /home/tejasvi/Desktop/airflow_ssh_simulation/venv/lib/python3.10/site-packages/airflow/example_dags/example_task_group_decorator.py
[2026-03-18T18:29:26.323+0530] {logging_mixin.py:188} INFO - [2026-03-18T18:29:26.322+0530] {dag.py:3047} INFO - Sync 1 DAGs
[2026-03-18T18:29:26.345+0530] {logging_mixin.py:188} INFO - [2026-03-18T18:29:26.345+0530] {dag.py:3834} INFO - Setting next_dagrun for example_task_group_decorator to 2026-03-17 00:00:00+00:00, run_after=2026-03-18 00:00:00+00:00
[2026-03-18T18:29:26.535+0530] {processor.py:183} INFO - Processing /home/tejasvi/Desktop/airflow_ssh_simulation/venv/lib/python3.10/site-packages/airflow/example_dags/example_task_group_decorator.py took 0.346 seconds
[2026-03-18T18:30:38.863+0530] {processor.py:161} INFO - Started process (PID=24009) to work on /home/tejasvi/Desktop/airflow_ssh_simulation/venv/lib/python3.10/site-packages/airflow/example_dags/example_task_group_decorator.py
[2026-03-18T18:30:38.994+0530] {processor.py:830} INFO - Processing file /home/tejasvi/Desktop/airflow_ssh_simulation/venv/lib/python3.10/site-packages/airflow/example_dags/example_task_group_decorator.py for tasks to queue
[2026-03-18T18:30:38.997+0530] {logging_mixin.py:188} INFO - [2026-03-18T18:30:38.997+0530] {dagbag.py:540} INFO - Filling up the DagBag from /home/tejasvi/Desktop/airflow_ssh_simulation/venv/lib/python3.10/site-packages/airflow/example_dags/example_task_group_decorator.py
[2026-03-18T18:30:39.015+0530] {processor.py:840} INFO - DAG(s) 'example_task_group_decorator' retrieved from /home/tejasvi/Desktop/airflow_ssh_simulation/venv/lib/python3.10/site-packages/airflow/example_dags/example_task_group_decorator.py
[2026-03-18T18:30:39.034+0530] {logging_mixin.py:188} INFO - [2026-03-18T18:30:39.034+0530] {dag.py:3047} INFO - Sync 1 DAGs
[2026-03-18T18:30:39.054+0530] {logging_mixin.py:188} INFO - [2026-03-18T18:30:39.054+0530] {dag.py:3834} INFO - Setting next_dagrun for example_task_group_decorator to 2026-03-17 00:00:00+00:00, run_after=2026-03-18 00:00:00+00:00
[2026-03-18T18:30:39.325+0530] {processor.py:183} INFO - Processing /home/tejasvi/Desktop/airflow_ssh_simulation/venv/lib/python3.10/site-packages/airflow/example_dags/example_task_group_decorator.py took 0.470 seconds
[2026-03-18T18:31:53.113+0530] {processor.py:161} INFO - Started process (PID=24418) to work on /home/tejasvi/Desktop/airflow_ssh_simulation/venv/lib/python3.10/site-packages/airflow/example_dags/example_task_group_decorator.py
[2026-03-18T18:31:53.209+0530] {processor.py:830} INFO - Processing file /home/tejasvi/Desktop/airflow_ssh_simulation/venv/lib/python3.10/site-packages/airflow/example_dags/example_task_group_decorator.py for tasks to queue
[2026-03-18T18:31:53.212+0530] {logging_mixin.py:188} INFO - [2026-03-18T18:31:53.212+0530] {dagbag.py:540} INFO - Filling up the DagBag from /home/tejasvi/Desktop/airflow_ssh_simulation/venv/lib/python3.10/site-packages/airflow/example_dags/example_task_group_decorator.py
[2026-03-18T18:31:53.230+0530] {processor.py:840} INFO - DAG(s) 'example_task_group_decorator' retrieved from /home/tejasvi/Desktop/airflow_ssh_simulation/venv/lib/python3.10/site-packages/airflow/example_dags/example_task_group_decorator.py
[2026-03-18T18:31:53.249+0530] {logging_mixin.py:188} INFO - [2026-03-18T18:31:53.249+0530] {dag.py:3047} INFO - Sync 1 DAGs
[2026-03-18T18:31:53.269+0530] {logging_mixin.py:188} INFO - [2026-03-18T18:31:53.269+0530] {dag.py:3834} INFO - Setting next_dagrun for example_task_group_decorator to 2026-03-17 00:00:00+00:00, run_after=2026-03-18 00:00:00+00:00
[2026-03-18T18:31:53.337+0530] {processor.py:183} INFO - Processing /home/tejasvi/Desktop/airflow_ssh_simulation/venv/lib/python3.10/site-packages/airflow/example_dags/example_task_group_decorator.py took 0.231 seconds
[2026-03-18T18:32:52.951+0530] {processor.py:161} INFO - Started process (PID=24568) to work on /home/tejasvi/Desktop/airflow_ssh_simulation/venv/lib/python3.10/site-packages/airflow/example_dags/example_task_group_decorator.py
[2026-03-18T18:32:53.022+0530] {processor.py:830} INFO - Processing file /home/tejasvi/Desktop/airflow_ssh_simulation/venv/lib/python3.10/site-packages/airflow/example_dags/example_task_group_decorator.py for tasks to queue
[2026-03-18T18:32:53.026+0530] {logging_mixin.py:188} INFO - [2026-03-18T18:32:53.025+0530] {dagbag.py:540} INFO - Filling up the DagBag from /home/tejasvi/Desktop/airflow_ssh_simulation/venv/lib/python3.10/site-packages/airflow/example_dags/example_task_group_decorator.py
[2026-03-18T18:32:53.043+0530] {processor.py:840} INFO - DAG(s) 'example_task_group_decorator' retrieved from /home/tejasvi/Desktop/airflow_ssh_simulation/venv/lib/python3.10/site-packages/airflow/example_dags/example_task_group_decorator.py
[2026-03-18T18:32:53.062+0530] {logging_mixin.py:188} INFO - [2026-03-18T18:32:53.062+0530] {dag.py:3047} INFO - Sync 1 DAGs
[2026-03-18T18:32:53.083+0530] {logging_mixin.py:188} INFO - [2026-03-18T18:32:53.083+0530] {dag.py:3834} INFO - Setting next_dagrun for example_task_group_decorator to 2026-03-17 00:00:00+00:00, run_after=2026-03-18 00:00:00+00:00
[2026-03-18T18:32:53.156+0530] {processor.py:183} INFO - Processing /home/tejasvi/Desktop/airflow_ssh_simulation/venv/lib/python3.10/site-packages/airflow/example_dags/example_task_group_decorator.py took 0.212 seconds
[2026-03-18T18:33:56.990+0530] {processor.py:161} INFO - Started process (PID=24735) to work on /home/tejasvi/Desktop/airflow_ssh_simulation/venv/lib/python3.10/site-packages/airflow/example_dags/example_task_group_decorator.py
[2026-03-18T18:33:57.002+0530] {processor.py:830} INFO - Processing file /home/tejasvi/Desktop/airflow_ssh_simulation/venv/lib/python3.10/site-packages/airflow/example_dags/example_task_group_decorator.py for tasks to queue
[2026-03-18T18:33:57.005+0530] {logging_mixin.py:188} INFO - [2026-03-18T18:33:57.005+0530] {dagbag.py:540} INFO - Filling up the DagBag from /home/tejasvi/Desktop/airflow_ssh_simulation/venv/lib/python3.10/site-packages/airflow/example_dags/example_task_group_decorator.py
[2026-03-18T18:33:57.022+0530] {processor.py:840} INFO - DAG(s) 'example_task_group_decorator' retrieved from /home/tejasvi/Desktop/airflow_ssh_simulation/venv/lib/python3.10/site-packages/airflow/example_dags/example_task_group_decorator.py
[2026-03-18T18:33:57.041+0530] {logging_mixin.py:188} INFO - [2026-03-18T18:33:57.041+0530] {dag.py:3047} INFO - Sync 1 DAGs
[2026-03-18T18:33:57.062+0530] {logging_mixin.py:188} INFO - [2026-03-18T18:33:57.061+0530] {dag.py:3834} INFO - Setting next_dagrun for example_task_group_decorator to 2026-03-17 00:00:00+00:00, run_after=2026-03-18 00:00:00+00:00
[2026-03-18T18:33:57.145+0530] {processor.py:183} INFO - Processing /home/tejasvi/Desktop/airflow_ssh_simulation/venv/lib/python3.10/site-packages/airflow/example_dags/example_task_group_decorator.py took 0.163 seconds
[2026-03-18T18:35:00.925+0530] {processor.py:161} INFO - Started process (PID=24924) to work on /home/tejasvi/Desktop/airflow_ssh_simulation/venv/lib/python3.10/site-packages/airflow/example_dags/example_task_group_decorator.py
[2026-03-18T18:35:00.988+0530] {processor.py:830} INFO - Processing file /home/tejasvi/Desktop/airflow_ssh_simulation/venv/lib/python3.10/site-packages/airflow/example_dags/example_task_group_decorator.py for tasks to queue
[2026-03-18T18:35:00.991+0530] {logging_mixin.py:188} INFO - [2026-03-18T18:35:00.990+0530] {dagbag.py:540} INFO - Filling up the DagBag from /home/tejasvi/Desktop/airflow_ssh_simulation/venv/lib/python3.10/site-packages/airflow/example_dags/example_task_group_decorator.py
[2026-03-18T18:35:01.009+0530] {processor.py:840} INFO - DAG(s) 'example_task_group_decorator' retrieved from /home/tejasvi/Desktop/airflow_ssh_simulation/venv/lib/python3.10/site-packages/airflow/example_dags/example_task_group_decorator.py
[2026-03-18T18:35:01.029+0530] {logging_mixin.py:188} INFO - [2026-03-18T18:35:01.028+0530] {dag.py:3047} INFO - Sync 1 DAGs
[2026-03-18T18:35:01.049+0530] {logging_mixin.py:188} INFO - [2026-03-18T18:35:01.048+0530] {dag.py:3834} INFO - Setting next_dagrun for example_task_group_decorator to 2026-03-17 00:00:00+00:00, run_after=2026-03-18 00:00:00+00:00
[2026-03-18T18:35:01.139+0530] {processor.py:183} INFO - Processing /home/tejasvi/Desktop/airflow_ssh_simulation/venv/lib/python3.10/site-packages/airflow/example_dags/example_task_group_decorator.py took 0.222 seconds
[2026-03-18T18:36:00.403+0530] {processor.py:161} INFO - Started process (PID=25114) to work on /home/tejasvi/Desktop/airflow_ssh_simulation/venv/lib/python3.10/site-packages/airflow/example_dags/example_task_group_decorator.py
[2026-03-18T18:36:00.594+0530] {processor.py:830} INFO - Processing file /home/tejasvi/Desktop/airflow_ssh_simulation/venv/lib/python3.10/site-packages/airflow/example_dags/example_task_group_decorator.py for tasks to queue
[2026-03-18T18:36:00.597+0530] {logging_mixin.py:188} INFO - [2026-03-18T18:36:00.597+0530] {dagbag.py:540} INFO - Filling up the DagBag from /home/tejasvi/Desktop/airflow_ssh_simulation/venv/lib/python3.10/site-packages/airflow/example_dags/example_task_group_decorator.py
[2026-03-18T18:36:00.614+0530] {processor.py:840} INFO - DAG(s) 'example_task_group_decorator' retrieved from /home/tejasvi/Desktop/airflow_ssh_simulation/venv/lib/python3.10/site-packages/airflow/example_dags/example_task_group_decorator.py
[2026-03-18T18:36:00.634+0530] {logging_mixin.py:188} INFO - [2026-03-18T18:36:00.634+0530] {dag.py:3047} INFO - Sync 1 DAGs
[2026-03-18T18:36:00.654+0530] {logging_mixin.py:188} INFO - [2026-03-18T18:36:00.654+0530] {dag.py:3834} INFO - Setting next_dagrun for example_task_group_decorator to 2026-03-17 00:00:00+00:00, run_after=2026-03-18 00:00:00+00:00
[2026-03-18T18:36:00.742+0530] {processor.py:183} INFO - Processing /home/tejasvi/Desktop/airflow_ssh_simulation/venv/lib/python3.10/site-packages/airflow/example_dags/example_task_group_decorator.py took 0.346 seconds
[2026-03-18T18:37:12.247+0530] {processor.py:161} INFO - Started process (PID=25290) to work on /home/tejasvi/Desktop/airflow_ssh_simulation/venv/lib/python3.10/site-packages/airflow/example_dags/example_task_group_decorator.py
[2026-03-18T18:37:12.315+0530] {processor.py:830} INFO - Processing file /home/tejasvi/Desktop/airflow_ssh_simulation/venv/lib/python3.10/site-packages/airflow/example_dags/example_task_group_decorator.py for tasks to queue
[2026-03-18T18:37:12.319+0530] {logging_mixin.py:188} INFO - [2026-03-18T18:37:12.318+0530] {dagbag.py:540} INFO - Filling up the DagBag from /home/tejasvi/Desktop/airflow_ssh_simulation/venv/lib/python3.10/site-packages/airflow/example_dags/example_task_group_decorator.py
[2026-03-18T18:37:12.335+0530] {processor.py:840} INFO - DAG(s) 'example_task_group_decorator' retrieved from /home/tejasvi/Desktop/airflow_ssh_simulation/venv/lib/python3.10/site-packages/airflow/example_dags/example_task_group_decorator.py
[2026-03-18T18:37:12.355+0530] {logging_mixin.py:188} INFO - [2026-03-18T18:37:12.354+0530] {dag.py:3047} INFO - Sync 1 DAGs
[2026-03-18T18:37:12.375+0530] {logging_mixin.py:188} INFO - [2026-03-18T18:37:12.375+0530] {dag.py:3834} INFO - Setting next_dagrun for example_task_group_decorator to 2026-03-17 00:00:00+00:00, run_after=2026-03-18 00:00:00+00:00
[2026-03-18T18:37:12.458+0530] {processor.py:183} INFO - Processing /home/tejasvi/Desktop/airflow_ssh_simulation/venv/lib/python3.10/site-packages/airflow/example_dags/example_task_group_decorator.py took 0.218 seconds
[2026-03-18T18:38:26.962+0530] {processor.py:161} INFO - Started process (PID=25480) to work on /home/tejasvi/Desktop/airflow_ssh_simulation/venv/lib/python3.10/site-packages/airflow/example_dags/example_task_group_decorator.py
[2026-03-18T18:38:26.977+0530] {processor.py:830} INFO - Processing file /home/tejasvi/Desktop/airflow_ssh_simulation/venv/lib/python3.10/site-packages/airflow/example_dags/example_task_group_decorator.py for tasks to queue
[2026-03-18T18:38:26.980+0530] {logging_mixin.py:188} INFO - [2026-03-18T18:38:26.980+0530] {dagbag.py:540} INFO - Filling up the DagBag from /home/tejasvi/Desktop/airflow_ssh_simulation/venv/lib/python3.10/site-packages/airflow/example_dags/example_task_group_decorator.py
[2026-03-18T18:38:26.997+0530] {processor.py:840} INFO - DAG(s) 'example_task_group_decorator' retrieved from /home/tejasvi/Desktop/airflow_ssh_simulation/venv/lib/python3.10/site-packages/airflow/example_dags/example_task_group_decorator.py
[2026-03-18T18:38:27.018+0530] {logging_mixin.py:188} INFO - [2026-03-18T18:38:27.017+0530] {dag.py:3047} INFO - Sync 1 DAGs
[2026-03-18T18:38:27.042+0530] {logging_mixin.py:188} INFO - [2026-03-18T18:38:27.042+0530] {dag.py:3834} INFO - Setting next_dagrun for example_task_group_decorator to 2026-03-17 00:00:00+00:00, run_after=2026-03-18 00:00:00+00:00
[2026-03-18T18:38:27.116+0530] {processor.py:183} INFO - Processing /home/tejasvi/Desktop/airflow_ssh_simulation/venv/lib/python3.10/site-packages/airflow/example_dags/example_task_group_decorator.py took 0.160 seconds
[2026-03-18T18:39:24.736+0530] {processor.py:161} INFO - Started process (PID=25621) to work on /home/tejasvi/Desktop/airflow_ssh_simulation/venv/lib/python3.10/site-packages/airflow/example_dags/example_task_group_decorator.py
[2026-03-18T18:39:24.767+0530] {processor.py:830} INFO - Processing file /home/tejasvi/Desktop/airflow_ssh_simulation/venv/lib/python3.10/site-packages/airflow/example_dags/example_task_group_decorator.py for tasks to queue
[2026-03-18T18:39:24.770+0530] {logging_mixin.py:188} INFO - [2026-03-18T18:39:24.770+0530] {dagbag.py:540} INFO - Filling up the DagBag from /home/tejasvi/Desktop/airflow_ssh_simulation/venv/lib/python3.10/site-packages/airflow/example_dags/example_task_group_decorator.py
[2026-03-18T18:39:24.788+0530] {processor.py:840} INFO - DAG(s) 'example_task_group_decorator' retrieved from /home/tejasvi/Desktop/airflow_ssh_simulation/venv/lib/python3.10/site-packages/airflow/example_dags/example_task_group_decorator.py
[2026-03-18T18:39:24.807+0530] {logging_mixin.py:188} INFO - [2026-03-18T18:39:24.807+0530] {dag.py:3047} INFO - Sync 1 DAGs
[2026-03-18T18:39:24.827+0530] {logging_mixin.py:188} INFO - [2026-03-18T18:39:24.827+0530] {dag.py:3834} INFO - Setting next_dagrun for example_task_group_decorator to 2026-03-17 00:00:00+00:00, run_after=2026-03-18 00:00:00+00:00
[2026-03-18T18:39:24.931+0530] {processor.py:183} INFO - Processing /home/tejasvi/Desktop/airflow_ssh_simulation/venv/lib/python3.10/site-packages/airflow/example_dags/example_task_group_decorator.py took 0.203 seconds
[2026-03-18T18:40:30.632+0530] {processor.py:161} INFO - Started process (PID=25795) to work on /home/tejasvi/Desktop/airflow_ssh_simulation/venv/lib/python3.10/site-packages/airflow/example_dags/example_task_group_decorator.py
[2026-03-18T18:40:30.734+0530] {processor.py:830} INFO - Processing file /home/tejasvi/Desktop/airflow_ssh_simulation/venv/lib/python3.10/site-packages/airflow/example_dags/example_task_group_decorator.py for tasks to queue
[2026-03-18T18:40:30.738+0530] {logging_mixin.py:188} INFO - [2026-03-18T18:40:30.737+0530] {dagbag.py:540} INFO - Filling up the DagBag from /home/tejasvi/Desktop/airflow_ssh_simulation/venv/lib/python3.10/site-packages/airflow/example_dags/example_task_group_decorator.py
[2026-03-18T18:40:30.755+0530] {processor.py:840} INFO - DAG(s) 'example_task_group_decorator' retrieved from /home/tejasvi/Desktop/airflow_ssh_simulation/venv/lib/python3.10/site-packages/airflow/example_dags/example_task_group_decorator.py
[2026-03-18T18:40:30.775+0530] {logging_mixin.py:188} INFO - [2026-03-18T18:40:30.774+0530] {dag.py:3047} INFO - Sync 1 DAGs
[2026-03-18T18:40:30.794+0530] {logging_mixin.py:188} INFO - [2026-03-18T18:40:30.794+0530] {dag.py:3834} INFO - Setting next_dagrun for example_task_group_decorator to 2026-03-17 00:00:00+00:00, run_after=2026-03-18 00:00:00+00:00
[2026-03-18T18:40:31.038+0530] {processor.py:183} INFO - Processing /home/tejasvi/Desktop/airflow_ssh_simulation/venv/lib/python3.10/site-packages/airflow/example_dags/example_task_group_decorator.py took 0.414 seconds
[2026-03-18T18:41:32.983+0530] {processor.py:161} INFO - Started process (PID=25983) to work on /home/tejasvi/Desktop/airflow_ssh_simulation/venv/lib/python3.10/site-packages/airflow/example_dags/example_task_group_decorator.py
[2026-03-18T18:41:33.069+0530] {processor.py:830} INFO - Processing file /home/tejasvi/Desktop/airflow_ssh_simulation/venv/lib/python3.10/site-packages/airflow/example_dags/example_task_group_decorator.py for tasks to queue
[2026-03-18T18:41:33.073+0530] {logging_mixin.py:188} INFO - [2026-03-18T18:41:33.072+0530] {dagbag.py:540} INFO - Filling up the DagBag from /home/tejasvi/Desktop/airflow_ssh_simulation/venv/lib/python3.10/site-packages/airflow/example_dags/example_task_group_decorator.py
[2026-03-18T18:41:33.091+0530] {processor.py:840} INFO - DAG(s) 'example_task_group_decorator' retrieved from /home/tejasvi/Desktop/airflow_ssh_simulation/venv/lib/python3.10/site-packages/airflow/example_dags/example_task_group_decorator.py
[2026-03-18T18:41:33.111+0530] {logging_mixin.py:188} INFO - [2026-03-18T18:41:33.111+0530] {dag.py:3047} INFO - Sync 1 DAGs
[2026-03-18T18:41:33.132+0530] {logging_mixin.py:188} INFO - [2026-03-18T18:41:33.131+0530] {dag.py:3834} INFO - Setting next_dagrun for example_task_group_decorator to 2026-03-17 00:00:00+00:00, run_after=2026-03-18 00:00:00+00:00
[2026-03-18T18:41:33.214+0530] {processor.py:183} INFO - Processing /home/tejasvi/Desktop/airflow_ssh_simulation/venv/lib/python3.10/site-packages/airflow/example_dags/example_task_group_decorator.py took 0.239 seconds
[2026-03-18T18:42:41.919+0530] {processor.py:161} INFO - Started process (PID=26157) to work on /home/tejasvi/Desktop/airflow_ssh_simulation/venv/lib/python3.10/site-packages/airflow/example_dags/example_task_group_decorator.py
[2026-03-18T18:42:41.949+0530] {processor.py:830} INFO - Processing file /home/tejasvi/Desktop/airflow_ssh_simulation/venv/lib/python3.10/site-packages/airflow/example_dags/example_task_group_decorator.py for tasks to queue
[2026-03-18T18:42:41.951+0530] {logging_mixin.py:188} INFO - [2026-03-18T18:42:41.951+0530] {dagbag.py:540} INFO - Filling up the DagBag from /home/tejasvi/Desktop/airflow_ssh_simulation/venv/lib/python3.10/site-packages/airflow/example_dags/example_task_group_decorator.py
[2026-03-18T18:42:41.969+0530] {processor.py:840} INFO - DAG(s) 'example_task_group_decorator' retrieved from /home/tejasvi/Desktop/airflow_ssh_simulation/venv/lib/python3.10/site-packages/airflow/example_dags/example_task_group_decorator.py
[2026-03-18T18:42:41.988+0530] {logging_mixin.py:188} INFO - [2026-03-18T18:42:41.988+0530] {dag.py:3047} INFO - Sync 1 DAGs
[2026-03-18T18:42:42.012+0530] {logging_mixin.py:188} INFO - [2026-03-18T18:42:42.011+0530] {dag.py:3834} INFO - Setting next_dagrun for example_task_group_decorator to 2026-03-17 00:00:00+00:00, run_after=2026-03-18 00:00:00+00:00
[2026-03-18T18:42:42.089+0530] {processor.py:183} INFO - Processing /home/tejasvi/Desktop/airflow_ssh_simulation/venv/lib/python3.10/site-packages/airflow/example_dags/example_task_group_decorator.py took 0.178 seconds
[2026-03-18T18:44:08.712+0530] {processor.py:161} INFO - Started process (PID=26361) to work on /home/tejasvi/Desktop/airflow_ssh_simulation/venv/lib/python3.10/site-packages/airflow/example_dags/example_task_group_decorator.py
[2026-03-18T18:44:08.918+0530] {processor.py:830} INFO - Processing file /home/tejasvi/Desktop/airflow_ssh_simulation/venv/lib/python3.10/site-packages/airflow/example_dags/example_task_group_decorator.py for tasks to queue
[2026-03-18T18:44:08.921+0530] {logging_mixin.py:188} INFO - [2026-03-18T18:44:08.920+0530] {dagbag.py:540} INFO - Filling up the DagBag from /home/tejasvi/Desktop/airflow_ssh_simulation/venv/lib/python3.10/site-packages/airflow/example_dags/example_task_group_decorator.py
[2026-03-18T18:44:08.938+0530] {processor.py:840} INFO - DAG(s) 'example_task_group_decorator' retrieved from /home/tejasvi/Desktop/airflow_ssh_simulation/venv/lib/python3.10/site-packages/airflow/example_dags/example_task_group_decorator.py
[2026-03-18T18:44:08.958+0530] {logging_mixin.py:188} INFO - [2026-03-18T18:44:08.958+0530] {dag.py:3047} INFO - Sync 1 DAGs
[2026-03-18T18:44:08.978+0530] {logging_mixin.py:188} INFO - [2026-03-18T18:44:08.978+0530] {dag.py:3834} INFO - Setting next_dagrun for example_task_group_decorator to 2026-03-17 00:00:00+00:00, run_after=2026-03-18 00:00:00+00:00
[2026-03-18T18:44:09.103+0530] {processor.py:183} INFO - Processing /home/tejasvi/Desktop/airflow_ssh_simulation/venv/lib/python3.10/site-packages/airflow/example_dags/example_task_group_decorator.py took 0.398 seconds
[2026-03-18T18:45:07.531+0530] {processor.py:161} INFO - Started process (PID=26508) to work on /home/tejasvi/Desktop/airflow_ssh_simulation/venv/lib/python3.10/site-packages/airflow/example_dags/example_task_group_decorator.py
[2026-03-18T18:45:07.538+0530] {processor.py:830} INFO - Processing file /home/tejasvi/Desktop/airflow_ssh_simulation/venv/lib/python3.10/site-packages/airflow/example_dags/example_task_group_decorator.py for tasks to queue
[2026-03-18T18:45:07.540+0530] {logging_mixin.py:188} INFO - [2026-03-18T18:45:07.540+0530] {dagbag.py:540} INFO - Filling up the DagBag from /home/tejasvi/Desktop/airflow_ssh_simulation/venv/lib/python3.10/site-packages/airflow/example_dags/example_task_group_decorator.py
[2026-03-18T18:45:07.556+0530] {processor.py:840} INFO - DAG(s) 'example_task_group_decorator' retrieved from /home/tejasvi/Desktop/airflow_ssh_simulation/venv/lib/python3.10/site-packages/airflow/example_dags/example_task_group_decorator.py
[2026-03-18T18:45:07.576+0530] {logging_mixin.py:188} INFO - [2026-03-18T18:45:07.576+0530] {dag.py:3047} INFO - Sync 1 DAGs
[2026-03-18T18:45:07.596+0530] {logging_mixin.py:188} INFO - [2026-03-18T18:45:07.596+0530] {dag.py:3834} INFO - Setting next_dagrun for example_task_group_decorator to 2026-03-17 00:00:00+00:00, run_after=2026-03-18 00:00:00+00:00
[2026-03-18T18:45:07.681+0530] {processor.py:183} INFO - Processing /home/tejasvi/Desktop/airflow_ssh_simulation/venv/lib/python3.10/site-packages/airflow/example_dags/example_task_group_decorator.py took 0.157 seconds
[2026-03-18T18:46:31.525+0530] {processor.py:161} INFO - Started process (PID=26715) to work on /home/tejasvi/Desktop/airflow_ssh_simulation/venv/lib/python3.10/site-packages/airflow/example_dags/example_task_group_decorator.py
[2026-03-18T18:46:31.553+0530] {processor.py:830} INFO - Processing file /home/tejasvi/Desktop/airflow_ssh_simulation/venv/lib/python3.10/site-packages/airflow/example_dags/example_task_group_decorator.py for tasks to queue
[2026-03-18T18:46:31.556+0530] {logging_mixin.py:188} INFO - [2026-03-18T18:46:31.555+0530] {dagbag.py:540} INFO - Filling up the DagBag from /home/tejasvi/Desktop/airflow_ssh_simulation/venv/lib/python3.10/site-packages/airflow/example_dags/example_task_group_decorator.py
[2026-03-18T18:46:31.573+0530] {processor.py:840} INFO - DAG(s) 'example_task_group_decorator' retrieved from /home/tejasvi/Desktop/airflow_ssh_simulation/venv/lib/python3.10/site-packages/airflow/example_dags/example_task_group_decorator.py
[2026-03-18T18:46:31.593+0530] {logging_mixin.py:188} INFO - [2026-03-18T18:46:31.593+0530] {dag.py:3047} INFO - Sync 1 DAGs
[2026-03-18T18:46:31.613+0530] {logging_mixin.py:188} INFO - [2026-03-18T18:46:31.613+0530] {dag.py:3834} INFO - Setting next_dagrun for example_task_group_decorator to 2026-03-17 00:00:00+00:00, run_after=2026-03-18 00:00:00+00:00
[2026-03-18T18:46:31.690+0530] {processor.py:183} INFO - Processing /home/tejasvi/Desktop/airflow_ssh_simulation/venv/lib/python3.10/site-packages/airflow/example_dags/example_task_group_decorator.py took 0.173 seconds
[2026-03-18T18:47:44.441+0530] {processor.py:161} INFO - Started process (PID=26896) to work on /home/tejasvi/Desktop/airflow_ssh_simulation/venv/lib/python3.10/site-packages/airflow/example_dags/example_task_group_decorator.py
[2026-03-18T18:47:44.516+0530] {processor.py:830} INFO - Processing file /home/tejasvi/Desktop/airflow_ssh_simulation/venv/lib/python3.10/site-packages/airflow/example_dags/example_task_group_decorator.py for tasks to queue
[2026-03-18T18:47:44.520+0530] {logging_mixin.py:188} INFO - [2026-03-18T18:47:44.520+0530] {dagbag.py:540} INFO - Filling up the DagBag from /home/tejasvi/Desktop/airflow_ssh_simulation/venv/lib/python3.10/site-packages/airflow/example_dags/example_task_group_decorator.py
[2026-03-18T18:47:44.537+0530] {processor.py:840} INFO - DAG(s) 'example_task_group_decorator' retrieved from /home/tejasvi/Desktop/airflow_ssh_simulation/venv/lib/python3.10/site-packages/airflow/example_dags/example_task_group_decorator.py
[2026-03-18T18:47:44.557+0530] {logging_mixin.py:188} INFO - [2026-03-18T18:47:44.557+0530] {dag.py:3047} INFO - Sync 1 DAGs
[2026-03-18T18:47:44.577+0530] {logging_mixin.py:188} INFO - [2026-03-18T18:47:44.577+0530] {dag.py:3834} INFO - Setting next_dagrun for example_task_group_decorator to 2026-03-17 00:00:00+00:00, run_after=2026-03-18 00:00:00+00:00
[2026-03-18T18:47:44.659+0530] {processor.py:183} INFO - Processing /home/tejasvi/Desktop/airflow_ssh_simulation/venv/lib/python3.10/site-packages/airflow/example_dags/example_task_group_decorator.py took 0.226 seconds
[2026-03-18T18:49:12.622+0530] {processor.py:161} INFO - Started process (PID=27118) to work on /home/tejasvi/Desktop/airflow_ssh_simulation/venv/lib/python3.10/site-packages/airflow/example_dags/example_task_group_decorator.py
[2026-03-18T18:49:12.656+0530] {processor.py:830} INFO - Processing file /home/tejasvi/Desktop/airflow_ssh_simulation/venv/lib/python3.10/site-packages/airflow/example_dags/example_task_group_decorator.py for tasks to queue
[2026-03-18T18:49:12.659+0530] {logging_mixin.py:188} INFO - [2026-03-18T18:49:12.658+0530] {dagbag.py:540} INFO - Filling up the DagBag from /home/tejasvi/Desktop/airflow_ssh_simulation/venv/lib/python3.10/site-packages/airflow/example_dags/example_task_group_decorator.py
[2026-03-18T18:49:12.676+0530] {processor.py:840} INFO - DAG(s) 'example_task_group_decorator' retrieved from /home/tejasvi/Desktop/airflow_ssh_simulation/venv/lib/python3.10/site-packages/airflow/example_dags/example_task_group_decorator.py
[2026-03-18T18:49:12.696+0530] {logging_mixin.py:188} INFO - [2026-03-18T18:49:12.696+0530] {dag.py:3047} INFO - Sync 1 DAGs
[2026-03-18T18:49:12.716+0530] {logging_mixin.py:188} INFO - [2026-03-18T18:49:12.716+0530] {dag.py:3834} INFO - Setting next_dagrun for example_task_group_decorator to 2026-03-17 00:00:00+00:00, run_after=2026-03-18 00:00:00+00:00
[2026-03-18T18:49:12.783+0530] {processor.py:183} INFO - Processing /home/tejasvi/Desktop/airflow_ssh_simulation/venv/lib/python3.10/site-packages/airflow/example_dags/example_task_group_decorator.py took 0.168 seconds
[2026-03-18T18:50:09.095+0530] {processor.py:161} INFO - Started process (PID=27262) to work on /home/tejasvi/Desktop/airflow_ssh_simulation/venv/lib/python3.10/site-packages/airflow/example_dags/example_task_group_decorator.py
[2026-03-18T18:50:09.120+0530] {processor.py:830} INFO - Processing file /home/tejasvi/Desktop/airflow_ssh_simulation/venv/lib/python3.10/site-packages/airflow/example_dags/example_task_group_decorator.py for tasks to queue
[2026-03-18T18:50:09.123+0530] {logging_mixin.py:188} INFO - [2026-03-18T18:50:09.122+0530] {dagbag.py:540} INFO - Filling up the DagBag from /home/tejasvi/Desktop/airflow_ssh_simulation/venv/lib/python3.10/site-packages/airflow/example_dags/example_task_group_decorator.py
[2026-03-18T18:50:09.140+0530] {processor.py:840} INFO - DAG(s) 'example_task_group_decorator' retrieved from /home/tejasvi/Desktop/airflow_ssh_simulation/venv/lib/python3.10/site-packages/airflow/example_dags/example_task_group_decorator.py
[2026-03-18T18:50:09.160+0530] {logging_mixin.py:188} INFO - [2026-03-18T18:50:09.159+0530] {dag.py:3047} INFO - Sync 1 DAGs
[2026-03-18T18:50:09.180+0530] {logging_mixin.py:188} INFO - [2026-03-18T18:50:09.180+0530] {dag.py:3834} INFO - Setting next_dagrun for example_task_group_decorator to 2026-03-17 00:00:00+00:00, run_after=2026-03-18 00:00:00+00:00
[2026-03-18T18:50:09.249+0530] {processor.py:183} INFO - Processing /home/tejasvi/Desktop/airflow_ssh_simulation/venv/lib/python3.10/site-packages/airflow/example_dags/example_task_group_decorator.py took 0.162 seconds
