[2026-03-18T17:39:38.209+0530] {processor.py:161} INFO - Started process (PID=5392) to work on /home/tejasvi/Desktop/airflow_ssh_simulation/venv/lib/python3.10/site-packages/airflow/example_dags/example_nested_branch_dag.py
[2026-03-18T17:39:38.212+0530] {processor.py:830} INFO - Processing file /home/tejasvi/Desktop/airflow_ssh_simulation/venv/lib/python3.10/site-packages/airflow/example_dags/example_nested_branch_dag.py for tasks to queue
[2026-03-18T17:39:38.214+0530] {logging_mixin.py:188} INFO - [2026-03-18T17:39:38.213+0530] {dagbag.py:540} INFO - Filling up the DagBag from /home/tejasvi/Desktop/airflow_ssh_simulation/venv/lib/python3.10/site-packages/airflow/example_dags/example_nested_branch_dag.py
[2026-03-18T17:39:38.318+0530] {processor.py:840} INFO - DAG(s) 'example_nested_branch_dag' retrieved from /home/tejasvi/Desktop/airflow_ssh_simulation/venv/lib/python3.10/site-packages/airflow/example_dags/example_nested_branch_dag.py
[2026-03-18T17:39:38.354+0530] {logging_mixin.py:188} INFO - [2026-03-18T17:39:38.354+0530] {dag.py:3047} INFO - Sync 1 DAGs
[2026-03-18T17:39:38.392+0530] {logging_mixin.py:188} INFO - [2026-03-18T17:39:38.392+0530] {dag.py:3834} INFO - Setting next_dagrun for example_nested_branch_dag to 2026-03-17 00:00:00+00:00, run_after=2026-03-18 00:00:00+00:00
[2026-03-18T17:39:38.447+0530] {processor.py:183} INFO - Processing /home/tejasvi/Desktop/airflow_ssh_simulation/venv/lib/python3.10/site-packages/airflow/example_dags/example_nested_branch_dag.py took 0.247 seconds
[2026-03-18T17:40:55.923+0530] {processor.py:161} INFO - Started process (PID=5501) to work on /home/tejasvi/Desktop/airflow_ssh_simulation/venv/lib/python3.10/site-packages/airflow/example_dags/example_nested_branch_dag.py
[2026-03-18T17:40:55.929+0530] {processor.py:830} INFO - Processing file /home/tejasvi/Desktop/airflow_ssh_simulation/venv/lib/python3.10/site-packages/airflow/example_dags/example_nested_branch_dag.py for tasks to queue
[2026-03-18T17:40:55.933+0530] {logging_mixin.py:188} INFO - [2026-03-18T17:40:55.932+0530] {dagbag.py:540} INFO - Filling up the DagBag from /home/tejasvi/Desktop/airflow_ssh_simulation/venv/lib/python3.10/site-packages/airflow/example_dags/example_nested_branch_dag.py
[2026-03-18T17:40:55.949+0530] {processor.py:840} INFO - DAG(s) 'example_nested_branch_dag' retrieved from /home/tejasvi/Desktop/airflow_ssh_simulation/venv/lib/python3.10/site-packages/airflow/example_dags/example_nested_branch_dag.py
[2026-03-18T17:40:55.976+0530] {logging_mixin.py:188} INFO - [2026-03-18T17:40:55.975+0530] {dag.py:3047} INFO - Sync 1 DAGs
[2026-03-18T17:40:56.012+0530] {logging_mixin.py:188} INFO - [2026-03-18T17:40:56.011+0530] {dag.py:3834} INFO - Setting next_dagrun for example_nested_branch_dag to 2026-03-17 00:00:00+00:00, run_after=2026-03-18 00:00:00+00:00
[2026-03-18T17:40:56.074+0530] {processor.py:183} INFO - Processing /home/tejasvi/Desktop/airflow_ssh_simulation/venv/lib/python3.10/site-packages/airflow/example_dags/example_nested_branch_dag.py took 0.158 seconds
[2026-03-18T17:42:04.024+0530] {processor.py:161} INFO - Started process (PID=5600) to work on /home/tejasvi/Desktop/airflow_ssh_simulation/venv/lib/python3.10/site-packages/airflow/example_dags/example_nested_branch_dag.py
[2026-03-18T17:42:04.112+0530] {processor.py:830} INFO - Processing file /home/tejasvi/Desktop/airflow_ssh_simulation/venv/lib/python3.10/site-packages/airflow/example_dags/example_nested_branch_dag.py for tasks to queue
[2026-03-18T17:42:04.116+0530] {logging_mixin.py:188} INFO - [2026-03-18T17:42:04.115+0530] {dagbag.py:540} INFO - Filling up the DagBag from /home/tejasvi/Desktop/airflow_ssh_simulation/venv/lib/python3.10/site-packages/airflow/example_dags/example_nested_branch_dag.py
[2026-03-18T17:42:04.140+0530] {processor.py:840} INFO - DAG(s) 'example_nested_branch_dag' retrieved from /home/tejasvi/Desktop/airflow_ssh_simulation/venv/lib/python3.10/site-packages/airflow/example_dags/example_nested_branch_dag.py
[2026-03-18T17:42:04.172+0530] {logging_mixin.py:188} INFO - [2026-03-18T17:42:04.171+0530] {dag.py:3047} INFO - Sync 1 DAGs
[2026-03-18T17:42:04.205+0530] {logging_mixin.py:188} INFO - [2026-03-18T17:42:04.205+0530] {dag.py:3834} INFO - Setting next_dagrun for example_nested_branch_dag to 2026-03-17 00:00:00+00:00, run_after=2026-03-18 00:00:00+00:00
[2026-03-18T17:42:04.278+0530] {processor.py:183} INFO - Processing /home/tejasvi/Desktop/airflow_ssh_simulation/venv/lib/python3.10/site-packages/airflow/example_dags/example_nested_branch_dag.py took 0.261 seconds
[2026-03-18T17:43:14.030+0530] {processor.py:161} INFO - Started process (PID=5771) to work on /home/tejasvi/Desktop/airflow_ssh_simulation/venv/lib/python3.10/site-packages/airflow/example_dags/example_nested_branch_dag.py
[2026-03-18T17:43:14.139+0530] {processor.py:830} INFO - Processing file /home/tejasvi/Desktop/airflow_ssh_simulation/venv/lib/python3.10/site-packages/airflow/example_dags/example_nested_branch_dag.py for tasks to queue
[2026-03-18T17:43:14.143+0530] {logging_mixin.py:188} INFO - [2026-03-18T17:43:14.142+0530] {dagbag.py:540} INFO - Filling up the DagBag from /home/tejasvi/Desktop/airflow_ssh_simulation/venv/lib/python3.10/site-packages/airflow/example_dags/example_nested_branch_dag.py
[2026-03-18T17:43:14.159+0530] {processor.py:840} INFO - DAG(s) 'example_nested_branch_dag' retrieved from /home/tejasvi/Desktop/airflow_ssh_simulation/venv/lib/python3.10/site-packages/airflow/example_dags/example_nested_branch_dag.py
[2026-03-18T17:43:14.184+0530] {logging_mixin.py:188} INFO - [2026-03-18T17:43:14.184+0530] {dag.py:3047} INFO - Sync 1 DAGs
[2026-03-18T17:43:14.215+0530] {logging_mixin.py:188} INFO - [2026-03-18T17:43:14.215+0530] {dag.py:3834} INFO - Setting next_dagrun for example_nested_branch_dag to 2026-03-17 00:00:00+00:00, run_after=2026-03-18 00:00:00+00:00
[2026-03-18T17:43:14.274+0530] {processor.py:183} INFO - Processing /home/tejasvi/Desktop/airflow_ssh_simulation/venv/lib/python3.10/site-packages/airflow/example_dags/example_nested_branch_dag.py took 0.250 seconds
[2026-03-18T17:44:27.422+0530] {processor.py:161} INFO - Started process (PID=7545) to work on /home/tejasvi/Desktop/airflow_ssh_simulation/venv/lib/python3.10/site-packages/airflow/example_dags/example_nested_branch_dag.py
[2026-03-18T17:44:27.490+0530] {processor.py:830} INFO - Processing file /home/tejasvi/Desktop/airflow_ssh_simulation/venv/lib/python3.10/site-packages/airflow/example_dags/example_nested_branch_dag.py for tasks to queue
[2026-03-18T17:44:27.494+0530] {logging_mixin.py:188} INFO - [2026-03-18T17:44:27.493+0530] {dagbag.py:540} INFO - Filling up the DagBag from /home/tejasvi/Desktop/airflow_ssh_simulation/venv/lib/python3.10/site-packages/airflow/example_dags/example_nested_branch_dag.py
[2026-03-18T17:44:27.625+0530] {processor.py:840} INFO - DAG(s) 'example_nested_branch_dag' retrieved from /home/tejasvi/Desktop/airflow_ssh_simulation/venv/lib/python3.10/site-packages/airflow/example_dags/example_nested_branch_dag.py
[2026-03-18T17:44:27.667+0530] {logging_mixin.py:188} INFO - [2026-03-18T17:44:27.666+0530] {dag.py:3047} INFO - Sync 1 DAGs
[2026-03-18T17:44:27.712+0530] {logging_mixin.py:188} INFO - [2026-03-18T17:44:27.711+0530] {dag.py:3834} INFO - Setting next_dagrun for example_nested_branch_dag to 2026-03-17 00:00:00+00:00, run_after=2026-03-18 00:00:00+00:00
[2026-03-18T17:44:27.844+0530] {processor.py:183} INFO - Processing /home/tejasvi/Desktop/airflow_ssh_simulation/venv/lib/python3.10/site-packages/airflow/example_dags/example_nested_branch_dag.py took 0.429 seconds
[2026-03-18T17:45:36.145+0530] {processor.py:161} INFO - Started process (PID=8358) to work on /home/tejasvi/Desktop/airflow_ssh_simulation/venv/lib/python3.10/site-packages/airflow/example_dags/example_nested_branch_dag.py
[2026-03-18T17:45:36.151+0530] {processor.py:830} INFO - Processing file /home/tejasvi/Desktop/airflow_ssh_simulation/venv/lib/python3.10/site-packages/airflow/example_dags/example_nested_branch_dag.py for tasks to queue
[2026-03-18T17:45:36.154+0530] {logging_mixin.py:188} INFO - [2026-03-18T17:45:36.153+0530] {dagbag.py:540} INFO - Filling up the DagBag from /home/tejasvi/Desktop/airflow_ssh_simulation/venv/lib/python3.10/site-packages/airflow/example_dags/example_nested_branch_dag.py
[2026-03-18T17:45:36.171+0530] {processor.py:840} INFO - DAG(s) 'example_nested_branch_dag' retrieved from /home/tejasvi/Desktop/airflow_ssh_simulation/venv/lib/python3.10/site-packages/airflow/example_dags/example_nested_branch_dag.py
[2026-03-18T17:45:36.198+0530] {logging_mixin.py:188} INFO - [2026-03-18T17:45:36.197+0530] {dag.py:3047} INFO - Sync 1 DAGs
[2026-03-18T17:45:36.232+0530] {logging_mixin.py:188} INFO - [2026-03-18T17:45:36.231+0530] {dag.py:3834} INFO - Setting next_dagrun for example_nested_branch_dag to 2026-03-17 00:00:00+00:00, run_after=2026-03-18 00:00:00+00:00
[2026-03-18T17:45:36.286+0530] {processor.py:183} INFO - Processing /home/tejasvi/Desktop/airflow_ssh_simulation/venv/lib/python3.10/site-packages/airflow/example_dags/example_nested_branch_dag.py took 0.149 seconds
[2026-03-18T17:46:48.050+0530] {processor.py:161} INFO - Started process (PID=9180) to work on /home/tejasvi/Desktop/airflow_ssh_simulation/venv/lib/python3.10/site-packages/airflow/example_dags/example_nested_branch_dag.py
[2026-03-18T17:46:48.274+0530] {processor.py:830} INFO - Processing file /home/tejasvi/Desktop/airflow_ssh_simulation/venv/lib/python3.10/site-packages/airflow/example_dags/example_nested_branch_dag.py for tasks to queue
[2026-03-18T17:46:48.280+0530] {logging_mixin.py:188} INFO - [2026-03-18T17:46:48.279+0530] {dagbag.py:540} INFO - Filling up the DagBag from /home/tejasvi/Desktop/airflow_ssh_simulation/venv/lib/python3.10/site-packages/airflow/example_dags/example_nested_branch_dag.py
[2026-03-18T17:46:48.789+0530] {processor.py:840} INFO - DAG(s) 'example_nested_branch_dag' retrieved from /home/tejasvi/Desktop/airflow_ssh_simulation/venv/lib/python3.10/site-packages/airflow/example_dags/example_nested_branch_dag.py
[2026-03-18T17:46:48.859+0530] {logging_mixin.py:188} INFO - [2026-03-18T17:46:48.858+0530] {dag.py:3047} INFO - Sync 1 DAGs
[2026-03-18T17:46:48.943+0530] {logging_mixin.py:188} INFO - [2026-03-18T17:46:48.942+0530] {dag.py:3834} INFO - Setting next_dagrun for example_nested_branch_dag to 2026-03-17 00:00:00+00:00, run_after=2026-03-18 00:00:00+00:00
[2026-03-18T17:46:49.019+0530] {processor.py:183} INFO - Processing /home/tejasvi/Desktop/airflow_ssh_simulation/venv/lib/python3.10/site-packages/airflow/example_dags/example_nested_branch_dag.py took 0.975 seconds
[2026-03-18T17:47:55.189+0530] {processor.py:161} INFO - Started process (PID=9745) to work on /home/tejasvi/Desktop/airflow_ssh_simulation/venv/lib/python3.10/site-packages/airflow/example_dags/example_nested_branch_dag.py
[2026-03-18T17:47:55.202+0530] {processor.py:830} INFO - Processing file /home/tejasvi/Desktop/airflow_ssh_simulation/venv/lib/python3.10/site-packages/airflow/example_dags/example_nested_branch_dag.py for tasks to queue
[2026-03-18T17:47:55.205+0530] {logging_mixin.py:188} INFO - [2026-03-18T17:47:55.205+0530] {dagbag.py:540} INFO - Filling up the DagBag from /home/tejasvi/Desktop/airflow_ssh_simulation/venv/lib/python3.10/site-packages/airflow/example_dags/example_nested_branch_dag.py
[2026-03-18T17:47:55.221+0530] {processor.py:840} INFO - DAG(s) 'example_nested_branch_dag' retrieved from /home/tejasvi/Desktop/airflow_ssh_simulation/venv/lib/python3.10/site-packages/airflow/example_dags/example_nested_branch_dag.py
[2026-03-18T17:47:55.242+0530] {logging_mixin.py:188} INFO - [2026-03-18T17:47:55.242+0530] {dag.py:3047} INFO - Sync 1 DAGs
[2026-03-18T17:47:55.270+0530] {logging_mixin.py:188} INFO - [2026-03-18T17:47:55.270+0530] {dag.py:3834} INFO - Setting next_dagrun for example_nested_branch_dag to 2026-03-17 00:00:00+00:00, run_after=2026-03-18 00:00:00+00:00
[2026-03-18T17:47:55.369+0530] {processor.py:183} INFO - Processing /home/tejasvi/Desktop/airflow_ssh_simulation/venv/lib/python3.10/site-packages/airflow/example_dags/example_nested_branch_dag.py took 0.186 seconds
[2026-03-18T17:48:56.939+0530] {processor.py:161} INFO - Started process (PID=10215) to work on /home/tejasvi/Desktop/airflow_ssh_simulation/venv/lib/python3.10/site-packages/airflow/example_dags/example_nested_branch_dag.py
[2026-03-18T17:48:57.122+0530] {processor.py:830} INFO - Processing file /home/tejasvi/Desktop/airflow_ssh_simulation/venv/lib/python3.10/site-packages/airflow/example_dags/example_nested_branch_dag.py for tasks to queue
[2026-03-18T17:48:57.126+0530] {logging_mixin.py:188} INFO - [2026-03-18T17:48:57.125+0530] {dagbag.py:540} INFO - Filling up the DagBag from /home/tejasvi/Desktop/airflow_ssh_simulation/venv/lib/python3.10/site-packages/airflow/example_dags/example_nested_branch_dag.py
[2026-03-18T17:48:57.139+0530] {processor.py:840} INFO - DAG(s) 'example_nested_branch_dag' retrieved from /home/tejasvi/Desktop/airflow_ssh_simulation/venv/lib/python3.10/site-packages/airflow/example_dags/example_nested_branch_dag.py
[2026-03-18T17:48:57.156+0530] {logging_mixin.py:188} INFO - [2026-03-18T17:48:57.155+0530] {dag.py:3047} INFO - Sync 1 DAGs
[2026-03-18T17:48:57.178+0530] {logging_mixin.py:188} INFO - [2026-03-18T17:48:57.177+0530] {dag.py:3834} INFO - Setting next_dagrun for example_nested_branch_dag to 2026-03-17 00:00:00+00:00, run_after=2026-03-18 00:00:00+00:00
[2026-03-18T17:48:57.276+0530] {processor.py:183} INFO - Processing /home/tejasvi/Desktop/airflow_ssh_simulation/venv/lib/python3.10/site-packages/airflow/example_dags/example_nested_branch_dag.py took 0.344 seconds
[2026-03-18T17:49:59.300+0530] {processor.py:161} INFO - Started process (PID=10685) to work on /home/tejasvi/Desktop/airflow_ssh_simulation/venv/lib/python3.10/site-packages/airflow/example_dags/example_nested_branch_dag.py
[2026-03-18T17:49:59.427+0530] {processor.py:830} INFO - Processing file /home/tejasvi/Desktop/airflow_ssh_simulation/venv/lib/python3.10/site-packages/airflow/example_dags/example_nested_branch_dag.py for tasks to queue
[2026-03-18T17:49:59.430+0530] {logging_mixin.py:188} INFO - [2026-03-18T17:49:59.430+0530] {dagbag.py:540} INFO - Filling up the DagBag from /home/tejasvi/Desktop/airflow_ssh_simulation/venv/lib/python3.10/site-packages/airflow/example_dags/example_nested_branch_dag.py
[2026-03-18T17:49:59.443+0530] {processor.py:840} INFO - DAG(s) 'example_nested_branch_dag' retrieved from /home/tejasvi/Desktop/airflow_ssh_simulation/venv/lib/python3.10/site-packages/airflow/example_dags/example_nested_branch_dag.py
[2026-03-18T17:49:59.460+0530] {logging_mixin.py:188} INFO - [2026-03-18T17:49:59.460+0530] {dag.py:3047} INFO - Sync 1 DAGs
[2026-03-18T17:49:59.481+0530] {logging_mixin.py:188} INFO - [2026-03-18T17:49:59.481+0530] {dag.py:3834} INFO - Setting next_dagrun for example_nested_branch_dag to 2026-03-17 00:00:00+00:00, run_after=2026-03-18 00:00:00+00:00
[2026-03-18T17:49:59.610+0530] {processor.py:183} INFO - Processing /home/tejasvi/Desktop/airflow_ssh_simulation/venv/lib/python3.10/site-packages/airflow/example_dags/example_nested_branch_dag.py took 0.317 seconds
[2026-03-18T17:51:08.543+0530] {processor.py:161} INFO - Started process (PID=11275) to work on /home/tejasvi/Desktop/airflow_ssh_simulation/venv/lib/python3.10/site-packages/airflow/example_dags/example_nested_branch_dag.py
[2026-03-18T17:51:08.587+0530] {processor.py:830} INFO - Processing file /home/tejasvi/Desktop/airflow_ssh_simulation/venv/lib/python3.10/site-packages/airflow/example_dags/example_nested_branch_dag.py for tasks to queue
[2026-03-18T17:51:08.591+0530] {logging_mixin.py:188} INFO - [2026-03-18T17:51:08.590+0530] {dagbag.py:540} INFO - Filling up the DagBag from /home/tejasvi/Desktop/airflow_ssh_simulation/venv/lib/python3.10/site-packages/airflow/example_dags/example_nested_branch_dag.py
[2026-03-18T17:51:08.607+0530] {processor.py:840} INFO - DAG(s) 'example_nested_branch_dag' retrieved from /home/tejasvi/Desktop/airflow_ssh_simulation/venv/lib/python3.10/site-packages/airflow/example_dags/example_nested_branch_dag.py
[2026-03-18T17:51:08.628+0530] {logging_mixin.py:188} INFO - [2026-03-18T17:51:08.628+0530] {dag.py:3047} INFO - Sync 1 DAGs
[2026-03-18T17:51:08.747+0530] {logging_mixin.py:188} INFO - [2026-03-18T17:51:08.746+0530] {dag.py:3834} INFO - Setting next_dagrun for example_nested_branch_dag to 2026-03-17 00:00:00+00:00, run_after=2026-03-18 00:00:00+00:00
[2026-03-18T17:51:08.826+0530] {processor.py:183} INFO - Processing /home/tejasvi/Desktop/airflow_ssh_simulation/venv/lib/python3.10/site-packages/airflow/example_dags/example_nested_branch_dag.py took 0.291 seconds
[2026-03-18T17:52:12.189+0530] {processor.py:161} INFO - Started process (PID=11800) to work on /home/tejasvi/Desktop/airflow_ssh_simulation/venv/lib/python3.10/site-packages/airflow/example_dags/example_nested_branch_dag.py
[2026-03-18T17:52:12.295+0530] {processor.py:830} INFO - Processing file /home/tejasvi/Desktop/airflow_ssh_simulation/venv/lib/python3.10/site-packages/airflow/example_dags/example_nested_branch_dag.py for tasks to queue
[2026-03-18T17:52:12.299+0530] {logging_mixin.py:188} INFO - [2026-03-18T17:52:12.298+0530] {dagbag.py:540} INFO - Filling up the DagBag from /home/tejasvi/Desktop/airflow_ssh_simulation/venv/lib/python3.10/site-packages/airflow/example_dags/example_nested_branch_dag.py
[2026-03-18T17:52:12.313+0530] {processor.py:840} INFO - DAG(s) 'example_nested_branch_dag' retrieved from /home/tejasvi/Desktop/airflow_ssh_simulation/venv/lib/python3.10/site-packages/airflow/example_dags/example_nested_branch_dag.py
[2026-03-18T17:52:12.332+0530] {logging_mixin.py:188} INFO - [2026-03-18T17:52:12.331+0530] {dag.py:3047} INFO - Sync 1 DAGs
[2026-03-18T17:52:12.352+0530] {logging_mixin.py:188} INFO - [2026-03-18T17:52:12.352+0530] {dag.py:3834} INFO - Setting next_dagrun for example_nested_branch_dag to 2026-03-17 00:00:00+00:00, run_after=2026-03-18 00:00:00+00:00
[2026-03-18T17:52:12.443+0530] {processor.py:183} INFO - Processing /home/tejasvi/Desktop/airflow_ssh_simulation/venv/lib/python3.10/site-packages/airflow/example_dags/example_nested_branch_dag.py took 0.262 seconds
[2026-03-18T17:53:27.331+0530] {processor.py:161} INFO - Started process (PID=12654) to work on /home/tejasvi/Desktop/airflow_ssh_simulation/venv/lib/python3.10/site-packages/airflow/example_dags/example_nested_branch_dag.py
[2026-03-18T17:53:27.333+0530] {processor.py:830} INFO - Processing file /home/tejasvi/Desktop/airflow_ssh_simulation/venv/lib/python3.10/site-packages/airflow/example_dags/example_nested_branch_dag.py for tasks to queue
[2026-03-18T17:53:27.336+0530] {logging_mixin.py:188} INFO - [2026-03-18T17:53:27.335+0530] {dagbag.py:540} INFO - Filling up the DagBag from /home/tejasvi/Desktop/airflow_ssh_simulation/venv/lib/python3.10/site-packages/airflow/example_dags/example_nested_branch_dag.py
[2026-03-18T17:53:27.350+0530] {processor.py:840} INFO - DAG(s) 'example_nested_branch_dag' retrieved from /home/tejasvi/Desktop/airflow_ssh_simulation/venv/lib/python3.10/site-packages/airflow/example_dags/example_nested_branch_dag.py
[2026-03-18T17:53:27.367+0530] {logging_mixin.py:188} INFO - [2026-03-18T17:53:27.367+0530] {dag.py:3047} INFO - Sync 1 DAGs
[2026-03-18T17:53:27.389+0530] {logging_mixin.py:188} INFO - [2026-03-18T17:53:27.389+0530] {dag.py:3834} INFO - Setting next_dagrun for example_nested_branch_dag to 2026-03-17 00:00:00+00:00, run_after=2026-03-18 00:00:00+00:00
[2026-03-18T17:53:27.471+0530] {processor.py:183} INFO - Processing /home/tejasvi/Desktop/airflow_ssh_simulation/venv/lib/python3.10/site-packages/airflow/example_dags/example_nested_branch_dag.py took 0.144 seconds
[2026-03-18T17:54:32.741+0530] {processor.py:161} INFO - Started process (PID=13244) to work on /home/tejasvi/Desktop/airflow_ssh_simulation/venv/lib/python3.10/site-packages/airflow/example_dags/example_nested_branch_dag.py
[2026-03-18T17:54:32.769+0530] {processor.py:830} INFO - Processing file /home/tejasvi/Desktop/airflow_ssh_simulation/venv/lib/python3.10/site-packages/airflow/example_dags/example_nested_branch_dag.py for tasks to queue
[2026-03-18T17:54:32.772+0530] {logging_mixin.py:188} INFO - [2026-03-18T17:54:32.772+0530] {dagbag.py:540} INFO - Filling up the DagBag from /home/tejasvi/Desktop/airflow_ssh_simulation/venv/lib/python3.10/site-packages/airflow/example_dags/example_nested_branch_dag.py
[2026-03-18T17:54:32.786+0530] {processor.py:840} INFO - DAG(s) 'example_nested_branch_dag' retrieved from /home/tejasvi/Desktop/airflow_ssh_simulation/venv/lib/python3.10/site-packages/airflow/example_dags/example_nested_branch_dag.py
[2026-03-18T17:54:32.803+0530] {logging_mixin.py:188} INFO - [2026-03-18T17:54:32.803+0530] {dag.py:3047} INFO - Sync 1 DAGs
[2026-03-18T17:54:32.824+0530] {logging_mixin.py:188} INFO - [2026-03-18T17:54:32.824+0530] {dag.py:3834} INFO - Setting next_dagrun for example_nested_branch_dag to 2026-03-17 00:00:00+00:00, run_after=2026-03-18 00:00:00+00:00
[2026-03-18T17:54:32.924+0530] {processor.py:183} INFO - Processing /home/tejasvi/Desktop/airflow_ssh_simulation/venv/lib/python3.10/site-packages/airflow/example_dags/example_nested_branch_dag.py took 0.190 seconds
[2026-03-18T17:55:35.040+0530] {processor.py:161} INFO - Started process (PID=13729) to work on /home/tejasvi/Desktop/airflow_ssh_simulation/venv/lib/python3.10/site-packages/airflow/example_dags/example_nested_branch_dag.py
[2026-03-18T17:55:35.124+0530] {processor.py:830} INFO - Processing file /home/tejasvi/Desktop/airflow_ssh_simulation/venv/lib/python3.10/site-packages/airflow/example_dags/example_nested_branch_dag.py for tasks to queue
[2026-03-18T17:55:35.128+0530] {logging_mixin.py:188} INFO - [2026-03-18T17:55:35.127+0530] {dagbag.py:540} INFO - Filling up the DagBag from /home/tejasvi/Desktop/airflow_ssh_simulation/venv/lib/python3.10/site-packages/airflow/example_dags/example_nested_branch_dag.py
[2026-03-18T17:55:35.141+0530] {processor.py:840} INFO - DAG(s) 'example_nested_branch_dag' retrieved from /home/tejasvi/Desktop/airflow_ssh_simulation/venv/lib/python3.10/site-packages/airflow/example_dags/example_nested_branch_dag.py
[2026-03-18T17:55:35.158+0530] {logging_mixin.py:188} INFO - [2026-03-18T17:55:35.158+0530] {dag.py:3047} INFO - Sync 1 DAGs
[2026-03-18T17:55:35.179+0530] {logging_mixin.py:188} INFO - [2026-03-18T17:55:35.179+0530] {dag.py:3834} INFO - Setting next_dagrun for example_nested_branch_dag to 2026-03-17 00:00:00+00:00, run_after=2026-03-18 00:00:00+00:00
[2026-03-18T17:55:35.271+0530] {processor.py:183} INFO - Processing /home/tejasvi/Desktop/airflow_ssh_simulation/venv/lib/python3.10/site-packages/airflow/example_dags/example_nested_branch_dag.py took 0.238 seconds
[2026-03-18T17:56:44.195+0530] {processor.py:161} INFO - Started process (PID=14292) to work on /home/tejasvi/Desktop/airflow_ssh_simulation/venv/lib/python3.10/site-packages/airflow/example_dags/example_nested_branch_dag.py
[2026-03-18T17:56:44.466+0530] {processor.py:830} INFO - Processing file /home/tejasvi/Desktop/airflow_ssh_simulation/venv/lib/python3.10/site-packages/airflow/example_dags/example_nested_branch_dag.py for tasks to queue
[2026-03-18T17:56:44.469+0530] {logging_mixin.py:188} INFO - [2026-03-18T17:56:44.469+0530] {dagbag.py:540} INFO - Filling up the DagBag from /home/tejasvi/Desktop/airflow_ssh_simulation/venv/lib/python3.10/site-packages/airflow/example_dags/example_nested_branch_dag.py
[2026-03-18T17:56:44.484+0530] {processor.py:840} INFO - DAG(s) 'example_nested_branch_dag' retrieved from /home/tejasvi/Desktop/airflow_ssh_simulation/venv/lib/python3.10/site-packages/airflow/example_dags/example_nested_branch_dag.py
[2026-03-18T17:56:44.503+0530] {logging_mixin.py:188} INFO - [2026-03-18T17:56:44.502+0530] {dag.py:3047} INFO - Sync 1 DAGs
[2026-03-18T17:56:44.525+0530] {logging_mixin.py:188} INFO - [2026-03-18T17:56:44.524+0530] {dag.py:3834} INFO - Setting next_dagrun for example_nested_branch_dag to 2026-03-17 00:00:00+00:00, run_after=2026-03-18 00:00:00+00:00
[2026-03-18T17:56:44.784+0530] {processor.py:183} INFO - Processing /home/tejasvi/Desktop/airflow_ssh_simulation/venv/lib/python3.10/site-packages/airflow/example_dags/example_nested_branch_dag.py took 0.596 seconds
[2026-03-18T17:57:56.115+0530] {processor.py:161} INFO - Started process (PID=14835) to work on /home/tejasvi/Desktop/airflow_ssh_simulation/venv/lib/python3.10/site-packages/airflow/example_dags/example_nested_branch_dag.py
[2026-03-18T17:57:56.127+0530] {processor.py:830} INFO - Processing file /home/tejasvi/Desktop/airflow_ssh_simulation/venv/lib/python3.10/site-packages/airflow/example_dags/example_nested_branch_dag.py for tasks to queue
[2026-03-18T17:57:56.130+0530] {logging_mixin.py:188} INFO - [2026-03-18T17:57:56.129+0530] {dagbag.py:540} INFO - Filling up the DagBag from /home/tejasvi/Desktop/airflow_ssh_simulation/venv/lib/python3.10/site-packages/airflow/example_dags/example_nested_branch_dag.py
[2026-03-18T17:57:56.143+0530] {processor.py:840} INFO - DAG(s) 'example_nested_branch_dag' retrieved from /home/tejasvi/Desktop/airflow_ssh_simulation/venv/lib/python3.10/site-packages/airflow/example_dags/example_nested_branch_dag.py
[2026-03-18T17:57:56.160+0530] {logging_mixin.py:188} INFO - [2026-03-18T17:57:56.160+0530] {dag.py:3047} INFO - Sync 1 DAGs
[2026-03-18T17:57:56.181+0530] {logging_mixin.py:188} INFO - [2026-03-18T17:57:56.181+0530] {dag.py:3834} INFO - Setting next_dagrun for example_nested_branch_dag to 2026-03-17 00:00:00+00:00, run_after=2026-03-18 00:00:00+00:00
[2026-03-18T17:57:56.748+0530] {processor.py:183} INFO - Processing /home/tejasvi/Desktop/airflow_ssh_simulation/venv/lib/python3.10/site-packages/airflow/example_dags/example_nested_branch_dag.py took 0.641 seconds
[2026-03-18T17:58:56.972+0530] {processor.py:161} INFO - Started process (PID=15253) to work on /home/tejasvi/Desktop/airflow_ssh_simulation/venv/lib/python3.10/site-packages/airflow/example_dags/example_nested_branch_dag.py
[2026-03-18T17:58:56.986+0530] {processor.py:830} INFO - Processing file /home/tejasvi/Desktop/airflow_ssh_simulation/venv/lib/python3.10/site-packages/airflow/example_dags/example_nested_branch_dag.py for tasks to queue
[2026-03-18T17:58:56.990+0530] {logging_mixin.py:188} INFO - [2026-03-18T17:58:56.989+0530] {dagbag.py:540} INFO - Filling up the DagBag from /home/tejasvi/Desktop/airflow_ssh_simulation/venv/lib/python3.10/site-packages/airflow/example_dags/example_nested_branch_dag.py
[2026-03-18T17:58:57.005+0530] {processor.py:840} INFO - DAG(s) 'example_nested_branch_dag' retrieved from /home/tejasvi/Desktop/airflow_ssh_simulation/venv/lib/python3.10/site-packages/airflow/example_dags/example_nested_branch_dag.py
[2026-03-18T17:58:57.025+0530] {logging_mixin.py:188} INFO - [2026-03-18T17:58:57.025+0530] {dag.py:3047} INFO - Sync 1 DAGs
[2026-03-18T17:58:57.047+0530] {logging_mixin.py:188} INFO - [2026-03-18T17:58:57.047+0530] {dag.py:3834} INFO - Setting next_dagrun for example_nested_branch_dag to 2026-03-17 00:00:00+00:00, run_after=2026-03-18 00:00:00+00:00
[2026-03-18T17:58:57.140+0530] {processor.py:183} INFO - Processing /home/tejasvi/Desktop/airflow_ssh_simulation/venv/lib/python3.10/site-packages/airflow/example_dags/example_nested_branch_dag.py took 0.177 seconds
[2026-03-18T17:59:59.853+0530] {processor.py:161} INFO - Started process (PID=15419) to work on /home/tejasvi/Desktop/airflow_ssh_simulation/venv/lib/python3.10/site-packages/airflow/example_dags/example_nested_branch_dag.py
[2026-03-18T17:59:59.865+0530] {processor.py:830} INFO - Processing file /home/tejasvi/Desktop/airflow_ssh_simulation/venv/lib/python3.10/site-packages/airflow/example_dags/example_nested_branch_dag.py for tasks to queue
[2026-03-18T17:59:59.868+0530] {logging_mixin.py:188} INFO - [2026-03-18T17:59:59.867+0530] {dagbag.py:540} INFO - Filling up the DagBag from /home/tejasvi/Desktop/airflow_ssh_simulation/venv/lib/python3.10/site-packages/airflow/example_dags/example_nested_branch_dag.py
[2026-03-18T17:59:59.882+0530] {processor.py:840} INFO - DAG(s) 'example_nested_branch_dag' retrieved from /home/tejasvi/Desktop/airflow_ssh_simulation/venv/lib/python3.10/site-packages/airflow/example_dags/example_nested_branch_dag.py
[2026-03-18T17:59:59.903+0530] {logging_mixin.py:188} INFO - [2026-03-18T17:59:59.903+0530] {dag.py:3047} INFO - Sync 1 DAGs
[2026-03-18T17:59:59.926+0530] {logging_mixin.py:188} INFO - [2026-03-18T17:59:59.926+0530] {dag.py:3834} INFO - Setting next_dagrun for example_nested_branch_dag to 2026-03-17 00:00:00+00:00, run_after=2026-03-18 00:00:00+00:00
[2026-03-18T17:59:59.984+0530] {processor.py:183} INFO - Processing /home/tejasvi/Desktop/airflow_ssh_simulation/venv/lib/python3.10/site-packages/airflow/example_dags/example_nested_branch_dag.py took 0.136 seconds
[2026-03-18T18:01:01.585+0530] {processor.py:161} INFO - Started process (PID=15967) to work on /home/tejasvi/Desktop/airflow_ssh_simulation/venv/lib/python3.10/site-packages/airflow/example_dags/example_nested_branch_dag.py
[2026-03-18T18:01:01.625+0530] {processor.py:830} INFO - Processing file /home/tejasvi/Desktop/airflow_ssh_simulation/venv/lib/python3.10/site-packages/airflow/example_dags/example_nested_branch_dag.py for tasks to queue
[2026-03-18T18:01:01.629+0530] {logging_mixin.py:188} INFO - [2026-03-18T18:01:01.628+0530] {dagbag.py:540} INFO - Filling up the DagBag from /home/tejasvi/Desktop/airflow_ssh_simulation/venv/lib/python3.10/site-packages/airflow/example_dags/example_nested_branch_dag.py
[2026-03-18T18:01:01.645+0530] {processor.py:840} INFO - DAG(s) 'example_nested_branch_dag' retrieved from /home/tejasvi/Desktop/airflow_ssh_simulation/venv/lib/python3.10/site-packages/airflow/example_dags/example_nested_branch_dag.py
[2026-03-18T18:01:01.677+0530] {logging_mixin.py:188} INFO - [2026-03-18T18:01:01.677+0530] {dag.py:3047} INFO - Sync 1 DAGs
[2026-03-18T18:01:01.718+0530] {logging_mixin.py:188} INFO - [2026-03-18T18:01:01.718+0530] {dag.py:3834} INFO - Setting next_dagrun for example_nested_branch_dag to 2026-03-17 00:00:00+00:00, run_after=2026-03-18 00:00:00+00:00
[2026-03-18T18:01:01.868+0530] {processor.py:183} INFO - Processing /home/tejasvi/Desktop/airflow_ssh_simulation/venv/lib/python3.10/site-packages/airflow/example_dags/example_nested_branch_dag.py took 0.289 seconds
[2026-03-18T18:02:10.126+0530] {processor.py:161} INFO - Started process (PID=17818) to work on /home/tejasvi/Desktop/airflow_ssh_simulation/venv/lib/python3.10/site-packages/airflow/example_dags/example_nested_branch_dag.py
[2026-03-18T18:02:10.212+0530] {processor.py:830} INFO - Processing file /home/tejasvi/Desktop/airflow_ssh_simulation/venv/lib/python3.10/site-packages/airflow/example_dags/example_nested_branch_dag.py for tasks to queue
[2026-03-18T18:02:10.215+0530] {logging_mixin.py:188} INFO - [2026-03-18T18:02:10.214+0530] {dagbag.py:540} INFO - Filling up the DagBag from /home/tejasvi/Desktop/airflow_ssh_simulation/venv/lib/python3.10/site-packages/airflow/example_dags/example_nested_branch_dag.py
[2026-03-18T18:02:10.233+0530] {processor.py:840} INFO - DAG(s) 'example_nested_branch_dag' retrieved from /home/tejasvi/Desktop/airflow_ssh_simulation/venv/lib/python3.10/site-packages/airflow/example_dags/example_nested_branch_dag.py
[2026-03-18T18:02:10.314+0530] {logging_mixin.py:188} INFO - [2026-03-18T18:02:10.314+0530] {dag.py:3047} INFO - Sync 1 DAGs
[2026-03-18T18:02:10.343+0530] {logging_mixin.py:188} INFO - [2026-03-18T18:02:10.343+0530] {dag.py:3834} INFO - Setting next_dagrun for example_nested_branch_dag to 2026-03-17 00:00:00+00:00, run_after=2026-03-18 00:00:00+00:00
[2026-03-18T18:02:10.460+0530] {processor.py:183} INFO - Processing /home/tejasvi/Desktop/airflow_ssh_simulation/venv/lib/python3.10/site-packages/airflow/example_dags/example_nested_branch_dag.py took 0.339 seconds
[2026-03-18T18:03:24.105+0530] {processor.py:161} INFO - Started process (PID=18110) to work on /home/tejasvi/Desktop/airflow_ssh_simulation/venv/lib/python3.10/site-packages/airflow/example_dags/example_nested_branch_dag.py
[2026-03-18T18:03:24.180+0530] {processor.py:830} INFO - Processing file /home/tejasvi/Desktop/airflow_ssh_simulation/venv/lib/python3.10/site-packages/airflow/example_dags/example_nested_branch_dag.py for tasks to queue
[2026-03-18T18:03:24.185+0530] {logging_mixin.py:188} INFO - [2026-03-18T18:03:24.184+0530] {dagbag.py:540} INFO - Filling up the DagBag from /home/tejasvi/Desktop/airflow_ssh_simulation/venv/lib/python3.10/site-packages/airflow/example_dags/example_nested_branch_dag.py
[2026-03-18T18:03:24.203+0530] {processor.py:840} INFO - DAG(s) 'example_nested_branch_dag' retrieved from /home/tejasvi/Desktop/airflow_ssh_simulation/venv/lib/python3.10/site-packages/airflow/example_dags/example_nested_branch_dag.py
[2026-03-18T18:03:24.226+0530] {logging_mixin.py:188} INFO - [2026-03-18T18:03:24.225+0530] {dag.py:3047} INFO - Sync 1 DAGs
[2026-03-18T18:03:24.251+0530] {logging_mixin.py:188} INFO - [2026-03-18T18:03:24.250+0530] {dag.py:3834} INFO - Setting next_dagrun for example_nested_branch_dag to 2026-03-17 00:00:00+00:00, run_after=2026-03-18 00:00:00+00:00
[2026-03-18T18:03:24.313+0530] {processor.py:183} INFO - Processing /home/tejasvi/Desktop/airflow_ssh_simulation/venv/lib/python3.10/site-packages/airflow/example_dags/example_nested_branch_dag.py took 0.216 seconds
[2026-03-18T18:04:30.683+0530] {processor.py:161} INFO - Started process (PID=18609) to work on /home/tejasvi/Desktop/airflow_ssh_simulation/venv/lib/python3.10/site-packages/airflow/example_dags/example_nested_branch_dag.py
[2026-03-18T18:04:30.711+0530] {processor.py:830} INFO - Processing file /home/tejasvi/Desktop/airflow_ssh_simulation/venv/lib/python3.10/site-packages/airflow/example_dags/example_nested_branch_dag.py for tasks to queue
[2026-03-18T18:04:30.714+0530] {logging_mixin.py:188} INFO - [2026-03-18T18:04:30.713+0530] {dagbag.py:540} INFO - Filling up the DagBag from /home/tejasvi/Desktop/airflow_ssh_simulation/venv/lib/python3.10/site-packages/airflow/example_dags/example_nested_branch_dag.py
[2026-03-18T18:04:30.729+0530] {processor.py:840} INFO - DAG(s) 'example_nested_branch_dag' retrieved from /home/tejasvi/Desktop/airflow_ssh_simulation/venv/lib/python3.10/site-packages/airflow/example_dags/example_nested_branch_dag.py
[2026-03-18T18:04:30.749+0530] {logging_mixin.py:188} INFO - [2026-03-18T18:04:30.748+0530] {dag.py:3047} INFO - Sync 1 DAGs
[2026-03-18T18:04:30.772+0530] {logging_mixin.py:188} INFO - [2026-03-18T18:04:30.772+0530] {dag.py:3834} INFO - Setting next_dagrun for example_nested_branch_dag to 2026-03-17 00:00:00+00:00, run_after=2026-03-18 00:00:00+00:00
[2026-03-18T18:04:30.859+0530] {processor.py:183} INFO - Processing /home/tejasvi/Desktop/airflow_ssh_simulation/venv/lib/python3.10/site-packages/airflow/example_dags/example_nested_branch_dag.py took 0.181 seconds
[2026-03-18T18:05:37.667+0530] {processor.py:161} INFO - Started process (PID=18791) to work on /home/tejasvi/Desktop/airflow_ssh_simulation/venv/lib/python3.10/site-packages/airflow/example_dags/example_nested_branch_dag.py
[2026-03-18T18:05:37.682+0530] {processor.py:830} INFO - Processing file /home/tejasvi/Desktop/airflow_ssh_simulation/venv/lib/python3.10/site-packages/airflow/example_dags/example_nested_branch_dag.py for tasks to queue
[2026-03-18T18:05:37.686+0530] {logging_mixin.py:188} INFO - [2026-03-18T18:05:37.685+0530] {dagbag.py:540} INFO - Filling up the DagBag from /home/tejasvi/Desktop/airflow_ssh_simulation/venv/lib/python3.10/site-packages/airflow/example_dags/example_nested_branch_dag.py
[2026-03-18T18:05:37.701+0530] {processor.py:840} INFO - DAG(s) 'example_nested_branch_dag' retrieved from /home/tejasvi/Desktop/airflow_ssh_simulation/venv/lib/python3.10/site-packages/airflow/example_dags/example_nested_branch_dag.py
[2026-03-18T18:05:37.721+0530] {logging_mixin.py:188} INFO - [2026-03-18T18:05:37.721+0530] {dag.py:3047} INFO - Sync 1 DAGs
[2026-03-18T18:05:37.750+0530] {logging_mixin.py:188} INFO - [2026-03-18T18:05:37.749+0530] {dag.py:3834} INFO - Setting next_dagrun for example_nested_branch_dag to 2026-03-17 00:00:00+00:00, run_after=2026-03-18 00:00:00+00:00
[2026-03-18T18:05:37.837+0530] {processor.py:183} INFO - Processing /home/tejasvi/Desktop/airflow_ssh_simulation/venv/lib/python3.10/site-packages/airflow/example_dags/example_nested_branch_dag.py took 0.174 seconds
[2026-03-18T18:06:37.864+0530] {processor.py:161} INFO - Started process (PID=18973) to work on /home/tejasvi/Desktop/airflow_ssh_simulation/venv/lib/python3.10/site-packages/airflow/example_dags/example_nested_branch_dag.py
[2026-03-18T18:06:37.917+0530] {processor.py:830} INFO - Processing file /home/tejasvi/Desktop/airflow_ssh_simulation/venv/lib/python3.10/site-packages/airflow/example_dags/example_nested_branch_dag.py for tasks to queue
[2026-03-18T18:06:37.923+0530] {logging_mixin.py:188} INFO - [2026-03-18T18:06:37.922+0530] {dagbag.py:540} INFO - Filling up the DagBag from /home/tejasvi/Desktop/airflow_ssh_simulation/venv/lib/python3.10/site-packages/airflow/example_dags/example_nested_branch_dag.py
[2026-03-18T18:06:37.938+0530] {processor.py:840} INFO - DAG(s) 'example_nested_branch_dag' retrieved from /home/tejasvi/Desktop/airflow_ssh_simulation/venv/lib/python3.10/site-packages/airflow/example_dags/example_nested_branch_dag.py
[2026-03-18T18:06:37.960+0530] {logging_mixin.py:188} INFO - [2026-03-18T18:06:37.959+0530] {dag.py:3047} INFO - Sync 1 DAGs
[2026-03-18T18:06:37.985+0530] {logging_mixin.py:188} INFO - [2026-03-18T18:06:37.985+0530] {dag.py:3834} INFO - Setting next_dagrun for example_nested_branch_dag to 2026-03-17 00:00:00+00:00, run_after=2026-03-18 00:00:00+00:00
[2026-03-18T18:06:38.053+0530] {processor.py:183} INFO - Processing /home/tejasvi/Desktop/airflow_ssh_simulation/venv/lib/python3.10/site-packages/airflow/example_dags/example_nested_branch_dag.py took 0.196 seconds
[2026-03-18T18:07:38.285+0530] {processor.py:161} INFO - Started process (PID=19131) to work on /home/tejasvi/Desktop/airflow_ssh_simulation/venv/lib/python3.10/site-packages/airflow/example_dags/example_nested_branch_dag.py
[2026-03-18T18:07:38.308+0530] {processor.py:830} INFO - Processing file /home/tejasvi/Desktop/airflow_ssh_simulation/venv/lib/python3.10/site-packages/airflow/example_dags/example_nested_branch_dag.py for tasks to queue
[2026-03-18T18:07:38.314+0530] {logging_mixin.py:188} INFO - [2026-03-18T18:07:38.313+0530] {dagbag.py:540} INFO - Filling up the DagBag from /home/tejasvi/Desktop/airflow_ssh_simulation/venv/lib/python3.10/site-packages/airflow/example_dags/example_nested_branch_dag.py
[2026-03-18T18:07:38.332+0530] {processor.py:840} INFO - DAG(s) 'example_nested_branch_dag' retrieved from /home/tejasvi/Desktop/airflow_ssh_simulation/venv/lib/python3.10/site-packages/airflow/example_dags/example_nested_branch_dag.py
[2026-03-18T18:07:38.350+0530] {logging_mixin.py:188} INFO - [2026-03-18T18:07:38.349+0530] {dag.py:3047} INFO - Sync 1 DAGs
[2026-03-18T18:07:38.372+0530] {logging_mixin.py:188} INFO - [2026-03-18T18:07:38.372+0530] {dag.py:3834} INFO - Setting next_dagrun for example_nested_branch_dag to 2026-03-17 00:00:00+00:00, run_after=2026-03-18 00:00:00+00:00
[2026-03-18T18:07:38.436+0530] {processor.py:183} INFO - Processing /home/tejasvi/Desktop/airflow_ssh_simulation/venv/lib/python3.10/site-packages/airflow/example_dags/example_nested_branch_dag.py took 0.156 seconds
[2026-03-18T18:08:43.937+0530] {processor.py:161} INFO - Started process (PID=19308) to work on /home/tejasvi/Desktop/airflow_ssh_simulation/venv/lib/python3.10/site-packages/airflow/example_dags/example_nested_branch_dag.py
[2026-03-18T18:08:43.958+0530] {processor.py:830} INFO - Processing file /home/tejasvi/Desktop/airflow_ssh_simulation/venv/lib/python3.10/site-packages/airflow/example_dags/example_nested_branch_dag.py for tasks to queue
[2026-03-18T18:08:43.961+0530] {logging_mixin.py:188} INFO - [2026-03-18T18:08:43.961+0530] {dagbag.py:540} INFO - Filling up the DagBag from /home/tejasvi/Desktop/airflow_ssh_simulation/venv/lib/python3.10/site-packages/airflow/example_dags/example_nested_branch_dag.py
[2026-03-18T18:08:43.976+0530] {processor.py:840} INFO - DAG(s) 'example_nested_branch_dag' retrieved from /home/tejasvi/Desktop/airflow_ssh_simulation/venv/lib/python3.10/site-packages/airflow/example_dags/example_nested_branch_dag.py
[2026-03-18T18:08:43.995+0530] {logging_mixin.py:188} INFO - [2026-03-18T18:08:43.995+0530] {dag.py:3047} INFO - Sync 1 DAGs
[2026-03-18T18:08:44.020+0530] {logging_mixin.py:188} INFO - [2026-03-18T18:08:44.019+0530] {dag.py:3834} INFO - Setting next_dagrun for example_nested_branch_dag to 2026-03-17 00:00:00+00:00, run_after=2026-03-18 00:00:00+00:00
[2026-03-18T18:08:44.085+0530] {processor.py:183} INFO - Processing /home/tejasvi/Desktop/airflow_ssh_simulation/venv/lib/python3.10/site-packages/airflow/example_dags/example_nested_branch_dag.py took 0.153 seconds
[2026-03-18T18:09:42.315+0530] {processor.py:161} INFO - Started process (PID=19466) to work on /home/tejasvi/Desktop/airflow_ssh_simulation/venv/lib/python3.10/site-packages/airflow/example_dags/example_nested_branch_dag.py
[2026-03-18T18:09:42.353+0530] {processor.py:830} INFO - Processing file /home/tejasvi/Desktop/airflow_ssh_simulation/venv/lib/python3.10/site-packages/airflow/example_dags/example_nested_branch_dag.py for tasks to queue
[2026-03-18T18:09:42.359+0530] {logging_mixin.py:188} INFO - [2026-03-18T18:09:42.358+0530] {dagbag.py:540} INFO - Filling up the DagBag from /home/tejasvi/Desktop/airflow_ssh_simulation/venv/lib/python3.10/site-packages/airflow/example_dags/example_nested_branch_dag.py
[2026-03-18T18:09:42.389+0530] {processor.py:840} INFO - DAG(s) 'example_nested_branch_dag' retrieved from /home/tejasvi/Desktop/airflow_ssh_simulation/venv/lib/python3.10/site-packages/airflow/example_dags/example_nested_branch_dag.py
[2026-03-18T18:09:42.411+0530] {logging_mixin.py:188} INFO - [2026-03-18T18:09:42.411+0530] {dag.py:3047} INFO - Sync 1 DAGs
[2026-03-18T18:09:42.435+0530] {logging_mixin.py:188} INFO - [2026-03-18T18:09:42.435+0530] {dag.py:3834} INFO - Setting next_dagrun for example_nested_branch_dag to 2026-03-17 00:00:00+00:00, run_after=2026-03-18 00:00:00+00:00
[2026-03-18T18:09:42.489+0530] {processor.py:183} INFO - Processing /home/tejasvi/Desktop/airflow_ssh_simulation/venv/lib/python3.10/site-packages/airflow/example_dags/example_nested_branch_dag.py took 0.178 seconds
[2026-03-18T18:10:40.422+0530] {processor.py:161} INFO - Started process (PID=19628) to work on /home/tejasvi/Desktop/airflow_ssh_simulation/venv/lib/python3.10/site-packages/airflow/example_dags/example_nested_branch_dag.py
[2026-03-18T18:10:40.496+0530] {processor.py:830} INFO - Processing file /home/tejasvi/Desktop/airflow_ssh_simulation/venv/lib/python3.10/site-packages/airflow/example_dags/example_nested_branch_dag.py for tasks to queue
[2026-03-18T18:10:40.499+0530] {logging_mixin.py:188} INFO - [2026-03-18T18:10:40.498+0530] {dagbag.py:540} INFO - Filling up the DagBag from /home/tejasvi/Desktop/airflow_ssh_simulation/venv/lib/python3.10/site-packages/airflow/example_dags/example_nested_branch_dag.py
[2026-03-18T18:10:40.517+0530] {processor.py:840} INFO - DAG(s) 'example_nested_branch_dag' retrieved from /home/tejasvi/Desktop/airflow_ssh_simulation/venv/lib/python3.10/site-packages/airflow/example_dags/example_nested_branch_dag.py
[2026-03-18T18:10:40.543+0530] {logging_mixin.py:188} INFO - [2026-03-18T18:10:40.543+0530] {dag.py:3047} INFO - Sync 1 DAGs
[2026-03-18T18:10:40.566+0530] {logging_mixin.py:188} INFO - [2026-03-18T18:10:40.565+0530] {dag.py:3834} INFO - Setting next_dagrun for example_nested_branch_dag to 2026-03-17 00:00:00+00:00, run_after=2026-03-18 00:00:00+00:00
[2026-03-18T18:10:40.624+0530] {processor.py:183} INFO - Processing /home/tejasvi/Desktop/airflow_ssh_simulation/venv/lib/python3.10/site-packages/airflow/example_dags/example_nested_branch_dag.py took 0.207 seconds
[2026-03-18T18:11:45.617+0530] {processor.py:161} INFO - Started process (PID=19835) to work on /home/tejasvi/Desktop/airflow_ssh_simulation/venv/lib/python3.10/site-packages/airflow/example_dags/example_nested_branch_dag.py
[2026-03-18T18:11:45.708+0530] {processor.py:830} INFO - Processing file /home/tejasvi/Desktop/airflow_ssh_simulation/venv/lib/python3.10/site-packages/airflow/example_dags/example_nested_branch_dag.py for tasks to queue
[2026-03-18T18:11:45.713+0530] {logging_mixin.py:188} INFO - [2026-03-18T18:11:45.712+0530] {dagbag.py:540} INFO - Filling up the DagBag from /home/tejasvi/Desktop/airflow_ssh_simulation/venv/lib/python3.10/site-packages/airflow/example_dags/example_nested_branch_dag.py
[2026-03-18T18:11:45.744+0530] {processor.py:840} INFO - DAG(s) 'example_nested_branch_dag' retrieved from /home/tejasvi/Desktop/airflow_ssh_simulation/venv/lib/python3.10/site-packages/airflow/example_dags/example_nested_branch_dag.py
[2026-03-18T18:11:45.786+0530] {logging_mixin.py:188} INFO - [2026-03-18T18:11:45.785+0530] {dag.py:3047} INFO - Sync 1 DAGs
[2026-03-18T18:11:45.823+0530] {logging_mixin.py:188} INFO - [2026-03-18T18:11:45.822+0530] {dag.py:3834} INFO - Setting next_dagrun for example_nested_branch_dag to 2026-03-17 00:00:00+00:00, run_after=2026-03-18 00:00:00+00:00
[2026-03-18T18:11:45.999+0530] {processor.py:183} INFO - Processing /home/tejasvi/Desktop/airflow_ssh_simulation/venv/lib/python3.10/site-packages/airflow/example_dags/example_nested_branch_dag.py took 0.389 seconds
[2026-03-18T18:12:58.265+0530] {processor.py:161} INFO - Started process (PID=20009) to work on /home/tejasvi/Desktop/airflow_ssh_simulation/venv/lib/python3.10/site-packages/airflow/example_dags/example_nested_branch_dag.py
[2026-03-18T18:12:58.310+0530] {processor.py:830} INFO - Processing file /home/tejasvi/Desktop/airflow_ssh_simulation/venv/lib/python3.10/site-packages/airflow/example_dags/example_nested_branch_dag.py for tasks to queue
[2026-03-18T18:12:58.314+0530] {logging_mixin.py:188} INFO - [2026-03-18T18:12:58.313+0530] {dagbag.py:540} INFO - Filling up the DagBag from /home/tejasvi/Desktop/airflow_ssh_simulation/venv/lib/python3.10/site-packages/airflow/example_dags/example_nested_branch_dag.py
[2026-03-18T18:12:58.330+0530] {processor.py:840} INFO - DAG(s) 'example_nested_branch_dag' retrieved from /home/tejasvi/Desktop/airflow_ssh_simulation/venv/lib/python3.10/site-packages/airflow/example_dags/example_nested_branch_dag.py
[2026-03-18T18:12:58.349+0530] {logging_mixin.py:188} INFO - [2026-03-18T18:12:58.348+0530] {dag.py:3047} INFO - Sync 1 DAGs
[2026-03-18T18:12:58.373+0530] {logging_mixin.py:188} INFO - [2026-03-18T18:12:58.373+0530] {dag.py:3834} INFO - Setting next_dagrun for example_nested_branch_dag to 2026-03-17 00:00:00+00:00, run_after=2026-03-18 00:00:00+00:00
[2026-03-18T18:12:58.502+0530] {processor.py:183} INFO - Processing /home/tejasvi/Desktop/airflow_ssh_simulation/venv/lib/python3.10/site-packages/airflow/example_dags/example_nested_branch_dag.py took 0.243 seconds
[2026-03-18T18:14:10.962+0530] {processor.py:161} INFO - Started process (PID=20174) to work on /home/tejasvi/Desktop/airflow_ssh_simulation/venv/lib/python3.10/site-packages/airflow/example_dags/example_nested_branch_dag.py
[2026-03-18T18:14:11.061+0530] {processor.py:830} INFO - Processing file /home/tejasvi/Desktop/airflow_ssh_simulation/venv/lib/python3.10/site-packages/airflow/example_dags/example_nested_branch_dag.py for tasks to queue
[2026-03-18T18:14:11.065+0530] {logging_mixin.py:188} INFO - [2026-03-18T18:14:11.065+0530] {dagbag.py:540} INFO - Filling up the DagBag from /home/tejasvi/Desktop/airflow_ssh_simulation/venv/lib/python3.10/site-packages/airflow/example_dags/example_nested_branch_dag.py
[2026-03-18T18:14:11.082+0530] {processor.py:840} INFO - DAG(s) 'example_nested_branch_dag' retrieved from /home/tejasvi/Desktop/airflow_ssh_simulation/venv/lib/python3.10/site-packages/airflow/example_dags/example_nested_branch_dag.py
[2026-03-18T18:14:11.102+0530] {logging_mixin.py:188} INFO - [2026-03-18T18:14:11.101+0530] {dag.py:3047} INFO - Sync 1 DAGs
[2026-03-18T18:14:11.127+0530] {logging_mixin.py:188} INFO - [2026-03-18T18:14:11.127+0530] {dag.py:3834} INFO - Setting next_dagrun for example_nested_branch_dag to 2026-03-17 00:00:00+00:00, run_after=2026-03-18 00:00:00+00:00
[2026-03-18T18:14:11.247+0530] {processor.py:183} INFO - Processing /home/tejasvi/Desktop/airflow_ssh_simulation/venv/lib/python3.10/site-packages/airflow/example_dags/example_nested_branch_dag.py took 0.295 seconds
[2026-03-18T18:15:34.129+0530] {processor.py:161} INFO - Started process (PID=20368) to work on /home/tejasvi/Desktop/airflow_ssh_simulation/venv/lib/python3.10/site-packages/airflow/example_dags/example_nested_branch_dag.py
[2026-03-18T18:15:34.148+0530] {processor.py:830} INFO - Processing file /home/tejasvi/Desktop/airflow_ssh_simulation/venv/lib/python3.10/site-packages/airflow/example_dags/example_nested_branch_dag.py for tasks to queue
[2026-03-18T18:15:34.154+0530] {logging_mixin.py:188} INFO - [2026-03-18T18:15:34.153+0530] {dagbag.py:540} INFO - Filling up the DagBag from /home/tejasvi/Desktop/airflow_ssh_simulation/venv/lib/python3.10/site-packages/airflow/example_dags/example_nested_branch_dag.py
[2026-03-18T18:15:34.171+0530] {processor.py:840} INFO - DAG(s) 'example_nested_branch_dag' retrieved from /home/tejasvi/Desktop/airflow_ssh_simulation/venv/lib/python3.10/site-packages/airflow/example_dags/example_nested_branch_dag.py
[2026-03-18T18:15:34.192+0530] {logging_mixin.py:188} INFO - [2026-03-18T18:15:34.191+0530] {dag.py:3047} INFO - Sync 1 DAGs
[2026-03-18T18:15:34.216+0530] {logging_mixin.py:188} INFO - [2026-03-18T18:15:34.216+0530] {dag.py:3834} INFO - Setting next_dagrun for example_nested_branch_dag to 2026-03-17 00:00:00+00:00, run_after=2026-03-18 00:00:00+00:00
[2026-03-18T18:15:34.297+0530] {processor.py:183} INFO - Processing /home/tejasvi/Desktop/airflow_ssh_simulation/venv/lib/python3.10/site-packages/airflow/example_dags/example_nested_branch_dag.py took 0.175 seconds
[2026-03-18T18:16:37.039+0530] {processor.py:161} INFO - Started process (PID=20561) to work on /home/tejasvi/Desktop/airflow_ssh_simulation/venv/lib/python3.10/site-packages/airflow/example_dags/example_nested_branch_dag.py
[2026-03-18T18:16:37.041+0530] {processor.py:830} INFO - Processing file /home/tejasvi/Desktop/airflow_ssh_simulation/venv/lib/python3.10/site-packages/airflow/example_dags/example_nested_branch_dag.py for tasks to queue
[2026-03-18T18:16:37.046+0530] {logging_mixin.py:188} INFO - [2026-03-18T18:16:37.045+0530] {dagbag.py:540} INFO - Filling up the DagBag from /home/tejasvi/Desktop/airflow_ssh_simulation/venv/lib/python3.10/site-packages/airflow/example_dags/example_nested_branch_dag.py
[2026-03-18T18:16:37.059+0530] {processor.py:840} INFO - DAG(s) 'example_nested_branch_dag' retrieved from /home/tejasvi/Desktop/airflow_ssh_simulation/venv/lib/python3.10/site-packages/airflow/example_dags/example_nested_branch_dag.py
[2026-03-18T18:16:37.079+0530] {logging_mixin.py:188} INFO - [2026-03-18T18:16:37.079+0530] {dag.py:3047} INFO - Sync 1 DAGs
[2026-03-18T18:16:37.105+0530] {logging_mixin.py:188} INFO - [2026-03-18T18:16:37.105+0530] {dag.py:3834} INFO - Setting next_dagrun for example_nested_branch_dag to 2026-03-17 00:00:00+00:00, run_after=2026-03-18 00:00:00+00:00
[2026-03-18T18:16:37.197+0530] {processor.py:183} INFO - Processing /home/tejasvi/Desktop/airflow_ssh_simulation/venv/lib/python3.10/site-packages/airflow/example_dags/example_nested_branch_dag.py took 0.167 seconds
[2026-03-18T18:17:55.124+0530] {processor.py:161} INFO - Started process (PID=21602) to work on /home/tejasvi/Desktop/airflow_ssh_simulation/venv/lib/python3.10/site-packages/airflow/example_dags/example_nested_branch_dag.py
[2026-03-18T18:17:55.193+0530] {processor.py:830} INFO - Processing file /home/tejasvi/Desktop/airflow_ssh_simulation/venv/lib/python3.10/site-packages/airflow/example_dags/example_nested_branch_dag.py for tasks to queue
[2026-03-18T18:17:55.198+0530] {logging_mixin.py:188} INFO - [2026-03-18T18:17:55.197+0530] {dagbag.py:540} INFO - Filling up the DagBag from /home/tejasvi/Desktop/airflow_ssh_simulation/venv/lib/python3.10/site-packages/airflow/example_dags/example_nested_branch_dag.py
[2026-03-18T18:17:55.213+0530] {processor.py:840} INFO - DAG(s) 'example_nested_branch_dag' retrieved from /home/tejasvi/Desktop/airflow_ssh_simulation/venv/lib/python3.10/site-packages/airflow/example_dags/example_nested_branch_dag.py
[2026-03-18T18:17:55.235+0530] {logging_mixin.py:188} INFO - [2026-03-18T18:17:55.235+0530] {dag.py:3047} INFO - Sync 1 DAGs
[2026-03-18T18:17:55.263+0530] {logging_mixin.py:188} INFO - [2026-03-18T18:17:55.263+0530] {dag.py:3834} INFO - Setting next_dagrun for example_nested_branch_dag to 2026-03-17 00:00:00+00:00, run_after=2026-03-18 00:00:00+00:00
[2026-03-18T18:17:55.326+0530] {processor.py:183} INFO - Processing /home/tejasvi/Desktop/airflow_ssh_simulation/venv/lib/python3.10/site-packages/airflow/example_dags/example_nested_branch_dag.py took 0.207 seconds
[2026-03-18T18:18:58.749+0530] {processor.py:161} INFO - Started process (PID=22106) to work on /home/tejasvi/Desktop/airflow_ssh_simulation/venv/lib/python3.10/site-packages/airflow/example_dags/example_nested_branch_dag.py
[2026-03-18T18:18:58.757+0530] {processor.py:830} INFO - Processing file /home/tejasvi/Desktop/airflow_ssh_simulation/venv/lib/python3.10/site-packages/airflow/example_dags/example_nested_branch_dag.py for tasks to queue
[2026-03-18T18:18:58.760+0530] {logging_mixin.py:188} INFO - [2026-03-18T18:18:58.760+0530] {dagbag.py:540} INFO - Filling up the DagBag from /home/tejasvi/Desktop/airflow_ssh_simulation/venv/lib/python3.10/site-packages/airflow/example_dags/example_nested_branch_dag.py
[2026-03-18T18:18:58.777+0530] {processor.py:840} INFO - DAG(s) 'example_nested_branch_dag' retrieved from /home/tejasvi/Desktop/airflow_ssh_simulation/venv/lib/python3.10/site-packages/airflow/example_dags/example_nested_branch_dag.py
[2026-03-18T18:18:58.797+0530] {logging_mixin.py:188} INFO - [2026-03-18T18:18:58.796+0530] {dag.py:3047} INFO - Sync 1 DAGs
[2026-03-18T18:18:58.820+0530] {logging_mixin.py:188} INFO - [2026-03-18T18:18:58.820+0530] {dag.py:3834} INFO - Setting next_dagrun for example_nested_branch_dag to 2026-03-17 00:00:00+00:00, run_after=2026-03-18 00:00:00+00:00
[2026-03-18T18:18:58.904+0530] {processor.py:183} INFO - Processing /home/tejasvi/Desktop/airflow_ssh_simulation/venv/lib/python3.10/site-packages/airflow/example_dags/example_nested_branch_dag.py took 0.160 seconds
[2026-03-18T18:20:17.162+0530] {processor.py:161} INFO - Started process (PID=22311) to work on /home/tejasvi/Desktop/airflow_ssh_simulation/venv/lib/python3.10/site-packages/airflow/example_dags/example_nested_branch_dag.py
[2026-03-18T18:20:17.238+0530] {processor.py:830} INFO - Processing file /home/tejasvi/Desktop/airflow_ssh_simulation/venv/lib/python3.10/site-packages/airflow/example_dags/example_nested_branch_dag.py for tasks to queue
[2026-03-18T18:20:17.244+0530] {logging_mixin.py:188} INFO - [2026-03-18T18:20:17.243+0530] {dagbag.py:540} INFO - Filling up the DagBag from /home/tejasvi/Desktop/airflow_ssh_simulation/venv/lib/python3.10/site-packages/airflow/example_dags/example_nested_branch_dag.py
[2026-03-18T18:20:17.261+0530] {processor.py:840} INFO - DAG(s) 'example_nested_branch_dag' retrieved from /home/tejasvi/Desktop/airflow_ssh_simulation/venv/lib/python3.10/site-packages/airflow/example_dags/example_nested_branch_dag.py
[2026-03-18T18:20:17.280+0530] {logging_mixin.py:188} INFO - [2026-03-18T18:20:17.280+0530] {dag.py:3047} INFO - Sync 1 DAGs
[2026-03-18T18:20:17.307+0530] {logging_mixin.py:188} INFO - [2026-03-18T18:20:17.307+0530] {dag.py:3834} INFO - Setting next_dagrun for example_nested_branch_dag to 2026-03-17 00:00:00+00:00, run_after=2026-03-18 00:00:00+00:00
[2026-03-18T18:20:17.383+0530] {processor.py:183} INFO - Processing /home/tejasvi/Desktop/airflow_ssh_simulation/venv/lib/python3.10/site-packages/airflow/example_dags/example_nested_branch_dag.py took 0.231 seconds
[2026-03-18T18:21:23.419+0530] {processor.py:161} INFO - Started process (PID=22523) to work on /home/tejasvi/Desktop/airflow_ssh_simulation/venv/lib/python3.10/site-packages/airflow/example_dags/example_nested_branch_dag.py
[2026-03-18T18:21:23.424+0530] {processor.py:830} INFO - Processing file /home/tejasvi/Desktop/airflow_ssh_simulation/venv/lib/python3.10/site-packages/airflow/example_dags/example_nested_branch_dag.py for tasks to queue
[2026-03-18T18:21:23.427+0530] {logging_mixin.py:188} INFO - [2026-03-18T18:21:23.426+0530] {dagbag.py:540} INFO - Filling up the DagBag from /home/tejasvi/Desktop/airflow_ssh_simulation/venv/lib/python3.10/site-packages/airflow/example_dags/example_nested_branch_dag.py
[2026-03-18T18:21:23.440+0530] {processor.py:840} INFO - DAG(s) 'example_nested_branch_dag' retrieved from /home/tejasvi/Desktop/airflow_ssh_simulation/venv/lib/python3.10/site-packages/airflow/example_dags/example_nested_branch_dag.py
[2026-03-18T18:21:23.459+0530] {logging_mixin.py:188} INFO - [2026-03-18T18:21:23.458+0530] {dag.py:3047} INFO - Sync 1 DAGs
[2026-03-18T18:21:23.481+0530] {logging_mixin.py:188} INFO - [2026-03-18T18:21:23.481+0530] {dag.py:3834} INFO - Setting next_dagrun for example_nested_branch_dag to 2026-03-17 00:00:00+00:00, run_after=2026-03-18 00:00:00+00:00
[2026-03-18T18:21:23.578+0530] {processor.py:183} INFO - Processing /home/tejasvi/Desktop/airflow_ssh_simulation/venv/lib/python3.10/site-packages/airflow/example_dags/example_nested_branch_dag.py took 0.168 seconds
[2026-03-18T18:22:26.962+0530] {processor.py:161} INFO - Started process (PID=22692) to work on /home/tejasvi/Desktop/airflow_ssh_simulation/venv/lib/python3.10/site-packages/airflow/example_dags/example_nested_branch_dag.py
[2026-03-18T18:22:27.022+0530] {processor.py:830} INFO - Processing file /home/tejasvi/Desktop/airflow_ssh_simulation/venv/lib/python3.10/site-packages/airflow/example_dags/example_nested_branch_dag.py for tasks to queue
[2026-03-18T18:22:27.026+0530] {logging_mixin.py:188} INFO - [2026-03-18T18:22:27.025+0530] {dagbag.py:540} INFO - Filling up the DagBag from /home/tejasvi/Desktop/airflow_ssh_simulation/venv/lib/python3.10/site-packages/airflow/example_dags/example_nested_branch_dag.py
[2026-03-18T18:22:27.044+0530] {processor.py:840} INFO - DAG(s) 'example_nested_branch_dag' retrieved from /home/tejasvi/Desktop/airflow_ssh_simulation/venv/lib/python3.10/site-packages/airflow/example_dags/example_nested_branch_dag.py
[2026-03-18T18:22:27.066+0530] {logging_mixin.py:188} INFO - [2026-03-18T18:22:27.066+0530] {dag.py:3047} INFO - Sync 1 DAGs
[2026-03-18T18:22:27.092+0530] {logging_mixin.py:188} INFO - [2026-03-18T18:22:27.091+0530] {dag.py:3834} INFO - Setting next_dagrun for example_nested_branch_dag to 2026-03-17 00:00:00+00:00, run_after=2026-03-18 00:00:00+00:00
[2026-03-18T18:22:27.263+0530] {processor.py:183} INFO - Processing /home/tejasvi/Desktop/airflow_ssh_simulation/venv/lib/python3.10/site-packages/airflow/example_dags/example_nested_branch_dag.py took 0.309 seconds
[2026-03-18T18:23:38.821+0530] {processor.py:161} INFO - Started process (PID=22868) to work on /home/tejasvi/Desktop/airflow_ssh_simulation/venv/lib/python3.10/site-packages/airflow/example_dags/example_nested_branch_dag.py
[2026-03-18T18:23:38.847+0530] {processor.py:830} INFO - Processing file /home/tejasvi/Desktop/airflow_ssh_simulation/venv/lib/python3.10/site-packages/airflow/example_dags/example_nested_branch_dag.py for tasks to queue
[2026-03-18T18:23:38.853+0530] {logging_mixin.py:188} INFO - [2026-03-18T18:23:38.852+0530] {dagbag.py:540} INFO - Filling up the DagBag from /home/tejasvi/Desktop/airflow_ssh_simulation/venv/lib/python3.10/site-packages/airflow/example_dags/example_nested_branch_dag.py
[2026-03-18T18:23:38.881+0530] {processor.py:840} INFO - DAG(s) 'example_nested_branch_dag' retrieved from /home/tejasvi/Desktop/airflow_ssh_simulation/venv/lib/python3.10/site-packages/airflow/example_dags/example_nested_branch_dag.py
[2026-03-18T18:23:38.902+0530] {logging_mixin.py:188} INFO - [2026-03-18T18:23:38.902+0530] {dag.py:3047} INFO - Sync 1 DAGs
[2026-03-18T18:23:38.927+0530] {logging_mixin.py:188} INFO - [2026-03-18T18:23:38.927+0530] {dag.py:3834} INFO - Setting next_dagrun for example_nested_branch_dag to 2026-03-17 00:00:00+00:00, run_after=2026-03-18 00:00:00+00:00
[2026-03-18T18:23:38.984+0530] {processor.py:183} INFO - Processing /home/tejasvi/Desktop/airflow_ssh_simulation/venv/lib/python3.10/site-packages/airflow/example_dags/example_nested_branch_dag.py took 0.166 seconds
[2026-03-18T18:24:45.491+0530] {processor.py:161} INFO - Started process (PID=23035) to work on /home/tejasvi/Desktop/airflow_ssh_simulation/venv/lib/python3.10/site-packages/airflow/example_dags/example_nested_branch_dag.py
[2026-03-18T18:24:45.512+0530] {processor.py:830} INFO - Processing file /home/tejasvi/Desktop/airflow_ssh_simulation/venv/lib/python3.10/site-packages/airflow/example_dags/example_nested_branch_dag.py for tasks to queue
[2026-03-18T18:24:45.517+0530] {logging_mixin.py:188} INFO - [2026-03-18T18:24:45.515+0530] {dagbag.py:540} INFO - Filling up the DagBag from /home/tejasvi/Desktop/airflow_ssh_simulation/venv/lib/python3.10/site-packages/airflow/example_dags/example_nested_branch_dag.py
[2026-03-18T18:24:45.535+0530] {processor.py:840} INFO - DAG(s) 'example_nested_branch_dag' retrieved from /home/tejasvi/Desktop/airflow_ssh_simulation/venv/lib/python3.10/site-packages/airflow/example_dags/example_nested_branch_dag.py
[2026-03-18T18:24:45.555+0530] {logging_mixin.py:188} INFO - [2026-03-18T18:24:45.554+0530] {dag.py:3047} INFO - Sync 1 DAGs
[2026-03-18T18:24:45.577+0530] {logging_mixin.py:188} INFO - [2026-03-18T18:24:45.577+0530] {dag.py:3834} INFO - Setting next_dagrun for example_nested_branch_dag to 2026-03-17 00:00:00+00:00, run_after=2026-03-18 00:00:00+00:00
[2026-03-18T18:24:45.640+0530] {processor.py:183} INFO - Processing /home/tejasvi/Desktop/airflow_ssh_simulation/venv/lib/python3.10/site-packages/airflow/example_dags/example_nested_branch_dag.py took 0.155 seconds
[2026-03-18T18:25:43.320+0530] {processor.py:161} INFO - Started process (PID=23186) to work on /home/tejasvi/Desktop/airflow_ssh_simulation/venv/lib/python3.10/site-packages/airflow/example_dags/example_nested_branch_dag.py
[2026-03-18T18:25:43.322+0530] {processor.py:830} INFO - Processing file /home/tejasvi/Desktop/airflow_ssh_simulation/venv/lib/python3.10/site-packages/airflow/example_dags/example_nested_branch_dag.py for tasks to queue
[2026-03-18T18:25:43.324+0530] {logging_mixin.py:188} INFO - [2026-03-18T18:25:43.324+0530] {dagbag.py:540} INFO - Filling up the DagBag from /home/tejasvi/Desktop/airflow_ssh_simulation/venv/lib/python3.10/site-packages/airflow/example_dags/example_nested_branch_dag.py
[2026-03-18T18:25:43.337+0530] {processor.py:840} INFO - DAG(s) 'example_nested_branch_dag' retrieved from /home/tejasvi/Desktop/airflow_ssh_simulation/venv/lib/python3.10/site-packages/airflow/example_dags/example_nested_branch_dag.py
[2026-03-18T18:25:43.356+0530] {logging_mixin.py:188} INFO - [2026-03-18T18:25:43.356+0530] {dag.py:3047} INFO - Sync 1 DAGs
[2026-03-18T18:25:43.380+0530] {logging_mixin.py:188} INFO - [2026-03-18T18:25:43.379+0530] {dag.py:3834} INFO - Setting next_dagrun for example_nested_branch_dag to 2026-03-17 00:00:00+00:00, run_after=2026-03-18 00:00:00+00:00
[2026-03-18T18:25:43.440+0530] {processor.py:183} INFO - Processing /home/tejasvi/Desktop/airflow_ssh_simulation/venv/lib/python3.10/site-packages/airflow/example_dags/example_nested_branch_dag.py took 0.126 seconds
[2026-03-18T18:26:40.364+0530] {processor.py:161} INFO - Started process (PID=23378) to work on /home/tejasvi/Desktop/airflow_ssh_simulation/venv/lib/python3.10/site-packages/airflow/example_dags/example_nested_branch_dag.py
[2026-03-18T18:26:40.436+0530] {processor.py:830} INFO - Processing file /home/tejasvi/Desktop/airflow_ssh_simulation/venv/lib/python3.10/site-packages/airflow/example_dags/example_nested_branch_dag.py for tasks to queue
[2026-03-18T18:26:40.440+0530] {logging_mixin.py:188} INFO - [2026-03-18T18:26:40.439+0530] {dagbag.py:540} INFO - Filling up the DagBag from /home/tejasvi/Desktop/airflow_ssh_simulation/venv/lib/python3.10/site-packages/airflow/example_dags/example_nested_branch_dag.py
[2026-03-18T18:26:40.458+0530] {processor.py:840} INFO - DAG(s) 'example_nested_branch_dag' retrieved from /home/tejasvi/Desktop/airflow_ssh_simulation/venv/lib/python3.10/site-packages/airflow/example_dags/example_nested_branch_dag.py
[2026-03-18T18:26:40.481+0530] {logging_mixin.py:188} INFO - [2026-03-18T18:26:40.480+0530] {dag.py:3047} INFO - Sync 1 DAGs
[2026-03-18T18:26:40.508+0530] {logging_mixin.py:188} INFO - [2026-03-18T18:26:40.508+0530] {dag.py:3834} INFO - Setting next_dagrun for example_nested_branch_dag to 2026-03-17 00:00:00+00:00, run_after=2026-03-18 00:00:00+00:00
[2026-03-18T18:26:40.558+0530] {processor.py:183} INFO - Processing /home/tejasvi/Desktop/airflow_ssh_simulation/venv/lib/python3.10/site-packages/airflow/example_dags/example_nested_branch_dag.py took 0.199 seconds
[2026-03-18T18:27:38.677+0530] {processor.py:161} INFO - Started process (PID=23555) to work on /home/tejasvi/Desktop/airflow_ssh_simulation/venv/lib/python3.10/site-packages/airflow/example_dags/example_nested_branch_dag.py
[2026-03-18T18:27:38.681+0530] {processor.py:830} INFO - Processing file /home/tejasvi/Desktop/airflow_ssh_simulation/venv/lib/python3.10/site-packages/airflow/example_dags/example_nested_branch_dag.py for tasks to queue
[2026-03-18T18:27:38.685+0530] {logging_mixin.py:188} INFO - [2026-03-18T18:27:38.684+0530] {dagbag.py:540} INFO - Filling up the DagBag from /home/tejasvi/Desktop/airflow_ssh_simulation/venv/lib/python3.10/site-packages/airflow/example_dags/example_nested_branch_dag.py
[2026-03-18T18:27:38.701+0530] {processor.py:840} INFO - DAG(s) 'example_nested_branch_dag' retrieved from /home/tejasvi/Desktop/airflow_ssh_simulation/venv/lib/python3.10/site-packages/airflow/example_dags/example_nested_branch_dag.py
[2026-03-18T18:27:38.724+0530] {logging_mixin.py:188} INFO - [2026-03-18T18:27:38.723+0530] {dag.py:3047} INFO - Sync 1 DAGs
[2026-03-18T18:27:38.752+0530] {logging_mixin.py:188} INFO - [2026-03-18T18:27:38.751+0530] {dag.py:3834} INFO - Setting next_dagrun for example_nested_branch_dag to 2026-03-17 00:00:00+00:00, run_after=2026-03-18 00:00:00+00:00
[2026-03-18T18:27:38.833+0530] {processor.py:183} INFO - Processing /home/tejasvi/Desktop/airflow_ssh_simulation/venv/lib/python3.10/site-packages/airflow/example_dags/example_nested_branch_dag.py took 0.161 seconds
[2026-03-18T18:28:55.283+0530] {processor.py:161} INFO - Started process (PID=23760) to work on /home/tejasvi/Desktop/airflow_ssh_simulation/venv/lib/python3.10/site-packages/airflow/example_dags/example_nested_branch_dag.py
[2026-03-18T18:28:55.385+0530] {processor.py:830} INFO - Processing file /home/tejasvi/Desktop/airflow_ssh_simulation/venv/lib/python3.10/site-packages/airflow/example_dags/example_nested_branch_dag.py for tasks to queue
[2026-03-18T18:28:55.391+0530] {logging_mixin.py:188} INFO - [2026-03-18T18:28:55.390+0530] {dagbag.py:540} INFO - Filling up the DagBag from /home/tejasvi/Desktop/airflow_ssh_simulation/venv/lib/python3.10/site-packages/airflow/example_dags/example_nested_branch_dag.py
[2026-03-18T18:28:55.423+0530] {processor.py:840} INFO - DAG(s) 'example_nested_branch_dag' retrieved from /home/tejasvi/Desktop/airflow_ssh_simulation/venv/lib/python3.10/site-packages/airflow/example_dags/example_nested_branch_dag.py
[2026-03-18T18:28:55.447+0530] {logging_mixin.py:188} INFO - [2026-03-18T18:28:55.447+0530] {dag.py:3047} INFO - Sync 1 DAGs
[2026-03-18T18:28:55.471+0530] {logging_mixin.py:188} INFO - [2026-03-18T18:28:55.471+0530] {dag.py:3834} INFO - Setting next_dagrun for example_nested_branch_dag to 2026-03-17 00:00:00+00:00, run_after=2026-03-18 00:00:00+00:00
[2026-03-18T18:28:55.577+0530] {processor.py:183} INFO - Processing /home/tejasvi/Desktop/airflow_ssh_simulation/venv/lib/python3.10/site-packages/airflow/example_dags/example_nested_branch_dag.py took 0.303 seconds
[2026-03-18T18:30:14.240+0530] {processor.py:161} INFO - Started process (PID=23946) to work on /home/tejasvi/Desktop/airflow_ssh_simulation/venv/lib/python3.10/site-packages/airflow/example_dags/example_nested_branch_dag.py
[2026-03-18T18:30:14.307+0530] {processor.py:830} INFO - Processing file /home/tejasvi/Desktop/airflow_ssh_simulation/venv/lib/python3.10/site-packages/airflow/example_dags/example_nested_branch_dag.py for tasks to queue
[2026-03-18T18:30:14.310+0530] {logging_mixin.py:188} INFO - [2026-03-18T18:30:14.310+0530] {dagbag.py:540} INFO - Filling up the DagBag from /home/tejasvi/Desktop/airflow_ssh_simulation/venv/lib/python3.10/site-packages/airflow/example_dags/example_nested_branch_dag.py
[2026-03-18T18:30:14.324+0530] {processor.py:840} INFO - DAG(s) 'example_nested_branch_dag' retrieved from /home/tejasvi/Desktop/airflow_ssh_simulation/venv/lib/python3.10/site-packages/airflow/example_dags/example_nested_branch_dag.py
[2026-03-18T18:30:14.344+0530] {logging_mixin.py:188} INFO - [2026-03-18T18:30:14.344+0530] {dag.py:3047} INFO - Sync 1 DAGs
[2026-03-18T18:30:14.365+0530] {logging_mixin.py:188} INFO - [2026-03-18T18:30:14.365+0530] {dag.py:3834} INFO - Setting next_dagrun for example_nested_branch_dag to 2026-03-17 00:00:00+00:00, run_after=2026-03-18 00:00:00+00:00
[2026-03-18T18:30:14.486+0530] {processor.py:183} INFO - Processing /home/tejasvi/Desktop/airflow_ssh_simulation/venv/lib/python3.10/site-packages/airflow/example_dags/example_nested_branch_dag.py took 0.253 seconds
[2026-03-18T18:31:30.748+0530] {processor.py:161} INFO - Started process (PID=24209) to work on /home/tejasvi/Desktop/airflow_ssh_simulation/venv/lib/python3.10/site-packages/airflow/example_dags/example_nested_branch_dag.py
[2026-03-18T18:31:31.230+0530] {processor.py:830} INFO - Processing file /home/tejasvi/Desktop/airflow_ssh_simulation/venv/lib/python3.10/site-packages/airflow/example_dags/example_nested_branch_dag.py for tasks to queue
[2026-03-18T18:31:31.234+0530] {logging_mixin.py:188} INFO - [2026-03-18T18:31:31.233+0530] {dagbag.py:540} INFO - Filling up the DagBag from /home/tejasvi/Desktop/airflow_ssh_simulation/venv/lib/python3.10/site-packages/airflow/example_dags/example_nested_branch_dag.py
[2026-03-18T18:31:31.247+0530] {processor.py:840} INFO - DAG(s) 'example_nested_branch_dag' retrieved from /home/tejasvi/Desktop/airflow_ssh_simulation/venv/lib/python3.10/site-packages/airflow/example_dags/example_nested_branch_dag.py
[2026-03-18T18:31:31.265+0530] {logging_mixin.py:188} INFO - [2026-03-18T18:31:31.264+0530] {dag.py:3047} INFO - Sync 1 DAGs
[2026-03-18T18:31:31.286+0530] {logging_mixin.py:188} INFO - [2026-03-18T18:31:31.286+0530] {dag.py:3834} INFO - Setting next_dagrun for example_nested_branch_dag to 2026-03-17 00:00:00+00:00, run_after=2026-03-18 00:00:00+00:00
[2026-03-18T18:31:31.548+0530] {processor.py:183} INFO - Processing /home/tejasvi/Desktop/airflow_ssh_simulation/venv/lib/python3.10/site-packages/airflow/example_dags/example_nested_branch_dag.py took 0.808 seconds
[2026-03-18T18:32:35.828+0530] {processor.py:161} INFO - Started process (PID=24524) to work on /home/tejasvi/Desktop/airflow_ssh_simulation/venv/lib/python3.10/site-packages/airflow/example_dags/example_nested_branch_dag.py
[2026-03-18T18:32:35.922+0530] {processor.py:830} INFO - Processing file /home/tejasvi/Desktop/airflow_ssh_simulation/venv/lib/python3.10/site-packages/airflow/example_dags/example_nested_branch_dag.py for tasks to queue
[2026-03-18T18:32:35.927+0530] {logging_mixin.py:188} INFO - [2026-03-18T18:32:35.926+0530] {dagbag.py:540} INFO - Filling up the DagBag from /home/tejasvi/Desktop/airflow_ssh_simulation/venv/lib/python3.10/site-packages/airflow/example_dags/example_nested_branch_dag.py
[2026-03-18T18:32:35.944+0530] {processor.py:840} INFO - DAG(s) 'example_nested_branch_dag' retrieved from /home/tejasvi/Desktop/airflow_ssh_simulation/venv/lib/python3.10/site-packages/airflow/example_dags/example_nested_branch_dag.py
[2026-03-18T18:32:35.975+0530] {logging_mixin.py:188} INFO - [2026-03-18T18:32:35.975+0530] {dag.py:3047} INFO - Sync 1 DAGs
[2026-03-18T18:32:35.997+0530] {logging_mixin.py:188} INFO - [2026-03-18T18:32:35.996+0530] {dag.py:3834} INFO - Setting next_dagrun for example_nested_branch_dag to 2026-03-17 00:00:00+00:00, run_after=2026-03-18 00:00:00+00:00
[2026-03-18T18:32:36.069+0530] {processor.py:183} INFO - Processing /home/tejasvi/Desktop/airflow_ssh_simulation/venv/lib/python3.10/site-packages/airflow/example_dags/example_nested_branch_dag.py took 0.246 seconds
[2026-03-18T18:33:36.597+0530] {processor.py:161} INFO - Started process (PID=24685) to work on /home/tejasvi/Desktop/airflow_ssh_simulation/venv/lib/python3.10/site-packages/airflow/example_dags/example_nested_branch_dag.py
[2026-03-18T18:33:36.602+0530] {processor.py:830} INFO - Processing file /home/tejasvi/Desktop/airflow_ssh_simulation/venv/lib/python3.10/site-packages/airflow/example_dags/example_nested_branch_dag.py for tasks to queue
[2026-03-18T18:33:36.605+0530] {logging_mixin.py:188} INFO - [2026-03-18T18:33:36.605+0530] {dagbag.py:540} INFO - Filling up the DagBag from /home/tejasvi/Desktop/airflow_ssh_simulation/venv/lib/python3.10/site-packages/airflow/example_dags/example_nested_branch_dag.py
[2026-03-18T18:33:36.617+0530] {processor.py:840} INFO - DAG(s) 'example_nested_branch_dag' retrieved from /home/tejasvi/Desktop/airflow_ssh_simulation/venv/lib/python3.10/site-packages/airflow/example_dags/example_nested_branch_dag.py
[2026-03-18T18:33:36.635+0530] {logging_mixin.py:188} INFO - [2026-03-18T18:33:36.634+0530] {dag.py:3047} INFO - Sync 1 DAGs
[2026-03-18T18:33:36.655+0530] {logging_mixin.py:188} INFO - [2026-03-18T18:33:36.655+0530] {dag.py:3834} INFO - Setting next_dagrun for example_nested_branch_dag to 2026-03-17 00:00:00+00:00, run_after=2026-03-18 00:00:00+00:00
[2026-03-18T18:33:36.756+0530] {processor.py:183} INFO - Processing /home/tejasvi/Desktop/airflow_ssh_simulation/venv/lib/python3.10/site-packages/airflow/example_dags/example_nested_branch_dag.py took 0.168 seconds
[2026-03-18T18:34:40.007+0530] {processor.py:161} INFO - Started process (PID=24855) to work on /home/tejasvi/Desktop/airflow_ssh_simulation/venv/lib/python3.10/site-packages/airflow/example_dags/example_nested_branch_dag.py
[2026-03-18T18:34:40.059+0530] {processor.py:830} INFO - Processing file /home/tejasvi/Desktop/airflow_ssh_simulation/venv/lib/python3.10/site-packages/airflow/example_dags/example_nested_branch_dag.py for tasks to queue
[2026-03-18T18:34:40.063+0530] {logging_mixin.py:188} INFO - [2026-03-18T18:34:40.062+0530] {dagbag.py:540} INFO - Filling up the DagBag from /home/tejasvi/Desktop/airflow_ssh_simulation/venv/lib/python3.10/site-packages/airflow/example_dags/example_nested_branch_dag.py
[2026-03-18T18:34:40.076+0530] {processor.py:840} INFO - DAG(s) 'example_nested_branch_dag' retrieved from /home/tejasvi/Desktop/airflow_ssh_simulation/venv/lib/python3.10/site-packages/airflow/example_dags/example_nested_branch_dag.py
[2026-03-18T18:34:40.094+0530] {logging_mixin.py:188} INFO - [2026-03-18T18:34:40.094+0530] {dag.py:3047} INFO - Sync 1 DAGs
[2026-03-18T18:34:40.115+0530] {logging_mixin.py:188} INFO - [2026-03-18T18:34:40.115+0530] {dag.py:3834} INFO - Setting next_dagrun for example_nested_branch_dag to 2026-03-17 00:00:00+00:00, run_after=2026-03-18 00:00:00+00:00
[2026-03-18T18:34:40.201+0530] {processor.py:183} INFO - Processing /home/tejasvi/Desktop/airflow_ssh_simulation/venv/lib/python3.10/site-packages/airflow/example_dags/example_nested_branch_dag.py took 0.202 seconds
[2026-03-18T18:35:41.528+0530] {processor.py:161} INFO - Started process (PID=25034) to work on /home/tejasvi/Desktop/airflow_ssh_simulation/venv/lib/python3.10/site-packages/airflow/example_dags/example_nested_branch_dag.py
[2026-03-18T18:35:41.595+0530] {processor.py:830} INFO - Processing file /home/tejasvi/Desktop/airflow_ssh_simulation/venv/lib/python3.10/site-packages/airflow/example_dags/example_nested_branch_dag.py for tasks to queue
[2026-03-18T18:35:41.598+0530] {logging_mixin.py:188} INFO - [2026-03-18T18:35:41.597+0530] {dagbag.py:540} INFO - Filling up the DagBag from /home/tejasvi/Desktop/airflow_ssh_simulation/venv/lib/python3.10/site-packages/airflow/example_dags/example_nested_branch_dag.py
[2026-03-18T18:35:41.611+0530] {processor.py:840} INFO - DAG(s) 'example_nested_branch_dag' retrieved from /home/tejasvi/Desktop/airflow_ssh_simulation/venv/lib/python3.10/site-packages/airflow/example_dags/example_nested_branch_dag.py
[2026-03-18T18:35:41.629+0530] {logging_mixin.py:188} INFO - [2026-03-18T18:35:41.628+0530] {dag.py:3047} INFO - Sync 1 DAGs
[2026-03-18T18:35:41.650+0530] {logging_mixin.py:188} INFO - [2026-03-18T18:35:41.650+0530] {dag.py:3834} INFO - Setting next_dagrun for example_nested_branch_dag to 2026-03-17 00:00:00+00:00, run_after=2026-03-18 00:00:00+00:00
[2026-03-18T18:35:41.733+0530] {processor.py:183} INFO - Processing /home/tejasvi/Desktop/airflow_ssh_simulation/venv/lib/python3.10/site-packages/airflow/example_dags/example_nested_branch_dag.py took 0.214 seconds
[2026-03-18T18:36:45.645+0530] {processor.py:161} INFO - Started process (PID=25233) to work on /home/tejasvi/Desktop/airflow_ssh_simulation/venv/lib/python3.10/site-packages/airflow/example_dags/example_nested_branch_dag.py
[2026-03-18T18:36:45.771+0530] {processor.py:830} INFO - Processing file /home/tejasvi/Desktop/airflow_ssh_simulation/venv/lib/python3.10/site-packages/airflow/example_dags/example_nested_branch_dag.py for tasks to queue
[2026-03-18T18:36:45.774+0530] {logging_mixin.py:188} INFO - [2026-03-18T18:36:45.774+0530] {dagbag.py:540} INFO - Filling up the DagBag from /home/tejasvi/Desktop/airflow_ssh_simulation/venv/lib/python3.10/site-packages/airflow/example_dags/example_nested_branch_dag.py
[2026-03-18T18:36:45.788+0530] {processor.py:840} INFO - DAG(s) 'example_nested_branch_dag' retrieved from /home/tejasvi/Desktop/airflow_ssh_simulation/venv/lib/python3.10/site-packages/airflow/example_dags/example_nested_branch_dag.py
[2026-03-18T18:36:45.806+0530] {logging_mixin.py:188} INFO - [2026-03-18T18:36:45.805+0530] {dag.py:3047} INFO - Sync 1 DAGs
[2026-03-18T18:36:45.827+0530] {logging_mixin.py:188} INFO - [2026-03-18T18:36:45.827+0530] {dag.py:3834} INFO - Setting next_dagrun for example_nested_branch_dag to 2026-03-17 00:00:00+00:00, run_after=2026-03-18 00:00:00+00:00
[2026-03-18T18:36:45.884+0530] {processor.py:183} INFO - Processing /home/tejasvi/Desktop/airflow_ssh_simulation/venv/lib/python3.10/site-packages/airflow/example_dags/example_nested_branch_dag.py took 0.246 seconds
[2026-03-18T18:38:03.027+0530] {processor.py:161} INFO - Started process (PID=25428) to work on /home/tejasvi/Desktop/airflow_ssh_simulation/venv/lib/python3.10/site-packages/airflow/example_dags/example_nested_branch_dag.py
[2026-03-18T18:38:03.029+0530] {processor.py:830} INFO - Processing file /home/tejasvi/Desktop/airflow_ssh_simulation/venv/lib/python3.10/site-packages/airflow/example_dags/example_nested_branch_dag.py for tasks to queue
[2026-03-18T18:38:03.031+0530] {logging_mixin.py:188} INFO - [2026-03-18T18:38:03.031+0530] {dagbag.py:540} INFO - Filling up the DagBag from /home/tejasvi/Desktop/airflow_ssh_simulation/venv/lib/python3.10/site-packages/airflow/example_dags/example_nested_branch_dag.py
[2026-03-18T18:38:03.044+0530] {processor.py:840} INFO - DAG(s) 'example_nested_branch_dag' retrieved from /home/tejasvi/Desktop/airflow_ssh_simulation/venv/lib/python3.10/site-packages/airflow/example_dags/example_nested_branch_dag.py
[2026-03-18T18:38:03.063+0530] {logging_mixin.py:188} INFO - [2026-03-18T18:38:03.063+0530] {dag.py:3047} INFO - Sync 1 DAGs
[2026-03-18T18:38:03.085+0530] {logging_mixin.py:188} INFO - [2026-03-18T18:38:03.085+0530] {dag.py:3834} INFO - Setting next_dagrun for example_nested_branch_dag to 2026-03-17 00:00:00+00:00, run_after=2026-03-18 00:00:00+00:00
[2026-03-18T18:38:03.129+0530] {processor.py:183} INFO - Processing /home/tejasvi/Desktop/airflow_ssh_simulation/venv/lib/python3.10/site-packages/airflow/example_dags/example_nested_branch_dag.py took 0.110 seconds
[2026-03-18T18:39:07.385+0530] {processor.py:161} INFO - Started process (PID=25583) to work on /home/tejasvi/Desktop/airflow_ssh_simulation/venv/lib/python3.10/site-packages/airflow/example_dags/example_nested_branch_dag.py
[2026-03-18T18:39:07.431+0530] {processor.py:830} INFO - Processing file /home/tejasvi/Desktop/airflow_ssh_simulation/venv/lib/python3.10/site-packages/airflow/example_dags/example_nested_branch_dag.py for tasks to queue
[2026-03-18T18:39:07.434+0530] {logging_mixin.py:188} INFO - [2026-03-18T18:39:07.433+0530] {dagbag.py:540} INFO - Filling up the DagBag from /home/tejasvi/Desktop/airflow_ssh_simulation/venv/lib/python3.10/site-packages/airflow/example_dags/example_nested_branch_dag.py
[2026-03-18T18:39:07.448+0530] {processor.py:840} INFO - DAG(s) 'example_nested_branch_dag' retrieved from /home/tejasvi/Desktop/airflow_ssh_simulation/venv/lib/python3.10/site-packages/airflow/example_dags/example_nested_branch_dag.py
[2026-03-18T18:39:07.466+0530] {logging_mixin.py:188} INFO - [2026-03-18T18:39:07.466+0530] {dag.py:3047} INFO - Sync 1 DAGs
[2026-03-18T18:39:07.487+0530] {logging_mixin.py:188} INFO - [2026-03-18T18:39:07.486+0530] {dag.py:3834} INFO - Setting next_dagrun for example_nested_branch_dag to 2026-03-17 00:00:00+00:00, run_after=2026-03-18 00:00:00+00:00
[2026-03-18T18:39:07.574+0530] {processor.py:183} INFO - Processing /home/tejasvi/Desktop/airflow_ssh_simulation/venv/lib/python3.10/site-packages/airflow/example_dags/example_nested_branch_dag.py took 0.195 seconds
[2026-03-18T18:40:08.929+0530] {processor.py:161} INFO - Started process (PID=25748) to work on /home/tejasvi/Desktop/airflow_ssh_simulation/venv/lib/python3.10/site-packages/airflow/example_dags/example_nested_branch_dag.py
[2026-03-18T18:40:08.963+0530] {processor.py:830} INFO - Processing file /home/tejasvi/Desktop/airflow_ssh_simulation/venv/lib/python3.10/site-packages/airflow/example_dags/example_nested_branch_dag.py for tasks to queue
[2026-03-18T18:40:08.966+0530] {logging_mixin.py:188} INFO - [2026-03-18T18:40:08.966+0530] {dagbag.py:540} INFO - Filling up the DagBag from /home/tejasvi/Desktop/airflow_ssh_simulation/venv/lib/python3.10/site-packages/airflow/example_dags/example_nested_branch_dag.py
[2026-03-18T18:40:08.991+0530] {processor.py:840} INFO - DAG(s) 'example_nested_branch_dag' retrieved from /home/tejasvi/Desktop/airflow_ssh_simulation/venv/lib/python3.10/site-packages/airflow/example_dags/example_nested_branch_dag.py
[2026-03-18T18:40:09.013+0530] {logging_mixin.py:188} INFO - [2026-03-18T18:40:09.012+0530] {dag.py:3047} INFO - Sync 1 DAGs
[2026-03-18T18:40:09.036+0530] {logging_mixin.py:188} INFO - [2026-03-18T18:40:09.035+0530] {dag.py:3834} INFO - Setting next_dagrun for example_nested_branch_dag to 2026-03-17 00:00:00+00:00, run_after=2026-03-18 00:00:00+00:00
[2026-03-18T18:40:09.099+0530] {processor.py:183} INFO - Processing /home/tejasvi/Desktop/airflow_ssh_simulation/venv/lib/python3.10/site-packages/airflow/example_dags/example_nested_branch_dag.py took 0.174 seconds
[2026-03-18T18:41:14.235+0530] {processor.py:161} INFO - Started process (PID=25942) to work on /home/tejasvi/Desktop/airflow_ssh_simulation/venv/lib/python3.10/site-packages/airflow/example_dags/example_nested_branch_dag.py
[2026-03-18T18:41:14.412+0530] {processor.py:830} INFO - Processing file /home/tejasvi/Desktop/airflow_ssh_simulation/venv/lib/python3.10/site-packages/airflow/example_dags/example_nested_branch_dag.py for tasks to queue
[2026-03-18T18:41:14.415+0530] {logging_mixin.py:188} INFO - [2026-03-18T18:41:14.415+0530] {dagbag.py:540} INFO - Filling up the DagBag from /home/tejasvi/Desktop/airflow_ssh_simulation/venv/lib/python3.10/site-packages/airflow/example_dags/example_nested_branch_dag.py
[2026-03-18T18:41:14.429+0530] {processor.py:840} INFO - DAG(s) 'example_nested_branch_dag' retrieved from /home/tejasvi/Desktop/airflow_ssh_simulation/venv/lib/python3.10/site-packages/airflow/example_dags/example_nested_branch_dag.py
[2026-03-18T18:41:14.446+0530] {logging_mixin.py:188} INFO - [2026-03-18T18:41:14.446+0530] {dag.py:3047} INFO - Sync 1 DAGs
[2026-03-18T18:41:14.467+0530] {logging_mixin.py:188} INFO - [2026-03-18T18:41:14.467+0530] {dag.py:3834} INFO - Setting next_dagrun for example_nested_branch_dag to 2026-03-17 00:00:00+00:00, run_after=2026-03-18 00:00:00+00:00
[2026-03-18T18:41:14.674+0530] {processor.py:183} INFO - Processing /home/tejasvi/Desktop/airflow_ssh_simulation/venv/lib/python3.10/site-packages/airflow/example_dags/example_nested_branch_dag.py took 0.446 seconds
[2026-03-18T18:42:18.762+0530] {processor.py:161} INFO - Started process (PID=26102) to work on /home/tejasvi/Desktop/airflow_ssh_simulation/venv/lib/python3.10/site-packages/airflow/example_dags/example_nested_branch_dag.py
[2026-03-18T18:42:18.786+0530] {processor.py:830} INFO - Processing file /home/tejasvi/Desktop/airflow_ssh_simulation/venv/lib/python3.10/site-packages/airflow/example_dags/example_nested_branch_dag.py for tasks to queue
[2026-03-18T18:42:18.789+0530] {logging_mixin.py:188} INFO - [2026-03-18T18:42:18.788+0530] {dagbag.py:540} INFO - Filling up the DagBag from /home/tejasvi/Desktop/airflow_ssh_simulation/venv/lib/python3.10/site-packages/airflow/example_dags/example_nested_branch_dag.py
[2026-03-18T18:42:18.803+0530] {processor.py:840} INFO - DAG(s) 'example_nested_branch_dag' retrieved from /home/tejasvi/Desktop/airflow_ssh_simulation/venv/lib/python3.10/site-packages/airflow/example_dags/example_nested_branch_dag.py
[2026-03-18T18:42:18.820+0530] {logging_mixin.py:188} INFO - [2026-03-18T18:42:18.819+0530] {dag.py:3047} INFO - Sync 1 DAGs
[2026-03-18T18:42:18.841+0530] {logging_mixin.py:188} INFO - [2026-03-18T18:42:18.840+0530] {dag.py:3834} INFO - Setting next_dagrun for example_nested_branch_dag to 2026-03-17 00:00:00+00:00, run_after=2026-03-18 00:00:00+00:00
[2026-03-18T18:42:18.949+0530] {processor.py:183} INFO - Processing /home/tejasvi/Desktop/airflow_ssh_simulation/venv/lib/python3.10/site-packages/airflow/example_dags/example_nested_branch_dag.py took 0.191 seconds
[2026-03-18T18:43:40.915+0530] {processor.py:161} INFO - Started process (PID=26288) to work on /home/tejasvi/Desktop/airflow_ssh_simulation/venv/lib/python3.10/site-packages/airflow/example_dags/example_nested_branch_dag.py
[2026-03-18T18:43:43.055+0530] {processor.py:830} INFO - Processing file /home/tejasvi/Desktop/airflow_ssh_simulation/venv/lib/python3.10/site-packages/airflow/example_dags/example_nested_branch_dag.py for tasks to queue
[2026-03-18T18:43:43.058+0530] {logging_mixin.py:188} INFO - [2026-03-18T18:43:43.058+0530] {dagbag.py:540} INFO - Filling up the DagBag from /home/tejasvi/Desktop/airflow_ssh_simulation/venv/lib/python3.10/site-packages/airflow/example_dags/example_nested_branch_dag.py
[2026-03-18T18:43:43.072+0530] {processor.py:840} INFO - DAG(s) 'example_nested_branch_dag' retrieved from /home/tejasvi/Desktop/airflow_ssh_simulation/venv/lib/python3.10/site-packages/airflow/example_dags/example_nested_branch_dag.py
[2026-03-18T18:43:43.091+0530] {logging_mixin.py:188} INFO - [2026-03-18T18:43:43.090+0530] {dag.py:3047} INFO - Sync 1 DAGs
[2026-03-18T18:43:43.112+0530] {logging_mixin.py:188} INFO - [2026-03-18T18:43:43.112+0530] {dag.py:3834} INFO - Setting next_dagrun for example_nested_branch_dag to 2026-03-17 00:00:00+00:00, run_after=2026-03-18 00:00:00+00:00
[2026-03-18T18:43:43.307+0530] {processor.py:183} INFO - Processing /home/tejasvi/Desktop/airflow_ssh_simulation/venv/lib/python3.10/site-packages/airflow/example_dags/example_nested_branch_dag.py took 2.399 seconds
[2026-03-18T18:44:47.305+0530] {processor.py:161} INFO - Started process (PID=26454) to work on /home/tejasvi/Desktop/airflow_ssh_simulation/venv/lib/python3.10/site-packages/airflow/example_dags/example_nested_branch_dag.py
[2026-03-18T18:44:48.063+0530] {processor.py:830} INFO - Processing file /home/tejasvi/Desktop/airflow_ssh_simulation/venv/lib/python3.10/site-packages/airflow/example_dags/example_nested_branch_dag.py for tasks to queue
[2026-03-18T18:44:48.066+0530] {logging_mixin.py:188} INFO - [2026-03-18T18:44:48.066+0530] {dagbag.py:540} INFO - Filling up the DagBag from /home/tejasvi/Desktop/airflow_ssh_simulation/venv/lib/python3.10/site-packages/airflow/example_dags/example_nested_branch_dag.py
[2026-03-18T18:44:48.080+0530] {processor.py:840} INFO - DAG(s) 'example_nested_branch_dag' retrieved from /home/tejasvi/Desktop/airflow_ssh_simulation/venv/lib/python3.10/site-packages/airflow/example_dags/example_nested_branch_dag.py
[2026-03-18T18:44:48.098+0530] {logging_mixin.py:188} INFO - [2026-03-18T18:44:48.097+0530] {dag.py:3047} INFO - Sync 1 DAGs
[2026-03-18T18:44:48.119+0530] {logging_mixin.py:188} INFO - [2026-03-18T18:44:48.119+0530] {dag.py:3834} INFO - Setting next_dagrun for example_nested_branch_dag to 2026-03-17 00:00:00+00:00, run_after=2026-03-18 00:00:00+00:00
[2026-03-18T18:44:48.422+0530] {processor.py:183} INFO - Processing /home/tejasvi/Desktop/airflow_ssh_simulation/venv/lib/python3.10/site-packages/airflow/example_dags/example_nested_branch_dag.py took 1.125 seconds
[2026-03-18T18:46:06.382+0530] {processor.py:161} INFO - Started process (PID=26663) to work on /home/tejasvi/Desktop/airflow_ssh_simulation/venv/lib/python3.10/site-packages/airflow/example_dags/example_nested_branch_dag.py
[2026-03-18T18:46:06.458+0530] {processor.py:830} INFO - Processing file /home/tejasvi/Desktop/airflow_ssh_simulation/venv/lib/python3.10/site-packages/airflow/example_dags/example_nested_branch_dag.py for tasks to queue
[2026-03-18T18:46:06.462+0530] {logging_mixin.py:188} INFO - [2026-03-18T18:46:06.461+0530] {dagbag.py:540} INFO - Filling up the DagBag from /home/tejasvi/Desktop/airflow_ssh_simulation/venv/lib/python3.10/site-packages/airflow/example_dags/example_nested_branch_dag.py
[2026-03-18T18:46:06.475+0530] {processor.py:840} INFO - DAG(s) 'example_nested_branch_dag' retrieved from /home/tejasvi/Desktop/airflow_ssh_simulation/venv/lib/python3.10/site-packages/airflow/example_dags/example_nested_branch_dag.py
[2026-03-18T18:46:06.492+0530] {logging_mixin.py:188} INFO - [2026-03-18T18:46:06.492+0530] {dag.py:3047} INFO - Sync 1 DAGs
[2026-03-18T18:46:06.514+0530] {logging_mixin.py:188} INFO - [2026-03-18T18:46:06.513+0530] {dag.py:3834} INFO - Setting next_dagrun for example_nested_branch_dag to 2026-03-17 00:00:00+00:00, run_after=2026-03-18 00:00:00+00:00
[2026-03-18T18:46:06.683+0530] {processor.py:183} INFO - Processing /home/tejasvi/Desktop/airflow_ssh_simulation/venv/lib/python3.10/site-packages/airflow/example_dags/example_nested_branch_dag.py took 0.309 seconds
[2026-03-18T18:47:23.256+0530] {processor.py:161} INFO - Started process (PID=26845) to work on /home/tejasvi/Desktop/airflow_ssh_simulation/venv/lib/python3.10/site-packages/airflow/example_dags/example_nested_branch_dag.py
[2026-03-18T18:47:23.404+0530] {processor.py:830} INFO - Processing file /home/tejasvi/Desktop/airflow_ssh_simulation/venv/lib/python3.10/site-packages/airflow/example_dags/example_nested_branch_dag.py for tasks to queue
[2026-03-18T18:47:23.407+0530] {logging_mixin.py:188} INFO - [2026-03-18T18:47:23.406+0530] {dagbag.py:540} INFO - Filling up the DagBag from /home/tejasvi/Desktop/airflow_ssh_simulation/venv/lib/python3.10/site-packages/airflow/example_dags/example_nested_branch_dag.py
[2026-03-18T18:47:23.421+0530] {processor.py:840} INFO - DAG(s) 'example_nested_branch_dag' retrieved from /home/tejasvi/Desktop/airflow_ssh_simulation/venv/lib/python3.10/site-packages/airflow/example_dags/example_nested_branch_dag.py
[2026-03-18T18:47:23.438+0530] {logging_mixin.py:188} INFO - [2026-03-18T18:47:23.438+0530] {dag.py:3047} INFO - Sync 1 DAGs
[2026-03-18T18:47:23.460+0530] {logging_mixin.py:188} INFO - [2026-03-18T18:47:23.460+0530] {dag.py:3834} INFO - Setting next_dagrun for example_nested_branch_dag to 2026-03-17 00:00:00+00:00, run_after=2026-03-18 00:00:00+00:00
[2026-03-18T18:47:23.617+0530] {processor.py:183} INFO - Processing /home/tejasvi/Desktop/airflow_ssh_simulation/venv/lib/python3.10/site-packages/airflow/example_dags/example_nested_branch_dag.py took 0.369 seconds
[2026-03-18T18:48:40.645+0530] {processor.py:161} INFO - Started process (PID=27049) to work on /home/tejasvi/Desktop/airflow_ssh_simulation/venv/lib/python3.10/site-packages/airflow/example_dags/example_nested_branch_dag.py
[2026-03-18T18:48:40.700+0530] {processor.py:830} INFO - Processing file /home/tejasvi/Desktop/airflow_ssh_simulation/venv/lib/python3.10/site-packages/airflow/example_dags/example_nested_branch_dag.py for tasks to queue
[2026-03-18T18:48:40.703+0530] {logging_mixin.py:188} INFO - [2026-03-18T18:48:40.703+0530] {dagbag.py:540} INFO - Filling up the DagBag from /home/tejasvi/Desktop/airflow_ssh_simulation/venv/lib/python3.10/site-packages/airflow/example_dags/example_nested_branch_dag.py
[2026-03-18T18:48:40.717+0530] {processor.py:840} INFO - DAG(s) 'example_nested_branch_dag' retrieved from /home/tejasvi/Desktop/airflow_ssh_simulation/venv/lib/python3.10/site-packages/airflow/example_dags/example_nested_branch_dag.py
[2026-03-18T18:48:40.735+0530] {logging_mixin.py:188} INFO - [2026-03-18T18:48:40.734+0530] {dag.py:3047} INFO - Sync 1 DAGs
[2026-03-18T18:48:40.757+0530] {logging_mixin.py:188} INFO - [2026-03-18T18:48:40.756+0530] {dag.py:3834} INFO - Setting next_dagrun for example_nested_branch_dag to 2026-03-17 00:00:00+00:00, run_after=2026-03-18 00:00:00+00:00
[2026-03-18T18:48:40.913+0530] {processor.py:183} INFO - Processing /home/tejasvi/Desktop/airflow_ssh_simulation/venv/lib/python3.10/site-packages/airflow/example_dags/example_nested_branch_dag.py took 0.276 seconds
[2026-03-18T18:49:50.448+0530] {processor.py:161} INFO - Started process (PID=27208) to work on /home/tejasvi/Desktop/airflow_ssh_simulation/venv/lib/python3.10/site-packages/airflow/example_dags/example_nested_branch_dag.py
[2026-03-18T18:49:50.484+0530] {processor.py:830} INFO - Processing file /home/tejasvi/Desktop/airflow_ssh_simulation/venv/lib/python3.10/site-packages/airflow/example_dags/example_nested_branch_dag.py for tasks to queue
[2026-03-18T18:49:50.486+0530] {logging_mixin.py:188} INFO - [2026-03-18T18:49:50.486+0530] {dagbag.py:540} INFO - Filling up the DagBag from /home/tejasvi/Desktop/airflow_ssh_simulation/venv/lib/python3.10/site-packages/airflow/example_dags/example_nested_branch_dag.py
[2026-03-18T18:49:50.500+0530] {processor.py:840} INFO - DAG(s) 'example_nested_branch_dag' retrieved from /home/tejasvi/Desktop/airflow_ssh_simulation/venv/lib/python3.10/site-packages/airflow/example_dags/example_nested_branch_dag.py
[2026-03-18T18:49:50.517+0530] {logging_mixin.py:188} INFO - [2026-03-18T18:49:50.517+0530] {dag.py:3047} INFO - Sync 1 DAGs
[2026-03-18T18:49:50.538+0530] {logging_mixin.py:188} INFO - [2026-03-18T18:49:50.538+0530] {dag.py:3834} INFO - Setting next_dagrun for example_nested_branch_dag to 2026-03-17 00:00:00+00:00, run_after=2026-03-18 00:00:00+00:00
[2026-03-18T18:49:50.608+0530] {processor.py:183} INFO - Processing /home/tejasvi/Desktop/airflow_ssh_simulation/venv/lib/python3.10/site-packages/airflow/example_dags/example_nested_branch_dag.py took 0.167 seconds
[2026-03-18T18:50:46.412+0530] {processor.py:161} INFO - Started process (PID=27653) to work on /home/tejasvi/Desktop/airflow_ssh_simulation/venv/lib/python3.10/site-packages/airflow/example_dags/example_nested_branch_dag.py
[2026-03-18T18:50:46.419+0530] {processor.py:830} INFO - Processing file /home/tejasvi/Desktop/airflow_ssh_simulation/venv/lib/python3.10/site-packages/airflow/example_dags/example_nested_branch_dag.py for tasks to queue
[2026-03-18T18:50:46.422+0530] {logging_mixin.py:188} INFO - [2026-03-18T18:50:46.421+0530] {dagbag.py:540} INFO - Filling up the DagBag from /home/tejasvi/Desktop/airflow_ssh_simulation/venv/lib/python3.10/site-packages/airflow/example_dags/example_nested_branch_dag.py
[2026-03-18T18:50:46.438+0530] {processor.py:840} INFO - DAG(s) 'example_nested_branch_dag' retrieved from /home/tejasvi/Desktop/airflow_ssh_simulation/venv/lib/python3.10/site-packages/airflow/example_dags/example_nested_branch_dag.py
[2026-03-18T18:50:46.458+0530] {logging_mixin.py:188} INFO - [2026-03-18T18:50:46.458+0530] {dag.py:3047} INFO - Sync 1 DAGs
[2026-03-18T18:50:46.486+0530] {logging_mixin.py:188} INFO - [2026-03-18T18:50:46.485+0530] {dag.py:3834} INFO - Setting next_dagrun for example_nested_branch_dag to 2026-03-17 00:00:00+00:00, run_after=2026-03-18 00:00:00+00:00
[2026-03-18T18:50:46.535+0530] {processor.py:183} INFO - Processing /home/tejasvi/Desktop/airflow_ssh_simulation/venv/lib/python3.10/site-packages/airflow/example_dags/example_nested_branch_dag.py took 0.129 seconds
