[2026-03-18T17:39:08.976+0530] {processor.py:161} INFO - Started process (PID=5260) to work on /home/tejasvi/Desktop/airflow_ssh_simulation/venv/lib/python3.10/site-packages/airflow/example_dags/example_task_group.py
[2026-03-18T17:39:08.978+0530] {processor.py:830} INFO - Processing file /home/tejasvi/Desktop/airflow_ssh_simulation/venv/lib/python3.10/site-packages/airflow/example_dags/example_task_group.py for tasks to queue
[2026-03-18T17:39:08.980+0530] {logging_mixin.py:188} INFO - [2026-03-18T17:39:08.979+0530] {dagbag.py:540} INFO - Filling up the DagBag from /home/tejasvi/Desktop/airflow_ssh_simulation/venv/lib/python3.10/site-packages/airflow/example_dags/example_task_group.py
[2026-03-18T17:39:08.996+0530] {processor.py:840} INFO - DAG(s) 'example_task_group' retrieved from /home/tejasvi/Desktop/airflow_ssh_simulation/venv/lib/python3.10/site-packages/airflow/example_dags/example_task_group.py
[2026-03-18T17:39:09.100+0530] {logging_mixin.py:188} INFO - [2026-03-18T17:39:09.099+0530] {dag.py:3047} INFO - Sync 1 DAGs
[2026-03-18T17:39:09.148+0530] {logging_mixin.py:188} INFO - [2026-03-18T17:39:09.147+0530] {dag.py:3834} INFO - Setting next_dagrun for example_task_group to 2026-03-17 00:00:00+00:00, run_after=2026-03-18 00:00:00+00:00
[2026-03-18T17:39:09.228+0530] {processor.py:183} INFO - Processing /home/tejasvi/Desktop/airflow_ssh_simulation/venv/lib/python3.10/site-packages/airflow/example_dags/example_task_group.py took 0.258 seconds
[2026-03-18T17:40:21.481+0530] {processor.py:161} INFO - Started process (PID=5452) to work on /home/tejasvi/Desktop/airflow_ssh_simulation/venv/lib/python3.10/site-packages/airflow/example_dags/example_task_group.py
[2026-03-18T17:40:21.578+0530] {processor.py:830} INFO - Processing file /home/tejasvi/Desktop/airflow_ssh_simulation/venv/lib/python3.10/site-packages/airflow/example_dags/example_task_group.py for tasks to queue
[2026-03-18T17:40:21.583+0530] {logging_mixin.py:188} INFO - [2026-03-18T17:40:21.582+0530] {dagbag.py:540} INFO - Filling up the DagBag from /home/tejasvi/Desktop/airflow_ssh_simulation/venv/lib/python3.10/site-packages/airflow/example_dags/example_task_group.py
[2026-03-18T17:40:21.595+0530] {processor.py:840} INFO - DAG(s) 'example_task_group' retrieved from /home/tejasvi/Desktop/airflow_ssh_simulation/venv/lib/python3.10/site-packages/airflow/example_dags/example_task_group.py
[2026-03-18T17:40:21.620+0530] {logging_mixin.py:188} INFO - [2026-03-18T17:40:21.620+0530] {dag.py:3047} INFO - Sync 1 DAGs
[2026-03-18T17:40:21.651+0530] {logging_mixin.py:188} INFO - [2026-03-18T17:40:21.651+0530] {dag.py:3834} INFO - Setting next_dagrun for example_task_group to 2026-03-17 00:00:00+00:00, run_after=2026-03-18 00:00:00+00:00
[2026-03-18T17:40:21.720+0530] {processor.py:183} INFO - Processing /home/tejasvi/Desktop/airflow_ssh_simulation/venv/lib/python3.10/site-packages/airflow/example_dags/example_task_group.py took 0.246 seconds
[2026-03-18T17:41:40.619+0530] {processor.py:161} INFO - Started process (PID=5564) to work on /home/tejasvi/Desktop/airflow_ssh_simulation/venv/lib/python3.10/site-packages/airflow/example_dags/example_task_group.py
[2026-03-18T17:41:40.654+0530] {processor.py:830} INFO - Processing file /home/tejasvi/Desktop/airflow_ssh_simulation/venv/lib/python3.10/site-packages/airflow/example_dags/example_task_group.py for tasks to queue
[2026-03-18T17:41:40.657+0530] {logging_mixin.py:188} INFO - [2026-03-18T17:41:40.656+0530] {dagbag.py:540} INFO - Filling up the DagBag from /home/tejasvi/Desktop/airflow_ssh_simulation/venv/lib/python3.10/site-packages/airflow/example_dags/example_task_group.py
[2026-03-18T17:41:40.672+0530] {processor.py:840} INFO - DAG(s) 'example_task_group' retrieved from /home/tejasvi/Desktop/airflow_ssh_simulation/venv/lib/python3.10/site-packages/airflow/example_dags/example_task_group.py
[2026-03-18T17:41:40.702+0530] {logging_mixin.py:188} INFO - [2026-03-18T17:41:40.702+0530] {dag.py:3047} INFO - Sync 1 DAGs
[2026-03-18T17:41:40.732+0530] {logging_mixin.py:188} INFO - [2026-03-18T17:41:40.732+0530] {dag.py:3834} INFO - Setting next_dagrun for example_task_group to 2026-03-17 00:00:00+00:00, run_after=2026-03-18 00:00:00+00:00
[2026-03-18T17:41:40.787+0530] {processor.py:183} INFO - Processing /home/tejasvi/Desktop/airflow_ssh_simulation/venv/lib/python3.10/site-packages/airflow/example_dags/example_task_group.py took 0.175 seconds
[2026-03-18T17:42:43.876+0530] {processor.py:161} INFO - Started process (PID=5720) to work on /home/tejasvi/Desktop/airflow_ssh_simulation/venv/lib/python3.10/site-packages/airflow/example_dags/example_task_group.py
[2026-03-18T17:42:43.994+0530] {processor.py:830} INFO - Processing file /home/tejasvi/Desktop/airflow_ssh_simulation/venv/lib/python3.10/site-packages/airflow/example_dags/example_task_group.py for tasks to queue
[2026-03-18T17:42:43.997+0530] {logging_mixin.py:188} INFO - [2026-03-18T17:42:43.997+0530] {dagbag.py:540} INFO - Filling up the DagBag from /home/tejasvi/Desktop/airflow_ssh_simulation/venv/lib/python3.10/site-packages/airflow/example_dags/example_task_group.py
[2026-03-18T17:42:44.012+0530] {processor.py:840} INFO - DAG(s) 'example_task_group' retrieved from /home/tejasvi/Desktop/airflow_ssh_simulation/venv/lib/python3.10/site-packages/airflow/example_dags/example_task_group.py
[2026-03-18T17:42:44.041+0530] {logging_mixin.py:188} INFO - [2026-03-18T17:42:44.040+0530] {dag.py:3047} INFO - Sync 1 DAGs
[2026-03-18T17:42:44.076+0530] {logging_mixin.py:188} INFO - [2026-03-18T17:42:44.076+0530] {dag.py:3834} INFO - Setting next_dagrun for example_task_group to 2026-03-17 00:00:00+00:00, run_after=2026-03-18 00:00:00+00:00
[2026-03-18T17:42:44.127+0530] {processor.py:183} INFO - Processing /home/tejasvi/Desktop/airflow_ssh_simulation/venv/lib/python3.10/site-packages/airflow/example_dags/example_task_group.py took 0.258 seconds
[2026-03-18T17:43:54.394+0530] {processor.py:161} INFO - Started process (PID=6881) to work on /home/tejasvi/Desktop/airflow_ssh_simulation/venv/lib/python3.10/site-packages/airflow/example_dags/example_task_group.py
[2026-03-18T17:43:54.476+0530] {processor.py:830} INFO - Processing file /home/tejasvi/Desktop/airflow_ssh_simulation/venv/lib/python3.10/site-packages/airflow/example_dags/example_task_group.py for tasks to queue
[2026-03-18T17:43:54.484+0530] {logging_mixin.py:188} INFO - [2026-03-18T17:43:54.482+0530] {dagbag.py:540} INFO - Filling up the DagBag from /home/tejasvi/Desktop/airflow_ssh_simulation/venv/lib/python3.10/site-packages/airflow/example_dags/example_task_group.py
[2026-03-18T17:43:54.509+0530] {processor.py:840} INFO - DAG(s) 'example_task_group' retrieved from /home/tejasvi/Desktop/airflow_ssh_simulation/venv/lib/python3.10/site-packages/airflow/example_dags/example_task_group.py
[2026-03-18T17:43:54.553+0530] {logging_mixin.py:188} INFO - [2026-03-18T17:43:54.553+0530] {dag.py:3047} INFO - Sync 1 DAGs
[2026-03-18T17:43:54.608+0530] {logging_mixin.py:188} INFO - [2026-03-18T17:43:54.608+0530] {dag.py:3834} INFO - Setting next_dagrun for example_task_group to 2026-03-17 00:00:00+00:00, run_after=2026-03-18 00:00:00+00:00
[2026-03-18T17:43:54.721+0530] {processor.py:183} INFO - Processing /home/tejasvi/Desktop/airflow_ssh_simulation/venv/lib/python3.10/site-packages/airflow/example_dags/example_task_group.py took 0.334 seconds
[2026-03-18T17:45:06.270+0530] {processor.py:161} INFO - Started process (PID=7854) to work on /home/tejasvi/Desktop/airflow_ssh_simulation/venv/lib/python3.10/site-packages/airflow/example_dags/example_task_group.py
[2026-03-18T17:45:06.273+0530] {processor.py:830} INFO - Processing file /home/tejasvi/Desktop/airflow_ssh_simulation/venv/lib/python3.10/site-packages/airflow/example_dags/example_task_group.py for tasks to queue
[2026-03-18T17:45:06.276+0530] {logging_mixin.py:188} INFO - [2026-03-18T17:45:06.276+0530] {dagbag.py:540} INFO - Filling up the DagBag from /home/tejasvi/Desktop/airflow_ssh_simulation/venv/lib/python3.10/site-packages/airflow/example_dags/example_task_group.py
[2026-03-18T17:45:06.290+0530] {processor.py:840} INFO - DAG(s) 'example_task_group' retrieved from /home/tejasvi/Desktop/airflow_ssh_simulation/venv/lib/python3.10/site-packages/airflow/example_dags/example_task_group.py
[2026-03-18T17:45:06.317+0530] {logging_mixin.py:188} INFO - [2026-03-18T17:45:06.316+0530] {dag.py:3047} INFO - Sync 1 DAGs
[2026-03-18T17:45:06.348+0530] {logging_mixin.py:188} INFO - [2026-03-18T17:45:06.348+0530] {dag.py:3834} INFO - Setting next_dagrun for example_task_group to 2026-03-17 00:00:00+00:00, run_after=2026-03-18 00:00:00+00:00
[2026-03-18T17:45:06.479+0530] {processor.py:183} INFO - Processing /home/tejasvi/Desktop/airflow_ssh_simulation/venv/lib/python3.10/site-packages/airflow/example_dags/example_task_group.py took 0.215 seconds
[2026-03-18T17:46:13.737+0530] {processor.py:161} INFO - Started process (PID=8939) to work on /home/tejasvi/Desktop/airflow_ssh_simulation/venv/lib/python3.10/site-packages/airflow/example_dags/example_task_group.py
[2026-03-18T17:46:13.750+0530] {processor.py:830} INFO - Processing file /home/tejasvi/Desktop/airflow_ssh_simulation/venv/lib/python3.10/site-packages/airflow/example_dags/example_task_group.py for tasks to queue
[2026-03-18T17:46:13.755+0530] {logging_mixin.py:188} INFO - [2026-03-18T17:46:13.754+0530] {dagbag.py:540} INFO - Filling up the DagBag from /home/tejasvi/Desktop/airflow_ssh_simulation/venv/lib/python3.10/site-packages/airflow/example_dags/example_task_group.py
[2026-03-18T17:46:13.778+0530] {processor.py:840} INFO - DAG(s) 'example_task_group' retrieved from /home/tejasvi/Desktop/airflow_ssh_simulation/venv/lib/python3.10/site-packages/airflow/example_dags/example_task_group.py
[2026-03-18T17:46:13.820+0530] {logging_mixin.py:188} INFO - [2026-03-18T17:46:13.819+0530] {dag.py:3047} INFO - Sync 1 DAGs
[2026-03-18T17:46:13.884+0530] {logging_mixin.py:188} INFO - [2026-03-18T17:46:13.883+0530] {dag.py:3834} INFO - Setting next_dagrun for example_task_group to 2026-03-17 00:00:00+00:00, run_after=2026-03-18 00:00:00+00:00
[2026-03-18T17:46:13.960+0530] {processor.py:183} INFO - Processing /home/tejasvi/Desktop/airflow_ssh_simulation/venv/lib/python3.10/site-packages/airflow/example_dags/example_task_group.py took 0.233 seconds
[2026-03-18T17:47:33.136+0530] {processor.py:161} INFO - Started process (PID=9552) to work on /home/tejasvi/Desktop/airflow_ssh_simulation/venv/lib/python3.10/site-packages/airflow/example_dags/example_task_group.py
[2026-03-18T17:47:33.207+0530] {processor.py:830} INFO - Processing file /home/tejasvi/Desktop/airflow_ssh_simulation/venv/lib/python3.10/site-packages/airflow/example_dags/example_task_group.py for tasks to queue
[2026-03-18T17:47:33.210+0530] {logging_mixin.py:188} INFO - [2026-03-18T17:47:33.209+0530] {dagbag.py:540} INFO - Filling up the DagBag from /home/tejasvi/Desktop/airflow_ssh_simulation/venv/lib/python3.10/site-packages/airflow/example_dags/example_task_group.py
[2026-03-18T17:47:33.220+0530] {processor.py:840} INFO - DAG(s) 'example_task_group' retrieved from /home/tejasvi/Desktop/airflow_ssh_simulation/venv/lib/python3.10/site-packages/airflow/example_dags/example_task_group.py
[2026-03-18T17:47:33.238+0530] {logging_mixin.py:188} INFO - [2026-03-18T17:47:33.238+0530] {dag.py:3047} INFO - Sync 1 DAGs
[2026-03-18T17:47:33.258+0530] {logging_mixin.py:188} INFO - [2026-03-18T17:47:33.258+0530] {dag.py:3834} INFO - Setting next_dagrun for example_task_group to 2026-03-17 00:00:00+00:00, run_after=2026-03-18 00:00:00+00:00
[2026-03-18T17:47:33.353+0530] {processor.py:183} INFO - Processing /home/tejasvi/Desktop/airflow_ssh_simulation/venv/lib/python3.10/site-packages/airflow/example_dags/example_task_group.py took 0.224 seconds
[2026-03-18T17:48:37.113+0530] {processor.py:161} INFO - Started process (PID=10062) to work on /home/tejasvi/Desktop/airflow_ssh_simulation/venv/lib/python3.10/site-packages/airflow/example_dags/example_task_group.py
[2026-03-18T17:48:37.118+0530] {processor.py:830} INFO - Processing file /home/tejasvi/Desktop/airflow_ssh_simulation/venv/lib/python3.10/site-packages/airflow/example_dags/example_task_group.py for tasks to queue
[2026-03-18T17:48:37.120+0530] {logging_mixin.py:188} INFO - [2026-03-18T17:48:37.120+0530] {dagbag.py:540} INFO - Filling up the DagBag from /home/tejasvi/Desktop/airflow_ssh_simulation/venv/lib/python3.10/site-packages/airflow/example_dags/example_task_group.py
[2026-03-18T17:48:37.129+0530] {processor.py:840} INFO - DAG(s) 'example_task_group' retrieved from /home/tejasvi/Desktop/airflow_ssh_simulation/venv/lib/python3.10/site-packages/airflow/example_dags/example_task_group.py
[2026-03-18T17:48:37.146+0530] {logging_mixin.py:188} INFO - [2026-03-18T17:48:37.145+0530] {dag.py:3047} INFO - Sync 1 DAGs
[2026-03-18T17:48:37.167+0530] {logging_mixin.py:188} INFO - [2026-03-18T17:48:37.167+0530] {dag.py:3834} INFO - Setting next_dagrun for example_task_group to 2026-03-17 00:00:00+00:00, run_after=2026-03-18 00:00:00+00:00
[2026-03-18T17:48:37.337+0530] {processor.py:183} INFO - Processing /home/tejasvi/Desktop/airflow_ssh_simulation/venv/lib/python3.10/site-packages/airflow/example_dags/example_task_group.py took 0.230 seconds
[2026-03-18T17:49:38.645+0530] {processor.py:161} INFO - Started process (PID=10540) to work on /home/tejasvi/Desktop/airflow_ssh_simulation/venv/lib/python3.10/site-packages/airflow/example_dags/example_task_group.py
[2026-03-18T17:49:38.667+0530] {processor.py:830} INFO - Processing file /home/tejasvi/Desktop/airflow_ssh_simulation/venv/lib/python3.10/site-packages/airflow/example_dags/example_task_group.py for tasks to queue
[2026-03-18T17:49:38.670+0530] {logging_mixin.py:188} INFO - [2026-03-18T17:49:38.670+0530] {dagbag.py:540} INFO - Filling up the DagBag from /home/tejasvi/Desktop/airflow_ssh_simulation/venv/lib/python3.10/site-packages/airflow/example_dags/example_task_group.py
[2026-03-18T17:49:38.681+0530] {processor.py:840} INFO - DAG(s) 'example_task_group' retrieved from /home/tejasvi/Desktop/airflow_ssh_simulation/venv/lib/python3.10/site-packages/airflow/example_dags/example_task_group.py
[2026-03-18T17:49:38.698+0530] {logging_mixin.py:188} INFO - [2026-03-18T17:49:38.697+0530] {dag.py:3047} INFO - Sync 1 DAGs
[2026-03-18T17:49:38.717+0530] {logging_mixin.py:188} INFO - [2026-03-18T17:49:38.717+0530] {dag.py:3834} INFO - Setting next_dagrun for example_task_group to 2026-03-17 00:00:00+00:00, run_after=2026-03-18 00:00:00+00:00
[2026-03-18T17:49:38.824+0530] {processor.py:183} INFO - Processing /home/tejasvi/Desktop/airflow_ssh_simulation/venv/lib/python3.10/site-packages/airflow/example_dags/example_task_group.py took 0.186 seconds
[2026-03-18T17:50:45.919+0530] {processor.py:161} INFO - Started process (PID=11057) to work on /home/tejasvi/Desktop/airflow_ssh_simulation/venv/lib/python3.10/site-packages/airflow/example_dags/example_task_group.py
[2026-03-18T17:50:46.001+0530] {processor.py:830} INFO - Processing file /home/tejasvi/Desktop/airflow_ssh_simulation/venv/lib/python3.10/site-packages/airflow/example_dags/example_task_group.py for tasks to queue
[2026-03-18T17:50:46.005+0530] {logging_mixin.py:188} INFO - [2026-03-18T17:50:46.004+0530] {dagbag.py:540} INFO - Filling up the DagBag from /home/tejasvi/Desktop/airflow_ssh_simulation/venv/lib/python3.10/site-packages/airflow/example_dags/example_task_group.py
[2026-03-18T17:50:46.015+0530] {processor.py:840} INFO - DAG(s) 'example_task_group' retrieved from /home/tejasvi/Desktop/airflow_ssh_simulation/venv/lib/python3.10/site-packages/airflow/example_dags/example_task_group.py
[2026-03-18T17:50:46.032+0530] {logging_mixin.py:188} INFO - [2026-03-18T17:50:46.031+0530] {dag.py:3047} INFO - Sync 1 DAGs
[2026-03-18T17:50:46.051+0530] {logging_mixin.py:188} INFO - [2026-03-18T17:50:46.051+0530] {dag.py:3834} INFO - Setting next_dagrun for example_task_group to 2026-03-17 00:00:00+00:00, run_after=2026-03-18 00:00:00+00:00
[2026-03-18T17:50:46.147+0530] {processor.py:183} INFO - Processing /home/tejasvi/Desktop/airflow_ssh_simulation/venv/lib/python3.10/site-packages/airflow/example_dags/example_task_group.py took 0.235 seconds
[2026-03-18T17:51:51.336+0530] {processor.py:161} INFO - Started process (PID=11643) to work on /home/tejasvi/Desktop/airflow_ssh_simulation/venv/lib/python3.10/site-packages/airflow/example_dags/example_task_group.py
[2026-03-18T17:51:51.464+0530] {processor.py:830} INFO - Processing file /home/tejasvi/Desktop/airflow_ssh_simulation/venv/lib/python3.10/site-packages/airflow/example_dags/example_task_group.py for tasks to queue
[2026-03-18T17:51:51.468+0530] {logging_mixin.py:188} INFO - [2026-03-18T17:51:51.467+0530] {dagbag.py:540} INFO - Filling up the DagBag from /home/tejasvi/Desktop/airflow_ssh_simulation/venv/lib/python3.10/site-packages/airflow/example_dags/example_task_group.py
[2026-03-18T17:51:51.478+0530] {processor.py:840} INFO - DAG(s) 'example_task_group' retrieved from /home/tejasvi/Desktop/airflow_ssh_simulation/venv/lib/python3.10/site-packages/airflow/example_dags/example_task_group.py
[2026-03-18T17:51:51.495+0530] {logging_mixin.py:188} INFO - [2026-03-18T17:51:51.495+0530] {dag.py:3047} INFO - Sync 1 DAGs
[2026-03-18T17:51:51.515+0530] {logging_mixin.py:188} INFO - [2026-03-18T17:51:51.515+0530] {dag.py:3834} INFO - Setting next_dagrun for example_task_group to 2026-03-17 00:00:00+00:00, run_after=2026-03-18 00:00:00+00:00
[2026-03-18T17:51:51.610+0530] {processor.py:183} INFO - Processing /home/tejasvi/Desktop/airflow_ssh_simulation/venv/lib/python3.10/site-packages/airflow/example_dags/example_task_group.py took 0.282 seconds
[2026-03-18T17:53:05.620+0530] {processor.py:161} INFO - Started process (PID=12456) to work on /home/tejasvi/Desktop/airflow_ssh_simulation/venv/lib/python3.10/site-packages/airflow/example_dags/example_task_group.py
[2026-03-18T17:53:05.709+0530] {processor.py:830} INFO - Processing file /home/tejasvi/Desktop/airflow_ssh_simulation/venv/lib/python3.10/site-packages/airflow/example_dags/example_task_group.py for tasks to queue
[2026-03-18T17:53:05.713+0530] {logging_mixin.py:188} INFO - [2026-03-18T17:53:05.712+0530] {dagbag.py:540} INFO - Filling up the DagBag from /home/tejasvi/Desktop/airflow_ssh_simulation/venv/lib/python3.10/site-packages/airflow/example_dags/example_task_group.py
[2026-03-18T17:53:05.726+0530] {processor.py:840} INFO - DAG(s) 'example_task_group' retrieved from /home/tejasvi/Desktop/airflow_ssh_simulation/venv/lib/python3.10/site-packages/airflow/example_dags/example_task_group.py
[2026-03-18T17:53:05.749+0530] {logging_mixin.py:188} INFO - [2026-03-18T17:53:05.749+0530] {dag.py:3047} INFO - Sync 1 DAGs
[2026-03-18T17:53:05.775+0530] {logging_mixin.py:188} INFO - [2026-03-18T17:53:05.775+0530] {dag.py:3834} INFO - Setting next_dagrun for example_task_group to 2026-03-17 00:00:00+00:00, run_after=2026-03-18 00:00:00+00:00
[2026-03-18T17:53:05.912+0530] {processor.py:183} INFO - Processing /home/tejasvi/Desktop/airflow_ssh_simulation/venv/lib/python3.10/site-packages/airflow/example_dags/example_task_group.py took 0.301 seconds
[2026-03-18T17:54:12.108+0530] {processor.py:161} INFO - Started process (PID=13066) to work on /home/tejasvi/Desktop/airflow_ssh_simulation/venv/lib/python3.10/site-packages/airflow/example_dags/example_task_group.py
[2026-03-18T17:54:12.174+0530] {processor.py:830} INFO - Processing file /home/tejasvi/Desktop/airflow_ssh_simulation/venv/lib/python3.10/site-packages/airflow/example_dags/example_task_group.py for tasks to queue
[2026-03-18T17:54:12.178+0530] {logging_mixin.py:188} INFO - [2026-03-18T17:54:12.177+0530] {dagbag.py:540} INFO - Filling up the DagBag from /home/tejasvi/Desktop/airflow_ssh_simulation/venv/lib/python3.10/site-packages/airflow/example_dags/example_task_group.py
[2026-03-18T17:54:12.188+0530] {processor.py:840} INFO - DAG(s) 'example_task_group' retrieved from /home/tejasvi/Desktop/airflow_ssh_simulation/venv/lib/python3.10/site-packages/airflow/example_dags/example_task_group.py
[2026-03-18T17:54:12.301+0530] {logging_mixin.py:188} INFO - [2026-03-18T17:54:12.300+0530] {dag.py:3047} INFO - Sync 1 DAGs
[2026-03-18T17:54:12.330+0530] {logging_mixin.py:188} INFO - [2026-03-18T17:54:12.330+0530] {dag.py:3834} INFO - Setting next_dagrun for example_task_group to 2026-03-17 00:00:00+00:00, run_after=2026-03-18 00:00:00+00:00
[2026-03-18T17:54:12.413+0530] {processor.py:183} INFO - Processing /home/tejasvi/Desktop/airflow_ssh_simulation/venv/lib/python3.10/site-packages/airflow/example_dags/example_task_group.py took 0.312 seconds
[2026-03-18T17:55:13.994+0530] {processor.py:161} INFO - Started process (PID=13554) to work on /home/tejasvi/Desktop/airflow_ssh_simulation/venv/lib/python3.10/site-packages/airflow/example_dags/example_task_group.py
[2026-03-18T17:55:14.344+0530] {processor.py:830} INFO - Processing file /home/tejasvi/Desktop/airflow_ssh_simulation/venv/lib/python3.10/site-packages/airflow/example_dags/example_task_group.py for tasks to queue
[2026-03-18T17:55:14.348+0530] {logging_mixin.py:188} INFO - [2026-03-18T17:55:14.348+0530] {dagbag.py:540} INFO - Filling up the DagBag from /home/tejasvi/Desktop/airflow_ssh_simulation/venv/lib/python3.10/site-packages/airflow/example_dags/example_task_group.py
[2026-03-18T17:55:14.357+0530] {processor.py:840} INFO - DAG(s) 'example_task_group' retrieved from /home/tejasvi/Desktop/airflow_ssh_simulation/venv/lib/python3.10/site-packages/airflow/example_dags/example_task_group.py
[2026-03-18T17:55:14.374+0530] {logging_mixin.py:188} INFO - [2026-03-18T17:55:14.374+0530] {dag.py:3047} INFO - Sync 1 DAGs
[2026-03-18T17:55:14.395+0530] {logging_mixin.py:188} INFO - [2026-03-18T17:55:14.395+0530] {dag.py:3834} INFO - Setting next_dagrun for example_task_group to 2026-03-17 00:00:00+00:00, run_after=2026-03-18 00:00:00+00:00
[2026-03-18T17:55:14.487+0530] {processor.py:183} INFO - Processing /home/tejasvi/Desktop/airflow_ssh_simulation/venv/lib/python3.10/site-packages/airflow/example_dags/example_task_group.py took 0.501 seconds
[2026-03-18T17:56:22.270+0530] {processor.py:161} INFO - Started process (PID=14116) to work on /home/tejasvi/Desktop/airflow_ssh_simulation/venv/lib/python3.10/site-packages/airflow/example_dags/example_task_group.py
[2026-03-18T17:56:22.371+0530] {processor.py:830} INFO - Processing file /home/tejasvi/Desktop/airflow_ssh_simulation/venv/lib/python3.10/site-packages/airflow/example_dags/example_task_group.py for tasks to queue
[2026-03-18T17:56:22.375+0530] {logging_mixin.py:188} INFO - [2026-03-18T17:56:22.375+0530] {dagbag.py:540} INFO - Filling up the DagBag from /home/tejasvi/Desktop/airflow_ssh_simulation/venv/lib/python3.10/site-packages/airflow/example_dags/example_task_group.py
[2026-03-18T17:56:22.386+0530] {processor.py:840} INFO - DAG(s) 'example_task_group' retrieved from /home/tejasvi/Desktop/airflow_ssh_simulation/venv/lib/python3.10/site-packages/airflow/example_dags/example_task_group.py
[2026-03-18T17:56:22.405+0530] {logging_mixin.py:188} INFO - [2026-03-18T17:56:22.404+0530] {dag.py:3047} INFO - Sync 1 DAGs
[2026-03-18T17:56:22.428+0530] {logging_mixin.py:188} INFO - [2026-03-18T17:56:22.428+0530] {dag.py:3834} INFO - Setting next_dagrun for example_task_group to 2026-03-17 00:00:00+00:00, run_after=2026-03-18 00:00:00+00:00
[2026-03-18T17:56:22.518+0530] {processor.py:183} INFO - Processing /home/tejasvi/Desktop/airflow_ssh_simulation/venv/lib/python3.10/site-packages/airflow/example_dags/example_task_group.py took 0.256 seconds
[2026-03-18T17:57:32.411+0530] {processor.py:161} INFO - Started process (PID=14661) to work on /home/tejasvi/Desktop/airflow_ssh_simulation/venv/lib/python3.10/site-packages/airflow/example_dags/example_task_group.py
[2026-03-18T17:57:32.421+0530] {processor.py:830} INFO - Processing file /home/tejasvi/Desktop/airflow_ssh_simulation/venv/lib/python3.10/site-packages/airflow/example_dags/example_task_group.py for tasks to queue
[2026-03-18T17:57:32.425+0530] {logging_mixin.py:188} INFO - [2026-03-18T17:57:32.424+0530] {dagbag.py:540} INFO - Filling up the DagBag from /home/tejasvi/Desktop/airflow_ssh_simulation/venv/lib/python3.10/site-packages/airflow/example_dags/example_task_group.py
[2026-03-18T17:57:32.437+0530] {processor.py:840} INFO - DAG(s) 'example_task_group' retrieved from /home/tejasvi/Desktop/airflow_ssh_simulation/venv/lib/python3.10/site-packages/airflow/example_dags/example_task_group.py
[2026-03-18T17:57:32.458+0530] {logging_mixin.py:188} INFO - [2026-03-18T17:57:32.457+0530] {dag.py:3047} INFO - Sync 1 DAGs
[2026-03-18T17:57:32.479+0530] {logging_mixin.py:188} INFO - [2026-03-18T17:57:32.479+0530] {dag.py:3834} INFO - Setting next_dagrun for example_task_group to 2026-03-17 00:00:00+00:00, run_after=2026-03-18 00:00:00+00:00
[2026-03-18T17:57:32.597+0530] {processor.py:183} INFO - Processing /home/tejasvi/Desktop/airflow_ssh_simulation/venv/lib/python3.10/site-packages/airflow/example_dags/example_task_group.py took 0.194 seconds
[2026-03-18T17:58:37.988+0530] {processor.py:161} INFO - Started process (PID=15149) to work on /home/tejasvi/Desktop/airflow_ssh_simulation/venv/lib/python3.10/site-packages/airflow/example_dags/example_task_group.py
[2026-03-18T17:58:38.053+0530] {processor.py:830} INFO - Processing file /home/tejasvi/Desktop/airflow_ssh_simulation/venv/lib/python3.10/site-packages/airflow/example_dags/example_task_group.py for tasks to queue
[2026-03-18T17:58:38.057+0530] {logging_mixin.py:188} INFO - [2026-03-18T17:58:38.056+0530] {dagbag.py:540} INFO - Filling up the DagBag from /home/tejasvi/Desktop/airflow_ssh_simulation/venv/lib/python3.10/site-packages/airflow/example_dags/example_task_group.py
[2026-03-18T17:58:38.067+0530] {processor.py:840} INFO - DAG(s) 'example_task_group' retrieved from /home/tejasvi/Desktop/airflow_ssh_simulation/venv/lib/python3.10/site-packages/airflow/example_dags/example_task_group.py
[2026-03-18T17:58:38.085+0530] {logging_mixin.py:188} INFO - [2026-03-18T17:58:38.085+0530] {dag.py:3047} INFO - Sync 1 DAGs
[2026-03-18T17:58:38.107+0530] {logging_mixin.py:188} INFO - [2026-03-18T17:58:38.107+0530] {dag.py:3834} INFO - Setting next_dagrun for example_task_group to 2026-03-17 00:00:00+00:00, run_after=2026-03-18 00:00:00+00:00
[2026-03-18T17:58:38.186+0530] {processor.py:183} INFO - Processing /home/tejasvi/Desktop/airflow_ssh_simulation/venv/lib/python3.10/site-packages/airflow/example_dags/example_task_group.py took 0.206 seconds
[2026-03-18T17:59:38.308+0530] {processor.py:161} INFO - Started process (PID=15369) to work on /home/tejasvi/Desktop/airflow_ssh_simulation/venv/lib/python3.10/site-packages/airflow/example_dags/example_task_group.py
[2026-03-18T17:59:38.408+0530] {processor.py:830} INFO - Processing file /home/tejasvi/Desktop/airflow_ssh_simulation/venv/lib/python3.10/site-packages/airflow/example_dags/example_task_group.py for tasks to queue
[2026-03-18T17:59:38.411+0530] {logging_mixin.py:188} INFO - [2026-03-18T17:59:38.411+0530] {dagbag.py:540} INFO - Filling up the DagBag from /home/tejasvi/Desktop/airflow_ssh_simulation/venv/lib/python3.10/site-packages/airflow/example_dags/example_task_group.py
[2026-03-18T17:59:38.423+0530] {processor.py:840} INFO - DAG(s) 'example_task_group' retrieved from /home/tejasvi/Desktop/airflow_ssh_simulation/venv/lib/python3.10/site-packages/airflow/example_dags/example_task_group.py
[2026-03-18T17:59:38.442+0530] {logging_mixin.py:188} INFO - [2026-03-18T17:59:38.442+0530] {dag.py:3047} INFO - Sync 1 DAGs
[2026-03-18T17:59:38.464+0530] {logging_mixin.py:188} INFO - [2026-03-18T17:59:38.463+0530] {dag.py:3834} INFO - Setting next_dagrun for example_task_group to 2026-03-17 00:00:00+00:00, run_after=2026-03-18 00:00:00+00:00
[2026-03-18T17:59:38.796+0530] {processor.py:183} INFO - Processing /home/tejasvi/Desktop/airflow_ssh_simulation/venv/lib/python3.10/site-packages/airflow/example_dags/example_task_group.py took 0.492 seconds
[2026-03-18T18:00:43.755+0530] {processor.py:161} INFO - Started process (PID=15542) to work on /home/tejasvi/Desktop/airflow_ssh_simulation/venv/lib/python3.10/site-packages/airflow/example_dags/example_task_group.py
[2026-03-18T18:00:43.772+0530] {processor.py:830} INFO - Processing file /home/tejasvi/Desktop/airflow_ssh_simulation/venv/lib/python3.10/site-packages/airflow/example_dags/example_task_group.py for tasks to queue
[2026-03-18T18:00:43.775+0530] {logging_mixin.py:188} INFO - [2026-03-18T18:00:43.775+0530] {dagbag.py:540} INFO - Filling up the DagBag from /home/tejasvi/Desktop/airflow_ssh_simulation/venv/lib/python3.10/site-packages/airflow/example_dags/example_task_group.py
[2026-03-18T18:00:43.786+0530] {processor.py:840} INFO - DAG(s) 'example_task_group' retrieved from /home/tejasvi/Desktop/airflow_ssh_simulation/venv/lib/python3.10/site-packages/airflow/example_dags/example_task_group.py
[2026-03-18T18:00:43.805+0530] {logging_mixin.py:188} INFO - [2026-03-18T18:00:43.805+0530] {dag.py:3047} INFO - Sync 1 DAGs
[2026-03-18T18:00:43.828+0530] {logging_mixin.py:188} INFO - [2026-03-18T18:00:43.828+0530] {dag.py:3834} INFO - Setting next_dagrun for example_task_group to 2026-03-17 00:00:00+00:00, run_after=2026-03-18 00:00:00+00:00
[2026-03-18T18:00:43.914+0530] {processor.py:183} INFO - Processing /home/tejasvi/Desktop/airflow_ssh_simulation/venv/lib/python3.10/site-packages/airflow/example_dags/example_task_group.py took 0.168 seconds
[2026-03-18T18:01:47.547+0530] {processor.py:161} INFO - Started process (PID=17589) to work on /home/tejasvi/Desktop/airflow_ssh_simulation/venv/lib/python3.10/site-packages/airflow/example_dags/example_task_group.py
[2026-03-18T18:01:47.618+0530] {processor.py:830} INFO - Processing file /home/tejasvi/Desktop/airflow_ssh_simulation/venv/lib/python3.10/site-packages/airflow/example_dags/example_task_group.py for tasks to queue
[2026-03-18T18:01:47.621+0530] {logging_mixin.py:188} INFO - [2026-03-18T18:01:47.620+0530] {dagbag.py:540} INFO - Filling up the DagBag from /home/tejasvi/Desktop/airflow_ssh_simulation/venv/lib/python3.10/site-packages/airflow/example_dags/example_task_group.py
[2026-03-18T18:01:47.638+0530] {processor.py:840} INFO - DAG(s) 'example_task_group' retrieved from /home/tejasvi/Desktop/airflow_ssh_simulation/venv/lib/python3.10/site-packages/airflow/example_dags/example_task_group.py
[2026-03-18T18:01:47.746+0530] {logging_mixin.py:188} INFO - [2026-03-18T18:01:47.746+0530] {dag.py:3047} INFO - Sync 1 DAGs
[2026-03-18T18:01:47.826+0530] {logging_mixin.py:188} INFO - [2026-03-18T18:01:47.826+0530] {dag.py:3834} INFO - Setting next_dagrun for example_task_group to 2026-03-17 00:00:00+00:00, run_after=2026-03-18 00:00:00+00:00
[2026-03-18T18:01:47.887+0530] {processor.py:183} INFO - Processing /home/tejasvi/Desktop/airflow_ssh_simulation/venv/lib/python3.10/site-packages/airflow/example_dags/example_task_group.py took 0.345 seconds
[2026-03-18T18:02:34.538+0530] {processor.py:161} INFO - Started process (PID=17990) to work on /home/tejasvi/Desktop/airflow_ssh_simulation/venv/lib/python3.10/site-packages/airflow/example_dags/example_task_group.py
[2026-03-18T18:02:34.643+0530] {processor.py:830} INFO - Processing file /home/tejasvi/Desktop/airflow_ssh_simulation/venv/lib/python3.10/site-packages/airflow/example_dags/example_task_group.py for tasks to queue
[2026-03-18T18:02:34.649+0530] {logging_mixin.py:188} INFO - [2026-03-18T18:02:34.647+0530] {dagbag.py:540} INFO - Filling up the DagBag from /home/tejasvi/Desktop/airflow_ssh_simulation/venv/lib/python3.10/site-packages/airflow/example_dags/example_task_group.py
[2026-03-18T18:02:34.674+0530] {processor.py:840} INFO - DAG(s) 'example_task_group' retrieved from /home/tejasvi/Desktop/airflow_ssh_simulation/venv/lib/python3.10/site-packages/airflow/example_dags/example_task_group.py
[2026-03-18T18:02:34.817+0530] {logging_mixin.py:188} INFO - [2026-03-18T18:02:34.817+0530] {dag.py:3047} INFO - Sync 1 DAGs
[2026-03-18T18:02:34.846+0530] {logging_mixin.py:188} INFO - [2026-03-18T18:02:34.846+0530] {dag.py:3834} INFO - Setting next_dagrun for example_task_group to 2026-03-17 00:00:00+00:00, run_after=2026-03-18 00:00:00+00:00
[2026-03-18T18:02:34.962+0530] {processor.py:183} INFO - Processing /home/tejasvi/Desktop/airflow_ssh_simulation/venv/lib/python3.10/site-packages/airflow/example_dags/example_task_group.py took 0.432 seconds
[2026-03-18T18:03:44.253+0530] {processor.py:161} INFO - Started process (PID=18180) to work on /home/tejasvi/Desktop/airflow_ssh_simulation/venv/lib/python3.10/site-packages/airflow/example_dags/example_task_group.py
[2026-03-18T18:03:44.371+0530] {processor.py:830} INFO - Processing file /home/tejasvi/Desktop/airflow_ssh_simulation/venv/lib/python3.10/site-packages/airflow/example_dags/example_task_group.py for tasks to queue
[2026-03-18T18:03:44.375+0530] {logging_mixin.py:188} INFO - [2026-03-18T18:03:44.374+0530] {dagbag.py:540} INFO - Filling up the DagBag from /home/tejasvi/Desktop/airflow_ssh_simulation/venv/lib/python3.10/site-packages/airflow/example_dags/example_task_group.py
[2026-03-18T18:03:44.387+0530] {processor.py:840} INFO - DAG(s) 'example_task_group' retrieved from /home/tejasvi/Desktop/airflow_ssh_simulation/venv/lib/python3.10/site-packages/airflow/example_dags/example_task_group.py
[2026-03-18T18:03:44.409+0530] {logging_mixin.py:188} INFO - [2026-03-18T18:03:44.409+0530] {dag.py:3047} INFO - Sync 1 DAGs
[2026-03-18T18:03:44.435+0530] {logging_mixin.py:188} INFO - [2026-03-18T18:03:44.435+0530] {dag.py:3834} INFO - Setting next_dagrun for example_task_group to 2026-03-17 00:00:00+00:00, run_after=2026-03-18 00:00:00+00:00
[2026-03-18T18:03:44.503+0530] {processor.py:183} INFO - Processing /home/tejasvi/Desktop/airflow_ssh_simulation/venv/lib/python3.10/site-packages/airflow/example_dags/example_task_group.py took 0.256 seconds
[2026-03-18T18:04:53.530+0530] {processor.py:161} INFO - Started process (PID=18676) to work on /home/tejasvi/Desktop/airflow_ssh_simulation/venv/lib/python3.10/site-packages/airflow/example_dags/example_task_group.py
[2026-03-18T18:04:54.087+0530] {processor.py:830} INFO - Processing file /home/tejasvi/Desktop/airflow_ssh_simulation/venv/lib/python3.10/site-packages/airflow/example_dags/example_task_group.py for tasks to queue
[2026-03-18T18:04:54.091+0530] {logging_mixin.py:188} INFO - [2026-03-18T18:04:54.090+0530] {dagbag.py:540} INFO - Filling up the DagBag from /home/tejasvi/Desktop/airflow_ssh_simulation/venv/lib/python3.10/site-packages/airflow/example_dags/example_task_group.py
[2026-03-18T18:04:54.104+0530] {processor.py:840} INFO - DAG(s) 'example_task_group' retrieved from /home/tejasvi/Desktop/airflow_ssh_simulation/venv/lib/python3.10/site-packages/airflow/example_dags/example_task_group.py
[2026-03-18T18:04:54.125+0530] {logging_mixin.py:188} INFO - [2026-03-18T18:04:54.124+0530] {dag.py:3047} INFO - Sync 1 DAGs
[2026-03-18T18:04:54.148+0530] {logging_mixin.py:188} INFO - [2026-03-18T18:04:54.148+0530] {dag.py:3834} INFO - Setting next_dagrun for example_task_group to 2026-03-17 00:00:00+00:00, run_after=2026-03-18 00:00:00+00:00
[2026-03-18T18:04:54.195+0530] {processor.py:183} INFO - Processing /home/tejasvi/Desktop/airflow_ssh_simulation/venv/lib/python3.10/site-packages/airflow/example_dags/example_task_group.py took 0.671 seconds
[2026-03-18T18:05:57.596+0530] {processor.py:161} INFO - Started process (PID=18860) to work on /home/tejasvi/Desktop/airflow_ssh_simulation/venv/lib/python3.10/site-packages/airflow/example_dags/example_task_group.py
[2026-03-18T18:05:57.695+0530] {processor.py:830} INFO - Processing file /home/tejasvi/Desktop/airflow_ssh_simulation/venv/lib/python3.10/site-packages/airflow/example_dags/example_task_group.py for tasks to queue
[2026-03-18T18:05:57.701+0530] {logging_mixin.py:188} INFO - [2026-03-18T18:05:57.700+0530] {dagbag.py:540} INFO - Filling up the DagBag from /home/tejasvi/Desktop/airflow_ssh_simulation/venv/lib/python3.10/site-packages/airflow/example_dags/example_task_group.py
[2026-03-18T18:05:57.717+0530] {processor.py:840} INFO - DAG(s) 'example_task_group' retrieved from /home/tejasvi/Desktop/airflow_ssh_simulation/venv/lib/python3.10/site-packages/airflow/example_dags/example_task_group.py
[2026-03-18T18:05:57.745+0530] {logging_mixin.py:188} INFO - [2026-03-18T18:05:57.745+0530] {dag.py:3047} INFO - Sync 1 DAGs
[2026-03-18T18:05:57.769+0530] {logging_mixin.py:188} INFO - [2026-03-18T18:05:57.768+0530] {dag.py:3834} INFO - Setting next_dagrun for example_task_group to 2026-03-17 00:00:00+00:00, run_after=2026-03-18 00:00:00+00:00
[2026-03-18T18:05:57.840+0530] {processor.py:183} INFO - Processing /home/tejasvi/Desktop/airflow_ssh_simulation/venv/lib/python3.10/site-packages/airflow/example_dags/example_task_group.py took 0.249 seconds
[2026-03-18T18:06:56.114+0530] {processor.py:161} INFO - Started process (PID=19024) to work on /home/tejasvi/Desktop/airflow_ssh_simulation/venv/lib/python3.10/site-packages/airflow/example_dags/example_task_group.py
[2026-03-18T18:06:56.148+0530] {processor.py:830} INFO - Processing file /home/tejasvi/Desktop/airflow_ssh_simulation/venv/lib/python3.10/site-packages/airflow/example_dags/example_task_group.py for tasks to queue
[2026-03-18T18:06:56.151+0530] {logging_mixin.py:188} INFO - [2026-03-18T18:06:56.151+0530] {dagbag.py:540} INFO - Filling up the DagBag from /home/tejasvi/Desktop/airflow_ssh_simulation/venv/lib/python3.10/site-packages/airflow/example_dags/example_task_group.py
[2026-03-18T18:06:56.163+0530] {processor.py:840} INFO - DAG(s) 'example_task_group' retrieved from /home/tejasvi/Desktop/airflow_ssh_simulation/venv/lib/python3.10/site-packages/airflow/example_dags/example_task_group.py
[2026-03-18T18:06:56.182+0530] {logging_mixin.py:188} INFO - [2026-03-18T18:06:56.181+0530] {dag.py:3047} INFO - Sync 1 DAGs
[2026-03-18T18:06:56.203+0530] {logging_mixin.py:188} INFO - [2026-03-18T18:06:56.203+0530] {dag.py:3834} INFO - Setting next_dagrun for example_task_group to 2026-03-17 00:00:00+00:00, run_after=2026-03-18 00:00:00+00:00
[2026-03-18T18:06:56.274+0530] {processor.py:183} INFO - Processing /home/tejasvi/Desktop/airflow_ssh_simulation/venv/lib/python3.10/site-packages/airflow/example_dags/example_task_group.py took 0.165 seconds
[2026-03-18T18:07:58.901+0530] {processor.py:161} INFO - Started process (PID=19184) to work on /home/tejasvi/Desktop/airflow_ssh_simulation/venv/lib/python3.10/site-packages/airflow/example_dags/example_task_group.py
[2026-03-18T18:07:58.905+0530] {processor.py:830} INFO - Processing file /home/tejasvi/Desktop/airflow_ssh_simulation/venv/lib/python3.10/site-packages/airflow/example_dags/example_task_group.py for tasks to queue
[2026-03-18T18:07:58.908+0530] {logging_mixin.py:188} INFO - [2026-03-18T18:07:58.907+0530] {dagbag.py:540} INFO - Filling up the DagBag from /home/tejasvi/Desktop/airflow_ssh_simulation/venv/lib/python3.10/site-packages/airflow/example_dags/example_task_group.py
[2026-03-18T18:07:58.919+0530] {processor.py:840} INFO - DAG(s) 'example_task_group' retrieved from /home/tejasvi/Desktop/airflow_ssh_simulation/venv/lib/python3.10/site-packages/airflow/example_dags/example_task_group.py
[2026-03-18T18:07:58.939+0530] {logging_mixin.py:188} INFO - [2026-03-18T18:07:58.939+0530] {dag.py:3047} INFO - Sync 1 DAGs
[2026-03-18T18:07:58.963+0530] {logging_mixin.py:188} INFO - [2026-03-18T18:07:58.963+0530] {dag.py:3834} INFO - Setting next_dagrun for example_task_group to 2026-03-17 00:00:00+00:00, run_after=2026-03-18 00:00:00+00:00
[2026-03-18T18:07:59.029+0530] {processor.py:183} INFO - Processing /home/tejasvi/Desktop/airflow_ssh_simulation/venv/lib/python3.10/site-packages/airflow/example_dags/example_task_group.py took 0.134 seconds
[2026-03-18T18:08:58.915+0530] {processor.py:161} INFO - Started process (PID=19352) to work on /home/tejasvi/Desktop/airflow_ssh_simulation/venv/lib/python3.10/site-packages/airflow/example_dags/example_task_group.py
[2026-03-18T18:08:58.978+0530] {processor.py:830} INFO - Processing file /home/tejasvi/Desktop/airflow_ssh_simulation/venv/lib/python3.10/site-packages/airflow/example_dags/example_task_group.py for tasks to queue
[2026-03-18T18:08:58.982+0530] {logging_mixin.py:188} INFO - [2026-03-18T18:08:58.982+0530] {dagbag.py:540} INFO - Filling up the DagBag from /home/tejasvi/Desktop/airflow_ssh_simulation/venv/lib/python3.10/site-packages/airflow/example_dags/example_task_group.py
[2026-03-18T18:08:58.996+0530] {processor.py:840} INFO - DAG(s) 'example_task_group' retrieved from /home/tejasvi/Desktop/airflow_ssh_simulation/venv/lib/python3.10/site-packages/airflow/example_dags/example_task_group.py
[2026-03-18T18:08:59.019+0530] {logging_mixin.py:188} INFO - [2026-03-18T18:08:59.019+0530] {dag.py:3047} INFO - Sync 1 DAGs
[2026-03-18T18:08:59.045+0530] {logging_mixin.py:188} INFO - [2026-03-18T18:08:59.044+0530] {dag.py:3834} INFO - Setting next_dagrun for example_task_group to 2026-03-17 00:00:00+00:00, run_after=2026-03-18 00:00:00+00:00
[2026-03-18T18:08:59.106+0530] {processor.py:183} INFO - Processing /home/tejasvi/Desktop/airflow_ssh_simulation/venv/lib/python3.10/site-packages/airflow/example_dags/example_task_group.py took 0.196 seconds
[2026-03-18T18:09:56.183+0530] {processor.py:161} INFO - Started process (PID=19508) to work on /home/tejasvi/Desktop/airflow_ssh_simulation/venv/lib/python3.10/site-packages/airflow/example_dags/example_task_group.py
[2026-03-18T18:09:56.262+0530] {processor.py:830} INFO - Processing file /home/tejasvi/Desktop/airflow_ssh_simulation/venv/lib/python3.10/site-packages/airflow/example_dags/example_task_group.py for tasks to queue
[2026-03-18T18:09:56.266+0530] {logging_mixin.py:188} INFO - [2026-03-18T18:09:56.265+0530] {dagbag.py:540} INFO - Filling up the DagBag from /home/tejasvi/Desktop/airflow_ssh_simulation/venv/lib/python3.10/site-packages/airflow/example_dags/example_task_group.py
[2026-03-18T18:09:56.278+0530] {processor.py:840} INFO - DAG(s) 'example_task_group' retrieved from /home/tejasvi/Desktop/airflow_ssh_simulation/venv/lib/python3.10/site-packages/airflow/example_dags/example_task_group.py
[2026-03-18T18:09:56.297+0530] {logging_mixin.py:188} INFO - [2026-03-18T18:09:56.297+0530] {dag.py:3047} INFO - Sync 1 DAGs
[2026-03-18T18:09:56.320+0530] {logging_mixin.py:188} INFO - [2026-03-18T18:09:56.320+0530] {dag.py:3834} INFO - Setting next_dagrun for example_task_group to 2026-03-17 00:00:00+00:00, run_after=2026-03-18 00:00:00+00:00
[2026-03-18T18:09:56.396+0530] {processor.py:183} INFO - Processing /home/tejasvi/Desktop/airflow_ssh_simulation/venv/lib/python3.10/site-packages/airflow/example_dags/example_task_group.py took 0.223 seconds
[2026-03-18T18:10:55.858+0530] {processor.py:161} INFO - Started process (PID=19673) to work on /home/tejasvi/Desktop/airflow_ssh_simulation/venv/lib/python3.10/site-packages/airflow/example_dags/example_task_group.py
[2026-03-18T18:10:55.863+0530] {processor.py:830} INFO - Processing file /home/tejasvi/Desktop/airflow_ssh_simulation/venv/lib/python3.10/site-packages/airflow/example_dags/example_task_group.py for tasks to queue
[2026-03-18T18:10:55.867+0530] {logging_mixin.py:188} INFO - [2026-03-18T18:10:55.867+0530] {dagbag.py:540} INFO - Filling up the DagBag from /home/tejasvi/Desktop/airflow_ssh_simulation/venv/lib/python3.10/site-packages/airflow/example_dags/example_task_group.py
[2026-03-18T18:10:55.880+0530] {processor.py:840} INFO - DAG(s) 'example_task_group' retrieved from /home/tejasvi/Desktop/airflow_ssh_simulation/venv/lib/python3.10/site-packages/airflow/example_dags/example_task_group.py
[2026-03-18T18:10:55.900+0530] {logging_mixin.py:188} INFO - [2026-03-18T18:10:55.899+0530] {dag.py:3047} INFO - Sync 1 DAGs
[2026-03-18T18:10:55.923+0530] {logging_mixin.py:188} INFO - [2026-03-18T18:10:55.923+0530] {dag.py:3834} INFO - Setting next_dagrun for example_task_group to 2026-03-17 00:00:00+00:00, run_after=2026-03-18 00:00:00+00:00
[2026-03-18T18:10:56.009+0530] {processor.py:183} INFO - Processing /home/tejasvi/Desktop/airflow_ssh_simulation/venv/lib/python3.10/site-packages/airflow/example_dags/example_task_group.py took 0.157 seconds
[2026-03-18T18:12:05.131+0530] {processor.py:161} INFO - Started process (PID=19884) to work on /home/tejasvi/Desktop/airflow_ssh_simulation/venv/lib/python3.10/site-packages/airflow/example_dags/example_task_group.py
[2026-03-18T18:12:05.239+0530] {processor.py:830} INFO - Processing file /home/tejasvi/Desktop/airflow_ssh_simulation/venv/lib/python3.10/site-packages/airflow/example_dags/example_task_group.py for tasks to queue
[2026-03-18T18:12:05.244+0530] {logging_mixin.py:188} INFO - [2026-03-18T18:12:05.243+0530] {dagbag.py:540} INFO - Filling up the DagBag from /home/tejasvi/Desktop/airflow_ssh_simulation/venv/lib/python3.10/site-packages/airflow/example_dags/example_task_group.py
[2026-03-18T18:12:05.255+0530] {processor.py:840} INFO - DAG(s) 'example_task_group' retrieved from /home/tejasvi/Desktop/airflow_ssh_simulation/venv/lib/python3.10/site-packages/airflow/example_dags/example_task_group.py
[2026-03-18T18:12:05.274+0530] {logging_mixin.py:188} INFO - [2026-03-18T18:12:05.273+0530] {dag.py:3047} INFO - Sync 1 DAGs
[2026-03-18T18:12:05.297+0530] {logging_mixin.py:188} INFO - [2026-03-18T18:12:05.297+0530] {dag.py:3834} INFO - Setting next_dagrun for example_task_group to 2026-03-17 00:00:00+00:00, run_after=2026-03-18 00:00:00+00:00
[2026-03-18T18:12:05.498+0530] {processor.py:183} INFO - Processing /home/tejasvi/Desktop/airflow_ssh_simulation/venv/lib/python3.10/site-packages/airflow/example_dags/example_task_group.py took 0.373 seconds
[2026-03-18T18:13:15.303+0530] {processor.py:161} INFO - Started process (PID=20048) to work on /home/tejasvi/Desktop/airflow_ssh_simulation/venv/lib/python3.10/site-packages/airflow/example_dags/example_task_group.py
[2026-03-18T18:13:15.361+0530] {processor.py:830} INFO - Processing file /home/tejasvi/Desktop/airflow_ssh_simulation/venv/lib/python3.10/site-packages/airflow/example_dags/example_task_group.py for tasks to queue
[2026-03-18T18:13:15.367+0530] {logging_mixin.py:188} INFO - [2026-03-18T18:13:15.366+0530] {dagbag.py:540} INFO - Filling up the DagBag from /home/tejasvi/Desktop/airflow_ssh_simulation/venv/lib/python3.10/site-packages/airflow/example_dags/example_task_group.py
[2026-03-18T18:13:15.385+0530] {processor.py:840} INFO - DAG(s) 'example_task_group' retrieved from /home/tejasvi/Desktop/airflow_ssh_simulation/venv/lib/python3.10/site-packages/airflow/example_dags/example_task_group.py
[2026-03-18T18:13:15.413+0530] {logging_mixin.py:188} INFO - [2026-03-18T18:13:15.413+0530] {dag.py:3047} INFO - Sync 1 DAGs
[2026-03-18T18:13:15.436+0530] {logging_mixin.py:188} INFO - [2026-03-18T18:13:15.435+0530] {dag.py:3834} INFO - Setting next_dagrun for example_task_group to 2026-03-17 00:00:00+00:00, run_after=2026-03-18 00:00:00+00:00
[2026-03-18T18:13:15.542+0530] {processor.py:183} INFO - Processing /home/tejasvi/Desktop/airflow_ssh_simulation/venv/lib/python3.10/site-packages/airflow/example_dags/example_task_group.py took 0.247 seconds
[2026-03-18T18:14:35.820+0530] {processor.py:161} INFO - Started process (PID=20232) to work on /home/tejasvi/Desktop/airflow_ssh_simulation/venv/lib/python3.10/site-packages/airflow/example_dags/example_task_group.py
[2026-03-18T18:14:36.236+0530] {processor.py:830} INFO - Processing file /home/tejasvi/Desktop/airflow_ssh_simulation/venv/lib/python3.10/site-packages/airflow/example_dags/example_task_group.py for tasks to queue
[2026-03-18T18:14:36.241+0530] {logging_mixin.py:188} INFO - [2026-03-18T18:14:36.240+0530] {dagbag.py:540} INFO - Filling up the DagBag from /home/tejasvi/Desktop/airflow_ssh_simulation/venv/lib/python3.10/site-packages/airflow/example_dags/example_task_group.py
[2026-03-18T18:14:36.261+0530] {processor.py:840} INFO - DAG(s) 'example_task_group' retrieved from /home/tejasvi/Desktop/airflow_ssh_simulation/venv/lib/python3.10/site-packages/airflow/example_dags/example_task_group.py
[2026-03-18T18:14:36.292+0530] {logging_mixin.py:188} INFO - [2026-03-18T18:14:36.291+0530] {dag.py:3047} INFO - Sync 1 DAGs
[2026-03-18T18:14:36.328+0530] {logging_mixin.py:188} INFO - [2026-03-18T18:14:36.327+0530] {dag.py:3834} INFO - Setting next_dagrun for example_task_group to 2026-03-17 00:00:00+00:00, run_after=2026-03-18 00:00:00+00:00
[2026-03-18T18:14:36.763+0530] {processor.py:183} INFO - Processing /home/tejasvi/Desktop/airflow_ssh_simulation/venv/lib/python3.10/site-packages/airflow/example_dags/example_task_group.py took 0.948 seconds
[2026-03-18T18:15:49.161+0530] {processor.py:161} INFO - Started process (PID=20403) to work on /home/tejasvi/Desktop/airflow_ssh_simulation/venv/lib/python3.10/site-packages/airflow/example_dags/example_task_group.py
[2026-03-18T18:15:49.195+0530] {processor.py:830} INFO - Processing file /home/tejasvi/Desktop/airflow_ssh_simulation/venv/lib/python3.10/site-packages/airflow/example_dags/example_task_group.py for tasks to queue
[2026-03-18T18:15:49.201+0530] {logging_mixin.py:188} INFO - [2026-03-18T18:15:49.200+0530] {dagbag.py:540} INFO - Filling up the DagBag from /home/tejasvi/Desktop/airflow_ssh_simulation/venv/lib/python3.10/site-packages/airflow/example_dags/example_task_group.py
[2026-03-18T18:15:49.224+0530] {processor.py:840} INFO - DAG(s) 'example_task_group' retrieved from /home/tejasvi/Desktop/airflow_ssh_simulation/venv/lib/python3.10/site-packages/airflow/example_dags/example_task_group.py
[2026-03-18T18:15:49.244+0530] {logging_mixin.py:188} INFO - [2026-03-18T18:15:49.244+0530] {dag.py:3047} INFO - Sync 1 DAGs
[2026-03-18T18:15:49.269+0530] {logging_mixin.py:188} INFO - [2026-03-18T18:15:49.269+0530] {dag.py:3834} INFO - Setting next_dagrun for example_task_group to 2026-03-17 00:00:00+00:00, run_after=2026-03-18 00:00:00+00:00
[2026-03-18T18:15:49.360+0530] {processor.py:183} INFO - Processing /home/tejasvi/Desktop/airflow_ssh_simulation/venv/lib/python3.10/site-packages/airflow/example_dags/example_task_group.py took 0.206 seconds
[2026-03-18T18:16:52.962+0530] {processor.py:161} INFO - Started process (PID=20594) to work on /home/tejasvi/Desktop/airflow_ssh_simulation/venv/lib/python3.10/site-packages/airflow/example_dags/example_task_group.py
[2026-03-18T18:16:53.038+0530] {processor.py:830} INFO - Processing file /home/tejasvi/Desktop/airflow_ssh_simulation/venv/lib/python3.10/site-packages/airflow/example_dags/example_task_group.py for tasks to queue
[2026-03-18T18:16:53.044+0530] {logging_mixin.py:188} INFO - [2026-03-18T18:16:53.043+0530] {dagbag.py:540} INFO - Filling up the DagBag from /home/tejasvi/Desktop/airflow_ssh_simulation/venv/lib/python3.10/site-packages/airflow/example_dags/example_task_group.py
[2026-03-18T18:16:53.069+0530] {processor.py:840} INFO - DAG(s) 'example_task_group' retrieved from /home/tejasvi/Desktop/airflow_ssh_simulation/venv/lib/python3.10/site-packages/airflow/example_dags/example_task_group.py
[2026-03-18T18:16:53.096+0530] {logging_mixin.py:188} INFO - [2026-03-18T18:16:53.096+0530] {dag.py:3047} INFO - Sync 1 DAGs
[2026-03-18T18:16:53.119+0530] {logging_mixin.py:188} INFO - [2026-03-18T18:16:53.119+0530] {dag.py:3834} INFO - Setting next_dagrun for example_task_group to 2026-03-17 00:00:00+00:00, run_after=2026-03-18 00:00:00+00:00
[2026-03-18T18:16:53.176+0530] {processor.py:183} INFO - Processing /home/tejasvi/Desktop/airflow_ssh_simulation/venv/lib/python3.10/site-packages/airflow/example_dags/example_task_group.py took 0.223 seconds
[2026-03-18T18:18:12.753+0530] {processor.py:161} INFO - Started process (PID=21915) to work on /home/tejasvi/Desktop/airflow_ssh_simulation/venv/lib/python3.10/site-packages/airflow/example_dags/example_task_group.py
[2026-03-18T18:18:12.757+0530] {processor.py:830} INFO - Processing file /home/tejasvi/Desktop/airflow_ssh_simulation/venv/lib/python3.10/site-packages/airflow/example_dags/example_task_group.py for tasks to queue
[2026-03-18T18:18:12.760+0530] {logging_mixin.py:188} INFO - [2026-03-18T18:18:12.760+0530] {dagbag.py:540} INFO - Filling up the DagBag from /home/tejasvi/Desktop/airflow_ssh_simulation/venv/lib/python3.10/site-packages/airflow/example_dags/example_task_group.py
[2026-03-18T18:18:12.773+0530] {processor.py:840} INFO - DAG(s) 'example_task_group' retrieved from /home/tejasvi/Desktop/airflow_ssh_simulation/venv/lib/python3.10/site-packages/airflow/example_dags/example_task_group.py
[2026-03-18T18:18:12.874+0530] {logging_mixin.py:188} INFO - [2026-03-18T18:18:12.873+0530] {dag.py:3047} INFO - Sync 1 DAGs
[2026-03-18T18:18:12.998+0530] {logging_mixin.py:188} INFO - [2026-03-18T18:18:12.997+0530] {dag.py:3834} INFO - Setting next_dagrun for example_task_group to 2026-03-17 00:00:00+00:00, run_after=2026-03-18 00:00:00+00:00
[2026-03-18T18:18:13.174+0530] {processor.py:183} INFO - Processing /home/tejasvi/Desktop/airflow_ssh_simulation/venv/lib/python3.10/site-packages/airflow/example_dags/example_task_group.py took 0.427 seconds
[2026-03-18T18:19:22.702+0530] {processor.py:161} INFO - Started process (PID=22161) to work on /home/tejasvi/Desktop/airflow_ssh_simulation/venv/lib/python3.10/site-packages/airflow/example_dags/example_task_group.py
[2026-03-18T18:19:22.720+0530] {processor.py:830} INFO - Processing file /home/tejasvi/Desktop/airflow_ssh_simulation/venv/lib/python3.10/site-packages/airflow/example_dags/example_task_group.py for tasks to queue
[2026-03-18T18:19:22.724+0530] {logging_mixin.py:188} INFO - [2026-03-18T18:19:22.723+0530] {dagbag.py:540} INFO - Filling up the DagBag from /home/tejasvi/Desktop/airflow_ssh_simulation/venv/lib/python3.10/site-packages/airflow/example_dags/example_task_group.py
[2026-03-18T18:19:22.736+0530] {processor.py:840} INFO - DAG(s) 'example_task_group' retrieved from /home/tejasvi/Desktop/airflow_ssh_simulation/venv/lib/python3.10/site-packages/airflow/example_dags/example_task_group.py
[2026-03-18T18:19:22.756+0530] {logging_mixin.py:188} INFO - [2026-03-18T18:19:22.756+0530] {dag.py:3047} INFO - Sync 1 DAGs
[2026-03-18T18:19:22.780+0530] {logging_mixin.py:188} INFO - [2026-03-18T18:19:22.780+0530] {dag.py:3834} INFO - Setting next_dagrun for example_task_group to 2026-03-17 00:00:00+00:00, run_after=2026-03-18 00:00:00+00:00
[2026-03-18T18:19:23.272+0530] {processor.py:183} INFO - Processing /home/tejasvi/Desktop/airflow_ssh_simulation/venv/lib/python3.10/site-packages/airflow/example_dags/example_task_group.py took 0.579 seconds
[2026-03-18T18:20:34.625+0530] {processor.py:161} INFO - Started process (PID=22374) to work on /home/tejasvi/Desktop/airflow_ssh_simulation/venv/lib/python3.10/site-packages/airflow/example_dags/example_task_group.py
[2026-03-18T18:20:34.642+0530] {processor.py:830} INFO - Processing file /home/tejasvi/Desktop/airflow_ssh_simulation/venv/lib/python3.10/site-packages/airflow/example_dags/example_task_group.py for tasks to queue
[2026-03-18T18:20:34.646+0530] {logging_mixin.py:188} INFO - [2026-03-18T18:20:34.645+0530] {dagbag.py:540} INFO - Filling up the DagBag from /home/tejasvi/Desktop/airflow_ssh_simulation/venv/lib/python3.10/site-packages/airflow/example_dags/example_task_group.py
[2026-03-18T18:20:34.658+0530] {processor.py:840} INFO - DAG(s) 'example_task_group' retrieved from /home/tejasvi/Desktop/airflow_ssh_simulation/venv/lib/python3.10/site-packages/airflow/example_dags/example_task_group.py
[2026-03-18T18:20:34.677+0530] {logging_mixin.py:188} INFO - [2026-03-18T18:20:34.677+0530] {dag.py:3047} INFO - Sync 1 DAGs
[2026-03-18T18:20:34.702+0530] {logging_mixin.py:188} INFO - [2026-03-18T18:20:34.701+0530] {dag.py:3834} INFO - Setting next_dagrun for example_task_group to 2026-03-17 00:00:00+00:00, run_after=2026-03-18 00:00:00+00:00
[2026-03-18T18:20:34.846+0530] {processor.py:183} INFO - Processing /home/tejasvi/Desktop/airflow_ssh_simulation/venv/lib/python3.10/site-packages/airflow/example_dags/example_task_group.py took 0.226 seconds
[2026-03-18T18:21:39.927+0530] {processor.py:161} INFO - Started process (PID=22572) to work on /home/tejasvi/Desktop/airflow_ssh_simulation/venv/lib/python3.10/site-packages/airflow/example_dags/example_task_group.py
[2026-03-18T18:21:39.953+0530] {processor.py:830} INFO - Processing file /home/tejasvi/Desktop/airflow_ssh_simulation/venv/lib/python3.10/site-packages/airflow/example_dags/example_task_group.py for tasks to queue
[2026-03-18T18:21:39.956+0530] {logging_mixin.py:188} INFO - [2026-03-18T18:21:39.955+0530] {dagbag.py:540} INFO - Filling up the DagBag from /home/tejasvi/Desktop/airflow_ssh_simulation/venv/lib/python3.10/site-packages/airflow/example_dags/example_task_group.py
[2026-03-18T18:21:39.968+0530] {processor.py:840} INFO - DAG(s) 'example_task_group' retrieved from /home/tejasvi/Desktop/airflow_ssh_simulation/venv/lib/python3.10/site-packages/airflow/example_dags/example_task_group.py
[2026-03-18T18:21:39.990+0530] {logging_mixin.py:188} INFO - [2026-03-18T18:21:39.990+0530] {dag.py:3047} INFO - Sync 1 DAGs
[2026-03-18T18:21:40.015+0530] {logging_mixin.py:188} INFO - [2026-03-18T18:21:40.015+0530] {dag.py:3834} INFO - Setting next_dagrun for example_task_group to 2026-03-17 00:00:00+00:00, run_after=2026-03-18 00:00:00+00:00
[2026-03-18T18:21:40.091+0530] {processor.py:183} INFO - Processing /home/tejasvi/Desktop/airflow_ssh_simulation/venv/lib/python3.10/site-packages/airflow/example_dags/example_task_group.py took 0.168 seconds
[2026-03-18T18:22:49.935+0530] {processor.py:161} INFO - Started process (PID=22747) to work on /home/tejasvi/Desktop/airflow_ssh_simulation/venv/lib/python3.10/site-packages/airflow/example_dags/example_task_group.py
[2026-03-18T18:22:49.970+0530] {processor.py:830} INFO - Processing file /home/tejasvi/Desktop/airflow_ssh_simulation/venv/lib/python3.10/site-packages/airflow/example_dags/example_task_group.py for tasks to queue
[2026-03-18T18:22:49.974+0530] {logging_mixin.py:188} INFO - [2026-03-18T18:22:49.973+0530] {dagbag.py:540} INFO - Filling up the DagBag from /home/tejasvi/Desktop/airflow_ssh_simulation/venv/lib/python3.10/site-packages/airflow/example_dags/example_task_group.py
[2026-03-18T18:22:49.992+0530] {processor.py:840} INFO - DAG(s) 'example_task_group' retrieved from /home/tejasvi/Desktop/airflow_ssh_simulation/venv/lib/python3.10/site-packages/airflow/example_dags/example_task_group.py
[2026-03-18T18:22:50.019+0530] {logging_mixin.py:188} INFO - [2026-03-18T18:22:50.019+0530] {dag.py:3047} INFO - Sync 1 DAGs
[2026-03-18T18:22:50.044+0530] {logging_mixin.py:188} INFO - [2026-03-18T18:22:50.043+0530] {dag.py:3834} INFO - Setting next_dagrun for example_task_group to 2026-03-17 00:00:00+00:00, run_after=2026-03-18 00:00:00+00:00
[2026-03-18T18:22:50.108+0530] {processor.py:183} INFO - Processing /home/tejasvi/Desktop/airflow_ssh_simulation/venv/lib/python3.10/site-packages/airflow/example_dags/example_task_group.py took 0.181 seconds
[2026-03-18T18:23:53.520+0530] {processor.py:161} INFO - Started process (PID=22899) to work on /home/tejasvi/Desktop/airflow_ssh_simulation/venv/lib/python3.10/site-packages/airflow/example_dags/example_task_group.py
[2026-03-18T18:23:53.728+0530] {processor.py:830} INFO - Processing file /home/tejasvi/Desktop/airflow_ssh_simulation/venv/lib/python3.10/site-packages/airflow/example_dags/example_task_group.py for tasks to queue
[2026-03-18T18:23:53.733+0530] {logging_mixin.py:188} INFO - [2026-03-18T18:23:53.732+0530] {dagbag.py:540} INFO - Filling up the DagBag from /home/tejasvi/Desktop/airflow_ssh_simulation/venv/lib/python3.10/site-packages/airflow/example_dags/example_task_group.py
[2026-03-18T18:23:53.758+0530] {processor.py:840} INFO - DAG(s) 'example_task_group' retrieved from /home/tejasvi/Desktop/airflow_ssh_simulation/venv/lib/python3.10/site-packages/airflow/example_dags/example_task_group.py
[2026-03-18T18:23:53.788+0530] {logging_mixin.py:188} INFO - [2026-03-18T18:23:53.788+0530] {dag.py:3047} INFO - Sync 1 DAGs
[2026-03-18T18:23:53.813+0530] {logging_mixin.py:188} INFO - [2026-03-18T18:23:53.813+0530] {dag.py:3834} INFO - Setting next_dagrun for example_task_group to 2026-03-17 00:00:00+00:00, run_after=2026-03-18 00:00:00+00:00
[2026-03-18T18:23:53.998+0530] {processor.py:183} INFO - Processing /home/tejasvi/Desktop/airflow_ssh_simulation/venv/lib/python3.10/site-packages/airflow/example_dags/example_task_group.py took 0.488 seconds
[2026-03-18T18:25:01.433+0530] {processor.py:161} INFO - Started process (PID=23083) to work on /home/tejasvi/Desktop/airflow_ssh_simulation/venv/lib/python3.10/site-packages/airflow/example_dags/example_task_group.py
[2026-03-18T18:25:01.620+0530] {processor.py:830} INFO - Processing file /home/tejasvi/Desktop/airflow_ssh_simulation/venv/lib/python3.10/site-packages/airflow/example_dags/example_task_group.py for tasks to queue
[2026-03-18T18:25:01.624+0530] {logging_mixin.py:188} INFO - [2026-03-18T18:25:01.623+0530] {dagbag.py:540} INFO - Filling up the DagBag from /home/tejasvi/Desktop/airflow_ssh_simulation/venv/lib/python3.10/site-packages/airflow/example_dags/example_task_group.py
[2026-03-18T18:25:01.637+0530] {processor.py:840} INFO - DAG(s) 'example_task_group' retrieved from /home/tejasvi/Desktop/airflow_ssh_simulation/venv/lib/python3.10/site-packages/airflow/example_dags/example_task_group.py
[2026-03-18T18:25:01.660+0530] {logging_mixin.py:188} INFO - [2026-03-18T18:25:01.659+0530] {dag.py:3047} INFO - Sync 1 DAGs
[2026-03-18T18:25:01.686+0530] {logging_mixin.py:188} INFO - [2026-03-18T18:25:01.685+0530] {dag.py:3834} INFO - Setting next_dagrun for example_task_group to 2026-03-17 00:00:00+00:00, run_after=2026-03-18 00:00:00+00:00
[2026-03-18T18:25:01.778+0530] {processor.py:183} INFO - Processing /home/tejasvi/Desktop/airflow_ssh_simulation/venv/lib/python3.10/site-packages/airflow/example_dags/example_task_group.py took 0.355 seconds
[2026-03-18T18:25:58.638+0530] {processor.py:161} INFO - Started process (PID=23263) to work on /home/tejasvi/Desktop/airflow_ssh_simulation/venv/lib/python3.10/site-packages/airflow/example_dags/example_task_group.py
[2026-03-18T18:25:58.717+0530] {processor.py:830} INFO - Processing file /home/tejasvi/Desktop/airflow_ssh_simulation/venv/lib/python3.10/site-packages/airflow/example_dags/example_task_group.py for tasks to queue
[2026-03-18T18:25:58.722+0530] {logging_mixin.py:188} INFO - [2026-03-18T18:25:58.721+0530] {dagbag.py:540} INFO - Filling up the DagBag from /home/tejasvi/Desktop/airflow_ssh_simulation/venv/lib/python3.10/site-packages/airflow/example_dags/example_task_group.py
[2026-03-18T18:25:58.734+0530] {processor.py:840} INFO - DAG(s) 'example_task_group' retrieved from /home/tejasvi/Desktop/airflow_ssh_simulation/venv/lib/python3.10/site-packages/airflow/example_dags/example_task_group.py
[2026-03-18T18:25:58.753+0530] {logging_mixin.py:188} INFO - [2026-03-18T18:25:58.752+0530] {dag.py:3047} INFO - Sync 1 DAGs
[2026-03-18T18:25:58.776+0530] {logging_mixin.py:188} INFO - [2026-03-18T18:25:58.775+0530] {dag.py:3834} INFO - Setting next_dagrun for example_task_group to 2026-03-17 00:00:00+00:00, run_after=2026-03-18 00:00:00+00:00
[2026-03-18T18:25:58.841+0530] {processor.py:183} INFO - Processing /home/tejasvi/Desktop/airflow_ssh_simulation/venv/lib/python3.10/site-packages/airflow/example_dags/example_task_group.py took 0.208 seconds
[2026-03-18T18:26:57.753+0530] {processor.py:161} INFO - Started process (PID=23442) to work on /home/tejasvi/Desktop/airflow_ssh_simulation/venv/lib/python3.10/site-packages/airflow/example_dags/example_task_group.py
[2026-03-18T18:26:57.888+0530] {processor.py:830} INFO - Processing file /home/tejasvi/Desktop/airflow_ssh_simulation/venv/lib/python3.10/site-packages/airflow/example_dags/example_task_group.py for tasks to queue
[2026-03-18T18:26:57.894+0530] {logging_mixin.py:188} INFO - [2026-03-18T18:26:57.892+0530] {dagbag.py:540} INFO - Filling up the DagBag from /home/tejasvi/Desktop/airflow_ssh_simulation/venv/lib/python3.10/site-packages/airflow/example_dags/example_task_group.py
[2026-03-18T18:26:57.908+0530] {processor.py:840} INFO - DAG(s) 'example_task_group' retrieved from /home/tejasvi/Desktop/airflow_ssh_simulation/venv/lib/python3.10/site-packages/airflow/example_dags/example_task_group.py
[2026-03-18T18:26:57.935+0530] {logging_mixin.py:188} INFO - [2026-03-18T18:26:57.935+0530] {dag.py:3047} INFO - Sync 1 DAGs
[2026-03-18T18:26:57.961+0530] {logging_mixin.py:188} INFO - [2026-03-18T18:26:57.961+0530] {dag.py:3834} INFO - Setting next_dagrun for example_task_group to 2026-03-17 00:00:00+00:00, run_after=2026-03-18 00:00:00+00:00
[2026-03-18T18:26:58.115+0530] {processor.py:183} INFO - Processing /home/tejasvi/Desktop/airflow_ssh_simulation/venv/lib/python3.10/site-packages/airflow/example_dags/example_task_group.py took 0.367 seconds
[2026-03-18T18:27:58.136+0530] {processor.py:161} INFO - Started process (PID=23606) to work on /home/tejasvi/Desktop/airflow_ssh_simulation/venv/lib/python3.10/site-packages/airflow/example_dags/example_task_group.py
[2026-03-18T18:27:58.188+0530] {processor.py:830} INFO - Processing file /home/tejasvi/Desktop/airflow_ssh_simulation/venv/lib/python3.10/site-packages/airflow/example_dags/example_task_group.py for tasks to queue
[2026-03-18T18:27:58.192+0530] {logging_mixin.py:188} INFO - [2026-03-18T18:27:58.191+0530] {dagbag.py:540} INFO - Filling up the DagBag from /home/tejasvi/Desktop/airflow_ssh_simulation/venv/lib/python3.10/site-packages/airflow/example_dags/example_task_group.py
[2026-03-18T18:27:58.204+0530] {processor.py:840} INFO - DAG(s) 'example_task_group' retrieved from /home/tejasvi/Desktop/airflow_ssh_simulation/venv/lib/python3.10/site-packages/airflow/example_dags/example_task_group.py
[2026-03-18T18:27:58.223+0530] {logging_mixin.py:188} INFO - [2026-03-18T18:27:58.223+0530] {dag.py:3047} INFO - Sync 1 DAGs
[2026-03-18T18:27:58.245+0530] {logging_mixin.py:188} INFO - [2026-03-18T18:27:58.245+0530] {dag.py:3834} INFO - Setting next_dagrun for example_task_group to 2026-03-17 00:00:00+00:00, run_after=2026-03-18 00:00:00+00:00
[2026-03-18T18:27:58.350+0530] {processor.py:183} INFO - Processing /home/tejasvi/Desktop/airflow_ssh_simulation/venv/lib/python3.10/site-packages/airflow/example_dags/example_task_group.py took 0.222 seconds
[2026-03-18T18:29:22.132+0530] {processor.py:161} INFO - Started process (PID=23810) to work on /home/tejasvi/Desktop/airflow_ssh_simulation/venv/lib/python3.10/site-packages/airflow/example_dags/example_task_group.py
[2026-03-18T18:29:22.178+0530] {processor.py:830} INFO - Processing file /home/tejasvi/Desktop/airflow_ssh_simulation/venv/lib/python3.10/site-packages/airflow/example_dags/example_task_group.py for tasks to queue
[2026-03-18T18:29:22.184+0530] {logging_mixin.py:188} INFO - [2026-03-18T18:29:22.182+0530] {dagbag.py:540} INFO - Filling up the DagBag from /home/tejasvi/Desktop/airflow_ssh_simulation/venv/lib/python3.10/site-packages/airflow/example_dags/example_task_group.py
[2026-03-18T18:29:22.200+0530] {processor.py:840} INFO - DAG(s) 'example_task_group' retrieved from /home/tejasvi/Desktop/airflow_ssh_simulation/venv/lib/python3.10/site-packages/airflow/example_dags/example_task_group.py
[2026-03-18T18:29:22.222+0530] {logging_mixin.py:188} INFO - [2026-03-18T18:29:22.222+0530] {dag.py:3047} INFO - Sync 1 DAGs
[2026-03-18T18:29:22.247+0530] {logging_mixin.py:188} INFO - [2026-03-18T18:29:22.247+0530] {dag.py:3834} INFO - Setting next_dagrun for example_task_group to 2026-03-17 00:00:00+00:00, run_after=2026-03-18 00:00:00+00:00
[2026-03-18T18:29:22.316+0530] {processor.py:183} INFO - Processing /home/tejasvi/Desktop/airflow_ssh_simulation/venv/lib/python3.10/site-packages/airflow/example_dags/example_task_group.py took 0.193 seconds
[2026-03-18T18:30:34.939+0530] {processor.py:161} INFO - Started process (PID=23992) to work on /home/tejasvi/Desktop/airflow_ssh_simulation/venv/lib/python3.10/site-packages/airflow/example_dags/example_task_group.py
[2026-03-18T18:30:34.942+0530] {processor.py:830} INFO - Processing file /home/tejasvi/Desktop/airflow_ssh_simulation/venv/lib/python3.10/site-packages/airflow/example_dags/example_task_group.py for tasks to queue
[2026-03-18T18:30:34.944+0530] {logging_mixin.py:188} INFO - [2026-03-18T18:30:34.944+0530] {dagbag.py:540} INFO - Filling up the DagBag from /home/tejasvi/Desktop/airflow_ssh_simulation/venv/lib/python3.10/site-packages/airflow/example_dags/example_task_group.py
[2026-03-18T18:30:34.954+0530] {processor.py:840} INFO - DAG(s) 'example_task_group' retrieved from /home/tejasvi/Desktop/airflow_ssh_simulation/venv/lib/python3.10/site-packages/airflow/example_dags/example_task_group.py
[2026-03-18T18:30:34.971+0530] {logging_mixin.py:188} INFO - [2026-03-18T18:30:34.970+0530] {dag.py:3047} INFO - Sync 1 DAGs
[2026-03-18T18:30:34.991+0530] {logging_mixin.py:188} INFO - [2026-03-18T18:30:34.990+0530] {dag.py:3834} INFO - Setting next_dagrun for example_task_group to 2026-03-17 00:00:00+00:00, run_after=2026-03-18 00:00:00+00:00
[2026-03-18T18:30:35.084+0530] {processor.py:183} INFO - Processing /home/tejasvi/Desktop/airflow_ssh_simulation/venv/lib/python3.10/site-packages/airflow/example_dags/example_task_group.py took 0.152 seconds
[2026-03-18T18:31:49.803+0530] {processor.py:161} INFO - Started process (PID=24412) to work on /home/tejasvi/Desktop/airflow_ssh_simulation/venv/lib/python3.10/site-packages/airflow/example_dags/example_task_group.py
[2026-03-18T18:31:49.878+0530] {processor.py:830} INFO - Processing file /home/tejasvi/Desktop/airflow_ssh_simulation/venv/lib/python3.10/site-packages/airflow/example_dags/example_task_group.py for tasks to queue
[2026-03-18T18:31:49.882+0530] {logging_mixin.py:188} INFO - [2026-03-18T18:31:49.881+0530] {dagbag.py:540} INFO - Filling up the DagBag from /home/tejasvi/Desktop/airflow_ssh_simulation/venv/lib/python3.10/site-packages/airflow/example_dags/example_task_group.py
[2026-03-18T18:31:49.892+0530] {processor.py:840} INFO - DAG(s) 'example_task_group' retrieved from /home/tejasvi/Desktop/airflow_ssh_simulation/venv/lib/python3.10/site-packages/airflow/example_dags/example_task_group.py
[2026-03-18T18:31:49.909+0530] {logging_mixin.py:188} INFO - [2026-03-18T18:31:49.909+0530] {dag.py:3047} INFO - Sync 1 DAGs
[2026-03-18T18:31:49.929+0530] {logging_mixin.py:188} INFO - [2026-03-18T18:31:49.929+0530] {dag.py:3834} INFO - Setting next_dagrun for example_task_group to 2026-03-17 00:00:00+00:00, run_after=2026-03-18 00:00:00+00:00
[2026-03-18T18:31:50.013+0530] {processor.py:183} INFO - Processing /home/tejasvi/Desktop/airflow_ssh_simulation/venv/lib/python3.10/site-packages/airflow/example_dags/example_task_group.py took 0.217 seconds
[2026-03-18T18:32:49.140+0530] {processor.py:161} INFO - Started process (PID=24562) to work on /home/tejasvi/Desktop/airflow_ssh_simulation/venv/lib/python3.10/site-packages/airflow/example_dags/example_task_group.py
[2026-03-18T18:32:49.159+0530] {processor.py:830} INFO - Processing file /home/tejasvi/Desktop/airflow_ssh_simulation/venv/lib/python3.10/site-packages/airflow/example_dags/example_task_group.py for tasks to queue
[2026-03-18T18:32:49.162+0530] {logging_mixin.py:188} INFO - [2026-03-18T18:32:49.161+0530] {dagbag.py:540} INFO - Filling up the DagBag from /home/tejasvi/Desktop/airflow_ssh_simulation/venv/lib/python3.10/site-packages/airflow/example_dags/example_task_group.py
[2026-03-18T18:32:49.173+0530] {processor.py:840} INFO - DAG(s) 'example_task_group' retrieved from /home/tejasvi/Desktop/airflow_ssh_simulation/venv/lib/python3.10/site-packages/airflow/example_dags/example_task_group.py
[2026-03-18T18:32:49.190+0530] {logging_mixin.py:188} INFO - [2026-03-18T18:32:49.189+0530] {dag.py:3047} INFO - Sync 1 DAGs
[2026-03-18T18:32:49.210+0530] {logging_mixin.py:188} INFO - [2026-03-18T18:32:49.210+0530] {dag.py:3834} INFO - Setting next_dagrun for example_task_group to 2026-03-17 00:00:00+00:00, run_after=2026-03-18 00:00:00+00:00
[2026-03-18T18:32:49.283+0530] {processor.py:183} INFO - Processing /home/tejasvi/Desktop/airflow_ssh_simulation/venv/lib/python3.10/site-packages/airflow/example_dags/example_task_group.py took 0.149 seconds
[2026-03-18T18:33:52.875+0530] {processor.py:161} INFO - Started process (PID=24726) to work on /home/tejasvi/Desktop/airflow_ssh_simulation/venv/lib/python3.10/site-packages/airflow/example_dags/example_task_group.py
[2026-03-18T18:33:53.009+0530] {processor.py:830} INFO - Processing file /home/tejasvi/Desktop/airflow_ssh_simulation/venv/lib/python3.10/site-packages/airflow/example_dags/example_task_group.py for tasks to queue
[2026-03-18T18:33:53.014+0530] {logging_mixin.py:188} INFO - [2026-03-18T18:33:53.013+0530] {dagbag.py:540} INFO - Filling up the DagBag from /home/tejasvi/Desktop/airflow_ssh_simulation/venv/lib/python3.10/site-packages/airflow/example_dags/example_task_group.py
[2026-03-18T18:33:53.024+0530] {processor.py:840} INFO - DAG(s) 'example_task_group' retrieved from /home/tejasvi/Desktop/airflow_ssh_simulation/venv/lib/python3.10/site-packages/airflow/example_dags/example_task_group.py
[2026-03-18T18:33:53.041+0530] {logging_mixin.py:188} INFO - [2026-03-18T18:33:53.041+0530] {dag.py:3047} INFO - Sync 1 DAGs
[2026-03-18T18:33:53.062+0530] {logging_mixin.py:188} INFO - [2026-03-18T18:33:53.062+0530] {dag.py:3834} INFO - Setting next_dagrun for example_task_group to 2026-03-17 00:00:00+00:00, run_after=2026-03-18 00:00:00+00:00
[2026-03-18T18:33:53.179+0530] {processor.py:183} INFO - Processing /home/tejasvi/Desktop/airflow_ssh_simulation/venv/lib/python3.10/site-packages/airflow/example_dags/example_task_group.py took 0.308 seconds
[2026-03-18T18:34:56.658+0530] {processor.py:161} INFO - Started process (PID=24905) to work on /home/tejasvi/Desktop/airflow_ssh_simulation/venv/lib/python3.10/site-packages/airflow/example_dags/example_task_group.py
[2026-03-18T18:34:56.665+0530] {processor.py:830} INFO - Processing file /home/tejasvi/Desktop/airflow_ssh_simulation/venv/lib/python3.10/site-packages/airflow/example_dags/example_task_group.py for tasks to queue
[2026-03-18T18:34:56.668+0530] {logging_mixin.py:188} INFO - [2026-03-18T18:34:56.667+0530] {dagbag.py:540} INFO - Filling up the DagBag from /home/tejasvi/Desktop/airflow_ssh_simulation/venv/lib/python3.10/site-packages/airflow/example_dags/example_task_group.py
[2026-03-18T18:34:56.677+0530] {processor.py:840} INFO - DAG(s) 'example_task_group' retrieved from /home/tejasvi/Desktop/airflow_ssh_simulation/venv/lib/python3.10/site-packages/airflow/example_dags/example_task_group.py
[2026-03-18T18:34:56.696+0530] {logging_mixin.py:188} INFO - [2026-03-18T18:34:56.695+0530] {dag.py:3047} INFO - Sync 1 DAGs
[2026-03-18T18:34:56.717+0530] {logging_mixin.py:188} INFO - [2026-03-18T18:34:56.717+0530] {dag.py:3834} INFO - Setting next_dagrun for example_task_group to 2026-03-17 00:00:00+00:00, run_after=2026-03-18 00:00:00+00:00
[2026-03-18T18:34:56.816+0530] {processor.py:183} INFO - Processing /home/tejasvi/Desktop/airflow_ssh_simulation/venv/lib/python3.10/site-packages/airflow/example_dags/example_task_group.py took 0.165 seconds
[2026-03-18T18:35:56.812+0530] {processor.py:161} INFO - Started process (PID=25088) to work on /home/tejasvi/Desktop/airflow_ssh_simulation/venv/lib/python3.10/site-packages/airflow/example_dags/example_task_group.py
[2026-03-18T18:35:56.844+0530] {processor.py:830} INFO - Processing file /home/tejasvi/Desktop/airflow_ssh_simulation/venv/lib/python3.10/site-packages/airflow/example_dags/example_task_group.py for tasks to queue
[2026-03-18T18:35:56.847+0530] {logging_mixin.py:188} INFO - [2026-03-18T18:35:56.846+0530] {dagbag.py:540} INFO - Filling up the DagBag from /home/tejasvi/Desktop/airflow_ssh_simulation/venv/lib/python3.10/site-packages/airflow/example_dags/example_task_group.py
[2026-03-18T18:35:56.857+0530] {processor.py:840} INFO - DAG(s) 'example_task_group' retrieved from /home/tejasvi/Desktop/airflow_ssh_simulation/venv/lib/python3.10/site-packages/airflow/example_dags/example_task_group.py
[2026-03-18T18:35:56.875+0530] {logging_mixin.py:188} INFO - [2026-03-18T18:35:56.875+0530] {dag.py:3047} INFO - Sync 1 DAGs
[2026-03-18T18:35:56.896+0530] {logging_mixin.py:188} INFO - [2026-03-18T18:35:56.896+0530] {dag.py:3834} INFO - Setting next_dagrun for example_task_group to 2026-03-17 00:00:00+00:00, run_after=2026-03-18 00:00:00+00:00
[2026-03-18T18:35:56.989+0530] {processor.py:183} INFO - Processing /home/tejasvi/Desktop/airflow_ssh_simulation/venv/lib/python3.10/site-packages/airflow/example_dags/example_task_group.py took 0.181 seconds
[2026-03-18T18:37:07.578+0530] {processor.py:161} INFO - Started process (PID=25283) to work on /home/tejasvi/Desktop/airflow_ssh_simulation/venv/lib/python3.10/site-packages/airflow/example_dags/example_task_group.py
[2026-03-18T18:37:08.213+0530] {processor.py:830} INFO - Processing file /home/tejasvi/Desktop/airflow_ssh_simulation/venv/lib/python3.10/site-packages/airflow/example_dags/example_task_group.py for tasks to queue
[2026-03-18T18:37:08.216+0530] {logging_mixin.py:188} INFO - [2026-03-18T18:37:08.216+0530] {dagbag.py:540} INFO - Filling up the DagBag from /home/tejasvi/Desktop/airflow_ssh_simulation/venv/lib/python3.10/site-packages/airflow/example_dags/example_task_group.py
[2026-03-18T18:37:08.227+0530] {processor.py:840} INFO - DAG(s) 'example_task_group' retrieved from /home/tejasvi/Desktop/airflow_ssh_simulation/venv/lib/python3.10/site-packages/airflow/example_dags/example_task_group.py
[2026-03-18T18:37:08.244+0530] {logging_mixin.py:188} INFO - [2026-03-18T18:37:08.244+0530] {dag.py:3047} INFO - Sync 1 DAGs
[2026-03-18T18:37:08.265+0530] {logging_mixin.py:188} INFO - [2026-03-18T18:37:08.264+0530] {dag.py:3834} INFO - Setting next_dagrun for example_task_group to 2026-03-17 00:00:00+00:00, run_after=2026-03-18 00:00:00+00:00
[2026-03-18T18:37:08.351+0530] {processor.py:183} INFO - Processing /home/tejasvi/Desktop/airflow_ssh_simulation/venv/lib/python3.10/site-packages/airflow/example_dags/example_task_group.py took 0.780 seconds
[2026-03-18T18:38:22.783+0530] {processor.py:161} INFO - Started process (PID=25469) to work on /home/tejasvi/Desktop/airflow_ssh_simulation/venv/lib/python3.10/site-packages/airflow/example_dags/example_task_group.py
[2026-03-18T18:38:22.847+0530] {processor.py:830} INFO - Processing file /home/tejasvi/Desktop/airflow_ssh_simulation/venv/lib/python3.10/site-packages/airflow/example_dags/example_task_group.py for tasks to queue
[2026-03-18T18:38:22.851+0530] {logging_mixin.py:188} INFO - [2026-03-18T18:38:22.850+0530] {dagbag.py:540} INFO - Filling up the DagBag from /home/tejasvi/Desktop/airflow_ssh_simulation/venv/lib/python3.10/site-packages/airflow/example_dags/example_task_group.py
[2026-03-18T18:38:22.861+0530] {processor.py:840} INFO - DAG(s) 'example_task_group' retrieved from /home/tejasvi/Desktop/airflow_ssh_simulation/venv/lib/python3.10/site-packages/airflow/example_dags/example_task_group.py
[2026-03-18T18:38:22.879+0530] {logging_mixin.py:188} INFO - [2026-03-18T18:38:22.878+0530] {dag.py:3047} INFO - Sync 1 DAGs
[2026-03-18T18:38:22.899+0530] {logging_mixin.py:188} INFO - [2026-03-18T18:38:22.899+0530] {dag.py:3834} INFO - Setting next_dagrun for example_task_group to 2026-03-17 00:00:00+00:00, run_after=2026-03-18 00:00:00+00:00
[2026-03-18T18:38:22.979+0530] {processor.py:183} INFO - Processing /home/tejasvi/Desktop/airflow_ssh_simulation/venv/lib/python3.10/site-packages/airflow/example_dags/example_task_group.py took 0.204 seconds
[2026-03-18T18:39:21.468+0530] {processor.py:161} INFO - Started process (PID=25616) to work on /home/tejasvi/Desktop/airflow_ssh_simulation/venv/lib/python3.10/site-packages/airflow/example_dags/example_task_group.py
[2026-03-18T18:39:21.537+0530] {processor.py:830} INFO - Processing file /home/tejasvi/Desktop/airflow_ssh_simulation/venv/lib/python3.10/site-packages/airflow/example_dags/example_task_group.py for tasks to queue
[2026-03-18T18:39:21.540+0530] {logging_mixin.py:188} INFO - [2026-03-18T18:39:21.539+0530] {dagbag.py:540} INFO - Filling up the DagBag from /home/tejasvi/Desktop/airflow_ssh_simulation/venv/lib/python3.10/site-packages/airflow/example_dags/example_task_group.py
[2026-03-18T18:39:21.551+0530] {processor.py:840} INFO - DAG(s) 'example_task_group' retrieved from /home/tejasvi/Desktop/airflow_ssh_simulation/venv/lib/python3.10/site-packages/airflow/example_dags/example_task_group.py
[2026-03-18T18:39:21.568+0530] {logging_mixin.py:188} INFO - [2026-03-18T18:39:21.568+0530] {dag.py:3047} INFO - Sync 1 DAGs
[2026-03-18T18:39:21.589+0530] {logging_mixin.py:188} INFO - [2026-03-18T18:39:21.588+0530] {dag.py:3834} INFO - Setting next_dagrun for example_task_group to 2026-03-17 00:00:00+00:00, run_after=2026-03-18 00:00:00+00:00
[2026-03-18T18:39:21.690+0530] {processor.py:183} INFO - Processing /home/tejasvi/Desktop/airflow_ssh_simulation/venv/lib/python3.10/site-packages/airflow/example_dags/example_task_group.py took 0.230 seconds
[2026-03-18T18:40:26.012+0530] {processor.py:161} INFO - Started process (PID=25785) to work on /home/tejasvi/Desktop/airflow_ssh_simulation/venv/lib/python3.10/site-packages/airflow/example_dags/example_task_group.py
[2026-03-18T18:40:26.091+0530] {processor.py:830} INFO - Processing file /home/tejasvi/Desktop/airflow_ssh_simulation/venv/lib/python3.10/site-packages/airflow/example_dags/example_task_group.py for tasks to queue
[2026-03-18T18:40:26.095+0530] {logging_mixin.py:188} INFO - [2026-03-18T18:40:26.094+0530] {dagbag.py:540} INFO - Filling up the DagBag from /home/tejasvi/Desktop/airflow_ssh_simulation/venv/lib/python3.10/site-packages/airflow/example_dags/example_task_group.py
[2026-03-18T18:40:26.105+0530] {processor.py:840} INFO - DAG(s) 'example_task_group' retrieved from /home/tejasvi/Desktop/airflow_ssh_simulation/venv/lib/python3.10/site-packages/airflow/example_dags/example_task_group.py
[2026-03-18T18:40:26.124+0530] {logging_mixin.py:188} INFO - [2026-03-18T18:40:26.123+0530] {dag.py:3047} INFO - Sync 1 DAGs
[2026-03-18T18:40:26.143+0530] {logging_mixin.py:188} INFO - [2026-03-18T18:40:26.143+0530] {dag.py:3834} INFO - Setting next_dagrun for example_task_group to 2026-03-17 00:00:00+00:00, run_after=2026-03-18 00:00:00+00:00
[2026-03-18T18:40:26.336+0530] {processor.py:183} INFO - Processing /home/tejasvi/Desktop/airflow_ssh_simulation/venv/lib/python3.10/site-packages/airflow/example_dags/example_task_group.py took 0.331 seconds
[2026-03-18T18:41:29.366+0530] {processor.py:161} INFO - Started process (PID=25976) to work on /home/tejasvi/Desktop/airflow_ssh_simulation/venv/lib/python3.10/site-packages/airflow/example_dags/example_task_group.py
[2026-03-18T18:41:29.368+0530] {processor.py:830} INFO - Processing file /home/tejasvi/Desktop/airflow_ssh_simulation/venv/lib/python3.10/site-packages/airflow/example_dags/example_task_group.py for tasks to queue
[2026-03-18T18:41:29.371+0530] {logging_mixin.py:188} INFO - [2026-03-18T18:41:29.371+0530] {dagbag.py:540} INFO - Filling up the DagBag from /home/tejasvi/Desktop/airflow_ssh_simulation/venv/lib/python3.10/site-packages/airflow/example_dags/example_task_group.py
[2026-03-18T18:41:29.380+0530] {processor.py:840} INFO - DAG(s) 'example_task_group' retrieved from /home/tejasvi/Desktop/airflow_ssh_simulation/venv/lib/python3.10/site-packages/airflow/example_dags/example_task_group.py
[2026-03-18T18:41:29.398+0530] {logging_mixin.py:188} INFO - [2026-03-18T18:41:29.397+0530] {dag.py:3047} INFO - Sync 1 DAGs
[2026-03-18T18:41:29.418+0530] {logging_mixin.py:188} INFO - [2026-03-18T18:41:29.418+0530] {dag.py:3834} INFO - Setting next_dagrun for example_task_group to 2026-03-17 00:00:00+00:00, run_after=2026-03-18 00:00:00+00:00
[2026-03-18T18:41:29.512+0530] {processor.py:183} INFO - Processing /home/tejasvi/Desktop/airflow_ssh_simulation/venv/lib/python3.10/site-packages/airflow/example_dags/example_task_group.py took 0.154 seconds
[2026-03-18T18:42:37.633+0530] {processor.py:161} INFO - Started process (PID=26146) to work on /home/tejasvi/Desktop/airflow_ssh_simulation/venv/lib/python3.10/site-packages/airflow/example_dags/example_task_group.py
[2026-03-18T18:42:37.656+0530] {processor.py:830} INFO - Processing file /home/tejasvi/Desktop/airflow_ssh_simulation/venv/lib/python3.10/site-packages/airflow/example_dags/example_task_group.py for tasks to queue
[2026-03-18T18:42:37.659+0530] {logging_mixin.py:188} INFO - [2026-03-18T18:42:37.658+0530] {dagbag.py:540} INFO - Filling up the DagBag from /home/tejasvi/Desktop/airflow_ssh_simulation/venv/lib/python3.10/site-packages/airflow/example_dags/example_task_group.py
[2026-03-18T18:42:37.669+0530] {processor.py:840} INFO - DAG(s) 'example_task_group' retrieved from /home/tejasvi/Desktop/airflow_ssh_simulation/venv/lib/python3.10/site-packages/airflow/example_dags/example_task_group.py
[2026-03-18T18:42:37.686+0530] {logging_mixin.py:188} INFO - [2026-03-18T18:42:37.686+0530] {dag.py:3047} INFO - Sync 1 DAGs
[2026-03-18T18:42:37.706+0530] {logging_mixin.py:188} INFO - [2026-03-18T18:42:37.706+0530] {dag.py:3834} INFO - Setting next_dagrun for example_task_group to 2026-03-17 00:00:00+00:00, run_after=2026-03-18 00:00:00+00:00
[2026-03-18T18:42:37.815+0530] {processor.py:183} INFO - Processing /home/tejasvi/Desktop/airflow_ssh_simulation/venv/lib/python3.10/site-packages/airflow/example_dags/example_task_group.py took 0.190 seconds
[2026-03-18T18:43:23.897+0530] {processor.py:161} INFO - Started process (PID=26242) to work on /home/tejasvi/Desktop/airflow_ssh_simulation/venv/lib/python3.10/site-packages/airflow/example_dags/example_task_group.py
[2026-03-18T18:43:23.900+0530] {processor.py:830} INFO - Processing file /home/tejasvi/Desktop/airflow_ssh_simulation/venv/lib/python3.10/site-packages/airflow/example_dags/example_task_group.py for tasks to queue
[2026-03-18T18:43:23.902+0530] {logging_mixin.py:188} INFO - [2026-03-18T18:43:23.901+0530] {dagbag.py:540} INFO - Filling up the DagBag from /home/tejasvi/Desktop/airflow_ssh_simulation/venv/lib/python3.10/site-packages/airflow/example_dags/example_task_group.py
[2026-03-18T18:43:23.911+0530] {processor.py:840} INFO - DAG(s) 'example_task_group' retrieved from /home/tejasvi/Desktop/airflow_ssh_simulation/venv/lib/python3.10/site-packages/airflow/example_dags/example_task_group.py
[2026-03-18T18:43:23.930+0530] {logging_mixin.py:188} INFO - [2026-03-18T18:43:23.930+0530] {dag.py:3047} INFO - Sync 1 DAGs
[2026-03-18T18:43:23.950+0530] {logging_mixin.py:188} INFO - [2026-03-18T18:43:23.950+0530] {dag.py:3834} INFO - Setting next_dagrun for example_task_group to 2026-03-17 00:00:00+00:00, run_after=2026-03-18 00:00:00+00:00
[2026-03-18T18:43:24.040+0530] {processor.py:183} INFO - Processing /home/tejasvi/Desktop/airflow_ssh_simulation/venv/lib/python3.10/site-packages/airflow/example_dags/example_task_group.py took 0.150 seconds
[2026-03-18T18:44:31.381+0530] {processor.py:161} INFO - Started process (PID=26406) to work on /home/tejasvi/Desktop/airflow_ssh_simulation/venv/lib/python3.10/site-packages/airflow/example_dags/example_task_group.py
[2026-03-18T18:44:31.416+0530] {processor.py:830} INFO - Processing file /home/tejasvi/Desktop/airflow_ssh_simulation/venv/lib/python3.10/site-packages/airflow/example_dags/example_task_group.py for tasks to queue
[2026-03-18T18:44:31.420+0530] {logging_mixin.py:188} INFO - [2026-03-18T18:44:31.419+0530] {dagbag.py:540} INFO - Filling up the DagBag from /home/tejasvi/Desktop/airflow_ssh_simulation/venv/lib/python3.10/site-packages/airflow/example_dags/example_task_group.py
[2026-03-18T18:44:31.431+0530] {processor.py:840} INFO - DAG(s) 'example_task_group' retrieved from /home/tejasvi/Desktop/airflow_ssh_simulation/venv/lib/python3.10/site-packages/airflow/example_dags/example_task_group.py
[2026-03-18T18:44:31.448+0530] {logging_mixin.py:188} INFO - [2026-03-18T18:44:31.448+0530] {dag.py:3047} INFO - Sync 1 DAGs
[2026-03-18T18:44:31.469+0530] {logging_mixin.py:188} INFO - [2026-03-18T18:44:31.468+0530] {dag.py:3834} INFO - Setting next_dagrun for example_task_group to 2026-03-17 00:00:00+00:00, run_after=2026-03-18 00:00:00+00:00
[2026-03-18T18:44:31.592+0530] {processor.py:183} INFO - Processing /home/tejasvi/Desktop/airflow_ssh_simulation/venv/lib/python3.10/site-packages/airflow/example_dags/example_task_group.py took 0.218 seconds
[2026-03-18T18:45:37.531+0530] {processor.py:161} INFO - Started process (PID=26576) to work on /home/tejasvi/Desktop/airflow_ssh_simulation/venv/lib/python3.10/site-packages/airflow/example_dags/example_task_group.py
[2026-03-18T18:45:41.112+0530] {processor.py:830} INFO - Processing file /home/tejasvi/Desktop/airflow_ssh_simulation/venv/lib/python3.10/site-packages/airflow/example_dags/example_task_group.py for tasks to queue
[2026-03-18T18:45:41.115+0530] {logging_mixin.py:188} INFO - [2026-03-18T18:45:41.114+0530] {dagbag.py:540} INFO - Filling up the DagBag from /home/tejasvi/Desktop/airflow_ssh_simulation/venv/lib/python3.10/site-packages/airflow/example_dags/example_task_group.py
[2026-03-18T18:45:41.126+0530] {processor.py:840} INFO - DAG(s) 'example_task_group' retrieved from /home/tejasvi/Desktop/airflow_ssh_simulation/venv/lib/python3.10/site-packages/airflow/example_dags/example_task_group.py
[2026-03-18T18:45:41.144+0530] {logging_mixin.py:188} INFO - [2026-03-18T18:45:41.144+0530] {dag.py:3047} INFO - Sync 1 DAGs
[2026-03-18T18:45:41.164+0530] {logging_mixin.py:188} INFO - [2026-03-18T18:45:41.164+0530] {dag.py:3834} INFO - Setting next_dagrun for example_task_group to 2026-03-17 00:00:00+00:00, run_after=2026-03-18 00:00:00+00:00
[2026-03-18T18:45:45.666+0530] {processor.py:183} INFO - Processing /home/tejasvi/Desktop/airflow_ssh_simulation/venv/lib/python3.10/site-packages/airflow/example_dags/example_task_group.py took 8.142 seconds
[2026-03-18T18:47:07.166+0530] {processor.py:161} INFO - Started process (PID=26804) to work on /home/tejasvi/Desktop/airflow_ssh_simulation/venv/lib/python3.10/site-packages/airflow/example_dags/example_task_group.py
[2026-03-18T18:47:07.177+0530] {processor.py:830} INFO - Processing file /home/tejasvi/Desktop/airflow_ssh_simulation/venv/lib/python3.10/site-packages/airflow/example_dags/example_task_group.py for tasks to queue
[2026-03-18T18:47:07.180+0530] {logging_mixin.py:188} INFO - [2026-03-18T18:47:07.179+0530] {dagbag.py:540} INFO - Filling up the DagBag from /home/tejasvi/Desktop/airflow_ssh_simulation/venv/lib/python3.10/site-packages/airflow/example_dags/example_task_group.py
[2026-03-18T18:47:07.190+0530] {processor.py:840} INFO - DAG(s) 'example_task_group' retrieved from /home/tejasvi/Desktop/airflow_ssh_simulation/venv/lib/python3.10/site-packages/airflow/example_dags/example_task_group.py
[2026-03-18T18:47:07.207+0530] {logging_mixin.py:188} INFO - [2026-03-18T18:47:07.207+0530] {dag.py:3047} INFO - Sync 1 DAGs
[2026-03-18T18:47:07.227+0530] {logging_mixin.py:188} INFO - [2026-03-18T18:47:07.227+0530] {dag.py:3834} INFO - Setting next_dagrun for example_task_group to 2026-03-17 00:00:00+00:00, run_after=2026-03-18 00:00:00+00:00
[2026-03-18T18:47:07.360+0530] {processor.py:183} INFO - Processing /home/tejasvi/Desktop/airflow_ssh_simulation/venv/lib/python3.10/site-packages/airflow/example_dags/example_task_group.py took 0.201 seconds
[2026-03-18T18:48:23.369+0530] {processor.py:161} INFO - Started process (PID=27004) to work on /home/tejasvi/Desktop/airflow_ssh_simulation/venv/lib/python3.10/site-packages/airflow/example_dags/example_task_group.py
[2026-03-18T18:48:23.417+0530] {processor.py:830} INFO - Processing file /home/tejasvi/Desktop/airflow_ssh_simulation/venv/lib/python3.10/site-packages/airflow/example_dags/example_task_group.py for tasks to queue
[2026-03-18T18:48:23.421+0530] {logging_mixin.py:188} INFO - [2026-03-18T18:48:23.420+0530] {dagbag.py:540} INFO - Filling up the DagBag from /home/tejasvi/Desktop/airflow_ssh_simulation/venv/lib/python3.10/site-packages/airflow/example_dags/example_task_group.py
[2026-03-18T18:48:23.431+0530] {processor.py:840} INFO - DAG(s) 'example_task_group' retrieved from /home/tejasvi/Desktop/airflow_ssh_simulation/venv/lib/python3.10/site-packages/airflow/example_dags/example_task_group.py
[2026-03-18T18:48:23.448+0530] {logging_mixin.py:188} INFO - [2026-03-18T18:48:23.448+0530] {dag.py:3047} INFO - Sync 1 DAGs
[2026-03-18T18:48:23.469+0530] {logging_mixin.py:188} INFO - [2026-03-18T18:48:23.468+0530] {dag.py:3834} INFO - Setting next_dagrun for example_task_group to 2026-03-17 00:00:00+00:00, run_after=2026-03-18 00:00:00+00:00
[2026-03-18T18:48:23.582+0530] {processor.py:183} INFO - Processing /home/tejasvi/Desktop/airflow_ssh_simulation/venv/lib/python3.10/site-packages/airflow/example_dags/example_task_group.py took 0.221 seconds
[2026-03-18T18:49:09.205+0530] {processor.py:161} INFO - Started process (PID=27107) to work on /home/tejasvi/Desktop/airflow_ssh_simulation/venv/lib/python3.10/site-packages/airflow/example_dags/example_task_group.py
[2026-03-18T18:49:09.288+0530] {processor.py:830} INFO - Processing file /home/tejasvi/Desktop/airflow_ssh_simulation/venv/lib/python3.10/site-packages/airflow/example_dags/example_task_group.py for tasks to queue
[2026-03-18T18:49:09.293+0530] {logging_mixin.py:188} INFO - [2026-03-18T18:49:09.292+0530] {dagbag.py:540} INFO - Filling up the DagBag from /home/tejasvi/Desktop/airflow_ssh_simulation/venv/lib/python3.10/site-packages/airflow/example_dags/example_task_group.py
[2026-03-18T18:49:09.303+0530] {processor.py:840} INFO - DAG(s) 'example_task_group' retrieved from /home/tejasvi/Desktop/airflow_ssh_simulation/venv/lib/python3.10/site-packages/airflow/example_dags/example_task_group.py
[2026-03-18T18:49:09.321+0530] {logging_mixin.py:188} INFO - [2026-03-18T18:49:09.321+0530] {dag.py:3047} INFO - Sync 1 DAGs
[2026-03-18T18:49:09.342+0530] {logging_mixin.py:188} INFO - [2026-03-18T18:49:09.341+0530] {dag.py:3834} INFO - Setting next_dagrun for example_task_group to 2026-03-17 00:00:00+00:00, run_after=2026-03-18 00:00:00+00:00
[2026-03-18T18:49:09.444+0530] {processor.py:183} INFO - Processing /home/tejasvi/Desktop/airflow_ssh_simulation/venv/lib/python3.10/site-packages/airflow/example_dags/example_task_group.py took 0.246 seconds
[2026-03-18T18:50:06.436+0530] {processor.py:161} INFO - Started process (PID=27246) to work on /home/tejasvi/Desktop/airflow_ssh_simulation/venv/lib/python3.10/site-packages/airflow/example_dags/example_task_group.py
[2026-03-18T18:50:06.439+0530] {processor.py:830} INFO - Processing file /home/tejasvi/Desktop/airflow_ssh_simulation/venv/lib/python3.10/site-packages/airflow/example_dags/example_task_group.py for tasks to queue
[2026-03-18T18:50:06.441+0530] {logging_mixin.py:188} INFO - [2026-03-18T18:50:06.441+0530] {dagbag.py:540} INFO - Filling up the DagBag from /home/tejasvi/Desktop/airflow_ssh_simulation/venv/lib/python3.10/site-packages/airflow/example_dags/example_task_group.py
[2026-03-18T18:50:06.451+0530] {processor.py:840} INFO - DAG(s) 'example_task_group' retrieved from /home/tejasvi/Desktop/airflow_ssh_simulation/venv/lib/python3.10/site-packages/airflow/example_dags/example_task_group.py
[2026-03-18T18:50:06.468+0530] {logging_mixin.py:188} INFO - [2026-03-18T18:50:06.468+0530] {dag.py:3047} INFO - Sync 1 DAGs
[2026-03-18T18:50:06.489+0530] {logging_mixin.py:188} INFO - [2026-03-18T18:50:06.489+0530] {dag.py:3834} INFO - Setting next_dagrun for example_task_group to 2026-03-17 00:00:00+00:00, run_after=2026-03-18 00:00:00+00:00
[2026-03-18T18:50:06.556+0530] {processor.py:183} INFO - Processing /home/tejasvi/Desktop/airflow_ssh_simulation/venv/lib/python3.10/site-packages/airflow/example_dags/example_task_group.py took 0.128 seconds
