[2026-03-18T17:39:58.187+0530] {processor.py:161} INFO - Started process (PID=5421) to work on /home/tejasvi/Desktop/airflow_ssh_simulation/venv/lib/python3.10/site-packages/airflow/example_dags/example_bash_operator.py
[2026-03-18T17:39:58.189+0530] {processor.py:830} INFO - Processing file /home/tejasvi/Desktop/airflow_ssh_simulation/venv/lib/python3.10/site-packages/airflow/example_dags/example_bash_operator.py for tasks to queue
[2026-03-18T17:39:58.191+0530] {logging_mixin.py:188} INFO - [2026-03-18T17:39:58.190+0530] {dagbag.py:540} INFO - Filling up the DagBag from /home/tejasvi/Desktop/airflow_ssh_simulation/venv/lib/python3.10/site-packages/airflow/example_dags/example_bash_operator.py
[2026-03-18T17:39:58.269+0530] {processor.py:840} INFO - DAG(s) 'example_bash_operator' retrieved from /home/tejasvi/Desktop/airflow_ssh_simulation/venv/lib/python3.10/site-packages/airflow/example_dags/example_bash_operator.py
[2026-03-18T17:39:58.312+0530] {logging_mixin.py:188} INFO - [2026-03-18T17:39:58.311+0530] {dag.py:3047} INFO - Sync 1 DAGs
[2026-03-18T17:39:58.352+0530] {logging_mixin.py:188} INFO - [2026-03-18T17:39:58.352+0530] {dag.py:3834} INFO - Setting next_dagrun for example_bash_operator to 2026-03-17 00:00:00+00:00, run_after=2026-03-18 00:00:00+00:00
[2026-03-18T17:39:58.490+0530] {processor.py:183} INFO - Processing /home/tejasvi/Desktop/airflow_ssh_simulation/venv/lib/python3.10/site-packages/airflow/example_dags/example_bash_operator.py took 0.310 seconds
[2026-03-18T17:41:18.176+0530] {processor.py:161} INFO - Started process (PID=5533) to work on /home/tejasvi/Desktop/airflow_ssh_simulation/venv/lib/python3.10/site-packages/airflow/example_dags/example_bash_operator.py
[2026-03-18T17:41:18.258+0530] {processor.py:830} INFO - Processing file /home/tejasvi/Desktop/airflow_ssh_simulation/venv/lib/python3.10/site-packages/airflow/example_dags/example_bash_operator.py for tasks to queue
[2026-03-18T17:41:18.261+0530] {logging_mixin.py:188} INFO - [2026-03-18T17:41:18.260+0530] {dagbag.py:540} INFO - Filling up the DagBag from /home/tejasvi/Desktop/airflow_ssh_simulation/venv/lib/python3.10/site-packages/airflow/example_dags/example_bash_operator.py
[2026-03-18T17:41:18.279+0530] {processor.py:840} INFO - DAG(s) 'example_bash_operator' retrieved from /home/tejasvi/Desktop/airflow_ssh_simulation/venv/lib/python3.10/site-packages/airflow/example_dags/example_bash_operator.py
[2026-03-18T17:41:18.314+0530] {logging_mixin.py:188} INFO - [2026-03-18T17:41:18.314+0530] {dag.py:3047} INFO - Sync 1 DAGs
[2026-03-18T17:41:18.345+0530] {logging_mixin.py:188} INFO - [2026-03-18T17:41:18.345+0530] {dag.py:3834} INFO - Setting next_dagrun for example_bash_operator to 2026-03-17 00:00:00+00:00, run_after=2026-03-18 00:00:00+00:00
[2026-03-18T17:41:18.400+0530] {processor.py:183} INFO - Processing /home/tejasvi/Desktop/airflow_ssh_simulation/venv/lib/python3.10/site-packages/airflow/example_dags/example_bash_operator.py took 0.232 seconds
[2026-03-18T17:42:25.879+0530] {processor.py:161} INFO - Started process (PID=5664) to work on /home/tejasvi/Desktop/airflow_ssh_simulation/venv/lib/python3.10/site-packages/airflow/example_dags/example_bash_operator.py
[2026-03-18T17:42:25.978+0530] {processor.py:830} INFO - Processing file /home/tejasvi/Desktop/airflow_ssh_simulation/venv/lib/python3.10/site-packages/airflow/example_dags/example_bash_operator.py for tasks to queue
[2026-03-18T17:42:25.982+0530] {logging_mixin.py:188} INFO - [2026-03-18T17:42:25.982+0530] {dagbag.py:540} INFO - Filling up the DagBag from /home/tejasvi/Desktop/airflow_ssh_simulation/venv/lib/python3.10/site-packages/airflow/example_dags/example_bash_operator.py
[2026-03-18T17:42:26.011+0530] {processor.py:840} INFO - DAG(s) 'example_bash_operator' retrieved from /home/tejasvi/Desktop/airflow_ssh_simulation/venv/lib/python3.10/site-packages/airflow/example_dags/example_bash_operator.py
[2026-03-18T17:42:26.048+0530] {logging_mixin.py:188} INFO - [2026-03-18T17:42:26.048+0530] {dag.py:3047} INFO - Sync 1 DAGs
[2026-03-18T17:42:26.081+0530] {logging_mixin.py:188} INFO - [2026-03-18T17:42:26.080+0530] {dag.py:3834} INFO - Setting next_dagrun for example_bash_operator to 2026-03-17 00:00:00+00:00, run_after=2026-03-18 00:00:00+00:00
[2026-03-18T17:42:26.154+0530] {processor.py:183} INFO - Processing /home/tejasvi/Desktop/airflow_ssh_simulation/venv/lib/python3.10/site-packages/airflow/example_dags/example_bash_operator.py took 0.282 seconds
[2026-03-18T17:43:32.462+0530] {processor.py:161} INFO - Started process (PID=6446) to work on /home/tejasvi/Desktop/airflow_ssh_simulation/venv/lib/python3.10/site-packages/airflow/example_dags/example_bash_operator.py
[2026-03-18T17:43:32.523+0530] {processor.py:830} INFO - Processing file /home/tejasvi/Desktop/airflow_ssh_simulation/venv/lib/python3.10/site-packages/airflow/example_dags/example_bash_operator.py for tasks to queue
[2026-03-18T17:43:32.532+0530] {logging_mixin.py:188} INFO - [2026-03-18T17:43:32.530+0530] {dagbag.py:540} INFO - Filling up the DagBag from /home/tejasvi/Desktop/airflow_ssh_simulation/venv/lib/python3.10/site-packages/airflow/example_dags/example_bash_operator.py
[2026-03-18T17:43:32.564+0530] {processor.py:840} INFO - DAG(s) 'example_bash_operator' retrieved from /home/tejasvi/Desktop/airflow_ssh_simulation/venv/lib/python3.10/site-packages/airflow/example_dags/example_bash_operator.py
[2026-03-18T17:43:32.624+0530] {logging_mixin.py:188} INFO - [2026-03-18T17:43:32.623+0530] {dag.py:3047} INFO - Sync 1 DAGs
[2026-03-18T17:43:32.686+0530] {logging_mixin.py:188} INFO - [2026-03-18T17:43:32.685+0530] {dag.py:3834} INFO - Setting next_dagrun for example_bash_operator to 2026-03-17 00:00:00+00:00, run_after=2026-03-18 00:00:00+00:00
[2026-03-18T17:43:32.852+0530] {processor.py:183} INFO - Processing /home/tejasvi/Desktop/airflow_ssh_simulation/venv/lib/python3.10/site-packages/airflow/example_dags/example_bash_operator.py took 0.401 seconds
[2026-03-18T17:44:47.177+0530] {processor.py:161} INFO - Started process (PID=7710) to work on /home/tejasvi/Desktop/airflow_ssh_simulation/venv/lib/python3.10/site-packages/airflow/example_dags/example_bash_operator.py
[2026-03-18T17:44:47.235+0530] {processor.py:830} INFO - Processing file /home/tejasvi/Desktop/airflow_ssh_simulation/venv/lib/python3.10/site-packages/airflow/example_dags/example_bash_operator.py for tasks to queue
[2026-03-18T17:44:47.239+0530] {logging_mixin.py:188} INFO - [2026-03-18T17:44:47.238+0530] {dagbag.py:540} INFO - Filling up the DagBag from /home/tejasvi/Desktop/airflow_ssh_simulation/venv/lib/python3.10/site-packages/airflow/example_dags/example_bash_operator.py
[2026-03-18T17:44:47.266+0530] {processor.py:840} INFO - DAG(s) 'example_bash_operator' retrieved from /home/tejasvi/Desktop/airflow_ssh_simulation/venv/lib/python3.10/site-packages/airflow/example_dags/example_bash_operator.py
[2026-03-18T17:44:47.308+0530] {logging_mixin.py:188} INFO - [2026-03-18T17:44:47.308+0530] {dag.py:3047} INFO - Sync 1 DAGs
[2026-03-18T17:44:47.347+0530] {logging_mixin.py:188} INFO - [2026-03-18T17:44:47.346+0530] {dag.py:3834} INFO - Setting next_dagrun for example_bash_operator to 2026-03-17 00:00:00+00:00, run_after=2026-03-18 00:00:00+00:00
[2026-03-18T17:44:47.407+0530] {processor.py:183} INFO - Processing /home/tejasvi/Desktop/airflow_ssh_simulation/venv/lib/python3.10/site-packages/airflow/example_dags/example_bash_operator.py took 0.239 seconds
[2026-03-18T17:45:54.291+0530] {processor.py:161} INFO - Started process (PID=8659) to work on /home/tejasvi/Desktop/airflow_ssh_simulation/venv/lib/python3.10/site-packages/airflow/example_dags/example_bash_operator.py
[2026-03-18T17:45:54.294+0530] {processor.py:830} INFO - Processing file /home/tejasvi/Desktop/airflow_ssh_simulation/venv/lib/python3.10/site-packages/airflow/example_dags/example_bash_operator.py for tasks to queue
[2026-03-18T17:45:54.299+0530] {logging_mixin.py:188} INFO - [2026-03-18T17:45:54.298+0530] {dagbag.py:540} INFO - Filling up the DagBag from /home/tejasvi/Desktop/airflow_ssh_simulation/venv/lib/python3.10/site-packages/airflow/example_dags/example_bash_operator.py
[2026-03-18T17:45:54.321+0530] {processor.py:840} INFO - DAG(s) 'example_bash_operator' retrieved from /home/tejasvi/Desktop/airflow_ssh_simulation/venv/lib/python3.10/site-packages/airflow/example_dags/example_bash_operator.py
[2026-03-18T17:45:54.360+0530] {logging_mixin.py:188} INFO - [2026-03-18T17:45:54.359+0530] {dag.py:3047} INFO - Sync 1 DAGs
[2026-03-18T17:45:54.396+0530] {logging_mixin.py:188} INFO - [2026-03-18T17:45:54.396+0530] {dag.py:3834} INFO - Setting next_dagrun for example_bash_operator to 2026-03-17 00:00:00+00:00, run_after=2026-03-18 00:00:00+00:00
[2026-03-18T17:45:54.489+0530] {processor.py:183} INFO - Processing /home/tejasvi/Desktop/airflow_ssh_simulation/venv/lib/python3.10/site-packages/airflow/example_dags/example_bash_operator.py took 0.204 seconds
[2026-03-18T17:47:10.801+0530] {processor.py:161} INFO - Started process (PID=9358) to work on /home/tejasvi/Desktop/airflow_ssh_simulation/venv/lib/python3.10/site-packages/airflow/example_dags/example_bash_operator.py
[2026-03-18T17:47:10.873+0530] {processor.py:830} INFO - Processing file /home/tejasvi/Desktop/airflow_ssh_simulation/venv/lib/python3.10/site-packages/airflow/example_dags/example_bash_operator.py for tasks to queue
[2026-03-18T17:47:10.876+0530] {logging_mixin.py:188} INFO - [2026-03-18T17:47:10.875+0530] {dagbag.py:540} INFO - Filling up the DagBag from /home/tejasvi/Desktop/airflow_ssh_simulation/venv/lib/python3.10/site-packages/airflow/example_dags/example_bash_operator.py
[2026-03-18T17:47:10.891+0530] {processor.py:840} INFO - DAG(s) 'example_bash_operator' retrieved from /home/tejasvi/Desktop/airflow_ssh_simulation/venv/lib/python3.10/site-packages/airflow/example_dags/example_bash_operator.py
[2026-03-18T17:47:10.914+0530] {logging_mixin.py:188} INFO - [2026-03-18T17:47:10.914+0530] {dag.py:3047} INFO - Sync 1 DAGs
[2026-03-18T17:47:10.936+0530] {logging_mixin.py:188} INFO - [2026-03-18T17:47:10.936+0530] {dag.py:3834} INFO - Setting next_dagrun for example_bash_operator to 2026-03-17 00:00:00+00:00, run_after=2026-03-18 00:00:00+00:00
[2026-03-18T17:47:11.019+0530] {processor.py:183} INFO - Processing /home/tejasvi/Desktop/airflow_ssh_simulation/venv/lib/python3.10/site-packages/airflow/example_dags/example_bash_operator.py took 0.224 seconds
[2026-03-18T17:48:19.851+0530] {processor.py:161} INFO - Started process (PID=9927) to work on /home/tejasvi/Desktop/airflow_ssh_simulation/venv/lib/python3.10/site-packages/airflow/example_dags/example_bash_operator.py
[2026-03-18T17:48:19.953+0530] {processor.py:830} INFO - Processing file /home/tejasvi/Desktop/airflow_ssh_simulation/venv/lib/python3.10/site-packages/airflow/example_dags/example_bash_operator.py for tasks to queue
[2026-03-18T17:48:19.956+0530] {logging_mixin.py:188} INFO - [2026-03-18T17:48:19.955+0530] {dagbag.py:540} INFO - Filling up the DagBag from /home/tejasvi/Desktop/airflow_ssh_simulation/venv/lib/python3.10/site-packages/airflow/example_dags/example_bash_operator.py
[2026-03-18T17:48:19.971+0530] {processor.py:840} INFO - DAG(s) 'example_bash_operator' retrieved from /home/tejasvi/Desktop/airflow_ssh_simulation/venv/lib/python3.10/site-packages/airflow/example_dags/example_bash_operator.py
[2026-03-18T17:48:19.996+0530] {logging_mixin.py:188} INFO - [2026-03-18T17:48:19.995+0530] {dag.py:3047} INFO - Sync 1 DAGs
[2026-03-18T17:48:20.020+0530] {logging_mixin.py:188} INFO - [2026-03-18T17:48:20.020+0530] {dag.py:3834} INFO - Setting next_dagrun for example_bash_operator to 2026-03-17 00:00:00+00:00, run_after=2026-03-18 00:00:00+00:00
[2026-03-18T17:48:20.090+0530] {processor.py:183} INFO - Processing /home/tejasvi/Desktop/airflow_ssh_simulation/venv/lib/python3.10/site-packages/airflow/example_dags/example_bash_operator.py took 0.246 seconds
[2026-03-18T17:49:21.670+0530] {processor.py:161} INFO - Started process (PID=10403) to work on /home/tejasvi/Desktop/airflow_ssh_simulation/venv/lib/python3.10/site-packages/airflow/example_dags/example_bash_operator.py
[2026-03-18T17:49:21.672+0530] {processor.py:830} INFO - Processing file /home/tejasvi/Desktop/airflow_ssh_simulation/venv/lib/python3.10/site-packages/airflow/example_dags/example_bash_operator.py for tasks to queue
[2026-03-18T17:49:21.674+0530] {logging_mixin.py:188} INFO - [2026-03-18T17:49:21.674+0530] {dagbag.py:540} INFO - Filling up the DagBag from /home/tejasvi/Desktop/airflow_ssh_simulation/venv/lib/python3.10/site-packages/airflow/example_dags/example_bash_operator.py
[2026-03-18T17:49:21.688+0530] {processor.py:840} INFO - DAG(s) 'example_bash_operator' retrieved from /home/tejasvi/Desktop/airflow_ssh_simulation/venv/lib/python3.10/site-packages/airflow/example_dags/example_bash_operator.py
[2026-03-18T17:49:21.710+0530] {logging_mixin.py:188} INFO - [2026-03-18T17:49:21.710+0530] {dag.py:3047} INFO - Sync 1 DAGs
[2026-03-18T17:49:21.731+0530] {logging_mixin.py:188} INFO - [2026-03-18T17:49:21.730+0530] {dag.py:3834} INFO - Setting next_dagrun for example_bash_operator to 2026-03-17 00:00:00+00:00, run_after=2026-03-18 00:00:00+00:00
[2026-03-18T17:49:21.826+0530] {processor.py:183} INFO - Processing /home/tejasvi/Desktop/airflow_ssh_simulation/venv/lib/python3.10/site-packages/airflow/example_dags/example_bash_operator.py took 0.160 seconds
[2026-03-18T17:50:27.114+0530] {processor.py:161} INFO - Started process (PID=10902) to work on /home/tejasvi/Desktop/airflow_ssh_simulation/venv/lib/python3.10/site-packages/airflow/example_dags/example_bash_operator.py
[2026-03-18T17:50:27.130+0530] {processor.py:830} INFO - Processing file /home/tejasvi/Desktop/airflow_ssh_simulation/venv/lib/python3.10/site-packages/airflow/example_dags/example_bash_operator.py for tasks to queue
[2026-03-18T17:50:27.133+0530] {logging_mixin.py:188} INFO - [2026-03-18T17:50:27.133+0530] {dagbag.py:540} INFO - Filling up the DagBag from /home/tejasvi/Desktop/airflow_ssh_simulation/venv/lib/python3.10/site-packages/airflow/example_dags/example_bash_operator.py
[2026-03-18T17:50:27.149+0530] {processor.py:840} INFO - DAG(s) 'example_bash_operator' retrieved from /home/tejasvi/Desktop/airflow_ssh_simulation/venv/lib/python3.10/site-packages/airflow/example_dags/example_bash_operator.py
[2026-03-18T17:50:27.171+0530] {logging_mixin.py:188} INFO - [2026-03-18T17:50:27.171+0530] {dag.py:3047} INFO - Sync 1 DAGs
[2026-03-18T17:50:27.192+0530] {logging_mixin.py:188} INFO - [2026-03-18T17:50:27.191+0530] {dag.py:3834} INFO - Setting next_dagrun for example_bash_operator to 2026-03-17 00:00:00+00:00, run_after=2026-03-18 00:00:00+00:00
[2026-03-18T17:50:27.282+0530] {processor.py:183} INFO - Processing /home/tejasvi/Desktop/airflow_ssh_simulation/venv/lib/python3.10/site-packages/airflow/example_dags/example_bash_operator.py took 0.175 seconds
[2026-03-18T17:51:34.968+0530] {processor.py:161} INFO - Started process (PID=11509) to work on /home/tejasvi/Desktop/airflow_ssh_simulation/venv/lib/python3.10/site-packages/airflow/example_dags/example_bash_operator.py
[2026-03-18T17:51:34.978+0530] {processor.py:830} INFO - Processing file /home/tejasvi/Desktop/airflow_ssh_simulation/venv/lib/python3.10/site-packages/airflow/example_dags/example_bash_operator.py for tasks to queue
[2026-03-18T17:51:34.982+0530] {logging_mixin.py:188} INFO - [2026-03-18T17:51:34.981+0530] {dagbag.py:540} INFO - Filling up the DagBag from /home/tejasvi/Desktop/airflow_ssh_simulation/venv/lib/python3.10/site-packages/airflow/example_dags/example_bash_operator.py
[2026-03-18T17:51:34.998+0530] {processor.py:840} INFO - DAG(s) 'example_bash_operator' retrieved from /home/tejasvi/Desktop/airflow_ssh_simulation/venv/lib/python3.10/site-packages/airflow/example_dags/example_bash_operator.py
[2026-03-18T17:51:35.023+0530] {logging_mixin.py:188} INFO - [2026-03-18T17:51:35.022+0530] {dag.py:3047} INFO - Sync 1 DAGs
[2026-03-18T17:51:35.043+0530] {logging_mixin.py:188} INFO - [2026-03-18T17:51:35.043+0530] {dag.py:3834} INFO - Setting next_dagrun for example_bash_operator to 2026-03-17 00:00:00+00:00, run_after=2026-03-18 00:00:00+00:00
[2026-03-18T17:51:35.142+0530] {processor.py:183} INFO - Processing /home/tejasvi/Desktop/airflow_ssh_simulation/venv/lib/python3.10/site-packages/airflow/example_dags/example_bash_operator.py took 0.181 seconds
[2026-03-18T17:52:45.313+0530] {processor.py:161} INFO - Started process (PID=12262) to work on /home/tejasvi/Desktop/airflow_ssh_simulation/venv/lib/python3.10/site-packages/airflow/example_dags/example_bash_operator.py
[2026-03-18T17:52:45.315+0530] {processor.py:830} INFO - Processing file /home/tejasvi/Desktop/airflow_ssh_simulation/venv/lib/python3.10/site-packages/airflow/example_dags/example_bash_operator.py for tasks to queue
[2026-03-18T17:52:45.319+0530] {logging_mixin.py:188} INFO - [2026-03-18T17:52:45.319+0530] {dagbag.py:540} INFO - Filling up the DagBag from /home/tejasvi/Desktop/airflow_ssh_simulation/venv/lib/python3.10/site-packages/airflow/example_dags/example_bash_operator.py
[2026-03-18T17:52:45.355+0530] {processor.py:840} INFO - DAG(s) 'example_bash_operator' retrieved from /home/tejasvi/Desktop/airflow_ssh_simulation/venv/lib/python3.10/site-packages/airflow/example_dags/example_bash_operator.py
[2026-03-18T17:52:45.389+0530] {logging_mixin.py:188} INFO - [2026-03-18T17:52:45.389+0530] {dag.py:3047} INFO - Sync 1 DAGs
[2026-03-18T17:52:45.435+0530] {logging_mixin.py:188} INFO - [2026-03-18T17:52:45.435+0530] {dag.py:3834} INFO - Setting next_dagrun for example_bash_operator to 2026-03-17 00:00:00+00:00, run_after=2026-03-18 00:00:00+00:00
[2026-03-18T17:52:45.539+0530] {processor.py:183} INFO - Processing /home/tejasvi/Desktop/airflow_ssh_simulation/venv/lib/python3.10/site-packages/airflow/example_dags/example_bash_operator.py took 0.231 seconds
[2026-03-18T17:53:58.509+0530] {processor.py:161} INFO - Started process (PID=12969) to work on /home/tejasvi/Desktop/airflow_ssh_simulation/venv/lib/python3.10/site-packages/airflow/example_dags/example_bash_operator.py
[2026-03-18T17:53:58.511+0530] {processor.py:830} INFO - Processing file /home/tejasvi/Desktop/airflow_ssh_simulation/venv/lib/python3.10/site-packages/airflow/example_dags/example_bash_operator.py for tasks to queue
[2026-03-18T17:53:58.514+0530] {logging_mixin.py:188} INFO - [2026-03-18T17:53:58.513+0530] {dagbag.py:540} INFO - Filling up the DagBag from /home/tejasvi/Desktop/airflow_ssh_simulation/venv/lib/python3.10/site-packages/airflow/example_dags/example_bash_operator.py
[2026-03-18T17:53:58.528+0530] {processor.py:840} INFO - DAG(s) 'example_bash_operator' retrieved from /home/tejasvi/Desktop/airflow_ssh_simulation/venv/lib/python3.10/site-packages/airflow/example_dags/example_bash_operator.py
[2026-03-18T17:53:58.551+0530] {logging_mixin.py:188} INFO - [2026-03-18T17:53:58.550+0530] {dag.py:3047} INFO - Sync 1 DAGs
[2026-03-18T17:53:58.572+0530] {logging_mixin.py:188} INFO - [2026-03-18T17:53:58.572+0530] {dag.py:3834} INFO - Setting next_dagrun for example_bash_operator to 2026-03-17 00:00:00+00:00, run_after=2026-03-18 00:00:00+00:00
[2026-03-18T17:53:58.683+0530] {processor.py:183} INFO - Processing /home/tejasvi/Desktop/airflow_ssh_simulation/venv/lib/python3.10/site-packages/airflow/example_dags/example_bash_operator.py took 0.182 seconds
[2026-03-18T17:55:01.624+0530] {processor.py:161} INFO - Started process (PID=13462) to work on /home/tejasvi/Desktop/airflow_ssh_simulation/venv/lib/python3.10/site-packages/airflow/example_dags/example_bash_operator.py
[2026-03-18T17:55:01.642+0530] {processor.py:830} INFO - Processing file /home/tejasvi/Desktop/airflow_ssh_simulation/venv/lib/python3.10/site-packages/airflow/example_dags/example_bash_operator.py for tasks to queue
[2026-03-18T17:55:01.646+0530] {logging_mixin.py:188} INFO - [2026-03-18T17:55:01.645+0530] {dagbag.py:540} INFO - Filling up the DagBag from /home/tejasvi/Desktop/airflow_ssh_simulation/venv/lib/python3.10/site-packages/airflow/example_dags/example_bash_operator.py
[2026-03-18T17:55:01.662+0530] {processor.py:840} INFO - DAG(s) 'example_bash_operator' retrieved from /home/tejasvi/Desktop/airflow_ssh_simulation/venv/lib/python3.10/site-packages/airflow/example_dags/example_bash_operator.py
[2026-03-18T17:55:01.685+0530] {logging_mixin.py:188} INFO - [2026-03-18T17:55:01.684+0530] {dag.py:3047} INFO - Sync 1 DAGs
[2026-03-18T17:55:01.706+0530] {logging_mixin.py:188} INFO - [2026-03-18T17:55:01.705+0530] {dag.py:3834} INFO - Setting next_dagrun for example_bash_operator to 2026-03-17 00:00:00+00:00, run_after=2026-03-18 00:00:00+00:00
[2026-03-18T17:55:01.785+0530] {processor.py:183} INFO - Processing /home/tejasvi/Desktop/airflow_ssh_simulation/venv/lib/python3.10/site-packages/airflow/example_dags/example_bash_operator.py took 0.168 seconds
[2026-03-18T17:56:07.149+0530] {processor.py:161} INFO - Started process (PID=13990) to work on /home/tejasvi/Desktop/airflow_ssh_simulation/venv/lib/python3.10/site-packages/airflow/example_dags/example_bash_operator.py
[2026-03-18T17:56:07.156+0530] {processor.py:830} INFO - Processing file /home/tejasvi/Desktop/airflow_ssh_simulation/venv/lib/python3.10/site-packages/airflow/example_dags/example_bash_operator.py for tasks to queue
[2026-03-18T17:56:07.159+0530] {logging_mixin.py:188} INFO - [2026-03-18T17:56:07.158+0530] {dagbag.py:540} INFO - Filling up the DagBag from /home/tejasvi/Desktop/airflow_ssh_simulation/venv/lib/python3.10/site-packages/airflow/example_dags/example_bash_operator.py
[2026-03-18T17:56:07.173+0530] {processor.py:840} INFO - DAG(s) 'example_bash_operator' retrieved from /home/tejasvi/Desktop/airflow_ssh_simulation/venv/lib/python3.10/site-packages/airflow/example_dags/example_bash_operator.py
[2026-03-18T17:56:07.196+0530] {logging_mixin.py:188} INFO - [2026-03-18T17:56:07.196+0530] {dag.py:3047} INFO - Sync 1 DAGs
[2026-03-18T17:56:07.218+0530] {logging_mixin.py:188} INFO - [2026-03-18T17:56:07.217+0530] {dag.py:3834} INFO - Setting next_dagrun for example_bash_operator to 2026-03-17 00:00:00+00:00, run_after=2026-03-18 00:00:00+00:00
[2026-03-18T17:56:07.290+0530] {processor.py:183} INFO - Processing /home/tejasvi/Desktop/airflow_ssh_simulation/venv/lib/python3.10/site-packages/airflow/example_dags/example_bash_operator.py took 0.150 seconds
[2026-03-18T17:57:17.461+0530] {processor.py:161} INFO - Started process (PID=14552) to work on /home/tejasvi/Desktop/airflow_ssh_simulation/venv/lib/python3.10/site-packages/airflow/example_dags/example_bash_operator.py
[2026-03-18T17:57:17.501+0530] {processor.py:830} INFO - Processing file /home/tejasvi/Desktop/airflow_ssh_simulation/venv/lib/python3.10/site-packages/airflow/example_dags/example_bash_operator.py for tasks to queue
[2026-03-18T17:57:17.504+0530] {logging_mixin.py:188} INFO - [2026-03-18T17:57:17.503+0530] {dagbag.py:540} INFO - Filling up the DagBag from /home/tejasvi/Desktop/airflow_ssh_simulation/venv/lib/python3.10/site-packages/airflow/example_dags/example_bash_operator.py
[2026-03-18T17:57:17.521+0530] {processor.py:840} INFO - DAG(s) 'example_bash_operator' retrieved from /home/tejasvi/Desktop/airflow_ssh_simulation/venv/lib/python3.10/site-packages/airflow/example_dags/example_bash_operator.py
[2026-03-18T17:57:17.543+0530] {logging_mixin.py:188} INFO - [2026-03-18T17:57:17.543+0530] {dag.py:3047} INFO - Sync 1 DAGs
[2026-03-18T17:57:17.565+0530] {logging_mixin.py:188} INFO - [2026-03-18T17:57:17.565+0530] {dag.py:3834} INFO - Setting next_dagrun for example_bash_operator to 2026-03-17 00:00:00+00:00, run_after=2026-03-18 00:00:00+00:00
[2026-03-18T17:57:17.700+0530] {processor.py:183} INFO - Processing /home/tejasvi/Desktop/airflow_ssh_simulation/venv/lib/python3.10/site-packages/airflow/example_dags/example_bash_operator.py took 0.247 seconds
[2026-03-18T17:58:26.095+0530] {processor.py:161} INFO - Started process (PID=15065) to work on /home/tejasvi/Desktop/airflow_ssh_simulation/venv/lib/python3.10/site-packages/airflow/example_dags/example_bash_operator.py
[2026-03-18T17:58:26.182+0530] {processor.py:830} INFO - Processing file /home/tejasvi/Desktop/airflow_ssh_simulation/venv/lib/python3.10/site-packages/airflow/example_dags/example_bash_operator.py for tasks to queue
[2026-03-18T17:58:26.190+0530] {logging_mixin.py:188} INFO - [2026-03-18T17:58:26.188+0530] {dagbag.py:540} INFO - Filling up the DagBag from /home/tejasvi/Desktop/airflow_ssh_simulation/venv/lib/python3.10/site-packages/airflow/example_dags/example_bash_operator.py
[2026-03-18T17:58:26.229+0530] {processor.py:840} INFO - DAG(s) 'example_bash_operator' retrieved from /home/tejasvi/Desktop/airflow_ssh_simulation/venv/lib/python3.10/site-packages/airflow/example_dags/example_bash_operator.py
[2026-03-18T17:58:26.261+0530] {logging_mixin.py:188} INFO - [2026-03-18T17:58:26.261+0530] {dag.py:3047} INFO - Sync 1 DAGs
[2026-03-18T17:58:26.286+0530] {logging_mixin.py:188} INFO - [2026-03-18T17:58:26.285+0530] {dag.py:3834} INFO - Setting next_dagrun for example_bash_operator to 2026-03-17 00:00:00+00:00, run_after=2026-03-18 00:00:00+00:00
[2026-03-18T17:58:26.343+0530] {processor.py:183} INFO - Processing /home/tejasvi/Desktop/airflow_ssh_simulation/venv/lib/python3.10/site-packages/airflow/example_dags/example_bash_operator.py took 0.253 seconds
[2026-03-18T17:59:25.362+0530] {processor.py:161} INFO - Started process (PID=15333) to work on /home/tejasvi/Desktop/airflow_ssh_simulation/venv/lib/python3.10/site-packages/airflow/example_dags/example_bash_operator.py
[2026-03-18T17:59:25.461+0530] {processor.py:830} INFO - Processing file /home/tejasvi/Desktop/airflow_ssh_simulation/venv/lib/python3.10/site-packages/airflow/example_dags/example_bash_operator.py for tasks to queue
[2026-03-18T17:59:25.467+0530] {logging_mixin.py:188} INFO - [2026-03-18T17:59:25.466+0530] {dagbag.py:540} INFO - Filling up the DagBag from /home/tejasvi/Desktop/airflow_ssh_simulation/venv/lib/python3.10/site-packages/airflow/example_dags/example_bash_operator.py
[2026-03-18T17:59:25.504+0530] {processor.py:840} INFO - DAG(s) 'example_bash_operator' retrieved from /home/tejasvi/Desktop/airflow_ssh_simulation/venv/lib/python3.10/site-packages/airflow/example_dags/example_bash_operator.py
[2026-03-18T17:59:25.529+0530] {logging_mixin.py:188} INFO - [2026-03-18T17:59:25.529+0530] {dag.py:3047} INFO - Sync 1 DAGs
[2026-03-18T17:59:25.553+0530] {logging_mixin.py:188} INFO - [2026-03-18T17:59:25.552+0530] {dag.py:3834} INFO - Setting next_dagrun for example_bash_operator to 2026-03-17 00:00:00+00:00, run_after=2026-03-18 00:00:00+00:00
[2026-03-18T17:59:25.599+0530] {processor.py:183} INFO - Processing /home/tejasvi/Desktop/airflow_ssh_simulation/venv/lib/python3.10/site-packages/airflow/example_dags/example_bash_operator.py took 0.246 seconds
[2026-03-18T18:00:33.462+0530] {processor.py:161} INFO - Started process (PID=15514) to work on /home/tejasvi/Desktop/airflow_ssh_simulation/venv/lib/python3.10/site-packages/airflow/example_dags/example_bash_operator.py
[2026-03-18T18:00:33.734+0530] {processor.py:830} INFO - Processing file /home/tejasvi/Desktop/airflow_ssh_simulation/venv/lib/python3.10/site-packages/airflow/example_dags/example_bash_operator.py for tasks to queue
[2026-03-18T18:00:33.737+0530] {logging_mixin.py:188} INFO - [2026-03-18T18:00:33.736+0530] {dagbag.py:540} INFO - Filling up the DagBag from /home/tejasvi/Desktop/airflow_ssh_simulation/venv/lib/python3.10/site-packages/airflow/example_dags/example_bash_operator.py
[2026-03-18T18:00:33.753+0530] {processor.py:840} INFO - DAG(s) 'example_bash_operator' retrieved from /home/tejasvi/Desktop/airflow_ssh_simulation/venv/lib/python3.10/site-packages/airflow/example_dags/example_bash_operator.py
[2026-03-18T18:00:33.776+0530] {logging_mixin.py:188} INFO - [2026-03-18T18:00:33.776+0530] {dag.py:3047} INFO - Sync 1 DAGs
[2026-03-18T18:00:33.799+0530] {logging_mixin.py:188} INFO - [2026-03-18T18:00:33.799+0530] {dag.py:3834} INFO - Setting next_dagrun for example_bash_operator to 2026-03-17 00:00:00+00:00, run_after=2026-03-18 00:00:00+00:00
[2026-03-18T18:00:33.858+0530] {processor.py:183} INFO - Processing /home/tejasvi/Desktop/airflow_ssh_simulation/venv/lib/python3.10/site-packages/airflow/example_dags/example_bash_operator.py took 0.405 seconds
[2026-03-18T18:01:35.429+0530] {processor.py:161} INFO - Started process (PID=16882) to work on /home/tejasvi/Desktop/airflow_ssh_simulation/venv/lib/python3.10/site-packages/airflow/example_dags/example_bash_operator.py
[2026-03-18T18:01:35.500+0530] {processor.py:830} INFO - Processing file /home/tejasvi/Desktop/airflow_ssh_simulation/venv/lib/python3.10/site-packages/airflow/example_dags/example_bash_operator.py for tasks to queue
[2026-03-18T18:01:35.505+0530] {logging_mixin.py:188} INFO - [2026-03-18T18:01:35.504+0530] {dagbag.py:540} INFO - Filling up the DagBag from /home/tejasvi/Desktop/airflow_ssh_simulation/venv/lib/python3.10/site-packages/airflow/example_dags/example_bash_operator.py
[2026-03-18T18:01:35.525+0530] {processor.py:840} INFO - DAG(s) 'example_bash_operator' retrieved from /home/tejasvi/Desktop/airflow_ssh_simulation/venv/lib/python3.10/site-packages/airflow/example_dags/example_bash_operator.py
[2026-03-18T18:01:35.633+0530] {logging_mixin.py:188} INFO - [2026-03-18T18:01:35.633+0530] {dag.py:3047} INFO - Sync 1 DAGs
[2026-03-18T18:01:35.662+0530] {logging_mixin.py:188} INFO - [2026-03-18T18:01:35.662+0530] {dag.py:3834} INFO - Setting next_dagrun for example_bash_operator to 2026-03-17 00:00:00+00:00, run_after=2026-03-18 00:00:00+00:00
[2026-03-18T18:01:35.745+0530] {processor.py:183} INFO - Processing /home/tejasvi/Desktop/airflow_ssh_simulation/venv/lib/python3.10/site-packages/airflow/example_dags/example_bash_operator.py took 0.321 seconds
[2026-03-18T18:02:51.343+0530] {processor.py:161} INFO - Started process (PID=18029) to work on /home/tejasvi/Desktop/airflow_ssh_simulation/venv/lib/python3.10/site-packages/airflow/example_dags/example_bash_operator.py
[2026-03-18T18:02:51.346+0530] {processor.py:830} INFO - Processing file /home/tejasvi/Desktop/airflow_ssh_simulation/venv/lib/python3.10/site-packages/airflow/example_dags/example_bash_operator.py for tasks to queue
[2026-03-18T18:02:51.350+0530] {logging_mixin.py:188} INFO - [2026-03-18T18:02:51.349+0530] {dagbag.py:540} INFO - Filling up the DagBag from /home/tejasvi/Desktop/airflow_ssh_simulation/venv/lib/python3.10/site-packages/airflow/example_dags/example_bash_operator.py
[2026-03-18T18:02:51.374+0530] {processor.py:840} INFO - DAG(s) 'example_bash_operator' retrieved from /home/tejasvi/Desktop/airflow_ssh_simulation/venv/lib/python3.10/site-packages/airflow/example_dags/example_bash_operator.py
[2026-03-18T18:02:51.403+0530] {logging_mixin.py:188} INFO - [2026-03-18T18:02:51.402+0530] {dag.py:3047} INFO - Sync 1 DAGs
[2026-03-18T18:02:51.429+0530] {logging_mixin.py:188} INFO - [2026-03-18T18:02:51.429+0530] {dag.py:3834} INFO - Setting next_dagrun for example_bash_operator to 2026-03-17 00:00:00+00:00, run_after=2026-03-18 00:00:00+00:00
[2026-03-18T18:02:51.475+0530] {processor.py:183} INFO - Processing /home/tejasvi/Desktop/airflow_ssh_simulation/venv/lib/python3.10/site-packages/airflow/example_dags/example_bash_operator.py took 0.138 seconds
[2026-03-18T18:04:00.252+0530] {processor.py:161} INFO - Started process (PID=18216) to work on /home/tejasvi/Desktop/airflow_ssh_simulation/venv/lib/python3.10/site-packages/airflow/example_dags/example_bash_operator.py
[2026-03-18T18:04:00.377+0530] {processor.py:830} INFO - Processing file /home/tejasvi/Desktop/airflow_ssh_simulation/venv/lib/python3.10/site-packages/airflow/example_dags/example_bash_operator.py for tasks to queue
[2026-03-18T18:04:00.382+0530] {logging_mixin.py:188} INFO - [2026-03-18T18:04:00.380+0530] {dagbag.py:540} INFO - Filling up the DagBag from /home/tejasvi/Desktop/airflow_ssh_simulation/venv/lib/python3.10/site-packages/airflow/example_dags/example_bash_operator.py
[2026-03-18T18:04:00.416+0530] {processor.py:840} INFO - DAG(s) 'example_bash_operator' retrieved from /home/tejasvi/Desktop/airflow_ssh_simulation/venv/lib/python3.10/site-packages/airflow/example_dags/example_bash_operator.py
[2026-03-18T18:04:00.446+0530] {logging_mixin.py:188} INFO - [2026-03-18T18:04:00.445+0530] {dag.py:3047} INFO - Sync 1 DAGs
[2026-03-18T18:04:00.471+0530] {logging_mixin.py:188} INFO - [2026-03-18T18:04:00.471+0530] {dag.py:3834} INFO - Setting next_dagrun for example_bash_operator to 2026-03-17 00:00:00+00:00, run_after=2026-03-18 00:00:00+00:00
[2026-03-18T18:04:00.657+0530] {processor.py:183} INFO - Processing /home/tejasvi/Desktop/airflow_ssh_simulation/venv/lib/python3.10/site-packages/airflow/example_dags/example_bash_operator.py took 0.409 seconds
[2026-03-18T18:05:06.008+0530] {processor.py:161} INFO - Started process (PID=18703) to work on /home/tejasvi/Desktop/airflow_ssh_simulation/venv/lib/python3.10/site-packages/airflow/example_dags/example_bash_operator.py
[2026-03-18T18:05:06.027+0530] {processor.py:830} INFO - Processing file /home/tejasvi/Desktop/airflow_ssh_simulation/venv/lib/python3.10/site-packages/airflow/example_dags/example_bash_operator.py for tasks to queue
[2026-03-18T18:05:06.030+0530] {logging_mixin.py:188} INFO - [2026-03-18T18:05:06.030+0530] {dagbag.py:540} INFO - Filling up the DagBag from /home/tejasvi/Desktop/airflow_ssh_simulation/venv/lib/python3.10/site-packages/airflow/example_dags/example_bash_operator.py
[2026-03-18T18:05:06.051+0530] {processor.py:840} INFO - DAG(s) 'example_bash_operator' retrieved from /home/tejasvi/Desktop/airflow_ssh_simulation/venv/lib/python3.10/site-packages/airflow/example_dags/example_bash_operator.py
[2026-03-18T18:05:06.077+0530] {logging_mixin.py:188} INFO - [2026-03-18T18:05:06.077+0530] {dag.py:3047} INFO - Sync 1 DAGs
[2026-03-18T18:05:06.100+0530] {logging_mixin.py:188} INFO - [2026-03-18T18:05:06.100+0530] {dag.py:3834} INFO - Setting next_dagrun for example_bash_operator to 2026-03-17 00:00:00+00:00, run_after=2026-03-18 00:00:00+00:00
[2026-03-18T18:05:06.191+0530] {processor.py:183} INFO - Processing /home/tejasvi/Desktop/airflow_ssh_simulation/venv/lib/python3.10/site-packages/airflow/example_dags/example_bash_operator.py took 0.187 seconds
[2026-03-18T18:06:12.390+0530] {processor.py:161} INFO - Started process (PID=18901) to work on /home/tejasvi/Desktop/airflow_ssh_simulation/venv/lib/python3.10/site-packages/airflow/example_dags/example_bash_operator.py
[2026-03-18T18:06:12.429+0530] {processor.py:830} INFO - Processing file /home/tejasvi/Desktop/airflow_ssh_simulation/venv/lib/python3.10/site-packages/airflow/example_dags/example_bash_operator.py for tasks to queue
[2026-03-18T18:06:12.434+0530] {logging_mixin.py:188} INFO - [2026-03-18T18:06:12.432+0530] {dagbag.py:540} INFO - Filling up the DagBag from /home/tejasvi/Desktop/airflow_ssh_simulation/venv/lib/python3.10/site-packages/airflow/example_dags/example_bash_operator.py
[2026-03-18T18:06:12.460+0530] {processor.py:840} INFO - DAG(s) 'example_bash_operator' retrieved from /home/tejasvi/Desktop/airflow_ssh_simulation/venv/lib/python3.10/site-packages/airflow/example_dags/example_bash_operator.py
[2026-03-18T18:06:12.499+0530] {logging_mixin.py:188} INFO - [2026-03-18T18:06:12.499+0530] {dag.py:3047} INFO - Sync 1 DAGs
[2026-03-18T18:06:12.529+0530] {logging_mixin.py:188} INFO - [2026-03-18T18:06:12.528+0530] {dag.py:3834} INFO - Setting next_dagrun for example_bash_operator to 2026-03-17 00:00:00+00:00, run_after=2026-03-18 00:00:00+00:00
[2026-03-18T18:06:12.597+0530] {processor.py:183} INFO - Processing /home/tejasvi/Desktop/airflow_ssh_simulation/venv/lib/python3.10/site-packages/airflow/example_dags/example_bash_operator.py took 0.212 seconds
[2026-03-18T18:07:08.920+0530] {processor.py:161} INFO - Started process (PID=19052) to work on /home/tejasvi/Desktop/airflow_ssh_simulation/venv/lib/python3.10/site-packages/airflow/example_dags/example_bash_operator.py
[2026-03-18T18:07:08.929+0530] {processor.py:830} INFO - Processing file /home/tejasvi/Desktop/airflow_ssh_simulation/venv/lib/python3.10/site-packages/airflow/example_dags/example_bash_operator.py for tasks to queue
[2026-03-18T18:07:08.932+0530] {logging_mixin.py:188} INFO - [2026-03-18T18:07:08.932+0530] {dagbag.py:540} INFO - Filling up the DagBag from /home/tejasvi/Desktop/airflow_ssh_simulation/venv/lib/python3.10/site-packages/airflow/example_dags/example_bash_operator.py
[2026-03-18T18:07:08.947+0530] {processor.py:840} INFO - DAG(s) 'example_bash_operator' retrieved from /home/tejasvi/Desktop/airflow_ssh_simulation/venv/lib/python3.10/site-packages/airflow/example_dags/example_bash_operator.py
[2026-03-18T18:07:08.975+0530] {logging_mixin.py:188} INFO - [2026-03-18T18:07:08.975+0530] {dag.py:3047} INFO - Sync 1 DAGs
[2026-03-18T18:07:09.002+0530] {logging_mixin.py:188} INFO - [2026-03-18T18:07:09.001+0530] {dag.py:3834} INFO - Setting next_dagrun for example_bash_operator to 2026-03-17 00:00:00+00:00, run_after=2026-03-18 00:00:00+00:00
[2026-03-18T18:07:09.051+0530] {processor.py:183} INFO - Processing /home/tejasvi/Desktop/airflow_ssh_simulation/venv/lib/python3.10/site-packages/airflow/example_dags/example_bash_operator.py took 0.137 seconds
[2026-03-18T18:08:12.830+0530] {processor.py:161} INFO - Started process (PID=19217) to work on /home/tejasvi/Desktop/airflow_ssh_simulation/venv/lib/python3.10/site-packages/airflow/example_dags/example_bash_operator.py
[2026-03-18T18:08:13.070+0530] {processor.py:830} INFO - Processing file /home/tejasvi/Desktop/airflow_ssh_simulation/venv/lib/python3.10/site-packages/airflow/example_dags/example_bash_operator.py for tasks to queue
[2026-03-18T18:08:13.075+0530] {logging_mixin.py:188} INFO - [2026-03-18T18:08:13.074+0530] {dagbag.py:540} INFO - Filling up the DagBag from /home/tejasvi/Desktop/airflow_ssh_simulation/venv/lib/python3.10/site-packages/airflow/example_dags/example_bash_operator.py
[2026-03-18T18:08:13.098+0530] {processor.py:840} INFO - DAG(s) 'example_bash_operator' retrieved from /home/tejasvi/Desktop/airflow_ssh_simulation/venv/lib/python3.10/site-packages/airflow/example_dags/example_bash_operator.py
[2026-03-18T18:08:13.129+0530] {logging_mixin.py:188} INFO - [2026-03-18T18:08:13.129+0530] {dag.py:3047} INFO - Sync 1 DAGs
[2026-03-18T18:08:13.151+0530] {logging_mixin.py:188} INFO - [2026-03-18T18:08:13.151+0530] {dag.py:3834} INFO - Setting next_dagrun for example_bash_operator to 2026-03-17 00:00:00+00:00, run_after=2026-03-18 00:00:00+00:00
[2026-03-18T18:08:13.205+0530] {processor.py:183} INFO - Processing /home/tejasvi/Desktop/airflow_ssh_simulation/venv/lib/python3.10/site-packages/airflow/example_dags/example_bash_operator.py took 0.380 seconds
[2026-03-18T18:09:12.306+0530] {processor.py:161} INFO - Started process (PID=19382) to work on /home/tejasvi/Desktop/airflow_ssh_simulation/venv/lib/python3.10/site-packages/airflow/example_dags/example_bash_operator.py
[2026-03-18T18:09:12.349+0530] {processor.py:830} INFO - Processing file /home/tejasvi/Desktop/airflow_ssh_simulation/venv/lib/python3.10/site-packages/airflow/example_dags/example_bash_operator.py for tasks to queue
[2026-03-18T18:09:12.354+0530] {logging_mixin.py:188} INFO - [2026-03-18T18:09:12.352+0530] {dagbag.py:540} INFO - Filling up the DagBag from /home/tejasvi/Desktop/airflow_ssh_simulation/venv/lib/python3.10/site-packages/airflow/example_dags/example_bash_operator.py
[2026-03-18T18:09:12.376+0530] {processor.py:840} INFO - DAG(s) 'example_bash_operator' retrieved from /home/tejasvi/Desktop/airflow_ssh_simulation/venv/lib/python3.10/site-packages/airflow/example_dags/example_bash_operator.py
[2026-03-18T18:09:12.405+0530] {logging_mixin.py:188} INFO - [2026-03-18T18:09:12.404+0530] {dag.py:3047} INFO - Sync 1 DAGs
[2026-03-18T18:09:12.432+0530] {logging_mixin.py:188} INFO - [2026-03-18T18:09:12.432+0530] {dag.py:3834} INFO - Setting next_dagrun for example_bash_operator to 2026-03-17 00:00:00+00:00, run_after=2026-03-18 00:00:00+00:00
[2026-03-18T18:09:12.494+0530] {processor.py:183} INFO - Processing /home/tejasvi/Desktop/airflow_ssh_simulation/venv/lib/python3.10/site-packages/airflow/example_dags/example_bash_operator.py took 0.192 seconds
[2026-03-18T18:10:10.176+0530] {processor.py:161} INFO - Started process (PID=19541) to work on /home/tejasvi/Desktop/airflow_ssh_simulation/venv/lib/python3.10/site-packages/airflow/example_dags/example_bash_operator.py
[2026-03-18T18:10:10.255+0530] {processor.py:830} INFO - Processing file /home/tejasvi/Desktop/airflow_ssh_simulation/venv/lib/python3.10/site-packages/airflow/example_dags/example_bash_operator.py for tasks to queue
[2026-03-18T18:10:10.260+0530] {logging_mixin.py:188} INFO - [2026-03-18T18:10:10.259+0530] {dagbag.py:540} INFO - Filling up the DagBag from /home/tejasvi/Desktop/airflow_ssh_simulation/venv/lib/python3.10/site-packages/airflow/example_dags/example_bash_operator.py
[2026-03-18T18:10:10.283+0530] {processor.py:840} INFO - DAG(s) 'example_bash_operator' retrieved from /home/tejasvi/Desktop/airflow_ssh_simulation/venv/lib/python3.10/site-packages/airflow/example_dags/example_bash_operator.py
[2026-03-18T18:10:10.311+0530] {logging_mixin.py:188} INFO - [2026-03-18T18:10:10.311+0530] {dag.py:3047} INFO - Sync 1 DAGs
[2026-03-18T18:10:10.336+0530] {logging_mixin.py:188} INFO - [2026-03-18T18:10:10.336+0530] {dag.py:3834} INFO - Setting next_dagrun for example_bash_operator to 2026-03-17 00:00:00+00:00, run_after=2026-03-18 00:00:00+00:00
[2026-03-18T18:10:10.387+0530] {processor.py:183} INFO - Processing /home/tejasvi/Desktop/airflow_ssh_simulation/venv/lib/python3.10/site-packages/airflow/example_dags/example_bash_operator.py took 0.217 seconds
[2026-03-18T18:11:12.206+0530] {processor.py:161} INFO - Started process (PID=19745) to work on /home/tejasvi/Desktop/airflow_ssh_simulation/venv/lib/python3.10/site-packages/airflow/example_dags/example_bash_operator.py
[2026-03-18T18:11:12.219+0530] {processor.py:830} INFO - Processing file /home/tejasvi/Desktop/airflow_ssh_simulation/venv/lib/python3.10/site-packages/airflow/example_dags/example_bash_operator.py for tasks to queue
[2026-03-18T18:11:12.222+0530] {logging_mixin.py:188} INFO - [2026-03-18T18:11:12.221+0530] {dagbag.py:540} INFO - Filling up the DagBag from /home/tejasvi/Desktop/airflow_ssh_simulation/venv/lib/python3.10/site-packages/airflow/example_dags/example_bash_operator.py
[2026-03-18T18:11:12.238+0530] {processor.py:840} INFO - DAG(s) 'example_bash_operator' retrieved from /home/tejasvi/Desktop/airflow_ssh_simulation/venv/lib/python3.10/site-packages/airflow/example_dags/example_bash_operator.py
[2026-03-18T18:11:12.263+0530] {logging_mixin.py:188} INFO - [2026-03-18T18:11:12.263+0530] {dag.py:3047} INFO - Sync 1 DAGs
[2026-03-18T18:11:12.294+0530] {logging_mixin.py:188} INFO - [2026-03-18T18:11:12.294+0530] {dag.py:3834} INFO - Setting next_dagrun for example_bash_operator to 2026-03-17 00:00:00+00:00, run_after=2026-03-18 00:00:00+00:00
[2026-03-18T18:11:12.344+0530] {processor.py:183} INFO - Processing /home/tejasvi/Desktop/airflow_ssh_simulation/venv/lib/python3.10/site-packages/airflow/example_dags/example_bash_operator.py took 0.148 seconds
[2026-03-18T18:12:20.913+0530] {processor.py:161} INFO - Started process (PID=19918) to work on /home/tejasvi/Desktop/airflow_ssh_simulation/venv/lib/python3.10/site-packages/airflow/example_dags/example_bash_operator.py
[2026-03-18T18:12:20.915+0530] {processor.py:830} INFO - Processing file /home/tejasvi/Desktop/airflow_ssh_simulation/venv/lib/python3.10/site-packages/airflow/example_dags/example_bash_operator.py for tasks to queue
[2026-03-18T18:12:20.917+0530] {logging_mixin.py:188} INFO - [2026-03-18T18:12:20.917+0530] {dagbag.py:540} INFO - Filling up the DagBag from /home/tejasvi/Desktop/airflow_ssh_simulation/venv/lib/python3.10/site-packages/airflow/example_dags/example_bash_operator.py
[2026-03-18T18:12:20.934+0530] {processor.py:840} INFO - DAG(s) 'example_bash_operator' retrieved from /home/tejasvi/Desktop/airflow_ssh_simulation/venv/lib/python3.10/site-packages/airflow/example_dags/example_bash_operator.py
[2026-03-18T18:12:20.959+0530] {logging_mixin.py:188} INFO - [2026-03-18T18:12:20.959+0530] {dag.py:3047} INFO - Sync 1 DAGs
[2026-03-18T18:12:20.984+0530] {logging_mixin.py:188} INFO - [2026-03-18T18:12:20.983+0530] {dag.py:3834} INFO - Setting next_dagrun for example_bash_operator to 2026-03-17 00:00:00+00:00, run_after=2026-03-18 00:00:00+00:00
[2026-03-18T18:12:21.477+0530] {processor.py:183} INFO - Processing /home/tejasvi/Desktop/airflow_ssh_simulation/venv/lib/python3.10/site-packages/airflow/example_dags/example_bash_operator.py took 0.568 seconds
[2026-03-18T18:13:30.672+0530] {processor.py:161} INFO - Started process (PID=20086) to work on /home/tejasvi/Desktop/airflow_ssh_simulation/venv/lib/python3.10/site-packages/airflow/example_dags/example_bash_operator.py
[2026-03-18T18:13:30.785+0530] {processor.py:830} INFO - Processing file /home/tejasvi/Desktop/airflow_ssh_simulation/venv/lib/python3.10/site-packages/airflow/example_dags/example_bash_operator.py for tasks to queue
[2026-03-18T18:13:30.789+0530] {logging_mixin.py:188} INFO - [2026-03-18T18:13:30.788+0530] {dagbag.py:540} INFO - Filling up the DagBag from /home/tejasvi/Desktop/airflow_ssh_simulation/venv/lib/python3.10/site-packages/airflow/example_dags/example_bash_operator.py
[2026-03-18T18:13:30.807+0530] {processor.py:840} INFO - DAG(s) 'example_bash_operator' retrieved from /home/tejasvi/Desktop/airflow_ssh_simulation/venv/lib/python3.10/site-packages/airflow/example_dags/example_bash_operator.py
[2026-03-18T18:13:30.835+0530] {logging_mixin.py:188} INFO - [2026-03-18T18:13:30.834+0530] {dag.py:3047} INFO - Sync 1 DAGs
[2026-03-18T18:13:30.861+0530] {logging_mixin.py:188} INFO - [2026-03-18T18:13:30.861+0530] {dag.py:3834} INFO - Setting next_dagrun for example_bash_operator to 2026-03-17 00:00:00+00:00, run_after=2026-03-18 00:00:00+00:00
[2026-03-18T18:13:31.214+0530] {processor.py:183} INFO - Processing /home/tejasvi/Desktop/airflow_ssh_simulation/venv/lib/python3.10/site-packages/airflow/example_dags/example_bash_operator.py took 0.548 seconds
[2026-03-18T18:14:54.429+0530] {processor.py:161} INFO - Started process (PID=20265) to work on /home/tejasvi/Desktop/airflow_ssh_simulation/venv/lib/python3.10/site-packages/airflow/example_dags/example_bash_operator.py
[2026-03-18T18:14:54.493+0530] {processor.py:830} INFO - Processing file /home/tejasvi/Desktop/airflow_ssh_simulation/venv/lib/python3.10/site-packages/airflow/example_dags/example_bash_operator.py for tasks to queue
[2026-03-18T18:14:54.497+0530] {logging_mixin.py:188} INFO - [2026-03-18T18:14:54.496+0530] {dagbag.py:540} INFO - Filling up the DagBag from /home/tejasvi/Desktop/airflow_ssh_simulation/venv/lib/python3.10/site-packages/airflow/example_dags/example_bash_operator.py
[2026-03-18T18:14:54.514+0530] {processor.py:840} INFO - DAG(s) 'example_bash_operator' retrieved from /home/tejasvi/Desktop/airflow_ssh_simulation/venv/lib/python3.10/site-packages/airflow/example_dags/example_bash_operator.py
[2026-03-18T18:14:54.539+0530] {logging_mixin.py:188} INFO - [2026-03-18T18:14:54.539+0530] {dag.py:3047} INFO - Sync 1 DAGs
[2026-03-18T18:14:54.563+0530] {logging_mixin.py:188} INFO - [2026-03-18T18:14:54.562+0530] {dag.py:3834} INFO - Setting next_dagrun for example_bash_operator to 2026-03-17 00:00:00+00:00, run_after=2026-03-18 00:00:00+00:00
[2026-03-18T18:14:54.648+0530] {processor.py:183} INFO - Processing /home/tejasvi/Desktop/airflow_ssh_simulation/venv/lib/python3.10/site-packages/airflow/example_dags/example_bash_operator.py took 0.228 seconds
[2026-03-18T18:16:04.663+0530] {processor.py:161} INFO - Started process (PID=20480) to work on /home/tejasvi/Desktop/airflow_ssh_simulation/venv/lib/python3.10/site-packages/airflow/example_dags/example_bash_operator.py
[2026-03-18T18:16:04.730+0530] {processor.py:830} INFO - Processing file /home/tejasvi/Desktop/airflow_ssh_simulation/venv/lib/python3.10/site-packages/airflow/example_dags/example_bash_operator.py for tasks to queue
[2026-03-18T18:16:04.735+0530] {logging_mixin.py:188} INFO - [2026-03-18T18:16:04.735+0530] {dagbag.py:540} INFO - Filling up the DagBag from /home/tejasvi/Desktop/airflow_ssh_simulation/venv/lib/python3.10/site-packages/airflow/example_dags/example_bash_operator.py
[2026-03-18T18:16:04.754+0530] {processor.py:840} INFO - DAG(s) 'example_bash_operator' retrieved from /home/tejasvi/Desktop/airflow_ssh_simulation/venv/lib/python3.10/site-packages/airflow/example_dags/example_bash_operator.py
[2026-03-18T18:16:04.784+0530] {logging_mixin.py:188} INFO - [2026-03-18T18:16:04.783+0530] {dag.py:3047} INFO - Sync 1 DAGs
[2026-03-18T18:16:04.811+0530] {logging_mixin.py:188} INFO - [2026-03-18T18:16:04.810+0530] {dag.py:3834} INFO - Setting next_dagrun for example_bash_operator to 2026-03-17 00:00:00+00:00, run_after=2026-03-18 00:00:00+00:00
[2026-03-18T18:16:04.878+0530] {processor.py:183} INFO - Processing /home/tejasvi/Desktop/airflow_ssh_simulation/venv/lib/python3.10/site-packages/airflow/example_dags/example_bash_operator.py took 0.220 seconds
[2026-03-18T18:17:09.927+0530] {processor.py:161} INFO - Started process (PID=20643) to work on /home/tejasvi/Desktop/airflow_ssh_simulation/venv/lib/python3.10/site-packages/airflow/example_dags/example_bash_operator.py
[2026-03-18T18:17:09.961+0530] {processor.py:830} INFO - Processing file /home/tejasvi/Desktop/airflow_ssh_simulation/venv/lib/python3.10/site-packages/airflow/example_dags/example_bash_operator.py for tasks to queue
[2026-03-18T18:17:09.965+0530] {logging_mixin.py:188} INFO - [2026-03-18T18:17:09.964+0530] {dagbag.py:540} INFO - Filling up the DagBag from /home/tejasvi/Desktop/airflow_ssh_simulation/venv/lib/python3.10/site-packages/airflow/example_dags/example_bash_operator.py
[2026-03-18T18:17:09.991+0530] {processor.py:840} INFO - DAG(s) 'example_bash_operator' retrieved from /home/tejasvi/Desktop/airflow_ssh_simulation/venv/lib/python3.10/site-packages/airflow/example_dags/example_bash_operator.py
[2026-03-18T18:17:10.019+0530] {logging_mixin.py:188} INFO - [2026-03-18T18:17:10.019+0530] {dag.py:3047} INFO - Sync 1 DAGs
[2026-03-18T18:17:10.043+0530] {logging_mixin.py:188} INFO - [2026-03-18T18:17:10.043+0530] {dag.py:3834} INFO - Setting next_dagrun for example_bash_operator to 2026-03-17 00:00:00+00:00, run_after=2026-03-18 00:00:00+00:00
[2026-03-18T18:17:10.633+0530] {processor.py:183} INFO - Processing /home/tejasvi/Desktop/airflow_ssh_simulation/venv/lib/python3.10/site-packages/airflow/example_dags/example_bash_operator.py took 0.713 seconds
[2026-03-18T18:18:28.204+0530] {processor.py:161} INFO - Started process (PID=22032) to work on /home/tejasvi/Desktop/airflow_ssh_simulation/venv/lib/python3.10/site-packages/airflow/example_dags/example_bash_operator.py
[2026-03-18T18:18:28.257+0530] {processor.py:830} INFO - Processing file /home/tejasvi/Desktop/airflow_ssh_simulation/venv/lib/python3.10/site-packages/airflow/example_dags/example_bash_operator.py for tasks to queue
[2026-03-18T18:18:28.262+0530] {logging_mixin.py:188} INFO - [2026-03-18T18:18:28.262+0530] {dagbag.py:540} INFO - Filling up the DagBag from /home/tejasvi/Desktop/airflow_ssh_simulation/venv/lib/python3.10/site-packages/airflow/example_dags/example_bash_operator.py
[2026-03-18T18:18:28.288+0530] {processor.py:840} INFO - DAG(s) 'example_bash_operator' retrieved from /home/tejasvi/Desktop/airflow_ssh_simulation/venv/lib/python3.10/site-packages/airflow/example_dags/example_bash_operator.py
[2026-03-18T18:18:28.317+0530] {logging_mixin.py:188} INFO - [2026-03-18T18:18:28.317+0530] {dag.py:3047} INFO - Sync 1 DAGs
[2026-03-18T18:18:28.343+0530] {logging_mixin.py:188} INFO - [2026-03-18T18:18:28.342+0530] {dag.py:3834} INFO - Setting next_dagrun for example_bash_operator to 2026-03-17 00:00:00+00:00, run_after=2026-03-18 00:00:00+00:00
[2026-03-18T18:18:28.422+0530] {processor.py:183} INFO - Processing /home/tejasvi/Desktop/airflow_ssh_simulation/venv/lib/python3.10/site-packages/airflow/example_dags/example_bash_operator.py took 0.224 seconds
[2026-03-18T18:19:37.514+0530] {processor.py:161} INFO - Started process (PID=22205) to work on /home/tejasvi/Desktop/airflow_ssh_simulation/venv/lib/python3.10/site-packages/airflow/example_dags/example_bash_operator.py
[2026-03-18T18:19:37.600+0530] {processor.py:830} INFO - Processing file /home/tejasvi/Desktop/airflow_ssh_simulation/venv/lib/python3.10/site-packages/airflow/example_dags/example_bash_operator.py for tasks to queue
[2026-03-18T18:19:37.606+0530] {logging_mixin.py:188} INFO - [2026-03-18T18:19:37.605+0530] {dagbag.py:540} INFO - Filling up the DagBag from /home/tejasvi/Desktop/airflow_ssh_simulation/venv/lib/python3.10/site-packages/airflow/example_dags/example_bash_operator.py
[2026-03-18T18:19:37.624+0530] {processor.py:840} INFO - DAG(s) 'example_bash_operator' retrieved from /home/tejasvi/Desktop/airflow_ssh_simulation/venv/lib/python3.10/site-packages/airflow/example_dags/example_bash_operator.py
[2026-03-18T18:19:37.651+0530] {logging_mixin.py:188} INFO - [2026-03-18T18:19:37.651+0530] {dag.py:3047} INFO - Sync 1 DAGs
[2026-03-18T18:19:37.680+0530] {logging_mixin.py:188} INFO - [2026-03-18T18:19:37.680+0530] {dag.py:3834} INFO - Setting next_dagrun for example_bash_operator to 2026-03-17 00:00:00+00:00, run_after=2026-03-18 00:00:00+00:00
[2026-03-18T18:19:37.743+0530] {processor.py:183} INFO - Processing /home/tejasvi/Desktop/airflow_ssh_simulation/venv/lib/python3.10/site-packages/airflow/example_dags/example_bash_operator.py took 0.233 seconds
[2026-03-18T18:20:49.632+0530] {processor.py:161} INFO - Started process (PID=22408) to work on /home/tejasvi/Desktop/airflow_ssh_simulation/venv/lib/python3.10/site-packages/airflow/example_dags/example_bash_operator.py
[2026-03-18T18:20:49.662+0530] {processor.py:830} INFO - Processing file /home/tejasvi/Desktop/airflow_ssh_simulation/venv/lib/python3.10/site-packages/airflow/example_dags/example_bash_operator.py for tasks to queue
[2026-03-18T18:20:49.666+0530] {logging_mixin.py:188} INFO - [2026-03-18T18:20:49.665+0530] {dagbag.py:540} INFO - Filling up the DagBag from /home/tejasvi/Desktop/airflow_ssh_simulation/venv/lib/python3.10/site-packages/airflow/example_dags/example_bash_operator.py
[2026-03-18T18:20:49.684+0530] {processor.py:840} INFO - DAG(s) 'example_bash_operator' retrieved from /home/tejasvi/Desktop/airflow_ssh_simulation/venv/lib/python3.10/site-packages/airflow/example_dags/example_bash_operator.py
[2026-03-18T18:20:49.711+0530] {logging_mixin.py:188} INFO - [2026-03-18T18:20:49.711+0530] {dag.py:3047} INFO - Sync 1 DAGs
[2026-03-18T18:20:49.736+0530] {logging_mixin.py:188} INFO - [2026-03-18T18:20:49.736+0530] {dag.py:3834} INFO - Setting next_dagrun for example_bash_operator to 2026-03-17 00:00:00+00:00, run_after=2026-03-18 00:00:00+00:00
[2026-03-18T18:20:49.871+0530] {processor.py:183} INFO - Processing /home/tejasvi/Desktop/airflow_ssh_simulation/venv/lib/python3.10/site-packages/airflow/example_dags/example_bash_operator.py took 0.246 seconds
[2026-03-18T18:21:53.928+0530] {processor.py:161} INFO - Started process (PID=22603) to work on /home/tejasvi/Desktop/airflow_ssh_simulation/venv/lib/python3.10/site-packages/airflow/example_dags/example_bash_operator.py
[2026-03-18T18:21:53.948+0530] {processor.py:830} INFO - Processing file /home/tejasvi/Desktop/airflow_ssh_simulation/venv/lib/python3.10/site-packages/airflow/example_dags/example_bash_operator.py for tasks to queue
[2026-03-18T18:21:53.952+0530] {logging_mixin.py:188} INFO - [2026-03-18T18:21:53.952+0530] {dagbag.py:540} INFO - Filling up the DagBag from /home/tejasvi/Desktop/airflow_ssh_simulation/venv/lib/python3.10/site-packages/airflow/example_dags/example_bash_operator.py
[2026-03-18T18:21:53.970+0530] {processor.py:840} INFO - DAG(s) 'example_bash_operator' retrieved from /home/tejasvi/Desktop/airflow_ssh_simulation/venv/lib/python3.10/site-packages/airflow/example_dags/example_bash_operator.py
[2026-03-18T18:21:53.998+0530] {logging_mixin.py:188} INFO - [2026-03-18T18:21:53.998+0530] {dag.py:3047} INFO - Sync 1 DAGs
[2026-03-18T18:21:54.023+0530] {logging_mixin.py:188} INFO - [2026-03-18T18:21:54.022+0530] {dag.py:3834} INFO - Setting next_dagrun for example_bash_operator to 2026-03-17 00:00:00+00:00, run_after=2026-03-18 00:00:00+00:00
[2026-03-18T18:21:54.096+0530] {processor.py:183} INFO - Processing /home/tejasvi/Desktop/airflow_ssh_simulation/venv/lib/python3.10/site-packages/airflow/example_dags/example_bash_operator.py took 0.177 seconds
[2026-03-18T18:23:06.590+0530] {processor.py:161} INFO - Started process (PID=22789) to work on /home/tejasvi/Desktop/airflow_ssh_simulation/venv/lib/python3.10/site-packages/airflow/example_dags/example_bash_operator.py
[2026-03-18T18:23:06.602+0530] {processor.py:830} INFO - Processing file /home/tejasvi/Desktop/airflow_ssh_simulation/venv/lib/python3.10/site-packages/airflow/example_dags/example_bash_operator.py for tasks to queue
[2026-03-18T18:23:06.606+0530] {logging_mixin.py:188} INFO - [2026-03-18T18:23:06.605+0530] {dagbag.py:540} INFO - Filling up the DagBag from /home/tejasvi/Desktop/airflow_ssh_simulation/venv/lib/python3.10/site-packages/airflow/example_dags/example_bash_operator.py
[2026-03-18T18:23:06.624+0530] {processor.py:840} INFO - DAG(s) 'example_bash_operator' retrieved from /home/tejasvi/Desktop/airflow_ssh_simulation/venv/lib/python3.10/site-packages/airflow/example_dags/example_bash_operator.py
[2026-03-18T18:23:06.652+0530] {logging_mixin.py:188} INFO - [2026-03-18T18:23:06.651+0530] {dag.py:3047} INFO - Sync 1 DAGs
[2026-03-18T18:23:06.677+0530] {logging_mixin.py:188} INFO - [2026-03-18T18:23:06.677+0530] {dag.py:3834} INFO - Setting next_dagrun for example_bash_operator to 2026-03-17 00:00:00+00:00, run_after=2026-03-18 00:00:00+00:00
[2026-03-18T18:23:06.761+0530] {processor.py:183} INFO - Processing /home/tejasvi/Desktop/airflow_ssh_simulation/venv/lib/python3.10/site-packages/airflow/example_dags/example_bash_operator.py took 0.178 seconds
[2026-03-18T18:24:11.359+0530] {processor.py:161} INFO - Started process (PID=22947) to work on /home/tejasvi/Desktop/airflow_ssh_simulation/venv/lib/python3.10/site-packages/airflow/example_dags/example_bash_operator.py
[2026-03-18T18:24:11.429+0530] {processor.py:830} INFO - Processing file /home/tejasvi/Desktop/airflow_ssh_simulation/venv/lib/python3.10/site-packages/airflow/example_dags/example_bash_operator.py for tasks to queue
[2026-03-18T18:24:11.434+0530] {logging_mixin.py:188} INFO - [2026-03-18T18:24:11.433+0530] {dagbag.py:540} INFO - Filling up the DagBag from /home/tejasvi/Desktop/airflow_ssh_simulation/venv/lib/python3.10/site-packages/airflow/example_dags/example_bash_operator.py
[2026-03-18T18:24:11.457+0530] {processor.py:840} INFO - DAG(s) 'example_bash_operator' retrieved from /home/tejasvi/Desktop/airflow_ssh_simulation/venv/lib/python3.10/site-packages/airflow/example_dags/example_bash_operator.py
[2026-03-18T18:24:11.486+0530] {logging_mixin.py:188} INFO - [2026-03-18T18:24:11.486+0530] {dag.py:3047} INFO - Sync 1 DAGs
[2026-03-18T18:24:11.508+0530] {logging_mixin.py:188} INFO - [2026-03-18T18:24:11.508+0530] {dag.py:3834} INFO - Setting next_dagrun for example_bash_operator to 2026-03-17 00:00:00+00:00, run_after=2026-03-18 00:00:00+00:00
[2026-03-18T18:24:11.562+0530] {processor.py:183} INFO - Processing /home/tejasvi/Desktop/airflow_ssh_simulation/venv/lib/python3.10/site-packages/airflow/example_dags/example_bash_operator.py took 0.211 seconds
[2026-03-18T18:25:15.003+0530] {processor.py:161} INFO - Started process (PID=23120) to work on /home/tejasvi/Desktop/airflow_ssh_simulation/venv/lib/python3.10/site-packages/airflow/example_dags/example_bash_operator.py
[2026-03-18T18:25:15.011+0530] {processor.py:830} INFO - Processing file /home/tejasvi/Desktop/airflow_ssh_simulation/venv/lib/python3.10/site-packages/airflow/example_dags/example_bash_operator.py for tasks to queue
[2026-03-18T18:25:15.013+0530] {logging_mixin.py:188} INFO - [2026-03-18T18:25:15.013+0530] {dagbag.py:540} INFO - Filling up the DagBag from /home/tejasvi/Desktop/airflow_ssh_simulation/venv/lib/python3.10/site-packages/airflow/example_dags/example_bash_operator.py
[2026-03-18T18:25:15.029+0530] {processor.py:840} INFO - DAG(s) 'example_bash_operator' retrieved from /home/tejasvi/Desktop/airflow_ssh_simulation/venv/lib/python3.10/site-packages/airflow/example_dags/example_bash_operator.py
[2026-03-18T18:25:15.057+0530] {logging_mixin.py:188} INFO - [2026-03-18T18:25:15.057+0530] {dag.py:3047} INFO - Sync 1 DAGs
[2026-03-18T18:25:15.081+0530] {logging_mixin.py:188} INFO - [2026-03-18T18:25:15.081+0530] {dag.py:3834} INFO - Setting next_dagrun for example_bash_operator to 2026-03-17 00:00:00+00:00, run_after=2026-03-18 00:00:00+00:00
[2026-03-18T18:25:15.131+0530] {processor.py:183} INFO - Processing /home/tejasvi/Desktop/airflow_ssh_simulation/venv/lib/python3.10/site-packages/airflow/example_dags/example_bash_operator.py took 0.139 seconds
[2026-03-18T18:26:14.750+0530] {processor.py:161} INFO - Started process (PID=23302) to work on /home/tejasvi/Desktop/airflow_ssh_simulation/venv/lib/python3.10/site-packages/airflow/example_dags/example_bash_operator.py
[2026-03-18T18:26:14.764+0530] {processor.py:830} INFO - Processing file /home/tejasvi/Desktop/airflow_ssh_simulation/venv/lib/python3.10/site-packages/airflow/example_dags/example_bash_operator.py for tasks to queue
[2026-03-18T18:26:14.767+0530] {logging_mixin.py:188} INFO - [2026-03-18T18:26:14.766+0530] {dagbag.py:540} INFO - Filling up the DagBag from /home/tejasvi/Desktop/airflow_ssh_simulation/venv/lib/python3.10/site-packages/airflow/example_dags/example_bash_operator.py
[2026-03-18T18:26:14.788+0530] {processor.py:840} INFO - DAG(s) 'example_bash_operator' retrieved from /home/tejasvi/Desktop/airflow_ssh_simulation/venv/lib/python3.10/site-packages/airflow/example_dags/example_bash_operator.py
[2026-03-18T18:26:14.815+0530] {logging_mixin.py:188} INFO - [2026-03-18T18:26:14.815+0530] {dag.py:3047} INFO - Sync 1 DAGs
[2026-03-18T18:26:14.838+0530] {logging_mixin.py:188} INFO - [2026-03-18T18:26:14.838+0530] {dag.py:3834} INFO - Setting next_dagrun for example_bash_operator to 2026-03-17 00:00:00+00:00, run_after=2026-03-18 00:00:00+00:00
[2026-03-18T18:26:14.888+0530] {processor.py:183} INFO - Processing /home/tejasvi/Desktop/airflow_ssh_simulation/venv/lib/python3.10/site-packages/airflow/example_dags/example_bash_operator.py took 0.143 seconds
[2026-03-18T18:27:13.499+0530] {processor.py:161} INFO - Started process (PID=23476) to work on /home/tejasvi/Desktop/airflow_ssh_simulation/venv/lib/python3.10/site-packages/airflow/example_dags/example_bash_operator.py
[2026-03-18T18:27:13.548+0530] {processor.py:830} INFO - Processing file /home/tejasvi/Desktop/airflow_ssh_simulation/venv/lib/python3.10/site-packages/airflow/example_dags/example_bash_operator.py for tasks to queue
[2026-03-18T18:27:13.554+0530] {logging_mixin.py:188} INFO - [2026-03-18T18:27:13.553+0530] {dagbag.py:540} INFO - Filling up the DagBag from /home/tejasvi/Desktop/airflow_ssh_simulation/venv/lib/python3.10/site-packages/airflow/example_dags/example_bash_operator.py
[2026-03-18T18:27:13.588+0530] {processor.py:840} INFO - DAG(s) 'example_bash_operator' retrieved from /home/tejasvi/Desktop/airflow_ssh_simulation/venv/lib/python3.10/site-packages/airflow/example_dags/example_bash_operator.py
[2026-03-18T18:27:13.615+0530] {logging_mixin.py:188} INFO - [2026-03-18T18:27:13.615+0530] {dag.py:3047} INFO - Sync 1 DAGs
[2026-03-18T18:27:13.639+0530] {logging_mixin.py:188} INFO - [2026-03-18T18:27:13.639+0530] {dag.py:3834} INFO - Setting next_dagrun for example_bash_operator to 2026-03-17 00:00:00+00:00, run_after=2026-03-18 00:00:00+00:00
[2026-03-18T18:27:13.715+0530] {processor.py:183} INFO - Processing /home/tejasvi/Desktop/airflow_ssh_simulation/venv/lib/python3.10/site-packages/airflow/example_dags/example_bash_operator.py took 0.222 seconds
[2026-03-18T18:28:19.288+0530] {processor.py:161} INFO - Started process (PID=23644) to work on /home/tejasvi/Desktop/airflow_ssh_simulation/venv/lib/python3.10/site-packages/airflow/example_dags/example_bash_operator.py
[2026-03-18T18:28:19.309+0530] {processor.py:830} INFO - Processing file /home/tejasvi/Desktop/airflow_ssh_simulation/venv/lib/python3.10/site-packages/airflow/example_dags/example_bash_operator.py for tasks to queue
[2026-03-18T18:28:19.315+0530] {logging_mixin.py:188} INFO - [2026-03-18T18:28:19.313+0530] {dagbag.py:540} INFO - Filling up the DagBag from /home/tejasvi/Desktop/airflow_ssh_simulation/venv/lib/python3.10/site-packages/airflow/example_dags/example_bash_operator.py
[2026-03-18T18:28:19.338+0530] {processor.py:840} INFO - DAG(s) 'example_bash_operator' retrieved from /home/tejasvi/Desktop/airflow_ssh_simulation/venv/lib/python3.10/site-packages/airflow/example_dags/example_bash_operator.py
[2026-03-18T18:28:19.365+0530] {logging_mixin.py:188} INFO - [2026-03-18T18:28:19.364+0530] {dag.py:3047} INFO - Sync 1 DAGs
[2026-03-18T18:28:19.390+0530] {logging_mixin.py:188} INFO - [2026-03-18T18:28:19.390+0530] {dag.py:3834} INFO - Setting next_dagrun for example_bash_operator to 2026-03-17 00:00:00+00:00, run_after=2026-03-18 00:00:00+00:00
[2026-03-18T18:28:20.157+0530] {processor.py:183} INFO - Processing /home/tejasvi/Desktop/airflow_ssh_simulation/venv/lib/python3.10/site-packages/airflow/example_dags/example_bash_operator.py took 0.877 seconds
[2026-03-18T18:29:43.830+0530] {processor.py:161} INFO - Started process (PID=23870) to work on /home/tejasvi/Desktop/airflow_ssh_simulation/venv/lib/python3.10/site-packages/airflow/example_dags/example_bash_operator.py
[2026-03-18T18:29:43.849+0530] {processor.py:830} INFO - Processing file /home/tejasvi/Desktop/airflow_ssh_simulation/venv/lib/python3.10/site-packages/airflow/example_dags/example_bash_operator.py for tasks to queue
[2026-03-18T18:29:43.852+0530] {logging_mixin.py:188} INFO - [2026-03-18T18:29:43.851+0530] {dagbag.py:540} INFO - Filling up the DagBag from /home/tejasvi/Desktop/airflow_ssh_simulation/venv/lib/python3.10/site-packages/airflow/example_dags/example_bash_operator.py
[2026-03-18T18:29:43.868+0530] {processor.py:840} INFO - DAG(s) 'example_bash_operator' retrieved from /home/tejasvi/Desktop/airflow_ssh_simulation/venv/lib/python3.10/site-packages/airflow/example_dags/example_bash_operator.py
[2026-03-18T18:29:43.890+0530] {logging_mixin.py:188} INFO - [2026-03-18T18:29:43.890+0530] {dag.py:3047} INFO - Sync 1 DAGs
[2026-03-18T18:29:43.911+0530] {logging_mixin.py:188} INFO - [2026-03-18T18:29:43.911+0530] {dag.py:3834} INFO - Setting next_dagrun for example_bash_operator to 2026-03-17 00:00:00+00:00, run_after=2026-03-18 00:00:00+00:00
[2026-03-18T18:29:43.977+0530] {processor.py:183} INFO - Processing /home/tejasvi/Desktop/airflow_ssh_simulation/venv/lib/python3.10/site-packages/airflow/example_dags/example_bash_operator.py took 0.154 seconds
[2026-03-18T18:30:56.923+0530] {processor.py:161} INFO - Started process (PID=24069) to work on /home/tejasvi/Desktop/airflow_ssh_simulation/venv/lib/python3.10/site-packages/airflow/example_dags/example_bash_operator.py
[2026-03-18T18:30:57.028+0530] {processor.py:830} INFO - Processing file /home/tejasvi/Desktop/airflow_ssh_simulation/venv/lib/python3.10/site-packages/airflow/example_dags/example_bash_operator.py for tasks to queue
[2026-03-18T18:30:57.032+0530] {logging_mixin.py:188} INFO - [2026-03-18T18:30:57.031+0530] {dagbag.py:540} INFO - Filling up the DagBag from /home/tejasvi/Desktop/airflow_ssh_simulation/venv/lib/python3.10/site-packages/airflow/example_dags/example_bash_operator.py
[2026-03-18T18:30:57.047+0530] {processor.py:840} INFO - DAG(s) 'example_bash_operator' retrieved from /home/tejasvi/Desktop/airflow_ssh_simulation/venv/lib/python3.10/site-packages/airflow/example_dags/example_bash_operator.py
[2026-03-18T18:30:57.070+0530] {logging_mixin.py:188} INFO - [2026-03-18T18:30:57.070+0530] {dag.py:3047} INFO - Sync 1 DAGs
[2026-03-18T18:30:57.091+0530] {logging_mixin.py:188} INFO - [2026-03-18T18:30:57.091+0530] {dag.py:3834} INFO - Setting next_dagrun for example_bash_operator to 2026-03-17 00:00:00+00:00, run_after=2026-03-18 00:00:00+00:00
[2026-03-18T18:30:57.187+0530] {processor.py:183} INFO - Processing /home/tejasvi/Desktop/airflow_ssh_simulation/venv/lib/python3.10/site-packages/airflow/example_dags/example_bash_operator.py took 0.271 seconds
[2026-03-18T18:32:10.560+0530] {processor.py:161} INFO - Started process (PID=24466) to work on /home/tejasvi/Desktop/airflow_ssh_simulation/venv/lib/python3.10/site-packages/airflow/example_dags/example_bash_operator.py
[2026-03-18T18:32:10.575+0530] {processor.py:830} INFO - Processing file /home/tejasvi/Desktop/airflow_ssh_simulation/venv/lib/python3.10/site-packages/airflow/example_dags/example_bash_operator.py for tasks to queue
[2026-03-18T18:32:10.578+0530] {logging_mixin.py:188} INFO - [2026-03-18T18:32:10.577+0530] {dagbag.py:540} INFO - Filling up the DagBag from /home/tejasvi/Desktop/airflow_ssh_simulation/venv/lib/python3.10/site-packages/airflow/example_dags/example_bash_operator.py
[2026-03-18T18:32:10.593+0530] {processor.py:840} INFO - DAG(s) 'example_bash_operator' retrieved from /home/tejasvi/Desktop/airflow_ssh_simulation/venv/lib/python3.10/site-packages/airflow/example_dags/example_bash_operator.py
[2026-03-18T18:32:10.616+0530] {logging_mixin.py:188} INFO - [2026-03-18T18:32:10.616+0530] {dag.py:3047} INFO - Sync 1 DAGs
[2026-03-18T18:32:10.637+0530] {logging_mixin.py:188} INFO - [2026-03-18T18:32:10.637+0530] {dag.py:3834} INFO - Setting next_dagrun for example_bash_operator to 2026-03-17 00:00:00+00:00, run_after=2026-03-18 00:00:00+00:00
[2026-03-18T18:32:10.710+0530] {processor.py:183} INFO - Processing /home/tejasvi/Desktop/airflow_ssh_simulation/venv/lib/python3.10/site-packages/airflow/example_dags/example_bash_operator.py took 0.157 seconds
[2026-03-18T18:33:09.990+0530] {processor.py:161} INFO - Started process (PID=24620) to work on /home/tejasvi/Desktop/airflow_ssh_simulation/venv/lib/python3.10/site-packages/airflow/example_dags/example_bash_operator.py
[2026-03-18T18:33:10.052+0530] {processor.py:830} INFO - Processing file /home/tejasvi/Desktop/airflow_ssh_simulation/venv/lib/python3.10/site-packages/airflow/example_dags/example_bash_operator.py for tasks to queue
[2026-03-18T18:33:10.056+0530] {logging_mixin.py:188} INFO - [2026-03-18T18:33:10.055+0530] {dagbag.py:540} INFO - Filling up the DagBag from /home/tejasvi/Desktop/airflow_ssh_simulation/venv/lib/python3.10/site-packages/airflow/example_dags/example_bash_operator.py
[2026-03-18T18:33:10.071+0530] {processor.py:840} INFO - DAG(s) 'example_bash_operator' retrieved from /home/tejasvi/Desktop/airflow_ssh_simulation/venv/lib/python3.10/site-packages/airflow/example_dags/example_bash_operator.py
[2026-03-18T18:33:10.094+0530] {logging_mixin.py:188} INFO - [2026-03-18T18:33:10.094+0530] {dag.py:3047} INFO - Sync 1 DAGs
[2026-03-18T18:33:10.115+0530] {logging_mixin.py:188} INFO - [2026-03-18T18:33:10.115+0530] {dag.py:3834} INFO - Setting next_dagrun for example_bash_operator to 2026-03-17 00:00:00+00:00, run_after=2026-03-18 00:00:00+00:00
[2026-03-18T18:33:10.186+0530] {processor.py:183} INFO - Processing /home/tejasvi/Desktop/airflow_ssh_simulation/venv/lib/python3.10/site-packages/airflow/example_dags/example_bash_operator.py took 0.204 seconds
[2026-03-18T18:34:14.149+0530] {processor.py:161} INFO - Started process (PID=24773) to work on /home/tejasvi/Desktop/airflow_ssh_simulation/venv/lib/python3.10/site-packages/airflow/example_dags/example_bash_operator.py
[2026-03-18T18:34:14.187+0530] {processor.py:830} INFO - Processing file /home/tejasvi/Desktop/airflow_ssh_simulation/venv/lib/python3.10/site-packages/airflow/example_dags/example_bash_operator.py for tasks to queue
[2026-03-18T18:34:14.191+0530] {logging_mixin.py:188} INFO - [2026-03-18T18:34:14.191+0530] {dagbag.py:540} INFO - Filling up the DagBag from /home/tejasvi/Desktop/airflow_ssh_simulation/venv/lib/python3.10/site-packages/airflow/example_dags/example_bash_operator.py
[2026-03-18T18:34:14.207+0530] {processor.py:840} INFO - DAG(s) 'example_bash_operator' retrieved from /home/tejasvi/Desktop/airflow_ssh_simulation/venv/lib/python3.10/site-packages/airflow/example_dags/example_bash_operator.py
[2026-03-18T18:34:14.229+0530] {logging_mixin.py:188} INFO - [2026-03-18T18:34:14.229+0530] {dag.py:3047} INFO - Sync 1 DAGs
[2026-03-18T18:34:14.250+0530] {logging_mixin.py:188} INFO - [2026-03-18T18:34:14.250+0530] {dag.py:3834} INFO - Setting next_dagrun for example_bash_operator to 2026-03-17 00:00:00+00:00, run_after=2026-03-18 00:00:00+00:00
[2026-03-18T18:34:14.339+0530] {processor.py:183} INFO - Processing /home/tejasvi/Desktop/airflow_ssh_simulation/venv/lib/python3.10/site-packages/airflow/example_dags/example_bash_operator.py took 0.198 seconds
[2026-03-18T18:35:16.409+0530] {processor.py:161} INFO - Started process (PID=24965) to work on /home/tejasvi/Desktop/airflow_ssh_simulation/venv/lib/python3.10/site-packages/airflow/example_dags/example_bash_operator.py
[2026-03-18T18:35:16.413+0530] {processor.py:830} INFO - Processing file /home/tejasvi/Desktop/airflow_ssh_simulation/venv/lib/python3.10/site-packages/airflow/example_dags/example_bash_operator.py for tasks to queue
[2026-03-18T18:35:16.415+0530] {logging_mixin.py:188} INFO - [2026-03-18T18:35:16.415+0530] {dagbag.py:540} INFO - Filling up the DagBag from /home/tejasvi/Desktop/airflow_ssh_simulation/venv/lib/python3.10/site-packages/airflow/example_dags/example_bash_operator.py
[2026-03-18T18:35:16.429+0530] {processor.py:840} INFO - DAG(s) 'example_bash_operator' retrieved from /home/tejasvi/Desktop/airflow_ssh_simulation/venv/lib/python3.10/site-packages/airflow/example_dags/example_bash_operator.py
[2026-03-18T18:35:16.452+0530] {logging_mixin.py:188} INFO - [2026-03-18T18:35:16.452+0530] {dag.py:3047} INFO - Sync 1 DAGs
[2026-03-18T18:35:16.473+0530] {logging_mixin.py:188} INFO - [2026-03-18T18:35:16.473+0530] {dag.py:3834} INFO - Setting next_dagrun for example_bash_operator to 2026-03-17 00:00:00+00:00, run_after=2026-03-18 00:00:00+00:00
[2026-03-18T18:35:16.590+0530] {processor.py:183} INFO - Processing /home/tejasvi/Desktop/airflow_ssh_simulation/venv/lib/python3.10/site-packages/airflow/example_dags/example_bash_operator.py took 0.189 seconds
[2026-03-18T18:36:19.056+0530] {processor.py:161} INFO - Started process (PID=25158) to work on /home/tejasvi/Desktop/airflow_ssh_simulation/venv/lib/python3.10/site-packages/airflow/example_dags/example_bash_operator.py
[2026-03-18T18:36:19.108+0530] {processor.py:830} INFO - Processing file /home/tejasvi/Desktop/airflow_ssh_simulation/venv/lib/python3.10/site-packages/airflow/example_dags/example_bash_operator.py for tasks to queue
[2026-03-18T18:36:19.112+0530] {logging_mixin.py:188} INFO - [2026-03-18T18:36:19.111+0530] {dagbag.py:540} INFO - Filling up the DagBag from /home/tejasvi/Desktop/airflow_ssh_simulation/venv/lib/python3.10/site-packages/airflow/example_dags/example_bash_operator.py
[2026-03-18T18:36:19.127+0530] {processor.py:840} INFO - DAG(s) 'example_bash_operator' retrieved from /home/tejasvi/Desktop/airflow_ssh_simulation/venv/lib/python3.10/site-packages/airflow/example_dags/example_bash_operator.py
[2026-03-18T18:36:19.150+0530] {logging_mixin.py:188} INFO - [2026-03-18T18:36:19.150+0530] {dag.py:3047} INFO - Sync 1 DAGs
[2026-03-18T18:36:19.172+0530] {logging_mixin.py:188} INFO - [2026-03-18T18:36:19.172+0530] {dag.py:3834} INFO - Setting next_dagrun for example_bash_operator to 2026-03-17 00:00:00+00:00, run_after=2026-03-18 00:00:00+00:00
[2026-03-18T18:36:19.273+0530] {processor.py:183} INFO - Processing /home/tejasvi/Desktop/airflow_ssh_simulation/venv/lib/python3.10/site-packages/airflow/example_dags/example_bash_operator.py took 0.225 seconds
[2026-03-18T18:37:27.621+0530] {processor.py:161} INFO - Started process (PID=25349) to work on /home/tejasvi/Desktop/airflow_ssh_simulation/venv/lib/python3.10/site-packages/airflow/example_dags/example_bash_operator.py
[2026-03-18T18:37:27.623+0530] {processor.py:830} INFO - Processing file /home/tejasvi/Desktop/airflow_ssh_simulation/venv/lib/python3.10/site-packages/airflow/example_dags/example_bash_operator.py for tasks to queue
[2026-03-18T18:37:27.625+0530] {logging_mixin.py:188} INFO - [2026-03-18T18:37:27.625+0530] {dagbag.py:540} INFO - Filling up the DagBag from /home/tejasvi/Desktop/airflow_ssh_simulation/venv/lib/python3.10/site-packages/airflow/example_dags/example_bash_operator.py
[2026-03-18T18:37:27.642+0530] {processor.py:840} INFO - DAG(s) 'example_bash_operator' retrieved from /home/tejasvi/Desktop/airflow_ssh_simulation/venv/lib/python3.10/site-packages/airflow/example_dags/example_bash_operator.py
[2026-03-18T18:37:27.665+0530] {logging_mixin.py:188} INFO - [2026-03-18T18:37:27.664+0530] {dag.py:3047} INFO - Sync 1 DAGs
[2026-03-18T18:37:27.686+0530] {logging_mixin.py:188} INFO - [2026-03-18T18:37:27.686+0530] {dag.py:3834} INFO - Setting next_dagrun for example_bash_operator to 2026-03-17 00:00:00+00:00, run_after=2026-03-18 00:00:00+00:00
[2026-03-18T18:37:27.730+0530] {processor.py:183} INFO - Processing /home/tejasvi/Desktop/airflow_ssh_simulation/venv/lib/python3.10/site-packages/airflow/example_dags/example_bash_operator.py took 0.114 seconds
[2026-03-18T18:38:43.422+0530] {processor.py:161} INFO - Started process (PID=25523) to work on /home/tejasvi/Desktop/airflow_ssh_simulation/venv/lib/python3.10/site-packages/airflow/example_dags/example_bash_operator.py
[2026-03-18T18:38:43.431+0530] {processor.py:830} INFO - Processing file /home/tejasvi/Desktop/airflow_ssh_simulation/venv/lib/python3.10/site-packages/airflow/example_dags/example_bash_operator.py for tasks to queue
[2026-03-18T18:38:43.434+0530] {logging_mixin.py:188} INFO - [2026-03-18T18:38:43.433+0530] {dagbag.py:540} INFO - Filling up the DagBag from /home/tejasvi/Desktop/airflow_ssh_simulation/venv/lib/python3.10/site-packages/airflow/example_dags/example_bash_operator.py
[2026-03-18T18:38:43.448+0530] {processor.py:840} INFO - DAG(s) 'example_bash_operator' retrieved from /home/tejasvi/Desktop/airflow_ssh_simulation/venv/lib/python3.10/site-packages/airflow/example_dags/example_bash_operator.py
[2026-03-18T18:38:43.471+0530] {logging_mixin.py:188} INFO - [2026-03-18T18:38:43.471+0530] {dag.py:3047} INFO - Sync 1 DAGs
[2026-03-18T18:38:43.494+0530] {logging_mixin.py:188} INFO - [2026-03-18T18:38:43.493+0530] {dag.py:3834} INFO - Setting next_dagrun for example_bash_operator to 2026-03-17 00:00:00+00:00, run_after=2026-03-18 00:00:00+00:00
[2026-03-18T18:38:43.574+0530] {processor.py:183} INFO - Processing /home/tejasvi/Desktop/airflow_ssh_simulation/venv/lib/python3.10/site-packages/airflow/example_dags/example_bash_operator.py took 0.160 seconds
[2026-03-18T18:39:42.690+0530] {processor.py:161} INFO - Started process (PID=25680) to work on /home/tejasvi/Desktop/airflow_ssh_simulation/venv/lib/python3.10/site-packages/airflow/example_dags/example_bash_operator.py
[2026-03-18T18:39:42.743+0530] {processor.py:830} INFO - Processing file /home/tejasvi/Desktop/airflow_ssh_simulation/venv/lib/python3.10/site-packages/airflow/example_dags/example_bash_operator.py for tasks to queue
[2026-03-18T18:39:42.746+0530] {logging_mixin.py:188} INFO - [2026-03-18T18:39:42.745+0530] {dagbag.py:540} INFO - Filling up the DagBag from /home/tejasvi/Desktop/airflow_ssh_simulation/venv/lib/python3.10/site-packages/airflow/example_dags/example_bash_operator.py
[2026-03-18T18:39:42.762+0530] {processor.py:840} INFO - DAG(s) 'example_bash_operator' retrieved from /home/tejasvi/Desktop/airflow_ssh_simulation/venv/lib/python3.10/site-packages/airflow/example_dags/example_bash_operator.py
[2026-03-18T18:39:42.785+0530] {logging_mixin.py:188} INFO - [2026-03-18T18:39:42.785+0530] {dag.py:3047} INFO - Sync 1 DAGs
[2026-03-18T18:39:42.810+0530] {logging_mixin.py:188} INFO - [2026-03-18T18:39:42.810+0530] {dag.py:3834} INFO - Setting next_dagrun for example_bash_operator to 2026-03-17 00:00:00+00:00, run_after=2026-03-18 00:00:00+00:00
[2026-03-18T18:39:42.917+0530] {processor.py:183} INFO - Processing /home/tejasvi/Desktop/airflow_ssh_simulation/venv/lib/python3.10/site-packages/airflow/example_dags/example_bash_operator.py took 0.235 seconds
[2026-03-18T18:40:47.253+0530] {processor.py:161} INFO - Started process (PID=25839) to work on /home/tejasvi/Desktop/airflow_ssh_simulation/venv/lib/python3.10/site-packages/airflow/example_dags/example_bash_operator.py
[2026-03-18T18:40:47.303+0530] {processor.py:830} INFO - Processing file /home/tejasvi/Desktop/airflow_ssh_simulation/venv/lib/python3.10/site-packages/airflow/example_dags/example_bash_operator.py for tasks to queue
[2026-03-18T18:40:47.307+0530] {logging_mixin.py:188} INFO - [2026-03-18T18:40:47.306+0530] {dagbag.py:540} INFO - Filling up the DagBag from /home/tejasvi/Desktop/airflow_ssh_simulation/venv/lib/python3.10/site-packages/airflow/example_dags/example_bash_operator.py
[2026-03-18T18:40:47.322+0530] {processor.py:840} INFO - DAG(s) 'example_bash_operator' retrieved from /home/tejasvi/Desktop/airflow_ssh_simulation/venv/lib/python3.10/site-packages/airflow/example_dags/example_bash_operator.py
[2026-03-18T18:40:47.345+0530] {logging_mixin.py:188} INFO - [2026-03-18T18:40:47.345+0530] {dag.py:3047} INFO - Sync 1 DAGs
[2026-03-18T18:40:47.366+0530] {logging_mixin.py:188} INFO - [2026-03-18T18:40:47.366+0530] {dag.py:3834} INFO - Setting next_dagrun for example_bash_operator to 2026-03-17 00:00:00+00:00, run_after=2026-03-18 00:00:00+00:00
[2026-03-18T18:40:47.413+0530] {processor.py:183} INFO - Processing /home/tejasvi/Desktop/airflow_ssh_simulation/venv/lib/python3.10/site-packages/airflow/example_dags/example_bash_operator.py took 0.168 seconds
[2026-03-18T18:41:50.242+0530] {processor.py:161} INFO - Started process (PID=26033) to work on /home/tejasvi/Desktop/airflow_ssh_simulation/venv/lib/python3.10/site-packages/airflow/example_dags/example_bash_operator.py
[2026-03-18T18:41:50.246+0530] {processor.py:830} INFO - Processing file /home/tejasvi/Desktop/airflow_ssh_simulation/venv/lib/python3.10/site-packages/airflow/example_dags/example_bash_operator.py for tasks to queue
[2026-03-18T18:41:50.249+0530] {logging_mixin.py:188} INFO - [2026-03-18T18:41:50.248+0530] {dagbag.py:540} INFO - Filling up the DagBag from /home/tejasvi/Desktop/airflow_ssh_simulation/venv/lib/python3.10/site-packages/airflow/example_dags/example_bash_operator.py
[2026-03-18T18:41:50.263+0530] {processor.py:840} INFO - DAG(s) 'example_bash_operator' retrieved from /home/tejasvi/Desktop/airflow_ssh_simulation/venv/lib/python3.10/site-packages/airflow/example_dags/example_bash_operator.py
[2026-03-18T18:41:50.287+0530] {logging_mixin.py:188} INFO - [2026-03-18T18:41:50.287+0530] {dag.py:3047} INFO - Sync 1 DAGs
[2026-03-18T18:41:50.308+0530] {logging_mixin.py:188} INFO - [2026-03-18T18:41:50.307+0530] {dag.py:3834} INFO - Setting next_dagrun for example_bash_operator to 2026-03-17 00:00:00+00:00, run_after=2026-03-18 00:00:00+00:00
[2026-03-18T18:41:50.387+0530] {processor.py:183} INFO - Processing /home/tejasvi/Desktop/airflow_ssh_simulation/venv/lib/python3.10/site-packages/airflow/example_dags/example_bash_operator.py took 0.153 seconds
[2026-03-18T18:43:05.020+0530] {processor.py:161} INFO - Started process (PID=26201) to work on /home/tejasvi/Desktop/airflow_ssh_simulation/venv/lib/python3.10/site-packages/airflow/example_dags/example_bash_operator.py
[2026-03-18T18:43:07.200+0530] {processor.py:830} INFO - Processing file /home/tejasvi/Desktop/airflow_ssh_simulation/venv/lib/python3.10/site-packages/airflow/example_dags/example_bash_operator.py for tasks to queue
[2026-03-18T18:43:07.204+0530] {logging_mixin.py:188} INFO - [2026-03-18T18:43:07.203+0530] {dagbag.py:540} INFO - Filling up the DagBag from /home/tejasvi/Desktop/airflow_ssh_simulation/venv/lib/python3.10/site-packages/airflow/example_dags/example_bash_operator.py
[2026-03-18T18:43:07.219+0530] {processor.py:840} INFO - DAG(s) 'example_bash_operator' retrieved from /home/tejasvi/Desktop/airflow_ssh_simulation/venv/lib/python3.10/site-packages/airflow/example_dags/example_bash_operator.py
[2026-03-18T18:43:07.242+0530] {logging_mixin.py:188} INFO - [2026-03-18T18:43:07.242+0530] {dag.py:3047} INFO - Sync 1 DAGs
[2026-03-18T18:43:07.264+0530] {logging_mixin.py:188} INFO - [2026-03-18T18:43:07.264+0530] {dag.py:3834} INFO - Setting next_dagrun for example_bash_operator to 2026-03-17 00:00:00+00:00, run_after=2026-03-18 00:00:00+00:00
[2026-03-18T18:43:07.382+0530] {processor.py:183} INFO - Processing /home/tejasvi/Desktop/airflow_ssh_simulation/venv/lib/python3.10/site-packages/airflow/example_dags/example_bash_operator.py took 2.370 seconds
[2026-03-18T18:44:23.730+0530] {processor.py:161} INFO - Started process (PID=26395) to work on /home/tejasvi/Desktop/airflow_ssh_simulation/venv/lib/python3.10/site-packages/airflow/example_dags/example_bash_operator.py
[2026-03-18T18:44:23.746+0530] {processor.py:830} INFO - Processing file /home/tejasvi/Desktop/airflow_ssh_simulation/venv/lib/python3.10/site-packages/airflow/example_dags/example_bash_operator.py for tasks to queue
[2026-03-18T18:44:23.749+0530] {logging_mixin.py:188} INFO - [2026-03-18T18:44:23.748+0530] {dagbag.py:540} INFO - Filling up the DagBag from /home/tejasvi/Desktop/airflow_ssh_simulation/venv/lib/python3.10/site-packages/airflow/example_dags/example_bash_operator.py
[2026-03-18T18:44:23.767+0530] {processor.py:840} INFO - DAG(s) 'example_bash_operator' retrieved from /home/tejasvi/Desktop/airflow_ssh_simulation/venv/lib/python3.10/site-packages/airflow/example_dags/example_bash_operator.py
[2026-03-18T18:44:23.791+0530] {logging_mixin.py:188} INFO - [2026-03-18T18:44:23.790+0530] {dag.py:3047} INFO - Sync 1 DAGs
[2026-03-18T18:44:23.812+0530] {logging_mixin.py:188} INFO - [2026-03-18T18:44:23.812+0530] {dag.py:3834} INFO - Setting next_dagrun for example_bash_operator to 2026-03-17 00:00:00+00:00, run_after=2026-03-18 00:00:00+00:00
[2026-03-18T18:44:23.915+0530] {processor.py:183} INFO - Processing /home/tejasvi/Desktop/airflow_ssh_simulation/venv/lib/python3.10/site-packages/airflow/example_dags/example_bash_operator.py took 0.192 seconds
[2026-03-18T18:45:25.788+0530] {processor.py:161} INFO - Started process (PID=26544) to work on /home/tejasvi/Desktop/airflow_ssh_simulation/venv/lib/python3.10/site-packages/airflow/example_dags/example_bash_operator.py
[2026-03-18T18:45:25.838+0530] {processor.py:830} INFO - Processing file /home/tejasvi/Desktop/airflow_ssh_simulation/venv/lib/python3.10/site-packages/airflow/example_dags/example_bash_operator.py for tasks to queue
[2026-03-18T18:45:25.841+0530] {logging_mixin.py:188} INFO - [2026-03-18T18:45:25.840+0530] {dagbag.py:540} INFO - Filling up the DagBag from /home/tejasvi/Desktop/airflow_ssh_simulation/venv/lib/python3.10/site-packages/airflow/example_dags/example_bash_operator.py
[2026-03-18T18:45:25.857+0530] {processor.py:840} INFO - DAG(s) 'example_bash_operator' retrieved from /home/tejasvi/Desktop/airflow_ssh_simulation/venv/lib/python3.10/site-packages/airflow/example_dags/example_bash_operator.py
[2026-03-18T18:45:25.880+0530] {logging_mixin.py:188} INFO - [2026-03-18T18:45:25.879+0530] {dag.py:3047} INFO - Sync 1 DAGs
[2026-03-18T18:45:25.901+0530] {logging_mixin.py:188} INFO - [2026-03-18T18:45:25.900+0530] {dag.py:3834} INFO - Setting next_dagrun for example_bash_operator to 2026-03-17 00:00:00+00:00, run_after=2026-03-18 00:00:00+00:00
[2026-03-18T18:45:26.001+0530] {processor.py:183} INFO - Processing /home/tejasvi/Desktop/airflow_ssh_simulation/venv/lib/python3.10/site-packages/airflow/example_dags/example_bash_operator.py took 0.221 seconds
[2026-03-18T18:46:52.273+0530] {processor.py:161} INFO - Started process (PID=26762) to work on /home/tejasvi/Desktop/airflow_ssh_simulation/venv/lib/python3.10/site-packages/airflow/example_dags/example_bash_operator.py
[2026-03-18T18:46:52.310+0530] {processor.py:830} INFO - Processing file /home/tejasvi/Desktop/airflow_ssh_simulation/venv/lib/python3.10/site-packages/airflow/example_dags/example_bash_operator.py for tasks to queue
[2026-03-18T18:46:52.313+0530] {logging_mixin.py:188} INFO - [2026-03-18T18:46:52.313+0530] {dagbag.py:540} INFO - Filling up the DagBag from /home/tejasvi/Desktop/airflow_ssh_simulation/venv/lib/python3.10/site-packages/airflow/example_dags/example_bash_operator.py
[2026-03-18T18:46:52.329+0530] {processor.py:840} INFO - DAG(s) 'example_bash_operator' retrieved from /home/tejasvi/Desktop/airflow_ssh_simulation/venv/lib/python3.10/site-packages/airflow/example_dags/example_bash_operator.py
[2026-03-18T18:46:52.352+0530] {logging_mixin.py:188} INFO - [2026-03-18T18:46:52.352+0530] {dag.py:3047} INFO - Sync 1 DAGs
[2026-03-18T18:46:52.373+0530] {logging_mixin.py:188} INFO - [2026-03-18T18:46:52.373+0530] {dag.py:3834} INFO - Setting next_dagrun for example_bash_operator to 2026-03-17 00:00:00+00:00, run_after=2026-03-18 00:00:00+00:00
[2026-03-18T18:46:52.415+0530] {processor.py:183} INFO - Processing /home/tejasvi/Desktop/airflow_ssh_simulation/venv/lib/python3.10/site-packages/airflow/example_dags/example_bash_operator.py took 0.149 seconds
[2026-03-18T18:48:03.396+0530] {processor.py:161} INFO - Started process (PID=26945) to work on /home/tejasvi/Desktop/airflow_ssh_simulation/venv/lib/python3.10/site-packages/airflow/example_dags/example_bash_operator.py
[2026-03-18T18:48:03.402+0530] {processor.py:830} INFO - Processing file /home/tejasvi/Desktop/airflow_ssh_simulation/venv/lib/python3.10/site-packages/airflow/example_dags/example_bash_operator.py for tasks to queue
[2026-03-18T18:48:03.405+0530] {logging_mixin.py:188} INFO - [2026-03-18T18:48:03.404+0530] {dagbag.py:540} INFO - Filling up the DagBag from /home/tejasvi/Desktop/airflow_ssh_simulation/venv/lib/python3.10/site-packages/airflow/example_dags/example_bash_operator.py
[2026-03-18T18:48:03.418+0530] {processor.py:840} INFO - DAG(s) 'example_bash_operator' retrieved from /home/tejasvi/Desktop/airflow_ssh_simulation/venv/lib/python3.10/site-packages/airflow/example_dags/example_bash_operator.py
[2026-03-18T18:48:03.441+0530] {logging_mixin.py:188} INFO - [2026-03-18T18:48:03.441+0530] {dag.py:3047} INFO - Sync 1 DAGs
[2026-03-18T18:48:03.466+0530] {logging_mixin.py:188} INFO - [2026-03-18T18:48:03.466+0530] {dag.py:3834} INFO - Setting next_dagrun for example_bash_operator to 2026-03-17 00:00:00+00:00, run_after=2026-03-18 00:00:00+00:00
[2026-03-18T18:48:03.549+0530] {processor.py:183} INFO - Processing /home/tejasvi/Desktop/airflow_ssh_simulation/venv/lib/python3.10/site-packages/airflow/example_dags/example_bash_operator.py took 0.161 seconds
[2026-03-18T18:49:28.378+0530] {processor.py:161} INFO - Started process (PID=27152) to work on /home/tejasvi/Desktop/airflow_ssh_simulation/venv/lib/python3.10/site-packages/airflow/example_dags/example_bash_operator.py
[2026-03-18T18:49:28.433+0530] {processor.py:830} INFO - Processing file /home/tejasvi/Desktop/airflow_ssh_simulation/venv/lib/python3.10/site-packages/airflow/example_dags/example_bash_operator.py for tasks to queue
[2026-03-18T18:49:28.438+0530] {logging_mixin.py:188} INFO - [2026-03-18T18:49:28.437+0530] {dagbag.py:540} INFO - Filling up the DagBag from /home/tejasvi/Desktop/airflow_ssh_simulation/venv/lib/python3.10/site-packages/airflow/example_dags/example_bash_operator.py
[2026-03-18T18:49:28.469+0530] {processor.py:840} INFO - DAG(s) 'example_bash_operator' retrieved from /home/tejasvi/Desktop/airflow_ssh_simulation/venv/lib/python3.10/site-packages/airflow/example_dags/example_bash_operator.py
[2026-03-18T18:49:28.493+0530] {logging_mixin.py:188} INFO - [2026-03-18T18:49:28.493+0530] {dag.py:3047} INFO - Sync 1 DAGs
[2026-03-18T18:49:28.514+0530] {logging_mixin.py:188} INFO - [2026-03-18T18:49:28.513+0530] {dag.py:3834} INFO - Setting next_dagrun for example_bash_operator to 2026-03-17 00:00:00+00:00, run_after=2026-03-18 00:00:00+00:00
[2026-03-18T18:49:28.559+0530] {processor.py:183} INFO - Processing /home/tejasvi/Desktop/airflow_ssh_simulation/venv/lib/python3.10/site-packages/airflow/example_dags/example_bash_operator.py took 0.187 seconds
[2026-03-18T18:50:51.887+0530] {processor.py:161} INFO - Started process (PID=27719) to work on /home/tejasvi/Desktop/airflow_ssh_simulation/venv/lib/python3.10/site-packages/airflow/example_dags/example_bash_operator.py
[2026-03-18T18:50:52.000+0530] {processor.py:830} INFO - Processing file /home/tejasvi/Desktop/airflow_ssh_simulation/venv/lib/python3.10/site-packages/airflow/example_dags/example_bash_operator.py for tasks to queue
[2026-03-18T18:50:52.005+0530] {logging_mixin.py:188} INFO - [2026-03-18T18:50:52.004+0530] {dagbag.py:540} INFO - Filling up the DagBag from /home/tejasvi/Desktop/airflow_ssh_simulation/venv/lib/python3.10/site-packages/airflow/example_dags/example_bash_operator.py
[2026-03-18T18:50:52.039+0530] {processor.py:840} INFO - DAG(s) 'example_bash_operator' retrieved from /home/tejasvi/Desktop/airflow_ssh_simulation/venv/lib/python3.10/site-packages/airflow/example_dags/example_bash_operator.py
[2026-03-18T18:50:52.067+0530] {logging_mixin.py:188} INFO - [2026-03-18T18:50:52.067+0530] {dag.py:3047} INFO - Sync 1 DAGs
[2026-03-18T18:50:52.090+0530] {logging_mixin.py:188} INFO - [2026-03-18T18:50:52.090+0530] {dag.py:3834} INFO - Setting next_dagrun for example_bash_operator to 2026-03-17 00:00:00+00:00, run_after=2026-03-18 00:00:00+00:00
[2026-03-18T18:50:52.182+0530] {processor.py:183} INFO - Processing /home/tejasvi/Desktop/airflow_ssh_simulation/venv/lib/python3.10/site-packages/airflow/example_dags/example_bash_operator.py took 0.303 seconds
