[2026-03-18T17:39:06.218+0530] {processor.py:161} INFO - Started process (PID=5258) to work on /home/tejasvi/Desktop/airflow_ssh_simulation/venv/lib/python3.10/site-packages/airflow/example_dags/example_xcom.py
[2026-03-18T17:39:06.221+0530] {processor.py:830} INFO - Processing file /home/tejasvi/Desktop/airflow_ssh_simulation/venv/lib/python3.10/site-packages/airflow/example_dags/example_xcom.py for tasks to queue
[2026-03-18T17:39:06.223+0530] {logging_mixin.py:188} INFO - [2026-03-18T17:39:06.222+0530] {dagbag.py:540} INFO - Filling up the DagBag from /home/tejasvi/Desktop/airflow_ssh_simulation/venv/lib/python3.10/site-packages/airflow/example_dags/example_xcom.py
[2026-03-18T17:39:06.241+0530] {processor.py:840} INFO - DAG(s) 'example_xcom' retrieved from /home/tejasvi/Desktop/airflow_ssh_simulation/venv/lib/python3.10/site-packages/airflow/example_dags/example_xcom.py
[2026-03-18T17:39:06.283+0530] {logging_mixin.py:188} INFO - [2026-03-18T17:39:06.283+0530] {dag.py:3047} INFO - Sync 1 DAGs
[2026-03-18T17:39:06.317+0530] {logging_mixin.py:188} INFO - [2026-03-18T17:39:06.316+0530] {dag.py:3834} INFO - Setting next_dagrun for example_xcom to 2021-01-01 00:00:00+00:00, run_after=2021-01-01 00:00:00+00:00
[2026-03-18T17:39:06.420+0530] {processor.py:183} INFO - Processing /home/tejasvi/Desktop/airflow_ssh_simulation/venv/lib/python3.10/site-packages/airflow/example_dags/example_xcom.py took 0.209 seconds
[2026-03-18T17:40:18.537+0530] {processor.py:161} INFO - Started process (PID=5449) to work on /home/tejasvi/Desktop/airflow_ssh_simulation/venv/lib/python3.10/site-packages/airflow/example_dags/example_xcom.py
[2026-03-18T17:40:18.541+0530] {processor.py:830} INFO - Processing file /home/tejasvi/Desktop/airflow_ssh_simulation/venv/lib/python3.10/site-packages/airflow/example_dags/example_xcom.py for tasks to queue
[2026-03-18T17:40:18.544+0530] {logging_mixin.py:188} INFO - [2026-03-18T17:40:18.544+0530] {dagbag.py:540} INFO - Filling up the DagBag from /home/tejasvi/Desktop/airflow_ssh_simulation/venv/lib/python3.10/site-packages/airflow/example_dags/example_xcom.py
[2026-03-18T17:40:18.557+0530] {processor.py:840} INFO - DAG(s) 'example_xcom' retrieved from /home/tejasvi/Desktop/airflow_ssh_simulation/venv/lib/python3.10/site-packages/airflow/example_dags/example_xcom.py
[2026-03-18T17:40:18.582+0530] {logging_mixin.py:188} INFO - [2026-03-18T17:40:18.581+0530] {dag.py:3047} INFO - Sync 1 DAGs
[2026-03-18T17:40:18.612+0530] {logging_mixin.py:188} INFO - [2026-03-18T17:40:18.611+0530] {dag.py:3834} INFO - Setting next_dagrun for example_xcom to 2021-01-01 00:00:00+00:00, run_after=2021-01-01 00:00:00+00:00
[2026-03-18T17:40:18.770+0530] {processor.py:183} INFO - Processing /home/tejasvi/Desktop/airflow_ssh_simulation/venv/lib/python3.10/site-packages/airflow/example_dags/example_xcom.py took 0.241 seconds
[2026-03-18T17:41:38.108+0530] {processor.py:161} INFO - Started process (PID=5562) to work on /home/tejasvi/Desktop/airflow_ssh_simulation/venv/lib/python3.10/site-packages/airflow/example_dags/example_xcom.py
[2026-03-18T17:41:38.174+0530] {processor.py:830} INFO - Processing file /home/tejasvi/Desktop/airflow_ssh_simulation/venv/lib/python3.10/site-packages/airflow/example_dags/example_xcom.py for tasks to queue
[2026-03-18T17:41:38.178+0530] {logging_mixin.py:188} INFO - [2026-03-18T17:41:38.177+0530] {dagbag.py:540} INFO - Filling up the DagBag from /home/tejasvi/Desktop/airflow_ssh_simulation/venv/lib/python3.10/site-packages/airflow/example_dags/example_xcom.py
[2026-03-18T17:41:38.191+0530] {processor.py:840} INFO - DAG(s) 'example_xcom' retrieved from /home/tejasvi/Desktop/airflow_ssh_simulation/venv/lib/python3.10/site-packages/airflow/example_dags/example_xcom.py
[2026-03-18T17:41:38.215+0530] {logging_mixin.py:188} INFO - [2026-03-18T17:41:38.214+0530] {dag.py:3047} INFO - Sync 1 DAGs
[2026-03-18T17:41:38.244+0530] {logging_mixin.py:188} INFO - [2026-03-18T17:41:38.243+0530] {dag.py:3834} INFO - Setting next_dagrun for example_xcom to 2021-01-01 00:00:00+00:00, run_after=2021-01-01 00:00:00+00:00
[2026-03-18T17:41:38.304+0530] {processor.py:183} INFO - Processing /home/tejasvi/Desktop/airflow_ssh_simulation/venv/lib/python3.10/site-packages/airflow/example_dags/example_xcom.py took 0.203 seconds
[2026-03-18T17:42:41.628+0530] {processor.py:161} INFO - Started process (PID=5714) to work on /home/tejasvi/Desktop/airflow_ssh_simulation/venv/lib/python3.10/site-packages/airflow/example_dags/example_xcom.py
[2026-03-18T17:42:41.808+0530] {processor.py:830} INFO - Processing file /home/tejasvi/Desktop/airflow_ssh_simulation/venv/lib/python3.10/site-packages/airflow/example_dags/example_xcom.py for tasks to queue
[2026-03-18T17:42:41.811+0530] {logging_mixin.py:188} INFO - [2026-03-18T17:42:41.811+0530] {dagbag.py:540} INFO - Filling up the DagBag from /home/tejasvi/Desktop/airflow_ssh_simulation/venv/lib/python3.10/site-packages/airflow/example_dags/example_xcom.py
[2026-03-18T17:42:41.824+0530] {processor.py:840} INFO - DAG(s) 'example_xcom' retrieved from /home/tejasvi/Desktop/airflow_ssh_simulation/venv/lib/python3.10/site-packages/airflow/example_dags/example_xcom.py
[2026-03-18T17:42:41.849+0530] {logging_mixin.py:188} INFO - [2026-03-18T17:42:41.849+0530] {dag.py:3047} INFO - Sync 1 DAGs
[2026-03-18T17:42:41.880+0530] {logging_mixin.py:188} INFO - [2026-03-18T17:42:41.879+0530] {dag.py:3834} INFO - Setting next_dagrun for example_xcom to 2021-01-01 00:00:00+00:00, run_after=2021-01-01 00:00:00+00:00
[2026-03-18T17:42:42.030+0530] {processor.py:183} INFO - Processing /home/tejasvi/Desktop/airflow_ssh_simulation/venv/lib/python3.10/site-packages/airflow/example_dags/example_xcom.py took 0.409 seconds
[2026-03-18T17:43:51.921+0530] {processor.py:161} INFO - Started process (PID=6868) to work on /home/tejasvi/Desktop/airflow_ssh_simulation/venv/lib/python3.10/site-packages/airflow/example_dags/example_xcom.py
[2026-03-18T17:43:51.926+0530] {processor.py:830} INFO - Processing file /home/tejasvi/Desktop/airflow_ssh_simulation/venv/lib/python3.10/site-packages/airflow/example_dags/example_xcom.py for tasks to queue
[2026-03-18T17:43:51.930+0530] {logging_mixin.py:188} INFO - [2026-03-18T17:43:51.929+0530] {dagbag.py:540} INFO - Filling up the DagBag from /home/tejasvi/Desktop/airflow_ssh_simulation/venv/lib/python3.10/site-packages/airflow/example_dags/example_xcom.py
[2026-03-18T17:43:51.947+0530] {processor.py:840} INFO - DAG(s) 'example_xcom' retrieved from /home/tejasvi/Desktop/airflow_ssh_simulation/venv/lib/python3.10/site-packages/airflow/example_dags/example_xcom.py
[2026-03-18T17:43:51.980+0530] {logging_mixin.py:188} INFO - [2026-03-18T17:43:51.979+0530] {dag.py:3047} INFO - Sync 1 DAGs
[2026-03-18T17:43:52.023+0530] {logging_mixin.py:188} INFO - [2026-03-18T17:43:52.022+0530] {dag.py:3834} INFO - Setting next_dagrun for example_xcom to 2021-01-01 00:00:00+00:00, run_after=2021-01-01 00:00:00+00:00
[2026-03-18T17:43:52.074+0530] {processor.py:183} INFO - Processing /home/tejasvi/Desktop/airflow_ssh_simulation/venv/lib/python3.10/site-packages/airflow/example_dags/example_xcom.py took 0.159 seconds
[2026-03-18T17:45:03.743+0530] {processor.py:161} INFO - Started process (PID=7830) to work on /home/tejasvi/Desktop/airflow_ssh_simulation/venv/lib/python3.10/site-packages/airflow/example_dags/example_xcom.py
[2026-03-18T17:45:03.768+0530] {processor.py:830} INFO - Processing file /home/tejasvi/Desktop/airflow_ssh_simulation/venv/lib/python3.10/site-packages/airflow/example_dags/example_xcom.py for tasks to queue
[2026-03-18T17:45:03.771+0530] {logging_mixin.py:188} INFO - [2026-03-18T17:45:03.770+0530] {dagbag.py:540} INFO - Filling up the DagBag from /home/tejasvi/Desktop/airflow_ssh_simulation/venv/lib/python3.10/site-packages/airflow/example_dags/example_xcom.py
[2026-03-18T17:45:03.784+0530] {processor.py:840} INFO - DAG(s) 'example_xcom' retrieved from /home/tejasvi/Desktop/airflow_ssh_simulation/venv/lib/python3.10/site-packages/airflow/example_dags/example_xcom.py
[2026-03-18T17:45:03.809+0530] {logging_mixin.py:188} INFO - [2026-03-18T17:45:03.808+0530] {dag.py:3047} INFO - Sync 1 DAGs
[2026-03-18T17:45:03.838+0530] {logging_mixin.py:188} INFO - [2026-03-18T17:45:03.838+0530] {dag.py:3834} INFO - Setting next_dagrun for example_xcom to 2021-01-01 00:00:00+00:00, run_after=2021-01-01 00:00:00+00:00
[2026-03-18T17:45:03.914+0530] {processor.py:183} INFO - Processing /home/tejasvi/Desktop/airflow_ssh_simulation/venv/lib/python3.10/site-packages/airflow/example_dags/example_xcom.py took 0.178 seconds
[2026-03-18T17:46:10.432+0530] {processor.py:161} INFO - Started process (PID=8919) to work on /home/tejasvi/Desktop/airflow_ssh_simulation/venv/lib/python3.10/site-packages/airflow/example_dags/example_xcom.py
[2026-03-18T17:46:10.461+0530] {processor.py:830} INFO - Processing file /home/tejasvi/Desktop/airflow_ssh_simulation/venv/lib/python3.10/site-packages/airflow/example_dags/example_xcom.py for tasks to queue
[2026-03-18T17:46:10.478+0530] {logging_mixin.py:188} INFO - [2026-03-18T17:46:10.476+0530] {dagbag.py:540} INFO - Filling up the DagBag from /home/tejasvi/Desktop/airflow_ssh_simulation/venv/lib/python3.10/site-packages/airflow/example_dags/example_xcom.py
[2026-03-18T17:46:10.549+0530] {processor.py:840} INFO - DAG(s) 'example_xcom' retrieved from /home/tejasvi/Desktop/airflow_ssh_simulation/venv/lib/python3.10/site-packages/airflow/example_dags/example_xcom.py
[2026-03-18T17:46:10.609+0530] {logging_mixin.py:188} INFO - [2026-03-18T17:46:10.608+0530] {dag.py:3047} INFO - Sync 1 DAGs
[2026-03-18T17:46:10.714+0530] {logging_mixin.py:188} INFO - [2026-03-18T17:46:10.697+0530] {dag.py:3834} INFO - Setting next_dagrun for example_xcom to 2021-01-01 00:00:00+00:00, run_after=2021-01-01 00:00:00+00:00
[2026-03-18T17:46:10.837+0530] {processor.py:183} INFO - Processing /home/tejasvi/Desktop/airflow_ssh_simulation/venv/lib/python3.10/site-packages/airflow/example_dags/example_xcom.py took 0.410 seconds
[2026-03-18T17:47:31.577+0530] {processor.py:161} INFO - Started process (PID=9531) to work on /home/tejasvi/Desktop/airflow_ssh_simulation/venv/lib/python3.10/site-packages/airflow/example_dags/example_xcom.py
[2026-03-18T17:47:31.673+0530] {processor.py:830} INFO - Processing file /home/tejasvi/Desktop/airflow_ssh_simulation/venv/lib/python3.10/site-packages/airflow/example_dags/example_xcom.py for tasks to queue
[2026-03-18T17:47:31.676+0530] {logging_mixin.py:188} INFO - [2026-03-18T17:47:31.676+0530] {dagbag.py:540} INFO - Filling up the DagBag from /home/tejasvi/Desktop/airflow_ssh_simulation/venv/lib/python3.10/site-packages/airflow/example_dags/example_xcom.py
[2026-03-18T17:47:31.687+0530] {processor.py:840} INFO - DAG(s) 'example_xcom' retrieved from /home/tejasvi/Desktop/airflow_ssh_simulation/venv/lib/python3.10/site-packages/airflow/example_dags/example_xcom.py
[2026-03-18T17:47:31.718+0530] {logging_mixin.py:188} INFO - [2026-03-18T17:47:31.717+0530] {dag.py:3047} INFO - Sync 1 DAGs
[2026-03-18T17:47:31.740+0530] {logging_mixin.py:188} INFO - [2026-03-18T17:47:31.740+0530] {dag.py:3834} INFO - Setting next_dagrun for example_xcom to 2021-01-01 00:00:00+00:00, run_after=2021-01-01 00:00:00+00:00
[2026-03-18T17:47:31.840+0530] {processor.py:183} INFO - Processing /home/tejasvi/Desktop/airflow_ssh_simulation/venv/lib/python3.10/site-packages/airflow/example_dags/example_xcom.py took 0.270 seconds
[2026-03-18T17:48:35.329+0530] {processor.py:161} INFO - Started process (PID=10045) to work on /home/tejasvi/Desktop/airflow_ssh_simulation/venv/lib/python3.10/site-packages/airflow/example_dags/example_xcom.py
[2026-03-18T17:48:35.358+0530] {processor.py:830} INFO - Processing file /home/tejasvi/Desktop/airflow_ssh_simulation/venv/lib/python3.10/site-packages/airflow/example_dags/example_xcom.py for tasks to queue
[2026-03-18T17:48:35.361+0530] {logging_mixin.py:188} INFO - [2026-03-18T17:48:35.360+0530] {dagbag.py:540} INFO - Filling up the DagBag from /home/tejasvi/Desktop/airflow_ssh_simulation/venv/lib/python3.10/site-packages/airflow/example_dags/example_xcom.py
[2026-03-18T17:48:35.371+0530] {processor.py:840} INFO - DAG(s) 'example_xcom' retrieved from /home/tejasvi/Desktop/airflow_ssh_simulation/venv/lib/python3.10/site-packages/airflow/example_dags/example_xcom.py
[2026-03-18T17:48:35.388+0530] {logging_mixin.py:188} INFO - [2026-03-18T17:48:35.388+0530] {dag.py:3047} INFO - Sync 1 DAGs
[2026-03-18T17:48:35.408+0530] {logging_mixin.py:188} INFO - [2026-03-18T17:48:35.408+0530] {dag.py:3834} INFO - Setting next_dagrun for example_xcom to 2021-01-01 00:00:00+00:00, run_after=2021-01-01 00:00:00+00:00
[2026-03-18T17:48:35.511+0530] {processor.py:183} INFO - Processing /home/tejasvi/Desktop/airflow_ssh_simulation/venv/lib/python3.10/site-packages/airflow/example_dags/example_xcom.py took 0.189 seconds
[2026-03-18T17:49:36.260+0530] {processor.py:161} INFO - Started process (PID=10526) to work on /home/tejasvi/Desktop/airflow_ssh_simulation/venv/lib/python3.10/site-packages/airflow/example_dags/example_xcom.py
[2026-03-18T17:49:36.294+0530] {processor.py:830} INFO - Processing file /home/tejasvi/Desktop/airflow_ssh_simulation/venv/lib/python3.10/site-packages/airflow/example_dags/example_xcom.py for tasks to queue
[2026-03-18T17:49:36.297+0530] {logging_mixin.py:188} INFO - [2026-03-18T17:49:36.296+0530] {dagbag.py:540} INFO - Filling up the DagBag from /home/tejasvi/Desktop/airflow_ssh_simulation/venv/lib/python3.10/site-packages/airflow/example_dags/example_xcom.py
[2026-03-18T17:49:36.307+0530] {processor.py:840} INFO - DAG(s) 'example_xcom' retrieved from /home/tejasvi/Desktop/airflow_ssh_simulation/venv/lib/python3.10/site-packages/airflow/example_dags/example_xcom.py
[2026-03-18T17:49:36.323+0530] {logging_mixin.py:188} INFO - [2026-03-18T17:49:36.323+0530] {dag.py:3047} INFO - Sync 1 DAGs
[2026-03-18T17:49:36.343+0530] {logging_mixin.py:188} INFO - [2026-03-18T17:49:36.342+0530] {dag.py:3834} INFO - Setting next_dagrun for example_xcom to 2021-01-01 00:00:00+00:00, run_after=2021-01-01 00:00:00+00:00
[2026-03-18T17:49:36.443+0530] {processor.py:183} INFO - Processing /home/tejasvi/Desktop/airflow_ssh_simulation/venv/lib/python3.10/site-packages/airflow/example_dags/example_xcom.py took 0.190 seconds
[2026-03-18T17:50:43.772+0530] {processor.py:161} INFO - Started process (PID=11043) to work on /home/tejasvi/Desktop/airflow_ssh_simulation/venv/lib/python3.10/site-packages/airflow/example_dags/example_xcom.py
[2026-03-18T17:50:43.876+0530] {processor.py:830} INFO - Processing file /home/tejasvi/Desktop/airflow_ssh_simulation/venv/lib/python3.10/site-packages/airflow/example_dags/example_xcom.py for tasks to queue
[2026-03-18T17:50:43.880+0530] {logging_mixin.py:188} INFO - [2026-03-18T17:50:43.879+0530] {dagbag.py:540} INFO - Filling up the DagBag from /home/tejasvi/Desktop/airflow_ssh_simulation/venv/lib/python3.10/site-packages/airflow/example_dags/example_xcom.py
[2026-03-18T17:50:43.890+0530] {processor.py:840} INFO - DAG(s) 'example_xcom' retrieved from /home/tejasvi/Desktop/airflow_ssh_simulation/venv/lib/python3.10/site-packages/airflow/example_dags/example_xcom.py
[2026-03-18T17:50:43.907+0530] {logging_mixin.py:188} INFO - [2026-03-18T17:50:43.906+0530] {dag.py:3047} INFO - Sync 1 DAGs
[2026-03-18T17:50:43.926+0530] {logging_mixin.py:188} INFO - [2026-03-18T17:50:43.926+0530] {dag.py:3834} INFO - Setting next_dagrun for example_xcom to 2021-01-01 00:00:00+00:00, run_after=2021-01-01 00:00:00+00:00
[2026-03-18T17:50:44.013+0530] {processor.py:183} INFO - Processing /home/tejasvi/Desktop/airflow_ssh_simulation/venv/lib/python3.10/site-packages/airflow/example_dags/example_xcom.py took 0.248 seconds
[2026-03-18T17:51:48.764+0530] {processor.py:161} INFO - Started process (PID=11628) to work on /home/tejasvi/Desktop/airflow_ssh_simulation/venv/lib/python3.10/site-packages/airflow/example_dags/example_xcom.py
[2026-03-18T17:51:48.810+0530] {processor.py:830} INFO - Processing file /home/tejasvi/Desktop/airflow_ssh_simulation/venv/lib/python3.10/site-packages/airflow/example_dags/example_xcom.py for tasks to queue
[2026-03-18T17:51:48.813+0530] {logging_mixin.py:188} INFO - [2026-03-18T17:51:48.813+0530] {dagbag.py:540} INFO - Filling up the DagBag from /home/tejasvi/Desktop/airflow_ssh_simulation/venv/lib/python3.10/site-packages/airflow/example_dags/example_xcom.py
[2026-03-18T17:51:48.822+0530] {processor.py:840} INFO - DAG(s) 'example_xcom' retrieved from /home/tejasvi/Desktop/airflow_ssh_simulation/venv/lib/python3.10/site-packages/airflow/example_dags/example_xcom.py
[2026-03-18T17:51:48.839+0530] {logging_mixin.py:188} INFO - [2026-03-18T17:51:48.838+0530] {dag.py:3047} INFO - Sync 1 DAGs
[2026-03-18T17:51:48.858+0530] {logging_mixin.py:188} INFO - [2026-03-18T17:51:48.858+0530] {dag.py:3834} INFO - Setting next_dagrun for example_xcom to 2021-01-01 00:00:00+00:00, run_after=2021-01-01 00:00:00+00:00
[2026-03-18T17:51:48.955+0530] {processor.py:183} INFO - Processing /home/tejasvi/Desktop/airflow_ssh_simulation/venv/lib/python3.10/site-packages/airflow/example_dags/example_xcom.py took 0.198 seconds
[2026-03-18T17:53:02.556+0530] {processor.py:161} INFO - Started process (PID=12433) to work on /home/tejasvi/Desktop/airflow_ssh_simulation/venv/lib/python3.10/site-packages/airflow/example_dags/example_xcom.py
[2026-03-18T17:53:02.622+0530] {processor.py:830} INFO - Processing file /home/tejasvi/Desktop/airflow_ssh_simulation/venv/lib/python3.10/site-packages/airflow/example_dags/example_xcom.py for tasks to queue
[2026-03-18T17:53:02.628+0530] {logging_mixin.py:188} INFO - [2026-03-18T17:53:02.627+0530] {dagbag.py:540} INFO - Filling up the DagBag from /home/tejasvi/Desktop/airflow_ssh_simulation/venv/lib/python3.10/site-packages/airflow/example_dags/example_xcom.py
[2026-03-18T17:53:02.650+0530] {processor.py:840} INFO - DAG(s) 'example_xcom' retrieved from /home/tejasvi/Desktop/airflow_ssh_simulation/venv/lib/python3.10/site-packages/airflow/example_dags/example_xcom.py
[2026-03-18T17:53:02.676+0530] {logging_mixin.py:188} INFO - [2026-03-18T17:53:02.676+0530] {dag.py:3047} INFO - Sync 1 DAGs
[2026-03-18T17:53:02.700+0530] {logging_mixin.py:188} INFO - [2026-03-18T17:53:02.699+0530] {dag.py:3834} INFO - Setting next_dagrun for example_xcom to 2021-01-01 00:00:00+00:00, run_after=2021-01-01 00:00:00+00:00
[2026-03-18T17:53:02.847+0530] {processor.py:183} INFO - Processing /home/tejasvi/Desktop/airflow_ssh_simulation/venv/lib/python3.10/site-packages/airflow/example_dags/example_xcom.py took 0.299 seconds
[2026-03-18T17:54:09.429+0530] {processor.py:161} INFO - Started process (PID=13051) to work on /home/tejasvi/Desktop/airflow_ssh_simulation/venv/lib/python3.10/site-packages/airflow/example_dags/example_xcom.py
[2026-03-18T17:54:09.571+0530] {processor.py:830} INFO - Processing file /home/tejasvi/Desktop/airflow_ssh_simulation/venv/lib/python3.10/site-packages/airflow/example_dags/example_xcom.py for tasks to queue
[2026-03-18T17:54:09.575+0530] {logging_mixin.py:188} INFO - [2026-03-18T17:54:09.574+0530] {dagbag.py:540} INFO - Filling up the DagBag from /home/tejasvi/Desktop/airflow_ssh_simulation/venv/lib/python3.10/site-packages/airflow/example_dags/example_xcom.py
[2026-03-18T17:54:09.585+0530] {processor.py:840} INFO - DAG(s) 'example_xcom' retrieved from /home/tejasvi/Desktop/airflow_ssh_simulation/venv/lib/python3.10/site-packages/airflow/example_dags/example_xcom.py
[2026-03-18T17:54:09.603+0530] {logging_mixin.py:188} INFO - [2026-03-18T17:54:09.603+0530] {dag.py:3047} INFO - Sync 1 DAGs
[2026-03-18T17:54:09.624+0530] {logging_mixin.py:188} INFO - [2026-03-18T17:54:09.624+0530] {dag.py:3834} INFO - Setting next_dagrun for example_xcom to 2021-01-01 00:00:00+00:00, run_after=2021-01-01 00:00:00+00:00
[2026-03-18T17:54:09.745+0530] {processor.py:183} INFO - Processing /home/tejasvi/Desktop/airflow_ssh_simulation/venv/lib/python3.10/site-packages/airflow/example_dags/example_xcom.py took 0.326 seconds
[2026-03-18T17:55:11.058+0530] {processor.py:161} INFO - Started process (PID=13535) to work on /home/tejasvi/Desktop/airflow_ssh_simulation/venv/lib/python3.10/site-packages/airflow/example_dags/example_xcom.py
[2026-03-18T17:55:11.122+0530] {processor.py:830} INFO - Processing file /home/tejasvi/Desktop/airflow_ssh_simulation/venv/lib/python3.10/site-packages/airflow/example_dags/example_xcom.py for tasks to queue
[2026-03-18T17:55:11.125+0530] {logging_mixin.py:188} INFO - [2026-03-18T17:55:11.124+0530] {dagbag.py:540} INFO - Filling up the DagBag from /home/tejasvi/Desktop/airflow_ssh_simulation/venv/lib/python3.10/site-packages/airflow/example_dags/example_xcom.py
[2026-03-18T17:55:11.137+0530] {processor.py:840} INFO - DAG(s) 'example_xcom' retrieved from /home/tejasvi/Desktop/airflow_ssh_simulation/venv/lib/python3.10/site-packages/airflow/example_dags/example_xcom.py
[2026-03-18T17:55:11.153+0530] {logging_mixin.py:188} INFO - [2026-03-18T17:55:11.153+0530] {dag.py:3047} INFO - Sync 1 DAGs
[2026-03-18T17:55:11.173+0530] {logging_mixin.py:188} INFO - [2026-03-18T17:55:11.173+0530] {dag.py:3834} INFO - Setting next_dagrun for example_xcom to 2021-01-01 00:00:00+00:00, run_after=2021-01-01 00:00:00+00:00
[2026-03-18T17:55:11.278+0530] {processor.py:183} INFO - Processing /home/tejasvi/Desktop/airflow_ssh_simulation/venv/lib/python3.10/site-packages/airflow/example_dags/example_xcom.py took 0.227 seconds
[2026-03-18T17:56:19.722+0530] {processor.py:161} INFO - Started process (PID=14099) to work on /home/tejasvi/Desktop/airflow_ssh_simulation/venv/lib/python3.10/site-packages/airflow/example_dags/example_xcom.py
[2026-03-18T17:56:19.743+0530] {processor.py:830} INFO - Processing file /home/tejasvi/Desktop/airflow_ssh_simulation/venv/lib/python3.10/site-packages/airflow/example_dags/example_xcom.py for tasks to queue
[2026-03-18T17:56:19.746+0530] {logging_mixin.py:188} INFO - [2026-03-18T17:56:19.745+0530] {dagbag.py:540} INFO - Filling up the DagBag from /home/tejasvi/Desktop/airflow_ssh_simulation/venv/lib/python3.10/site-packages/airflow/example_dags/example_xcom.py
[2026-03-18T17:56:19.758+0530] {processor.py:840} INFO - DAG(s) 'example_xcom' retrieved from /home/tejasvi/Desktop/airflow_ssh_simulation/venv/lib/python3.10/site-packages/airflow/example_dags/example_xcom.py
[2026-03-18T17:56:19.775+0530] {logging_mixin.py:188} INFO - [2026-03-18T17:56:19.775+0530] {dag.py:3047} INFO - Sync 1 DAGs
[2026-03-18T17:56:19.796+0530] {logging_mixin.py:188} INFO - [2026-03-18T17:56:19.796+0530] {dag.py:3834} INFO - Setting next_dagrun for example_xcom to 2021-01-01 00:00:00+00:00, run_after=2021-01-01 00:00:00+00:00
[2026-03-18T17:56:19.841+0530] {processor.py:183} INFO - Processing /home/tejasvi/Desktop/airflow_ssh_simulation/venv/lib/python3.10/site-packages/airflow/example_dags/example_xcom.py took 0.123 seconds
[2026-03-18T17:57:01.964+0530] {processor.py:161} INFO - Started process (PID=14429) to work on /home/tejasvi/Desktop/airflow_ssh_simulation/venv/lib/python3.10/site-packages/airflow/example_dags/example_xcom.py
[2026-03-18T17:57:02.375+0530] {processor.py:830} INFO - Processing file /home/tejasvi/Desktop/airflow_ssh_simulation/venv/lib/python3.10/site-packages/airflow/example_dags/example_xcom.py for tasks to queue
[2026-03-18T17:57:02.379+0530] {logging_mixin.py:188} INFO - [2026-03-18T17:57:02.378+0530] {dagbag.py:540} INFO - Filling up the DagBag from /home/tejasvi/Desktop/airflow_ssh_simulation/venv/lib/python3.10/site-packages/airflow/example_dags/example_xcom.py
[2026-03-18T17:57:02.390+0530] {processor.py:840} INFO - DAG(s) 'example_xcom' retrieved from /home/tejasvi/Desktop/airflow_ssh_simulation/venv/lib/python3.10/site-packages/airflow/example_dags/example_xcom.py
[2026-03-18T17:57:02.407+0530] {logging_mixin.py:188} INFO - [2026-03-18T17:57:02.407+0530] {dag.py:3047} INFO - Sync 1 DAGs
[2026-03-18T17:57:02.428+0530] {logging_mixin.py:188} INFO - [2026-03-18T17:57:02.428+0530] {dag.py:3834} INFO - Setting next_dagrun for example_xcom to 2021-01-01 00:00:00+00:00, run_after=2021-01-01 00:00:00+00:00
[2026-03-18T17:57:02.531+0530] {processor.py:183} INFO - Processing /home/tejasvi/Desktop/airflow_ssh_simulation/venv/lib/python3.10/site-packages/airflow/example_dags/example_xcom.py took 0.574 seconds
[2026-03-18T17:58:11.656+0530] {processor.py:161} INFO - Started process (PID=14952) to work on /home/tejasvi/Desktop/airflow_ssh_simulation/venv/lib/python3.10/site-packages/airflow/example_dags/example_xcom.py
[2026-03-18T17:58:11.702+0530] {processor.py:830} INFO - Processing file /home/tejasvi/Desktop/airflow_ssh_simulation/venv/lib/python3.10/site-packages/airflow/example_dags/example_xcom.py for tasks to queue
[2026-03-18T17:58:11.705+0530] {logging_mixin.py:188} INFO - [2026-03-18T17:58:11.705+0530] {dagbag.py:540} INFO - Filling up the DagBag from /home/tejasvi/Desktop/airflow_ssh_simulation/venv/lib/python3.10/site-packages/airflow/example_dags/example_xcom.py
[2026-03-18T17:58:11.716+0530] {processor.py:840} INFO - DAG(s) 'example_xcom' retrieved from /home/tejasvi/Desktop/airflow_ssh_simulation/venv/lib/python3.10/site-packages/airflow/example_dags/example_xcom.py
[2026-03-18T17:58:11.733+0530] {logging_mixin.py:188} INFO - [2026-03-18T17:58:11.733+0530] {dag.py:3047} INFO - Sync 1 DAGs
[2026-03-18T17:58:11.753+0530] {logging_mixin.py:188} INFO - [2026-03-18T17:58:11.753+0530] {dag.py:3834} INFO - Setting next_dagrun for example_xcom to 2021-01-01 00:00:00+00:00, run_after=2021-01-01 00:00:00+00:00
[2026-03-18T17:58:11.845+0530] {processor.py:183} INFO - Processing /home/tejasvi/Desktop/airflow_ssh_simulation/venv/lib/python3.10/site-packages/airflow/example_dags/example_xcom.py took 0.197 seconds
[2026-03-18T17:59:10.065+0530] {processor.py:161} INFO - Started process (PID=15305) to work on /home/tejasvi/Desktop/airflow_ssh_simulation/venv/lib/python3.10/site-packages/airflow/example_dags/example_xcom.py
[2026-03-18T17:59:10.114+0530] {processor.py:830} INFO - Processing file /home/tejasvi/Desktop/airflow_ssh_simulation/venv/lib/python3.10/site-packages/airflow/example_dags/example_xcom.py for tasks to queue
[2026-03-18T17:59:10.120+0530] {logging_mixin.py:188} INFO - [2026-03-18T17:59:10.119+0530] {dagbag.py:540} INFO - Filling up the DagBag from /home/tejasvi/Desktop/airflow_ssh_simulation/venv/lib/python3.10/site-packages/airflow/example_dags/example_xcom.py
[2026-03-18T17:59:10.135+0530] {processor.py:840} INFO - DAG(s) 'example_xcom' retrieved from /home/tejasvi/Desktop/airflow_ssh_simulation/venv/lib/python3.10/site-packages/airflow/example_dags/example_xcom.py
[2026-03-18T17:59:10.155+0530] {logging_mixin.py:188} INFO - [2026-03-18T17:59:10.154+0530] {dag.py:3047} INFO - Sync 1 DAGs
[2026-03-18T17:59:10.179+0530] {logging_mixin.py:188} INFO - [2026-03-18T17:59:10.178+0530] {dag.py:3834} INFO - Setting next_dagrun for example_xcom to 2021-01-01 00:00:00+00:00, run_after=2021-01-01 00:00:00+00:00
[2026-03-18T17:59:10.248+0530] {processor.py:183} INFO - Processing /home/tejasvi/Desktop/airflow_ssh_simulation/venv/lib/python3.10/site-packages/airflow/example_dags/example_xcom.py took 0.192 seconds
[2026-03-18T18:00:17.807+0530] {processor.py:161} INFO - Started process (PID=15466) to work on /home/tejasvi/Desktop/airflow_ssh_simulation/venv/lib/python3.10/site-packages/airflow/example_dags/example_xcom.py
[2026-03-18T18:00:17.821+0530] {processor.py:830} INFO - Processing file /home/tejasvi/Desktop/airflow_ssh_simulation/venv/lib/python3.10/site-packages/airflow/example_dags/example_xcom.py for tasks to queue
[2026-03-18T18:00:17.824+0530] {logging_mixin.py:188} INFO - [2026-03-18T18:00:17.824+0530] {dagbag.py:540} INFO - Filling up the DagBag from /home/tejasvi/Desktop/airflow_ssh_simulation/venv/lib/python3.10/site-packages/airflow/example_dags/example_xcom.py
[2026-03-18T18:00:17.835+0530] {processor.py:840} INFO - DAG(s) 'example_xcom' retrieved from /home/tejasvi/Desktop/airflow_ssh_simulation/venv/lib/python3.10/site-packages/airflow/example_dags/example_xcom.py
[2026-03-18T18:00:17.853+0530] {logging_mixin.py:188} INFO - [2026-03-18T18:00:17.853+0530] {dag.py:3047} INFO - Sync 1 DAGs
[2026-03-18T18:00:17.876+0530] {logging_mixin.py:188} INFO - [2026-03-18T18:00:17.876+0530] {dag.py:3834} INFO - Setting next_dagrun for example_xcom to 2021-01-01 00:00:00+00:00, run_after=2021-01-01 00:00:00+00:00
[2026-03-18T18:00:17.975+0530] {processor.py:183} INFO - Processing /home/tejasvi/Desktop/airflow_ssh_simulation/venv/lib/python3.10/site-packages/airflow/example_dags/example_xcom.py took 0.176 seconds
[2026-03-18T18:01:17.474+0530] {processor.py:161} INFO - Started process (PID=16709) to work on /home/tejasvi/Desktop/airflow_ssh_simulation/venv/lib/python3.10/site-packages/airflow/example_dags/example_xcom.py
[2026-03-18T18:01:17.569+0530] {processor.py:830} INFO - Processing file /home/tejasvi/Desktop/airflow_ssh_simulation/venv/lib/python3.10/site-packages/airflow/example_dags/example_xcom.py for tasks to queue
[2026-03-18T18:01:17.575+0530] {logging_mixin.py:188} INFO - [2026-03-18T18:01:17.574+0530] {dagbag.py:540} INFO - Filling up the DagBag from /home/tejasvi/Desktop/airflow_ssh_simulation/venv/lib/python3.10/site-packages/airflow/example_dags/example_xcom.py
[2026-03-18T18:01:17.599+0530] {processor.py:840} INFO - DAG(s) 'example_xcom' retrieved from /home/tejasvi/Desktop/airflow_ssh_simulation/venv/lib/python3.10/site-packages/airflow/example_dags/example_xcom.py
[2026-03-18T18:01:17.723+0530] {logging_mixin.py:188} INFO - [2026-03-18T18:01:17.722+0530] {dag.py:3047} INFO - Sync 1 DAGs
[2026-03-18T18:01:17.828+0530] {logging_mixin.py:188} INFO - [2026-03-18T18:01:17.827+0530] {dag.py:3834} INFO - Setting next_dagrun for example_xcom to 2021-01-01 00:00:00+00:00, run_after=2021-01-01 00:00:00+00:00
[2026-03-18T18:01:17.906+0530] {processor.py:183} INFO - Processing /home/tejasvi/Desktop/airflow_ssh_simulation/venv/lib/python3.10/site-packages/airflow/example_dags/example_xcom.py took 0.439 seconds
[2026-03-18T18:02:31.839+0530] {processor.py:161} INFO - Started process (PID=17983) to work on /home/tejasvi/Desktop/airflow_ssh_simulation/venv/lib/python3.10/site-packages/airflow/example_dags/example_xcom.py
[2026-03-18T18:02:31.938+0530] {processor.py:830} INFO - Processing file /home/tejasvi/Desktop/airflow_ssh_simulation/venv/lib/python3.10/site-packages/airflow/example_dags/example_xcom.py for tasks to queue
[2026-03-18T18:02:31.941+0530] {logging_mixin.py:188} INFO - [2026-03-18T18:02:31.940+0530] {dagbag.py:540} INFO - Filling up the DagBag from /home/tejasvi/Desktop/airflow_ssh_simulation/venv/lib/python3.10/site-packages/airflow/example_dags/example_xcom.py
[2026-03-18T18:02:31.957+0530] {processor.py:840} INFO - DAG(s) 'example_xcom' retrieved from /home/tejasvi/Desktop/airflow_ssh_simulation/venv/lib/python3.10/site-packages/airflow/example_dags/example_xcom.py
[2026-03-18T18:02:32.077+0530] {logging_mixin.py:188} INFO - [2026-03-18T18:02:32.077+0530] {dag.py:3047} INFO - Sync 1 DAGs
[2026-03-18T18:02:32.102+0530] {logging_mixin.py:188} INFO - [2026-03-18T18:02:32.102+0530] {dag.py:3834} INFO - Setting next_dagrun for example_xcom to 2021-01-01 00:00:00+00:00, run_after=2021-01-01 00:00:00+00:00
[2026-03-18T18:02:32.237+0530] {processor.py:183} INFO - Processing /home/tejasvi/Desktop/airflow_ssh_simulation/venv/lib/python3.10/site-packages/airflow/example_dags/example_xcom.py took 0.406 seconds
[2026-03-18T18:03:41.785+0530] {processor.py:161} INFO - Started process (PID=18160) to work on /home/tejasvi/Desktop/airflow_ssh_simulation/venv/lib/python3.10/site-packages/airflow/example_dags/example_xcom.py
[2026-03-18T18:03:41.786+0530] {processor.py:830} INFO - Processing file /home/tejasvi/Desktop/airflow_ssh_simulation/venv/lib/python3.10/site-packages/airflow/example_dags/example_xcom.py for tasks to queue
[2026-03-18T18:03:41.789+0530] {logging_mixin.py:188} INFO - [2026-03-18T18:03:41.788+0530] {dagbag.py:540} INFO - Filling up the DagBag from /home/tejasvi/Desktop/airflow_ssh_simulation/venv/lib/python3.10/site-packages/airflow/example_dags/example_xcom.py
[2026-03-18T18:03:41.799+0530] {processor.py:840} INFO - DAG(s) 'example_xcom' retrieved from /home/tejasvi/Desktop/airflow_ssh_simulation/venv/lib/python3.10/site-packages/airflow/example_dags/example_xcom.py
[2026-03-18T18:03:41.817+0530] {logging_mixin.py:188} INFO - [2026-03-18T18:03:41.817+0530] {dag.py:3047} INFO - Sync 1 DAGs
[2026-03-18T18:03:41.842+0530] {logging_mixin.py:188} INFO - [2026-03-18T18:03:41.842+0530] {dag.py:3834} INFO - Setting next_dagrun for example_xcom to 2021-01-01 00:00:00+00:00, run_after=2021-01-01 00:00:00+00:00
[2026-03-18T18:03:41.903+0530] {processor.py:183} INFO - Processing /home/tejasvi/Desktop/airflow_ssh_simulation/venv/lib/python3.10/site-packages/airflow/example_dags/example_xcom.py took 0.126 seconds
[2026-03-18T18:04:50.052+0530] {processor.py:161} INFO - Started process (PID=18670) to work on /home/tejasvi/Desktop/airflow_ssh_simulation/venv/lib/python3.10/site-packages/airflow/example_dags/example_xcom.py
[2026-03-18T18:04:50.646+0530] {processor.py:830} INFO - Processing file /home/tejasvi/Desktop/airflow_ssh_simulation/venv/lib/python3.10/site-packages/airflow/example_dags/example_xcom.py for tasks to queue
[2026-03-18T18:04:50.654+0530] {logging_mixin.py:188} INFO - [2026-03-18T18:04:50.652+0530] {dagbag.py:540} INFO - Filling up the DagBag from /home/tejasvi/Desktop/airflow_ssh_simulation/venv/lib/python3.10/site-packages/airflow/example_dags/example_xcom.py
[2026-03-18T18:04:50.680+0530] {processor.py:840} INFO - DAG(s) 'example_xcom' retrieved from /home/tejasvi/Desktop/airflow_ssh_simulation/venv/lib/python3.10/site-packages/airflow/example_dags/example_xcom.py
[2026-03-18T18:04:50.703+0530] {logging_mixin.py:188} INFO - [2026-03-18T18:04:50.703+0530] {dag.py:3047} INFO - Sync 1 DAGs
[2026-03-18T18:04:50.726+0530] {logging_mixin.py:188} INFO - [2026-03-18T18:04:50.725+0530] {dag.py:3834} INFO - Setting next_dagrun for example_xcom to 2021-01-01 00:00:00+00:00, run_after=2021-01-01 00:00:00+00:00
[2026-03-18T18:04:50.779+0530] {processor.py:183} INFO - Processing /home/tejasvi/Desktop/airflow_ssh_simulation/venv/lib/python3.10/site-packages/airflow/example_dags/example_xcom.py took 0.734 seconds
[2026-03-18T18:05:56.413+0530] {processor.py:161} INFO - Started process (PID=18851) to work on /home/tejasvi/Desktop/airflow_ssh_simulation/venv/lib/python3.10/site-packages/airflow/example_dags/example_xcom.py
[2026-03-18T18:05:56.477+0530] {processor.py:830} INFO - Processing file /home/tejasvi/Desktop/airflow_ssh_simulation/venv/lib/python3.10/site-packages/airflow/example_dags/example_xcom.py for tasks to queue
[2026-03-18T18:05:56.483+0530] {logging_mixin.py:188} INFO - [2026-03-18T18:05:56.481+0530] {dagbag.py:540} INFO - Filling up the DagBag from /home/tejasvi/Desktop/airflow_ssh_simulation/venv/lib/python3.10/site-packages/airflow/example_dags/example_xcom.py
[2026-03-18T18:05:56.495+0530] {processor.py:840} INFO - DAG(s) 'example_xcom' retrieved from /home/tejasvi/Desktop/airflow_ssh_simulation/venv/lib/python3.10/site-packages/airflow/example_dags/example_xcom.py
[2026-03-18T18:05:56.513+0530] {logging_mixin.py:188} INFO - [2026-03-18T18:05:56.512+0530] {dag.py:3047} INFO - Sync 1 DAGs
[2026-03-18T18:05:56.533+0530] {logging_mixin.py:188} INFO - [2026-03-18T18:05:56.533+0530] {dag.py:3834} INFO - Setting next_dagrun for example_xcom to 2021-01-01 00:00:00+00:00, run_after=2021-01-01 00:00:00+00:00
[2026-03-18T18:05:56.620+0530] {processor.py:183} INFO - Processing /home/tejasvi/Desktop/airflow_ssh_simulation/venv/lib/python3.10/site-packages/airflow/example_dags/example_xcom.py took 0.212 seconds
[2026-03-18T18:06:53.850+0530] {processor.py:161} INFO - Started process (PID=19009) to work on /home/tejasvi/Desktop/airflow_ssh_simulation/venv/lib/python3.10/site-packages/airflow/example_dags/example_xcom.py
[2026-03-18T18:06:53.861+0530] {processor.py:830} INFO - Processing file /home/tejasvi/Desktop/airflow_ssh_simulation/venv/lib/python3.10/site-packages/airflow/example_dags/example_xcom.py for tasks to queue
[2026-03-18T18:06:53.865+0530] {logging_mixin.py:188} INFO - [2026-03-18T18:06:53.864+0530] {dagbag.py:540} INFO - Filling up the DagBag from /home/tejasvi/Desktop/airflow_ssh_simulation/venv/lib/python3.10/site-packages/airflow/example_dags/example_xcom.py
[2026-03-18T18:06:53.876+0530] {processor.py:840} INFO - DAG(s) 'example_xcom' retrieved from /home/tejasvi/Desktop/airflow_ssh_simulation/venv/lib/python3.10/site-packages/airflow/example_dags/example_xcom.py
[2026-03-18T18:06:53.898+0530] {logging_mixin.py:188} INFO - [2026-03-18T18:06:53.898+0530] {dag.py:3047} INFO - Sync 1 DAGs
[2026-03-18T18:06:53.923+0530] {logging_mixin.py:188} INFO - [2026-03-18T18:06:53.922+0530] {dag.py:3834} INFO - Setting next_dagrun for example_xcom to 2021-01-01 00:00:00+00:00, run_after=2021-01-01 00:00:00+00:00
[2026-03-18T18:06:53.994+0530] {processor.py:183} INFO - Processing /home/tejasvi/Desktop/airflow_ssh_simulation/venv/lib/python3.10/site-packages/airflow/example_dags/example_xcom.py took 0.150 seconds
[2026-03-18T18:07:56.334+0530] {processor.py:161} INFO - Started process (PID=19180) to work on /home/tejasvi/Desktop/airflow_ssh_simulation/venv/lib/python3.10/site-packages/airflow/example_dags/example_xcom.py
[2026-03-18T18:07:56.365+0530] {processor.py:830} INFO - Processing file /home/tejasvi/Desktop/airflow_ssh_simulation/venv/lib/python3.10/site-packages/airflow/example_dags/example_xcom.py for tasks to queue
[2026-03-18T18:07:56.370+0530] {logging_mixin.py:188} INFO - [2026-03-18T18:07:56.369+0530] {dagbag.py:540} INFO - Filling up the DagBag from /home/tejasvi/Desktop/airflow_ssh_simulation/venv/lib/python3.10/site-packages/airflow/example_dags/example_xcom.py
[2026-03-18T18:07:56.382+0530] {processor.py:840} INFO - DAG(s) 'example_xcom' retrieved from /home/tejasvi/Desktop/airflow_ssh_simulation/venv/lib/python3.10/site-packages/airflow/example_dags/example_xcom.py
[2026-03-18T18:07:56.401+0530] {logging_mixin.py:188} INFO - [2026-03-18T18:07:56.400+0530] {dag.py:3047} INFO - Sync 1 DAGs
[2026-03-18T18:07:56.424+0530] {logging_mixin.py:188} INFO - [2026-03-18T18:07:56.423+0530] {dag.py:3834} INFO - Setting next_dagrun for example_xcom to 2021-01-01 00:00:00+00:00, run_after=2021-01-01 00:00:00+00:00
[2026-03-18T18:07:56.482+0530] {processor.py:183} INFO - Processing /home/tejasvi/Desktop/airflow_ssh_simulation/venv/lib/python3.10/site-packages/airflow/example_dags/example_xcom.py took 0.155 seconds
[2026-03-18T18:08:56.700+0530] {processor.py:161} INFO - Started process (PID=19347) to work on /home/tejasvi/Desktop/airflow_ssh_simulation/venv/lib/python3.10/site-packages/airflow/example_dags/example_xcom.py
[2026-03-18T18:08:56.778+0530] {processor.py:830} INFO - Processing file /home/tejasvi/Desktop/airflow_ssh_simulation/venv/lib/python3.10/site-packages/airflow/example_dags/example_xcom.py for tasks to queue
[2026-03-18T18:08:56.785+0530] {logging_mixin.py:188} INFO - [2026-03-18T18:08:56.783+0530] {dagbag.py:540} INFO - Filling up the DagBag from /home/tejasvi/Desktop/airflow_ssh_simulation/venv/lib/python3.10/site-packages/airflow/example_dags/example_xcom.py
[2026-03-18T18:08:56.813+0530] {processor.py:840} INFO - DAG(s) 'example_xcom' retrieved from /home/tejasvi/Desktop/airflow_ssh_simulation/venv/lib/python3.10/site-packages/airflow/example_dags/example_xcom.py
[2026-03-18T18:08:56.851+0530] {logging_mixin.py:188} INFO - [2026-03-18T18:08:56.851+0530] {dag.py:3047} INFO - Sync 1 DAGs
[2026-03-18T18:08:56.905+0530] {logging_mixin.py:188} INFO - [2026-03-18T18:08:56.904+0530] {dag.py:3834} INFO - Setting next_dagrun for example_xcom to 2021-01-01 00:00:00+00:00, run_after=2021-01-01 00:00:00+00:00
[2026-03-18T18:08:57.014+0530] {processor.py:183} INFO - Processing /home/tejasvi/Desktop/airflow_ssh_simulation/venv/lib/python3.10/site-packages/airflow/example_dags/example_xcom.py took 0.319 seconds
[2026-03-18T18:09:54.056+0530] {processor.py:161} INFO - Started process (PID=19494) to work on /home/tejasvi/Desktop/airflow_ssh_simulation/venv/lib/python3.10/site-packages/airflow/example_dags/example_xcom.py
[2026-03-18T18:09:54.065+0530] {processor.py:830} INFO - Processing file /home/tejasvi/Desktop/airflow_ssh_simulation/venv/lib/python3.10/site-packages/airflow/example_dags/example_xcom.py for tasks to queue
[2026-03-18T18:09:54.068+0530] {logging_mixin.py:188} INFO - [2026-03-18T18:09:54.067+0530] {dagbag.py:540} INFO - Filling up the DagBag from /home/tejasvi/Desktop/airflow_ssh_simulation/venv/lib/python3.10/site-packages/airflow/example_dags/example_xcom.py
[2026-03-18T18:09:54.078+0530] {processor.py:840} INFO - DAG(s) 'example_xcom' retrieved from /home/tejasvi/Desktop/airflow_ssh_simulation/venv/lib/python3.10/site-packages/airflow/example_dags/example_xcom.py
[2026-03-18T18:09:54.097+0530] {logging_mixin.py:188} INFO - [2026-03-18T18:09:54.096+0530] {dag.py:3047} INFO - Sync 1 DAGs
[2026-03-18T18:09:54.120+0530] {logging_mixin.py:188} INFO - [2026-03-18T18:09:54.120+0530] {dag.py:3834} INFO - Setting next_dagrun for example_xcom to 2021-01-01 00:00:00+00:00, run_after=2021-01-01 00:00:00+00:00
[2026-03-18T18:09:54.204+0530] {processor.py:183} INFO - Processing /home/tejasvi/Desktop/airflow_ssh_simulation/venv/lib/python3.10/site-packages/airflow/example_dags/example_xcom.py took 0.157 seconds
[2026-03-18T18:10:53.699+0530] {processor.py:161} INFO - Started process (PID=19659) to work on /home/tejasvi/Desktop/airflow_ssh_simulation/venv/lib/python3.10/site-packages/airflow/example_dags/example_xcom.py
[2026-03-18T18:10:53.774+0530] {processor.py:830} INFO - Processing file /home/tejasvi/Desktop/airflow_ssh_simulation/venv/lib/python3.10/site-packages/airflow/example_dags/example_xcom.py for tasks to queue
[2026-03-18T18:10:53.778+0530] {logging_mixin.py:188} INFO - [2026-03-18T18:10:53.777+0530] {dagbag.py:540} INFO - Filling up the DagBag from /home/tejasvi/Desktop/airflow_ssh_simulation/venv/lib/python3.10/site-packages/airflow/example_dags/example_xcom.py
[2026-03-18T18:10:53.790+0530] {processor.py:840} INFO - DAG(s) 'example_xcom' retrieved from /home/tejasvi/Desktop/airflow_ssh_simulation/venv/lib/python3.10/site-packages/airflow/example_dags/example_xcom.py
[2026-03-18T18:10:53.808+0530] {logging_mixin.py:188} INFO - [2026-03-18T18:10:53.808+0530] {dag.py:3047} INFO - Sync 1 DAGs
[2026-03-18T18:10:53.833+0530] {logging_mixin.py:188} INFO - [2026-03-18T18:10:53.832+0530] {dag.py:3834} INFO - Setting next_dagrun for example_xcom to 2021-01-01 00:00:00+00:00, run_after=2021-01-01 00:00:00+00:00
[2026-03-18T18:10:53.910+0530] {processor.py:183} INFO - Processing /home/tejasvi/Desktop/airflow_ssh_simulation/venv/lib/python3.10/site-packages/airflow/example_dags/example_xcom.py took 0.216 seconds
[2026-03-18T18:12:02.066+0530] {processor.py:161} INFO - Started process (PID=19875) to work on /home/tejasvi/Desktop/airflow_ssh_simulation/venv/lib/python3.10/site-packages/airflow/example_dags/example_xcom.py
[2026-03-18T18:12:02.166+0530] {processor.py:830} INFO - Processing file /home/tejasvi/Desktop/airflow_ssh_simulation/venv/lib/python3.10/site-packages/airflow/example_dags/example_xcom.py for tasks to queue
[2026-03-18T18:12:02.169+0530] {logging_mixin.py:188} INFO - [2026-03-18T18:12:02.169+0530] {dagbag.py:540} INFO - Filling up the DagBag from /home/tejasvi/Desktop/airflow_ssh_simulation/venv/lib/python3.10/site-packages/airflow/example_dags/example_xcom.py
[2026-03-18T18:12:02.182+0530] {processor.py:840} INFO - DAG(s) 'example_xcom' retrieved from /home/tejasvi/Desktop/airflow_ssh_simulation/venv/lib/python3.10/site-packages/airflow/example_dags/example_xcom.py
[2026-03-18T18:12:02.204+0530] {logging_mixin.py:188} INFO - [2026-03-18T18:12:02.204+0530] {dag.py:3047} INFO - Sync 1 DAGs
[2026-03-18T18:12:02.228+0530] {logging_mixin.py:188} INFO - [2026-03-18T18:12:02.228+0530] {dag.py:3834} INFO - Setting next_dagrun for example_xcom to 2021-01-01 00:00:00+00:00, run_after=2021-01-01 00:00:00+00:00
[2026-03-18T18:12:02.600+0530] {processor.py:183} INFO - Processing /home/tejasvi/Desktop/airflow_ssh_simulation/venv/lib/python3.10/site-packages/airflow/example_dags/example_xcom.py took 0.539 seconds
[2026-03-18T18:13:12.478+0530] {processor.py:161} INFO - Started process (PID=20044) to work on /home/tejasvi/Desktop/airflow_ssh_simulation/venv/lib/python3.10/site-packages/airflow/example_dags/example_xcom.py
[2026-03-18T18:13:12.506+0530] {processor.py:830} INFO - Processing file /home/tejasvi/Desktop/airflow_ssh_simulation/venv/lib/python3.10/site-packages/airflow/example_dags/example_xcom.py for tasks to queue
[2026-03-18T18:13:12.512+0530] {logging_mixin.py:188} INFO - [2026-03-18T18:13:12.511+0530] {dagbag.py:540} INFO - Filling up the DagBag from /home/tejasvi/Desktop/airflow_ssh_simulation/venv/lib/python3.10/site-packages/airflow/example_dags/example_xcom.py
[2026-03-18T18:13:12.536+0530] {processor.py:840} INFO - DAG(s) 'example_xcom' retrieved from /home/tejasvi/Desktop/airflow_ssh_simulation/venv/lib/python3.10/site-packages/airflow/example_dags/example_xcom.py
[2026-03-18T18:13:12.555+0530] {logging_mixin.py:188} INFO - [2026-03-18T18:13:12.555+0530] {dag.py:3047} INFO - Sync 1 DAGs
[2026-03-18T18:13:12.578+0530] {logging_mixin.py:188} INFO - [2026-03-18T18:13:12.577+0530] {dag.py:3834} INFO - Setting next_dagrun for example_xcom to 2021-01-01 00:00:00+00:00, run_after=2021-01-01 00:00:00+00:00
[2026-03-18T18:13:12.694+0530] {processor.py:183} INFO - Processing /home/tejasvi/Desktop/airflow_ssh_simulation/venv/lib/python3.10/site-packages/airflow/example_dags/example_xcom.py took 0.225 seconds
[2026-03-18T18:14:29.793+0530] {processor.py:161} INFO - Started process (PID=20224) to work on /home/tejasvi/Desktop/airflow_ssh_simulation/venv/lib/python3.10/site-packages/airflow/example_dags/example_xcom.py
[2026-03-18T18:14:32.245+0530] {processor.py:830} INFO - Processing file /home/tejasvi/Desktop/airflow_ssh_simulation/venv/lib/python3.10/site-packages/airflow/example_dags/example_xcom.py for tasks to queue
[2026-03-18T18:14:32.250+0530] {logging_mixin.py:188} INFO - [2026-03-18T18:14:32.249+0530] {dagbag.py:540} INFO - Filling up the DagBag from /home/tejasvi/Desktop/airflow_ssh_simulation/venv/lib/python3.10/site-packages/airflow/example_dags/example_xcom.py
[2026-03-18T18:14:32.270+0530] {processor.py:840} INFO - DAG(s) 'example_xcom' retrieved from /home/tejasvi/Desktop/airflow_ssh_simulation/venv/lib/python3.10/site-packages/airflow/example_dags/example_xcom.py
[2026-03-18T18:14:32.296+0530] {logging_mixin.py:188} INFO - [2026-03-18T18:14:32.296+0530] {dag.py:3047} INFO - Sync 1 DAGs
[2026-03-18T18:14:32.319+0530] {logging_mixin.py:188} INFO - [2026-03-18T18:14:32.318+0530] {dag.py:3834} INFO - Setting next_dagrun for example_xcom to 2021-01-01 00:00:00+00:00, run_after=2021-01-01 00:00:00+00:00
[2026-03-18T18:14:32.797+0530] {processor.py:183} INFO - Processing /home/tejasvi/Desktop/airflow_ssh_simulation/venv/lib/python3.10/site-packages/airflow/example_dags/example_xcom.py took 3.010 seconds
[2026-03-18T18:15:46.543+0530] {processor.py:161} INFO - Started process (PID=20397) to work on /home/tejasvi/Desktop/airflow_ssh_simulation/venv/lib/python3.10/site-packages/airflow/example_dags/example_xcom.py
[2026-03-18T18:15:46.630+0530] {processor.py:830} INFO - Processing file /home/tejasvi/Desktop/airflow_ssh_simulation/venv/lib/python3.10/site-packages/airflow/example_dags/example_xcom.py for tasks to queue
[2026-03-18T18:15:46.635+0530] {logging_mixin.py:188} INFO - [2026-03-18T18:15:46.634+0530] {dagbag.py:540} INFO - Filling up the DagBag from /home/tejasvi/Desktop/airflow_ssh_simulation/venv/lib/python3.10/site-packages/airflow/example_dags/example_xcom.py
[2026-03-18T18:15:46.648+0530] {processor.py:840} INFO - DAG(s) 'example_xcom' retrieved from /home/tejasvi/Desktop/airflow_ssh_simulation/venv/lib/python3.10/site-packages/airflow/example_dags/example_xcom.py
[2026-03-18T18:15:46.669+0530] {logging_mixin.py:188} INFO - [2026-03-18T18:15:46.669+0530] {dag.py:3047} INFO - Sync 1 DAGs
[2026-03-18T18:15:46.694+0530] {logging_mixin.py:188} INFO - [2026-03-18T18:15:46.694+0530] {dag.py:3834} INFO - Setting next_dagrun for example_xcom to 2021-01-01 00:00:00+00:00, run_after=2021-01-01 00:00:00+00:00
[2026-03-18T18:15:46.796+0530] {processor.py:183} INFO - Processing /home/tejasvi/Desktop/airflow_ssh_simulation/venv/lib/python3.10/site-packages/airflow/example_dags/example_xcom.py took 0.258 seconds
[2026-03-18T18:16:51.190+0530] {processor.py:161} INFO - Started process (PID=20590) to work on /home/tejasvi/Desktop/airflow_ssh_simulation/venv/lib/python3.10/site-packages/airflow/example_dags/example_xcom.py
[2026-03-18T18:16:51.215+0530] {processor.py:830} INFO - Processing file /home/tejasvi/Desktop/airflow_ssh_simulation/venv/lib/python3.10/site-packages/airflow/example_dags/example_xcom.py for tasks to queue
[2026-03-18T18:16:51.220+0530] {logging_mixin.py:188} INFO - [2026-03-18T18:16:51.219+0530] {dagbag.py:540} INFO - Filling up the DagBag from /home/tejasvi/Desktop/airflow_ssh_simulation/venv/lib/python3.10/site-packages/airflow/example_dags/example_xcom.py
[2026-03-18T18:16:51.232+0530] {processor.py:840} INFO - DAG(s) 'example_xcom' retrieved from /home/tejasvi/Desktop/airflow_ssh_simulation/venv/lib/python3.10/site-packages/airflow/example_dags/example_xcom.py
[2026-03-18T18:16:51.252+0530] {logging_mixin.py:188} INFO - [2026-03-18T18:16:51.251+0530] {dag.py:3047} INFO - Sync 1 DAGs
[2026-03-18T18:16:51.273+0530] {logging_mixin.py:188} INFO - [2026-03-18T18:16:51.273+0530] {dag.py:3834} INFO - Setting next_dagrun for example_xcom to 2021-01-01 00:00:00+00:00, run_after=2021-01-01 00:00:00+00:00
[2026-03-18T18:16:51.378+0530] {processor.py:183} INFO - Processing /home/tejasvi/Desktop/airflow_ssh_simulation/venv/lib/python3.10/site-packages/airflow/example_dags/example_xcom.py took 0.195 seconds
[2026-03-18T18:18:11.022+0530] {processor.py:161} INFO - Started process (PID=21879) to work on /home/tejasvi/Desktop/airflow_ssh_simulation/venv/lib/python3.10/site-packages/airflow/example_dags/example_xcom.py
[2026-03-18T18:18:11.024+0530] {processor.py:830} INFO - Processing file /home/tejasvi/Desktop/airflow_ssh_simulation/venv/lib/python3.10/site-packages/airflow/example_dags/example_xcom.py for tasks to queue
[2026-03-18T18:18:11.026+0530] {logging_mixin.py:188} INFO - [2026-03-18T18:18:11.026+0530] {dagbag.py:540} INFO - Filling up the DagBag from /home/tejasvi/Desktop/airflow_ssh_simulation/venv/lib/python3.10/site-packages/airflow/example_dags/example_xcom.py
[2026-03-18T18:18:11.048+0530] {processor.py:840} INFO - DAG(s) 'example_xcom' retrieved from /home/tejasvi/Desktop/airflow_ssh_simulation/venv/lib/python3.10/site-packages/airflow/example_dags/example_xcom.py
[2026-03-18T18:18:11.078+0530] {logging_mixin.py:188} INFO - [2026-03-18T18:18:11.078+0530] {dag.py:3047} INFO - Sync 1 DAGs
[2026-03-18T18:18:11.198+0530] {logging_mixin.py:188} INFO - [2026-03-18T18:18:11.197+0530] {dag.py:3834} INFO - Setting next_dagrun for example_xcom to 2021-01-01 00:00:00+00:00, run_after=2021-01-01 00:00:00+00:00
[2026-03-18T18:18:11.288+0530] {processor.py:183} INFO - Processing /home/tejasvi/Desktop/airflow_ssh_simulation/venv/lib/python3.10/site-packages/airflow/example_dags/example_xcom.py took 0.273 seconds
[2026-03-18T18:19:19.729+0530] {processor.py:161} INFO - Started process (PID=22152) to work on /home/tejasvi/Desktop/airflow_ssh_simulation/venv/lib/python3.10/site-packages/airflow/example_dags/example_xcom.py
[2026-03-18T18:19:19.876+0530] {processor.py:830} INFO - Processing file /home/tejasvi/Desktop/airflow_ssh_simulation/venv/lib/python3.10/site-packages/airflow/example_dags/example_xcom.py for tasks to queue
[2026-03-18T18:19:19.879+0530] {logging_mixin.py:188} INFO - [2026-03-18T18:19:19.878+0530] {dagbag.py:540} INFO - Filling up the DagBag from /home/tejasvi/Desktop/airflow_ssh_simulation/venv/lib/python3.10/site-packages/airflow/example_dags/example_xcom.py
[2026-03-18T18:19:19.898+0530] {processor.py:840} INFO - DAG(s) 'example_xcom' retrieved from /home/tejasvi/Desktop/airflow_ssh_simulation/venv/lib/python3.10/site-packages/airflow/example_dags/example_xcom.py
[2026-03-18T18:19:19.919+0530] {logging_mixin.py:188} INFO - [2026-03-18T18:19:19.918+0530] {dag.py:3047} INFO - Sync 1 DAGs
[2026-03-18T18:19:19.942+0530] {logging_mixin.py:188} INFO - [2026-03-18T18:19:19.941+0530] {dag.py:3834} INFO - Setting next_dagrun for example_xcom to 2021-01-01 00:00:00+00:00, run_after=2021-01-01 00:00:00+00:00
[2026-03-18T18:19:20.063+0530] {processor.py:183} INFO - Processing /home/tejasvi/Desktop/airflow_ssh_simulation/venv/lib/python3.10/site-packages/airflow/example_dags/example_xcom.py took 0.340 seconds
[2026-03-18T18:20:31.919+0530] {processor.py:161} INFO - Started process (PID=22367) to work on /home/tejasvi/Desktop/airflow_ssh_simulation/venv/lib/python3.10/site-packages/airflow/example_dags/example_xcom.py
[2026-03-18T18:20:31.961+0530] {processor.py:830} INFO - Processing file /home/tejasvi/Desktop/airflow_ssh_simulation/venv/lib/python3.10/site-packages/airflow/example_dags/example_xcom.py for tasks to queue
[2026-03-18T18:20:31.967+0530] {logging_mixin.py:188} INFO - [2026-03-18T18:20:31.966+0530] {dagbag.py:540} INFO - Filling up the DagBag from /home/tejasvi/Desktop/airflow_ssh_simulation/venv/lib/python3.10/site-packages/airflow/example_dags/example_xcom.py
[2026-03-18T18:20:31.992+0530] {processor.py:840} INFO - DAG(s) 'example_xcom' retrieved from /home/tejasvi/Desktop/airflow_ssh_simulation/venv/lib/python3.10/site-packages/airflow/example_dags/example_xcom.py
[2026-03-18T18:20:32.015+0530] {logging_mixin.py:188} INFO - [2026-03-18T18:20:32.015+0530] {dag.py:3047} INFO - Sync 1 DAGs
[2026-03-18T18:20:32.041+0530] {logging_mixin.py:188} INFO - [2026-03-18T18:20:32.041+0530] {dag.py:3834} INFO - Setting next_dagrun for example_xcom to 2021-01-01 00:00:00+00:00, run_after=2021-01-01 00:00:00+00:00
[2026-03-18T18:20:32.100+0530] {processor.py:183} INFO - Processing /home/tejasvi/Desktop/airflow_ssh_simulation/venv/lib/python3.10/site-packages/airflow/example_dags/example_xcom.py took 0.192 seconds
[2026-03-18T18:21:37.936+0530] {processor.py:161} INFO - Started process (PID=22568) to work on /home/tejasvi/Desktop/airflow_ssh_simulation/venv/lib/python3.10/site-packages/airflow/example_dags/example_xcom.py
[2026-03-18T18:21:37.990+0530] {processor.py:830} INFO - Processing file /home/tejasvi/Desktop/airflow_ssh_simulation/venv/lib/python3.10/site-packages/airflow/example_dags/example_xcom.py for tasks to queue
[2026-03-18T18:21:37.996+0530] {logging_mixin.py:188} INFO - [2026-03-18T18:21:37.995+0530] {dagbag.py:540} INFO - Filling up the DagBag from /home/tejasvi/Desktop/airflow_ssh_simulation/venv/lib/python3.10/site-packages/airflow/example_dags/example_xcom.py
[2026-03-18T18:21:38.021+0530] {processor.py:840} INFO - DAG(s) 'example_xcom' retrieved from /home/tejasvi/Desktop/airflow_ssh_simulation/venv/lib/python3.10/site-packages/airflow/example_dags/example_xcom.py
[2026-03-18T18:21:38.046+0530] {logging_mixin.py:188} INFO - [2026-03-18T18:21:38.045+0530] {dag.py:3047} INFO - Sync 1 DAGs
[2026-03-18T18:21:38.068+0530] {logging_mixin.py:188} INFO - [2026-03-18T18:21:38.068+0530] {dag.py:3834} INFO - Setting next_dagrun for example_xcom to 2021-01-01 00:00:00+00:00, run_after=2021-01-01 00:00:00+00:00
[2026-03-18T18:21:38.126+0530] {processor.py:183} INFO - Processing /home/tejasvi/Desktop/airflow_ssh_simulation/venv/lib/python3.10/site-packages/airflow/example_dags/example_xcom.py took 0.199 seconds
[2026-03-18T18:22:47.938+0530] {processor.py:161} INFO - Started process (PID=22738) to work on /home/tejasvi/Desktop/airflow_ssh_simulation/venv/lib/python3.10/site-packages/airflow/example_dags/example_xcom.py
[2026-03-18T18:22:47.999+0530] {processor.py:830} INFO - Processing file /home/tejasvi/Desktop/airflow_ssh_simulation/venv/lib/python3.10/site-packages/airflow/example_dags/example_xcom.py for tasks to queue
[2026-03-18T18:22:48.004+0530] {logging_mixin.py:188} INFO - [2026-03-18T18:22:48.003+0530] {dagbag.py:540} INFO - Filling up the DagBag from /home/tejasvi/Desktop/airflow_ssh_simulation/venv/lib/python3.10/site-packages/airflow/example_dags/example_xcom.py
[2026-03-18T18:22:48.017+0530] {processor.py:840} INFO - DAG(s) 'example_xcom' retrieved from /home/tejasvi/Desktop/airflow_ssh_simulation/venv/lib/python3.10/site-packages/airflow/example_dags/example_xcom.py
[2026-03-18T18:22:48.036+0530] {logging_mixin.py:188} INFO - [2026-03-18T18:22:48.035+0530] {dag.py:3047} INFO - Sync 1 DAGs
[2026-03-18T18:22:48.056+0530] {logging_mixin.py:188} INFO - [2026-03-18T18:22:48.056+0530] {dag.py:3834} INFO - Setting next_dagrun for example_xcom to 2021-01-01 00:00:00+00:00, run_after=2021-01-01 00:00:00+00:00
[2026-03-18T18:22:48.202+0530] {processor.py:183} INFO - Processing /home/tejasvi/Desktop/airflow_ssh_simulation/venv/lib/python3.10/site-packages/airflow/example_dags/example_xcom.py took 0.273 seconds
[2026-03-18T18:23:51.217+0530] {processor.py:161} INFO - Started process (PID=22896) to work on /home/tejasvi/Desktop/airflow_ssh_simulation/venv/lib/python3.10/site-packages/airflow/example_dags/example_xcom.py
[2026-03-18T18:23:51.249+0530] {processor.py:830} INFO - Processing file /home/tejasvi/Desktop/airflow_ssh_simulation/venv/lib/python3.10/site-packages/airflow/example_dags/example_xcom.py for tasks to queue
[2026-03-18T18:23:51.254+0530] {logging_mixin.py:188} INFO - [2026-03-18T18:23:51.253+0530] {dagbag.py:540} INFO - Filling up the DagBag from /home/tejasvi/Desktop/airflow_ssh_simulation/venv/lib/python3.10/site-packages/airflow/example_dags/example_xcom.py
[2026-03-18T18:23:51.266+0530] {processor.py:840} INFO - DAG(s) 'example_xcom' retrieved from /home/tejasvi/Desktop/airflow_ssh_simulation/venv/lib/python3.10/site-packages/airflow/example_dags/example_xcom.py
[2026-03-18T18:23:51.286+0530] {logging_mixin.py:188} INFO - [2026-03-18T18:23:51.286+0530] {dag.py:3047} INFO - Sync 1 DAGs
[2026-03-18T18:23:51.310+0530] {logging_mixin.py:188} INFO - [2026-03-18T18:23:51.309+0530] {dag.py:3834} INFO - Setting next_dagrun for example_xcom to 2021-01-01 00:00:00+00:00, run_after=2021-01-01 00:00:00+00:00
[2026-03-18T18:23:51.379+0530] {processor.py:183} INFO - Processing /home/tejasvi/Desktop/airflow_ssh_simulation/venv/lib/python3.10/site-packages/airflow/example_dags/example_xcom.py took 0.167 seconds
[2026-03-18T18:24:59.751+0530] {processor.py:161} INFO - Started process (PID=23073) to work on /home/tejasvi/Desktop/airflow_ssh_simulation/venv/lib/python3.10/site-packages/airflow/example_dags/example_xcom.py
[2026-03-18T18:24:59.755+0530] {processor.py:830} INFO - Processing file /home/tejasvi/Desktop/airflow_ssh_simulation/venv/lib/python3.10/site-packages/airflow/example_dags/example_xcom.py for tasks to queue
[2026-03-18T18:24:59.757+0530] {logging_mixin.py:188} INFO - [2026-03-18T18:24:59.757+0530] {dagbag.py:540} INFO - Filling up the DagBag from /home/tejasvi/Desktop/airflow_ssh_simulation/venv/lib/python3.10/site-packages/airflow/example_dags/example_xcom.py
[2026-03-18T18:24:59.768+0530] {processor.py:840} INFO - DAG(s) 'example_xcom' retrieved from /home/tejasvi/Desktop/airflow_ssh_simulation/venv/lib/python3.10/site-packages/airflow/example_dags/example_xcom.py
[2026-03-18T18:24:59.787+0530] {logging_mixin.py:188} INFO - [2026-03-18T18:24:59.786+0530] {dag.py:3047} INFO - Sync 1 DAGs
[2026-03-18T18:24:59.808+0530] {logging_mixin.py:188} INFO - [2026-03-18T18:24:59.808+0530] {dag.py:3834} INFO - Setting next_dagrun for example_xcom to 2021-01-01 00:00:00+00:00, run_after=2021-01-01 00:00:00+00:00
[2026-03-18T18:24:59.868+0530] {processor.py:183} INFO - Processing /home/tejasvi/Desktop/airflow_ssh_simulation/venv/lib/python3.10/site-packages/airflow/example_dags/example_xcom.py took 0.122 seconds
[2026-03-18T18:25:56.843+0530] {processor.py:161} INFO - Started process (PID=23234) to work on /home/tejasvi/Desktop/airflow_ssh_simulation/venv/lib/python3.10/site-packages/airflow/example_dags/example_xcom.py
[2026-03-18T18:25:56.847+0530] {processor.py:830} INFO - Processing file /home/tejasvi/Desktop/airflow_ssh_simulation/venv/lib/python3.10/site-packages/airflow/example_dags/example_xcom.py for tasks to queue
[2026-03-18T18:25:56.852+0530] {logging_mixin.py:188} INFO - [2026-03-18T18:25:56.851+0530] {dagbag.py:540} INFO - Filling up the DagBag from /home/tejasvi/Desktop/airflow_ssh_simulation/venv/lib/python3.10/site-packages/airflow/example_dags/example_xcom.py
[2026-03-18T18:25:56.866+0530] {processor.py:840} INFO - DAG(s) 'example_xcom' retrieved from /home/tejasvi/Desktop/airflow_ssh_simulation/venv/lib/python3.10/site-packages/airflow/example_dags/example_xcom.py
[2026-03-18T18:25:56.885+0530] {logging_mixin.py:188} INFO - [2026-03-18T18:25:56.885+0530] {dag.py:3047} INFO - Sync 1 DAGs
[2026-03-18T18:25:56.909+0530] {logging_mixin.py:188} INFO - [2026-03-18T18:25:56.909+0530] {dag.py:3834} INFO - Setting next_dagrun for example_xcom to 2021-01-01 00:00:00+00:00, run_after=2021-01-01 00:00:00+00:00
[2026-03-18T18:25:56.963+0530] {processor.py:183} INFO - Processing /home/tejasvi/Desktop/airflow_ssh_simulation/venv/lib/python3.10/site-packages/airflow/example_dags/example_xcom.py took 0.126 seconds
[2026-03-18T18:26:55.736+0530] {processor.py:161} INFO - Started process (PID=23427) to work on /home/tejasvi/Desktop/airflow_ssh_simulation/venv/lib/python3.10/site-packages/airflow/example_dags/example_xcom.py
[2026-03-18T18:26:55.815+0530] {processor.py:830} INFO - Processing file /home/tejasvi/Desktop/airflow_ssh_simulation/venv/lib/python3.10/site-packages/airflow/example_dags/example_xcom.py for tasks to queue
[2026-03-18T18:26:55.820+0530] {logging_mixin.py:188} INFO - [2026-03-18T18:26:55.819+0530] {dagbag.py:540} INFO - Filling up the DagBag from /home/tejasvi/Desktop/airflow_ssh_simulation/venv/lib/python3.10/site-packages/airflow/example_dags/example_xcom.py
[2026-03-18T18:26:55.846+0530] {processor.py:840} INFO - DAG(s) 'example_xcom' retrieved from /home/tejasvi/Desktop/airflow_ssh_simulation/venv/lib/python3.10/site-packages/airflow/example_dags/example_xcom.py
[2026-03-18T18:26:55.869+0530] {logging_mixin.py:188} INFO - [2026-03-18T18:26:55.869+0530] {dag.py:3047} INFO - Sync 1 DAGs
[2026-03-18T18:26:55.891+0530] {logging_mixin.py:188} INFO - [2026-03-18T18:26:55.890+0530] {dag.py:3834} INFO - Setting next_dagrun for example_xcom to 2021-01-01 00:00:00+00:00, run_after=2021-01-01 00:00:00+00:00
[2026-03-18T18:26:55.961+0530] {processor.py:183} INFO - Processing /home/tejasvi/Desktop/airflow_ssh_simulation/venv/lib/python3.10/site-packages/airflow/example_dags/example_xcom.py took 0.235 seconds
[2026-03-18T18:27:56.418+0530] {processor.py:161} INFO - Started process (PID=23593) to work on /home/tejasvi/Desktop/airflow_ssh_simulation/venv/lib/python3.10/site-packages/airflow/example_dags/example_xcom.py
[2026-03-18T18:27:56.465+0530] {processor.py:830} INFO - Processing file /home/tejasvi/Desktop/airflow_ssh_simulation/venv/lib/python3.10/site-packages/airflow/example_dags/example_xcom.py for tasks to queue
[2026-03-18T18:27:56.469+0530] {logging_mixin.py:188} INFO - [2026-03-18T18:27:56.469+0530] {dagbag.py:540} INFO - Filling up the DagBag from /home/tejasvi/Desktop/airflow_ssh_simulation/venv/lib/python3.10/site-packages/airflow/example_dags/example_xcom.py
[2026-03-18T18:27:56.486+0530] {processor.py:840} INFO - DAG(s) 'example_xcom' retrieved from /home/tejasvi/Desktop/airflow_ssh_simulation/venv/lib/python3.10/site-packages/airflow/example_dags/example_xcom.py
[2026-03-18T18:27:56.509+0530] {logging_mixin.py:188} INFO - [2026-03-18T18:27:56.509+0530] {dag.py:3047} INFO - Sync 1 DAGs
[2026-03-18T18:27:56.531+0530] {logging_mixin.py:188} INFO - [2026-03-18T18:27:56.531+0530] {dag.py:3834} INFO - Setting next_dagrun for example_xcom to 2021-01-01 00:00:00+00:00, run_after=2021-01-01 00:00:00+00:00
[2026-03-18T18:27:56.604+0530] {processor.py:183} INFO - Processing /home/tejasvi/Desktop/airflow_ssh_simulation/venv/lib/python3.10/site-packages/airflow/example_dags/example_xcom.py took 0.192 seconds
[2026-03-18T18:29:19.738+0530] {processor.py:161} INFO - Started process (PID=23805) to work on /home/tejasvi/Desktop/airflow_ssh_simulation/venv/lib/python3.10/site-packages/airflow/example_dags/example_xcom.py
[2026-03-18T18:29:19.761+0530] {processor.py:830} INFO - Processing file /home/tejasvi/Desktop/airflow_ssh_simulation/venv/lib/python3.10/site-packages/airflow/example_dags/example_xcom.py for tasks to queue
[2026-03-18T18:29:19.764+0530] {logging_mixin.py:188} INFO - [2026-03-18T18:29:19.763+0530] {dagbag.py:540} INFO - Filling up the DagBag from /home/tejasvi/Desktop/airflow_ssh_simulation/venv/lib/python3.10/site-packages/airflow/example_dags/example_xcom.py
[2026-03-18T18:29:19.775+0530] {processor.py:840} INFO - DAG(s) 'example_xcom' retrieved from /home/tejasvi/Desktop/airflow_ssh_simulation/venv/lib/python3.10/site-packages/airflow/example_dags/example_xcom.py
[2026-03-18T18:29:19.792+0530] {logging_mixin.py:188} INFO - [2026-03-18T18:29:19.792+0530] {dag.py:3047} INFO - Sync 1 DAGs
[2026-03-18T18:29:19.812+0530] {logging_mixin.py:188} INFO - [2026-03-18T18:29:19.811+0530] {dag.py:3834} INFO - Setting next_dagrun for example_xcom to 2021-01-01 00:00:00+00:00, run_after=2021-01-01 00:00:00+00:00
[2026-03-18T18:29:19.922+0530] {processor.py:183} INFO - Processing /home/tejasvi/Desktop/airflow_ssh_simulation/venv/lib/python3.10/site-packages/airflow/example_dags/example_xcom.py took 0.191 seconds
[2026-03-18T18:30:31.137+0530] {processor.py:161} INFO - Started process (PID=23976) to work on /home/tejasvi/Desktop/airflow_ssh_simulation/venv/lib/python3.10/site-packages/airflow/example_dags/example_xcom.py
[2026-03-18T18:30:31.246+0530] {processor.py:830} INFO - Processing file /home/tejasvi/Desktop/airflow_ssh_simulation/venv/lib/python3.10/site-packages/airflow/example_dags/example_xcom.py for tasks to queue
[2026-03-18T18:30:31.250+0530] {logging_mixin.py:188} INFO - [2026-03-18T18:30:31.249+0530] {dagbag.py:540} INFO - Filling up the DagBag from /home/tejasvi/Desktop/airflow_ssh_simulation/venv/lib/python3.10/site-packages/airflow/example_dags/example_xcom.py
[2026-03-18T18:30:31.261+0530] {processor.py:840} INFO - DAG(s) 'example_xcom' retrieved from /home/tejasvi/Desktop/airflow_ssh_simulation/venv/lib/python3.10/site-packages/airflow/example_dags/example_xcom.py
[2026-03-18T18:30:31.278+0530] {logging_mixin.py:188} INFO - [2026-03-18T18:30:31.278+0530] {dag.py:3047} INFO - Sync 1 DAGs
[2026-03-18T18:30:31.298+0530] {logging_mixin.py:188} INFO - [2026-03-18T18:30:31.298+0530] {dag.py:3834} INFO - Setting next_dagrun for example_xcom to 2021-01-01 00:00:00+00:00, run_after=2021-01-01 00:00:00+00:00
[2026-03-18T18:30:31.569+0530] {processor.py:183} INFO - Processing /home/tejasvi/Desktop/airflow_ssh_simulation/venv/lib/python3.10/site-packages/airflow/example_dags/example_xcom.py took 0.440 seconds
[2026-03-18T18:31:14.905+0530] {processor.py:161} INFO - Started process (PID=24159) to work on /home/tejasvi/Desktop/airflow_ssh_simulation/venv/lib/python3.10/site-packages/airflow/example_dags/example_xcom.py
[2026-03-18T18:31:15.091+0530] {processor.py:830} INFO - Processing file /home/tejasvi/Desktop/airflow_ssh_simulation/venv/lib/python3.10/site-packages/airflow/example_dags/example_xcom.py for tasks to queue
[2026-03-18T18:31:15.097+0530] {logging_mixin.py:188} INFO - [2026-03-18T18:31:15.096+0530] {dagbag.py:540} INFO - Filling up the DagBag from /home/tejasvi/Desktop/airflow_ssh_simulation/venv/lib/python3.10/site-packages/airflow/example_dags/example_xcom.py
[2026-03-18T18:31:15.119+0530] {processor.py:840} INFO - DAG(s) 'example_xcom' retrieved from /home/tejasvi/Desktop/airflow_ssh_simulation/venv/lib/python3.10/site-packages/airflow/example_dags/example_xcom.py
[2026-03-18T18:31:15.147+0530] {logging_mixin.py:188} INFO - [2026-03-18T18:31:15.147+0530] {dag.py:3047} INFO - Sync 1 DAGs
[2026-03-18T18:31:15.167+0530] {logging_mixin.py:188} INFO - [2026-03-18T18:31:15.166+0530] {dag.py:3834} INFO - Setting next_dagrun for example_xcom to 2021-01-01 00:00:00+00:00, run_after=2021-01-01 00:00:00+00:00
[2026-03-18T18:31:15.459+0530] {processor.py:183} INFO - Processing /home/tejasvi/Desktop/airflow_ssh_simulation/venv/lib/python3.10/site-packages/airflow/example_dags/example_xcom.py took 0.562 seconds
[2026-03-18T18:32:21.026+0530] {processor.py:161} INFO - Started process (PID=24491) to work on /home/tejasvi/Desktop/airflow_ssh_simulation/venv/lib/python3.10/site-packages/airflow/example_dags/example_xcom.py
[2026-03-18T18:32:21.109+0530] {processor.py:830} INFO - Processing file /home/tejasvi/Desktop/airflow_ssh_simulation/venv/lib/python3.10/site-packages/airflow/example_dags/example_xcom.py for tasks to queue
[2026-03-18T18:32:21.112+0530] {logging_mixin.py:188} INFO - [2026-03-18T18:32:21.111+0530] {dagbag.py:540} INFO - Filling up the DagBag from /home/tejasvi/Desktop/airflow_ssh_simulation/venv/lib/python3.10/site-packages/airflow/example_dags/example_xcom.py
[2026-03-18T18:32:21.123+0530] {processor.py:840} INFO - DAG(s) 'example_xcom' retrieved from /home/tejasvi/Desktop/airflow_ssh_simulation/venv/lib/python3.10/site-packages/airflow/example_dags/example_xcom.py
[2026-03-18T18:32:21.140+0530] {logging_mixin.py:188} INFO - [2026-03-18T18:32:21.139+0530] {dag.py:3047} INFO - Sync 1 DAGs
[2026-03-18T18:32:21.166+0530] {logging_mixin.py:188} INFO - [2026-03-18T18:32:21.166+0530] {dag.py:3834} INFO - Setting next_dagrun for example_xcom to 2021-01-01 00:00:00+00:00, run_after=2021-01-01 00:00:00+00:00
[2026-03-18T18:32:21.249+0530] {processor.py:183} INFO - Processing /home/tejasvi/Desktop/airflow_ssh_simulation/venv/lib/python3.10/site-packages/airflow/example_dags/example_xcom.py took 0.231 seconds
[2026-03-18T18:33:21.885+0530] {processor.py:161} INFO - Started process (PID=24642) to work on /home/tejasvi/Desktop/airflow_ssh_simulation/venv/lib/python3.10/site-packages/airflow/example_dags/example_xcom.py
[2026-03-18T18:33:21.921+0530] {processor.py:830} INFO - Processing file /home/tejasvi/Desktop/airflow_ssh_simulation/venv/lib/python3.10/site-packages/airflow/example_dags/example_xcom.py for tasks to queue
[2026-03-18T18:33:21.924+0530] {logging_mixin.py:188} INFO - [2026-03-18T18:33:21.924+0530] {dagbag.py:540} INFO - Filling up the DagBag from /home/tejasvi/Desktop/airflow_ssh_simulation/venv/lib/python3.10/site-packages/airflow/example_dags/example_xcom.py
[2026-03-18T18:33:21.936+0530] {processor.py:840} INFO - DAG(s) 'example_xcom' retrieved from /home/tejasvi/Desktop/airflow_ssh_simulation/venv/lib/python3.10/site-packages/airflow/example_dags/example_xcom.py
[2026-03-18T18:33:21.952+0530] {logging_mixin.py:188} INFO - [2026-03-18T18:33:21.952+0530] {dag.py:3047} INFO - Sync 1 DAGs
[2026-03-18T18:33:21.971+0530] {logging_mixin.py:188} INFO - [2026-03-18T18:33:21.971+0530] {dag.py:3834} INFO - Setting next_dagrun for example_xcom to 2021-01-01 00:00:00+00:00, run_after=2021-01-01 00:00:00+00:00
[2026-03-18T18:33:22.056+0530] {processor.py:183} INFO - Processing /home/tejasvi/Desktop/airflow_ssh_simulation/venv/lib/python3.10/site-packages/airflow/example_dags/example_xcom.py took 0.179 seconds
[2026-03-18T18:34:26.037+0530] {processor.py:161} INFO - Started process (PID=24799) to work on /home/tejasvi/Desktop/airflow_ssh_simulation/venv/lib/python3.10/site-packages/airflow/example_dags/example_xcom.py
[2026-03-18T18:34:26.077+0530] {processor.py:830} INFO - Processing file /home/tejasvi/Desktop/airflow_ssh_simulation/venv/lib/python3.10/site-packages/airflow/example_dags/example_xcom.py for tasks to queue
[2026-03-18T18:34:26.081+0530] {logging_mixin.py:188} INFO - [2026-03-18T18:34:26.080+0530] {dagbag.py:540} INFO - Filling up the DagBag from /home/tejasvi/Desktop/airflow_ssh_simulation/venv/lib/python3.10/site-packages/airflow/example_dags/example_xcom.py
[2026-03-18T18:34:26.092+0530] {processor.py:840} INFO - DAG(s) 'example_xcom' retrieved from /home/tejasvi/Desktop/airflow_ssh_simulation/venv/lib/python3.10/site-packages/airflow/example_dags/example_xcom.py
[2026-03-18T18:34:26.108+0530] {logging_mixin.py:188} INFO - [2026-03-18T18:34:26.108+0530] {dag.py:3047} INFO - Sync 1 DAGs
[2026-03-18T18:34:26.129+0530] {logging_mixin.py:188} INFO - [2026-03-18T18:34:26.128+0530] {dag.py:3834} INFO - Setting next_dagrun for example_xcom to 2021-01-01 00:00:00+00:00, run_after=2021-01-01 00:00:00+00:00
[2026-03-18T18:34:26.227+0530] {processor.py:183} INFO - Processing /home/tejasvi/Desktop/airflow_ssh_simulation/venv/lib/python3.10/site-packages/airflow/example_dags/example_xcom.py took 0.198 seconds
[2026-03-18T18:35:26.064+0530] {processor.py:161} INFO - Started process (PID=24984) to work on /home/tejasvi/Desktop/airflow_ssh_simulation/venv/lib/python3.10/site-packages/airflow/example_dags/example_xcom.py
[2026-03-18T18:35:26.095+0530] {processor.py:830} INFO - Processing file /home/tejasvi/Desktop/airflow_ssh_simulation/venv/lib/python3.10/site-packages/airflow/example_dags/example_xcom.py for tasks to queue
[2026-03-18T18:35:26.099+0530] {logging_mixin.py:188} INFO - [2026-03-18T18:35:26.098+0530] {dagbag.py:540} INFO - Filling up the DagBag from /home/tejasvi/Desktop/airflow_ssh_simulation/venv/lib/python3.10/site-packages/airflow/example_dags/example_xcom.py
[2026-03-18T18:35:26.109+0530] {processor.py:840} INFO - DAG(s) 'example_xcom' retrieved from /home/tejasvi/Desktop/airflow_ssh_simulation/venv/lib/python3.10/site-packages/airflow/example_dags/example_xcom.py
[2026-03-18T18:35:26.126+0530] {logging_mixin.py:188} INFO - [2026-03-18T18:35:26.125+0530] {dag.py:3047} INFO - Sync 1 DAGs
[2026-03-18T18:35:26.146+0530] {logging_mixin.py:188} INFO - [2026-03-18T18:35:26.146+0530] {dag.py:3834} INFO - Setting next_dagrun for example_xcom to 2021-01-01 00:00:00+00:00, run_after=2021-01-01 00:00:00+00:00
[2026-03-18T18:35:26.209+0530] {processor.py:183} INFO - Processing /home/tejasvi/Desktop/airflow_ssh_simulation/venv/lib/python3.10/site-packages/airflow/example_dags/example_xcom.py took 0.152 seconds
[2026-03-18T18:36:31.370+0530] {processor.py:161} INFO - Started process (PID=25188) to work on /home/tejasvi/Desktop/airflow_ssh_simulation/venv/lib/python3.10/site-packages/airflow/example_dags/example_xcom.py
[2026-03-18T18:36:31.476+0530] {processor.py:830} INFO - Processing file /home/tejasvi/Desktop/airflow_ssh_simulation/venv/lib/python3.10/site-packages/airflow/example_dags/example_xcom.py for tasks to queue
[2026-03-18T18:36:31.481+0530] {logging_mixin.py:188} INFO - [2026-03-18T18:36:31.480+0530] {dagbag.py:540} INFO - Filling up the DagBag from /home/tejasvi/Desktop/airflow_ssh_simulation/venv/lib/python3.10/site-packages/airflow/example_dags/example_xcom.py
[2026-03-18T18:36:31.503+0530] {processor.py:840} INFO - DAG(s) 'example_xcom' retrieved from /home/tejasvi/Desktop/airflow_ssh_simulation/venv/lib/python3.10/site-packages/airflow/example_dags/example_xcom.py
[2026-03-18T18:36:31.529+0530] {logging_mixin.py:188} INFO - [2026-03-18T18:36:31.529+0530] {dag.py:3047} INFO - Sync 1 DAGs
[2026-03-18T18:36:31.548+0530] {logging_mixin.py:188} INFO - [2026-03-18T18:36:31.548+0530] {dag.py:3834} INFO - Setting next_dagrun for example_xcom to 2021-01-01 00:00:00+00:00, run_after=2021-01-01 00:00:00+00:00
[2026-03-18T18:36:31.622+0530] {processor.py:183} INFO - Processing /home/tejasvi/Desktop/airflow_ssh_simulation/venv/lib/python3.10/site-packages/airflow/example_dags/example_xcom.py took 0.258 seconds
[2026-03-18T18:37:44.377+0530] {processor.py:161} INFO - Started process (PID=25379) to work on /home/tejasvi/Desktop/airflow_ssh_simulation/venv/lib/python3.10/site-packages/airflow/example_dags/example_xcom.py
[2026-03-18T18:37:44.485+0530] {processor.py:830} INFO - Processing file /home/tejasvi/Desktop/airflow_ssh_simulation/venv/lib/python3.10/site-packages/airflow/example_dags/example_xcom.py for tasks to queue
[2026-03-18T18:37:44.488+0530] {logging_mixin.py:188} INFO - [2026-03-18T18:37:44.488+0530] {dagbag.py:540} INFO - Filling up the DagBag from /home/tejasvi/Desktop/airflow_ssh_simulation/venv/lib/python3.10/site-packages/airflow/example_dags/example_xcom.py
[2026-03-18T18:37:44.499+0530] {processor.py:840} INFO - DAG(s) 'example_xcom' retrieved from /home/tejasvi/Desktop/airflow_ssh_simulation/venv/lib/python3.10/site-packages/airflow/example_dags/example_xcom.py
[2026-03-18T18:37:44.516+0530] {logging_mixin.py:188} INFO - [2026-03-18T18:37:44.516+0530] {dag.py:3047} INFO - Sync 1 DAGs
[2026-03-18T18:37:44.536+0530] {logging_mixin.py:188} INFO - [2026-03-18T18:37:44.535+0530] {dag.py:3834} INFO - Setting next_dagrun for example_xcom to 2021-01-01 00:00:00+00:00, run_after=2021-01-01 00:00:00+00:00
[2026-03-18T18:37:44.787+0530] {processor.py:183} INFO - Processing /home/tejasvi/Desktop/airflow_ssh_simulation/venv/lib/python3.10/site-packages/airflow/example_dags/example_xcom.py took 0.419 seconds
[2026-03-18T18:38:53.653+0530] {processor.py:161} INFO - Started process (PID=25546) to work on /home/tejasvi/Desktop/airflow_ssh_simulation/venv/lib/python3.10/site-packages/airflow/example_dags/example_xcom.py
[2026-03-18T18:38:53.709+0530] {processor.py:830} INFO - Processing file /home/tejasvi/Desktop/airflow_ssh_simulation/venv/lib/python3.10/site-packages/airflow/example_dags/example_xcom.py for tasks to queue
[2026-03-18T18:38:53.714+0530] {logging_mixin.py:188} INFO - [2026-03-18T18:38:53.713+0530] {dagbag.py:540} INFO - Filling up the DagBag from /home/tejasvi/Desktop/airflow_ssh_simulation/venv/lib/python3.10/site-packages/airflow/example_dags/example_xcom.py
[2026-03-18T18:38:53.734+0530] {processor.py:840} INFO - DAG(s) 'example_xcom' retrieved from /home/tejasvi/Desktop/airflow_ssh_simulation/venv/lib/python3.10/site-packages/airflow/example_dags/example_xcom.py
[2026-03-18T18:38:53.759+0530] {logging_mixin.py:188} INFO - [2026-03-18T18:38:53.759+0530] {dag.py:3047} INFO - Sync 1 DAGs
[2026-03-18T18:38:53.779+0530] {logging_mixin.py:188} INFO - [2026-03-18T18:38:53.779+0530] {dag.py:3834} INFO - Setting next_dagrun for example_xcom to 2021-01-01 00:00:00+00:00, run_after=2021-01-01 00:00:00+00:00
[2026-03-18T18:38:53.822+0530] {processor.py:183} INFO - Processing /home/tejasvi/Desktop/airflow_ssh_simulation/venv/lib/python3.10/site-packages/airflow/example_dags/example_xcom.py took 0.174 seconds
[2026-03-18T18:39:51.676+0530] {processor.py:161} INFO - Started process (PID=25700) to work on /home/tejasvi/Desktop/airflow_ssh_simulation/venv/lib/python3.10/site-packages/airflow/example_dags/example_xcom.py
[2026-03-18T18:39:51.716+0530] {processor.py:830} INFO - Processing file /home/tejasvi/Desktop/airflow_ssh_simulation/venv/lib/python3.10/site-packages/airflow/example_dags/example_xcom.py for tasks to queue
[2026-03-18T18:39:51.721+0530] {logging_mixin.py:188} INFO - [2026-03-18T18:39:51.720+0530] {dagbag.py:540} INFO - Filling up the DagBag from /home/tejasvi/Desktop/airflow_ssh_simulation/venv/lib/python3.10/site-packages/airflow/example_dags/example_xcom.py
[2026-03-18T18:39:51.742+0530] {processor.py:840} INFO - DAG(s) 'example_xcom' retrieved from /home/tejasvi/Desktop/airflow_ssh_simulation/venv/lib/python3.10/site-packages/airflow/example_dags/example_xcom.py
[2026-03-18T18:39:51.765+0530] {logging_mixin.py:188} INFO - [2026-03-18T18:39:51.764+0530] {dag.py:3047} INFO - Sync 1 DAGs
[2026-03-18T18:39:51.785+0530] {logging_mixin.py:188} INFO - [2026-03-18T18:39:51.785+0530] {dag.py:3834} INFO - Setting next_dagrun for example_xcom to 2021-01-01 00:00:00+00:00, run_after=2021-01-01 00:00:00+00:00
[2026-03-18T18:39:51.829+0530] {processor.py:183} INFO - Processing /home/tejasvi/Desktop/airflow_ssh_simulation/venv/lib/python3.10/site-packages/airflow/example_dags/example_xcom.py took 0.158 seconds
[2026-03-18T18:40:58.519+0530] {processor.py:161} INFO - Started process (PID=25893) to work on /home/tejasvi/Desktop/airflow_ssh_simulation/venv/lib/python3.10/site-packages/airflow/example_dags/example_xcom.py
[2026-03-18T18:40:58.720+0530] {processor.py:830} INFO - Processing file /home/tejasvi/Desktop/airflow_ssh_simulation/venv/lib/python3.10/site-packages/airflow/example_dags/example_xcom.py for tasks to queue
[2026-03-18T18:40:58.730+0530] {logging_mixin.py:188} INFO - [2026-03-18T18:40:58.729+0530] {dagbag.py:540} INFO - Filling up the DagBag from /home/tejasvi/Desktop/airflow_ssh_simulation/venv/lib/python3.10/site-packages/airflow/example_dags/example_xcom.py
[2026-03-18T18:40:58.752+0530] {processor.py:840} INFO - DAG(s) 'example_xcom' retrieved from /home/tejasvi/Desktop/airflow_ssh_simulation/venv/lib/python3.10/site-packages/airflow/example_dags/example_xcom.py
[2026-03-18T18:40:58.783+0530] {logging_mixin.py:188} INFO - [2026-03-18T18:40:58.783+0530] {dag.py:3047} INFO - Sync 1 DAGs
[2026-03-18T18:40:58.809+0530] {logging_mixin.py:188} INFO - [2026-03-18T18:40:58.809+0530] {dag.py:3834} INFO - Setting next_dagrun for example_xcom to 2021-01-01 00:00:00+00:00, run_after=2021-01-01 00:00:00+00:00
[2026-03-18T18:40:59.084+0530] {processor.py:183} INFO - Processing /home/tejasvi/Desktop/airflow_ssh_simulation/venv/lib/python3.10/site-packages/airflow/example_dags/example_xcom.py took 0.571 seconds
[2026-03-18T18:42:03.191+0530] {processor.py:161} INFO - Started process (PID=26057) to work on /home/tejasvi/Desktop/airflow_ssh_simulation/venv/lib/python3.10/site-packages/airflow/example_dags/example_xcom.py
[2026-03-18T18:42:03.247+0530] {processor.py:830} INFO - Processing file /home/tejasvi/Desktop/airflow_ssh_simulation/venv/lib/python3.10/site-packages/airflow/example_dags/example_xcom.py for tasks to queue
[2026-03-18T18:42:03.250+0530] {logging_mixin.py:188} INFO - [2026-03-18T18:42:03.249+0530] {dagbag.py:540} INFO - Filling up the DagBag from /home/tejasvi/Desktop/airflow_ssh_simulation/venv/lib/python3.10/site-packages/airflow/example_dags/example_xcom.py
[2026-03-18T18:42:03.261+0530] {processor.py:840} INFO - DAG(s) 'example_xcom' retrieved from /home/tejasvi/Desktop/airflow_ssh_simulation/venv/lib/python3.10/site-packages/airflow/example_dags/example_xcom.py
[2026-03-18T18:42:03.278+0530] {logging_mixin.py:188} INFO - [2026-03-18T18:42:03.278+0530] {dag.py:3047} INFO - Sync 1 DAGs
[2026-03-18T18:42:03.298+0530] {logging_mixin.py:188} INFO - [2026-03-18T18:42:03.297+0530] {dag.py:3834} INFO - Setting next_dagrun for example_xcom to 2021-01-01 00:00:00+00:00, run_after=2021-01-01 00:00:00+00:00
[2026-03-18T18:42:03.673+0530] {processor.py:183} INFO - Processing /home/tejasvi/Desktop/airflow_ssh_simulation/venv/lib/python3.10/site-packages/airflow/example_dags/example_xcom.py took 0.490 seconds
[2026-03-18T18:43:21.542+0530] {processor.py:161} INFO - Started process (PID=26238) to work on /home/tejasvi/Desktop/airflow_ssh_simulation/venv/lib/python3.10/site-packages/airflow/example_dags/example_xcom.py
[2026-03-18T18:43:21.583+0530] {processor.py:830} INFO - Processing file /home/tejasvi/Desktop/airflow_ssh_simulation/venv/lib/python3.10/site-packages/airflow/example_dags/example_xcom.py for tasks to queue
[2026-03-18T18:43:21.586+0530] {logging_mixin.py:188} INFO - [2026-03-18T18:43:21.585+0530] {dagbag.py:540} INFO - Filling up the DagBag from /home/tejasvi/Desktop/airflow_ssh_simulation/venv/lib/python3.10/site-packages/airflow/example_dags/example_xcom.py
[2026-03-18T18:43:21.598+0530] {processor.py:840} INFO - DAG(s) 'example_xcom' retrieved from /home/tejasvi/Desktop/airflow_ssh_simulation/venv/lib/python3.10/site-packages/airflow/example_dags/example_xcom.py
[2026-03-18T18:43:21.615+0530] {logging_mixin.py:188} INFO - [2026-03-18T18:43:21.614+0530] {dag.py:3047} INFO - Sync 1 DAGs
[2026-03-18T18:43:21.634+0530] {logging_mixin.py:188} INFO - [2026-03-18T18:43:21.634+0530] {dag.py:3834} INFO - Setting next_dagrun for example_xcom to 2021-01-01 00:00:00+00:00, run_after=2021-01-01 00:00:00+00:00
[2026-03-18T18:43:21.719+0530] {processor.py:183} INFO - Processing /home/tejasvi/Desktop/airflow_ssh_simulation/venv/lib/python3.10/site-packages/airflow/example_dags/example_xcom.py took 0.185 seconds
[2026-03-18T18:44:06.148+0530] {processor.py:161} INFO - Started process (PID=26357) to work on /home/tejasvi/Desktop/airflow_ssh_simulation/venv/lib/python3.10/site-packages/airflow/example_dags/example_xcom.py
[2026-03-18T18:44:06.189+0530] {processor.py:830} INFO - Processing file /home/tejasvi/Desktop/airflow_ssh_simulation/venv/lib/python3.10/site-packages/airflow/example_dags/example_xcom.py for tasks to queue
[2026-03-18T18:44:06.192+0530] {logging_mixin.py:188} INFO - [2026-03-18T18:44:06.191+0530] {dagbag.py:540} INFO - Filling up the DagBag from /home/tejasvi/Desktop/airflow_ssh_simulation/venv/lib/python3.10/site-packages/airflow/example_dags/example_xcom.py
[2026-03-18T18:44:06.202+0530] {processor.py:840} INFO - DAG(s) 'example_xcom' retrieved from /home/tejasvi/Desktop/airflow_ssh_simulation/venv/lib/python3.10/site-packages/airflow/example_dags/example_xcom.py
[2026-03-18T18:44:06.219+0530] {logging_mixin.py:188} INFO - [2026-03-18T18:44:06.219+0530] {dag.py:3047} INFO - Sync 1 DAGs
[2026-03-18T18:44:06.239+0530] {logging_mixin.py:188} INFO - [2026-03-18T18:44:06.238+0530] {dag.py:3834} INFO - Setting next_dagrun for example_xcom to 2021-01-01 00:00:00+00:00, run_after=2021-01-01 00:00:00+00:00
[2026-03-18T18:44:06.321+0530] {processor.py:183} INFO - Processing /home/tejasvi/Desktop/airflow_ssh_simulation/venv/lib/python3.10/site-packages/airflow/example_dags/example_xcom.py took 0.182 seconds
[2026-03-18T18:45:06.000+0530] {processor.py:161} INFO - Started process (PID=26489) to work on /home/tejasvi/Desktop/airflow_ssh_simulation/venv/lib/python3.10/site-packages/airflow/example_dags/example_xcom.py
[2026-03-18T18:45:06.035+0530] {processor.py:830} INFO - Processing file /home/tejasvi/Desktop/airflow_ssh_simulation/venv/lib/python3.10/site-packages/airflow/example_dags/example_xcom.py for tasks to queue
[2026-03-18T18:45:06.039+0530] {logging_mixin.py:188} INFO - [2026-03-18T18:45:06.038+0530] {dagbag.py:540} INFO - Filling up the DagBag from /home/tejasvi/Desktop/airflow_ssh_simulation/venv/lib/python3.10/site-packages/airflow/example_dags/example_xcom.py
[2026-03-18T18:45:06.050+0530] {processor.py:840} INFO - DAG(s) 'example_xcom' retrieved from /home/tejasvi/Desktop/airflow_ssh_simulation/venv/lib/python3.10/site-packages/airflow/example_dags/example_xcom.py
[2026-03-18T18:45:06.066+0530] {logging_mixin.py:188} INFO - [2026-03-18T18:45:06.066+0530] {dag.py:3047} INFO - Sync 1 DAGs
[2026-03-18T18:45:06.091+0530] {logging_mixin.py:188} INFO - [2026-03-18T18:45:06.091+0530] {dag.py:3834} INFO - Setting next_dagrun for example_xcom to 2021-01-01 00:00:00+00:00, run_after=2021-01-01 00:00:00+00:00
[2026-03-18T18:45:06.183+0530] {processor.py:183} INFO - Processing /home/tejasvi/Desktop/airflow_ssh_simulation/venv/lib/python3.10/site-packages/airflow/example_dags/example_xcom.py took 0.191 seconds
[2026-03-18T18:46:28.177+0530] {processor.py:161} INFO - Started process (PID=26702) to work on /home/tejasvi/Desktop/airflow_ssh_simulation/venv/lib/python3.10/site-packages/airflow/example_dags/example_xcom.py
[2026-03-18T18:46:28.213+0530] {processor.py:830} INFO - Processing file /home/tejasvi/Desktop/airflow_ssh_simulation/venv/lib/python3.10/site-packages/airflow/example_dags/example_xcom.py for tasks to queue
[2026-03-18T18:46:28.217+0530] {logging_mixin.py:188} INFO - [2026-03-18T18:46:28.216+0530] {dagbag.py:540} INFO - Filling up the DagBag from /home/tejasvi/Desktop/airflow_ssh_simulation/venv/lib/python3.10/site-packages/airflow/example_dags/example_xcom.py
[2026-03-18T18:46:28.228+0530] {processor.py:840} INFO - DAG(s) 'example_xcom' retrieved from /home/tejasvi/Desktop/airflow_ssh_simulation/venv/lib/python3.10/site-packages/airflow/example_dags/example_xcom.py
[2026-03-18T18:46:28.244+0530] {logging_mixin.py:188} INFO - [2026-03-18T18:46:28.244+0530] {dag.py:3047} INFO - Sync 1 DAGs
[2026-03-18T18:46:28.267+0530] {logging_mixin.py:188} INFO - [2026-03-18T18:46:28.267+0530] {dag.py:3834} INFO - Setting next_dagrun for example_xcom to 2021-01-01 00:00:00+00:00, run_after=2021-01-01 00:00:00+00:00
[2026-03-18T18:46:28.348+0530] {processor.py:183} INFO - Processing /home/tejasvi/Desktop/airflow_ssh_simulation/venv/lib/python3.10/site-packages/airflow/example_dags/example_xcom.py took 0.179 seconds
[2026-03-18T18:47:40.441+0530] {processor.py:161} INFO - Started process (PID=26886) to work on /home/tejasvi/Desktop/airflow_ssh_simulation/venv/lib/python3.10/site-packages/airflow/example_dags/example_xcom.py
[2026-03-18T18:47:40.501+0530] {processor.py:830} INFO - Processing file /home/tejasvi/Desktop/airflow_ssh_simulation/venv/lib/python3.10/site-packages/airflow/example_dags/example_xcom.py for tasks to queue
[2026-03-18T18:47:40.506+0530] {logging_mixin.py:188} INFO - [2026-03-18T18:47:40.505+0530] {dagbag.py:540} INFO - Filling up the DagBag from /home/tejasvi/Desktop/airflow_ssh_simulation/venv/lib/python3.10/site-packages/airflow/example_dags/example_xcom.py
[2026-03-18T18:47:40.529+0530] {processor.py:840} INFO - DAG(s) 'example_xcom' retrieved from /home/tejasvi/Desktop/airflow_ssh_simulation/venv/lib/python3.10/site-packages/airflow/example_dags/example_xcom.py
[2026-03-18T18:47:40.552+0530] {logging_mixin.py:188} INFO - [2026-03-18T18:47:40.551+0530] {dag.py:3047} INFO - Sync 1 DAGs
[2026-03-18T18:47:40.571+0530] {logging_mixin.py:188} INFO - [2026-03-18T18:47:40.571+0530] {dag.py:3834} INFO - Setting next_dagrun for example_xcom to 2021-01-01 00:00:00+00:00, run_after=2021-01-01 00:00:00+00:00
[2026-03-18T18:47:40.662+0530] {processor.py:183} INFO - Processing /home/tejasvi/Desktop/airflow_ssh_simulation/venv/lib/python3.10/site-packages/airflow/example_dags/example_xcom.py took 0.230 seconds
[2026-03-18T18:49:06.456+0530] {processor.py:161} INFO - Started process (PID=27093) to work on /home/tejasvi/Desktop/airflow_ssh_simulation/venv/lib/python3.10/site-packages/airflow/example_dags/example_xcom.py
[2026-03-18T18:49:06.523+0530] {processor.py:830} INFO - Processing file /home/tejasvi/Desktop/airflow_ssh_simulation/venv/lib/python3.10/site-packages/airflow/example_dags/example_xcom.py for tasks to queue
[2026-03-18T18:49:06.530+0530] {logging_mixin.py:188} INFO - [2026-03-18T18:49:06.528+0530] {dagbag.py:540} INFO - Filling up the DagBag from /home/tejasvi/Desktop/airflow_ssh_simulation/venv/lib/python3.10/site-packages/airflow/example_dags/example_xcom.py
[2026-03-18T18:49:06.554+0530] {processor.py:840} INFO - DAG(s) 'example_xcom' retrieved from /home/tejasvi/Desktop/airflow_ssh_simulation/venv/lib/python3.10/site-packages/airflow/example_dags/example_xcom.py
[2026-03-18T18:49:06.578+0530] {logging_mixin.py:188} INFO - [2026-03-18T18:49:06.577+0530] {dag.py:3047} INFO - Sync 1 DAGs
[2026-03-18T18:49:06.600+0530] {logging_mixin.py:188} INFO - [2026-03-18T18:49:06.599+0530] {dag.py:3834} INFO - Setting next_dagrun for example_xcom to 2021-01-01 00:00:00+00:00, run_after=2021-01-01 00:00:00+00:00
[2026-03-18T18:49:06.649+0530] {processor.py:183} INFO - Processing /home/tejasvi/Desktop/airflow_ssh_simulation/venv/lib/python3.10/site-packages/airflow/example_dags/example_xcom.py took 0.197 seconds
[2026-03-18T18:50:03.797+0530] {processor.py:161} INFO - Started process (PID=27237) to work on /home/tejasvi/Desktop/airflow_ssh_simulation/venv/lib/python3.10/site-packages/airflow/example_dags/example_xcom.py
[2026-03-18T18:50:03.812+0530] {processor.py:830} INFO - Processing file /home/tejasvi/Desktop/airflow_ssh_simulation/venv/lib/python3.10/site-packages/airflow/example_dags/example_xcom.py for tasks to queue
[2026-03-18T18:50:03.815+0530] {logging_mixin.py:188} INFO - [2026-03-18T18:50:03.815+0530] {dagbag.py:540} INFO - Filling up the DagBag from /home/tejasvi/Desktop/airflow_ssh_simulation/venv/lib/python3.10/site-packages/airflow/example_dags/example_xcom.py
[2026-03-18T18:50:03.826+0530] {processor.py:840} INFO - DAG(s) 'example_xcom' retrieved from /home/tejasvi/Desktop/airflow_ssh_simulation/venv/lib/python3.10/site-packages/airflow/example_dags/example_xcom.py
[2026-03-18T18:50:03.843+0530] {logging_mixin.py:188} INFO - [2026-03-18T18:50:03.842+0530] {dag.py:3047} INFO - Sync 1 DAGs
[2026-03-18T18:50:03.863+0530] {logging_mixin.py:188} INFO - [2026-03-18T18:50:03.863+0530] {dag.py:3834} INFO - Setting next_dagrun for example_xcom to 2021-01-01 00:00:00+00:00, run_after=2021-01-01 00:00:00+00:00
[2026-03-18T18:50:03.952+0530] {processor.py:183} INFO - Processing /home/tejasvi/Desktop/airflow_ssh_simulation/venv/lib/python3.10/site-packages/airflow/example_dags/example_xcom.py took 0.162 seconds
