[2026-03-18T17:39:20.687+0530] {processor.py:161} INFO - Started process (PID=5371) to work on /home/tejasvi/Desktop/airflow_ssh_simulation/venv/lib/python3.10/site-packages/airflow/example_dags/example_skip_dag.py
[2026-03-18T17:39:20.689+0530] {processor.py:830} INFO - Processing file /home/tejasvi/Desktop/airflow_ssh_simulation/venv/lib/python3.10/site-packages/airflow/example_dags/example_skip_dag.py for tasks to queue
[2026-03-18T17:39:20.692+0530] {logging_mixin.py:188} INFO - [2026-03-18T17:39:20.690+0530] {dagbag.py:540} INFO - Filling up the DagBag from /home/tejasvi/Desktop/airflow_ssh_simulation/venv/lib/python3.10/site-packages/airflow/example_dags/example_skip_dag.py
[2026-03-18T17:39:20.792+0530] {processor.py:840} INFO - DAG(s) 'example_skip_dag' retrieved from /home/tejasvi/Desktop/airflow_ssh_simulation/venv/lib/python3.10/site-packages/airflow/example_dags/example_skip_dag.py
[2026-03-18T17:39:20.826+0530] {logging_mixin.py:188} INFO - [2026-03-18T17:39:20.825+0530] {dag.py:3047} INFO - Sync 1 DAGs
[2026-03-18T17:39:20.942+0530] {logging_mixin.py:188} INFO - [2026-03-18T17:39:20.941+0530] {dag.py:3834} INFO - Setting next_dagrun for example_skip_dag to 2026-03-17 00:00:00+00:00, run_after=2026-03-18 00:00:00+00:00
[2026-03-18T17:39:21.085+0530] {processor.py:183} INFO - Processing /home/tejasvi/Desktop/airflow_ssh_simulation/venv/lib/python3.10/site-packages/airflow/example_dags/example_skip_dag.py took 0.406 seconds
[2026-03-18T17:40:32.531+0530] {processor.py:161} INFO - Started process (PID=5467) to work on /home/tejasvi/Desktop/airflow_ssh_simulation/venv/lib/python3.10/site-packages/airflow/example_dags/example_skip_dag.py
[2026-03-18T17:40:32.622+0530] {processor.py:830} INFO - Processing file /home/tejasvi/Desktop/airflow_ssh_simulation/venv/lib/python3.10/site-packages/airflow/example_dags/example_skip_dag.py for tasks to queue
[2026-03-18T17:40:32.627+0530] {logging_mixin.py:188} INFO - [2026-03-18T17:40:32.626+0530] {dagbag.py:540} INFO - Filling up the DagBag from /home/tejasvi/Desktop/airflow_ssh_simulation/venv/lib/python3.10/site-packages/airflow/example_dags/example_skip_dag.py
[2026-03-18T17:40:32.645+0530] {processor.py:840} INFO - DAG(s) 'example_skip_dag' retrieved from /home/tejasvi/Desktop/airflow_ssh_simulation/venv/lib/python3.10/site-packages/airflow/example_dags/example_skip_dag.py
[2026-03-18T17:40:32.682+0530] {logging_mixin.py:188} INFO - [2026-03-18T17:40:32.681+0530] {dag.py:3047} INFO - Sync 1 DAGs
[2026-03-18T17:40:32.719+0530] {logging_mixin.py:188} INFO - [2026-03-18T17:40:32.718+0530] {dag.py:3834} INFO - Setting next_dagrun for example_skip_dag to 2026-03-17 00:00:00+00:00, run_after=2026-03-18 00:00:00+00:00
[2026-03-18T17:40:32.773+0530] {processor.py:183} INFO - Processing /home/tejasvi/Desktop/airflow_ssh_simulation/venv/lib/python3.10/site-packages/airflow/example_dags/example_skip_dag.py took 0.247 seconds
[2026-03-18T17:41:49.617+0530] {processor.py:161} INFO - Started process (PID=5581) to work on /home/tejasvi/Desktop/airflow_ssh_simulation/venv/lib/python3.10/site-packages/airflow/example_dags/example_skip_dag.py
[2026-03-18T17:41:49.711+0530] {processor.py:830} INFO - Processing file /home/tejasvi/Desktop/airflow_ssh_simulation/venv/lib/python3.10/site-packages/airflow/example_dags/example_skip_dag.py for tasks to queue
[2026-03-18T17:41:49.718+0530] {logging_mixin.py:188} INFO - [2026-03-18T17:41:49.717+0530] {dagbag.py:540} INFO - Filling up the DagBag from /home/tejasvi/Desktop/airflow_ssh_simulation/venv/lib/python3.10/site-packages/airflow/example_dags/example_skip_dag.py
[2026-03-18T17:41:49.732+0530] {processor.py:840} INFO - DAG(s) 'example_skip_dag' retrieved from /home/tejasvi/Desktop/airflow_ssh_simulation/venv/lib/python3.10/site-packages/airflow/example_dags/example_skip_dag.py
[2026-03-18T17:41:49.766+0530] {logging_mixin.py:188} INFO - [2026-03-18T17:41:49.765+0530] {dag.py:3047} INFO - Sync 1 DAGs
[2026-03-18T17:41:49.796+0530] {logging_mixin.py:188} INFO - [2026-03-18T17:41:49.796+0530] {dag.py:3834} INFO - Setting next_dagrun for example_skip_dag to 2026-03-17 00:00:00+00:00, run_after=2026-03-18 00:00:00+00:00
[2026-03-18T17:41:49.904+0530] {processor.py:183} INFO - Processing /home/tejasvi/Desktop/airflow_ssh_simulation/venv/lib/python3.10/site-packages/airflow/example_dags/example_skip_dag.py took 0.293 seconds
[2026-03-18T17:42:55.184+0530] {processor.py:161} INFO - Started process (PID=5737) to work on /home/tejasvi/Desktop/airflow_ssh_simulation/venv/lib/python3.10/site-packages/airflow/example_dags/example_skip_dag.py
[2026-03-18T17:42:55.244+0530] {processor.py:830} INFO - Processing file /home/tejasvi/Desktop/airflow_ssh_simulation/venv/lib/python3.10/site-packages/airflow/example_dags/example_skip_dag.py for tasks to queue
[2026-03-18T17:42:55.248+0530] {logging_mixin.py:188} INFO - [2026-03-18T17:42:55.247+0530] {dagbag.py:540} INFO - Filling up the DagBag from /home/tejasvi/Desktop/airflow_ssh_simulation/venv/lib/python3.10/site-packages/airflow/example_dags/example_skip_dag.py
[2026-03-18T17:42:55.263+0530] {processor.py:840} INFO - DAG(s) 'example_skip_dag' retrieved from /home/tejasvi/Desktop/airflow_ssh_simulation/venv/lib/python3.10/site-packages/airflow/example_dags/example_skip_dag.py
[2026-03-18T17:42:55.297+0530] {logging_mixin.py:188} INFO - [2026-03-18T17:42:55.296+0530] {dag.py:3047} INFO - Sync 1 DAGs
[2026-03-18T17:42:55.328+0530] {logging_mixin.py:188} INFO - [2026-03-18T17:42:55.328+0530] {dag.py:3834} INFO - Setting next_dagrun for example_skip_dag to 2026-03-17 00:00:00+00:00, run_after=2026-03-18 00:00:00+00:00
[2026-03-18T17:42:55.408+0530] {processor.py:183} INFO - Processing /home/tejasvi/Desktop/airflow_ssh_simulation/venv/lib/python3.10/site-packages/airflow/example_dags/example_skip_dag.py took 0.231 seconds
[2026-03-18T17:44:06.955+0530] {processor.py:161} INFO - Started process (PID=7283) to work on /home/tejasvi/Desktop/airflow_ssh_simulation/venv/lib/python3.10/site-packages/airflow/example_dags/example_skip_dag.py
[2026-03-18T17:44:06.962+0530] {processor.py:830} INFO - Processing file /home/tejasvi/Desktop/airflow_ssh_simulation/venv/lib/python3.10/site-packages/airflow/example_dags/example_skip_dag.py for tasks to queue
[2026-03-18T17:44:06.969+0530] {logging_mixin.py:188} INFO - [2026-03-18T17:44:06.967+0530] {dagbag.py:540} INFO - Filling up the DagBag from /home/tejasvi/Desktop/airflow_ssh_simulation/venv/lib/python3.10/site-packages/airflow/example_dags/example_skip_dag.py
[2026-03-18T17:44:06.991+0530] {processor.py:840} INFO - DAG(s) 'example_skip_dag' retrieved from /home/tejasvi/Desktop/airflow_ssh_simulation/venv/lib/python3.10/site-packages/airflow/example_dags/example_skip_dag.py
[2026-03-18T17:44:07.040+0530] {logging_mixin.py:188} INFO - [2026-03-18T17:44:07.039+0530] {dag.py:3047} INFO - Sync 1 DAGs
[2026-03-18T17:44:07.087+0530] {logging_mixin.py:188} INFO - [2026-03-18T17:44:07.086+0530] {dag.py:3834} INFO - Setting next_dagrun for example_skip_dag to 2026-03-17 00:00:00+00:00, run_after=2026-03-18 00:00:00+00:00
[2026-03-18T17:44:07.163+0530] {processor.py:183} INFO - Processing /home/tejasvi/Desktop/airflow_ssh_simulation/venv/lib/python3.10/site-packages/airflow/example_dags/example_skip_dag.py took 0.218 seconds
[2026-03-18T17:45:17.163+0530] {processor.py:161} INFO - Started process (PID=8109) to work on /home/tejasvi/Desktop/airflow_ssh_simulation/venv/lib/python3.10/site-packages/airflow/example_dags/example_skip_dag.py
[2026-03-18T17:45:17.245+0530] {processor.py:830} INFO - Processing file /home/tejasvi/Desktop/airflow_ssh_simulation/venv/lib/python3.10/site-packages/airflow/example_dags/example_skip_dag.py for tasks to queue
[2026-03-18T17:45:17.249+0530] {logging_mixin.py:188} INFO - [2026-03-18T17:45:17.248+0530] {dagbag.py:540} INFO - Filling up the DagBag from /home/tejasvi/Desktop/airflow_ssh_simulation/venv/lib/python3.10/site-packages/airflow/example_dags/example_skip_dag.py
[2026-03-18T17:45:17.267+0530] {processor.py:840} INFO - DAG(s) 'example_skip_dag' retrieved from /home/tejasvi/Desktop/airflow_ssh_simulation/venv/lib/python3.10/site-packages/airflow/example_dags/example_skip_dag.py
[2026-03-18T17:45:17.300+0530] {logging_mixin.py:188} INFO - [2026-03-18T17:45:17.299+0530] {dag.py:3047} INFO - Sync 1 DAGs
[2026-03-18T17:45:17.334+0530] {logging_mixin.py:188} INFO - [2026-03-18T17:45:17.333+0530] {dag.py:3834} INFO - Setting next_dagrun for example_skip_dag to 2026-03-17 00:00:00+00:00, run_after=2026-03-18 00:00:00+00:00
[2026-03-18T17:45:17.390+0530] {processor.py:183} INFO - Processing /home/tejasvi/Desktop/airflow_ssh_simulation/venv/lib/python3.10/site-packages/airflow/example_dags/example_skip_dag.py took 0.235 seconds
[2026-03-18T17:46:24.774+0530] {processor.py:161} INFO - Started process (PID=9007) to work on /home/tejasvi/Desktop/airflow_ssh_simulation/venv/lib/python3.10/site-packages/airflow/example_dags/example_skip_dag.py
[2026-03-18T17:46:24.777+0530] {processor.py:830} INFO - Processing file /home/tejasvi/Desktop/airflow_ssh_simulation/venv/lib/python3.10/site-packages/airflow/example_dags/example_skip_dag.py for tasks to queue
[2026-03-18T17:46:24.781+0530] {logging_mixin.py:188} INFO - [2026-03-18T17:46:24.780+0530] {dagbag.py:540} INFO - Filling up the DagBag from /home/tejasvi/Desktop/airflow_ssh_simulation/venv/lib/python3.10/site-packages/airflow/example_dags/example_skip_dag.py
[2026-03-18T17:46:24.867+0530] {processor.py:840} INFO - DAG(s) 'example_skip_dag' retrieved from /home/tejasvi/Desktop/airflow_ssh_simulation/venv/lib/python3.10/site-packages/airflow/example_dags/example_skip_dag.py
[2026-03-18T17:46:24.961+0530] {logging_mixin.py:188} INFO - [2026-03-18T17:46:24.960+0530] {dag.py:3047} INFO - Sync 1 DAGs
[2026-03-18T17:46:25.030+0530] {logging_mixin.py:188} INFO - [2026-03-18T17:46:25.029+0530] {dag.py:3834} INFO - Setting next_dagrun for example_skip_dag to 2026-03-17 00:00:00+00:00, run_after=2026-03-18 00:00:00+00:00
[2026-03-18T17:46:25.187+0530] {processor.py:183} INFO - Processing /home/tejasvi/Desktop/airflow_ssh_simulation/venv/lib/python3.10/site-packages/airflow/example_dags/example_skip_dag.py took 0.422 seconds
[2026-03-18T17:47:43.205+0530] {processor.py:161} INFO - Started process (PID=9617) to work on /home/tejasvi/Desktop/airflow_ssh_simulation/venv/lib/python3.10/site-packages/airflow/example_dags/example_skip_dag.py
[2026-03-18T17:47:43.313+0530] {processor.py:830} INFO - Processing file /home/tejasvi/Desktop/airflow_ssh_simulation/venv/lib/python3.10/site-packages/airflow/example_dags/example_skip_dag.py for tasks to queue
[2026-03-18T17:47:43.315+0530] {logging_mixin.py:188} INFO - [2026-03-18T17:47:43.315+0530] {dagbag.py:540} INFO - Filling up the DagBag from /home/tejasvi/Desktop/airflow_ssh_simulation/venv/lib/python3.10/site-packages/airflow/example_dags/example_skip_dag.py
[2026-03-18T17:47:43.325+0530] {processor.py:840} INFO - DAG(s) 'example_skip_dag' retrieved from /home/tejasvi/Desktop/airflow_ssh_simulation/venv/lib/python3.10/site-packages/airflow/example_dags/example_skip_dag.py
[2026-03-18T17:47:43.342+0530] {logging_mixin.py:188} INFO - [2026-03-18T17:47:43.342+0530] {dag.py:3047} INFO - Sync 1 DAGs
[2026-03-18T17:47:43.362+0530] {logging_mixin.py:188} INFO - [2026-03-18T17:47:43.362+0530] {dag.py:3834} INFO - Setting next_dagrun for example_skip_dag to 2026-03-17 00:00:00+00:00, run_after=2026-03-18 00:00:00+00:00
[2026-03-18T17:47:43.468+0530] {processor.py:183} INFO - Processing /home/tejasvi/Desktop/airflow_ssh_simulation/venv/lib/python3.10/site-packages/airflow/example_dags/example_skip_dag.py took 0.271 seconds
[2026-03-18T17:48:45.641+0530] {processor.py:161} INFO - Started process (PID=10126) to work on /home/tejasvi/Desktop/airflow_ssh_simulation/venv/lib/python3.10/site-packages/airflow/example_dags/example_skip_dag.py
[2026-03-18T17:48:45.642+0530] {processor.py:830} INFO - Processing file /home/tejasvi/Desktop/airflow_ssh_simulation/venv/lib/python3.10/site-packages/airflow/example_dags/example_skip_dag.py for tasks to queue
[2026-03-18T17:48:45.644+0530] {logging_mixin.py:188} INFO - [2026-03-18T17:48:45.644+0530] {dagbag.py:540} INFO - Filling up the DagBag from /home/tejasvi/Desktop/airflow_ssh_simulation/venv/lib/python3.10/site-packages/airflow/example_dags/example_skip_dag.py
[2026-03-18T17:48:45.652+0530] {processor.py:840} INFO - DAG(s) 'example_skip_dag' retrieved from /home/tejasvi/Desktop/airflow_ssh_simulation/venv/lib/python3.10/site-packages/airflow/example_dags/example_skip_dag.py
[2026-03-18T17:48:45.669+0530] {logging_mixin.py:188} INFO - [2026-03-18T17:48:45.669+0530] {dag.py:3047} INFO - Sync 1 DAGs
[2026-03-18T17:48:45.690+0530] {logging_mixin.py:188} INFO - [2026-03-18T17:48:45.690+0530] {dag.py:3834} INFO - Setting next_dagrun for example_skip_dag to 2026-03-17 00:00:00+00:00, run_after=2026-03-18 00:00:00+00:00
[2026-03-18T17:48:45.788+0530] {processor.py:183} INFO - Processing /home/tejasvi/Desktop/airflow_ssh_simulation/venv/lib/python3.10/site-packages/airflow/example_dags/example_skip_dag.py took 0.155 seconds
[2026-03-18T17:49:49.024+0530] {processor.py:161} INFO - Started process (PID=10618) to work on /home/tejasvi/Desktop/airflow_ssh_simulation/venv/lib/python3.10/site-packages/airflow/example_dags/example_skip_dag.py
[2026-03-18T17:49:49.049+0530] {processor.py:830} INFO - Processing file /home/tejasvi/Desktop/airflow_ssh_simulation/venv/lib/python3.10/site-packages/airflow/example_dags/example_skip_dag.py for tasks to queue
[2026-03-18T17:49:49.052+0530] {logging_mixin.py:188} INFO - [2026-03-18T17:49:49.051+0530] {dagbag.py:540} INFO - Filling up the DagBag from /home/tejasvi/Desktop/airflow_ssh_simulation/venv/lib/python3.10/site-packages/airflow/example_dags/example_skip_dag.py
[2026-03-18T17:49:49.061+0530] {processor.py:840} INFO - DAG(s) 'example_skip_dag' retrieved from /home/tejasvi/Desktop/airflow_ssh_simulation/venv/lib/python3.10/site-packages/airflow/example_dags/example_skip_dag.py
[2026-03-18T17:49:49.079+0530] {logging_mixin.py:188} INFO - [2026-03-18T17:49:49.078+0530] {dag.py:3047} INFO - Sync 1 DAGs
[2026-03-18T17:49:49.100+0530] {logging_mixin.py:188} INFO - [2026-03-18T17:49:49.099+0530] {dag.py:3834} INFO - Setting next_dagrun for example_skip_dag to 2026-03-17 00:00:00+00:00, run_after=2026-03-18 00:00:00+00:00
[2026-03-18T17:49:49.223+0530] {processor.py:183} INFO - Processing /home/tejasvi/Desktop/airflow_ssh_simulation/venv/lib/python3.10/site-packages/airflow/example_dags/example_skip_dag.py took 0.206 seconds
[2026-03-18T17:50:55.733+0530] {processor.py:161} INFO - Started process (PID=11145) to work on /home/tejasvi/Desktop/airflow_ssh_simulation/venv/lib/python3.10/site-packages/airflow/example_dags/example_skip_dag.py
[2026-03-18T17:50:55.736+0530] {processor.py:830} INFO - Processing file /home/tejasvi/Desktop/airflow_ssh_simulation/venv/lib/python3.10/site-packages/airflow/example_dags/example_skip_dag.py for tasks to queue
[2026-03-18T17:50:55.739+0530] {logging_mixin.py:188} INFO - [2026-03-18T17:50:55.738+0530] {dagbag.py:540} INFO - Filling up the DagBag from /home/tejasvi/Desktop/airflow_ssh_simulation/venv/lib/python3.10/site-packages/airflow/example_dags/example_skip_dag.py
[2026-03-18T17:50:55.746+0530] {processor.py:840} INFO - DAG(s) 'example_skip_dag' retrieved from /home/tejasvi/Desktop/airflow_ssh_simulation/venv/lib/python3.10/site-packages/airflow/example_dags/example_skip_dag.py
[2026-03-18T17:50:55.763+0530] {logging_mixin.py:188} INFO - [2026-03-18T17:50:55.762+0530] {dag.py:3047} INFO - Sync 1 DAGs
[2026-03-18T17:50:55.782+0530] {logging_mixin.py:188} INFO - [2026-03-18T17:50:55.782+0530] {dag.py:3834} INFO - Setting next_dagrun for example_skip_dag to 2026-03-17 00:00:00+00:00, run_after=2026-03-18 00:00:00+00:00
[2026-03-18T17:50:55.886+0530] {processor.py:183} INFO - Processing /home/tejasvi/Desktop/airflow_ssh_simulation/venv/lib/python3.10/site-packages/airflow/example_dags/example_skip_dag.py took 0.160 seconds
[2026-03-18T17:52:00.205+0530] {processor.py:161} INFO - Started process (PID=11716) to work on /home/tejasvi/Desktop/airflow_ssh_simulation/venv/lib/python3.10/site-packages/airflow/example_dags/example_skip_dag.py
[2026-03-18T17:52:00.299+0530] {processor.py:830} INFO - Processing file /home/tejasvi/Desktop/airflow_ssh_simulation/venv/lib/python3.10/site-packages/airflow/example_dags/example_skip_dag.py for tasks to queue
[2026-03-18T17:52:00.304+0530] {logging_mixin.py:188} INFO - [2026-03-18T17:52:00.303+0530] {dagbag.py:540} INFO - Filling up the DagBag from /home/tejasvi/Desktop/airflow_ssh_simulation/venv/lib/python3.10/site-packages/airflow/example_dags/example_skip_dag.py
[2026-03-18T17:52:00.320+0530] {processor.py:840} INFO - DAG(s) 'example_skip_dag' retrieved from /home/tejasvi/Desktop/airflow_ssh_simulation/venv/lib/python3.10/site-packages/airflow/example_dags/example_skip_dag.py
[2026-03-18T17:52:00.351+0530] {logging_mixin.py:188} INFO - [2026-03-18T17:52:00.351+0530] {dag.py:3047} INFO - Sync 1 DAGs
[2026-03-18T17:52:00.371+0530] {logging_mixin.py:188} INFO - [2026-03-18T17:52:00.371+0530] {dag.py:3834} INFO - Setting next_dagrun for example_skip_dag to 2026-03-17 00:00:00+00:00, run_after=2026-03-18 00:00:00+00:00
[2026-03-18T17:52:00.531+0530] {processor.py:183} INFO - Processing /home/tejasvi/Desktop/airflow_ssh_simulation/venv/lib/python3.10/site-packages/airflow/example_dags/example_skip_dag.py took 0.333 seconds
[2026-03-18T17:53:16.663+0530] {processor.py:161} INFO - Started process (PID=12550) to work on /home/tejasvi/Desktop/airflow_ssh_simulation/venv/lib/python3.10/site-packages/airflow/example_dags/example_skip_dag.py
[2026-03-18T17:53:16.666+0530] {processor.py:830} INFO - Processing file /home/tejasvi/Desktop/airflow_ssh_simulation/venv/lib/python3.10/site-packages/airflow/example_dags/example_skip_dag.py for tasks to queue
[2026-03-18T17:53:16.669+0530] {logging_mixin.py:188} INFO - [2026-03-18T17:53:16.668+0530] {dagbag.py:540} INFO - Filling up the DagBag from /home/tejasvi/Desktop/airflow_ssh_simulation/venv/lib/python3.10/site-packages/airflow/example_dags/example_skip_dag.py
[2026-03-18T17:53:16.678+0530] {processor.py:840} INFO - DAG(s) 'example_skip_dag' retrieved from /home/tejasvi/Desktop/airflow_ssh_simulation/venv/lib/python3.10/site-packages/airflow/example_dags/example_skip_dag.py
[2026-03-18T17:53:16.697+0530] {logging_mixin.py:188} INFO - [2026-03-18T17:53:16.696+0530] {dag.py:3047} INFO - Sync 1 DAGs
[2026-03-18T17:53:16.720+0530] {logging_mixin.py:188} INFO - [2026-03-18T17:53:16.720+0530] {dag.py:3834} INFO - Setting next_dagrun for example_skip_dag to 2026-03-17 00:00:00+00:00, run_after=2026-03-18 00:00:00+00:00
[2026-03-18T17:53:16.777+0530] {processor.py:183} INFO - Processing /home/tejasvi/Desktop/airflow_ssh_simulation/venv/lib/python3.10/site-packages/airflow/example_dags/example_skip_dag.py took 0.119 seconds
[2026-03-18T17:54:22.367+0530] {processor.py:161} INFO - Started process (PID=13155) to work on /home/tejasvi/Desktop/airflow_ssh_simulation/venv/lib/python3.10/site-packages/airflow/example_dags/example_skip_dag.py
[2026-03-18T17:54:22.483+0530] {processor.py:830} INFO - Processing file /home/tejasvi/Desktop/airflow_ssh_simulation/venv/lib/python3.10/site-packages/airflow/example_dags/example_skip_dag.py for tasks to queue
[2026-03-18T17:54:22.486+0530] {logging_mixin.py:188} INFO - [2026-03-18T17:54:22.486+0530] {dagbag.py:540} INFO - Filling up the DagBag from /home/tejasvi/Desktop/airflow_ssh_simulation/venv/lib/python3.10/site-packages/airflow/example_dags/example_skip_dag.py
[2026-03-18T17:54:22.496+0530] {processor.py:840} INFO - DAG(s) 'example_skip_dag' retrieved from /home/tejasvi/Desktop/airflow_ssh_simulation/venv/lib/python3.10/site-packages/airflow/example_dags/example_skip_dag.py
[2026-03-18T17:54:22.513+0530] {logging_mixin.py:188} INFO - [2026-03-18T17:54:22.513+0530] {dag.py:3047} INFO - Sync 1 DAGs
[2026-03-18T17:54:22.536+0530] {logging_mixin.py:188} INFO - [2026-03-18T17:54:22.536+0530] {dag.py:3834} INFO - Setting next_dagrun for example_skip_dag to 2026-03-17 00:00:00+00:00, run_after=2026-03-18 00:00:00+00:00
[2026-03-18T17:54:22.626+0530] {processor.py:183} INFO - Processing /home/tejasvi/Desktop/airflow_ssh_simulation/venv/lib/python3.10/site-packages/airflow/example_dags/example_skip_dag.py took 0.267 seconds
[2026-03-18T17:55:23.327+0530] {processor.py:161} INFO - Started process (PID=13628) to work on /home/tejasvi/Desktop/airflow_ssh_simulation/venv/lib/python3.10/site-packages/airflow/example_dags/example_skip_dag.py
[2026-03-18T17:55:23.375+0530] {processor.py:830} INFO - Processing file /home/tejasvi/Desktop/airflow_ssh_simulation/venv/lib/python3.10/site-packages/airflow/example_dags/example_skip_dag.py for tasks to queue
[2026-03-18T17:55:23.379+0530] {logging_mixin.py:188} INFO - [2026-03-18T17:55:23.378+0530] {dagbag.py:540} INFO - Filling up the DagBag from /home/tejasvi/Desktop/airflow_ssh_simulation/venv/lib/python3.10/site-packages/airflow/example_dags/example_skip_dag.py
[2026-03-18T17:55:23.388+0530] {processor.py:840} INFO - DAG(s) 'example_skip_dag' retrieved from /home/tejasvi/Desktop/airflow_ssh_simulation/venv/lib/python3.10/site-packages/airflow/example_dags/example_skip_dag.py
[2026-03-18T17:55:23.404+0530] {logging_mixin.py:188} INFO - [2026-03-18T17:55:23.404+0530] {dag.py:3047} INFO - Sync 1 DAGs
[2026-03-18T17:55:23.424+0530] {logging_mixin.py:188} INFO - [2026-03-18T17:55:23.424+0530] {dag.py:3834} INFO - Setting next_dagrun for example_skip_dag to 2026-03-17 00:00:00+00:00, run_after=2026-03-18 00:00:00+00:00
[2026-03-18T17:55:23.520+0530] {processor.py:183} INFO - Processing /home/tejasvi/Desktop/airflow_ssh_simulation/venv/lib/python3.10/site-packages/airflow/example_dags/example_skip_dag.py took 0.200 seconds
[2026-03-18T17:56:33.343+0530] {processor.py:161} INFO - Started process (PID=14211) to work on /home/tejasvi/Desktop/airflow_ssh_simulation/venv/lib/python3.10/site-packages/airflow/example_dags/example_skip_dag.py
[2026-03-18T17:56:33.427+0530] {processor.py:830} INFO - Processing file /home/tejasvi/Desktop/airflow_ssh_simulation/venv/lib/python3.10/site-packages/airflow/example_dags/example_skip_dag.py for tasks to queue
[2026-03-18T17:56:33.431+0530] {logging_mixin.py:188} INFO - [2026-03-18T17:56:33.431+0530] {dagbag.py:540} INFO - Filling up the DagBag from /home/tejasvi/Desktop/airflow_ssh_simulation/venv/lib/python3.10/site-packages/airflow/example_dags/example_skip_dag.py
[2026-03-18T17:56:33.441+0530] {processor.py:840} INFO - DAG(s) 'example_skip_dag' retrieved from /home/tejasvi/Desktop/airflow_ssh_simulation/venv/lib/python3.10/site-packages/airflow/example_dags/example_skip_dag.py
[2026-03-18T17:56:33.465+0530] {logging_mixin.py:188} INFO - [2026-03-18T17:56:33.465+0530] {dag.py:3047} INFO - Sync 1 DAGs
[2026-03-18T17:56:33.489+0530] {logging_mixin.py:188} INFO - [2026-03-18T17:56:33.489+0530] {dag.py:3834} INFO - Setting next_dagrun for example_skip_dag to 2026-03-17 00:00:00+00:00, run_after=2026-03-18 00:00:00+00:00
[2026-03-18T17:56:33.569+0530] {processor.py:183} INFO - Processing /home/tejasvi/Desktop/airflow_ssh_simulation/venv/lib/python3.10/site-packages/airflow/example_dags/example_skip_dag.py took 0.234 seconds
[2026-03-18T17:57:43.148+0530] {processor.py:161} INFO - Started process (PID=14734) to work on /home/tejasvi/Desktop/airflow_ssh_simulation/venv/lib/python3.10/site-packages/airflow/example_dags/example_skip_dag.py
[2026-03-18T17:57:43.162+0530] {processor.py:830} INFO - Processing file /home/tejasvi/Desktop/airflow_ssh_simulation/venv/lib/python3.10/site-packages/airflow/example_dags/example_skip_dag.py for tasks to queue
[2026-03-18T17:57:43.165+0530] {logging_mixin.py:188} INFO - [2026-03-18T17:57:43.165+0530] {dagbag.py:540} INFO - Filling up the DagBag from /home/tejasvi/Desktop/airflow_ssh_simulation/venv/lib/python3.10/site-packages/airflow/example_dags/example_skip_dag.py
[2026-03-18T17:57:43.176+0530] {processor.py:840} INFO - DAG(s) 'example_skip_dag' retrieved from /home/tejasvi/Desktop/airflow_ssh_simulation/venv/lib/python3.10/site-packages/airflow/example_dags/example_skip_dag.py
[2026-03-18T17:57:43.196+0530] {logging_mixin.py:188} INFO - [2026-03-18T17:57:43.195+0530] {dag.py:3047} INFO - Sync 1 DAGs
[2026-03-18T17:57:43.220+0530] {logging_mixin.py:188} INFO - [2026-03-18T17:57:43.219+0530] {dag.py:3834} INFO - Setting next_dagrun for example_skip_dag to 2026-03-17 00:00:00+00:00, run_after=2026-03-18 00:00:00+00:00
[2026-03-18T17:57:43.779+0530] {processor.py:183} INFO - Processing /home/tejasvi/Desktop/airflow_ssh_simulation/venv/lib/python3.10/site-packages/airflow/example_dags/example_skip_dag.py took 0.638 seconds
[2026-03-18T17:58:46.232+0530] {processor.py:161} INFO - Started process (PID=15217) to work on /home/tejasvi/Desktop/airflow_ssh_simulation/venv/lib/python3.10/site-packages/airflow/example_dags/example_skip_dag.py
[2026-03-18T17:58:46.376+0530] {processor.py:830} INFO - Processing file /home/tejasvi/Desktop/airflow_ssh_simulation/venv/lib/python3.10/site-packages/airflow/example_dags/example_skip_dag.py for tasks to queue
[2026-03-18T17:58:46.381+0530] {logging_mixin.py:188} INFO - [2026-03-18T17:58:46.380+0530] {dagbag.py:540} INFO - Filling up the DagBag from /home/tejasvi/Desktop/airflow_ssh_simulation/venv/lib/python3.10/site-packages/airflow/example_dags/example_skip_dag.py
[2026-03-18T17:58:46.401+0530] {processor.py:840} INFO - DAG(s) 'example_skip_dag' retrieved from /home/tejasvi/Desktop/airflow_ssh_simulation/venv/lib/python3.10/site-packages/airflow/example_dags/example_skip_dag.py
[2026-03-18T17:58:46.434+0530] {logging_mixin.py:188} INFO - [2026-03-18T17:58:46.434+0530] {dag.py:3047} INFO - Sync 1 DAGs
[2026-03-18T17:58:46.456+0530] {logging_mixin.py:188} INFO - [2026-03-18T17:58:46.456+0530] {dag.py:3834} INFO - Setting next_dagrun for example_skip_dag to 2026-03-17 00:00:00+00:00, run_after=2026-03-18 00:00:00+00:00
[2026-03-18T17:58:46.672+0530] {processor.py:183} INFO - Processing /home/tejasvi/Desktop/airflow_ssh_simulation/venv/lib/python3.10/site-packages/airflow/example_dags/example_skip_dag.py took 0.448 seconds
[2026-03-18T17:59:48.156+0530] {processor.py:161} INFO - Started process (PID=15393) to work on /home/tejasvi/Desktop/airflow_ssh_simulation/venv/lib/python3.10/site-packages/airflow/example_dags/example_skip_dag.py
[2026-03-18T17:59:48.188+0530] {processor.py:830} INFO - Processing file /home/tejasvi/Desktop/airflow_ssh_simulation/venv/lib/python3.10/site-packages/airflow/example_dags/example_skip_dag.py for tasks to queue
[2026-03-18T17:59:48.194+0530] {logging_mixin.py:188} INFO - [2026-03-18T17:59:48.193+0530] {dagbag.py:540} INFO - Filling up the DagBag from /home/tejasvi/Desktop/airflow_ssh_simulation/venv/lib/python3.10/site-packages/airflow/example_dags/example_skip_dag.py
[2026-03-18T17:59:48.214+0530] {processor.py:840} INFO - DAG(s) 'example_skip_dag' retrieved from /home/tejasvi/Desktop/airflow_ssh_simulation/venv/lib/python3.10/site-packages/airflow/example_dags/example_skip_dag.py
[2026-03-18T17:59:48.235+0530] {logging_mixin.py:188} INFO - [2026-03-18T17:59:48.234+0530] {dag.py:3047} INFO - Sync 1 DAGs
[2026-03-18T17:59:48.256+0530] {logging_mixin.py:188} INFO - [2026-03-18T17:59:48.256+0530] {dag.py:3834} INFO - Setting next_dagrun for example_skip_dag to 2026-03-17 00:00:00+00:00, run_after=2026-03-18 00:00:00+00:00
[2026-03-18T17:59:48.319+0530] {processor.py:183} INFO - Processing /home/tejasvi/Desktop/airflow_ssh_simulation/venv/lib/python3.10/site-packages/airflow/example_dags/example_skip_dag.py took 0.172 seconds
[2026-03-18T18:00:52.287+0530] {processor.py:161} INFO - Started process (PID=15567) to work on /home/tejasvi/Desktop/airflow_ssh_simulation/venv/lib/python3.10/site-packages/airflow/example_dags/example_skip_dag.py
[2026-03-18T18:00:52.354+0530] {processor.py:830} INFO - Processing file /home/tejasvi/Desktop/airflow_ssh_simulation/venv/lib/python3.10/site-packages/airflow/example_dags/example_skip_dag.py for tasks to queue
[2026-03-18T18:00:52.359+0530] {logging_mixin.py:188} INFO - [2026-03-18T18:00:52.359+0530] {dagbag.py:540} INFO - Filling up the DagBag from /home/tejasvi/Desktop/airflow_ssh_simulation/venv/lib/python3.10/site-packages/airflow/example_dags/example_skip_dag.py
[2026-03-18T18:00:52.371+0530] {processor.py:840} INFO - DAG(s) 'example_skip_dag' retrieved from /home/tejasvi/Desktop/airflow_ssh_simulation/venv/lib/python3.10/site-packages/airflow/example_dags/example_skip_dag.py
[2026-03-18T18:00:52.391+0530] {logging_mixin.py:188} INFO - [2026-03-18T18:00:52.391+0530] {dag.py:3047} INFO - Sync 1 DAGs
[2026-03-18T18:00:52.416+0530] {logging_mixin.py:188} INFO - [2026-03-18T18:00:52.415+0530] {dag.py:3834} INFO - Setting next_dagrun for example_skip_dag to 2026-03-17 00:00:00+00:00, run_after=2026-03-18 00:00:00+00:00
[2026-03-18T18:00:52.496+0530] {processor.py:183} INFO - Processing /home/tejasvi/Desktop/airflow_ssh_simulation/venv/lib/python3.10/site-packages/airflow/example_dags/example_skip_dag.py took 0.214 seconds
[2026-03-18T18:01:58.018+0530] {processor.py:161} INFO - Started process (PID=17707) to work on /home/tejasvi/Desktop/airflow_ssh_simulation/venv/lib/python3.10/site-packages/airflow/example_dags/example_skip_dag.py
[2026-03-18T18:01:58.020+0530] {processor.py:830} INFO - Processing file /home/tejasvi/Desktop/airflow_ssh_simulation/venv/lib/python3.10/site-packages/airflow/example_dags/example_skip_dag.py for tasks to queue
[2026-03-18T18:01:58.024+0530] {logging_mixin.py:188} INFO - [2026-03-18T18:01:58.023+0530] {dagbag.py:540} INFO - Filling up the DagBag from /home/tejasvi/Desktop/airflow_ssh_simulation/venv/lib/python3.10/site-packages/airflow/example_dags/example_skip_dag.py
[2026-03-18T18:01:58.036+0530] {processor.py:840} INFO - DAG(s) 'example_skip_dag' retrieved from /home/tejasvi/Desktop/airflow_ssh_simulation/venv/lib/python3.10/site-packages/airflow/example_dags/example_skip_dag.py
[2026-03-18T18:01:58.058+0530] {logging_mixin.py:188} INFO - [2026-03-18T18:01:58.057+0530] {dag.py:3047} INFO - Sync 1 DAGs
[2026-03-18T18:01:58.082+0530] {logging_mixin.py:188} INFO - [2026-03-18T18:01:58.082+0530] {dag.py:3834} INFO - Setting next_dagrun for example_skip_dag to 2026-03-17 00:00:00+00:00, run_after=2026-03-18 00:00:00+00:00
[2026-03-18T18:01:58.183+0530] {processor.py:183} INFO - Processing /home/tejasvi/Desktop/airflow_ssh_simulation/venv/lib/python3.10/site-packages/airflow/example_dags/example_skip_dag.py took 0.169 seconds
[2026-03-18T18:03:10.386+0530] {processor.py:161} INFO - Started process (PID=18070) to work on /home/tejasvi/Desktop/airflow_ssh_simulation/venv/lib/python3.10/site-packages/airflow/example_dags/example_skip_dag.py
[2026-03-18T18:03:10.608+0530] {processor.py:830} INFO - Processing file /home/tejasvi/Desktop/airflow_ssh_simulation/venv/lib/python3.10/site-packages/airflow/example_dags/example_skip_dag.py for tasks to queue
[2026-03-18T18:03:10.614+0530] {logging_mixin.py:188} INFO - [2026-03-18T18:03:10.613+0530] {dagbag.py:540} INFO - Filling up the DagBag from /home/tejasvi/Desktop/airflow_ssh_simulation/venv/lib/python3.10/site-packages/airflow/example_dags/example_skip_dag.py
[2026-03-18T18:03:10.635+0530] {processor.py:840} INFO - DAG(s) 'example_skip_dag' retrieved from /home/tejasvi/Desktop/airflow_ssh_simulation/venv/lib/python3.10/site-packages/airflow/example_dags/example_skip_dag.py
[2026-03-18T18:03:10.663+0530] {logging_mixin.py:188} INFO - [2026-03-18T18:03:10.662+0530] {dag.py:3047} INFO - Sync 1 DAGs
[2026-03-18T18:03:10.686+0530] {logging_mixin.py:188} INFO - [2026-03-18T18:03:10.685+0530] {dag.py:3834} INFO - Setting next_dagrun for example_skip_dag to 2026-03-17 00:00:00+00:00, run_after=2026-03-18 00:00:00+00:00
[2026-03-18T18:03:10.739+0530] {processor.py:183} INFO - Processing /home/tejasvi/Desktop/airflow_ssh_simulation/venv/lib/python3.10/site-packages/airflow/example_dags/example_skip_dag.py took 0.358 seconds
[2026-03-18T18:04:17.950+0530] {processor.py:161} INFO - Started process (PID=18578) to work on /home/tejasvi/Desktop/airflow_ssh_simulation/venv/lib/python3.10/site-packages/airflow/example_dags/example_skip_dag.py
[2026-03-18T18:04:17.997+0530] {processor.py:830} INFO - Processing file /home/tejasvi/Desktop/airflow_ssh_simulation/venv/lib/python3.10/site-packages/airflow/example_dags/example_skip_dag.py for tasks to queue
[2026-03-18T18:04:18.001+0530] {logging_mixin.py:188} INFO - [2026-03-18T18:04:18.000+0530] {dagbag.py:540} INFO - Filling up the DagBag from /home/tejasvi/Desktop/airflow_ssh_simulation/venv/lib/python3.10/site-packages/airflow/example_dags/example_skip_dag.py
[2026-03-18T18:04:18.013+0530] {processor.py:840} INFO - DAG(s) 'example_skip_dag' retrieved from /home/tejasvi/Desktop/airflow_ssh_simulation/venv/lib/python3.10/site-packages/airflow/example_dags/example_skip_dag.py
[2026-03-18T18:04:18.041+0530] {logging_mixin.py:188} INFO - [2026-03-18T18:04:18.040+0530] {dag.py:3047} INFO - Sync 1 DAGs
[2026-03-18T18:04:18.062+0530] {logging_mixin.py:188} INFO - [2026-03-18T18:04:18.062+0530] {dag.py:3834} INFO - Setting next_dagrun for example_skip_dag to 2026-03-17 00:00:00+00:00, run_after=2026-03-18 00:00:00+00:00
[2026-03-18T18:04:18.183+0530] {processor.py:183} INFO - Processing /home/tejasvi/Desktop/airflow_ssh_simulation/venv/lib/python3.10/site-packages/airflow/example_dags/example_skip_dag.py took 0.239 seconds
[2026-03-18T18:05:25.863+0530] {processor.py:161} INFO - Started process (PID=18764) to work on /home/tejasvi/Desktop/airflow_ssh_simulation/venv/lib/python3.10/site-packages/airflow/example_dags/example_skip_dag.py
[2026-03-18T18:05:25.927+0530] {processor.py:830} INFO - Processing file /home/tejasvi/Desktop/airflow_ssh_simulation/venv/lib/python3.10/site-packages/airflow/example_dags/example_skip_dag.py for tasks to queue
[2026-03-18T18:05:25.933+0530] {logging_mixin.py:188} INFO - [2026-03-18T18:05:25.932+0530] {dagbag.py:540} INFO - Filling up the DagBag from /home/tejasvi/Desktop/airflow_ssh_simulation/venv/lib/python3.10/site-packages/airflow/example_dags/example_skip_dag.py
[2026-03-18T18:05:25.957+0530] {processor.py:840} INFO - DAG(s) 'example_skip_dag' retrieved from /home/tejasvi/Desktop/airflow_ssh_simulation/venv/lib/python3.10/site-packages/airflow/example_dags/example_skip_dag.py
[2026-03-18T18:05:25.993+0530] {logging_mixin.py:188} INFO - [2026-03-18T18:05:25.992+0530] {dag.py:3047} INFO - Sync 1 DAGs
[2026-03-18T18:05:26.038+0530] {logging_mixin.py:188} INFO - [2026-03-18T18:05:26.038+0530] {dag.py:3834} INFO - Setting next_dagrun for example_skip_dag to 2026-03-17 00:00:00+00:00, run_after=2026-03-18 00:00:00+00:00
[2026-03-18T18:05:26.165+0530] {processor.py:183} INFO - Processing /home/tejasvi/Desktop/airflow_ssh_simulation/venv/lib/python3.10/site-packages/airflow/example_dags/example_skip_dag.py took 0.312 seconds
[2026-03-18T18:06:27.605+0530] {processor.py:161} INFO - Started process (PID=18944) to work on /home/tejasvi/Desktop/airflow_ssh_simulation/venv/lib/python3.10/site-packages/airflow/example_dags/example_skip_dag.py
[2026-03-18T18:06:27.612+0530] {processor.py:830} INFO - Processing file /home/tejasvi/Desktop/airflow_ssh_simulation/venv/lib/python3.10/site-packages/airflow/example_dags/example_skip_dag.py for tasks to queue
[2026-03-18T18:06:27.616+0530] {logging_mixin.py:188} INFO - [2026-03-18T18:06:27.615+0530] {dagbag.py:540} INFO - Filling up the DagBag from /home/tejasvi/Desktop/airflow_ssh_simulation/venv/lib/python3.10/site-packages/airflow/example_dags/example_skip_dag.py
[2026-03-18T18:06:27.627+0530] {processor.py:840} INFO - DAG(s) 'example_skip_dag' retrieved from /home/tejasvi/Desktop/airflow_ssh_simulation/venv/lib/python3.10/site-packages/airflow/example_dags/example_skip_dag.py
[2026-03-18T18:06:27.650+0530] {logging_mixin.py:188} INFO - [2026-03-18T18:06:27.649+0530] {dag.py:3047} INFO - Sync 1 DAGs
[2026-03-18T18:06:27.676+0530] {logging_mixin.py:188} INFO - [2026-03-18T18:06:27.676+0530] {dag.py:3834} INFO - Setting next_dagrun for example_skip_dag to 2026-03-17 00:00:00+00:00, run_after=2026-03-18 00:00:00+00:00
[2026-03-18T18:06:27.763+0530] {processor.py:183} INFO - Processing /home/tejasvi/Desktop/airflow_ssh_simulation/venv/lib/python3.10/site-packages/airflow/example_dags/example_skip_dag.py took 0.164 seconds
[2026-03-18T18:07:27.816+0530] {processor.py:161} INFO - Started process (PID=19111) to work on /home/tejasvi/Desktop/airflow_ssh_simulation/venv/lib/python3.10/site-packages/airflow/example_dags/example_skip_dag.py
[2026-03-18T18:07:27.855+0530] {processor.py:830} INFO - Processing file /home/tejasvi/Desktop/airflow_ssh_simulation/venv/lib/python3.10/site-packages/airflow/example_dags/example_skip_dag.py for tasks to queue
[2026-03-18T18:07:27.860+0530] {logging_mixin.py:188} INFO - [2026-03-18T18:07:27.858+0530] {dagbag.py:540} INFO - Filling up the DagBag from /home/tejasvi/Desktop/airflow_ssh_simulation/venv/lib/python3.10/site-packages/airflow/example_dags/example_skip_dag.py
[2026-03-18T18:07:27.872+0530] {processor.py:840} INFO - DAG(s) 'example_skip_dag' retrieved from /home/tejasvi/Desktop/airflow_ssh_simulation/venv/lib/python3.10/site-packages/airflow/example_dags/example_skip_dag.py
[2026-03-18T18:07:27.893+0530] {logging_mixin.py:188} INFO - [2026-03-18T18:07:27.893+0530] {dag.py:3047} INFO - Sync 1 DAGs
[2026-03-18T18:07:27.915+0530] {logging_mixin.py:188} INFO - [2026-03-18T18:07:27.915+0530] {dag.py:3834} INFO - Setting next_dagrun for example_skip_dag to 2026-03-17 00:00:00+00:00, run_after=2026-03-18 00:00:00+00:00
[2026-03-18T18:07:27.977+0530] {processor.py:183} INFO - Processing /home/tejasvi/Desktop/airflow_ssh_simulation/venv/lib/python3.10/site-packages/airflow/example_dags/example_skip_dag.py took 0.166 seconds
[2026-03-18T18:08:32.011+0530] {processor.py:161} INFO - Started process (PID=19282) to work on /home/tejasvi/Desktop/airflow_ssh_simulation/venv/lib/python3.10/site-packages/airflow/example_dags/example_skip_dag.py
[2026-03-18T18:08:32.290+0530] {processor.py:830} INFO - Processing file /home/tejasvi/Desktop/airflow_ssh_simulation/venv/lib/python3.10/site-packages/airflow/example_dags/example_skip_dag.py for tasks to queue
[2026-03-18T18:08:32.294+0530] {logging_mixin.py:188} INFO - [2026-03-18T18:08:32.293+0530] {dagbag.py:540} INFO - Filling up the DagBag from /home/tejasvi/Desktop/airflow_ssh_simulation/venv/lib/python3.10/site-packages/airflow/example_dags/example_skip_dag.py
[2026-03-18T18:08:32.304+0530] {processor.py:840} INFO - DAG(s) 'example_skip_dag' retrieved from /home/tejasvi/Desktop/airflow_ssh_simulation/venv/lib/python3.10/site-packages/airflow/example_dags/example_skip_dag.py
[2026-03-18T18:08:32.323+0530] {logging_mixin.py:188} INFO - [2026-03-18T18:08:32.322+0530] {dag.py:3047} INFO - Sync 1 DAGs
[2026-03-18T18:08:32.345+0530] {logging_mixin.py:188} INFO - [2026-03-18T18:08:32.344+0530] {dag.py:3834} INFO - Setting next_dagrun for example_skip_dag to 2026-03-17 00:00:00+00:00, run_after=2026-03-18 00:00:00+00:00
[2026-03-18T18:08:32.421+0530] {processor.py:183} INFO - Processing /home/tejasvi/Desktop/airflow_ssh_simulation/venv/lib/python3.10/site-packages/airflow/example_dags/example_skip_dag.py took 0.418 seconds
[2026-03-18T18:09:31.836+0530] {processor.py:161} INFO - Started process (PID=19439) to work on /home/tejasvi/Desktop/airflow_ssh_simulation/venv/lib/python3.10/site-packages/airflow/example_dags/example_skip_dag.py
[2026-03-18T18:09:31.875+0530] {processor.py:830} INFO - Processing file /home/tejasvi/Desktop/airflow_ssh_simulation/venv/lib/python3.10/site-packages/airflow/example_dags/example_skip_dag.py for tasks to queue
[2026-03-18T18:09:31.880+0530] {logging_mixin.py:188} INFO - [2026-03-18T18:09:31.879+0530] {dagbag.py:540} INFO - Filling up the DagBag from /home/tejasvi/Desktop/airflow_ssh_simulation/venv/lib/python3.10/site-packages/airflow/example_dags/example_skip_dag.py
[2026-03-18T18:09:31.902+0530] {processor.py:840} INFO - DAG(s) 'example_skip_dag' retrieved from /home/tejasvi/Desktop/airflow_ssh_simulation/venv/lib/python3.10/site-packages/airflow/example_dags/example_skip_dag.py
[2026-03-18T18:09:31.925+0530] {logging_mixin.py:188} INFO - [2026-03-18T18:09:31.924+0530] {dag.py:3047} INFO - Sync 1 DAGs
[2026-03-18T18:09:31.947+0530] {logging_mixin.py:188} INFO - [2026-03-18T18:09:31.947+0530] {dag.py:3834} INFO - Setting next_dagrun for example_skip_dag to 2026-03-17 00:00:00+00:00, run_after=2026-03-18 00:00:00+00:00
[2026-03-18T18:09:32.011+0530] {processor.py:183} INFO - Processing /home/tejasvi/Desktop/airflow_ssh_simulation/venv/lib/python3.10/site-packages/airflow/example_dags/example_skip_dag.py took 0.183 seconds
[2026-03-18T18:10:29.786+0530] {processor.py:161} INFO - Started process (PID=19602) to work on /home/tejasvi/Desktop/airflow_ssh_simulation/venv/lib/python3.10/site-packages/airflow/example_dags/example_skip_dag.py
[2026-03-18T18:10:29.819+0530] {processor.py:830} INFO - Processing file /home/tejasvi/Desktop/airflow_ssh_simulation/venv/lib/python3.10/site-packages/airflow/example_dags/example_skip_dag.py for tasks to queue
[2026-03-18T18:10:29.822+0530] {logging_mixin.py:188} INFO - [2026-03-18T18:10:29.821+0530] {dagbag.py:540} INFO - Filling up the DagBag from /home/tejasvi/Desktop/airflow_ssh_simulation/venv/lib/python3.10/site-packages/airflow/example_dags/example_skip_dag.py
[2026-03-18T18:10:29.832+0530] {processor.py:840} INFO - DAG(s) 'example_skip_dag' retrieved from /home/tejasvi/Desktop/airflow_ssh_simulation/venv/lib/python3.10/site-packages/airflow/example_dags/example_skip_dag.py
[2026-03-18T18:10:29.852+0530] {logging_mixin.py:188} INFO - [2026-03-18T18:10:29.851+0530] {dag.py:3047} INFO - Sync 1 DAGs
[2026-03-18T18:10:29.875+0530] {logging_mixin.py:188} INFO - [2026-03-18T18:10:29.875+0530] {dag.py:3834} INFO - Setting next_dagrun for example_skip_dag to 2026-03-17 00:00:00+00:00, run_after=2026-03-18 00:00:00+00:00
[2026-03-18T18:10:30.005+0530] {processor.py:183} INFO - Processing /home/tejasvi/Desktop/airflow_ssh_simulation/venv/lib/python3.10/site-packages/airflow/example_dags/example_skip_dag.py took 0.223 seconds
[2026-03-18T18:11:36.096+0530] {processor.py:161} INFO - Started process (PID=19809) to work on /home/tejasvi/Desktop/airflow_ssh_simulation/venv/lib/python3.10/site-packages/airflow/example_dags/example_skip_dag.py
[2026-03-18T18:11:36.120+0530] {processor.py:830} INFO - Processing file /home/tejasvi/Desktop/airflow_ssh_simulation/venv/lib/python3.10/site-packages/airflow/example_dags/example_skip_dag.py for tasks to queue
[2026-03-18T18:11:36.126+0530] {logging_mixin.py:188} INFO - [2026-03-18T18:11:36.125+0530] {dagbag.py:540} INFO - Filling up the DagBag from /home/tejasvi/Desktop/airflow_ssh_simulation/venv/lib/python3.10/site-packages/airflow/example_dags/example_skip_dag.py
[2026-03-18T18:11:36.137+0530] {processor.py:840} INFO - DAG(s) 'example_skip_dag' retrieved from /home/tejasvi/Desktop/airflow_ssh_simulation/venv/lib/python3.10/site-packages/airflow/example_dags/example_skip_dag.py
[2026-03-18T18:11:36.158+0530] {logging_mixin.py:188} INFO - [2026-03-18T18:11:36.158+0530] {dag.py:3047} INFO - Sync 1 DAGs
[2026-03-18T18:11:36.182+0530] {logging_mixin.py:188} INFO - [2026-03-18T18:11:36.181+0530] {dag.py:3834} INFO - Setting next_dagrun for example_skip_dag to 2026-03-17 00:00:00+00:00, run_after=2026-03-18 00:00:00+00:00
[2026-03-18T18:11:36.278+0530] {processor.py:183} INFO - Processing /home/tejasvi/Desktop/airflow_ssh_simulation/venv/lib/python3.10/site-packages/airflow/example_dags/example_skip_dag.py took 0.189 seconds
[2026-03-18T18:12:46.624+0530] {processor.py:161} INFO - Started process (PID=19976) to work on /home/tejasvi/Desktop/airflow_ssh_simulation/venv/lib/python3.10/site-packages/airflow/example_dags/example_skip_dag.py
[2026-03-18T18:12:46.638+0530] {processor.py:830} INFO - Processing file /home/tejasvi/Desktop/airflow_ssh_simulation/venv/lib/python3.10/site-packages/airflow/example_dags/example_skip_dag.py for tasks to queue
[2026-03-18T18:12:46.641+0530] {logging_mixin.py:188} INFO - [2026-03-18T18:12:46.640+0530] {dagbag.py:540} INFO - Filling up the DagBag from /home/tejasvi/Desktop/airflow_ssh_simulation/venv/lib/python3.10/site-packages/airflow/example_dags/example_skip_dag.py
[2026-03-18T18:12:46.651+0530] {processor.py:840} INFO - DAG(s) 'example_skip_dag' retrieved from /home/tejasvi/Desktop/airflow_ssh_simulation/venv/lib/python3.10/site-packages/airflow/example_dags/example_skip_dag.py
[2026-03-18T18:12:46.670+0530] {logging_mixin.py:188} INFO - [2026-03-18T18:12:46.670+0530] {dag.py:3047} INFO - Sync 1 DAGs
[2026-03-18T18:12:46.694+0530] {logging_mixin.py:188} INFO - [2026-03-18T18:12:46.694+0530] {dag.py:3834} INFO - Setting next_dagrun for example_skip_dag to 2026-03-17 00:00:00+00:00, run_after=2026-03-18 00:00:00+00:00
[2026-03-18T18:12:46.787+0530] {processor.py:183} INFO - Processing /home/tejasvi/Desktop/airflow_ssh_simulation/venv/lib/python3.10/site-packages/airflow/example_dags/example_skip_dag.py took 0.168 seconds
[2026-03-18T18:14:00.566+0530] {processor.py:161} INFO - Started process (PID=20150) to work on /home/tejasvi/Desktop/airflow_ssh_simulation/venv/lib/python3.10/site-packages/airflow/example_dags/example_skip_dag.py
[2026-03-18T18:14:00.682+0530] {processor.py:830} INFO - Processing file /home/tejasvi/Desktop/airflow_ssh_simulation/venv/lib/python3.10/site-packages/airflow/example_dags/example_skip_dag.py for tasks to queue
[2026-03-18T18:14:00.686+0530] {logging_mixin.py:188} INFO - [2026-03-18T18:14:00.686+0530] {dagbag.py:540} INFO - Filling up the DagBag from /home/tejasvi/Desktop/airflow_ssh_simulation/venv/lib/python3.10/site-packages/airflow/example_dags/example_skip_dag.py
[2026-03-18T18:14:00.703+0530] {processor.py:840} INFO - DAG(s) 'example_skip_dag' retrieved from /home/tejasvi/Desktop/airflow_ssh_simulation/venv/lib/python3.10/site-packages/airflow/example_dags/example_skip_dag.py
[2026-03-18T18:14:00.734+0530] {logging_mixin.py:188} INFO - [2026-03-18T18:14:00.733+0530] {dag.py:3047} INFO - Sync 1 DAGs
[2026-03-18T18:14:00.758+0530] {logging_mixin.py:188} INFO - [2026-03-18T18:14:00.757+0530] {dag.py:3834} INFO - Setting next_dagrun for example_skip_dag to 2026-03-17 00:00:00+00:00, run_after=2026-03-18 00:00:00+00:00
[2026-03-18T18:14:00.820+0530] {processor.py:183} INFO - Processing /home/tejasvi/Desktop/airflow_ssh_simulation/venv/lib/python3.10/site-packages/airflow/example_dags/example_skip_dag.py took 0.263 seconds
[2026-03-18T18:15:23.548+0530] {processor.py:161} INFO - Started process (PID=20336) to work on /home/tejasvi/Desktop/airflow_ssh_simulation/venv/lib/python3.10/site-packages/airflow/example_dags/example_skip_dag.py
[2026-03-18T18:15:23.617+0530] {processor.py:830} INFO - Processing file /home/tejasvi/Desktop/airflow_ssh_simulation/venv/lib/python3.10/site-packages/airflow/example_dags/example_skip_dag.py for tasks to queue
[2026-03-18T18:15:23.622+0530] {logging_mixin.py:188} INFO - [2026-03-18T18:15:23.622+0530] {dagbag.py:540} INFO - Filling up the DagBag from /home/tejasvi/Desktop/airflow_ssh_simulation/venv/lib/python3.10/site-packages/airflow/example_dags/example_skip_dag.py
[2026-03-18T18:15:23.634+0530] {processor.py:840} INFO - DAG(s) 'example_skip_dag' retrieved from /home/tejasvi/Desktop/airflow_ssh_simulation/venv/lib/python3.10/site-packages/airflow/example_dags/example_skip_dag.py
[2026-03-18T18:15:23.659+0530] {logging_mixin.py:188} INFO - [2026-03-18T18:15:23.659+0530] {dag.py:3047} INFO - Sync 1 DAGs
[2026-03-18T18:15:23.681+0530] {logging_mixin.py:188} INFO - [2026-03-18T18:15:23.681+0530] {dag.py:3834} INFO - Setting next_dagrun for example_skip_dag to 2026-03-17 00:00:00+00:00, run_after=2026-03-18 00:00:00+00:00
[2026-03-18T18:15:23.761+0530] {processor.py:183} INFO - Processing /home/tejasvi/Desktop/airflow_ssh_simulation/venv/lib/python3.10/site-packages/airflow/example_dags/example_skip_dag.py took 0.217 seconds
[2026-03-18T18:16:24.834+0530] {processor.py:161} INFO - Started process (PID=20524) to work on /home/tejasvi/Desktop/airflow_ssh_simulation/venv/lib/python3.10/site-packages/airflow/example_dags/example_skip_dag.py
[2026-03-18T18:16:24.883+0530] {processor.py:830} INFO - Processing file /home/tejasvi/Desktop/airflow_ssh_simulation/venv/lib/python3.10/site-packages/airflow/example_dags/example_skip_dag.py for tasks to queue
[2026-03-18T18:16:24.889+0530] {logging_mixin.py:188} INFO - [2026-03-18T18:16:24.888+0530] {dagbag.py:540} INFO - Filling up the DagBag from /home/tejasvi/Desktop/airflow_ssh_simulation/venv/lib/python3.10/site-packages/airflow/example_dags/example_skip_dag.py
[2026-03-18T18:16:24.909+0530] {processor.py:840} INFO - DAG(s) 'example_skip_dag' retrieved from /home/tejasvi/Desktop/airflow_ssh_simulation/venv/lib/python3.10/site-packages/airflow/example_dags/example_skip_dag.py
[2026-03-18T18:16:24.935+0530] {logging_mixin.py:188} INFO - [2026-03-18T18:16:24.935+0530] {dag.py:3047} INFO - Sync 1 DAGs
[2026-03-18T18:16:24.958+0530] {logging_mixin.py:188} INFO - [2026-03-18T18:16:24.957+0530] {dag.py:3834} INFO - Setting next_dagrun for example_skip_dag to 2026-03-17 00:00:00+00:00, run_after=2026-03-18 00:00:00+00:00
[2026-03-18T18:16:25.023+0530] {processor.py:183} INFO - Processing /home/tejasvi/Desktop/airflow_ssh_simulation/venv/lib/python3.10/site-packages/airflow/example_dags/example_skip_dag.py took 0.198 seconds
[2026-03-18T18:17:40.744+0530] {processor.py:161} INFO - Started process (PID=21090) to work on /home/tejasvi/Desktop/airflow_ssh_simulation/venv/lib/python3.10/site-packages/airflow/example_dags/example_skip_dag.py
[2026-03-18T18:17:40.752+0530] {processor.py:830} INFO - Processing file /home/tejasvi/Desktop/airflow_ssh_simulation/venv/lib/python3.10/site-packages/airflow/example_dags/example_skip_dag.py for tasks to queue
[2026-03-18T18:17:40.757+0530] {logging_mixin.py:188} INFO - [2026-03-18T18:17:40.757+0530] {dagbag.py:540} INFO - Filling up the DagBag from /home/tejasvi/Desktop/airflow_ssh_simulation/venv/lib/python3.10/site-packages/airflow/example_dags/example_skip_dag.py
[2026-03-18T18:17:40.774+0530] {processor.py:840} INFO - DAG(s) 'example_skip_dag' retrieved from /home/tejasvi/Desktop/airflow_ssh_simulation/venv/lib/python3.10/site-packages/airflow/example_dags/example_skip_dag.py
[2026-03-18T18:17:40.818+0530] {logging_mixin.py:188} INFO - [2026-03-18T18:17:40.817+0530] {dag.py:3047} INFO - Sync 1 DAGs
[2026-03-18T18:17:40.872+0530] {logging_mixin.py:188} INFO - [2026-03-18T18:17:40.871+0530] {dag.py:3834} INFO - Setting next_dagrun for example_skip_dag to 2026-03-17 00:00:00+00:00, run_after=2026-03-18 00:00:00+00:00
[2026-03-18T18:17:40.950+0530] {processor.py:183} INFO - Processing /home/tejasvi/Desktop/airflow_ssh_simulation/venv/lib/python3.10/site-packages/airflow/example_dags/example_skip_dag.py took 0.211 seconds
[2026-03-18T18:18:47.806+0530] {processor.py:161} INFO - Started process (PID=22072) to work on /home/tejasvi/Desktop/airflow_ssh_simulation/venv/lib/python3.10/site-packages/airflow/example_dags/example_skip_dag.py
[2026-03-18T18:18:47.909+0530] {processor.py:830} INFO - Processing file /home/tejasvi/Desktop/airflow_ssh_simulation/venv/lib/python3.10/site-packages/airflow/example_dags/example_skip_dag.py for tasks to queue
[2026-03-18T18:18:47.914+0530] {logging_mixin.py:188} INFO - [2026-03-18T18:18:47.913+0530] {dagbag.py:540} INFO - Filling up the DagBag from /home/tejasvi/Desktop/airflow_ssh_simulation/venv/lib/python3.10/site-packages/airflow/example_dags/example_skip_dag.py
[2026-03-18T18:18:47.926+0530] {processor.py:840} INFO - DAG(s) 'example_skip_dag' retrieved from /home/tejasvi/Desktop/airflow_ssh_simulation/venv/lib/python3.10/site-packages/airflow/example_dags/example_skip_dag.py
[2026-03-18T18:18:47.948+0530] {logging_mixin.py:188} INFO - [2026-03-18T18:18:47.948+0530] {dag.py:3047} INFO - Sync 1 DAGs
[2026-03-18T18:18:47.977+0530] {logging_mixin.py:188} INFO - [2026-03-18T18:18:47.977+0530] {dag.py:3834} INFO - Setting next_dagrun for example_skip_dag to 2026-03-17 00:00:00+00:00, run_after=2026-03-18 00:00:00+00:00
[2026-03-18T18:18:48.121+0530] {processor.py:183} INFO - Processing /home/tejasvi/Desktop/airflow_ssh_simulation/venv/lib/python3.10/site-packages/airflow/example_dags/example_skip_dag.py took 0.321 seconds
[2026-03-18T18:20:07.156+0530] {processor.py:161} INFO - Started process (PID=22287) to work on /home/tejasvi/Desktop/airflow_ssh_simulation/venv/lib/python3.10/site-packages/airflow/example_dags/example_skip_dag.py
[2026-03-18T18:20:07.165+0530] {processor.py:830} INFO - Processing file /home/tejasvi/Desktop/airflow_ssh_simulation/venv/lib/python3.10/site-packages/airflow/example_dags/example_skip_dag.py for tasks to queue
[2026-03-18T18:20:07.168+0530] {logging_mixin.py:188} INFO - [2026-03-18T18:20:07.167+0530] {dagbag.py:540} INFO - Filling up the DagBag from /home/tejasvi/Desktop/airflow_ssh_simulation/venv/lib/python3.10/site-packages/airflow/example_dags/example_skip_dag.py
[2026-03-18T18:20:07.178+0530] {processor.py:840} INFO - DAG(s) 'example_skip_dag' retrieved from /home/tejasvi/Desktop/airflow_ssh_simulation/venv/lib/python3.10/site-packages/airflow/example_dags/example_skip_dag.py
[2026-03-18T18:20:07.201+0530] {logging_mixin.py:188} INFO - [2026-03-18T18:20:07.201+0530] {dag.py:3047} INFO - Sync 1 DAGs
[2026-03-18T18:20:07.226+0530] {logging_mixin.py:188} INFO - [2026-03-18T18:20:07.226+0530] {dag.py:3834} INFO - Setting next_dagrun for example_skip_dag to 2026-03-17 00:00:00+00:00, run_after=2026-03-18 00:00:00+00:00
[2026-03-18T18:20:07.318+0530] {processor.py:183} INFO - Processing /home/tejasvi/Desktop/airflow_ssh_simulation/venv/lib/python3.10/site-packages/airflow/example_dags/example_skip_dag.py took 0.167 seconds
[2026-03-18T18:21:11.364+0530] {processor.py:161} INFO - Started process (PID=22495) to work on /home/tejasvi/Desktop/airflow_ssh_simulation/venv/lib/python3.10/site-packages/airflow/example_dags/example_skip_dag.py
[2026-03-18T18:21:11.432+0530] {processor.py:830} INFO - Processing file /home/tejasvi/Desktop/airflow_ssh_simulation/venv/lib/python3.10/site-packages/airflow/example_dags/example_skip_dag.py for tasks to queue
[2026-03-18T18:21:11.436+0530] {logging_mixin.py:188} INFO - [2026-03-18T18:21:11.435+0530] {dagbag.py:540} INFO - Filling up the DagBag from /home/tejasvi/Desktop/airflow_ssh_simulation/venv/lib/python3.10/site-packages/airflow/example_dags/example_skip_dag.py
[2026-03-18T18:21:11.448+0530] {processor.py:840} INFO - DAG(s) 'example_skip_dag' retrieved from /home/tejasvi/Desktop/airflow_ssh_simulation/venv/lib/python3.10/site-packages/airflow/example_dags/example_skip_dag.py
[2026-03-18T18:21:11.471+0530] {logging_mixin.py:188} INFO - [2026-03-18T18:21:11.471+0530] {dag.py:3047} INFO - Sync 1 DAGs
[2026-03-18T18:21:11.498+0530] {logging_mixin.py:188} INFO - [2026-03-18T18:21:11.498+0530] {dag.py:3834} INFO - Setting next_dagrun for example_skip_dag to 2026-03-17 00:00:00+00:00, run_after=2026-03-18 00:00:00+00:00
[2026-03-18T18:21:11.564+0530] {processor.py:183} INFO - Processing /home/tejasvi/Desktop/airflow_ssh_simulation/venv/lib/python3.10/site-packages/airflow/example_dags/example_skip_dag.py took 0.204 seconds
[2026-03-18T18:22:13.323+0530] {processor.py:161} INFO - Started process (PID=22660) to work on /home/tejasvi/Desktop/airflow_ssh_simulation/venv/lib/python3.10/site-packages/airflow/example_dags/example_skip_dag.py
[2026-03-18T18:22:14.687+0530] {processor.py:830} INFO - Processing file /home/tejasvi/Desktop/airflow_ssh_simulation/venv/lib/python3.10/site-packages/airflow/example_dags/example_skip_dag.py for tasks to queue
[2026-03-18T18:22:14.691+0530] {logging_mixin.py:188} INFO - [2026-03-18T18:22:14.690+0530] {dagbag.py:540} INFO - Filling up the DagBag from /home/tejasvi/Desktop/airflow_ssh_simulation/venv/lib/python3.10/site-packages/airflow/example_dags/example_skip_dag.py
[2026-03-18T18:22:14.707+0530] {processor.py:840} INFO - DAG(s) 'example_skip_dag' retrieved from /home/tejasvi/Desktop/airflow_ssh_simulation/venv/lib/python3.10/site-packages/airflow/example_dags/example_skip_dag.py
[2026-03-18T18:22:14.729+0530] {logging_mixin.py:188} INFO - [2026-03-18T18:22:14.728+0530] {dag.py:3047} INFO - Sync 1 DAGs
[2026-03-18T18:22:14.756+0530] {logging_mixin.py:188} INFO - [2026-03-18T18:22:14.756+0530] {dag.py:3834} INFO - Setting next_dagrun for example_skip_dag to 2026-03-17 00:00:00+00:00, run_after=2026-03-18 00:00:00+00:00
[2026-03-18T18:22:15.059+0530] {processor.py:183} INFO - Processing /home/tejasvi/Desktop/airflow_ssh_simulation/venv/lib/python3.10/site-packages/airflow/example_dags/example_skip_dag.py took 1.742 seconds
[2026-03-18T18:23:29.592+0530] {processor.py:161} INFO - Started process (PID=22845) to work on /home/tejasvi/Desktop/airflow_ssh_simulation/venv/lib/python3.10/site-packages/airflow/example_dags/example_skip_dag.py
[2026-03-18T18:23:29.632+0530] {processor.py:830} INFO - Processing file /home/tejasvi/Desktop/airflow_ssh_simulation/venv/lib/python3.10/site-packages/airflow/example_dags/example_skip_dag.py for tasks to queue
[2026-03-18T18:23:29.637+0530] {logging_mixin.py:188} INFO - [2026-03-18T18:23:29.636+0530] {dagbag.py:540} INFO - Filling up the DagBag from /home/tejasvi/Desktop/airflow_ssh_simulation/venv/lib/python3.10/site-packages/airflow/example_dags/example_skip_dag.py
[2026-03-18T18:23:29.649+0530] {processor.py:840} INFO - DAG(s) 'example_skip_dag' retrieved from /home/tejasvi/Desktop/airflow_ssh_simulation/venv/lib/python3.10/site-packages/airflow/example_dags/example_skip_dag.py
[2026-03-18T18:23:29.672+0530] {logging_mixin.py:188} INFO - [2026-03-18T18:23:29.671+0530] {dag.py:3047} INFO - Sync 1 DAGs
[2026-03-18T18:23:29.699+0530] {logging_mixin.py:188} INFO - [2026-03-18T18:23:29.699+0530] {dag.py:3834} INFO - Setting next_dagrun for example_skip_dag to 2026-03-17 00:00:00+00:00, run_after=2026-03-18 00:00:00+00:00
[2026-03-18T18:23:29.774+0530] {processor.py:183} INFO - Processing /home/tejasvi/Desktop/airflow_ssh_simulation/venv/lib/python3.10/site-packages/airflow/example_dags/example_skip_dag.py took 0.193 seconds
[2026-03-18T18:24:33.773+0530] {processor.py:161} INFO - Started process (PID=23005) to work on /home/tejasvi/Desktop/airflow_ssh_simulation/venv/lib/python3.10/site-packages/airflow/example_dags/example_skip_dag.py
[2026-03-18T18:24:33.942+0530] {processor.py:830} INFO - Processing file /home/tejasvi/Desktop/airflow_ssh_simulation/venv/lib/python3.10/site-packages/airflow/example_dags/example_skip_dag.py for tasks to queue
[2026-03-18T18:24:33.949+0530] {logging_mixin.py:188} INFO - [2026-03-18T18:24:33.947+0530] {dagbag.py:540} INFO - Filling up the DagBag from /home/tejasvi/Desktop/airflow_ssh_simulation/venv/lib/python3.10/site-packages/airflow/example_dags/example_skip_dag.py
[2026-03-18T18:24:33.969+0530] {processor.py:840} INFO - DAG(s) 'example_skip_dag' retrieved from /home/tejasvi/Desktop/airflow_ssh_simulation/venv/lib/python3.10/site-packages/airflow/example_dags/example_skip_dag.py
[2026-03-18T18:24:34.004+0530] {logging_mixin.py:188} INFO - [2026-03-18T18:24:34.003+0530] {dag.py:3047} INFO - Sync 1 DAGs
[2026-03-18T18:24:34.032+0530] {logging_mixin.py:188} INFO - [2026-03-18T18:24:34.032+0530] {dag.py:3834} INFO - Setting next_dagrun for example_skip_dag to 2026-03-17 00:00:00+00:00, run_after=2026-03-18 00:00:00+00:00
[2026-03-18T18:24:34.086+0530] {processor.py:183} INFO - Processing /home/tejasvi/Desktop/airflow_ssh_simulation/venv/lib/python3.10/site-packages/airflow/example_dags/example_skip_dag.py took 0.317 seconds
[2026-03-18T18:25:32.829+0530] {processor.py:161} INFO - Started process (PID=23164) to work on /home/tejasvi/Desktop/airflow_ssh_simulation/venv/lib/python3.10/site-packages/airflow/example_dags/example_skip_dag.py
[2026-03-18T18:25:32.838+0530] {processor.py:830} INFO - Processing file /home/tejasvi/Desktop/airflow_ssh_simulation/venv/lib/python3.10/site-packages/airflow/example_dags/example_skip_dag.py for tasks to queue
[2026-03-18T18:25:32.844+0530] {logging_mixin.py:188} INFO - [2026-03-18T18:25:32.843+0530] {dagbag.py:540} INFO - Filling up the DagBag from /home/tejasvi/Desktop/airflow_ssh_simulation/venv/lib/python3.10/site-packages/airflow/example_dags/example_skip_dag.py
[2026-03-18T18:25:32.858+0530] {processor.py:840} INFO - DAG(s) 'example_skip_dag' retrieved from /home/tejasvi/Desktop/airflow_ssh_simulation/venv/lib/python3.10/site-packages/airflow/example_dags/example_skip_dag.py
[2026-03-18T18:25:32.877+0530] {logging_mixin.py:188} INFO - [2026-03-18T18:25:32.877+0530] {dag.py:3047} INFO - Sync 1 DAGs
[2026-03-18T18:25:32.901+0530] {logging_mixin.py:188} INFO - [2026-03-18T18:25:32.901+0530] {dag.py:3834} INFO - Setting next_dagrun for example_skip_dag to 2026-03-17 00:00:00+00:00, run_after=2026-03-18 00:00:00+00:00
[2026-03-18T18:25:32.952+0530] {processor.py:183} INFO - Processing /home/tejasvi/Desktop/airflow_ssh_simulation/venv/lib/python3.10/site-packages/airflow/example_dags/example_skip_dag.py took 0.127 seconds
[2026-03-18T18:26:30.064+0530] {processor.py:161} INFO - Started process (PID=23352) to work on /home/tejasvi/Desktop/airflow_ssh_simulation/venv/lib/python3.10/site-packages/airflow/example_dags/example_skip_dag.py
[2026-03-18T18:26:30.069+0530] {processor.py:830} INFO - Processing file /home/tejasvi/Desktop/airflow_ssh_simulation/venv/lib/python3.10/site-packages/airflow/example_dags/example_skip_dag.py for tasks to queue
[2026-03-18T18:26:30.072+0530] {logging_mixin.py:188} INFO - [2026-03-18T18:26:30.072+0530] {dagbag.py:540} INFO - Filling up the DagBag from /home/tejasvi/Desktop/airflow_ssh_simulation/venv/lib/python3.10/site-packages/airflow/example_dags/example_skip_dag.py
[2026-03-18T18:26:30.083+0530] {processor.py:840} INFO - DAG(s) 'example_skip_dag' retrieved from /home/tejasvi/Desktop/airflow_ssh_simulation/venv/lib/python3.10/site-packages/airflow/example_dags/example_skip_dag.py
[2026-03-18T18:26:30.102+0530] {logging_mixin.py:188} INFO - [2026-03-18T18:26:30.102+0530] {dag.py:3047} INFO - Sync 1 DAGs
[2026-03-18T18:26:30.125+0530] {logging_mixin.py:188} INFO - [2026-03-18T18:26:30.125+0530] {dag.py:3834} INFO - Setting next_dagrun for example_skip_dag to 2026-03-17 00:00:00+00:00, run_after=2026-03-18 00:00:00+00:00
[2026-03-18T18:26:30.195+0530] {processor.py:183} INFO - Processing /home/tejasvi/Desktop/airflow_ssh_simulation/venv/lib/python3.10/site-packages/airflow/example_dags/example_skip_dag.py took 0.139 seconds
[2026-03-18T18:27:28.748+0530] {processor.py:161} INFO - Started process (PID=23520) to work on /home/tejasvi/Desktop/airflow_ssh_simulation/venv/lib/python3.10/site-packages/airflow/example_dags/example_skip_dag.py
[2026-03-18T18:27:28.778+0530] {processor.py:830} INFO - Processing file /home/tejasvi/Desktop/airflow_ssh_simulation/venv/lib/python3.10/site-packages/airflow/example_dags/example_skip_dag.py for tasks to queue
[2026-03-18T18:27:28.781+0530] {logging_mixin.py:188} INFO - [2026-03-18T18:27:28.781+0530] {dagbag.py:540} INFO - Filling up the DagBag from /home/tejasvi/Desktop/airflow_ssh_simulation/venv/lib/python3.10/site-packages/airflow/example_dags/example_skip_dag.py
[2026-03-18T18:27:28.793+0530] {processor.py:840} INFO - DAG(s) 'example_skip_dag' retrieved from /home/tejasvi/Desktop/airflow_ssh_simulation/venv/lib/python3.10/site-packages/airflow/example_dags/example_skip_dag.py
[2026-03-18T18:27:28.813+0530] {logging_mixin.py:188} INFO - [2026-03-18T18:27:28.813+0530] {dag.py:3047} INFO - Sync 1 DAGs
[2026-03-18T18:27:28.838+0530] {logging_mixin.py:188} INFO - [2026-03-18T18:27:28.838+0530] {dag.py:3834} INFO - Setting next_dagrun for example_skip_dag to 2026-03-17 00:00:00+00:00, run_after=2026-03-18 00:00:00+00:00
[2026-03-18T18:27:28.918+0530] {processor.py:183} INFO - Processing /home/tejasvi/Desktop/airflow_ssh_simulation/venv/lib/python3.10/site-packages/airflow/example_dags/example_skip_dag.py took 0.174 seconds
[2026-03-18T18:28:43.476+0530] {processor.py:161} INFO - Started process (PID=23708) to work on /home/tejasvi/Desktop/airflow_ssh_simulation/venv/lib/python3.10/site-packages/airflow/example_dags/example_skip_dag.py
[2026-03-18T18:28:43.568+0530] {processor.py:830} INFO - Processing file /home/tejasvi/Desktop/airflow_ssh_simulation/venv/lib/python3.10/site-packages/airflow/example_dags/example_skip_dag.py for tasks to queue
[2026-03-18T18:28:43.574+0530] {logging_mixin.py:188} INFO - [2026-03-18T18:28:43.572+0530] {dagbag.py:540} INFO - Filling up the DagBag from /home/tejasvi/Desktop/airflow_ssh_simulation/venv/lib/python3.10/site-packages/airflow/example_dags/example_skip_dag.py
[2026-03-18T18:28:43.595+0530] {processor.py:840} INFO - DAG(s) 'example_skip_dag' retrieved from /home/tejasvi/Desktop/airflow_ssh_simulation/venv/lib/python3.10/site-packages/airflow/example_dags/example_skip_dag.py
[2026-03-18T18:28:43.635+0530] {logging_mixin.py:188} INFO - [2026-03-18T18:28:43.635+0530] {dag.py:3047} INFO - Sync 1 DAGs
[2026-03-18T18:28:43.662+0530] {logging_mixin.py:188} INFO - [2026-03-18T18:28:43.662+0530] {dag.py:3834} INFO - Setting next_dagrun for example_skip_dag to 2026-03-17 00:00:00+00:00, run_after=2026-03-18 00:00:00+00:00
[2026-03-18T18:28:43.929+0530] {processor.py:183} INFO - Processing /home/tejasvi/Desktop/airflow_ssh_simulation/venv/lib/python3.10/site-packages/airflow/example_dags/example_skip_dag.py took 0.462 seconds
[2026-03-18T18:30:01.874+0530] {processor.py:161} INFO - Started process (PID=23912) to work on /home/tejasvi/Desktop/airflow_ssh_simulation/venv/lib/python3.10/site-packages/airflow/example_dags/example_skip_dag.py
[2026-03-18T18:30:01.988+0530] {processor.py:830} INFO - Processing file /home/tejasvi/Desktop/airflow_ssh_simulation/venv/lib/python3.10/site-packages/airflow/example_dags/example_skip_dag.py for tasks to queue
[2026-03-18T18:30:01.991+0530] {logging_mixin.py:188} INFO - [2026-03-18T18:30:01.990+0530] {dagbag.py:540} INFO - Filling up the DagBag from /home/tejasvi/Desktop/airflow_ssh_simulation/venv/lib/python3.10/site-packages/airflow/example_dags/example_skip_dag.py
[2026-03-18T18:30:02.001+0530] {processor.py:840} INFO - DAG(s) 'example_skip_dag' retrieved from /home/tejasvi/Desktop/airflow_ssh_simulation/venv/lib/python3.10/site-packages/airflow/example_dags/example_skip_dag.py
[2026-03-18T18:30:02.021+0530] {logging_mixin.py:188} INFO - [2026-03-18T18:30:02.020+0530] {dag.py:3047} INFO - Sync 1 DAGs
[2026-03-18T18:30:02.042+0530] {logging_mixin.py:188} INFO - [2026-03-18T18:30:02.042+0530] {dag.py:3834} INFO - Setting next_dagrun for example_skip_dag to 2026-03-17 00:00:00+00:00, run_after=2026-03-18 00:00:00+00:00
[2026-03-18T18:30:02.204+0530] {processor.py:183} INFO - Processing /home/tejasvi/Desktop/airflow_ssh_simulation/venv/lib/python3.10/site-packages/airflow/example_dags/example_skip_dag.py took 0.338 seconds
[2026-03-18T18:31:19.119+0530] {processor.py:161} INFO - Started process (PID=24169) to work on /home/tejasvi/Desktop/airflow_ssh_simulation/venv/lib/python3.10/site-packages/airflow/example_dags/example_skip_dag.py
[2026-03-18T18:31:19.130+0530] {processor.py:830} INFO - Processing file /home/tejasvi/Desktop/airflow_ssh_simulation/venv/lib/python3.10/site-packages/airflow/example_dags/example_skip_dag.py for tasks to queue
[2026-03-18T18:31:19.134+0530] {logging_mixin.py:188} INFO - [2026-03-18T18:31:19.133+0530] {dagbag.py:540} INFO - Filling up the DagBag from /home/tejasvi/Desktop/airflow_ssh_simulation/venv/lib/python3.10/site-packages/airflow/example_dags/example_skip_dag.py
[2026-03-18T18:31:19.143+0530] {processor.py:840} INFO - DAG(s) 'example_skip_dag' retrieved from /home/tejasvi/Desktop/airflow_ssh_simulation/venv/lib/python3.10/site-packages/airflow/example_dags/example_skip_dag.py
[2026-03-18T18:31:19.161+0530] {logging_mixin.py:188} INFO - [2026-03-18T18:31:19.160+0530] {dag.py:3047} INFO - Sync 1 DAGs
[2026-03-18T18:31:19.183+0530] {logging_mixin.py:188} INFO - [2026-03-18T18:31:19.183+0530] {dag.py:3834} INFO - Setting next_dagrun for example_skip_dag to 2026-03-17 00:00:00+00:00, run_after=2026-03-18 00:00:00+00:00
[2026-03-18T18:31:19.276+0530] {processor.py:183} INFO - Processing /home/tejasvi/Desktop/airflow_ssh_simulation/venv/lib/python3.10/site-packages/airflow/example_dags/example_skip_dag.py took 0.165 seconds
[2026-03-18T18:32:25.229+0530] {processor.py:161} INFO - Started process (PID=24501) to work on /home/tejasvi/Desktop/airflow_ssh_simulation/venv/lib/python3.10/site-packages/airflow/example_dags/example_skip_dag.py
[2026-03-18T18:32:25.259+0530] {processor.py:830} INFO - Processing file /home/tejasvi/Desktop/airflow_ssh_simulation/venv/lib/python3.10/site-packages/airflow/example_dags/example_skip_dag.py for tasks to queue
[2026-03-18T18:32:25.262+0530] {logging_mixin.py:188} INFO - [2026-03-18T18:32:25.261+0530] {dagbag.py:540} INFO - Filling up the DagBag from /home/tejasvi/Desktop/airflow_ssh_simulation/venv/lib/python3.10/site-packages/airflow/example_dags/example_skip_dag.py
[2026-03-18T18:32:25.271+0530] {processor.py:840} INFO - DAG(s) 'example_skip_dag' retrieved from /home/tejasvi/Desktop/airflow_ssh_simulation/venv/lib/python3.10/site-packages/airflow/example_dags/example_skip_dag.py
[2026-03-18T18:32:25.289+0530] {logging_mixin.py:188} INFO - [2026-03-18T18:32:25.289+0530] {dag.py:3047} INFO - Sync 1 DAGs
[2026-03-18T18:32:25.310+0530] {logging_mixin.py:188} INFO - [2026-03-18T18:32:25.309+0530] {dag.py:3834} INFO - Setting next_dagrun for example_skip_dag to 2026-03-17 00:00:00+00:00, run_after=2026-03-18 00:00:00+00:00
[2026-03-18T18:32:25.393+0530] {processor.py:183} INFO - Processing /home/tejasvi/Desktop/airflow_ssh_simulation/venv/lib/python3.10/site-packages/airflow/example_dags/example_skip_dag.py took 0.171 seconds
[2026-03-18T18:33:24.886+0530] {processor.py:161} INFO - Started process (PID=24647) to work on /home/tejasvi/Desktop/airflow_ssh_simulation/venv/lib/python3.10/site-packages/airflow/example_dags/example_skip_dag.py
[2026-03-18T18:33:24.890+0530] {processor.py:830} INFO - Processing file /home/tejasvi/Desktop/airflow_ssh_simulation/venv/lib/python3.10/site-packages/airflow/example_dags/example_skip_dag.py for tasks to queue
[2026-03-18T18:33:24.893+0530] {logging_mixin.py:188} INFO - [2026-03-18T18:33:24.892+0530] {dagbag.py:540} INFO - Filling up the DagBag from /home/tejasvi/Desktop/airflow_ssh_simulation/venv/lib/python3.10/site-packages/airflow/example_dags/example_skip_dag.py
[2026-03-18T18:33:24.901+0530] {processor.py:840} INFO - DAG(s) 'example_skip_dag' retrieved from /home/tejasvi/Desktop/airflow_ssh_simulation/venv/lib/python3.10/site-packages/airflow/example_dags/example_skip_dag.py
[2026-03-18T18:33:24.920+0530] {logging_mixin.py:188} INFO - [2026-03-18T18:33:24.919+0530] {dag.py:3047} INFO - Sync 1 DAGs
[2026-03-18T18:33:24.943+0530] {logging_mixin.py:188} INFO - [2026-03-18T18:33:24.943+0530] {dag.py:3834} INFO - Setting next_dagrun for example_skip_dag to 2026-03-17 00:00:00+00:00, run_after=2026-03-18 00:00:00+00:00
[2026-03-18T18:33:25.032+0530] {processor.py:183} INFO - Processing /home/tejasvi/Desktop/airflow_ssh_simulation/venv/lib/python3.10/site-packages/airflow/example_dags/example_skip_dag.py took 0.154 seconds
[2026-03-18T18:34:30.032+0530] {processor.py:161} INFO - Started process (PID=24831) to work on /home/tejasvi/Desktop/airflow_ssh_simulation/venv/lib/python3.10/site-packages/airflow/example_dags/example_skip_dag.py
[2026-03-18T18:34:30.033+0530] {processor.py:830} INFO - Processing file /home/tejasvi/Desktop/airflow_ssh_simulation/venv/lib/python3.10/site-packages/airflow/example_dags/example_skip_dag.py for tasks to queue
[2026-03-18T18:34:30.036+0530] {logging_mixin.py:188} INFO - [2026-03-18T18:34:30.035+0530] {dagbag.py:540} INFO - Filling up the DagBag from /home/tejasvi/Desktop/airflow_ssh_simulation/venv/lib/python3.10/site-packages/airflow/example_dags/example_skip_dag.py
[2026-03-18T18:34:30.044+0530] {processor.py:840} INFO - DAG(s) 'example_skip_dag' retrieved from /home/tejasvi/Desktop/airflow_ssh_simulation/venv/lib/python3.10/site-packages/airflow/example_dags/example_skip_dag.py
[2026-03-18T18:34:30.062+0530] {logging_mixin.py:188} INFO - [2026-03-18T18:34:30.061+0530] {dag.py:3047} INFO - Sync 1 DAGs
[2026-03-18T18:34:30.084+0530] {logging_mixin.py:188} INFO - [2026-03-18T18:34:30.084+0530] {dag.py:3834} INFO - Setting next_dagrun for example_skip_dag to 2026-03-17 00:00:00+00:00, run_after=2026-03-18 00:00:00+00:00
[2026-03-18T18:34:30.189+0530] {processor.py:183} INFO - Processing /home/tejasvi/Desktop/airflow_ssh_simulation/venv/lib/python3.10/site-packages/airflow/example_dags/example_skip_dag.py took 0.164 seconds
[2026-03-18T18:35:30.020+0530] {processor.py:161} INFO - Started process (PID=25009) to work on /home/tejasvi/Desktop/airflow_ssh_simulation/venv/lib/python3.10/site-packages/airflow/example_dags/example_skip_dag.py
[2026-03-18T18:35:30.041+0530] {processor.py:830} INFO - Processing file /home/tejasvi/Desktop/airflow_ssh_simulation/venv/lib/python3.10/site-packages/airflow/example_dags/example_skip_dag.py for tasks to queue
[2026-03-18T18:35:30.044+0530] {logging_mixin.py:188} INFO - [2026-03-18T18:35:30.043+0530] {dagbag.py:540} INFO - Filling up the DagBag from /home/tejasvi/Desktop/airflow_ssh_simulation/venv/lib/python3.10/site-packages/airflow/example_dags/example_skip_dag.py
[2026-03-18T18:35:30.054+0530] {processor.py:840} INFO - DAG(s) 'example_skip_dag' retrieved from /home/tejasvi/Desktop/airflow_ssh_simulation/venv/lib/python3.10/site-packages/airflow/example_dags/example_skip_dag.py
[2026-03-18T18:35:30.072+0530] {logging_mixin.py:188} INFO - [2026-03-18T18:35:30.071+0530] {dag.py:3047} INFO - Sync 1 DAGs
[2026-03-18T18:35:30.093+0530] {logging_mixin.py:188} INFO - [2026-03-18T18:35:30.093+0530] {dag.py:3834} INFO - Setting next_dagrun for example_skip_dag to 2026-03-17 00:00:00+00:00, run_after=2026-03-18 00:00:00+00:00
[2026-03-18T18:35:30.211+0530] {processor.py:183} INFO - Processing /home/tejasvi/Desktop/airflow_ssh_simulation/venv/lib/python3.10/site-packages/airflow/example_dags/example_skip_dag.py took 0.199 seconds
[2026-03-18T18:36:35.370+0530] {processor.py:161} INFO - Started process (PID=25199) to work on /home/tejasvi/Desktop/airflow_ssh_simulation/venv/lib/python3.10/site-packages/airflow/example_dags/example_skip_dag.py
[2026-03-18T18:36:35.377+0530] {processor.py:830} INFO - Processing file /home/tejasvi/Desktop/airflow_ssh_simulation/venv/lib/python3.10/site-packages/airflow/example_dags/example_skip_dag.py for tasks to queue
[2026-03-18T18:36:35.380+0530] {logging_mixin.py:188} INFO - [2026-03-18T18:36:35.379+0530] {dagbag.py:540} INFO - Filling up the DagBag from /home/tejasvi/Desktop/airflow_ssh_simulation/venv/lib/python3.10/site-packages/airflow/example_dags/example_skip_dag.py
[2026-03-18T18:36:35.388+0530] {processor.py:840} INFO - DAG(s) 'example_skip_dag' retrieved from /home/tejasvi/Desktop/airflow_ssh_simulation/venv/lib/python3.10/site-packages/airflow/example_dags/example_skip_dag.py
[2026-03-18T18:36:35.405+0530] {logging_mixin.py:188} INFO - [2026-03-18T18:36:35.405+0530] {dag.py:3047} INFO - Sync 1 DAGs
[2026-03-18T18:36:35.425+0530] {logging_mixin.py:188} INFO - [2026-03-18T18:36:35.425+0530] {dag.py:3834} INFO - Setting next_dagrun for example_skip_dag to 2026-03-17 00:00:00+00:00, run_after=2026-03-18 00:00:00+00:00
[2026-03-18T18:36:35.479+0530] {processor.py:183} INFO - Processing /home/tejasvi/Desktop/airflow_ssh_simulation/venv/lib/python3.10/site-packages/airflow/example_dags/example_skip_dag.py took 0.116 seconds
[2026-03-18T18:37:51.954+0530] {processor.py:161} INFO - Started process (PID=25393) to work on /home/tejasvi/Desktop/airflow_ssh_simulation/venv/lib/python3.10/site-packages/airflow/example_dags/example_skip_dag.py
[2026-03-18T18:37:52.011+0530] {processor.py:830} INFO - Processing file /home/tejasvi/Desktop/airflow_ssh_simulation/venv/lib/python3.10/site-packages/airflow/example_dags/example_skip_dag.py for tasks to queue
[2026-03-18T18:37:52.014+0530] {logging_mixin.py:188} INFO - [2026-03-18T18:37:52.014+0530] {dagbag.py:540} INFO - Filling up the DagBag from /home/tejasvi/Desktop/airflow_ssh_simulation/venv/lib/python3.10/site-packages/airflow/example_dags/example_skip_dag.py
[2026-03-18T18:37:52.024+0530] {processor.py:840} INFO - DAG(s) 'example_skip_dag' retrieved from /home/tejasvi/Desktop/airflow_ssh_simulation/venv/lib/python3.10/site-packages/airflow/example_dags/example_skip_dag.py
[2026-03-18T18:37:52.042+0530] {logging_mixin.py:188} INFO - [2026-03-18T18:37:52.041+0530] {dag.py:3047} INFO - Sync 1 DAGs
[2026-03-18T18:37:52.062+0530] {logging_mixin.py:188} INFO - [2026-03-18T18:37:52.062+0530] {dag.py:3834} INFO - Setting next_dagrun for example_skip_dag to 2026-03-17 00:00:00+00:00, run_after=2026-03-18 00:00:00+00:00
[2026-03-18T18:37:52.299+0530] {processor.py:183} INFO - Processing /home/tejasvi/Desktop/airflow_ssh_simulation/venv/lib/python3.10/site-packages/airflow/example_dags/example_skip_dag.py took 0.354 seconds
[2026-03-18T18:38:57.812+0530] {processor.py:161} INFO - Started process (PID=25564) to work on /home/tejasvi/Desktop/airflow_ssh_simulation/venv/lib/python3.10/site-packages/airflow/example_dags/example_skip_dag.py
[2026-03-18T18:38:57.884+0530] {processor.py:830} INFO - Processing file /home/tejasvi/Desktop/airflow_ssh_simulation/venv/lib/python3.10/site-packages/airflow/example_dags/example_skip_dag.py for tasks to queue
[2026-03-18T18:38:57.887+0530] {logging_mixin.py:188} INFO - [2026-03-18T18:38:57.887+0530] {dagbag.py:540} INFO - Filling up the DagBag from /home/tejasvi/Desktop/airflow_ssh_simulation/venv/lib/python3.10/site-packages/airflow/example_dags/example_skip_dag.py
[2026-03-18T18:38:57.899+0530] {processor.py:840} INFO - DAG(s) 'example_skip_dag' retrieved from /home/tejasvi/Desktop/airflow_ssh_simulation/venv/lib/python3.10/site-packages/airflow/example_dags/example_skip_dag.py
[2026-03-18T18:38:57.929+0530] {logging_mixin.py:188} INFO - [2026-03-18T18:38:57.929+0530] {dag.py:3047} INFO - Sync 1 DAGs
[2026-03-18T18:38:57.952+0530] {logging_mixin.py:188} INFO - [2026-03-18T18:38:57.951+0530] {dag.py:3834} INFO - Setting next_dagrun for example_skip_dag to 2026-03-17 00:00:00+00:00, run_after=2026-03-18 00:00:00+00:00
[2026-03-18T18:38:58.236+0530] {processor.py:183} INFO - Processing /home/tejasvi/Desktop/airflow_ssh_simulation/venv/lib/python3.10/site-packages/airflow/example_dags/example_skip_dag.py took 0.428 seconds
[2026-03-18T18:39:56.608+0530] {processor.py:161} INFO - Started process (PID=25715) to work on /home/tejasvi/Desktop/airflow_ssh_simulation/venv/lib/python3.10/site-packages/airflow/example_dags/example_skip_dag.py
[2026-03-18T18:39:57.209+0530] {processor.py:830} INFO - Processing file /home/tejasvi/Desktop/airflow_ssh_simulation/venv/lib/python3.10/site-packages/airflow/example_dags/example_skip_dag.py for tasks to queue
[2026-03-18T18:39:57.213+0530] {logging_mixin.py:188} INFO - [2026-03-18T18:39:57.212+0530] {dagbag.py:540} INFO - Filling up the DagBag from /home/tejasvi/Desktop/airflow_ssh_simulation/venv/lib/python3.10/site-packages/airflow/example_dags/example_skip_dag.py
[2026-03-18T18:39:57.223+0530] {processor.py:840} INFO - DAG(s) 'example_skip_dag' retrieved from /home/tejasvi/Desktop/airflow_ssh_simulation/venv/lib/python3.10/site-packages/airflow/example_dags/example_skip_dag.py
[2026-03-18T18:39:57.240+0530] {logging_mixin.py:188} INFO - [2026-03-18T18:39:57.240+0530] {dag.py:3047} INFO - Sync 1 DAGs
[2026-03-18T18:39:57.261+0530] {logging_mixin.py:188} INFO - [2026-03-18T18:39:57.261+0530] {dag.py:3834} INFO - Setting next_dagrun for example_skip_dag to 2026-03-17 00:00:00+00:00, run_after=2026-03-18 00:00:00+00:00
[2026-03-18T18:39:57.362+0530] {processor.py:183} INFO - Processing /home/tejasvi/Desktop/airflow_ssh_simulation/venv/lib/python3.10/site-packages/airflow/example_dags/example_skip_dag.py took 0.761 seconds
[2026-03-18T18:41:02.527+0530] {processor.py:161} INFO - Started process (PID=25909) to work on /home/tejasvi/Desktop/airflow_ssh_simulation/venv/lib/python3.10/site-packages/airflow/example_dags/example_skip_dag.py
[2026-03-18T18:41:02.578+0530] {processor.py:830} INFO - Processing file /home/tejasvi/Desktop/airflow_ssh_simulation/venv/lib/python3.10/site-packages/airflow/example_dags/example_skip_dag.py for tasks to queue
[2026-03-18T18:41:02.581+0530] {logging_mixin.py:188} INFO - [2026-03-18T18:41:02.581+0530] {dagbag.py:540} INFO - Filling up the DagBag from /home/tejasvi/Desktop/airflow_ssh_simulation/venv/lib/python3.10/site-packages/airflow/example_dags/example_skip_dag.py
[2026-03-18T18:41:02.591+0530] {processor.py:840} INFO - DAG(s) 'example_skip_dag' retrieved from /home/tejasvi/Desktop/airflow_ssh_simulation/venv/lib/python3.10/site-packages/airflow/example_dags/example_skip_dag.py
[2026-03-18T18:41:02.609+0530] {logging_mixin.py:188} INFO - [2026-03-18T18:41:02.609+0530] {dag.py:3047} INFO - Sync 1 DAGs
[2026-03-18T18:41:02.629+0530] {logging_mixin.py:188} INFO - [2026-03-18T18:41:02.629+0530] {dag.py:3834} INFO - Setting next_dagrun for example_skip_dag to 2026-03-17 00:00:00+00:00, run_after=2026-03-18 00:00:00+00:00
[2026-03-18T18:41:02.736+0530] {processor.py:183} INFO - Processing /home/tejasvi/Desktop/airflow_ssh_simulation/venv/lib/python3.10/site-packages/airflow/example_dags/example_skip_dag.py took 0.216 seconds
[2026-03-18T18:42:07.941+0530] {processor.py:161} INFO - Started process (PID=26078) to work on /home/tejasvi/Desktop/airflow_ssh_simulation/venv/lib/python3.10/site-packages/airflow/example_dags/example_skip_dag.py
[2026-03-18T18:42:08.032+0530] {processor.py:830} INFO - Processing file /home/tejasvi/Desktop/airflow_ssh_simulation/venv/lib/python3.10/site-packages/airflow/example_dags/example_skip_dag.py for tasks to queue
[2026-03-18T18:42:08.037+0530] {logging_mixin.py:188} INFO - [2026-03-18T18:42:08.036+0530] {dagbag.py:540} INFO - Filling up the DagBag from /home/tejasvi/Desktop/airflow_ssh_simulation/venv/lib/python3.10/site-packages/airflow/example_dags/example_skip_dag.py
[2026-03-18T18:42:08.052+0530] {processor.py:840} INFO - DAG(s) 'example_skip_dag' retrieved from /home/tejasvi/Desktop/airflow_ssh_simulation/venv/lib/python3.10/site-packages/airflow/example_dags/example_skip_dag.py
[2026-03-18T18:42:08.084+0530] {logging_mixin.py:188} INFO - [2026-03-18T18:42:08.083+0530] {dag.py:3047} INFO - Sync 1 DAGs
[2026-03-18T18:42:08.104+0530] {logging_mixin.py:188} INFO - [2026-03-18T18:42:08.103+0530] {dag.py:3834} INFO - Setting next_dagrun for example_skip_dag to 2026-03-17 00:00:00+00:00, run_after=2026-03-18 00:00:00+00:00
[2026-03-18T18:42:08.394+0530] {processor.py:183} INFO - Processing /home/tejasvi/Desktop/airflow_ssh_simulation/venv/lib/python3.10/site-packages/airflow/example_dags/example_skip_dag.py took 0.457 seconds
[2026-03-18T18:43:28.166+0530] {processor.py:161} INFO - Started process (PID=26254) to work on /home/tejasvi/Desktop/airflow_ssh_simulation/venv/lib/python3.10/site-packages/airflow/example_dags/example_skip_dag.py
[2026-03-18T18:43:28.240+0530] {processor.py:830} INFO - Processing file /home/tejasvi/Desktop/airflow_ssh_simulation/venv/lib/python3.10/site-packages/airflow/example_dags/example_skip_dag.py for tasks to queue
[2026-03-18T18:43:28.243+0530] {logging_mixin.py:188} INFO - [2026-03-18T18:43:28.242+0530] {dagbag.py:540} INFO - Filling up the DagBag from /home/tejasvi/Desktop/airflow_ssh_simulation/venv/lib/python3.10/site-packages/airflow/example_dags/example_skip_dag.py
[2026-03-18T18:43:28.253+0530] {processor.py:840} INFO - DAG(s) 'example_skip_dag' retrieved from /home/tejasvi/Desktop/airflow_ssh_simulation/venv/lib/python3.10/site-packages/airflow/example_dags/example_skip_dag.py
[2026-03-18T18:43:28.270+0530] {logging_mixin.py:188} INFO - [2026-03-18T18:43:28.270+0530] {dag.py:3047} INFO - Sync 1 DAGs
[2026-03-18T18:43:28.290+0530] {logging_mixin.py:188} INFO - [2026-03-18T18:43:28.290+0530] {dag.py:3834} INFO - Setting next_dagrun for example_skip_dag to 2026-03-17 00:00:00+00:00, run_after=2026-03-18 00:00:00+00:00
[2026-03-18T18:43:28.352+0530] {processor.py:183} INFO - Processing /home/tejasvi/Desktop/airflow_ssh_simulation/venv/lib/python3.10/site-packages/airflow/example_dags/example_skip_dag.py took 0.193 seconds
[2026-03-18T18:44:36.894+0530] {processor.py:161} INFO - Started process (PID=26429) to work on /home/tejasvi/Desktop/airflow_ssh_simulation/venv/lib/python3.10/site-packages/airflow/example_dags/example_skip_dag.py
[2026-03-18T18:44:36.928+0530] {processor.py:830} INFO - Processing file /home/tejasvi/Desktop/airflow_ssh_simulation/venv/lib/python3.10/site-packages/airflow/example_dags/example_skip_dag.py for tasks to queue
[2026-03-18T18:44:36.932+0530] {logging_mixin.py:188} INFO - [2026-03-18T18:44:36.931+0530] {dagbag.py:540} INFO - Filling up the DagBag from /home/tejasvi/Desktop/airflow_ssh_simulation/venv/lib/python3.10/site-packages/airflow/example_dags/example_skip_dag.py
[2026-03-18T18:44:36.941+0530] {processor.py:840} INFO - DAG(s) 'example_skip_dag' retrieved from /home/tejasvi/Desktop/airflow_ssh_simulation/venv/lib/python3.10/site-packages/airflow/example_dags/example_skip_dag.py
[2026-03-18T18:44:36.959+0530] {logging_mixin.py:188} INFO - [2026-03-18T18:44:36.959+0530] {dag.py:3047} INFO - Sync 1 DAGs
[2026-03-18T18:44:36.980+0530] {logging_mixin.py:188} INFO - [2026-03-18T18:44:36.980+0530] {dag.py:3834} INFO - Setting next_dagrun for example_skip_dag to 2026-03-17 00:00:00+00:00, run_after=2026-03-18 00:00:00+00:00
[2026-03-18T18:44:37.060+0530] {processor.py:183} INFO - Processing /home/tejasvi/Desktop/airflow_ssh_simulation/venv/lib/python3.10/site-packages/airflow/example_dags/example_skip_dag.py took 0.173 seconds
[2026-03-18T18:45:54.996+0530] {processor.py:161} INFO - Started process (PID=26594) to work on /home/tejasvi/Desktop/airflow_ssh_simulation/venv/lib/python3.10/site-packages/airflow/example_dags/example_skip_dag.py
[2026-03-18T18:45:55.053+0530] {processor.py:830} INFO - Processing file /home/tejasvi/Desktop/airflow_ssh_simulation/venv/lib/python3.10/site-packages/airflow/example_dags/example_skip_dag.py for tasks to queue
[2026-03-18T18:45:55.056+0530] {logging_mixin.py:188} INFO - [2026-03-18T18:45:55.056+0530] {dagbag.py:540} INFO - Filling up the DagBag from /home/tejasvi/Desktop/airflow_ssh_simulation/venv/lib/python3.10/site-packages/airflow/example_dags/example_skip_dag.py
[2026-03-18T18:45:55.066+0530] {processor.py:840} INFO - DAG(s) 'example_skip_dag' retrieved from /home/tejasvi/Desktop/airflow_ssh_simulation/venv/lib/python3.10/site-packages/airflow/example_dags/example_skip_dag.py
[2026-03-18T18:45:55.083+0530] {logging_mixin.py:188} INFO - [2026-03-18T18:45:55.083+0530] {dag.py:3047} INFO - Sync 1 DAGs
[2026-03-18T18:45:55.103+0530] {logging_mixin.py:188} INFO - [2026-03-18T18:45:55.103+0530] {dag.py:3834} INFO - Setting next_dagrun for example_skip_dag to 2026-03-17 00:00:00+00:00, run_after=2026-03-18 00:00:00+00:00
[2026-03-18T18:45:55.162+0530] {processor.py:183} INFO - Processing /home/tejasvi/Desktop/airflow_ssh_simulation/venv/lib/python3.10/site-packages/airflow/example_dags/example_skip_dag.py took 0.175 seconds
[2026-03-18T18:47:12.595+0530] {processor.py:161} INFO - Started process (PID=26811) to work on /home/tejasvi/Desktop/airflow_ssh_simulation/venv/lib/python3.10/site-packages/airflow/example_dags/example_skip_dag.py
[2026-03-18T18:47:12.604+0530] {processor.py:830} INFO - Processing file /home/tejasvi/Desktop/airflow_ssh_simulation/venv/lib/python3.10/site-packages/airflow/example_dags/example_skip_dag.py for tasks to queue
[2026-03-18T18:47:12.607+0530] {logging_mixin.py:188} INFO - [2026-03-18T18:47:12.606+0530] {dagbag.py:540} INFO - Filling up the DagBag from /home/tejasvi/Desktop/airflow_ssh_simulation/venv/lib/python3.10/site-packages/airflow/example_dags/example_skip_dag.py
[2026-03-18T18:47:12.617+0530] {processor.py:840} INFO - DAG(s) 'example_skip_dag' retrieved from /home/tejasvi/Desktop/airflow_ssh_simulation/venv/lib/python3.10/site-packages/airflow/example_dags/example_skip_dag.py
[2026-03-18T18:47:12.635+0530] {logging_mixin.py:188} INFO - [2026-03-18T18:47:12.635+0530] {dag.py:3047} INFO - Sync 1 DAGs
[2026-03-18T18:47:12.656+0530] {logging_mixin.py:188} INFO - [2026-03-18T18:47:12.655+0530] {dag.py:3834} INFO - Setting next_dagrun for example_skip_dag to 2026-03-17 00:00:00+00:00, run_after=2026-03-18 00:00:00+00:00
[2026-03-18T18:47:12.779+0530] {processor.py:183} INFO - Processing /home/tejasvi/Desktop/airflow_ssh_simulation/venv/lib/python3.10/site-packages/airflow/example_dags/example_skip_dag.py took 0.189 seconds
[2026-03-18T18:48:28.009+0530] {processor.py:161} INFO - Started process (PID=27016) to work on /home/tejasvi/Desktop/airflow_ssh_simulation/venv/lib/python3.10/site-packages/airflow/example_dags/example_skip_dag.py
[2026-03-18T18:48:28.053+0530] {processor.py:830} INFO - Processing file /home/tejasvi/Desktop/airflow_ssh_simulation/venv/lib/python3.10/site-packages/airflow/example_dags/example_skip_dag.py for tasks to queue
[2026-03-18T18:48:28.057+0530] {logging_mixin.py:188} INFO - [2026-03-18T18:48:28.056+0530] {dagbag.py:540} INFO - Filling up the DagBag from /home/tejasvi/Desktop/airflow_ssh_simulation/venv/lib/python3.10/site-packages/airflow/example_dags/example_skip_dag.py
[2026-03-18T18:48:28.066+0530] {processor.py:840} INFO - DAG(s) 'example_skip_dag' retrieved from /home/tejasvi/Desktop/airflow_ssh_simulation/venv/lib/python3.10/site-packages/airflow/example_dags/example_skip_dag.py
[2026-03-18T18:48:28.084+0530] {logging_mixin.py:188} INFO - [2026-03-18T18:48:28.084+0530] {dag.py:3047} INFO - Sync 1 DAGs
[2026-03-18T18:48:28.105+0530] {logging_mixin.py:188} INFO - [2026-03-18T18:48:28.104+0530] {dag.py:3834} INFO - Setting next_dagrun for example_skip_dag to 2026-03-17 00:00:00+00:00, run_after=2026-03-18 00:00:00+00:00
[2026-03-18T18:48:28.194+0530] {processor.py:183} INFO - Processing /home/tejasvi/Desktop/airflow_ssh_simulation/venv/lib/python3.10/site-packages/airflow/example_dags/example_skip_dag.py took 0.193 seconds
[2026-03-18T18:49:40.648+0530] {processor.py:161} INFO - Started process (PID=27186) to work on /home/tejasvi/Desktop/airflow_ssh_simulation/venv/lib/python3.10/site-packages/airflow/example_dags/example_skip_dag.py
[2026-03-18T18:49:40.729+0530] {processor.py:830} INFO - Processing file /home/tejasvi/Desktop/airflow_ssh_simulation/venv/lib/python3.10/site-packages/airflow/example_dags/example_skip_dag.py for tasks to queue
[2026-03-18T18:49:40.732+0530] {logging_mixin.py:188} INFO - [2026-03-18T18:49:40.731+0530] {dagbag.py:540} INFO - Filling up the DagBag from /home/tejasvi/Desktop/airflow_ssh_simulation/venv/lib/python3.10/site-packages/airflow/example_dags/example_skip_dag.py
[2026-03-18T18:49:40.742+0530] {processor.py:840} INFO - DAG(s) 'example_skip_dag' retrieved from /home/tejasvi/Desktop/airflow_ssh_simulation/venv/lib/python3.10/site-packages/airflow/example_dags/example_skip_dag.py
[2026-03-18T18:49:40.760+0530] {logging_mixin.py:188} INFO - [2026-03-18T18:49:40.760+0530] {dag.py:3047} INFO - Sync 1 DAGs
[2026-03-18T18:49:40.780+0530] {logging_mixin.py:188} INFO - [2026-03-18T18:49:40.780+0530] {dag.py:3834} INFO - Setting next_dagrun for example_skip_dag to 2026-03-17 00:00:00+00:00, run_after=2026-03-18 00:00:00+00:00
[2026-03-18T18:49:40.869+0530] {processor.py:183} INFO - Processing /home/tejasvi/Desktop/airflow_ssh_simulation/venv/lib/python3.10/site-packages/airflow/example_dags/example_skip_dag.py took 0.229 seconds
[2026-03-18T18:50:35.628+0530] {processor.py:161} INFO - Started process (PID=27328) to work on /home/tejasvi/Desktop/airflow_ssh_simulation/venv/lib/python3.10/site-packages/airflow/example_dags/example_skip_dag.py
[2026-03-18T18:50:35.707+0530] {processor.py:830} INFO - Processing file /home/tejasvi/Desktop/airflow_ssh_simulation/venv/lib/python3.10/site-packages/airflow/example_dags/example_skip_dag.py for tasks to queue
[2026-03-18T18:50:35.711+0530] {logging_mixin.py:188} INFO - [2026-03-18T18:50:35.710+0530] {dagbag.py:540} INFO - Filling up the DagBag from /home/tejasvi/Desktop/airflow_ssh_simulation/venv/lib/python3.10/site-packages/airflow/example_dags/example_skip_dag.py
[2026-03-18T18:50:35.720+0530] {processor.py:840} INFO - DAG(s) 'example_skip_dag' retrieved from /home/tejasvi/Desktop/airflow_ssh_simulation/venv/lib/python3.10/site-packages/airflow/example_dags/example_skip_dag.py
[2026-03-18T18:50:35.738+0530] {logging_mixin.py:188} INFO - [2026-03-18T18:50:35.737+0530] {dag.py:3047} INFO - Sync 1 DAGs
[2026-03-18T18:50:35.758+0530] {logging_mixin.py:188} INFO - [2026-03-18T18:50:35.758+0530] {dag.py:3834} INFO - Setting next_dagrun for example_skip_dag to 2026-03-17 00:00:00+00:00, run_after=2026-03-18 00:00:00+00:00
[2026-03-18T18:50:36.089+0530] {processor.py:183} INFO - Processing /home/tejasvi/Desktop/airflow_ssh_simulation/venv/lib/python3.10/site-packages/airflow/example_dags/example_skip_dag.py took 0.467 seconds
