[2026-03-18T17:39:04.925+0530] {processor.py:161} INFO - Started process (PID=5246) to work on /home/tejasvi/Desktop/airflow_ssh_simulation/venv/lib/python3.10/site-packages/airflow/example_dags/tutorial_objectstorage.py
[2026-03-18T17:39:04.927+0530] {processor.py:830} INFO - Processing file /home/tejasvi/Desktop/airflow_ssh_simulation/venv/lib/python3.10/site-packages/airflow/example_dags/tutorial_objectstorage.py for tasks to queue
[2026-03-18T17:39:04.929+0530] {logging_mixin.py:188} INFO - [2026-03-18T17:39:04.928+0530] {dagbag.py:540} INFO - Filling up the DagBag from /home/tejasvi/Desktop/airflow_ssh_simulation/venv/lib/python3.10/site-packages/airflow/example_dags/tutorial_objectstorage.py
[2026-03-18T17:39:04.945+0530] {processor.py:840} INFO - DAG(s) 'tutorial_objectstorage' retrieved from /home/tejasvi/Desktop/airflow_ssh_simulation/venv/lib/python3.10/site-packages/airflow/example_dags/tutorial_objectstorage.py
[2026-03-18T17:39:04.982+0530] {logging_mixin.py:188} INFO - [2026-03-18T17:39:04.981+0530] {dag.py:3047} INFO - Sync 1 DAGs
[2026-03-18T17:39:05.000+0530] {logging_mixin.py:188} INFO - [2026-03-18T17:39:05.000+0530] {dag.py:3834} INFO - Setting next_dagrun for tutorial_objectstorage to None, run_after=None
[2026-03-18T17:39:05.090+0530] {processor.py:183} INFO - Processing /home/tejasvi/Desktop/airflow_ssh_simulation/venv/lib/python3.10/site-packages/airflow/example_dags/tutorial_objectstorage.py took 0.172 seconds
[2026-03-18T17:40:17.582+0530] {processor.py:161} INFO - Started process (PID=5448) to work on /home/tejasvi/Desktop/airflow_ssh_simulation/venv/lib/python3.10/site-packages/airflow/example_dags/tutorial_objectstorage.py
[2026-03-18T17:40:17.701+0530] {processor.py:830} INFO - Processing file /home/tejasvi/Desktop/airflow_ssh_simulation/venv/lib/python3.10/site-packages/airflow/example_dags/tutorial_objectstorage.py for tasks to queue
[2026-03-18T17:40:17.705+0530] {logging_mixin.py:188} INFO - [2026-03-18T17:40:17.704+0530] {dagbag.py:540} INFO - Filling up the DagBag from /home/tejasvi/Desktop/airflow_ssh_simulation/venv/lib/python3.10/site-packages/airflow/example_dags/tutorial_objectstorage.py
[2026-03-18T17:40:17.717+0530] {processor.py:840} INFO - DAG(s) 'tutorial_objectstorage' retrieved from /home/tejasvi/Desktop/airflow_ssh_simulation/venv/lib/python3.10/site-packages/airflow/example_dags/tutorial_objectstorage.py
[2026-03-18T17:40:17.934+0530] {logging_mixin.py:188} INFO - [2026-03-18T17:40:17.933+0530] {dag.py:3047} INFO - Sync 1 DAGs
[2026-03-18T17:40:17.960+0530] {logging_mixin.py:188} INFO - [2026-03-18T17:40:17.959+0530] {dag.py:3834} INFO - Setting next_dagrun for tutorial_objectstorage to None, run_after=None
[2026-03-18T17:40:18.070+0530] {processor.py:183} INFO - Processing /home/tejasvi/Desktop/airflow_ssh_simulation/venv/lib/python3.10/site-packages/airflow/example_dags/tutorial_objectstorage.py took 0.495 seconds
[2026-03-18T17:41:36.618+0530] {processor.py:161} INFO - Started process (PID=5561) to work on /home/tejasvi/Desktop/airflow_ssh_simulation/venv/lib/python3.10/site-packages/airflow/example_dags/tutorial_objectstorage.py
[2026-03-18T17:41:36.704+0530] {processor.py:830} INFO - Processing file /home/tejasvi/Desktop/airflow_ssh_simulation/venv/lib/python3.10/site-packages/airflow/example_dags/tutorial_objectstorage.py for tasks to queue
[2026-03-18T17:41:36.708+0530] {logging_mixin.py:188} INFO - [2026-03-18T17:41:36.707+0530] {dagbag.py:540} INFO - Filling up the DagBag from /home/tejasvi/Desktop/airflow_ssh_simulation/venv/lib/python3.10/site-packages/airflow/example_dags/tutorial_objectstorage.py
[2026-03-18T17:41:36.724+0530] {processor.py:840} INFO - DAG(s) 'tutorial_objectstorage' retrieved from /home/tejasvi/Desktop/airflow_ssh_simulation/venv/lib/python3.10/site-packages/airflow/example_dags/tutorial_objectstorage.py
[2026-03-18T17:41:36.754+0530] {logging_mixin.py:188} INFO - [2026-03-18T17:41:36.753+0530] {dag.py:3047} INFO - Sync 1 DAGs
[2026-03-18T17:41:36.772+0530] {logging_mixin.py:188} INFO - [2026-03-18T17:41:36.771+0530] {dag.py:3834} INFO - Setting next_dagrun for tutorial_objectstorage to None, run_after=None
[2026-03-18T17:41:36.836+0530] {processor.py:183} INFO - Processing /home/tejasvi/Desktop/airflow_ssh_simulation/venv/lib/python3.10/site-packages/airflow/example_dags/tutorial_objectstorage.py took 0.225 seconds
[2026-03-18T17:42:41.190+0530] {processor.py:161} INFO - Started process (PID=5713) to work on /home/tejasvi/Desktop/airflow_ssh_simulation/venv/lib/python3.10/site-packages/airflow/example_dags/tutorial_objectstorage.py
[2026-03-18T17:42:41.281+0530] {processor.py:830} INFO - Processing file /home/tejasvi/Desktop/airflow_ssh_simulation/venv/lib/python3.10/site-packages/airflow/example_dags/tutorial_objectstorage.py for tasks to queue
[2026-03-18T17:42:41.284+0530] {logging_mixin.py:188} INFO - [2026-03-18T17:42:41.284+0530] {dagbag.py:540} INFO - Filling up the DagBag from /home/tejasvi/Desktop/airflow_ssh_simulation/venv/lib/python3.10/site-packages/airflow/example_dags/tutorial_objectstorage.py
[2026-03-18T17:42:41.295+0530] {processor.py:840} INFO - DAG(s) 'tutorial_objectstorage' retrieved from /home/tejasvi/Desktop/airflow_ssh_simulation/venv/lib/python3.10/site-packages/airflow/example_dags/tutorial_objectstorage.py
[2026-03-18T17:42:41.318+0530] {logging_mixin.py:188} INFO - [2026-03-18T17:42:41.317+0530] {dag.py:3047} INFO - Sync 1 DAGs
[2026-03-18T17:42:41.336+0530] {logging_mixin.py:188} INFO - [2026-03-18T17:42:41.336+0530] {dag.py:3834} INFO - Setting next_dagrun for tutorial_objectstorage to None, run_after=None
[2026-03-18T17:42:41.422+0530] {processor.py:183} INFO - Processing /home/tejasvi/Desktop/airflow_ssh_simulation/venv/lib/python3.10/site-packages/airflow/example_dags/tutorial_objectstorage.py took 0.238 seconds
[2026-03-18T17:43:50.430+0530] {processor.py:161} INFO - Started process (PID=6854) to work on /home/tejasvi/Desktop/airflow_ssh_simulation/venv/lib/python3.10/site-packages/airflow/example_dags/tutorial_objectstorage.py
[2026-03-18T17:43:50.512+0530] {processor.py:830} INFO - Processing file /home/tejasvi/Desktop/airflow_ssh_simulation/venv/lib/python3.10/site-packages/airflow/example_dags/tutorial_objectstorage.py for tasks to queue
[2026-03-18T17:43:50.519+0530] {logging_mixin.py:188} INFO - [2026-03-18T17:43:50.517+0530] {dagbag.py:540} INFO - Filling up the DagBag from /home/tejasvi/Desktop/airflow_ssh_simulation/venv/lib/python3.10/site-packages/airflow/example_dags/tutorial_objectstorage.py
[2026-03-18T17:43:50.545+0530] {processor.py:840} INFO - DAG(s) 'tutorial_objectstorage' retrieved from /home/tejasvi/Desktop/airflow_ssh_simulation/venv/lib/python3.10/site-packages/airflow/example_dags/tutorial_objectstorage.py
[2026-03-18T17:43:50.601+0530] {logging_mixin.py:188} INFO - [2026-03-18T17:43:50.598+0530] {dag.py:3047} INFO - Sync 1 DAGs
[2026-03-18T17:43:50.657+0530] {logging_mixin.py:188} INFO - [2026-03-18T17:43:50.656+0530] {dag.py:3834} INFO - Setting next_dagrun for tutorial_objectstorage to None, run_after=None
[2026-03-18T17:43:50.756+0530] {processor.py:183} INFO - Processing /home/tejasvi/Desktop/airflow_ssh_simulation/venv/lib/python3.10/site-packages/airflow/example_dags/tutorial_objectstorage.py took 0.336 seconds
[2026-03-18T17:45:02.472+0530] {processor.py:161} INFO - Started process (PID=7829) to work on /home/tejasvi/Desktop/airflow_ssh_simulation/venv/lib/python3.10/site-packages/airflow/example_dags/tutorial_objectstorage.py
[2026-03-18T17:45:02.482+0530] {processor.py:830} INFO - Processing file /home/tejasvi/Desktop/airflow_ssh_simulation/venv/lib/python3.10/site-packages/airflow/example_dags/tutorial_objectstorage.py for tasks to queue
[2026-03-18T17:45:02.486+0530] {logging_mixin.py:188} INFO - [2026-03-18T17:45:02.485+0530] {dagbag.py:540} INFO - Filling up the DagBag from /home/tejasvi/Desktop/airflow_ssh_simulation/venv/lib/python3.10/site-packages/airflow/example_dags/tutorial_objectstorage.py
[2026-03-18T17:45:02.497+0530] {processor.py:840} INFO - DAG(s) 'tutorial_objectstorage' retrieved from /home/tejasvi/Desktop/airflow_ssh_simulation/venv/lib/python3.10/site-packages/airflow/example_dags/tutorial_objectstorage.py
[2026-03-18T17:45:02.520+0530] {logging_mixin.py:188} INFO - [2026-03-18T17:45:02.520+0530] {dag.py:3047} INFO - Sync 1 DAGs
[2026-03-18T17:45:02.538+0530] {logging_mixin.py:188} INFO - [2026-03-18T17:45:02.538+0530] {dag.py:3834} INFO - Setting next_dagrun for tutorial_objectstorage to None, run_after=None
[2026-03-18T17:45:02.636+0530] {processor.py:183} INFO - Processing /home/tejasvi/Desktop/airflow_ssh_simulation/venv/lib/python3.10/site-packages/airflow/example_dags/tutorial_objectstorage.py took 0.171 seconds
[2026-03-18T17:46:09.156+0530] {processor.py:161} INFO - Started process (PID=8897) to work on /home/tejasvi/Desktop/airflow_ssh_simulation/venv/lib/python3.10/site-packages/airflow/example_dags/tutorial_objectstorage.py
[2026-03-18T17:46:09.268+0530] {processor.py:830} INFO - Processing file /home/tejasvi/Desktop/airflow_ssh_simulation/venv/lib/python3.10/site-packages/airflow/example_dags/tutorial_objectstorage.py for tasks to queue
[2026-03-18T17:46:09.275+0530] {logging_mixin.py:188} INFO - [2026-03-18T17:46:09.273+0530] {dagbag.py:540} INFO - Filling up the DagBag from /home/tejasvi/Desktop/airflow_ssh_simulation/venv/lib/python3.10/site-packages/airflow/example_dags/tutorial_objectstorage.py
[2026-03-18T17:46:09.300+0530] {processor.py:840} INFO - DAG(s) 'tutorial_objectstorage' retrieved from /home/tejasvi/Desktop/airflow_ssh_simulation/venv/lib/python3.10/site-packages/airflow/example_dags/tutorial_objectstorage.py
[2026-03-18T17:46:09.330+0530] {logging_mixin.py:188} INFO - [2026-03-18T17:46:09.329+0530] {dag.py:3047} INFO - Sync 1 DAGs
[2026-03-18T17:46:09.350+0530] {logging_mixin.py:188} INFO - [2026-03-18T17:46:09.350+0530] {dag.py:3834} INFO - Setting next_dagrun for tutorial_objectstorage to None, run_after=None
[2026-03-18T17:46:09.478+0530] {processor.py:183} INFO - Processing /home/tejasvi/Desktop/airflow_ssh_simulation/venv/lib/python3.10/site-packages/airflow/example_dags/tutorial_objectstorage.py took 0.327 seconds
[2026-03-18T17:47:30.123+0530] {processor.py:161} INFO - Started process (PID=9517) to work on /home/tejasvi/Desktop/airflow_ssh_simulation/venv/lib/python3.10/site-packages/airflow/example_dags/tutorial_objectstorage.py
[2026-03-18T17:47:30.196+0530] {processor.py:830} INFO - Processing file /home/tejasvi/Desktop/airflow_ssh_simulation/venv/lib/python3.10/site-packages/airflow/example_dags/tutorial_objectstorage.py for tasks to queue
[2026-03-18T17:47:30.199+0530] {logging_mixin.py:188} INFO - [2026-03-18T17:47:30.198+0530] {dagbag.py:540} INFO - Filling up the DagBag from /home/tejasvi/Desktop/airflow_ssh_simulation/venv/lib/python3.10/site-packages/airflow/example_dags/tutorial_objectstorage.py
[2026-03-18T17:47:30.233+0530] {processor.py:840} INFO - DAG(s) 'tutorial_objectstorage' retrieved from /home/tejasvi/Desktop/airflow_ssh_simulation/venv/lib/python3.10/site-packages/airflow/example_dags/tutorial_objectstorage.py
[2026-03-18T17:47:30.260+0530] {logging_mixin.py:188} INFO - [2026-03-18T17:47:30.259+0530] {dag.py:3047} INFO - Sync 1 DAGs
[2026-03-18T17:47:30.273+0530] {logging_mixin.py:188} INFO - [2026-03-18T17:47:30.273+0530] {dag.py:3834} INFO - Setting next_dagrun for tutorial_objectstorage to None, run_after=None
[2026-03-18T17:47:30.320+0530] {processor.py:183} INFO - Processing /home/tejasvi/Desktop/airflow_ssh_simulation/venv/lib/python3.10/site-packages/airflow/example_dags/tutorial_objectstorage.py took 0.203 seconds
[2026-03-18T17:48:34.484+0530] {processor.py:161} INFO - Started process (PID=10043) to work on /home/tejasvi/Desktop/airflow_ssh_simulation/venv/lib/python3.10/site-packages/airflow/example_dags/tutorial_objectstorage.py
[2026-03-18T17:48:34.517+0530] {processor.py:830} INFO - Processing file /home/tejasvi/Desktop/airflow_ssh_simulation/venv/lib/python3.10/site-packages/airflow/example_dags/tutorial_objectstorage.py for tasks to queue
[2026-03-18T17:48:34.520+0530] {logging_mixin.py:188} INFO - [2026-03-18T17:48:34.520+0530] {dagbag.py:540} INFO - Filling up the DagBag from /home/tejasvi/Desktop/airflow_ssh_simulation/venv/lib/python3.10/site-packages/airflow/example_dags/tutorial_objectstorage.py
[2026-03-18T17:48:34.531+0530] {processor.py:840} INFO - DAG(s) 'tutorial_objectstorage' retrieved from /home/tejasvi/Desktop/airflow_ssh_simulation/venv/lib/python3.10/site-packages/airflow/example_dags/tutorial_objectstorage.py
[2026-03-18T17:48:34.547+0530] {logging_mixin.py:188} INFO - [2026-03-18T17:48:34.547+0530] {dag.py:3047} INFO - Sync 1 DAGs
[2026-03-18T17:48:34.560+0530] {logging_mixin.py:188} INFO - [2026-03-18T17:48:34.559+0530] {dag.py:3834} INFO - Setting next_dagrun for tutorial_objectstorage to None, run_after=None
[2026-03-18T17:48:34.673+0530] {processor.py:183} INFO - Processing /home/tejasvi/Desktop/airflow_ssh_simulation/venv/lib/python3.10/site-packages/airflow/example_dags/tutorial_objectstorage.py took 0.196 seconds
[2026-03-18T17:49:34.998+0530] {processor.py:161} INFO - Started process (PID=10514) to work on /home/tejasvi/Desktop/airflow_ssh_simulation/venv/lib/python3.10/site-packages/airflow/example_dags/tutorial_objectstorage.py
[2026-03-18T17:49:35.012+0530] {processor.py:830} INFO - Processing file /home/tejasvi/Desktop/airflow_ssh_simulation/venv/lib/python3.10/site-packages/airflow/example_dags/tutorial_objectstorage.py for tasks to queue
[2026-03-18T17:49:35.014+0530] {logging_mixin.py:188} INFO - [2026-03-18T17:49:35.014+0530] {dagbag.py:540} INFO - Filling up the DagBag from /home/tejasvi/Desktop/airflow_ssh_simulation/venv/lib/python3.10/site-packages/airflow/example_dags/tutorial_objectstorage.py
[2026-03-18T17:49:35.023+0530] {processor.py:840} INFO - DAG(s) 'tutorial_objectstorage' retrieved from /home/tejasvi/Desktop/airflow_ssh_simulation/venv/lib/python3.10/site-packages/airflow/example_dags/tutorial_objectstorage.py
[2026-03-18T17:49:35.038+0530] {logging_mixin.py:188} INFO - [2026-03-18T17:49:35.037+0530] {dag.py:3047} INFO - Sync 1 DAGs
[2026-03-18T17:49:35.049+0530] {logging_mixin.py:188} INFO - [2026-03-18T17:49:35.049+0530] {dag.py:3834} INFO - Setting next_dagrun for tutorial_objectstorage to None, run_after=None
[2026-03-18T17:49:35.165+0530] {processor.py:183} INFO - Processing /home/tejasvi/Desktop/airflow_ssh_simulation/venv/lib/python3.10/site-packages/airflow/example_dags/tutorial_objectstorage.py took 0.175 seconds
[2026-03-18T17:50:43.189+0530] {processor.py:161} INFO - Started process (PID=11039) to work on /home/tejasvi/Desktop/airflow_ssh_simulation/venv/lib/python3.10/site-packages/airflow/example_dags/tutorial_objectstorage.py
[2026-03-18T17:50:43.291+0530] {processor.py:830} INFO - Processing file /home/tejasvi/Desktop/airflow_ssh_simulation/venv/lib/python3.10/site-packages/airflow/example_dags/tutorial_objectstorage.py for tasks to queue
[2026-03-18T17:50:43.293+0530] {logging_mixin.py:188} INFO - [2026-03-18T17:50:43.293+0530] {dagbag.py:540} INFO - Filling up the DagBag from /home/tejasvi/Desktop/airflow_ssh_simulation/venv/lib/python3.10/site-packages/airflow/example_dags/tutorial_objectstorage.py
[2026-03-18T17:50:43.303+0530] {processor.py:840} INFO - DAG(s) 'tutorial_objectstorage' retrieved from /home/tejasvi/Desktop/airflow_ssh_simulation/venv/lib/python3.10/site-packages/airflow/example_dags/tutorial_objectstorage.py
[2026-03-18T17:50:43.318+0530] {logging_mixin.py:188} INFO - [2026-03-18T17:50:43.317+0530] {dag.py:3047} INFO - Sync 1 DAGs
[2026-03-18T17:50:43.329+0530] {logging_mixin.py:188} INFO - [2026-03-18T17:50:43.329+0530] {dag.py:3834} INFO - Setting next_dagrun for tutorial_objectstorage to None, run_after=None
[2026-03-18T17:50:43.451+0530] {processor.py:183} INFO - Processing /home/tejasvi/Desktop/airflow_ssh_simulation/venv/lib/python3.10/site-packages/airflow/example_dags/tutorial_objectstorage.py took 0.269 seconds
[2026-03-18T17:51:47.487+0530] {processor.py:161} INFO - Started process (PID=11611) to work on /home/tejasvi/Desktop/airflow_ssh_simulation/venv/lib/python3.10/site-packages/airflow/example_dags/tutorial_objectstorage.py
[2026-03-18T17:51:47.520+0530] {processor.py:830} INFO - Processing file /home/tejasvi/Desktop/airflow_ssh_simulation/venv/lib/python3.10/site-packages/airflow/example_dags/tutorial_objectstorage.py for tasks to queue
[2026-03-18T17:51:47.523+0530] {logging_mixin.py:188} INFO - [2026-03-18T17:51:47.522+0530] {dagbag.py:540} INFO - Filling up the DagBag from /home/tejasvi/Desktop/airflow_ssh_simulation/venv/lib/python3.10/site-packages/airflow/example_dags/tutorial_objectstorage.py
[2026-03-18T17:51:47.532+0530] {processor.py:840} INFO - DAG(s) 'tutorial_objectstorage' retrieved from /home/tejasvi/Desktop/airflow_ssh_simulation/venv/lib/python3.10/site-packages/airflow/example_dags/tutorial_objectstorage.py
[2026-03-18T17:51:47.549+0530] {logging_mixin.py:188} INFO - [2026-03-18T17:51:47.549+0530] {dag.py:3047} INFO - Sync 1 DAGs
[2026-03-18T17:51:47.562+0530] {logging_mixin.py:188} INFO - [2026-03-18T17:51:47.561+0530] {dag.py:3834} INFO - Setting next_dagrun for tutorial_objectstorage to None, run_after=None
[2026-03-18T17:51:47.663+0530] {processor.py:183} INFO - Processing /home/tejasvi/Desktop/airflow_ssh_simulation/venv/lib/python3.10/site-packages/airflow/example_dags/tutorial_objectstorage.py took 0.183 seconds
[2026-03-18T17:53:02.070+0530] {processor.py:161} INFO - Started process (PID=12419) to work on /home/tejasvi/Desktop/airflow_ssh_simulation/venv/lib/python3.10/site-packages/airflow/example_dags/tutorial_objectstorage.py
[2026-03-18T17:53:02.073+0530] {processor.py:830} INFO - Processing file /home/tejasvi/Desktop/airflow_ssh_simulation/venv/lib/python3.10/site-packages/airflow/example_dags/tutorial_objectstorage.py for tasks to queue
[2026-03-18T17:53:02.076+0530] {logging_mixin.py:188} INFO - [2026-03-18T17:53:02.075+0530] {dagbag.py:540} INFO - Filling up the DagBag from /home/tejasvi/Desktop/airflow_ssh_simulation/venv/lib/python3.10/site-packages/airflow/example_dags/tutorial_objectstorage.py
[2026-03-18T17:53:02.089+0530] {processor.py:840} INFO - DAG(s) 'tutorial_objectstorage' retrieved from /home/tejasvi/Desktop/airflow_ssh_simulation/venv/lib/python3.10/site-packages/airflow/example_dags/tutorial_objectstorage.py
[2026-03-18T17:53:02.107+0530] {logging_mixin.py:188} INFO - [2026-03-18T17:53:02.107+0530] {dag.py:3047} INFO - Sync 1 DAGs
[2026-03-18T17:53:02.124+0530] {logging_mixin.py:188} INFO - [2026-03-18T17:53:02.124+0530] {dag.py:3834} INFO - Setting next_dagrun for tutorial_objectstorage to None, run_after=None
[2026-03-18T17:53:02.235+0530] {processor.py:183} INFO - Processing /home/tejasvi/Desktop/airflow_ssh_simulation/venv/lib/python3.10/site-packages/airflow/example_dags/tutorial_objectstorage.py took 0.174 seconds
[2026-03-18T17:54:07.980+0530] {processor.py:161} INFO - Started process (PID=13039) to work on /home/tejasvi/Desktop/airflow_ssh_simulation/venv/lib/python3.10/site-packages/airflow/example_dags/tutorial_objectstorage.py
[2026-03-18T17:54:08.011+0530] {processor.py:830} INFO - Processing file /home/tejasvi/Desktop/airflow_ssh_simulation/venv/lib/python3.10/site-packages/airflow/example_dags/tutorial_objectstorage.py for tasks to queue
[2026-03-18T17:54:08.016+0530] {logging_mixin.py:188} INFO - [2026-03-18T17:54:08.015+0530] {dagbag.py:540} INFO - Filling up the DagBag from /home/tejasvi/Desktop/airflow_ssh_simulation/venv/lib/python3.10/site-packages/airflow/example_dags/tutorial_objectstorage.py
[2026-03-18T17:54:08.033+0530] {processor.py:840} INFO - DAG(s) 'tutorial_objectstorage' retrieved from /home/tejasvi/Desktop/airflow_ssh_simulation/venv/lib/python3.10/site-packages/airflow/example_dags/tutorial_objectstorage.py
[2026-03-18T17:54:08.049+0530] {logging_mixin.py:188} INFO - [2026-03-18T17:54:08.049+0530] {dag.py:3047} INFO - Sync 1 DAGs
[2026-03-18T17:54:08.061+0530] {logging_mixin.py:188} INFO - [2026-03-18T17:54:08.061+0530] {dag.py:3834} INFO - Setting next_dagrun for tutorial_objectstorage to None, run_after=None
[2026-03-18T17:54:08.197+0530] {processor.py:183} INFO - Processing /home/tejasvi/Desktop/airflow_ssh_simulation/venv/lib/python3.10/site-packages/airflow/example_dags/tutorial_objectstorage.py took 0.225 seconds
[2026-03-18T17:55:09.794+0530] {processor.py:161} INFO - Started process (PID=13519) to work on /home/tejasvi/Desktop/airflow_ssh_simulation/venv/lib/python3.10/site-packages/airflow/example_dags/tutorial_objectstorage.py
[2026-03-18T17:55:09.803+0530] {processor.py:830} INFO - Processing file /home/tejasvi/Desktop/airflow_ssh_simulation/venv/lib/python3.10/site-packages/airflow/example_dags/tutorial_objectstorage.py for tasks to queue
[2026-03-18T17:55:09.806+0530] {logging_mixin.py:188} INFO - [2026-03-18T17:55:09.805+0530] {dagbag.py:540} INFO - Filling up the DagBag from /home/tejasvi/Desktop/airflow_ssh_simulation/venv/lib/python3.10/site-packages/airflow/example_dags/tutorial_objectstorage.py
[2026-03-18T17:55:09.815+0530] {processor.py:840} INFO - DAG(s) 'tutorial_objectstorage' retrieved from /home/tejasvi/Desktop/airflow_ssh_simulation/venv/lib/python3.10/site-packages/airflow/example_dags/tutorial_objectstorage.py
[2026-03-18T17:55:09.831+0530] {logging_mixin.py:188} INFO - [2026-03-18T17:55:09.831+0530] {dag.py:3047} INFO - Sync 1 DAGs
[2026-03-18T17:55:09.843+0530] {logging_mixin.py:188} INFO - [2026-03-18T17:55:09.843+0530] {dag.py:3834} INFO - Setting next_dagrun for tutorial_objectstorage to None, run_after=None
[2026-03-18T17:55:09.899+0530] {processor.py:183} INFO - Processing /home/tejasvi/Desktop/airflow_ssh_simulation/venv/lib/python3.10/site-packages/airflow/example_dags/tutorial_objectstorage.py took 0.113 seconds
[2026-03-18T17:56:18.256+0530] {processor.py:161} INFO - Started process (PID=14086) to work on /home/tejasvi/Desktop/airflow_ssh_simulation/venv/lib/python3.10/site-packages/airflow/example_dags/tutorial_objectstorage.py
[2026-03-18T17:56:18.335+0530] {processor.py:830} INFO - Processing file /home/tejasvi/Desktop/airflow_ssh_simulation/venv/lib/python3.10/site-packages/airflow/example_dags/tutorial_objectstorage.py for tasks to queue
[2026-03-18T17:56:18.340+0530] {logging_mixin.py:188} INFO - [2026-03-18T17:56:18.339+0530] {dagbag.py:540} INFO - Filling up the DagBag from /home/tejasvi/Desktop/airflow_ssh_simulation/venv/lib/python3.10/site-packages/airflow/example_dags/tutorial_objectstorage.py
[2026-03-18T17:56:18.361+0530] {processor.py:840} INFO - DAG(s) 'tutorial_objectstorage' retrieved from /home/tejasvi/Desktop/airflow_ssh_simulation/venv/lib/python3.10/site-packages/airflow/example_dags/tutorial_objectstorage.py
[2026-03-18T17:56:18.390+0530] {logging_mixin.py:188} INFO - [2026-03-18T17:56:18.389+0530] {dag.py:3047} INFO - Sync 1 DAGs
[2026-03-18T17:56:18.403+0530] {logging_mixin.py:188} INFO - [2026-03-18T17:56:18.403+0530] {dag.py:3834} INFO - Setting next_dagrun for tutorial_objectstorage to None, run_after=None
[2026-03-18T17:56:18.482+0530] {processor.py:183} INFO - Processing /home/tejasvi/Desktop/airflow_ssh_simulation/venv/lib/python3.10/site-packages/airflow/example_dags/tutorial_objectstorage.py took 0.231 seconds
[2026-03-18T17:57:00.827+0530] {processor.py:161} INFO - Started process (PID=14416) to work on /home/tejasvi/Desktop/airflow_ssh_simulation/venv/lib/python3.10/site-packages/airflow/example_dags/tutorial_objectstorage.py
[2026-03-18T17:57:00.855+0530] {processor.py:830} INFO - Processing file /home/tejasvi/Desktop/airflow_ssh_simulation/venv/lib/python3.10/site-packages/airflow/example_dags/tutorial_objectstorage.py for tasks to queue
[2026-03-18T17:57:00.860+0530] {logging_mixin.py:188} INFO - [2026-03-18T17:57:00.859+0530] {dagbag.py:540} INFO - Filling up the DagBag from /home/tejasvi/Desktop/airflow_ssh_simulation/venv/lib/python3.10/site-packages/airflow/example_dags/tutorial_objectstorage.py
[2026-03-18T17:57:00.878+0530] {processor.py:840} INFO - DAG(s) 'tutorial_objectstorage' retrieved from /home/tejasvi/Desktop/airflow_ssh_simulation/venv/lib/python3.10/site-packages/airflow/example_dags/tutorial_objectstorage.py
[2026-03-18T17:57:00.897+0530] {logging_mixin.py:188} INFO - [2026-03-18T17:57:00.896+0530] {dag.py:3047} INFO - Sync 1 DAGs
[2026-03-18T17:57:00.908+0530] {logging_mixin.py:188} INFO - [2026-03-18T17:57:00.908+0530] {dag.py:3834} INFO - Setting next_dagrun for tutorial_objectstorage to None, run_after=None
[2026-03-18T17:57:00.991+0530] {processor.py:183} INFO - Processing /home/tejasvi/Desktop/airflow_ssh_simulation/venv/lib/python3.10/site-packages/airflow/example_dags/tutorial_objectstorage.py took 0.172 seconds
[2026-03-18T17:58:10.280+0530] {processor.py:161} INFO - Started process (PID=14950) to work on /home/tejasvi/Desktop/airflow_ssh_simulation/venv/lib/python3.10/site-packages/airflow/example_dags/tutorial_objectstorage.py
[2026-03-18T17:58:10.401+0530] {processor.py:830} INFO - Processing file /home/tejasvi/Desktop/airflow_ssh_simulation/venv/lib/python3.10/site-packages/airflow/example_dags/tutorial_objectstorage.py for tasks to queue
[2026-03-18T17:58:10.406+0530] {logging_mixin.py:188} INFO - [2026-03-18T17:58:10.405+0530] {dagbag.py:540} INFO - Filling up the DagBag from /home/tejasvi/Desktop/airflow_ssh_simulation/venv/lib/python3.10/site-packages/airflow/example_dags/tutorial_objectstorage.py
[2026-03-18T17:58:10.425+0530] {processor.py:840} INFO - DAG(s) 'tutorial_objectstorage' retrieved from /home/tejasvi/Desktop/airflow_ssh_simulation/venv/lib/python3.10/site-packages/airflow/example_dags/tutorial_objectstorage.py
[2026-03-18T17:58:10.454+0530] {logging_mixin.py:188} INFO - [2026-03-18T17:58:10.453+0530] {dag.py:3047} INFO - Sync 1 DAGs
[2026-03-18T17:58:10.465+0530] {logging_mixin.py:188} INFO - [2026-03-18T17:58:10.465+0530] {dag.py:3834} INFO - Setting next_dagrun for tutorial_objectstorage to None, run_after=None
[2026-03-18T17:58:10.539+0530] {processor.py:183} INFO - Processing /home/tejasvi/Desktop/airflow_ssh_simulation/venv/lib/python3.10/site-packages/airflow/example_dags/tutorial_objectstorage.py took 0.263 seconds
[2026-03-18T17:59:08.780+0530] {processor.py:161} INFO - Started process (PID=15303) to work on /home/tejasvi/Desktop/airflow_ssh_simulation/venv/lib/python3.10/site-packages/airflow/example_dags/tutorial_objectstorage.py
[2026-03-18T17:59:08.827+0530] {processor.py:830} INFO - Processing file /home/tejasvi/Desktop/airflow_ssh_simulation/venv/lib/python3.10/site-packages/airflow/example_dags/tutorial_objectstorage.py for tasks to queue
[2026-03-18T17:59:08.832+0530] {logging_mixin.py:188} INFO - [2026-03-18T17:59:08.831+0530] {dagbag.py:540} INFO - Filling up the DagBag from /home/tejasvi/Desktop/airflow_ssh_simulation/venv/lib/python3.10/site-packages/airflow/example_dags/tutorial_objectstorage.py
[2026-03-18T17:59:08.846+0530] {processor.py:840} INFO - DAG(s) 'tutorial_objectstorage' retrieved from /home/tejasvi/Desktop/airflow_ssh_simulation/venv/lib/python3.10/site-packages/airflow/example_dags/tutorial_objectstorage.py
[2026-03-18T17:59:08.863+0530] {logging_mixin.py:188} INFO - [2026-03-18T17:59:08.862+0530] {dag.py:3047} INFO - Sync 1 DAGs
[2026-03-18T17:59:08.877+0530] {logging_mixin.py:188} INFO - [2026-03-18T17:59:08.877+0530] {dag.py:3834} INFO - Setting next_dagrun for tutorial_objectstorage to None, run_after=None
[2026-03-18T17:59:08.942+0530] {processor.py:183} INFO - Processing /home/tejasvi/Desktop/airflow_ssh_simulation/venv/lib/python3.10/site-packages/airflow/example_dags/tutorial_objectstorage.py took 0.168 seconds
[2026-03-18T18:00:16.440+0530] {processor.py:161} INFO - Started process (PID=15464) to work on /home/tejasvi/Desktop/airflow_ssh_simulation/venv/lib/python3.10/site-packages/airflow/example_dags/tutorial_objectstorage.py
[2026-03-18T18:00:16.495+0530] {processor.py:830} INFO - Processing file /home/tejasvi/Desktop/airflow_ssh_simulation/venv/lib/python3.10/site-packages/airflow/example_dags/tutorial_objectstorage.py for tasks to queue
[2026-03-18T18:00:16.498+0530] {logging_mixin.py:188} INFO - [2026-03-18T18:00:16.497+0530] {dagbag.py:540} INFO - Filling up the DagBag from /home/tejasvi/Desktop/airflow_ssh_simulation/venv/lib/python3.10/site-packages/airflow/example_dags/tutorial_objectstorage.py
[2026-03-18T18:00:16.512+0530] {processor.py:840} INFO - DAG(s) 'tutorial_objectstorage' retrieved from /home/tejasvi/Desktop/airflow_ssh_simulation/venv/lib/python3.10/site-packages/airflow/example_dags/tutorial_objectstorage.py
[2026-03-18T18:00:16.540+0530] {logging_mixin.py:188} INFO - [2026-03-18T18:00:16.540+0530] {dag.py:3047} INFO - Sync 1 DAGs
[2026-03-18T18:00:16.554+0530] {logging_mixin.py:188} INFO - [2026-03-18T18:00:16.554+0530] {dag.py:3834} INFO - Setting next_dagrun for tutorial_objectstorage to None, run_after=None
[2026-03-18T18:00:16.631+0530] {processor.py:183} INFO - Processing /home/tejasvi/Desktop/airflow_ssh_simulation/venv/lib/python3.10/site-packages/airflow/example_dags/tutorial_objectstorage.py took 0.197 seconds
[2026-03-18T18:01:15.896+0530] {processor.py:161} INFO - Started process (PID=16689) to work on /home/tejasvi/Desktop/airflow_ssh_simulation/venv/lib/python3.10/site-packages/airflow/example_dags/tutorial_objectstorage.py
[2026-03-18T18:01:15.901+0530] {processor.py:830} INFO - Processing file /home/tejasvi/Desktop/airflow_ssh_simulation/venv/lib/python3.10/site-packages/airflow/example_dags/tutorial_objectstorage.py for tasks to queue
[2026-03-18T18:01:15.904+0530] {logging_mixin.py:188} INFO - [2026-03-18T18:01:15.904+0530] {dagbag.py:540} INFO - Filling up the DagBag from /home/tejasvi/Desktop/airflow_ssh_simulation/venv/lib/python3.10/site-packages/airflow/example_dags/tutorial_objectstorage.py
[2026-03-18T18:01:15.928+0530] {processor.py:840} INFO - DAG(s) 'tutorial_objectstorage' retrieved from /home/tejasvi/Desktop/airflow_ssh_simulation/venv/lib/python3.10/site-packages/airflow/example_dags/tutorial_objectstorage.py
[2026-03-18T18:01:15.946+0530] {logging_mixin.py:188} INFO - [2026-03-18T18:01:15.945+0530] {dag.py:3047} INFO - Sync 1 DAGs
[2026-03-18T18:01:15.959+0530] {logging_mixin.py:188} INFO - [2026-03-18T18:01:15.959+0530] {dag.py:3834} INFO - Setting next_dagrun for tutorial_objectstorage to None, run_after=None
[2026-03-18T18:01:16.102+0530] {processor.py:183} INFO - Processing /home/tejasvi/Desktop/airflow_ssh_simulation/venv/lib/python3.10/site-packages/airflow/example_dags/tutorial_objectstorage.py took 0.213 seconds
[2026-03-18T18:02:30.394+0530] {processor.py:161} INFO - Started process (PID=17978) to work on /home/tejasvi/Desktop/airflow_ssh_simulation/venv/lib/python3.10/site-packages/airflow/example_dags/tutorial_objectstorage.py
[2026-03-18T18:02:30.398+0530] {processor.py:830} INFO - Processing file /home/tejasvi/Desktop/airflow_ssh_simulation/venv/lib/python3.10/site-packages/airflow/example_dags/tutorial_objectstorage.py for tasks to queue
[2026-03-18T18:02:30.401+0530] {logging_mixin.py:188} INFO - [2026-03-18T18:02:30.400+0530] {dagbag.py:540} INFO - Filling up the DagBag from /home/tejasvi/Desktop/airflow_ssh_simulation/venv/lib/python3.10/site-packages/airflow/example_dags/tutorial_objectstorage.py
[2026-03-18T18:02:30.423+0530] {processor.py:840} INFO - DAG(s) 'tutorial_objectstorage' retrieved from /home/tejasvi/Desktop/airflow_ssh_simulation/venv/lib/python3.10/site-packages/airflow/example_dags/tutorial_objectstorage.py
[2026-03-18T18:02:30.521+0530] {logging_mixin.py:188} INFO - [2026-03-18T18:02:30.520+0530] {dag.py:3047} INFO - Sync 1 DAGs
[2026-03-18T18:02:30.535+0530] {logging_mixin.py:188} INFO - [2026-03-18T18:02:30.535+0530] {dag.py:3834} INFO - Setting next_dagrun for tutorial_objectstorage to None, run_after=None
[2026-03-18T18:02:30.655+0530] {processor.py:183} INFO - Processing /home/tejasvi/Desktop/airflow_ssh_simulation/venv/lib/python3.10/site-packages/airflow/example_dags/tutorial_objectstorage.py took 0.265 seconds
[2026-03-18T18:03:41.462+0530] {processor.py:161} INFO - Started process (PID=18158) to work on /home/tejasvi/Desktop/airflow_ssh_simulation/venv/lib/python3.10/site-packages/airflow/example_dags/tutorial_objectstorage.py
[2026-03-18T18:03:41.500+0530] {processor.py:830} INFO - Processing file /home/tejasvi/Desktop/airflow_ssh_simulation/venv/lib/python3.10/site-packages/airflow/example_dags/tutorial_objectstorage.py for tasks to queue
[2026-03-18T18:03:41.503+0530] {logging_mixin.py:188} INFO - [2026-03-18T18:03:41.503+0530] {dagbag.py:540} INFO - Filling up the DagBag from /home/tejasvi/Desktop/airflow_ssh_simulation/venv/lib/python3.10/site-packages/airflow/example_dags/tutorial_objectstorage.py
[2026-03-18T18:03:41.515+0530] {processor.py:840} INFO - DAG(s) 'tutorial_objectstorage' retrieved from /home/tejasvi/Desktop/airflow_ssh_simulation/venv/lib/python3.10/site-packages/airflow/example_dags/tutorial_objectstorage.py
[2026-03-18T18:03:41.532+0530] {logging_mixin.py:188} INFO - [2026-03-18T18:03:41.532+0530] {dag.py:3047} INFO - Sync 1 DAGs
[2026-03-18T18:03:41.545+0530] {logging_mixin.py:188} INFO - [2026-03-18T18:03:41.545+0530] {dag.py:3834} INFO - Setting next_dagrun for tutorial_objectstorage to None, run_after=None
[2026-03-18T18:03:41.632+0530] {processor.py:183} INFO - Processing /home/tejasvi/Desktop/airflow_ssh_simulation/venv/lib/python3.10/site-packages/airflow/example_dags/tutorial_objectstorage.py took 0.175 seconds
[2026-03-18T18:04:48.238+0530] {processor.py:161} INFO - Started process (PID=18662) to work on /home/tejasvi/Desktop/airflow_ssh_simulation/venv/lib/python3.10/site-packages/airflow/example_dags/tutorial_objectstorage.py
[2026-03-18T18:04:48.750+0530] {processor.py:830} INFO - Processing file /home/tejasvi/Desktop/airflow_ssh_simulation/venv/lib/python3.10/site-packages/airflow/example_dags/tutorial_objectstorage.py for tasks to queue
[2026-03-18T18:04:48.755+0530] {logging_mixin.py:188} INFO - [2026-03-18T18:04:48.754+0530] {dagbag.py:540} INFO - Filling up the DagBag from /home/tejasvi/Desktop/airflow_ssh_simulation/venv/lib/python3.10/site-packages/airflow/example_dags/tutorial_objectstorage.py
[2026-03-18T18:04:48.779+0530] {processor.py:840} INFO - DAG(s) 'tutorial_objectstorage' retrieved from /home/tejasvi/Desktop/airflow_ssh_simulation/venv/lib/python3.10/site-packages/airflow/example_dags/tutorial_objectstorage.py
[2026-03-18T18:04:48.808+0530] {logging_mixin.py:188} INFO - [2026-03-18T18:04:48.807+0530] {dag.py:3047} INFO - Sync 1 DAGs
[2026-03-18T18:04:48.821+0530] {logging_mixin.py:188} INFO - [2026-03-18T18:04:48.821+0530] {dag.py:3834} INFO - Setting next_dagrun for tutorial_objectstorage to None, run_after=None
[2026-03-18T18:04:48.884+0530] {processor.py:183} INFO - Processing /home/tejasvi/Desktop/airflow_ssh_simulation/venv/lib/python3.10/site-packages/airflow/example_dags/tutorial_objectstorage.py took 0.654 seconds
[2026-03-18T18:05:54.950+0530] {processor.py:161} INFO - Started process (PID=18829) to work on /home/tejasvi/Desktop/airflow_ssh_simulation/venv/lib/python3.10/site-packages/airflow/example_dags/tutorial_objectstorage.py
[2026-03-18T18:05:54.990+0530] {processor.py:830} INFO - Processing file /home/tejasvi/Desktop/airflow_ssh_simulation/venv/lib/python3.10/site-packages/airflow/example_dags/tutorial_objectstorage.py for tasks to queue
[2026-03-18T18:05:54.993+0530] {logging_mixin.py:188} INFO - [2026-03-18T18:05:54.993+0530] {dagbag.py:540} INFO - Filling up the DagBag from /home/tejasvi/Desktop/airflow_ssh_simulation/venv/lib/python3.10/site-packages/airflow/example_dags/tutorial_objectstorage.py
[2026-03-18T18:05:55.007+0530] {processor.py:840} INFO - DAG(s) 'tutorial_objectstorage' retrieved from /home/tejasvi/Desktop/airflow_ssh_simulation/venv/lib/python3.10/site-packages/airflow/example_dags/tutorial_objectstorage.py
[2026-03-18T18:05:55.029+0530] {logging_mixin.py:188} INFO - [2026-03-18T18:05:55.029+0530] {dag.py:3047} INFO - Sync 1 DAGs
[2026-03-18T18:05:55.043+0530] {logging_mixin.py:188} INFO - [2026-03-18T18:05:55.043+0530] {dag.py:3834} INFO - Setting next_dagrun for tutorial_objectstorage to None, run_after=None
[2026-03-18T18:05:55.246+0530] {processor.py:183} INFO - Processing /home/tejasvi/Desktop/airflow_ssh_simulation/venv/lib/python3.10/site-packages/airflow/example_dags/tutorial_objectstorage.py took 0.302 seconds
[2026-03-18T18:06:52.566+0530] {processor.py:161} INFO - Started process (PID=19007) to work on /home/tejasvi/Desktop/airflow_ssh_simulation/venv/lib/python3.10/site-packages/airflow/example_dags/tutorial_objectstorage.py
[2026-03-18T18:06:52.579+0530] {processor.py:830} INFO - Processing file /home/tejasvi/Desktop/airflow_ssh_simulation/venv/lib/python3.10/site-packages/airflow/example_dags/tutorial_objectstorage.py for tasks to queue
[2026-03-18T18:06:52.584+0530] {logging_mixin.py:188} INFO - [2026-03-18T18:06:52.583+0530] {dagbag.py:540} INFO - Filling up the DagBag from /home/tejasvi/Desktop/airflow_ssh_simulation/venv/lib/python3.10/site-packages/airflow/example_dags/tutorial_objectstorage.py
[2026-03-18T18:06:52.595+0530] {processor.py:840} INFO - DAG(s) 'tutorial_objectstorage' retrieved from /home/tejasvi/Desktop/airflow_ssh_simulation/venv/lib/python3.10/site-packages/airflow/example_dags/tutorial_objectstorage.py
[2026-03-18T18:06:52.615+0530] {logging_mixin.py:188} INFO - [2026-03-18T18:06:52.614+0530] {dag.py:3047} INFO - Sync 1 DAGs
[2026-03-18T18:06:52.630+0530] {logging_mixin.py:188} INFO - [2026-03-18T18:06:52.630+0530] {dag.py:3834} INFO - Setting next_dagrun for tutorial_objectstorage to None, run_after=None
[2026-03-18T18:06:52.675+0530] {processor.py:183} INFO - Processing /home/tejasvi/Desktop/airflow_ssh_simulation/venv/lib/python3.10/site-packages/airflow/example_dags/tutorial_objectstorage.py took 0.115 seconds
[2026-03-18T18:07:55.029+0530] {processor.py:161} INFO - Started process (PID=19168) to work on /home/tejasvi/Desktop/airflow_ssh_simulation/venv/lib/python3.10/site-packages/airflow/example_dags/tutorial_objectstorage.py
[2026-03-18T18:07:55.034+0530] {processor.py:830} INFO - Processing file /home/tejasvi/Desktop/airflow_ssh_simulation/venv/lib/python3.10/site-packages/airflow/example_dags/tutorial_objectstorage.py for tasks to queue
[2026-03-18T18:07:55.037+0530] {logging_mixin.py:188} INFO - [2026-03-18T18:07:55.037+0530] {dagbag.py:540} INFO - Filling up the DagBag from /home/tejasvi/Desktop/airflow_ssh_simulation/venv/lib/python3.10/site-packages/airflow/example_dags/tutorial_objectstorage.py
[2026-03-18T18:07:55.047+0530] {processor.py:840} INFO - DAG(s) 'tutorial_objectstorage' retrieved from /home/tejasvi/Desktop/airflow_ssh_simulation/venv/lib/python3.10/site-packages/airflow/example_dags/tutorial_objectstorage.py
[2026-03-18T18:07:55.070+0530] {logging_mixin.py:188} INFO - [2026-03-18T18:07:55.069+0530] {dag.py:3047} INFO - Sync 1 DAGs
[2026-03-18T18:07:55.088+0530] {logging_mixin.py:188} INFO - [2026-03-18T18:07:55.088+0530] {dag.py:3834} INFO - Setting next_dagrun for tutorial_objectstorage to None, run_after=None
[2026-03-18T18:07:55.155+0530] {processor.py:183} INFO - Processing /home/tejasvi/Desktop/airflow_ssh_simulation/venv/lib/python3.10/site-packages/airflow/example_dags/tutorial_objectstorage.py took 0.133 seconds
[2026-03-18T18:08:56.047+0530] {processor.py:161} INFO - Started process (PID=19345) to work on /home/tejasvi/Desktop/airflow_ssh_simulation/venv/lib/python3.10/site-packages/airflow/example_dags/tutorial_objectstorage.py
[2026-03-18T18:08:56.109+0530] {processor.py:830} INFO - Processing file /home/tejasvi/Desktop/airflow_ssh_simulation/venv/lib/python3.10/site-packages/airflow/example_dags/tutorial_objectstorage.py for tasks to queue
[2026-03-18T18:08:56.114+0530] {logging_mixin.py:188} INFO - [2026-03-18T18:08:56.113+0530] {dagbag.py:540} INFO - Filling up the DagBag from /home/tejasvi/Desktop/airflow_ssh_simulation/venv/lib/python3.10/site-packages/airflow/example_dags/tutorial_objectstorage.py
[2026-03-18T18:08:56.133+0530] {processor.py:840} INFO - DAG(s) 'tutorial_objectstorage' retrieved from /home/tejasvi/Desktop/airflow_ssh_simulation/venv/lib/python3.10/site-packages/airflow/example_dags/tutorial_objectstorage.py
[2026-03-18T18:08:56.160+0530] {logging_mixin.py:188} INFO - [2026-03-18T18:08:56.160+0530] {dag.py:3047} INFO - Sync 1 DAGs
[2026-03-18T18:08:56.175+0530] {logging_mixin.py:188} INFO - [2026-03-18T18:08:56.174+0530] {dag.py:3834} INFO - Setting next_dagrun for tutorial_objectstorage to None, run_after=None
[2026-03-18T18:08:56.248+0530] {processor.py:183} INFO - Processing /home/tejasvi/Desktop/airflow_ssh_simulation/venv/lib/python3.10/site-packages/airflow/example_dags/tutorial_objectstorage.py took 0.209 seconds
[2026-03-18T18:09:52.641+0530] {processor.py:161} INFO - Started process (PID=19492) to work on /home/tejasvi/Desktop/airflow_ssh_simulation/venv/lib/python3.10/site-packages/airflow/example_dags/tutorial_objectstorage.py
[2026-03-18T18:09:52.697+0530] {processor.py:830} INFO - Processing file /home/tejasvi/Desktop/airflow_ssh_simulation/venv/lib/python3.10/site-packages/airflow/example_dags/tutorial_objectstorage.py for tasks to queue
[2026-03-18T18:09:52.703+0530] {logging_mixin.py:188} INFO - [2026-03-18T18:09:52.702+0530] {dagbag.py:540} INFO - Filling up the DagBag from /home/tejasvi/Desktop/airflow_ssh_simulation/venv/lib/python3.10/site-packages/airflow/example_dags/tutorial_objectstorage.py
[2026-03-18T18:09:52.717+0530] {processor.py:840} INFO - DAG(s) 'tutorial_objectstorage' retrieved from /home/tejasvi/Desktop/airflow_ssh_simulation/venv/lib/python3.10/site-packages/airflow/example_dags/tutorial_objectstorage.py
[2026-03-18T18:09:52.741+0530] {logging_mixin.py:188} INFO - [2026-03-18T18:09:52.741+0530] {dag.py:3047} INFO - Sync 1 DAGs
[2026-03-18T18:09:52.767+0530] {logging_mixin.py:188} INFO - [2026-03-18T18:09:52.766+0530] {dag.py:3834} INFO - Setting next_dagrun for tutorial_objectstorage to None, run_after=None
[2026-03-18T18:09:52.835+0530] {processor.py:183} INFO - Processing /home/tejasvi/Desktop/airflow_ssh_simulation/venv/lib/python3.10/site-packages/airflow/example_dags/tutorial_objectstorage.py took 0.200 seconds
[2026-03-18T18:10:52.423+0530] {processor.py:161} INFO - Started process (PID=19657) to work on /home/tejasvi/Desktop/airflow_ssh_simulation/venv/lib/python3.10/site-packages/airflow/example_dags/tutorial_objectstorage.py
[2026-03-18T18:10:52.475+0530] {processor.py:830} INFO - Processing file /home/tejasvi/Desktop/airflow_ssh_simulation/venv/lib/python3.10/site-packages/airflow/example_dags/tutorial_objectstorage.py for tasks to queue
[2026-03-18T18:10:52.478+0530] {logging_mixin.py:188} INFO - [2026-03-18T18:10:52.477+0530] {dagbag.py:540} INFO - Filling up the DagBag from /home/tejasvi/Desktop/airflow_ssh_simulation/venv/lib/python3.10/site-packages/airflow/example_dags/tutorial_objectstorage.py
[2026-03-18T18:10:52.489+0530] {processor.py:840} INFO - DAG(s) 'tutorial_objectstorage' retrieved from /home/tejasvi/Desktop/airflow_ssh_simulation/venv/lib/python3.10/site-packages/airflow/example_dags/tutorial_objectstorage.py
[2026-03-18T18:10:52.508+0530] {logging_mixin.py:188} INFO - [2026-03-18T18:10:52.508+0530] {dag.py:3047} INFO - Sync 1 DAGs
[2026-03-18T18:10:52.523+0530] {logging_mixin.py:188} INFO - [2026-03-18T18:10:52.523+0530] {dag.py:3834} INFO - Setting next_dagrun for tutorial_objectstorage to None, run_after=None
[2026-03-18T18:10:52.613+0530] {processor.py:183} INFO - Processing /home/tejasvi/Desktop/airflow_ssh_simulation/venv/lib/python3.10/site-packages/airflow/example_dags/tutorial_objectstorage.py took 0.195 seconds
[2026-03-18T18:12:00.293+0530] {processor.py:161} INFO - Started process (PID=19873) to work on /home/tejasvi/Desktop/airflow_ssh_simulation/venv/lib/python3.10/site-packages/airflow/example_dags/tutorial_objectstorage.py
[2026-03-18T18:12:00.392+0530] {processor.py:830} INFO - Processing file /home/tejasvi/Desktop/airflow_ssh_simulation/venv/lib/python3.10/site-packages/airflow/example_dags/tutorial_objectstorage.py for tasks to queue
[2026-03-18T18:12:00.397+0530] {logging_mixin.py:188} INFO - [2026-03-18T18:12:00.395+0530] {dagbag.py:540} INFO - Filling up the DagBag from /home/tejasvi/Desktop/airflow_ssh_simulation/venv/lib/python3.10/site-packages/airflow/example_dags/tutorial_objectstorage.py
[2026-03-18T18:12:00.409+0530] {processor.py:840} INFO - DAG(s) 'tutorial_objectstorage' retrieved from /home/tejasvi/Desktop/airflow_ssh_simulation/venv/lib/python3.10/site-packages/airflow/example_dags/tutorial_objectstorage.py
[2026-03-18T18:12:00.430+0530] {logging_mixin.py:188} INFO - [2026-03-18T18:12:00.429+0530] {dag.py:3047} INFO - Sync 1 DAGs
[2026-03-18T18:12:00.444+0530] {logging_mixin.py:188} INFO - [2026-03-18T18:12:00.444+0530] {dag.py:3834} INFO - Setting next_dagrun for tutorial_objectstorage to None, run_after=None
[2026-03-18T18:12:00.682+0530] {processor.py:183} INFO - Processing /home/tejasvi/Desktop/airflow_ssh_simulation/venv/lib/python3.10/site-packages/airflow/example_dags/tutorial_objectstorage.py took 0.394 seconds
[2026-03-18T18:13:11.100+0530] {processor.py:161} INFO - Started process (PID=20037) to work on /home/tejasvi/Desktop/airflow_ssh_simulation/venv/lib/python3.10/site-packages/airflow/example_dags/tutorial_objectstorage.py
[2026-03-18T18:13:11.120+0530] {processor.py:830} INFO - Processing file /home/tejasvi/Desktop/airflow_ssh_simulation/venv/lib/python3.10/site-packages/airflow/example_dags/tutorial_objectstorage.py for tasks to queue
[2026-03-18T18:13:11.125+0530] {logging_mixin.py:188} INFO - [2026-03-18T18:13:11.125+0530] {dagbag.py:540} INFO - Filling up the DagBag from /home/tejasvi/Desktop/airflow_ssh_simulation/venv/lib/python3.10/site-packages/airflow/example_dags/tutorial_objectstorage.py
[2026-03-18T18:13:11.138+0530] {processor.py:840} INFO - DAG(s) 'tutorial_objectstorage' retrieved from /home/tejasvi/Desktop/airflow_ssh_simulation/venv/lib/python3.10/site-packages/airflow/example_dags/tutorial_objectstorage.py
[2026-03-18T18:13:11.161+0530] {logging_mixin.py:188} INFO - [2026-03-18T18:13:11.161+0530] {dag.py:3047} INFO - Sync 1 DAGs
[2026-03-18T18:13:11.176+0530] {logging_mixin.py:188} INFO - [2026-03-18T18:13:11.176+0530] {dag.py:3834} INFO - Setting next_dagrun for tutorial_objectstorage to None, run_after=None
[2026-03-18T18:13:11.228+0530] {processor.py:183} INFO - Processing /home/tejasvi/Desktop/airflow_ssh_simulation/venv/lib/python3.10/site-packages/airflow/example_dags/tutorial_objectstorage.py took 0.133 seconds
[2026-03-18T18:14:28.271+0530] {processor.py:161} INFO - Started process (PID=20221) to work on /home/tejasvi/Desktop/airflow_ssh_simulation/venv/lib/python3.10/site-packages/airflow/example_dags/tutorial_objectstorage.py
[2026-03-18T18:14:28.306+0530] {processor.py:830} INFO - Processing file /home/tejasvi/Desktop/airflow_ssh_simulation/venv/lib/python3.10/site-packages/airflow/example_dags/tutorial_objectstorage.py for tasks to queue
[2026-03-18T18:14:28.311+0530] {logging_mixin.py:188} INFO - [2026-03-18T18:14:28.310+0530] {dagbag.py:540} INFO - Filling up the DagBag from /home/tejasvi/Desktop/airflow_ssh_simulation/venv/lib/python3.10/site-packages/airflow/example_dags/tutorial_objectstorage.py
[2026-03-18T18:14:28.323+0530] {processor.py:840} INFO - DAG(s) 'tutorial_objectstorage' retrieved from /home/tejasvi/Desktop/airflow_ssh_simulation/venv/lib/python3.10/site-packages/airflow/example_dags/tutorial_objectstorage.py
[2026-03-18T18:14:28.340+0530] {logging_mixin.py:188} INFO - [2026-03-18T18:14:28.339+0530] {dag.py:3047} INFO - Sync 1 DAGs
[2026-03-18T18:14:28.354+0530] {logging_mixin.py:188} INFO - [2026-03-18T18:14:28.354+0530] {dag.py:3834} INFO - Setting next_dagrun for tutorial_objectstorage to None, run_after=None
[2026-03-18T18:14:28.504+0530] {processor.py:183} INFO - Processing /home/tejasvi/Desktop/airflow_ssh_simulation/venv/lib/python3.10/site-packages/airflow/example_dags/tutorial_objectstorage.py took 0.243 seconds
[2026-03-18T18:15:12.829+0530] {processor.py:161} INFO - Started process (PID=20316) to work on /home/tejasvi/Desktop/airflow_ssh_simulation/venv/lib/python3.10/site-packages/airflow/example_dags/tutorial_objectstorage.py
[2026-03-18T18:15:12.871+0530] {processor.py:830} INFO - Processing file /home/tejasvi/Desktop/airflow_ssh_simulation/venv/lib/python3.10/site-packages/airflow/example_dags/tutorial_objectstorage.py for tasks to queue
[2026-03-18T18:15:12.874+0530] {logging_mixin.py:188} INFO - [2026-03-18T18:15:12.873+0530] {dagbag.py:540} INFO - Filling up the DagBag from /home/tejasvi/Desktop/airflow_ssh_simulation/venv/lib/python3.10/site-packages/airflow/example_dags/tutorial_objectstorage.py
[2026-03-18T18:15:12.886+0530] {processor.py:840} INFO - DAG(s) 'tutorial_objectstorage' retrieved from /home/tejasvi/Desktop/airflow_ssh_simulation/venv/lib/python3.10/site-packages/airflow/example_dags/tutorial_objectstorage.py
[2026-03-18T18:15:12.908+0530] {logging_mixin.py:188} INFO - [2026-03-18T18:15:12.907+0530] {dag.py:3047} INFO - Sync 1 DAGs
[2026-03-18T18:15:12.923+0530] {logging_mixin.py:188} INFO - [2026-03-18T18:15:12.923+0530] {dag.py:3834} INFO - Setting next_dagrun for tutorial_objectstorage to None, run_after=None
[2026-03-18T18:15:13.058+0530] {processor.py:183} INFO - Processing /home/tejasvi/Desktop/airflow_ssh_simulation/venv/lib/python3.10/site-packages/airflow/example_dags/tutorial_objectstorage.py took 0.233 seconds
[2026-03-18T18:16:15.501+0530] {processor.py:161} INFO - Started process (PID=20504) to work on /home/tejasvi/Desktop/airflow_ssh_simulation/venv/lib/python3.10/site-packages/airflow/example_dags/tutorial_objectstorage.py
[2026-03-18T18:16:15.592+0530] {processor.py:830} INFO - Processing file /home/tejasvi/Desktop/airflow_ssh_simulation/venv/lib/python3.10/site-packages/airflow/example_dags/tutorial_objectstorage.py for tasks to queue
[2026-03-18T18:16:15.596+0530] {logging_mixin.py:188} INFO - [2026-03-18T18:16:15.595+0530] {dagbag.py:540} INFO - Filling up the DagBag from /home/tejasvi/Desktop/airflow_ssh_simulation/venv/lib/python3.10/site-packages/airflow/example_dags/tutorial_objectstorage.py
[2026-03-18T18:16:15.613+0530] {processor.py:840} INFO - DAG(s) 'tutorial_objectstorage' retrieved from /home/tejasvi/Desktop/airflow_ssh_simulation/venv/lib/python3.10/site-packages/airflow/example_dags/tutorial_objectstorage.py
[2026-03-18T18:16:15.637+0530] {logging_mixin.py:188} INFO - [2026-03-18T18:16:15.637+0530] {dag.py:3047} INFO - Sync 1 DAGs
[2026-03-18T18:16:15.650+0530] {logging_mixin.py:188} INFO - [2026-03-18T18:16:15.649+0530] {dag.py:3834} INFO - Setting next_dagrun for tutorial_objectstorage to None, run_after=None
[2026-03-18T18:16:15.739+0530] {processor.py:183} INFO - Processing /home/tejasvi/Desktop/airflow_ssh_simulation/venv/lib/python3.10/site-packages/airflow/example_dags/tutorial_objectstorage.py took 0.244 seconds
[2026-03-18T18:17:30.483+0530] {processor.py:161} INFO - Started process (PID=20686) to work on /home/tejasvi/Desktop/airflow_ssh_simulation/venv/lib/python3.10/site-packages/airflow/example_dags/tutorial_objectstorage.py
[2026-03-18T18:17:30.508+0530] {processor.py:830} INFO - Processing file /home/tejasvi/Desktop/airflow_ssh_simulation/venv/lib/python3.10/site-packages/airflow/example_dags/tutorial_objectstorage.py for tasks to queue
[2026-03-18T18:17:30.511+0530] {logging_mixin.py:188} INFO - [2026-03-18T18:17:30.510+0530] {dagbag.py:540} INFO - Filling up the DagBag from /home/tejasvi/Desktop/airflow_ssh_simulation/venv/lib/python3.10/site-packages/airflow/example_dags/tutorial_objectstorage.py
[2026-03-18T18:17:30.523+0530] {processor.py:840} INFO - DAG(s) 'tutorial_objectstorage' retrieved from /home/tejasvi/Desktop/airflow_ssh_simulation/venv/lib/python3.10/site-packages/airflow/example_dags/tutorial_objectstorage.py
[2026-03-18T18:17:30.541+0530] {logging_mixin.py:188} INFO - [2026-03-18T18:17:30.540+0530] {dag.py:3047} INFO - Sync 1 DAGs
[2026-03-18T18:17:30.557+0530] {logging_mixin.py:188} INFO - [2026-03-18T18:17:30.556+0530] {dag.py:3834} INFO - Setting next_dagrun for tutorial_objectstorage to None, run_after=None
[2026-03-18T18:17:30.672+0530] {processor.py:183} INFO - Processing /home/tejasvi/Desktop/airflow_ssh_simulation/venv/lib/python3.10/site-packages/airflow/example_dags/tutorial_objectstorage.py took 0.194 seconds
[2026-03-18T18:18:36.784+0530] {processor.py:161} INFO - Started process (PID=22050) to work on /home/tejasvi/Desktop/airflow_ssh_simulation/venv/lib/python3.10/site-packages/airflow/example_dags/tutorial_objectstorage.py
[2026-03-18T18:18:36.836+0530] {processor.py:830} INFO - Processing file /home/tejasvi/Desktop/airflow_ssh_simulation/venv/lib/python3.10/site-packages/airflow/example_dags/tutorial_objectstorage.py for tasks to queue
[2026-03-18T18:18:36.840+0530] {logging_mixin.py:188} INFO - [2026-03-18T18:18:36.839+0530] {dagbag.py:540} INFO - Filling up the DagBag from /home/tejasvi/Desktop/airflow_ssh_simulation/venv/lib/python3.10/site-packages/airflow/example_dags/tutorial_objectstorage.py
[2026-03-18T18:18:36.887+0530] {processor.py:840} INFO - DAG(s) 'tutorial_objectstorage' retrieved from /home/tejasvi/Desktop/airflow_ssh_simulation/venv/lib/python3.10/site-packages/airflow/example_dags/tutorial_objectstorage.py
[2026-03-18T18:18:36.918+0530] {logging_mixin.py:188} INFO - [2026-03-18T18:18:36.917+0530] {dag.py:3047} INFO - Sync 1 DAGs
[2026-03-18T18:18:36.932+0530] {logging_mixin.py:188} INFO - [2026-03-18T18:18:36.932+0530] {dag.py:3834} INFO - Setting next_dagrun for tutorial_objectstorage to None, run_after=None
[2026-03-18T18:18:36.989+0530] {processor.py:183} INFO - Processing /home/tejasvi/Desktop/airflow_ssh_simulation/venv/lib/python3.10/site-packages/airflow/example_dags/tutorial_objectstorage.py took 0.214 seconds
[2026-03-18T18:19:18.367+0530] {processor.py:161} INFO - Started process (PID=22150) to work on /home/tejasvi/Desktop/airflow_ssh_simulation/venv/lib/python3.10/site-packages/airflow/example_dags/tutorial_objectstorage.py
[2026-03-18T18:19:18.457+0530] {processor.py:830} INFO - Processing file /home/tejasvi/Desktop/airflow_ssh_simulation/venv/lib/python3.10/site-packages/airflow/example_dags/tutorial_objectstorage.py for tasks to queue
[2026-03-18T18:19:18.461+0530] {logging_mixin.py:188} INFO - [2026-03-18T18:19:18.460+0530] {dagbag.py:540} INFO - Filling up the DagBag from /home/tejasvi/Desktop/airflow_ssh_simulation/venv/lib/python3.10/site-packages/airflow/example_dags/tutorial_objectstorage.py
[2026-03-18T18:19:18.474+0530] {processor.py:840} INFO - DAG(s) 'tutorial_objectstorage' retrieved from /home/tejasvi/Desktop/airflow_ssh_simulation/venv/lib/python3.10/site-packages/airflow/example_dags/tutorial_objectstorage.py
[2026-03-18T18:19:18.497+0530] {logging_mixin.py:188} INFO - [2026-03-18T18:19:18.496+0530] {dag.py:3047} INFO - Sync 1 DAGs
[2026-03-18T18:19:18.514+0530] {logging_mixin.py:188} INFO - [2026-03-18T18:19:18.514+0530] {dag.py:3834} INFO - Setting next_dagrun for tutorial_objectstorage to None, run_after=None
[2026-03-18T18:19:18.610+0530] {processor.py:183} INFO - Processing /home/tejasvi/Desktop/airflow_ssh_simulation/venv/lib/python3.10/site-packages/airflow/example_dags/tutorial_objectstorage.py took 0.247 seconds
[2026-03-18T18:20:30.634+0530] {processor.py:161} INFO - Started process (PID=22364) to work on /home/tejasvi/Desktop/airflow_ssh_simulation/venv/lib/python3.10/site-packages/airflow/example_dags/tutorial_objectstorage.py
[2026-03-18T18:20:30.670+0530] {processor.py:830} INFO - Processing file /home/tejasvi/Desktop/airflow_ssh_simulation/venv/lib/python3.10/site-packages/airflow/example_dags/tutorial_objectstorage.py for tasks to queue
[2026-03-18T18:20:30.674+0530] {logging_mixin.py:188} INFO - [2026-03-18T18:20:30.674+0530] {dagbag.py:540} INFO - Filling up the DagBag from /home/tejasvi/Desktop/airflow_ssh_simulation/venv/lib/python3.10/site-packages/airflow/example_dags/tutorial_objectstorage.py
[2026-03-18T18:20:30.685+0530] {processor.py:840} INFO - DAG(s) 'tutorial_objectstorage' retrieved from /home/tejasvi/Desktop/airflow_ssh_simulation/venv/lib/python3.10/site-packages/airflow/example_dags/tutorial_objectstorage.py
[2026-03-18T18:20:30.704+0530] {logging_mixin.py:188} INFO - [2026-03-18T18:20:30.703+0530] {dag.py:3047} INFO - Sync 1 DAGs
[2026-03-18T18:20:30.721+0530] {logging_mixin.py:188} INFO - [2026-03-18T18:20:30.721+0530] {dag.py:3834} INFO - Setting next_dagrun for tutorial_objectstorage to None, run_after=None
[2026-03-18T18:20:30.810+0530] {processor.py:183} INFO - Processing /home/tejasvi/Desktop/airflow_ssh_simulation/venv/lib/python3.10/site-packages/airflow/example_dags/tutorial_objectstorage.py took 0.181 seconds
[2026-03-18T18:21:36.619+0530] {processor.py:161} INFO - Started process (PID=22564) to work on /home/tejasvi/Desktop/airflow_ssh_simulation/venv/lib/python3.10/site-packages/airflow/example_dags/tutorial_objectstorage.py
[2026-03-18T18:21:36.647+0530] {processor.py:830} INFO - Processing file /home/tejasvi/Desktop/airflow_ssh_simulation/venv/lib/python3.10/site-packages/airflow/example_dags/tutorial_objectstorage.py for tasks to queue
[2026-03-18T18:21:36.651+0530] {logging_mixin.py:188} INFO - [2026-03-18T18:21:36.650+0530] {dagbag.py:540} INFO - Filling up the DagBag from /home/tejasvi/Desktop/airflow_ssh_simulation/venv/lib/python3.10/site-packages/airflow/example_dags/tutorial_objectstorage.py
[2026-03-18T18:21:36.663+0530] {processor.py:840} INFO - DAG(s) 'tutorial_objectstorage' retrieved from /home/tejasvi/Desktop/airflow_ssh_simulation/venv/lib/python3.10/site-packages/airflow/example_dags/tutorial_objectstorage.py
[2026-03-18T18:21:36.683+0530] {logging_mixin.py:188} INFO - [2026-03-18T18:21:36.682+0530] {dag.py:3047} INFO - Sync 1 DAGs
[2026-03-18T18:21:36.700+0530] {logging_mixin.py:188} INFO - [2026-03-18T18:21:36.699+0530] {dag.py:3834} INFO - Setting next_dagrun for tutorial_objectstorage to None, run_after=None
[2026-03-18T18:21:36.791+0530] {processor.py:183} INFO - Processing /home/tejasvi/Desktop/airflow_ssh_simulation/venv/lib/python3.10/site-packages/airflow/example_dags/tutorial_objectstorage.py took 0.181 seconds
[2026-03-18T18:22:46.639+0530] {processor.py:161} INFO - Started process (PID=22736) to work on /home/tejasvi/Desktop/airflow_ssh_simulation/venv/lib/python3.10/site-packages/airflow/example_dags/tutorial_objectstorage.py
[2026-03-18T18:22:46.727+0530] {processor.py:830} INFO - Processing file /home/tejasvi/Desktop/airflow_ssh_simulation/venv/lib/python3.10/site-packages/airflow/example_dags/tutorial_objectstorage.py for tasks to queue
[2026-03-18T18:22:46.732+0530] {logging_mixin.py:188} INFO - [2026-03-18T18:22:46.731+0530] {dagbag.py:540} INFO - Filling up the DagBag from /home/tejasvi/Desktop/airflow_ssh_simulation/venv/lib/python3.10/site-packages/airflow/example_dags/tutorial_objectstorage.py
[2026-03-18T18:22:46.750+0530] {processor.py:840} INFO - DAG(s) 'tutorial_objectstorage' retrieved from /home/tejasvi/Desktop/airflow_ssh_simulation/venv/lib/python3.10/site-packages/airflow/example_dags/tutorial_objectstorage.py
[2026-03-18T18:22:46.775+0530] {logging_mixin.py:188} INFO - [2026-03-18T18:22:46.775+0530] {dag.py:3047} INFO - Sync 1 DAGs
[2026-03-18T18:22:46.790+0530] {logging_mixin.py:188} INFO - [2026-03-18T18:22:46.789+0530] {dag.py:3834} INFO - Setting next_dagrun for tutorial_objectstorage to None, run_after=None
[2026-03-18T18:22:46.878+0530] {processor.py:183} INFO - Processing /home/tejasvi/Desktop/airflow_ssh_simulation/venv/lib/python3.10/site-packages/airflow/example_dags/tutorial_objectstorage.py took 0.244 seconds
[2026-03-18T18:23:50.721+0530] {processor.py:161} INFO - Started process (PID=22894) to work on /home/tejasvi/Desktop/airflow_ssh_simulation/venv/lib/python3.10/site-packages/airflow/example_dags/tutorial_objectstorage.py
[2026-03-18T18:23:50.755+0530] {processor.py:830} INFO - Processing file /home/tejasvi/Desktop/airflow_ssh_simulation/venv/lib/python3.10/site-packages/airflow/example_dags/tutorial_objectstorage.py for tasks to queue
[2026-03-18T18:23:50.760+0530] {logging_mixin.py:188} INFO - [2026-03-18T18:23:50.759+0530] {dagbag.py:540} INFO - Filling up the DagBag from /home/tejasvi/Desktop/airflow_ssh_simulation/venv/lib/python3.10/site-packages/airflow/example_dags/tutorial_objectstorage.py
[2026-03-18T18:23:50.774+0530] {processor.py:840} INFO - DAG(s) 'tutorial_objectstorage' retrieved from /home/tejasvi/Desktop/airflow_ssh_simulation/venv/lib/python3.10/site-packages/airflow/example_dags/tutorial_objectstorage.py
[2026-03-18T18:23:50.797+0530] {logging_mixin.py:188} INFO - [2026-03-18T18:23:50.796+0530] {dag.py:3047} INFO - Sync 1 DAGs
[2026-03-18T18:23:50.811+0530] {logging_mixin.py:188} INFO - [2026-03-18T18:23:50.811+0530] {dag.py:3834} INFO - Setting next_dagrun for tutorial_objectstorage to None, run_after=None
[2026-03-18T18:23:50.890+0530] {processor.py:183} INFO - Processing /home/tejasvi/Desktop/airflow_ssh_simulation/venv/lib/python3.10/site-packages/airflow/example_dags/tutorial_objectstorage.py took 0.177 seconds
[2026-03-18T18:24:58.491+0530] {processor.py:161} INFO - Started process (PID=23070) to work on /home/tejasvi/Desktop/airflow_ssh_simulation/venv/lib/python3.10/site-packages/airflow/example_dags/tutorial_objectstorage.py
[2026-03-18T18:24:58.495+0530] {processor.py:830} INFO - Processing file /home/tejasvi/Desktop/airflow_ssh_simulation/venv/lib/python3.10/site-packages/airflow/example_dags/tutorial_objectstorage.py for tasks to queue
[2026-03-18T18:24:58.498+0530] {logging_mixin.py:188} INFO - [2026-03-18T18:24:58.497+0530] {dagbag.py:540} INFO - Filling up the DagBag from /home/tejasvi/Desktop/airflow_ssh_simulation/venv/lib/python3.10/site-packages/airflow/example_dags/tutorial_objectstorage.py
[2026-03-18T18:24:58.508+0530] {processor.py:840} INFO - DAG(s) 'tutorial_objectstorage' retrieved from /home/tejasvi/Desktop/airflow_ssh_simulation/venv/lib/python3.10/site-packages/airflow/example_dags/tutorial_objectstorage.py
[2026-03-18T18:24:58.525+0530] {logging_mixin.py:188} INFO - [2026-03-18T18:24:58.525+0530] {dag.py:3047} INFO - Sync 1 DAGs
[2026-03-18T18:24:58.539+0530] {logging_mixin.py:188} INFO - [2026-03-18T18:24:58.539+0530] {dag.py:3834} INFO - Setting next_dagrun for tutorial_objectstorage to None, run_after=None
[2026-03-18T18:24:58.582+0530] {processor.py:183} INFO - Processing /home/tejasvi/Desktop/airflow_ssh_simulation/venv/lib/python3.10/site-packages/airflow/example_dags/tutorial_objectstorage.py took 0.102 seconds
[2026-03-18T18:25:55.586+0530] {processor.py:161} INFO - Started process (PID=23212) to work on /home/tejasvi/Desktop/airflow_ssh_simulation/venv/lib/python3.10/site-packages/airflow/example_dags/tutorial_objectstorage.py
[2026-03-18T18:25:55.607+0530] {processor.py:830} INFO - Processing file /home/tejasvi/Desktop/airflow_ssh_simulation/venv/lib/python3.10/site-packages/airflow/example_dags/tutorial_objectstorage.py for tasks to queue
[2026-03-18T18:25:55.610+0530] {logging_mixin.py:188} INFO - [2026-03-18T18:25:55.610+0530] {dagbag.py:540} INFO - Filling up the DagBag from /home/tejasvi/Desktop/airflow_ssh_simulation/venv/lib/python3.10/site-packages/airflow/example_dags/tutorial_objectstorage.py
[2026-03-18T18:25:55.621+0530] {processor.py:840} INFO - DAG(s) 'tutorial_objectstorage' retrieved from /home/tejasvi/Desktop/airflow_ssh_simulation/venv/lib/python3.10/site-packages/airflow/example_dags/tutorial_objectstorage.py
[2026-03-18T18:25:55.638+0530] {logging_mixin.py:188} INFO - [2026-03-18T18:25:55.637+0530] {dag.py:3047} INFO - Sync 1 DAGs
[2026-03-18T18:25:55.652+0530] {logging_mixin.py:188} INFO - [2026-03-18T18:25:55.651+0530] {dag.py:3834} INFO - Setting next_dagrun for tutorial_objectstorage to None, run_after=None
[2026-03-18T18:25:55.737+0530] {processor.py:183} INFO - Processing /home/tejasvi/Desktop/airflow_ssh_simulation/venv/lib/python3.10/site-packages/airflow/example_dags/tutorial_objectstorage.py took 0.156 seconds
[2026-03-18T18:26:55.021+0530] {processor.py:161} INFO - Started process (PID=23425) to work on /home/tejasvi/Desktop/airflow_ssh_simulation/venv/lib/python3.10/site-packages/airflow/example_dags/tutorial_objectstorage.py
[2026-03-18T18:26:55.061+0530] {processor.py:830} INFO - Processing file /home/tejasvi/Desktop/airflow_ssh_simulation/venv/lib/python3.10/site-packages/airflow/example_dags/tutorial_objectstorage.py for tasks to queue
[2026-03-18T18:26:55.066+0530] {logging_mixin.py:188} INFO - [2026-03-18T18:26:55.065+0530] {dagbag.py:540} INFO - Filling up the DagBag from /home/tejasvi/Desktop/airflow_ssh_simulation/venv/lib/python3.10/site-packages/airflow/example_dags/tutorial_objectstorage.py
[2026-03-18T18:26:55.081+0530] {processor.py:840} INFO - DAG(s) 'tutorial_objectstorage' retrieved from /home/tejasvi/Desktop/airflow_ssh_simulation/venv/lib/python3.10/site-packages/airflow/example_dags/tutorial_objectstorage.py
[2026-03-18T18:26:55.102+0530] {logging_mixin.py:188} INFO - [2026-03-18T18:26:55.102+0530] {dag.py:3047} INFO - Sync 1 DAGs
[2026-03-18T18:26:55.117+0530] {logging_mixin.py:188} INFO - [2026-03-18T18:26:55.117+0530] {dag.py:3834} INFO - Setting next_dagrun for tutorial_objectstorage to None, run_after=None
[2026-03-18T18:26:55.200+0530] {processor.py:183} INFO - Processing /home/tejasvi/Desktop/airflow_ssh_simulation/venv/lib/python3.10/site-packages/airflow/example_dags/tutorial_objectstorage.py took 0.185 seconds
[2026-03-18T18:27:55.043+0530] {processor.py:161} INFO - Started process (PID=23591) to work on /home/tejasvi/Desktop/airflow_ssh_simulation/venv/lib/python3.10/site-packages/airflow/example_dags/tutorial_objectstorage.py
[2026-03-18T18:27:55.127+0530] {processor.py:830} INFO - Processing file /home/tejasvi/Desktop/airflow_ssh_simulation/venv/lib/python3.10/site-packages/airflow/example_dags/tutorial_objectstorage.py for tasks to queue
[2026-03-18T18:27:55.132+0530] {logging_mixin.py:188} INFO - [2026-03-18T18:27:55.131+0530] {dagbag.py:540} INFO - Filling up the DagBag from /home/tejasvi/Desktop/airflow_ssh_simulation/venv/lib/python3.10/site-packages/airflow/example_dags/tutorial_objectstorage.py
[2026-03-18T18:27:55.145+0530] {processor.py:840} INFO - DAG(s) 'tutorial_objectstorage' retrieved from /home/tejasvi/Desktop/airflow_ssh_simulation/venv/lib/python3.10/site-packages/airflow/example_dags/tutorial_objectstorage.py
[2026-03-18T18:27:55.174+0530] {logging_mixin.py:188} INFO - [2026-03-18T18:27:55.174+0530] {dag.py:3047} INFO - Sync 1 DAGs
[2026-03-18T18:27:55.187+0530] {logging_mixin.py:188} INFO - [2026-03-18T18:27:55.187+0530] {dag.py:3834} INFO - Setting next_dagrun for tutorial_objectstorage to None, run_after=None
[2026-03-18T18:27:55.269+0530] {processor.py:183} INFO - Processing /home/tejasvi/Desktop/airflow_ssh_simulation/venv/lib/python3.10/site-packages/airflow/example_dags/tutorial_objectstorage.py took 0.231 seconds
[2026-03-18T18:29:18.169+0530] {processor.py:161} INFO - Started process (PID=23803) to work on /home/tejasvi/Desktop/airflow_ssh_simulation/venv/lib/python3.10/site-packages/airflow/example_dags/tutorial_objectstorage.py
[2026-03-18T18:29:18.272+0530] {processor.py:830} INFO - Processing file /home/tejasvi/Desktop/airflow_ssh_simulation/venv/lib/python3.10/site-packages/airflow/example_dags/tutorial_objectstorage.py for tasks to queue
[2026-03-18T18:29:18.276+0530] {logging_mixin.py:188} INFO - [2026-03-18T18:29:18.275+0530] {dagbag.py:540} INFO - Filling up the DagBag from /home/tejasvi/Desktop/airflow_ssh_simulation/venv/lib/python3.10/site-packages/airflow/example_dags/tutorial_objectstorage.py
[2026-03-18T18:29:18.286+0530] {processor.py:840} INFO - DAG(s) 'tutorial_objectstorage' retrieved from /home/tejasvi/Desktop/airflow_ssh_simulation/venv/lib/python3.10/site-packages/airflow/example_dags/tutorial_objectstorage.py
[2026-03-18T18:29:18.303+0530] {logging_mixin.py:188} INFO - [2026-03-18T18:29:18.302+0530] {dag.py:3047} INFO - Sync 1 DAGs
[2026-03-18T18:29:18.315+0530] {logging_mixin.py:188} INFO - [2026-03-18T18:29:18.315+0530] {dag.py:3834} INFO - Setting next_dagrun for tutorial_objectstorage to None, run_after=None
[2026-03-18T18:29:18.639+0530] {processor.py:183} INFO - Processing /home/tejasvi/Desktop/airflow_ssh_simulation/venv/lib/python3.10/site-packages/airflow/example_dags/tutorial_objectstorage.py took 0.478 seconds
[2026-03-18T18:30:29.466+0530] {processor.py:161} INFO - Started process (PID=23969) to work on /home/tejasvi/Desktop/airflow_ssh_simulation/venv/lib/python3.10/site-packages/airflow/example_dags/tutorial_objectstorage.py
[2026-03-18T18:30:29.630+0530] {processor.py:830} INFO - Processing file /home/tejasvi/Desktop/airflow_ssh_simulation/venv/lib/python3.10/site-packages/airflow/example_dags/tutorial_objectstorage.py for tasks to queue
[2026-03-18T18:30:29.634+0530] {logging_mixin.py:188} INFO - [2026-03-18T18:30:29.633+0530] {dagbag.py:540} INFO - Filling up the DagBag from /home/tejasvi/Desktop/airflow_ssh_simulation/venv/lib/python3.10/site-packages/airflow/example_dags/tutorial_objectstorage.py
[2026-03-18T18:30:29.644+0530] {processor.py:840} INFO - DAG(s) 'tutorial_objectstorage' retrieved from /home/tejasvi/Desktop/airflow_ssh_simulation/venv/lib/python3.10/site-packages/airflow/example_dags/tutorial_objectstorage.py
[2026-03-18T18:30:29.659+0530] {logging_mixin.py:188} INFO - [2026-03-18T18:30:29.659+0530] {dag.py:3047} INFO - Sync 1 DAGs
[2026-03-18T18:30:29.671+0530] {logging_mixin.py:188} INFO - [2026-03-18T18:30:29.671+0530] {dag.py:3834} INFO - Setting next_dagrun for tutorial_objectstorage to None, run_after=None
[2026-03-18T18:30:29.990+0530] {processor.py:183} INFO - Processing /home/tejasvi/Desktop/airflow_ssh_simulation/venv/lib/python3.10/site-packages/airflow/example_dags/tutorial_objectstorage.py took 0.533 seconds
[2026-03-18T18:31:13.710+0530] {processor.py:161} INFO - Started process (PID=24156) to work on /home/tejasvi/Desktop/airflow_ssh_simulation/venv/lib/python3.10/site-packages/airflow/example_dags/tutorial_objectstorage.py
[2026-03-18T18:31:13.821+0530] {processor.py:830} INFO - Processing file /home/tejasvi/Desktop/airflow_ssh_simulation/venv/lib/python3.10/site-packages/airflow/example_dags/tutorial_objectstorage.py for tasks to queue
[2026-03-18T18:31:13.826+0530] {logging_mixin.py:188} INFO - [2026-03-18T18:31:13.825+0530] {dagbag.py:540} INFO - Filling up the DagBag from /home/tejasvi/Desktop/airflow_ssh_simulation/venv/lib/python3.10/site-packages/airflow/example_dags/tutorial_objectstorage.py
[2026-03-18T18:31:13.845+0530] {processor.py:840} INFO - DAG(s) 'tutorial_objectstorage' retrieved from /home/tejasvi/Desktop/airflow_ssh_simulation/venv/lib/python3.10/site-packages/airflow/example_dags/tutorial_objectstorage.py
[2026-03-18T18:31:13.873+0530] {logging_mixin.py:188} INFO - [2026-03-18T18:31:13.873+0530] {dag.py:3047} INFO - Sync 1 DAGs
[2026-03-18T18:31:13.885+0530] {logging_mixin.py:188} INFO - [2026-03-18T18:31:13.885+0530] {dag.py:3834} INFO - Setting next_dagrun for tutorial_objectstorage to None, run_after=None
[2026-03-18T18:31:14.313+0530] {processor.py:183} INFO - Processing /home/tejasvi/Desktop/airflow_ssh_simulation/venv/lib/python3.10/site-packages/airflow/example_dags/tutorial_objectstorage.py took 0.609 seconds
[2026-03-18T18:32:19.670+0530] {processor.py:161} INFO - Started process (PID=24488) to work on /home/tejasvi/Desktop/airflow_ssh_simulation/venv/lib/python3.10/site-packages/airflow/example_dags/tutorial_objectstorage.py
[2026-03-18T18:32:19.695+0530] {processor.py:830} INFO - Processing file /home/tejasvi/Desktop/airflow_ssh_simulation/venv/lib/python3.10/site-packages/airflow/example_dags/tutorial_objectstorage.py for tasks to queue
[2026-03-18T18:32:19.698+0530] {logging_mixin.py:188} INFO - [2026-03-18T18:32:19.698+0530] {dagbag.py:540} INFO - Filling up the DagBag from /home/tejasvi/Desktop/airflow_ssh_simulation/venv/lib/python3.10/site-packages/airflow/example_dags/tutorial_objectstorage.py
[2026-03-18T18:32:19.709+0530] {processor.py:840} INFO - DAG(s) 'tutorial_objectstorage' retrieved from /home/tejasvi/Desktop/airflow_ssh_simulation/venv/lib/python3.10/site-packages/airflow/example_dags/tutorial_objectstorage.py
[2026-03-18T18:32:19.726+0530] {logging_mixin.py:188} INFO - [2026-03-18T18:32:19.725+0530] {dag.py:3047} INFO - Sync 1 DAGs
[2026-03-18T18:32:19.738+0530] {logging_mixin.py:188} INFO - [2026-03-18T18:32:19.737+0530] {dag.py:3834} INFO - Setting next_dagrun for tutorial_objectstorage to None, run_after=None
[2026-03-18T18:32:19.857+0530] {processor.py:183} INFO - Processing /home/tejasvi/Desktop/airflow_ssh_simulation/venv/lib/python3.10/site-packages/airflow/example_dags/tutorial_objectstorage.py took 0.195 seconds
[2026-03-18T18:33:20.437+0530] {processor.py:161} INFO - Started process (PID=24640) to work on /home/tejasvi/Desktop/airflow_ssh_simulation/venv/lib/python3.10/site-packages/airflow/example_dags/tutorial_objectstorage.py
[2026-03-18T18:33:20.504+0530] {processor.py:830} INFO - Processing file /home/tejasvi/Desktop/airflow_ssh_simulation/venv/lib/python3.10/site-packages/airflow/example_dags/tutorial_objectstorage.py for tasks to queue
[2026-03-18T18:33:20.508+0530] {logging_mixin.py:188} INFO - [2026-03-18T18:33:20.507+0530] {dagbag.py:540} INFO - Filling up the DagBag from /home/tejasvi/Desktop/airflow_ssh_simulation/venv/lib/python3.10/site-packages/airflow/example_dags/tutorial_objectstorage.py
[2026-03-18T18:33:20.524+0530] {processor.py:840} INFO - DAG(s) 'tutorial_objectstorage' retrieved from /home/tejasvi/Desktop/airflow_ssh_simulation/venv/lib/python3.10/site-packages/airflow/example_dags/tutorial_objectstorage.py
[2026-03-18T18:33:20.548+0530] {logging_mixin.py:188} INFO - [2026-03-18T18:33:20.548+0530] {dag.py:3047} INFO - Sync 1 DAGs
[2026-03-18T18:33:20.560+0530] {logging_mixin.py:188} INFO - [2026-03-18T18:33:20.560+0530] {dag.py:3834} INFO - Setting next_dagrun for tutorial_objectstorage to None, run_after=None
[2026-03-18T18:33:20.651+0530] {processor.py:183} INFO - Processing /home/tejasvi/Desktop/airflow_ssh_simulation/venv/lib/python3.10/site-packages/airflow/example_dags/tutorial_objectstorage.py took 0.220 seconds
[2026-03-18T18:34:24.632+0530] {processor.py:161} INFO - Started process (PID=24797) to work on /home/tejasvi/Desktop/airflow_ssh_simulation/venv/lib/python3.10/site-packages/airflow/example_dags/tutorial_objectstorage.py
[2026-03-18T18:34:24.684+0530] {processor.py:830} INFO - Processing file /home/tejasvi/Desktop/airflow_ssh_simulation/venv/lib/python3.10/site-packages/airflow/example_dags/tutorial_objectstorage.py for tasks to queue
[2026-03-18T18:34:24.688+0530] {logging_mixin.py:188} INFO - [2026-03-18T18:34:24.687+0530] {dagbag.py:540} INFO - Filling up the DagBag from /home/tejasvi/Desktop/airflow_ssh_simulation/venv/lib/python3.10/site-packages/airflow/example_dags/tutorial_objectstorage.py
[2026-03-18T18:34:24.698+0530] {processor.py:840} INFO - DAG(s) 'tutorial_objectstorage' retrieved from /home/tejasvi/Desktop/airflow_ssh_simulation/venv/lib/python3.10/site-packages/airflow/example_dags/tutorial_objectstorage.py
[2026-03-18T18:34:24.713+0530] {logging_mixin.py:188} INFO - [2026-03-18T18:34:24.713+0530] {dag.py:3047} INFO - Sync 1 DAGs
[2026-03-18T18:34:24.726+0530] {logging_mixin.py:188} INFO - [2026-03-18T18:34:24.726+0530] {dag.py:3834} INFO - Setting next_dagrun for tutorial_objectstorage to None, run_after=None
[2026-03-18T18:34:24.849+0530] {processor.py:183} INFO - Processing /home/tejasvi/Desktop/airflow_ssh_simulation/venv/lib/python3.10/site-packages/airflow/example_dags/tutorial_objectstorage.py took 0.225 seconds
[2026-03-18T18:35:24.688+0530] {processor.py:161} INFO - Started process (PID=24977) to work on /home/tejasvi/Desktop/airflow_ssh_simulation/venv/lib/python3.10/site-packages/airflow/example_dags/tutorial_objectstorage.py
[2026-03-18T18:35:24.721+0530] {processor.py:830} INFO - Processing file /home/tejasvi/Desktop/airflow_ssh_simulation/venv/lib/python3.10/site-packages/airflow/example_dags/tutorial_objectstorage.py for tasks to queue
[2026-03-18T18:35:24.724+0530] {logging_mixin.py:188} INFO - [2026-03-18T18:35:24.723+0530] {dagbag.py:540} INFO - Filling up the DagBag from /home/tejasvi/Desktop/airflow_ssh_simulation/venv/lib/python3.10/site-packages/airflow/example_dags/tutorial_objectstorage.py
[2026-03-18T18:35:24.734+0530] {processor.py:840} INFO - DAG(s) 'tutorial_objectstorage' retrieved from /home/tejasvi/Desktop/airflow_ssh_simulation/venv/lib/python3.10/site-packages/airflow/example_dags/tutorial_objectstorage.py
[2026-03-18T18:35:24.749+0530] {logging_mixin.py:188} INFO - [2026-03-18T18:35:24.749+0530] {dag.py:3047} INFO - Sync 1 DAGs
[2026-03-18T18:35:24.761+0530] {logging_mixin.py:188} INFO - [2026-03-18T18:35:24.761+0530] {dag.py:3834} INFO - Setting next_dagrun for tutorial_objectstorage to None, run_after=None
[2026-03-18T18:35:24.874+0530] {processor.py:183} INFO - Processing /home/tejasvi/Desktop/airflow_ssh_simulation/venv/lib/python3.10/site-packages/airflow/example_dags/tutorial_objectstorage.py took 0.194 seconds
[2026-03-18T18:36:30.026+0530] {processor.py:161} INFO - Started process (PID=25184) to work on /home/tejasvi/Desktop/airflow_ssh_simulation/venv/lib/python3.10/site-packages/airflow/example_dags/tutorial_objectstorage.py
[2026-03-18T18:36:30.136+0530] {processor.py:830} INFO - Processing file /home/tejasvi/Desktop/airflow_ssh_simulation/venv/lib/python3.10/site-packages/airflow/example_dags/tutorial_objectstorage.py for tasks to queue
[2026-03-18T18:36:30.140+0530] {logging_mixin.py:188} INFO - [2026-03-18T18:36:30.140+0530] {dagbag.py:540} INFO - Filling up the DagBag from /home/tejasvi/Desktop/airflow_ssh_simulation/venv/lib/python3.10/site-packages/airflow/example_dags/tutorial_objectstorage.py
[2026-03-18T18:36:30.152+0530] {processor.py:840} INFO - DAG(s) 'tutorial_objectstorage' retrieved from /home/tejasvi/Desktop/airflow_ssh_simulation/venv/lib/python3.10/site-packages/airflow/example_dags/tutorial_objectstorage.py
[2026-03-18T18:36:30.169+0530] {logging_mixin.py:188} INFO - [2026-03-18T18:36:30.169+0530] {dag.py:3047} INFO - Sync 1 DAGs
[2026-03-18T18:36:30.181+0530] {logging_mixin.py:188} INFO - [2026-03-18T18:36:30.181+0530] {dag.py:3834} INFO - Setting next_dagrun for tutorial_objectstorage to None, run_after=None
[2026-03-18T18:36:30.264+0530] {processor.py:183} INFO - Processing /home/tejasvi/Desktop/airflow_ssh_simulation/venv/lib/python3.10/site-packages/airflow/example_dags/tutorial_objectstorage.py took 0.246 seconds
[2026-03-18T18:37:42.901+0530] {processor.py:161} INFO - Started process (PID=25378) to work on /home/tejasvi/Desktop/airflow_ssh_simulation/venv/lib/python3.10/site-packages/airflow/example_dags/tutorial_objectstorage.py
[2026-03-18T18:37:42.956+0530] {processor.py:830} INFO - Processing file /home/tejasvi/Desktop/airflow_ssh_simulation/venv/lib/python3.10/site-packages/airflow/example_dags/tutorial_objectstorage.py for tasks to queue
[2026-03-18T18:37:42.961+0530] {logging_mixin.py:188} INFO - [2026-03-18T18:37:42.960+0530] {dagbag.py:540} INFO - Filling up the DagBag from /home/tejasvi/Desktop/airflow_ssh_simulation/venv/lib/python3.10/site-packages/airflow/example_dags/tutorial_objectstorage.py
[2026-03-18T18:37:42.981+0530] {processor.py:840} INFO - DAG(s) 'tutorial_objectstorage' retrieved from /home/tejasvi/Desktop/airflow_ssh_simulation/venv/lib/python3.10/site-packages/airflow/example_dags/tutorial_objectstorage.py
[2026-03-18T18:37:43.016+0530] {logging_mixin.py:188} INFO - [2026-03-18T18:37:43.015+0530] {dag.py:3047} INFO - Sync 1 DAGs
[2026-03-18T18:37:43.028+0530] {logging_mixin.py:188} INFO - [2026-03-18T18:37:43.028+0530] {dag.py:3834} INFO - Setting next_dagrun for tutorial_objectstorage to None, run_after=None
[2026-03-18T18:37:43.192+0530] {processor.py:183} INFO - Processing /home/tejasvi/Desktop/airflow_ssh_simulation/venv/lib/python3.10/site-packages/airflow/example_dags/tutorial_objectstorage.py took 0.298 seconds
[2026-03-18T18:38:52.371+0530] {processor.py:161} INFO - Started process (PID=25544) to work on /home/tejasvi/Desktop/airflow_ssh_simulation/venv/lib/python3.10/site-packages/airflow/example_dags/tutorial_objectstorage.py
[2026-03-18T18:38:52.378+0530] {processor.py:830} INFO - Processing file /home/tejasvi/Desktop/airflow_ssh_simulation/venv/lib/python3.10/site-packages/airflow/example_dags/tutorial_objectstorage.py for tasks to queue
[2026-03-18T18:38:52.381+0530] {logging_mixin.py:188} INFO - [2026-03-18T18:38:52.380+0530] {dagbag.py:540} INFO - Filling up the DagBag from /home/tejasvi/Desktop/airflow_ssh_simulation/venv/lib/python3.10/site-packages/airflow/example_dags/tutorial_objectstorage.py
[2026-03-18T18:38:52.390+0530] {processor.py:840} INFO - DAG(s) 'tutorial_objectstorage' retrieved from /home/tejasvi/Desktop/airflow_ssh_simulation/venv/lib/python3.10/site-packages/airflow/example_dags/tutorial_objectstorage.py
[2026-03-18T18:38:52.405+0530] {logging_mixin.py:188} INFO - [2026-03-18T18:38:52.405+0530] {dag.py:3047} INFO - Sync 1 DAGs
[2026-03-18T18:38:52.417+0530] {logging_mixin.py:188} INFO - [2026-03-18T18:38:52.417+0530] {dag.py:3834} INFO - Setting next_dagrun for tutorial_objectstorage to None, run_after=None
[2026-03-18T18:38:52.554+0530] {processor.py:183} INFO - Processing /home/tejasvi/Desktop/airflow_ssh_simulation/venv/lib/python3.10/site-packages/airflow/example_dags/tutorial_objectstorage.py took 0.190 seconds
[2026-03-18T18:39:50.408+0530] {processor.py:161} INFO - Started process (PID=25697) to work on /home/tejasvi/Desktop/airflow_ssh_simulation/venv/lib/python3.10/site-packages/airflow/example_dags/tutorial_objectstorage.py
[2026-03-18T18:39:50.422+0530] {processor.py:830} INFO - Processing file /home/tejasvi/Desktop/airflow_ssh_simulation/venv/lib/python3.10/site-packages/airflow/example_dags/tutorial_objectstorage.py for tasks to queue
[2026-03-18T18:39:50.426+0530] {logging_mixin.py:188} INFO - [2026-03-18T18:39:50.425+0530] {dagbag.py:540} INFO - Filling up the DagBag from /home/tejasvi/Desktop/airflow_ssh_simulation/venv/lib/python3.10/site-packages/airflow/example_dags/tutorial_objectstorage.py
[2026-03-18T18:39:50.436+0530] {processor.py:840} INFO - DAG(s) 'tutorial_objectstorage' retrieved from /home/tejasvi/Desktop/airflow_ssh_simulation/venv/lib/python3.10/site-packages/airflow/example_dags/tutorial_objectstorage.py
[2026-03-18T18:39:50.451+0530] {logging_mixin.py:188} INFO - [2026-03-18T18:39:50.451+0530] {dag.py:3047} INFO - Sync 1 DAGs
[2026-03-18T18:39:50.463+0530] {logging_mixin.py:188} INFO - [2026-03-18T18:39:50.463+0530] {dag.py:3834} INFO - Setting next_dagrun for tutorial_objectstorage to None, run_after=None
[2026-03-18T18:39:50.565+0530] {processor.py:183} INFO - Processing /home/tejasvi/Desktop/airflow_ssh_simulation/venv/lib/python3.10/site-packages/airflow/example_dags/tutorial_objectstorage.py took 0.165 seconds
[2026-03-18T18:40:56.941+0530] {processor.py:161} INFO - Started process (PID=25879) to work on /home/tejasvi/Desktop/airflow_ssh_simulation/venv/lib/python3.10/site-packages/airflow/example_dags/tutorial_objectstorage.py
[2026-03-18T18:40:57.057+0530] {processor.py:830} INFO - Processing file /home/tejasvi/Desktop/airflow_ssh_simulation/venv/lib/python3.10/site-packages/airflow/example_dags/tutorial_objectstorage.py for tasks to queue
[2026-03-18T18:40:57.062+0530] {logging_mixin.py:188} INFO - [2026-03-18T18:40:57.061+0530] {dagbag.py:540} INFO - Filling up the DagBag from /home/tejasvi/Desktop/airflow_ssh_simulation/venv/lib/python3.10/site-packages/airflow/example_dags/tutorial_objectstorage.py
[2026-03-18T18:40:57.073+0530] {processor.py:840} INFO - DAG(s) 'tutorial_objectstorage' retrieved from /home/tejasvi/Desktop/airflow_ssh_simulation/venv/lib/python3.10/site-packages/airflow/example_dags/tutorial_objectstorage.py
[2026-03-18T18:40:57.088+0530] {logging_mixin.py:188} INFO - [2026-03-18T18:40:57.088+0530] {dag.py:3047} INFO - Sync 1 DAGs
[2026-03-18T18:40:57.100+0530] {logging_mixin.py:188} INFO - [2026-03-18T18:40:57.100+0530] {dag.py:3834} INFO - Setting next_dagrun for tutorial_objectstorage to None, run_after=None
[2026-03-18T18:40:57.357+0530] {processor.py:183} INFO - Processing /home/tejasvi/Desktop/airflow_ssh_simulation/venv/lib/python3.10/site-packages/airflow/example_dags/tutorial_objectstorage.py took 0.424 seconds
[2026-03-18T18:42:00.518+0530] {processor.py:161} INFO - Started process (PID=26055) to work on /home/tejasvi/Desktop/airflow_ssh_simulation/venv/lib/python3.10/site-packages/airflow/example_dags/tutorial_objectstorage.py
[2026-03-18T18:42:01.111+0530] {processor.py:830} INFO - Processing file /home/tejasvi/Desktop/airflow_ssh_simulation/venv/lib/python3.10/site-packages/airflow/example_dags/tutorial_objectstorage.py for tasks to queue
[2026-03-18T18:42:01.114+0530] {logging_mixin.py:188} INFO - [2026-03-18T18:42:01.113+0530] {dagbag.py:540} INFO - Filling up the DagBag from /home/tejasvi/Desktop/airflow_ssh_simulation/venv/lib/python3.10/site-packages/airflow/example_dags/tutorial_objectstorage.py
[2026-03-18T18:42:01.124+0530] {processor.py:840} INFO - DAG(s) 'tutorial_objectstorage' retrieved from /home/tejasvi/Desktop/airflow_ssh_simulation/venv/lib/python3.10/site-packages/airflow/example_dags/tutorial_objectstorage.py
[2026-03-18T18:42:01.140+0530] {logging_mixin.py:188} INFO - [2026-03-18T18:42:01.139+0530] {dag.py:3047} INFO - Sync 1 DAGs
[2026-03-18T18:42:01.151+0530] {logging_mixin.py:188} INFO - [2026-03-18T18:42:01.151+0530] {dag.py:3834} INFO - Setting next_dagrun for tutorial_objectstorage to None, run_after=None
[2026-03-18T18:42:02.073+0530] {processor.py:183} INFO - Processing /home/tejasvi/Desktop/airflow_ssh_simulation/venv/lib/python3.10/site-packages/airflow/example_dags/tutorial_objectstorage.py took 1.563 seconds
[2026-03-18T18:43:19.666+0530] {processor.py:161} INFO - Started process (PID=26236) to work on /home/tejasvi/Desktop/airflow_ssh_simulation/venv/lib/python3.10/site-packages/airflow/example_dags/tutorial_objectstorage.py
[2026-03-18T18:43:20.189+0530] {processor.py:830} INFO - Processing file /home/tejasvi/Desktop/airflow_ssh_simulation/venv/lib/python3.10/site-packages/airflow/example_dags/tutorial_objectstorage.py for tasks to queue
[2026-03-18T18:43:20.194+0530] {logging_mixin.py:188} INFO - [2026-03-18T18:43:20.193+0530] {dagbag.py:540} INFO - Filling up the DagBag from /home/tejasvi/Desktop/airflow_ssh_simulation/venv/lib/python3.10/site-packages/airflow/example_dags/tutorial_objectstorage.py
[2026-03-18T18:43:20.214+0530] {processor.py:840} INFO - DAG(s) 'tutorial_objectstorage' retrieved from /home/tejasvi/Desktop/airflow_ssh_simulation/venv/lib/python3.10/site-packages/airflow/example_dags/tutorial_objectstorage.py
[2026-03-18T18:43:20.244+0530] {logging_mixin.py:188} INFO - [2026-03-18T18:43:20.244+0530] {dag.py:3047} INFO - Sync 1 DAGs
[2026-03-18T18:43:20.256+0530] {logging_mixin.py:188} INFO - [2026-03-18T18:43:20.256+0530] {dag.py:3834} INFO - Setting next_dagrun for tutorial_objectstorage to None, run_after=None
[2026-03-18T18:43:20.360+0530] {processor.py:183} INFO - Processing /home/tejasvi/Desktop/airflow_ssh_simulation/venv/lib/python3.10/site-packages/airflow/example_dags/tutorial_objectstorage.py took 0.699 seconds
[2026-03-18T18:44:04.838+0530] {processor.py:161} INFO - Started process (PID=26344) to work on /home/tejasvi/Desktop/airflow_ssh_simulation/venv/lib/python3.10/site-packages/airflow/example_dags/tutorial_objectstorage.py
[2026-03-18T18:44:04.876+0530] {processor.py:830} INFO - Processing file /home/tejasvi/Desktop/airflow_ssh_simulation/venv/lib/python3.10/site-packages/airflow/example_dags/tutorial_objectstorage.py for tasks to queue
[2026-03-18T18:44:04.879+0530] {logging_mixin.py:188} INFO - [2026-03-18T18:44:04.878+0530] {dagbag.py:540} INFO - Filling up the DagBag from /home/tejasvi/Desktop/airflow_ssh_simulation/venv/lib/python3.10/site-packages/airflow/example_dags/tutorial_objectstorage.py
[2026-03-18T18:44:04.890+0530] {processor.py:840} INFO - DAG(s) 'tutorial_objectstorage' retrieved from /home/tejasvi/Desktop/airflow_ssh_simulation/venv/lib/python3.10/site-packages/airflow/example_dags/tutorial_objectstorage.py
[2026-03-18T18:44:04.905+0530] {logging_mixin.py:188} INFO - [2026-03-18T18:44:04.905+0530] {dag.py:3047} INFO - Sync 1 DAGs
[2026-03-18T18:44:04.917+0530] {logging_mixin.py:188} INFO - [2026-03-18T18:44:04.917+0530] {dag.py:3834} INFO - Setting next_dagrun for tutorial_objectstorage to None, run_after=None
[2026-03-18T18:44:05.011+0530] {processor.py:183} INFO - Processing /home/tejasvi/Desktop/airflow_ssh_simulation/venv/lib/python3.10/site-packages/airflow/example_dags/tutorial_objectstorage.py took 0.180 seconds
[2026-03-18T18:45:04.234+0530] {processor.py:161} INFO - Started process (PID=26487) to work on /home/tejasvi/Desktop/airflow_ssh_simulation/venv/lib/python3.10/site-packages/airflow/example_dags/tutorial_objectstorage.py
[2026-03-18T18:45:04.348+0530] {processor.py:830} INFO - Processing file /home/tejasvi/Desktop/airflow_ssh_simulation/venv/lib/python3.10/site-packages/airflow/example_dags/tutorial_objectstorage.py for tasks to queue
[2026-03-18T18:45:04.352+0530] {logging_mixin.py:188} INFO - [2026-03-18T18:45:04.351+0530] {dagbag.py:540} INFO - Filling up the DagBag from /home/tejasvi/Desktop/airflow_ssh_simulation/venv/lib/python3.10/site-packages/airflow/example_dags/tutorial_objectstorage.py
[2026-03-18T18:45:04.362+0530] {processor.py:840} INFO - DAG(s) 'tutorial_objectstorage' retrieved from /home/tejasvi/Desktop/airflow_ssh_simulation/venv/lib/python3.10/site-packages/airflow/example_dags/tutorial_objectstorage.py
[2026-03-18T18:45:04.379+0530] {logging_mixin.py:188} INFO - [2026-03-18T18:45:04.379+0530] {dag.py:3047} INFO - Sync 1 DAGs
[2026-03-18T18:45:04.391+0530] {logging_mixin.py:188} INFO - [2026-03-18T18:45:04.391+0530] {dag.py:3834} INFO - Setting next_dagrun for tutorial_objectstorage to None, run_after=None
[2026-03-18T18:45:04.787+0530] {processor.py:183} INFO - Processing /home/tejasvi/Desktop/airflow_ssh_simulation/venv/lib/python3.10/site-packages/airflow/example_dags/tutorial_objectstorage.py took 0.561 seconds
[2026-03-18T18:46:25.167+0530] {processor.py:161} INFO - Started process (PID=26700) to work on /home/tejasvi/Desktop/airflow_ssh_simulation/venv/lib/python3.10/site-packages/airflow/example_dags/tutorial_objectstorage.py
[2026-03-18T18:46:25.970+0530] {processor.py:830} INFO - Processing file /home/tejasvi/Desktop/airflow_ssh_simulation/venv/lib/python3.10/site-packages/airflow/example_dags/tutorial_objectstorage.py for tasks to queue
[2026-03-18T18:46:25.974+0530] {logging_mixin.py:188} INFO - [2026-03-18T18:46:25.973+0530] {dagbag.py:540} INFO - Filling up the DagBag from /home/tejasvi/Desktop/airflow_ssh_simulation/venv/lib/python3.10/site-packages/airflow/example_dags/tutorial_objectstorage.py
[2026-03-18T18:46:25.984+0530] {processor.py:840} INFO - DAG(s) 'tutorial_objectstorage' retrieved from /home/tejasvi/Desktop/airflow_ssh_simulation/venv/lib/python3.10/site-packages/airflow/example_dags/tutorial_objectstorage.py
[2026-03-18T18:46:26.000+0530] {logging_mixin.py:188} INFO - [2026-03-18T18:46:25.999+0530] {dag.py:3047} INFO - Sync 1 DAGs
[2026-03-18T18:46:26.012+0530] {logging_mixin.py:188} INFO - [2026-03-18T18:46:26.012+0530] {dag.py:3834} INFO - Setting next_dagrun for tutorial_objectstorage to None, run_after=None
[2026-03-18T18:46:27.024+0530] {processor.py:183} INFO - Processing /home/tejasvi/Desktop/airflow_ssh_simulation/venv/lib/python3.10/site-packages/airflow/example_dags/tutorial_objectstorage.py took 1.864 seconds
[2026-03-18T18:47:39.130+0530] {processor.py:161} INFO - Started process (PID=26883) to work on /home/tejasvi/Desktop/airflow_ssh_simulation/venv/lib/python3.10/site-packages/airflow/example_dags/tutorial_objectstorage.py
[2026-03-18T18:47:39.158+0530] {processor.py:830} INFO - Processing file /home/tejasvi/Desktop/airflow_ssh_simulation/venv/lib/python3.10/site-packages/airflow/example_dags/tutorial_objectstorage.py for tasks to queue
[2026-03-18T18:47:39.161+0530] {logging_mixin.py:188} INFO - [2026-03-18T18:47:39.160+0530] {dagbag.py:540} INFO - Filling up the DagBag from /home/tejasvi/Desktop/airflow_ssh_simulation/venv/lib/python3.10/site-packages/airflow/example_dags/tutorial_objectstorage.py
[2026-03-18T18:47:39.171+0530] {processor.py:840} INFO - DAG(s) 'tutorial_objectstorage' retrieved from /home/tejasvi/Desktop/airflow_ssh_simulation/venv/lib/python3.10/site-packages/airflow/example_dags/tutorial_objectstorage.py
[2026-03-18T18:47:39.187+0530] {logging_mixin.py:188} INFO - [2026-03-18T18:47:39.186+0530] {dag.py:3047} INFO - Sync 1 DAGs
[2026-03-18T18:47:39.199+0530] {logging_mixin.py:188} INFO - [2026-03-18T18:47:39.199+0530] {dag.py:3834} INFO - Setting next_dagrun for tutorial_objectstorage to None, run_after=None
[2026-03-18T18:47:39.301+0530] {processor.py:183} INFO - Processing /home/tejasvi/Desktop/airflow_ssh_simulation/venv/lib/python3.10/site-packages/airflow/example_dags/tutorial_objectstorage.py took 0.179 seconds
[2026-03-18T18:48:21.906+0530] {processor.py:161} INFO - Started process (PID=27002) to work on /home/tejasvi/Desktop/airflow_ssh_simulation/venv/lib/python3.10/site-packages/airflow/example_dags/tutorial_objectstorage.py
[2026-03-18T18:48:22.028+0530] {processor.py:830} INFO - Processing file /home/tejasvi/Desktop/airflow_ssh_simulation/venv/lib/python3.10/site-packages/airflow/example_dags/tutorial_objectstorage.py for tasks to queue
[2026-03-18T18:48:22.032+0530] {logging_mixin.py:188} INFO - [2026-03-18T18:48:22.032+0530] {dagbag.py:540} INFO - Filling up the DagBag from /home/tejasvi/Desktop/airflow_ssh_simulation/venv/lib/python3.10/site-packages/airflow/example_dags/tutorial_objectstorage.py
[2026-03-18T18:48:22.042+0530] {processor.py:840} INFO - DAG(s) 'tutorial_objectstorage' retrieved from /home/tejasvi/Desktop/airflow_ssh_simulation/venv/lib/python3.10/site-packages/airflow/example_dags/tutorial_objectstorage.py
[2026-03-18T18:48:22.058+0530] {logging_mixin.py:188} INFO - [2026-03-18T18:48:22.058+0530] {dag.py:3047} INFO - Sync 1 DAGs
[2026-03-18T18:48:22.070+0530] {logging_mixin.py:188} INFO - [2026-03-18T18:48:22.070+0530] {dag.py:3834} INFO - Setting next_dagrun for tutorial_objectstorage to None, run_after=None
[2026-03-18T18:48:22.194+0530] {processor.py:183} INFO - Processing /home/tejasvi/Desktop/airflow_ssh_simulation/venv/lib/python3.10/site-packages/airflow/example_dags/tutorial_objectstorage.py took 0.296 seconds
[2026-03-18T18:49:05.166+0530] {processor.py:161} INFO - Started process (PID=27091) to work on /home/tejasvi/Desktop/airflow_ssh_simulation/venv/lib/python3.10/site-packages/airflow/example_dags/tutorial_objectstorage.py
[2026-03-18T18:49:05.201+0530] {processor.py:830} INFO - Processing file /home/tejasvi/Desktop/airflow_ssh_simulation/venv/lib/python3.10/site-packages/airflow/example_dags/tutorial_objectstorage.py for tasks to queue
[2026-03-18T18:49:05.203+0530] {logging_mixin.py:188} INFO - [2026-03-18T18:49:05.203+0530] {dagbag.py:540} INFO - Filling up the DagBag from /home/tejasvi/Desktop/airflow_ssh_simulation/venv/lib/python3.10/site-packages/airflow/example_dags/tutorial_objectstorage.py
[2026-03-18T18:49:05.222+0530] {processor.py:840} INFO - DAG(s) 'tutorial_objectstorage' retrieved from /home/tejasvi/Desktop/airflow_ssh_simulation/venv/lib/python3.10/site-packages/airflow/example_dags/tutorial_objectstorage.py
[2026-03-18T18:49:05.238+0530] {logging_mixin.py:188} INFO - [2026-03-18T18:49:05.237+0530] {dag.py:3047} INFO - Sync 1 DAGs
[2026-03-18T18:49:05.250+0530] {logging_mixin.py:188} INFO - [2026-03-18T18:49:05.250+0530] {dag.py:3834} INFO - Setting next_dagrun for tutorial_objectstorage to None, run_after=None
[2026-03-18T18:49:05.351+0530] {processor.py:183} INFO - Processing /home/tejasvi/Desktop/airflow_ssh_simulation/venv/lib/python3.10/site-packages/airflow/example_dags/tutorial_objectstorage.py took 0.189 seconds
[2026-03-18T18:50:02.439+0530] {processor.py:161} INFO - Started process (PID=27235) to work on /home/tejasvi/Desktop/airflow_ssh_simulation/venv/lib/python3.10/site-packages/airflow/example_dags/tutorial_objectstorage.py
[2026-03-18T18:50:02.442+0530] {processor.py:830} INFO - Processing file /home/tejasvi/Desktop/airflow_ssh_simulation/venv/lib/python3.10/site-packages/airflow/example_dags/tutorial_objectstorage.py for tasks to queue
[2026-03-18T18:50:02.444+0530] {logging_mixin.py:188} INFO - [2026-03-18T18:50:02.443+0530] {dagbag.py:540} INFO - Filling up the DagBag from /home/tejasvi/Desktop/airflow_ssh_simulation/venv/lib/python3.10/site-packages/airflow/example_dags/tutorial_objectstorage.py
[2026-03-18T18:50:02.452+0530] {processor.py:840} INFO - DAG(s) 'tutorial_objectstorage' retrieved from /home/tejasvi/Desktop/airflow_ssh_simulation/venv/lib/python3.10/site-packages/airflow/example_dags/tutorial_objectstorage.py
[2026-03-18T18:50:02.468+0530] {logging_mixin.py:188} INFO - [2026-03-18T18:50:02.468+0530] {dag.py:3047} INFO - Sync 1 DAGs
[2026-03-18T18:50:02.480+0530] {logging_mixin.py:188} INFO - [2026-03-18T18:50:02.480+0530] {dag.py:3834} INFO - Setting next_dagrun for tutorial_objectstorage to None, run_after=None
[2026-03-18T18:50:02.576+0530] {processor.py:183} INFO - Processing /home/tejasvi/Desktop/airflow_ssh_simulation/venv/lib/python3.10/site-packages/airflow/example_dags/tutorial_objectstorage.py took 0.145 seconds
