[2026-03-18T12:20:09.696+0000] {local_task_job_runner.py:120} INFO - ::group::Pre task execution logs
[2026-03-18T12:20:09.719+0000] {taskinstance.py:2076} INFO - Dependencies all met for dep_context=non-requeueable deps ti=<TaskInstance: deployment_workflow.get_worker_nodes manual__2026-03-18T12:18:05.900082 [queued]>
[2026-03-18T12:20:09.731+0000] {taskinstance.py:2076} INFO - Dependencies all met for dep_context=requeueable deps ti=<TaskInstance: deployment_workflow.get_worker_nodes manual__2026-03-18T12:18:05.900082 [queued]>
[2026-03-18T12:20:09.734+0000] {taskinstance.py:2306} INFO - Starting attempt 1 of 1
[2026-03-18T12:20:09.760+0000] {taskinstance.py:2330} INFO - Executing <Task(PythonOperator): get_worker_nodes> on 2026-03-18 12:18:07.266267+00:00
[2026-03-18T12:20:09.775+0000] {warnings.py:110} WARNING - /home/***/.local/lib/python3.12/site-packages/***/task/task_runner/standard_task_runner.py:61: DeprecationWarning: This process (pid=57) is multi-threaded, use of fork() may lead to deadlocks in the child.
  pid = os.fork()

[2026-03-18T12:20:09.777+0000] {standard_task_runner.py:63} INFO - Started process 59 to run task
[2026-03-18T12:20:09.776+0000] {standard_task_runner.py:90} INFO - Running: ['***', 'tasks', 'run', 'deployment_workflow', 'get_worker_nodes', 'manual__2026-03-18T12:18:05.900082', '--job-id', '216', '--raw', '--subdir', 'DAGS_FOLDER/deployment_workflow.py', '--cfg-path', '/tmp/tmprs9zk8_1']
[2026-03-18T12:20:09.781+0000] {standard_task_runner.py:91} INFO - Job 216: Subtask get_worker_nodes
[2026-03-18T12:20:09.870+0000] {task_command.py:426} INFO - Running <TaskInstance: deployment_workflow.get_worker_nodes manual__2026-03-18T12:18:05.900082 [running]> on host 7ee527dcce31
[2026-03-18T12:20:10.079+0000] {taskinstance.py:2648} INFO - Exporting env vars: AIRFLOW_CTX_DAG_OWNER='***' AIRFLOW_CTX_DAG_ID='deployment_workflow' AIRFLOW_CTX_TASK_ID='get_worker_nodes' AIRFLOW_CTX_EXECUTION_DATE='2026-03-18T12:18:07.266267+00:00' AIRFLOW_CTX_TRY_NUMBER='1' AIRFLOW_CTX_DAG_RUN_ID='manual__2026-03-18T12:18:05.900082'
[2026-03-18T12:20:10.082+0000] {taskinstance.py:430} INFO - ::endgroup::
[2026-03-18T12:20:10.140+0000] {logging_mixin.py:188} INFO - Found 1 reachable nodes
[2026-03-18T12:20:10.141+0000] {logging_mixin.py:188} INFO -  - 192.168.1.2 (ubuntuworkervm)
[2026-03-18T12:20:10.142+0000] {python.py:237} INFO - Done. Returned value was: [{'ip': '192.168.1.2', 'username': 'ubuntuworkervm', 'password': '***', 'status': 'reachable', 'last_checked': '2026-03-18T12:17:35.569566'}]
[2026-03-18T12:20:10.143+0000] {taskinstance.py:441} INFO - ::group::Post task execution logs
[2026-03-18T12:20:10.181+0000] {taskinstance.py:1206} INFO - Marking task as SUCCESS. dag_id=deployment_workflow, task_id=get_worker_nodes, run_id=manual__2026-03-18T12:18:05.900082, execution_date=20260318T121807, start_date=20260318T122009, end_date=20260318T122010
[2026-03-18T12:20:10.208+0000] {local_task_job_runner.py:240} INFO - Task exited with return code 0
[2026-03-18T12:20:10.273+0000] {taskinstance.py:3498} INFO - 1 downstream tasks scheduled from follow-on schedule check
[2026-03-18T12:20:10.278+0000] {local_task_job_runner.py:222} INFO - ::endgroup::
