[2026-03-18T12:44:04.399+0000] {local_task_job_runner.py:120} INFO - ::group::Pre task execution logs
[2026-03-18T12:44:04.461+0000] {taskinstance.py:2076} INFO - Dependencies all met for dep_context=non-requeueable deps ti=<TaskInstance: deployment_workflow.apply_nfs_exports manual__2026-03-18T12:42:53.528791 map_index=0 [queued]>
[2026-03-18T12:44:04.484+0000] {taskinstance.py:2076} INFO - Dependencies all met for dep_context=requeueable deps ti=<TaskInstance: deployment_workflow.apply_nfs_exports manual__2026-03-18T12:42:53.528791 map_index=0 [queued]>
[2026-03-18T12:44:04.486+0000] {taskinstance.py:2306} INFO - Starting attempt 1 of 1
[2026-03-18T12:44:04.536+0000] {taskinstance.py:2330} INFO - Executing <Mapped(SSHOperator): apply_nfs_exports> on 2026-03-18 12:42:55.045696+00:00
[2026-03-18T12:44:04.559+0000] {warnings.py:110} WARNING - /home/***/.local/lib/python3.12/site-packages/***/task/task_runner/standard_task_runner.py:61: DeprecationWarning: This process (pid=299) is multi-threaded, use of fork() may lead to deadlocks in the child.
  pid = os.fork()

[2026-03-18T12:44:04.572+0000] {standard_task_runner.py:63} INFO - Started process 301 to run task
[2026-03-18T12:44:04.574+0000] {standard_task_runner.py:90} INFO - Running: ['***', 'tasks', 'run', 'deployment_workflow', 'apply_nfs_exports', 'manual__2026-03-18T12:42:53.528791', '--job-id', '236', '--raw', '--subdir', 'DAGS_FOLDER/deployment_workflow.py', '--cfg-path', '/tmp/tmp7d76iljn', '--map-index', '0']
[2026-03-18T12:44:04.608+0000] {standard_task_runner.py:91} INFO - Job 236: Subtask apply_nfs_exports
[2026-03-18T12:44:04.966+0000] {task_command.py:426} INFO - Running <TaskInstance: deployment_workflow.apply_nfs_exports manual__2026-03-18T12:42:53.528791 map_index=0 [running]> on host 7ee527dcce31
[2026-03-18T12:44:05.479+0000] {taskinstance.py:2648} INFO - Exporting env vars: AIRFLOW_CTX_DAG_OWNER='***' AIRFLOW_CTX_DAG_ID='deployment_workflow' AIRFLOW_CTX_TASK_ID='apply_nfs_exports' AIRFLOW_CTX_EXECUTION_DATE='2026-03-18T12:42:55.045696+00:00' AIRFLOW_CTX_TRY_NUMBER='1' AIRFLOW_CTX_DAG_RUN_ID='manual__2026-03-18T12:42:53.528791'
[2026-03-18T12:44:05.483+0000] {taskinstance.py:430} INFO - ::endgroup::
[2026-03-18T12:44:05.484+0000] {ssh.py:151} INFO - Creating ssh_client
[2026-03-18T12:44:05.486+0000] {ssh.py:124} INFO - ssh_hook is not provided or invalid. Trying ssh_conn_id to create SSHHook.
[2026-03-18T12:44:05.509+0000] {base.py:84} INFO - Using connection ID 'worker_node_192_168_1_2' for task execution.
[2026-03-18T12:44:05.519+0000] {ssh.py:301} WARNING - No Host Key Verification. This won't protect against Man-In-The-Middle attacks
[2026-03-18T12:44:05.583+0000] {transport.py:1909} INFO - Connected (version 2.0, client OpenSSH_8.9p1)
[2026-03-18T12:44:05.706+0000] {transport.py:1909} INFO - Authentication (password) successful!
[2026-03-18T12:44:05.711+0000] {ssh.py:480} INFO - Running command: set -e; sudo exportfs -ra; sudo systemctl enable --now nfs-kernel-server; sudo systemctl status nfs-kernel-server --no-pager
[2026-03-18T12:44:05.997+0000] {ssh.py:526} INFO - Synchronizing state of nfs-kernel-server.service with SysV service script with /lib/systemd/systemd-sysv-install.
[2026-03-18T12:44:06.014+0000] {ssh.py:526} INFO - Executing: /lib/systemd/systemd-sysv-install enable nfs-kernel-server
[2026-03-18T12:44:08.986+0000] {ssh.py:526} INFO - [0;1;32m●[0m nfs-server.service - NFS server and services
[2026-03-18T12:44:08.987+0000] {ssh.py:526} INFO -      Loaded: loaded (]8;;file://ubuntuworkernode/lib/systemd/system/nfs-server.service/lib/systemd/system/nfs-server.service]8;;; enabled; vendor preset: enabled)
[2026-03-18T12:44:08.989+0000] {ssh.py:526} INFO -     Drop-In: /run/systemd/generator/nfs-server.service.d
[2026-03-18T12:44:08.991+0000] {ssh.py:526} INFO -              └─]8;;file://ubuntuworkernode/run/systemd/generator/nfs-server.service.d/order-with-mounts.conforder-with-mounts.conf]8;;
[2026-03-18T12:44:08.993+0000] {ssh.py:526} INFO - 
[2026-03-18T12:44:08.995+0000] {ssh.py:526} INFO -      Active: [0;1;32mactive (exited)[0m since Wed 2026-03-18 12:07:50 UTC; 36min ago
[2026-03-18T12:44:08.997+0000] {ssh.py:526} INFO -    Main PID: 671 (code=exited, status=0/SUCCESS)
[2026-03-18T12:44:08.999+0000] {ssh.py:526} INFO -         CPU: 17ms
[2026-03-18T12:44:09.000+0000] {ssh.py:526} INFO - 
[2026-03-18T12:44:09.008+0000] {ssh.py:526} INFO - Mar 18 12:07:49 ubuntuworkernode systemd[1]: Starting NFS server and services...
[2026-03-18T12:44:09.010+0000] {ssh.py:526} INFO - Mar 18 12:07:50 ubuntuworkernode systemd[1]: Finished NFS server and services.
[2026-03-18T12:44:09.012+0000] {ssh.py:526} INFO - Hint: Some lines were ellipsized, use -l to show in full.
[2026-03-18T12:44:09.042+0000] {taskinstance.py:441} INFO - ::group::Post task execution logs
[2026-03-18T12:44:09.082+0000] {taskinstance.py:1206} INFO - Marking task as SUCCESS. dag_id=deployment_workflow, task_id=apply_nfs_exports, run_id=manual__2026-03-18T12:42:53.528791, map_index=0, execution_date=20260318T124255, start_date=20260318T124404, end_date=20260318T124409
[2026-03-18T12:44:09.149+0000] {local_task_job_runner.py:240} INFO - Task exited with return code 0
[2026-03-18T12:44:09.246+0000] {taskinstance.py:3498} INFO - 1 downstream tasks scheduled from follow-on schedule check
[2026-03-18T12:44:09.251+0000] {local_task_job_runner.py:222} INFO - ::endgroup::
