[2026-03-11T09:26:17.989+0000] {local_task_job_runner.py:120} INFO - ::group::Pre task execution logs
[2026-03-11T09:26:18.057+0000] {taskinstance.py:2076} INFO - Dependencies all met for dep_context=non-requeueable deps ti=<TaskInstance: deployment_workflow.create_airflow_connections manual__2026-03-11T09:26:04.940184 [queued]>
[2026-03-11T09:26:18.086+0000] {taskinstance.py:2076} INFO - Dependencies all met for dep_context=requeueable deps ti=<TaskInstance: deployment_workflow.create_airflow_connections manual__2026-03-11T09:26:04.940184 [queued]>
[2026-03-11T09:26:18.087+0000] {taskinstance.py:2306} INFO - Starting attempt 1 of 1
[2026-03-11T09:26:18.176+0000] {taskinstance.py:2330} INFO - Executing <Task(PythonOperator): create_airflow_connections> on 2026-03-11 09:26:06.366019+00:00
[2026-03-11T09:26:18.205+0000] {warnings.py:110} WARNING - /home/***/.local/lib/python3.12/site-packages/***/task/task_runner/standard_task_runner.py:61: DeprecationWarning: This process (pid=219) is multi-threaded, use of fork() may lead to deadlocks in the child.
  pid = os.fork()

[2026-03-11T09:26:18.222+0000] {standard_task_runner.py:63} INFO - Started process 221 to run task
[2026-03-11T09:26:18.225+0000] {standard_task_runner.py:90} INFO - Running: ['***', 'tasks', 'run', 'deployment_workflow', 'create_***_connections', 'manual__2026-03-11T09:26:04.940184', '--job-id', '185', '--raw', '--subdir', 'DAGS_FOLDER/deployment_workflow.py', '--cfg-path', '/tmp/tmpvxllzn3l']
[2026-03-11T09:26:18.237+0000] {standard_task_runner.py:91} INFO - Job 185: Subtask create_***_connections
[2026-03-11T09:26:18.460+0000] {task_command.py:426} INFO - Running <TaskInstance: deployment_workflow.create_airflow_connections manual__2026-03-11T09:26:04.940184 [running]> on host 7ee527dcce31
[2026-03-11T09:26:18.769+0000] {taskinstance.py:2648} INFO - Exporting env vars: AIRFLOW_CTX_DAG_OWNER='***' AIRFLOW_CTX_DAG_ID='deployment_workflow' AIRFLOW_CTX_TASK_ID='create_***_connections' AIRFLOW_CTX_EXECUTION_DATE='2026-03-11T09:26:06.366019+00:00' AIRFLOW_CTX_TRY_NUMBER='1' AIRFLOW_CTX_DAG_RUN_ID='manual__2026-03-11T09:26:04.940184'
[2026-03-11T09:26:18.779+0000] {taskinstance.py:430} INFO - ::endgroup::
[2026-03-11T09:26:18.839+0000] {logging_mixin.py:188} INFO - Connection already exists: worker_node_192_168_1_5
[2026-03-11T09:26:18.841+0000] {python.py:237} INFO - Done. Returned value was: ['worker_node_192_168_1_5']
[2026-03-11T09:26:18.847+0000] {taskinstance.py:441} INFO - ::group::Post task execution logs
[2026-03-11T09:26:18.919+0000] {taskinstance.py:1206} INFO - Marking task as SUCCESS. dag_id=deployment_workflow, task_id=create_***_connections, run_id=manual__2026-03-11T09:26:04.940184, execution_date=20260311T092606, start_date=20260311T092618, end_date=20260311T092618
[2026-03-11T09:26:18.980+0000] {local_task_job_runner.py:240} INFO - Task exited with return code 0
[2026-03-11T09:26:19.113+0000] {taskinstance.py:3498} INFO - 1 downstream tasks scheduled from follow-on schedule check
[2026-03-11T09:26:19.119+0000] {local_task_job_runner.py:222} INFO - ::endgroup::
