[2026-03-20T13:13:22.515+0530] {taskinstance.py:1979} INFO - Dependencies all met for dep_context=non-requeueable deps ti=<TaskInstance: nfs_dynamic_roles_deployment.deploy_server manual__2026-03-20T07:43:11.860778+00:00 [queued]>
[2026-03-20T13:13:22.522+0530] {taskinstance.py:1979} INFO - Dependencies all met for dep_context=requeueable deps ti=<TaskInstance: nfs_dynamic_roles_deployment.deploy_server manual__2026-03-20T07:43:11.860778+00:00 [queued]>
[2026-03-20T13:13:22.523+0530] {taskinstance.py:2193} INFO - Starting attempt 1 of 2
[2026-03-20T13:13:22.564+0530] {taskinstance.py:2214} INFO - Executing <Task(DynamicSSHOperator): deploy_server> on 2026-03-20 07:43:11.860778+00:00
[2026-03-20T13:13:22.570+0530] {standard_task_runner.py:60} INFO - Started process 19378 to run task
[2026-03-20T13:13:22.575+0530] {standard_task_runner.py:87} INFO - Running: ['airflow', 'tasks', 'run', 'nfs_dynamic_roles_deployment', 'deploy_server', 'manual__2026-03-20T07:43:11.860778+00:00', '--job-id', '91', '--raw', '--subdir', 'DAGS_FOLDER/NFS.py', '--cfg-path', '/tmp/tmpr0otacl7']
[2026-03-20T13:13:22.577+0530] {standard_task_runner.py:88} INFO - Job 91: Subtask deploy_server
[2026-03-20T13:13:22.652+0530] {task_command.py:423} INFO - Running <TaskInstance: nfs_dynamic_roles_deployment.deploy_server manual__2026-03-20T07:43:11.860778+00:00 [running]> on host tejasvi-Vostro-15-3515
[2026-03-20T13:13:22.761+0530] {taskinstance.py:2510} INFO - Exporting env vars: AIRFLOW_CTX_DAG_OWNER='airflow' AIRFLOW_CTX_DAG_ID='nfs_dynamic_roles_deployment' AIRFLOW_CTX_TASK_ID='deploy_server' AIRFLOW_CTX_EXECUTION_DATE='2026-03-20T07:43:11.860778+00:00' AIRFLOW_CTX_TRY_NUMBER='1' AIRFLOW_CTX_DAG_RUN_ID='manual__2026-03-20T07:43:11.860778+00:00'
[2026-03-20T13:13:22.763+0530] {ssh.py:151} INFO - Creating ssh_client
[2026-03-20T13:13:22.764+0530] {ssh.py:124} INFO - ssh_hook is not provided or invalid. Trying ssh_conn_id to create SSHHook.
[2026-03-20T13:13:22.771+0530] {base.py:83} INFO - Using connection ID 'worker1' for task execution.
[2026-03-20T13:13:22.773+0530] {ssh.py:301} WARNING - No Host Key Verification. This won't protect against Man-In-The-Middle attacks
[2026-03-20T13:13:22.793+0530] {transport.py:1909} INFO - Connected (version 2.0, client OpenSSH_8.9p1)
[2026-03-20T13:13:23.025+0530] {transport.py:1909} INFO - Authentication (publickey) successful!
[2026-03-20T13:13:23.027+0530] {ssh.py:480} INFO - Running command: 
# Attempt to load the required kernel module (will fail silently if not root, but might already be loaded)
sudo modprobe nfsd || true
docker rm -f nfs_server || true
docker run -d \
--name nfs_server \
--privileged \
--network host \
-v /tmp/nfs-server-data:/data \
-e NFS_EXPORT_0='/data *(rw,sync,no_subtree_check,no_root_squash)' \
erichough/nfs-server
        
[2026-03-20T13:13:23.178+0530] {ssh.py:531} WARNING - sudo: a terminal is required to read the password; either use the -S option to read from standard input or configure an askpass helper
[2026-03-20T13:13:23.179+0530] {ssh.py:531} WARNING - sudo: a password is required
[2026-03-20T13:13:23.394+0530] {ssh.py:526} INFO - nfs_server
[2026-03-20T13:13:23.605+0530] {ssh.py:526} INFO - 8c96a2a6238191310ce628ab49781297d0e6ba40f53dfcc52c9cbd0dc89f23ee
[2026-03-20T13:13:24.011+0530] {taskinstance.py:1149} INFO - Marking task as SUCCESS. dag_id=nfs_dynamic_roles_deployment, task_id=deploy_server, execution_date=20260320T074311, start_date=20260320T074322, end_date=20260320T074324
[2026-03-20T13:13:24.111+0530] {local_task_job_runner.py:234} INFO - Task exited with return code 0
[2026-03-20T13:13:24.147+0530] {taskinstance.py:3309} INFO - 1 downstream tasks scheduled from follow-on schedule check
