[2026-03-06T07:55:20.104+0000] {local_task_job_runner.py:120} INFO - ::group::Pre task execution logs
[2026-03-06T07:55:20.160+0000] {taskinstance.py:2076} INFO - Dependencies all met for dep_context=non-requeueable deps ti=<TaskInstance: deployment_workflow.create_airflow_connections manual__2026-03-06T07:35:21.448138 [queued]>
[2026-03-06T07:55:20.188+0000] {taskinstance.py:2076} INFO - Dependencies all met for dep_context=requeueable deps ti=<TaskInstance: deployment_workflow.create_airflow_connections manual__2026-03-06T07:35:21.448138 [queued]>
[2026-03-06T07:55:20.228+0000] {taskinstance.py:2306} INFO - Starting attempt 1 of 2
[2026-03-06T07:55:20.334+0000] {taskinstance.py:2330} INFO - Executing <Task(PythonOperator): create_airflow_connections> on 2026-03-06 07:35:22.928710+00:00
[2026-03-06T07:55:20.395+0000] {warnings.py:110} WARNING - /home/***/.local/lib/python3.12/site-packages/***/task/task_runner/standard_task_runner.py:61: DeprecationWarning: This process (pid=361) is multi-threaded, use of fork() may lead to deadlocks in the child.
  pid = os.fork()

[2026-03-06T07:55:20.393+0000] {standard_task_runner.py:90} INFO - Running: ['***', 'tasks', 'run', 'deployment_workflow', 'create_***_connections', 'manual__2026-03-06T07:35:21.448138', '--job-id', '56', '--raw', '--subdir', 'DAGS_FOLDER/deployment_workflow.py', '--cfg-path', '/tmp/tmplv947c8x']
[2026-03-06T07:55:20.415+0000] {standard_task_runner.py:63} INFO - Started process 371 to run task
[2026-03-06T07:55:20.416+0000] {standard_task_runner.py:91} INFO - Job 56: Subtask create_***_connections
[2026-03-06T07:55:20.697+0000] {task_command.py:426} INFO - Running <TaskInstance: deployment_workflow.create_airflow_connections manual__2026-03-06T07:35:21.448138 [running]> on host 7ab5aef854fa
[2026-03-06T07:55:21.127+0000] {taskinstance.py:2648} INFO - Exporting env vars: AIRFLOW_CTX_DAG_OWNER='***' AIRFLOW_CTX_DAG_ID='deployment_workflow' AIRFLOW_CTX_TASK_ID='create_***_connections' AIRFLOW_CTX_EXECUTION_DATE='2026-03-06T07:35:22.928710+00:00' AIRFLOW_CTX_TRY_NUMBER='1' AIRFLOW_CTX_DAG_RUN_ID='manual__2026-03-06T07:35:21.448138'
[2026-03-06T07:55:21.132+0000] {taskinstance.py:430} INFO - ::endgroup::
[2026-03-06T07:55:21.138+0000] {python.py:237} INFO - Done. Returned value was: []
[2026-03-06T07:55:21.139+0000] {taskinstance.py:441} INFO - ::group::Post task execution logs
[2026-03-06T07:55:21.287+0000] {taskinstance.py:1206} INFO - Marking task as SUCCESS. dag_id=deployment_workflow, task_id=create_***_connections, run_id=manual__2026-03-06T07:35:21.448138, execution_date=20260306T073522, start_date=20260306T075520, end_date=20260306T075521
[2026-03-06T07:55:21.388+0000] {local_task_job_runner.py:240} INFO - Task exited with return code 0
[2026-03-06T07:55:21.554+0000] {abstractoperator.py:588} INFO - Marking <TaskInstance: deployment_workflow.run_hostname manual__2026-03-06T07:35:21.448138 [None]> as SKIPPED since the map has 0 values to expand
[2026-03-06T07:55:21.577+0000] {taskinstance.py:3498} INFO - 0 downstream tasks scheduled from follow-on schedule check
[2026-03-06T07:55:21.591+0000] {local_task_job_runner.py:222} INFO - ::endgroup::
