[2026-03-19T23:42:38.833+0530] {taskinstance.py:1979} INFO - Dependencies all met for dep_context=non-requeueable deps ti=<TaskInstance: nfs_dynamic_roles_deployment.create_client_volume manual__2026-03-19T18:11:48.229175+00:00 [queued]>
[2026-03-19T23:42:38.840+0530] {taskinstance.py:1979} INFO - Dependencies all met for dep_context=requeueable deps ti=<TaskInstance: nfs_dynamic_roles_deployment.create_client_volume manual__2026-03-19T18:11:48.229175+00:00 [queued]>
[2026-03-19T23:42:38.840+0530] {taskinstance.py:2193} INFO - Starting attempt 1 of 2
[2026-03-19T23:42:38.923+0530] {taskinstance.py:2214} INFO - Executing <Task(DynamicSSHOperator): create_client_volume> on 2026-03-19 18:11:48.229175+00:00
[2026-03-19T23:42:38.932+0530] {standard_task_runner.py:60} INFO - Started process 9222 to run task
[2026-03-19T23:42:38.939+0530] {standard_task_runner.py:87} INFO - Running: ['airflow', 'tasks', 'run', 'nfs_dynamic_roles_deployment', 'create_client_volume', 'manual__2026-03-19T18:11:48.229175+00:00', '--job-id', '42', '--raw', '--subdir', 'DAGS_FOLDER/NFS.py', '--cfg-path', '/tmp/tmpq3gk0hkn']
[2026-03-19T23:42:38.940+0530] {standard_task_runner.py:88} INFO - Job 42: Subtask create_client_volume
[2026-03-19T23:42:39.007+0530] {task_command.py:423} INFO - Running <TaskInstance: nfs_dynamic_roles_deployment.create_client_volume manual__2026-03-19T18:11:48.229175+00:00 [running]> on host tejasvi-Vostro-15-3515
[2026-03-19T23:42:39.219+0530] {taskinstance.py:2510} INFO - Exporting env vars: AIRFLOW_CTX_DAG_OWNER='airflow' AIRFLOW_CTX_DAG_ID='nfs_dynamic_roles_deployment' AIRFLOW_CTX_TASK_ID='create_client_volume' AIRFLOW_CTX_EXECUTION_DATE='2026-03-19T18:11:48.229175+00:00' AIRFLOW_CTX_TRY_NUMBER='1' AIRFLOW_CTX_DAG_RUN_ID='manual__2026-03-19T18:11:48.229175+00:00'
[2026-03-19T23:42:39.222+0530] {ssh.py:151} INFO - Creating ssh_client
[2026-03-19T23:42:39.222+0530] {ssh.py:124} INFO - ssh_hook is not provided or invalid. Trying ssh_conn_id to create SSHHook.
[2026-03-19T23:42:39.238+0530] {base.py:83} INFO - Using connection ID 'worker2' for task execution.
[2026-03-19T23:42:39.244+0530] {ssh.py:301} WARNING - No Host Key Verification. This won't protect against Man-In-The-Middle attacks
[2026-03-19T23:42:39.260+0530] {transport.py:1909} INFO - Connected (version 2.0, client OpenSSH_8.9p1)
[2026-03-19T23:42:39.527+0530] {transport.py:1909} INFO - Authentication (publickey) successful!
[2026-03-19T23:42:39.529+0530] {ssh.py:480} INFO - Running command: 
docker volume rm nfs_client_vol || true
docker volume create --driver local \
  --opt type=nfs \
  --opt o=addr=127.0.0.1,rw,nolock \
  --opt device=:/data \
  nfs_client_vol
        
[2026-03-19T23:42:39.688+0530] {ssh.py:531} WARNING - Error response from daemon: remove nfs_client_vol: volume is in use - [59c9f7951bb1a6d66eb1f231a23bfef581fd0a5a8e7c6ecb8158705028aaf7ee]
[2026-03-19T23:42:39.711+0530] {ssh.py:526} INFO - nfs_client_vol
[2026-03-19T23:42:39.862+0530] {taskinstance.py:1149} INFO - Marking task as SUCCESS. dag_id=nfs_dynamic_roles_deployment, task_id=create_client_volume, execution_date=20260319T181148, start_date=20260319T181238, end_date=20260319T181239
[2026-03-19T23:42:39.953+0530] {local_task_job_runner.py:234} INFO - Task exited with return code 0
[2026-03-19T23:42:39.999+0530] {taskinstance.py:3309} INFO - 1 downstream tasks scheduled from follow-on schedule check
