[2026-03-20T13:33:27.351+0530] {taskinstance.py:1979} INFO - Dependencies all met for dep_context=non-requeueable deps ti=<TaskInstance: nfs_dynamic_roles_deployment.deploy_server manual__2026-03-20T08:03:13.565409+00:00 [queued]>
[2026-03-20T13:33:27.363+0530] {taskinstance.py:1979} INFO - Dependencies all met for dep_context=requeueable deps ti=<TaskInstance: nfs_dynamic_roles_deployment.deploy_server manual__2026-03-20T08:03:13.565409+00:00 [queued]>
[2026-03-20T13:33:27.363+0530] {taskinstance.py:2193} INFO - Starting attempt 1 of 2
[2026-03-20T13:33:27.414+0530] {taskinstance.py:2214} INFO - Executing <Task(DynamicSSHOperator): deploy_server> on 2026-03-20 08:03:13.565409+00:00
[2026-03-20T13:33:27.422+0530] {standard_task_runner.py:60} INFO - Started process 28423 to run task
[2026-03-20T13:33:27.427+0530] {standard_task_runner.py:87} INFO - Running: ['airflow', 'tasks', 'run', 'nfs_dynamic_roles_deployment', 'deploy_server', 'manual__2026-03-20T08:03:13.565409+00:00', '--job-id', '105', '--raw', '--subdir', 'DAGS_FOLDER/NFS.py', '--cfg-path', '/tmp/tmpcwvfkm8q']
[2026-03-20T13:33:27.429+0530] {standard_task_runner.py:88} INFO - Job 105: Subtask deploy_server
[2026-03-20T13:33:27.534+0530] {task_command.py:423} INFO - Running <TaskInstance: nfs_dynamic_roles_deployment.deploy_server manual__2026-03-20T08:03:13.565409+00:00 [running]> on host tejasvi-Vostro-15-3515
[2026-03-20T13:33:27.666+0530] {taskinstance.py:2510} INFO - Exporting env vars: AIRFLOW_CTX_DAG_OWNER='airflow' AIRFLOW_CTX_DAG_ID='nfs_dynamic_roles_deployment' AIRFLOW_CTX_TASK_ID='deploy_server' AIRFLOW_CTX_EXECUTION_DATE='2026-03-20T08:03:13.565409+00:00' AIRFLOW_CTX_TRY_NUMBER='1' AIRFLOW_CTX_DAG_RUN_ID='manual__2026-03-20T08:03:13.565409+00:00'
[2026-03-20T13:33:27.668+0530] {ssh.py:151} INFO - Creating ssh_client
[2026-03-20T13:33:27.669+0530] {ssh.py:124} INFO - ssh_hook is not provided or invalid. Trying ssh_conn_id to create SSHHook.
[2026-03-20T13:33:27.682+0530] {base.py:83} INFO - Using connection ID 'worker1' for task execution.
[2026-03-20T13:33:27.686+0530] {ssh.py:301} WARNING - No Host Key Verification. This won't protect against Man-In-The-Middle attacks
[2026-03-20T13:33:27.701+0530] {transport.py:1909} INFO - Connected (version 2.0, client OpenSSH_8.9p1)
[2026-03-20T13:33:27.904+0530] {transport.py:1909} INFO - Authentication (publickey) successful!
[2026-03-20T13:33:27.905+0530] {ssh.py:480} INFO - Running command: 
docker rm -f nfs_server || true
docker run -d \
--name nfs_server \
--privileged \
--network host \
-v /tmp/nfs-server-data:/data \
-e NFS_EXPORT_0='/data *(rw,sync,no_subtree_check,no_root_squash)' \
erichough/nfs-server
        
[2026-03-20T13:33:28.055+0530] {ssh.py:531} WARNING - Error response from daemon: No such container: nfs_server
[2026-03-20T13:33:28.993+0530] {ssh.py:526} INFO - 1f50c354f80d8a8c5bc0cad1fd0dc8efcc77e245c183494effa13c76472bcbdc
[2026-03-20T13:33:29.695+0530] {taskinstance.py:1149} INFO - Marking task as SUCCESS. dag_id=nfs_dynamic_roles_deployment, task_id=deploy_server, execution_date=20260320T080313, start_date=20260320T080327, end_date=20260320T080329
[2026-03-20T13:33:29.765+0530] {local_task_job_runner.py:234} INFO - Task exited with return code 0
[2026-03-20T13:33:29.799+0530] {taskinstance.py:3309} INFO - 1 downstream tasks scheduled from follow-on schedule check
