[2026-03-08T08:33:42.949+0000] {local_task_job_runner.py:120} INFO - ::group::Pre task execution logs
[2026-03-08T08:33:43.093+0000] {taskinstance.py:2076} INFO - Dependencies all met for dep_context=non-requeueable deps ti=<TaskInstance: deployment_workflow.create_airflow_connections manual__2026-03-08T08:32:29.414964 [queued]>
[2026-03-08T08:33:43.222+0000] {taskinstance.py:2076} INFO - Dependencies all met for dep_context=requeueable deps ti=<TaskInstance: deployment_workflow.create_airflow_connections manual__2026-03-08T08:32:29.414964 [queued]>
[2026-03-08T08:33:43.238+0000] {taskinstance.py:2306} INFO - Starting attempt 1 of 1
[2026-03-08T08:33:43.378+0000] {taskinstance.py:2330} INFO - Executing <Task(PythonOperator): create_airflow_connections> on 2026-03-08 08:32:32.459799+00:00
[2026-03-08T08:33:43.481+0000] {warnings.py:110} WARNING - /home/***/.local/lib/python3.12/site-packages/***/task/task_runner/standard_task_runner.py:61: DeprecationWarning: This process (pid=185) is multi-threaded, use of fork() may lead to deadlocks in the child.
  pid = os.fork()

[2026-03-08T08:33:43.504+0000] {standard_task_runner.py:63} INFO - Started process 193 to run task
[2026-03-08T08:33:43.524+0000] {standard_task_runner.py:90} INFO - Running: ['***', 'tasks', 'run', 'deployment_workflow', 'create_***_connections', 'manual__2026-03-08T08:32:29.414964', '--job-id', '174', '--raw', '--subdir', 'DAGS_FOLDER/deployment_workflow.py', '--cfg-path', '/tmp/tmpn6lc0f66']
[2026-03-08T08:33:43.547+0000] {standard_task_runner.py:91} INFO - Job 174: Subtask create_***_connections
[2026-03-08T08:33:44.139+0000] {task_command.py:426} INFO - Running <TaskInstance: deployment_workflow.create_airflow_connections manual__2026-03-08T08:32:29.414964 [running]> on host 7ee527dcce31
[2026-03-08T08:33:45.458+0000] {taskinstance.py:2648} INFO - Exporting env vars: AIRFLOW_CTX_DAG_OWNER='***' AIRFLOW_CTX_DAG_ID='deployment_workflow' AIRFLOW_CTX_TASK_ID='create_***_connections' AIRFLOW_CTX_EXECUTION_DATE='2026-03-08T08:32:32.459799+00:00' AIRFLOW_CTX_TRY_NUMBER='1' AIRFLOW_CTX_DAG_RUN_ID='manual__2026-03-08T08:32:29.414964'
[2026-03-08T08:33:45.483+0000] {taskinstance.py:430} INFO - ::endgroup::
[2026-03-08T08:33:45.771+0000] {logging_mixin.py:188} INFO - Connection already exists: worker_node_192_168_1_5
[2026-03-08T08:33:45.778+0000] {python.py:237} INFO - Done. Returned value was: ['worker_node_192_168_1_5']
[2026-03-08T08:33:45.792+0000] {taskinstance.py:441} INFO - ::group::Post task execution logs
[2026-03-08T08:33:46.117+0000] {taskinstance.py:1206} INFO - Marking task as SUCCESS. dag_id=deployment_workflow, task_id=create_***_connections, run_id=manual__2026-03-08T08:32:29.414964, execution_date=20260308T083232, start_date=20260308T083343, end_date=20260308T083346
[2026-03-08T08:33:46.379+0000] {local_task_job_runner.py:240} INFO - Task exited with return code 0
[2026-03-08T08:33:46.854+0000] {taskinstance.py:3498} INFO - 1 downstream tasks scheduled from follow-on schedule check
[2026-03-08T08:33:46.880+0000] {local_task_job_runner.py:222} INFO - ::endgroup::
