[2026-03-05T17:04:58.497+0000] {local_task_job_runner.py:120} INFO - ::group::Pre task execution logs
[2026-03-05T17:04:58.517+0000] {taskinstance.py:2076} INFO - Dependencies all met for dep_context=non-requeueable deps ti=<TaskInstance: deployment_workflow.check_node manual__2026-03-05T17:04:54.924866 [queued]>
[2026-03-05T17:04:58.531+0000] {taskinstance.py:2076} INFO - Dependencies all met for dep_context=requeueable deps ti=<TaskInstance: deployment_workflow.check_node manual__2026-03-05T17:04:54.924866 [queued]>
[2026-03-05T17:04:58.532+0000] {taskinstance.py:2306} INFO - Starting attempt 1 of 1
[2026-03-05T17:04:58.582+0000] {taskinstance.py:2330} INFO - Executing <Task(SSHOperator): check_node> on 2026-03-05 17:04:55.700949+00:00
[2026-03-05T17:04:58.600+0000] {standard_task_runner.py:90} INFO - Running: ['***', 'tasks', 'run', 'deployment_workflow', 'check_node', 'manual__2026-03-05T17:04:54.924866', '--job-id', '13', '--raw', '--subdir', 'DAGS_FOLDER/deployment_workflow.py', '--cfg-path', '/tmp/tmplaw3_184']
[2026-03-05T17:04:58.599+0000] {warnings.py:110} WARNING - /home/***/.local/lib/python3.12/site-packages/***/task/task_runner/standard_task_runner.py:61: DeprecationWarning: This process (pid=1395) is multi-threaded, use of fork() may lead to deadlocks in the child.
  pid = os.fork()

[2026-03-05T17:04:58.607+0000] {standard_task_runner.py:91} INFO - Job 13: Subtask check_node
[2026-03-05T17:04:58.608+0000] {standard_task_runner.py:63} INFO - Started process 1403 to run task
[2026-03-05T17:04:58.714+0000] {task_command.py:426} INFO - Running <TaskInstance: deployment_workflow.check_node manual__2026-03-05T17:04:54.924866 [running]> on host 7ab5aef854fa
[2026-03-05T17:04:58.892+0000] {taskinstance.py:2648} INFO - Exporting env vars: AIRFLOW_CTX_DAG_OWNER='***' AIRFLOW_CTX_DAG_ID='deployment_workflow' AIRFLOW_CTX_TASK_ID='check_node' AIRFLOW_CTX_EXECUTION_DATE='2026-03-05T17:04:55.700949+00:00' AIRFLOW_CTX_TRY_NUMBER='1' AIRFLOW_CTX_DAG_RUN_ID='manual__2026-03-05T17:04:54.924866'
[2026-03-05T17:04:58.897+0000] {taskinstance.py:430} INFO - ::endgroup::
[2026-03-05T17:04:58.899+0000] {ssh.py:151} INFO - Creating ssh_client
[2026-03-05T17:04:58.900+0000] {ssh.py:124} INFO - ssh_hook is not provided or invalid. Trying ssh_conn_id to create SSHHook.
[2026-03-05T17:04:58.921+0000] {base.py:84} INFO - Using connection ID 'worker_node' for task execution.
[2026-03-05T17:04:58.923+0000] {ssh.py:301} WARNING - No Host Key Verification. This won't protect against Man-In-The-Middle attacks
[2026-03-05T17:04:59.598+0000] {transport.py:1909} INFO - Connected (version 2.0, client OpenSSH_for_Windows_9.5)
[2026-03-05T17:05:00.329+0000] {transport.py:1909} INFO - Authentication (password) successful!
[2026-03-05T17:05:00.330+0000] {ssh.py:480} INFO - Running command: hostname
[2026-03-05T17:05:01.086+0000] {ssh.py:526} INFO - LAPTOP-9CCR53BI
[2026-03-05T17:05:01.147+0000] {taskinstance.py:441} INFO - ::group::Post task execution logs
[2026-03-05T17:05:01.203+0000] {taskinstance.py:1206} INFO - Marking task as SUCCESS. dag_id=deployment_workflow, task_id=check_node, run_id=manual__2026-03-05T17:04:54.924866, execution_date=20260305T170455, start_date=20260305T170458, end_date=20260305T170501
[2026-03-05T17:05:01.251+0000] {local_task_job_runner.py:240} INFO - Task exited with return code 0
[2026-03-05T17:05:01.275+0000] {taskinstance.py:3498} INFO - 0 downstream tasks scheduled from follow-on schedule check
[2026-03-05T17:05:01.279+0000] {local_task_job_runner.py:222} INFO - ::endgroup::
