[2026-03-20T18:09:31.374+0530] {taskinstance.py:1979} INFO - Dependencies all met for dep_context=non-requeueable deps ti=<TaskInstance: distributed_minio_cleanup_error_injected.stop_worker1 manual__2026-03-20T12:38:40.300729+00:00 [queued]>
[2026-03-20T18:09:31.382+0530] {taskinstance.py:1979} INFO - Dependencies all met for dep_context=requeueable deps ti=<TaskInstance: distributed_minio_cleanup_error_injected.stop_worker1 manual__2026-03-20T12:38:40.300729+00:00 [queued]>
[2026-03-20T18:09:31.383+0530] {taskinstance.py:2193} INFO - Starting attempt 2 of 2
[2026-03-20T18:09:31.471+0530] {taskinstance.py:2214} INFO - Executing <Task(SSHOperator): stop_worker1> on 2026-03-20 12:38:40.300729+00:00
[2026-03-20T18:09:31.481+0530] {standard_task_runner.py:60} INFO - Started process 44243 to run task
[2026-03-20T18:09:31.489+0530] {standard_task_runner.py:87} INFO - Running: ['airflow', 'tasks', 'run', 'distributed_minio_cleanup_error_injected', 'stop_worker1', 'manual__2026-03-20T12:38:40.300729+00:00', '--job-id', '141', '--raw', '--subdir', 'DAGS_FOLDER/distributed_minio_cleanup_error_injected.py', '--cfg-path', '/tmp/tmp8bub70vs']
[2026-03-20T18:09:31.490+0530] {standard_task_runner.py:88} INFO - Job 141: Subtask stop_worker1
[2026-03-20T18:09:31.603+0530] {task_command.py:423} INFO - Running <TaskInstance: distributed_minio_cleanup_error_injected.stop_worker1 manual__2026-03-20T12:38:40.300729+00:00 [running]> on host tejasvi-Vostro-15-3515
[2026-03-20T18:09:31.674+0530] {taskinstance.py:2510} INFO - Exporting env vars: AIRFLOW_CTX_DAG_OWNER='airflow' AIRFLOW_CTX_DAG_ID='distributed_minio_cleanup_error_injected' AIRFLOW_CTX_TASK_ID='stop_worker1' AIRFLOW_CTX_EXECUTION_DATE='2026-03-20T12:38:40.300729+00:00' AIRFLOW_CTX_TRY_NUMBER='2' AIRFLOW_CTX_DAG_RUN_ID='manual__2026-03-20T12:38:40.300729+00:00'
[2026-03-20T18:09:31.675+0530] {ssh.py:151} INFO - Creating ssh_client
[2026-03-20T18:09:31.675+0530] {ssh.py:124} INFO - ssh_hook is not provided or invalid. Trying ssh_conn_id to create SSHHook.
[2026-03-20T18:09:31.682+0530] {base.py:83} INFO - Using connection ID 'worker1' for task execution.
[2026-03-20T18:09:31.685+0530] {ssh.py:301} WARNING - No Host Key Verification. This won't protect against Man-In-The-Middle attacks
[2026-03-20T18:09:31.707+0530] {transport.py:1909} INFO - Connected (version 2.0, client OpenSSH_8.9p1)
[2026-03-20T18:09:31.914+0530] {transport.py:1909} INFO - Authentication (publickey) successful!
[2026-03-20T18:09:31.915+0530] {ssh.py:480} INFO - Running command: docker stop minio_worker1 || true
[2026-03-20T18:09:32.098+0530] {ssh.py:526} INFO - minio_worker1
[2026-03-20T18:09:32.372+0530] {taskinstance.py:1149} INFO - Marking task as SUCCESS. dag_id=distributed_minio_cleanup_error_injected, task_id=stop_worker1, execution_date=20260320T123840, start_date=20260320T123931, end_date=20260320T123932
[2026-03-20T18:09:32.462+0530] {local_task_job_runner.py:234} INFO - Task exited with return code 0
[2026-03-20T18:09:32.593+0530] {taskinstance.py:3309} INFO - 1 downstream tasks scheduled from follow-on schedule check
