[2026-03-05T15:56:50.066+0000] {local_task_job_runner.py:120} INFO - ::group::Pre task execution logs
[2026-03-05T15:56:50.082+0000] {taskinstance.py:2076} INFO - Dependencies all met for dep_context=non-requeueable deps ti=<TaskInstance: deployment_workflow.check_node manual__2026-03-05T15:56:47.000054+00:00 [queued]>
[2026-03-05T15:56:50.091+0000] {taskinstance.py:2076} INFO - Dependencies all met for dep_context=requeueable deps ti=<TaskInstance: deployment_workflow.check_node manual__2026-03-05T15:56:47.000054+00:00 [queued]>
[2026-03-05T15:56:50.093+0000] {taskinstance.py:2306} INFO - Starting attempt 1 of 1
[2026-03-05T15:56:50.112+0000] {taskinstance.py:2330} INFO - Executing <Task(SSHOperator): check_node> on 2026-03-05 15:56:47.000054+00:00
[2026-03-05T15:56:50.119+0000] {warnings.py:110} WARNING - /home/***/.local/lib/python3.12/site-packages/***/task/task_runner/standard_task_runner.py:61: DeprecationWarning: This process (pid=564) is multi-threaded, use of fork() may lead to deadlocks in the child.
  pid = os.fork()

[2026-03-05T15:56:50.121+0000] {standard_task_runner.py:63} INFO - Started process 566 to run task
[2026-03-05T15:56:50.121+0000] {standard_task_runner.py:90} INFO - Running: ['***', 'tasks', 'run', 'deployment_workflow', 'check_node', 'manual__2026-03-05T15:56:47.000054+00:00', '--job-id', '9', '--raw', '--subdir', 'DAGS_FOLDER/deployment_workflow.py', '--cfg-path', '/tmp/tmpe2hy6_de']
[2026-03-05T15:56:50.125+0000] {standard_task_runner.py:91} INFO - Job 9: Subtask check_node
[2026-03-05T15:56:50.206+0000] {task_command.py:426} INFO - Running <TaskInstance: deployment_workflow.check_node manual__2026-03-05T15:56:47.000054+00:00 [running]> on host 7ab5aef854fa
[2026-03-05T15:56:50.326+0000] {taskinstance.py:2648} INFO - Exporting env vars: AIRFLOW_CTX_DAG_OWNER='***' AIRFLOW_CTX_DAG_ID='deployment_workflow' AIRFLOW_CTX_TASK_ID='check_node' AIRFLOW_CTX_EXECUTION_DATE='2026-03-05T15:56:47.000054+00:00' AIRFLOW_CTX_TRY_NUMBER='1' AIRFLOW_CTX_DAG_RUN_ID='manual__2026-03-05T15:56:47.000054+00:00'
[2026-03-05T15:56:50.328+0000] {taskinstance.py:430} INFO - ::endgroup::
[2026-03-05T15:56:50.329+0000] {ssh.py:151} INFO - Creating ssh_client
[2026-03-05T15:56:50.330+0000] {ssh.py:124} INFO - ssh_hook is not provided or invalid. Trying ssh_conn_id to create SSHHook.
[2026-03-05T15:56:50.338+0000] {taskinstance.py:441} INFO - ::group::Post task execution logs
[2026-03-05T15:56:50.348+0000] {taskinstance.py:2905} ERROR - Task failed with exception
Traceback (most recent call last):
  File "/home/airflow/.local/lib/python3.12/site-packages/airflow/models/taskinstance.py", line 465, in _execute_task
    result = _execute_callable(context=context, **execute_callable_kwargs)
             ^^^^^^^^^^^^^^^^^^^^^^^^^^^^^^^^^^^^^^^^^^^^^^^^^^^^^^^^^^^^^
  File "/home/airflow/.local/lib/python3.12/site-packages/airflow/models/taskinstance.py", line 432, in _execute_callable
    return execute_callable(context=context, **execute_callable_kwargs)
           ^^^^^^^^^^^^^^^^^^^^^^^^^^^^^^^^^^^^^^^^^^^^^^^^^^^^^^^^^^^^
  File "/home/airflow/.local/lib/python3.12/site-packages/airflow/models/baseoperator.py", line 400, in wrapper
    return func(self, *args, **kwargs)
           ^^^^^^^^^^^^^^^^^^^^^^^^^^^
  File "/home/airflow/.local/lib/python3.12/site-packages/airflow/providers/ssh/operators/ssh.py", line 190, in execute
    with self.get_ssh_client() as ssh_client:
         ^^^^^^^^^^^^^^^^^^^^^
  File "/home/airflow/.local/lib/python3.12/site-packages/airflow/providers/ssh/operators/ssh.py", line 152, in get_ssh_client
    return self.hook.get_conn()
           ^^^^^^^^^
  File "/home/airflow/.local/lib/python3.12/site-packages/airflow/providers/ssh/operators/ssh.py", line 143, in hook
    return self.ssh_hook
           ^^^^^^^^^^^^^
  File "/usr/local/lib/python3.12/functools.py", line 995, in __get__
    val = self.func(instance)
          ^^^^^^^^^^^^^^^^^^^
  File "/home/airflow/.local/lib/python3.12/site-packages/airflow/providers/ssh/operators/ssh.py", line 125, in ssh_hook
    hook = SSHHook(
           ^^^^^^^^
  File "/home/airflow/.local/lib/python3.12/site-packages/airflow/providers/ssh/hooks/ssh.py", line 152, in __init__
    conn = self.get_connection(self.ssh_conn_id)
           ^^^^^^^^^^^^^^^^^^^^^^^^^^^^^^^^^^^^^
  File "/home/airflow/.local/lib/python3.12/site-packages/airflow/hooks/base.py", line 83, in get_connection
    conn = Connection.get_connection_from_secrets(conn_id)
           ^^^^^^^^^^^^^^^^^^^^^^^^^^^^^^^^^^^^^^^^^^^^^^^
  File "/home/airflow/.local/lib/python3.12/site-packages/airflow/models/connection.py", line 519, in get_connection_from_secrets
    raise AirflowNotFoundException(f"The conn_id `{conn_id}` isn't defined")
airflow.exceptions.AirflowNotFoundException: The conn_id `worker_node` isn't defined
[2026-03-05T15:56:50.357+0000] {taskinstance.py:1206} INFO - Marking task as FAILED. dag_id=deployment_workflow, task_id=check_node, run_id=manual__2026-03-05T15:56:47.000054+00:00, execution_date=20260305T155647, start_date=20260305T155650, end_date=20260305T155650
[2026-03-05T15:56:50.382+0000] {standard_task_runner.py:110} ERROR - Failed to execute job 9 for task check_node (The conn_id `worker_node` isn't defined; 566)
[2026-03-05T15:56:50.417+0000] {local_task_job_runner.py:240} INFO - Task exited with return code 1
[2026-03-05T15:56:50.434+0000] {taskinstance.py:3498} INFO - 0 downstream tasks scheduled from follow-on schedule check
[2026-03-05T15:56:50.440+0000] {local_task_job_runner.py:222} INFO - ::endgroup::
