[2026-03-20T13:14:54.094+0530] {taskinstance.py:1979} INFO - Dependencies all met for dep_context=non-requeueable deps ti=<TaskInstance: nfs_dynamic_roles_deployment.deploy_server manual__2026-03-20T07:44:42.388010+00:00 [queued]>
[2026-03-20T13:14:54.106+0530] {taskinstance.py:1979} INFO - Dependencies all met for dep_context=requeueable deps ti=<TaskInstance: nfs_dynamic_roles_deployment.deploy_server manual__2026-03-20T07:44:42.388010+00:00 [queued]>
[2026-03-20T13:14:54.106+0530] {taskinstance.py:2193} INFO - Starting attempt 1 of 2
[2026-03-20T13:14:54.148+0530] {taskinstance.py:2214} INFO - Executing <Task(DynamicSSHOperator): deploy_server> on 2026-03-20 07:44:42.388010+00:00
[2026-03-20T13:14:54.156+0530] {standard_task_runner.py:60} INFO - Started process 20021 to run task
[2026-03-20T13:14:54.163+0530] {standard_task_runner.py:87} INFO - Running: ['airflow', 'tasks', 'run', 'nfs_dynamic_roles_deployment', 'deploy_server', 'manual__2026-03-20T07:44:42.388010+00:00', '--job-id', '98', '--raw', '--subdir', 'DAGS_FOLDER/NFS.py', '--cfg-path', '/tmp/tmp8jps0mtd']
[2026-03-20T13:14:54.164+0530] {standard_task_runner.py:88} INFO - Job 98: Subtask deploy_server
[2026-03-20T13:14:54.277+0530] {task_command.py:423} INFO - Running <TaskInstance: nfs_dynamic_roles_deployment.deploy_server manual__2026-03-20T07:44:42.388010+00:00 [running]> on host tejasvi-Vostro-15-3515
[2026-03-20T13:14:54.398+0530] {taskinstance.py:2510} INFO - Exporting env vars: AIRFLOW_CTX_DAG_OWNER='airflow' AIRFLOW_CTX_DAG_ID='nfs_dynamic_roles_deployment' AIRFLOW_CTX_TASK_ID='deploy_server' AIRFLOW_CTX_EXECUTION_DATE='2026-03-20T07:44:42.388010+00:00' AIRFLOW_CTX_TRY_NUMBER='1' AIRFLOW_CTX_DAG_RUN_ID='manual__2026-03-20T07:44:42.388010+00:00'
[2026-03-20T13:14:54.399+0530] {ssh.py:151} INFO - Creating ssh_client
[2026-03-20T13:14:54.400+0530] {ssh.py:124} INFO - ssh_hook is not provided or invalid. Trying ssh_conn_id to create SSHHook.
[2026-03-20T13:14:54.410+0530] {base.py:83} INFO - Using connection ID 'worker2' for task execution.
[2026-03-20T13:14:54.413+0530] {ssh.py:301} WARNING - No Host Key Verification. This won't protect against Man-In-The-Middle attacks
[2026-03-20T13:14:54.432+0530] {transport.py:1909} INFO - Connected (version 2.0, client OpenSSH_8.9p1)
[2026-03-20T13:14:54.643+0530] {transport.py:1909} INFO - Authentication (publickey) successful!
[2026-03-20T13:14:54.645+0530] {ssh.py:480} INFO - Running command: 
# Attempt to load the required kernel module (will fail silently if not root, but might already be loaded)
sudo modprobe nfsd || true
docker rm -f nfs_server || true
docker run -d \
--name nfs_server \
--privileged \
--network host \
-v /tmp/nfs-server-data:/data \
-e NFS_EXPORT_0='/data *(rw,sync,no_subtree_check,no_root_squash)' \
erichough/nfs-server
        
[2026-03-20T13:14:55.010+0530] {ssh.py:531} WARNING - sudo: a terminal is required to read the password; either use the -S option to read from standard input or configure an askpass helper
[2026-03-20T13:14:55.011+0530] {ssh.py:531} WARNING - sudo: a password is required
[2026-03-20T13:14:55.377+0530] {ssh.py:526} INFO - nfs_server
[2026-03-20T13:14:55.577+0530] {ssh.py:526} INFO - c176d204e04ff8a2fcbdda5bde27a0c8dbe18ecfbf19210240c0bf2a906de3ef
[2026-03-20T13:14:56.245+0530] {taskinstance.py:1149} INFO - Marking task as SUCCESS. dag_id=nfs_dynamic_roles_deployment, task_id=deploy_server, execution_date=20260320T074442, start_date=20260320T074454, end_date=20260320T074456
[2026-03-20T13:14:56.340+0530] {local_task_job_runner.py:234} INFO - Task exited with return code 0
[2026-03-20T13:14:56.383+0530] {taskinstance.py:3309} INFO - 1 downstream tasks scheduled from follow-on schedule check
