[2026-03-08T08:35:01.327+0000] {local_task_job_runner.py:120} INFO - ::group::Pre task execution logs
[2026-03-08T08:35:01.451+0000] {taskinstance.py:2076} INFO - Dependencies all met for dep_context=non-requeueable deps ti=<TaskInstance: deployment_workflow.get_worker_nodes manual__2026-03-08T08:34:54.710953 [queued]>
[2026-03-08T08:35:01.492+0000] {taskinstance.py:2076} INFO - Dependencies all met for dep_context=requeueable deps ti=<TaskInstance: deployment_workflow.get_worker_nodes manual__2026-03-08T08:34:54.710953 [queued]>
[2026-03-08T08:35:01.512+0000] {taskinstance.py:2306} INFO - Starting attempt 1 of 1
[2026-03-08T08:35:01.691+0000] {taskinstance.py:2330} INFO - Executing <Task(PythonOperator): get_worker_nodes> on 2026-03-08 08:34:55.698831+00:00
[2026-03-08T08:35:01.738+0000] {warnings.py:110} WARNING - /home/***/.local/lib/python3.12/site-packages/***/task/task_runner/standard_task_runner.py:61: DeprecationWarning: This process (pid=206) is multi-threaded, use of fork() may lead to deadlocks in the child.
  pid = os.fork()

[2026-03-08T08:35:01.770+0000] {standard_task_runner.py:63} INFO - Started process 215 to run task
[2026-03-08T08:35:01.768+0000] {standard_task_runner.py:90} INFO - Running: ['***', 'tasks', 'run', 'deployment_workflow', 'get_worker_nodes', 'manual__2026-03-08T08:34:54.710953', '--job-id', '176', '--raw', '--subdir', 'DAGS_FOLDER/deployment_workflow.py', '--cfg-path', '/tmp/tmpu0p2f7oo']
[2026-03-08T08:35:01.787+0000] {standard_task_runner.py:91} INFO - Job 176: Subtask get_worker_nodes
[2026-03-08T08:35:01.987+0000] {task_command.py:426} INFO - Running <TaskInstance: deployment_workflow.get_worker_nodes manual__2026-03-08T08:34:54.710953 [running]> on host 7ee527dcce31
[2026-03-08T08:35:02.670+0000] {taskinstance.py:2648} INFO - Exporting env vars: AIRFLOW_CTX_DAG_OWNER='***' AIRFLOW_CTX_DAG_ID='deployment_workflow' AIRFLOW_CTX_TASK_ID='get_worker_nodes' AIRFLOW_CTX_EXECUTION_DATE='2026-03-08T08:34:55.698831+00:00' AIRFLOW_CTX_TRY_NUMBER='1' AIRFLOW_CTX_DAG_RUN_ID='manual__2026-03-08T08:34:54.710953'
[2026-03-08T08:35:02.692+0000] {taskinstance.py:430} INFO - ::endgroup::
[2026-03-08T08:35:02.798+0000] {logging_mixin.py:188} INFO - Found 1 reachable nodes
[2026-03-08T08:35:02.813+0000] {logging_mixin.py:188} INFO -  - 192.168.1.5 (sshuser)
[2026-03-08T08:35:02.816+0000] {python.py:237} INFO - Done. Returned value was: [{'ip': '192.168.1.5', 'username': 'sshuser', 'password': '***', 'status': 'reachable', 'last_checked': '2026-03-08T08:32:08.066530'}]
[2026-03-08T08:35:02.819+0000] {taskinstance.py:441} INFO - ::group::Post task execution logs
[2026-03-08T08:35:02.976+0000] {taskinstance.py:1206} INFO - Marking task as SUCCESS. dag_id=deployment_workflow, task_id=get_worker_nodes, run_id=manual__2026-03-08T08:34:54.710953, execution_date=20260308T083455, start_date=20260308T083501, end_date=20260308T083502
[2026-03-08T08:35:03.071+0000] {local_task_job_runner.py:240} INFO - Task exited with return code 0
[2026-03-08T08:35:03.227+0000] {taskinstance.py:3498} INFO - 1 downstream tasks scheduled from follow-on schedule check
[2026-03-08T08:35:03.256+0000] {local_task_job_runner.py:222} INFO - ::endgroup::
