[2026-03-06T14:49:16.210+0000] {local_task_job_runner.py:120} INFO - ::group::Pre task execution logs
[2026-03-06T14:49:16.289+0000] {taskinstance.py:2076} INFO - Dependencies all met for dep_context=non-requeueable deps ti=<TaskInstance: deployment_workflow.create_airflow_connections manual__2026-03-06T14:48:00.193219 [queued]>
[2026-03-06T14:49:16.323+0000] {taskinstance.py:2076} INFO - Dependencies all met for dep_context=requeueable deps ti=<TaskInstance: deployment_workflow.create_airflow_connections manual__2026-03-06T14:48:00.193219 [queued]>
[2026-03-06T14:49:16.336+0000] {taskinstance.py:2306} INFO - Starting attempt 1 of 1
[2026-03-06T14:49:16.397+0000] {taskinstance.py:2330} INFO - Executing <Task(PythonOperator): create_airflow_connections> on 2026-03-06 14:48:02.379250+00:00
[2026-03-06T14:49:16.456+0000] {warnings.py:110} WARNING - /home/***/.local/lib/python3.12/site-packages/***/task/task_runner/standard_task_runner.py:61: DeprecationWarning: This process (pid=222) is multi-threaded, use of fork() may lead to deadlocks in the child.
  pid = os.fork()

[2026-03-06T14:49:16.475+0000] {standard_task_runner.py:63} INFO - Started process 230 to run task
[2026-03-06T14:49:16.472+0000] {standard_task_runner.py:90} INFO - Running: ['***', 'tasks', 'run', 'deployment_workflow', 'create_***_connections', 'manual__2026-03-06T14:48:00.193219', '--job-id', '136', '--raw', '--subdir', 'DAGS_FOLDER/deployment_workflow.py', '--cfg-path', '/tmp/tmpa3js79jw']
[2026-03-06T14:49:16.495+0000] {standard_task_runner.py:91} INFO - Job 136: Subtask create_***_connections
[2026-03-06T14:49:16.852+0000] {task_command.py:426} INFO - Running <TaskInstance: deployment_workflow.create_airflow_connections manual__2026-03-06T14:48:00.193219 [running]> on host 0ad8c9765a82
[2026-03-06T14:49:17.363+0000] {taskinstance.py:2648} INFO - Exporting env vars: AIRFLOW_CTX_DAG_OWNER='***' AIRFLOW_CTX_DAG_ID='deployment_workflow' AIRFLOW_CTX_TASK_ID='create_***_connections' AIRFLOW_CTX_EXECUTION_DATE='2026-03-06T14:48:02.379250+00:00' AIRFLOW_CTX_TRY_NUMBER='1' AIRFLOW_CTX_DAG_RUN_ID='manual__2026-03-06T14:48:00.193219'
[2026-03-06T14:49:17.390+0000] {taskinstance.py:430} INFO - ::endgroup::
[2026-03-06T14:49:17.650+0000] {logging_mixin.py:188} INFO - Connection already exists: worker_node_192_168_1_5
[2026-03-06T14:49:17.667+0000] {python.py:237} INFO - Done. Returned value was: ['worker_node_192_168_1_5']
[2026-03-06T14:49:17.669+0000] {taskinstance.py:441} INFO - ::group::Post task execution logs
[2026-03-06T14:49:17.947+0000] {taskinstance.py:1206} INFO - Marking task as SUCCESS. dag_id=deployment_workflow, task_id=create_***_connections, run_id=manual__2026-03-06T14:48:00.193219, execution_date=20260306T144802, start_date=20260306T144916, end_date=20260306T144917
[2026-03-06T14:49:18.117+0000] {local_task_job_runner.py:240} INFO - Task exited with return code 0
[2026-03-06T14:49:18.759+0000] {taskinstance.py:3498} INFO - 1 downstream tasks scheduled from follow-on schedule check
[2026-03-06T14:49:18.767+0000] {local_task_job_runner.py:222} INFO - ::endgroup::
