[2026-03-08T02:14:12.553+0000] {local_task_job_runner.py:120} INFO - ::group::Pre task execution logs
[2026-03-08T02:14:12.577+0000] {taskinstance.py:2076} INFO - Dependencies all met for dep_context=non-requeueable deps ti=<TaskInstance: deployment_workflow.get_worker_nodes manual__2026-03-08T02:14:07.812558 [queued]>
[2026-03-08T02:14:12.616+0000] {taskinstance.py:2076} INFO - Dependencies all met for dep_context=requeueable deps ti=<TaskInstance: deployment_workflow.get_worker_nodes manual__2026-03-08T02:14:07.812558 [queued]>
[2026-03-08T02:14:12.622+0000] {taskinstance.py:2306} INFO - Starting attempt 1 of 1
[2026-03-08T02:14:12.662+0000] {taskinstance.py:2330} INFO - Executing <Task(PythonOperator): get_worker_nodes> on 2026-03-08 02:14:09.220617+00:00
[2026-03-08T02:14:12.674+0000] {warnings.py:110} WARNING - /home/***/.local/lib/python3.12/site-packages/***/task/task_runner/standard_task_runner.py:61: DeprecationWarning: This process (pid=197) is multi-threaded, use of fork() may lead to deadlocks in the child.
  pid = os.fork()

[2026-03-08T02:14:12.679+0000] {standard_task_runner.py:63} INFO - Started process 199 to run task
[2026-03-08T02:14:12.675+0000] {standard_task_runner.py:90} INFO - Running: ['***', 'tasks', 'run', 'deployment_workflow', 'get_worker_nodes', 'manual__2026-03-08T02:14:07.812558', '--job-id', '143', '--raw', '--subdir', 'DAGS_FOLDER/deployment_workflow.py', '--cfg-path', '/tmp/tmp8o0fmx6e']
[2026-03-08T02:14:12.689+0000] {standard_task_runner.py:91} INFO - Job 143: Subtask get_worker_nodes
[2026-03-08T02:14:12.775+0000] {task_command.py:426} INFO - Running <TaskInstance: deployment_workflow.get_worker_nodes manual__2026-03-08T02:14:07.812558 [running]> on host 0ad8c9765a82
[2026-03-08T02:14:12.944+0000] {taskinstance.py:2648} INFO - Exporting env vars: AIRFLOW_CTX_DAG_OWNER='***' AIRFLOW_CTX_DAG_ID='deployment_workflow' AIRFLOW_CTX_TASK_ID='get_worker_nodes' AIRFLOW_CTX_EXECUTION_DATE='2026-03-08T02:14:09.220617+00:00' AIRFLOW_CTX_TRY_NUMBER='1' AIRFLOW_CTX_DAG_RUN_ID='manual__2026-03-08T02:14:07.812558'
[2026-03-08T02:14:12.949+0000] {taskinstance.py:430} INFO - ::endgroup::
[2026-03-08T02:14:12.978+0000] {logging_mixin.py:188} INFO - Found 1 reachable nodes
[2026-03-08T02:14:12.979+0000] {logging_mixin.py:188} INFO -  - 192.168.1.5 (sshuser)
[2026-03-08T02:14:12.980+0000] {python.py:237} INFO - Done. Returned value was: [{'ip': '192.168.1.5', 'username': 'sshuser', 'password': '***', 'status': 'reachable', 'last_checked': '2026-03-08T02:14:03.614305'}]
[2026-03-08T02:14:12.982+0000] {taskinstance.py:441} INFO - ::group::Post task execution logs
[2026-03-08T02:14:13.020+0000] {taskinstance.py:1206} INFO - Marking task as SUCCESS. dag_id=deployment_workflow, task_id=get_worker_nodes, run_id=manual__2026-03-08T02:14:07.812558, execution_date=20260308T021409, start_date=20260308T021412, end_date=20260308T021413
[2026-03-08T02:14:13.060+0000] {local_task_job_runner.py:240} INFO - Task exited with return code 0
[2026-03-08T02:14:13.116+0000] {taskinstance.py:3498} INFO - 1 downstream tasks scheduled from follow-on schedule check
[2026-03-08T02:14:13.122+0000] {local_task_job_runner.py:222} INFO - ::endgroup::
