[2026-03-20T13:47:00.969+0530] {taskinstance.py:1979} INFO - Dependencies all met for dep_context=non-requeueable deps ti=<TaskInstance: nfs_dynamic_roles_deployment.deploy_server manual__2026-03-20T08:16:50.038912+00:00 [queued]>
[2026-03-20T13:47:00.976+0530] {taskinstance.py:1979} INFO - Dependencies all met for dep_context=requeueable deps ti=<TaskInstance: nfs_dynamic_roles_deployment.deploy_server manual__2026-03-20T08:16:50.038912+00:00 [queued]>
[2026-03-20T13:47:00.976+0530] {taskinstance.py:2193} INFO - Starting attempt 1 of 2
[2026-03-20T13:47:01.014+0530] {taskinstance.py:2214} INFO - Executing <Task(DynamicSSHOperator): deploy_server> on 2026-03-20 08:16:50.038912+00:00
[2026-03-20T13:47:01.021+0530] {standard_task_runner.py:60} INFO - Started process 32139 to run task
[2026-03-20T13:47:01.030+0530] {standard_task_runner.py:87} INFO - Running: ['airflow', 'tasks', 'run', 'nfs_dynamic_roles_deployment', 'deploy_server', 'manual__2026-03-20T08:16:50.038912+00:00', '--job-id', '112', '--raw', '--subdir', 'DAGS_FOLDER/NFS.py', '--cfg-path', '/tmp/tmprls2uzmi']
[2026-03-20T13:47:01.031+0530] {standard_task_runner.py:88} INFO - Job 112: Subtask deploy_server
[2026-03-20T13:47:01.147+0530] {task_command.py:423} INFO - Running <TaskInstance: nfs_dynamic_roles_deployment.deploy_server manual__2026-03-20T08:16:50.038912+00:00 [running]> on host tejasvi-Vostro-15-3515
[2026-03-20T13:47:01.277+0530] {taskinstance.py:2510} INFO - Exporting env vars: AIRFLOW_CTX_DAG_OWNER='airflow' AIRFLOW_CTX_DAG_ID='nfs_dynamic_roles_deployment' AIRFLOW_CTX_TASK_ID='deploy_server' AIRFLOW_CTX_EXECUTION_DATE='2026-03-20T08:16:50.038912+00:00' AIRFLOW_CTX_TRY_NUMBER='1' AIRFLOW_CTX_DAG_RUN_ID='manual__2026-03-20T08:16:50.038912+00:00'
[2026-03-20T13:47:01.278+0530] {ssh.py:151} INFO - Creating ssh_client
[2026-03-20T13:47:01.278+0530] {ssh.py:124} INFO - ssh_hook is not provided or invalid. Trying ssh_conn_id to create SSHHook.
[2026-03-20T13:47:01.287+0530] {base.py:83} INFO - Using connection ID 'worker1' for task execution.
[2026-03-20T13:47:01.290+0530] {ssh.py:301} WARNING - No Host Key Verification. This won't protect against Man-In-The-Middle attacks
[2026-03-20T13:47:01.304+0530] {transport.py:1909} INFO - Connected (version 2.0, client OpenSSH_8.9p1)
[2026-03-20T13:47:01.524+0530] {transport.py:1909} INFO - Authentication (publickey) successful!
[2026-03-20T13:47:01.525+0530] {ssh.py:480} INFO - Running command: 
docker rm -f nfs_server || true
docker run -d \
--name nfs_server \
--privileged \
--network host \
-v /tmp/nfs-server-data:/data \
-e NFS_EXPORT_0='/data *(rw,sync,no_subtree_check,no_root_squash)' \
erichough/nfs-server
        
[2026-03-20T13:47:01.690+0530] {ssh.py:531} WARNING - Error response from daemon: No such container: nfs_server
[2026-03-20T13:47:01.901+0530] {ssh.py:526} INFO - 595f1eca7f640e28947d016e6b0991a86c457375c0591c9c1e105ca223b32701
[2026-03-20T13:47:02.270+0530] {taskinstance.py:1149} INFO - Marking task as SUCCESS. dag_id=nfs_dynamic_roles_deployment, task_id=deploy_server, execution_date=20260320T081650, start_date=20260320T081700, end_date=20260320T081702
[2026-03-20T13:47:02.365+0530] {local_task_job_runner.py:234} INFO - Task exited with return code 0
[2026-03-20T13:47:02.401+0530] {taskinstance.py:3309} INFO - 1 downstream tasks scheduled from follow-on schedule check
