[2026-03-05T19:28:41.559+0000] {local_task_job_runner.py:120} INFO - ::group::Pre task execution logs
[2026-03-05T19:28:41.779+0000] {taskinstance.py:2076} INFO - Dependencies all met for dep_context=non-requeueable deps ti=<TaskInstance: deployment_workflow.get_worker_nodes manual__2026-03-05T19:25:53.692149 [queued]>
[2026-03-05T19:28:41.987+0000] {taskinstance.py:2076} INFO - Dependencies all met for dep_context=requeueable deps ti=<TaskInstance: deployment_workflow.get_worker_nodes manual__2026-03-05T19:25:53.692149 [queued]>
[2026-03-05T19:28:42.037+0000] {taskinstance.py:2306} INFO - Starting attempt 1 of 2
[2026-03-05T19:28:42.501+0000] {taskinstance.py:2330} INFO - Executing <Task(PythonOperator): get_worker_nodes> on 2026-03-05 19:27:16.740419+00:00
[2026-03-05T19:28:42.760+0000] {standard_task_runner.py:90} INFO - Running: ['***', 'tasks', 'run', 'deployment_workflow', 'get_worker_nodes', 'manual__2026-03-05T19:25:53.692149', '--job-id', '34', '--raw', '--subdir', 'DAGS_FOLDER/deployment_workflow.py', '--cfg-path', '/tmp/tmpk310usb7']
[2026-03-05T19:28:42.812+0000] {standard_task_runner.py:91} INFO - Job 34: Subtask get_worker_nodes
[2026-03-05T19:28:42.815+0000] {warnings.py:110} WARNING - /home/***/.local/lib/python3.12/site-packages/***/task/task_runner/standard_task_runner.py:61: DeprecationWarning: This process (pid=3018) is multi-threaded, use of fork() may lead to deadlocks in the child.
  pid = os.fork()

[2026-03-05T19:28:42.862+0000] {standard_task_runner.py:63} INFO - Started process 3027 to run task
[2026-03-05T19:28:43.392+0000] {task_command.py:426} INFO - Running <TaskInstance: deployment_workflow.get_worker_nodes manual__2026-03-05T19:25:53.692149 [running]> on host 7ab5aef854fa
[2026-03-05T19:28:44.487+0000] {taskinstance.py:2648} INFO - Exporting env vars: AIRFLOW_CTX_DAG_OWNER='***' AIRFLOW_CTX_DAG_ID='deployment_workflow' AIRFLOW_CTX_TASK_ID='get_worker_nodes' AIRFLOW_CTX_EXECUTION_DATE='2026-03-05T19:27:16.740419+00:00' AIRFLOW_CTX_TRY_NUMBER='1' AIRFLOW_CTX_DAG_RUN_ID='manual__2026-03-05T19:25:53.692149'
[2026-03-05T19:28:44.505+0000] {taskinstance.py:430} INFO - ::endgroup::
[2026-03-05T19:28:44.608+0000] {logging_mixin.py:188} INFO - Error fetching worker nodes: HTTPConnectionPool(host='localhost', port=8000): Max retries exceeded with url: /nodes (Caused by NewConnectionError('<urllib3.connection.HTTPConnection object at 0x746d173d17c0>: Failed to establish a new connection: [Errno 111] Connection refused'))
[2026-03-05T19:28:44.627+0000] {python.py:237} INFO - Done. Returned value was: []
[2026-03-05T19:28:44.642+0000] {taskinstance.py:441} INFO - ::group::Post task execution logs
[2026-03-05T19:28:44.875+0000] {taskinstance.py:1206} INFO - Marking task as SUCCESS. dag_id=deployment_workflow, task_id=get_worker_nodes, run_id=manual__2026-03-05T19:25:53.692149, execution_date=20260305T192716, start_date=20260305T192841, end_date=20260305T192844
[2026-03-05T19:28:45.147+0000] {local_task_job_runner.py:240} INFO - Task exited with return code 0
[2026-03-05T19:28:45.387+0000] {taskinstance.py:3498} INFO - 1 downstream tasks scheduled from follow-on schedule check
[2026-03-05T19:28:45.496+0000] {local_task_job_runner.py:222} INFO - ::endgroup::
