[2026-03-20T12:20:24.902+0000] {local_task_job_runner.py:120} INFO - ::group::Pre task execution logs
[2026-03-20T12:20:24.973+0000] {taskinstance.py:2076} INFO - Dependencies all met for dep_context=non-requeueable deps ti=<TaskInstance: deployment_workflow.get_worker_nodes manual__2026-03-20T12:20:21.635548 [queued]>
[2026-03-20T12:20:24.998+0000] {taskinstance.py:2076} INFO - Dependencies all met for dep_context=requeueable deps ti=<TaskInstance: deployment_workflow.get_worker_nodes manual__2026-03-20T12:20:21.635548 [queued]>
[2026-03-20T12:20:25.001+0000] {taskinstance.py:2306} INFO - Starting attempt 1 of 1
[2026-03-20T12:20:25.049+0000] {taskinstance.py:2330} INFO - Executing <Task(PythonOperator): get_worker_nodes> on 2026-03-20 12:20:22.541005+00:00
[2026-03-20T12:20:25.070+0000] {warnings.py:110} WARNING - /home/***/.local/lib/python3.12/site-packages/***/task/task_runner/standard_task_runner.py:61: DeprecationWarning: This process (pid=530) is multi-threaded, use of fork() may lead to deadlocks in the child.
  pid = os.fork()

[2026-03-20T12:20:25.082+0000] {standard_task_runner.py:63} INFO - Started process 532 to run task
[2026-03-20T12:20:25.083+0000] {standard_task_runner.py:90} INFO - Running: ['***', 'tasks', 'run', 'deployment_workflow', 'get_worker_nodes', 'manual__2026-03-20T12:20:21.635548', '--job-id', '252', '--raw', '--subdir', 'DAGS_FOLDER/deployment_workflow.py', '--cfg-path', '/tmp/tmp7xut4qhu']
[2026-03-20T12:20:25.089+0000] {standard_task_runner.py:91} INFO - Job 252: Subtask get_worker_nodes
[2026-03-20T12:20:25.229+0000] {task_command.py:426} INFO - Running <TaskInstance: deployment_workflow.get_worker_nodes manual__2026-03-20T12:20:21.635548 [running]> on host 7ee527dcce31
[2026-03-20T12:20:25.885+0000] {taskinstance.py:2648} INFO - Exporting env vars: AIRFLOW_CTX_DAG_OWNER='***' AIRFLOW_CTX_DAG_ID='deployment_workflow' AIRFLOW_CTX_TASK_ID='get_worker_nodes' AIRFLOW_CTX_EXECUTION_DATE='2026-03-20T12:20:22.541005+00:00' AIRFLOW_CTX_TRY_NUMBER='1' AIRFLOW_CTX_DAG_RUN_ID='manual__2026-03-20T12:20:21.635548'
[2026-03-20T12:20:25.901+0000] {taskinstance.py:430} INFO - ::endgroup::
[2026-03-20T12:20:26.014+0000] {logging_mixin.py:188} INFO - Found 1 reachable nodes
[2026-03-20T12:20:26.018+0000] {logging_mixin.py:188} INFO -  - 192.168.1.2 (ubuntuworkervm)
[2026-03-20T12:20:26.019+0000] {python.py:237} INFO - Done. Returned value was: [{'ip': '192.168.1.2', 'username': 'ubuntuworkervm', 'password': '***', 'status': 'reachable', 'last_checked': '2026-03-20T12:19:55.118070'}]
[2026-03-20T12:20:26.020+0000] {taskinstance.py:441} INFO - ::group::Post task execution logs
[2026-03-20T12:20:26.111+0000] {taskinstance.py:1206} INFO - Marking task as SUCCESS. dag_id=deployment_workflow, task_id=get_worker_nodes, run_id=manual__2026-03-20T12:20:21.635548, execution_date=20260320T122022, start_date=20260320T122024, end_date=20260320T122026
[2026-03-20T12:20:26.221+0000] {local_task_job_runner.py:240} INFO - Task exited with return code 0
[2026-03-20T12:20:26.333+0000] {taskinstance.py:3498} INFO - 1 downstream tasks scheduled from follow-on schedule check
[2026-03-20T12:20:26.341+0000] {local_task_job_runner.py:222} INFO - ::endgroup::
